[2024-10-19T18:32:21.070+0000] {local_task_job_runner.py:123} INFO - ::group::Pre task execution logs
[2024-10-19T18:32:21.095+0000] {taskinstance.py:2612} INFO - Dependencies all met for dep_context=non-requeueable deps ti=<TaskInstance: tecnica_postgres.Crear_tabla manual__2024-10-19T18:32:01.950162+00:00 [queued]>
[2024-10-19T18:32:21.108+0000] {taskinstance.py:2612} INFO - Dependencies all met for dep_context=requeueable deps ti=<TaskInstance: tecnica_postgres.Crear_tabla manual__2024-10-19T18:32:01.950162+00:00 [queued]>
[2024-10-19T18:32:21.109+0000] {taskinstance.py:2865} INFO - Starting attempt 1 of 1
[2024-10-19T18:32:21.128+0000] {taskinstance.py:2888} INFO - Executing <Task(PostgresOperator): Crear_tabla> on 2024-10-19 18:32:01.950162+00:00
[2024-10-19T18:32:21.142+0000] {warnings.py:112} WARNING - /home/***/.local/lib/python3.12/site-packages/***/task/task_runner/standard_task_runner.py:70: DeprecationWarning: This process (pid=112) is multi-threaded, use of fork() may lead to deadlocks in the child.
  pid = os.fork()

[2024-10-19T18:32:21.144+0000] {standard_task_runner.py:72} INFO - Started process 114 to run task
[2024-10-19T18:32:21.144+0000] {standard_task_runner.py:104} INFO - Running: ['***', 'tasks', 'run', 'tecnica_postgres', 'Crear_tabla', 'manual__2024-10-19T18:32:01.950162+00:00', '--job-id', '199', '--raw', '--subdir', 'DAGS_FOLDER/tecnica_postgres.py', '--cfg-path', '/tmp/tmp3qbuyhqo']
[2024-10-19T18:32:21.146+0000] {standard_task_runner.py:105} INFO - Job 199: Subtask Crear_tabla
[2024-10-19T18:32:21.206+0000] {task_command.py:467} INFO - Running <TaskInstance: tecnica_postgres.Crear_tabla manual__2024-10-19T18:32:01.950162+00:00 [running]> on host a25823b34f70
[2024-10-19T18:32:21.318+0000] {taskinstance.py:3131} INFO - Exporting env vars: AIRFLOW_CTX_DAG_OWNER='***' AIRFLOW_CTX_DAG_ID='tecnica_postgres' AIRFLOW_CTX_TASK_ID='Crear_tabla' AIRFLOW_CTX_EXECUTION_DATE='2024-10-19T18:32:01.950162+00:00' AIRFLOW_CTX_TRY_NUMBER='1' AIRFLOW_CTX_DAG_RUN_ID='manual__2024-10-19T18:32:01.950162+00:00'
[2024-10-19T18:32:21.320+0000] {logging_mixin.py:190} INFO - Task instance is in running state
[2024-10-19T18:32:21.321+0000] {logging_mixin.py:190} INFO -  Previous state of the Task instance: queued
[2024-10-19T18:32:21.322+0000] {logging_mixin.py:190} INFO - Current task name:Crear_tabla state:running start_date:2024-10-19 18:32:21.096716+00:00
[2024-10-19T18:32:21.323+0000] {logging_mixin.py:190} INFO - Dag name:tecnica_postgres and current dag run status:running
[2024-10-19T18:32:21.324+0000] {taskinstance.py:731} INFO - ::endgroup::
[2024-10-19T18:32:21.324+0000] {sql.py:266} INFO - Executing: CREATE TABLE IF NOT EXISTS productos_mercadolibre (
            
            id varchar(500),
            site_id varchar(500),
            title varchar (500),
            price varchar(500),
            available_quantity varchar(200),
            thumbnail varchar(500),
            DATE varchar(100)
            
            )
[2024-10-19T18:32:21.341+0000] {base.py:84} INFO - Retrieving connection 'postgres_localhost'
[2024-10-19T18:32:21.351+0000] {base.py:84} INFO - Retrieving connection 'postgres_localhost'
[2024-10-19T18:32:21.404+0000] {sql.py:509} INFO - Running statement: CREATE TABLE IF NOT EXISTS productos_mercadolibre (
            
            id varchar(500),
            site_id varchar(500),
            title varchar (500),
            price varchar(500),
            available_quantity varchar(200),
            thumbnail varchar(500),
            DATE varchar(100)
            
            ), parameters: None
[2024-10-19T18:32:21.425+0000] {taskinstance.py:340} INFO - ::group::Post task execution logs
[2024-10-19T18:32:21.426+0000] {taskinstance.py:352} INFO - Marking task as SUCCESS. dag_id=tecnica_postgres, task_id=Crear_tabla, run_id=manual__2024-10-19T18:32:01.950162+00:00, execution_date=20241019T183201, start_date=20241019T183221, end_date=20241019T183221
[2024-10-19T18:32:21.437+0000] {logging_mixin.py:190} INFO - Task instance in success state
[2024-10-19T18:32:21.439+0000] {logging_mixin.py:190} INFO -  Previous state of the Task instance: running
[2024-10-19T18:32:21.440+0000] {logging_mixin.py:190} INFO - Dag name:tecnica_postgres queued_at:2024-10-19 18:32:02.409417+00:00
[2024-10-19T18:32:21.440+0000] {logging_mixin.py:190} INFO - Task hostname:a25823b34f70 operator:PostgresOperator
[2024-10-19T18:32:21.483+0000] {local_task_job_runner.py:266} INFO - Task exited with return code 0
[2024-10-19T18:32:21.497+0000] {warnings.py:112} WARNING - /home/***/.local/lib/python3.12/site-packages/***/models/baseoperator.py:1378: AirflowProviderDeprecationWarning: Call to deprecated class PostgresOperator. (Please use `***.providers.common.sql.operators.sql.SQLExecuteQueryOperator`.Also, you can provide `hook_params={'schema': <database>}`.)
  result = cls.__new__(cls)

[2024-10-19T18:32:21.516+0000] {taskinstance.py:3900} INFO - 1 downstream tasks scheduled from follow-on schedule check
[2024-10-19T18:32:21.520+0000] {local_task_job_runner.py:245} INFO - ::endgroup::
