[2024-10-19T13:46:57.499+0000] {local_task_job_runner.py:123} INFO - ::group::Pre task execution logs
[2024-10-19T13:46:57.568+0000] {taskinstance.py:2612} INFO - Dependencies all met for dep_context=non-requeueable deps ti=<TaskInstance: tecnica_postgres.Leer_Data manual__2024-10-19T13:41:27.089912+00:00 [queued]>
[2024-10-19T13:46:57.589+0000] {taskinstance.py:2612} INFO - Dependencies all met for dep_context=requeueable deps ti=<TaskInstance: tecnica_postgres.Leer_Data manual__2024-10-19T13:41:27.089912+00:00 [queued]>
[2024-10-19T13:46:57.591+0000] {taskinstance.py:2865} INFO - Starting attempt 1 of 1
[2024-10-19T13:46:57.617+0000] {taskinstance.py:2888} INFO - Executing <Task(PostgresFileOperator): Leer_Data> on 2024-10-19 13:41:27.089912+00:00
[2024-10-19T13:46:57.634+0000] {warnings.py:112} WARNING - /home/***/.local/lib/python3.12/site-packages/***/task/task_runner/standard_task_runner.py:70: DeprecationWarning: This process (pid=997) is multi-threaded, use of fork() may lead to deadlocks in the child.
  pid = os.fork()

[2024-10-19T13:46:57.637+0000] {standard_task_runner.py:72} INFO - Started process 999 to run task
[2024-10-19T13:46:57.639+0000] {standard_task_runner.py:104} INFO - Running: ['***', 'tasks', 'run', 'tecnica_postgres', 'Leer_Data', 'manual__2024-10-19T13:41:27.089912+00:00', '--job-id', '140', '--raw', '--subdir', 'DAGS_FOLDER/tecnica_postgres.py', '--cfg-path', '/tmp/tmp3ktggbu6']
[2024-10-19T13:46:57.642+0000] {standard_task_runner.py:105} INFO - Job 140: Subtask Leer_Data
[2024-10-19T13:46:57.769+0000] {task_command.py:467} INFO - Running <TaskInstance: tecnica_postgres.Leer_Data manual__2024-10-19T13:41:27.089912+00:00 [running]> on host 6aed6f1a07ad
[2024-10-19T13:46:57.995+0000] {taskinstance.py:3131} INFO - Exporting env vars: AIRFLOW_CTX_DAG_OWNER='***' AIRFLOW_CTX_DAG_ID='tecnica_postgres' AIRFLOW_CTX_TASK_ID='Leer_Data' AIRFLOW_CTX_EXECUTION_DATE='2024-10-19T13:41:27.089912+00:00' AIRFLOW_CTX_TRY_NUMBER='1' AIRFLOW_CTX_DAG_RUN_ID='manual__2024-10-19T13:41:27.089912+00:00'
[2024-10-19T13:46:58.000+0000] {logging_mixin.py:190} INFO - Task instance is in running state
[2024-10-19T13:46:58.002+0000] {logging_mixin.py:190} INFO -  Previous state of the Task instance: queued
[2024-10-19T13:46:58.003+0000] {logging_mixin.py:190} INFO - Current task name:Leer_Data state:running start_date:2024-10-19 13:46:57.569559+00:00
[2024-10-19T13:46:58.004+0000] {logging_mixin.py:190} INFO - Dag name:tecnica_postgres and current dag run status:running
[2024-10-19T13:46:58.005+0000] {taskinstance.py:731} INFO - ::endgroup::
[2024-10-19T13:46:58.031+0000] {base.py:84} INFO - Retrieving connection 'postgres_localhost'
[2024-10-19T13:46:58.313+0000] {logging_mixin.py:190} INFO - [('MLA929616779', 'MLA', 'MicroondasGrillBghQuickChefB228db9Blanco28l220v', '334999', '50', 'http://http2.mlstatic.com/D_815777-MLU72650817795_112023-I.jpg', '2024-10-19 13:20:17.785636'), ('MLA1450975507', 'MLA', 'MicroondasDigitalConGrillAtma28l900wTdgb28cnpiNegro', '315990', '50', 'http://http2.mlstatic.com/D_883827-MLU77494890379_072024-I.jpg', '2024-10-19 13:20:17.785636'), ('MLA1116129043', 'MLA', 'MicroondasDigitalDaewoo20Litros700wD120d200w', '212126.03', '50', 'http://http2.mlstatic.com/D_600222-MLU79065109317_092024-I.jpg', '2024-10-19 13:20:17.785636'), ('MLA1371468617', 'MLA', 'HornoMicroondasDigitalGrillRenacer23lts800wCr823mg', '271699', '50', 'http://http2.mlstatic.com/D_772171-MLA47425763143_092021-I.jpg', '2024-10-19 13:20:17.785636'), ('MLA1876627538', 'MLA', 'MicroondasRotativoMatrb20an20lts700wNegroAtma', '214999', '50', 'http://http2.mlstatic.com/D_859748-MLU73266638951_122023-I.jpg', '2024-10-19 13:20:17.785636'), ('MLA922685043', 'MLA', 'MicroondasBgh28Litros220vDigitalEcoB228ds20', '348999', '150', 'http://http2.mlstatic.com/D_685390-MLU72491323848_102023-I.jpg', '2024-10-19 13:20:17.785636'), ('MLA854741215', 'MLA', 'MicroondasBghQuickChefB120db9Blanco20l220v', '246999.05', '50', 'http://http2.mlstatic.com/D_739532-MLU72581100810_112023-I.jpg', '2024-10-19 13:20:17.785636'), ('MLA1931245042', 'MLA', 'MicroondasMecánicoRenacer20LitrosColorBlanco700w5Niveles', '222998', '150', 'http://http2.mlstatic.com/D_704816-MLA79581695670_102024-I.jpg', '2024-10-19 13:20:17.785636'), ('MLA1929759836', 'MLA', 'MicroondasKanjihomeKjh-mw2xlx00123LtsDigital', '227998', '200', 'http://http2.mlstatic.com/D_600632-MLA79519374329_092024-I.jpg', '2024-10-19 13:20:17.785636'), ('MLA910524436', 'MLA', 'MicroondasDigitalBghQuickChefB330dss9Trifunción30L', '502319.08', '50', 'http://http2.mlstatic.com/D_949071-MLU72338775643_102023-I.jpg', '2024-10-19 13:20:17.785636'), ('MLA1386452985', 'MLA', 'MicroondasRotativoMpr8620nPhilcoBlanco20Litros700w', '199999', '250', 'http://http2.mlstatic.com/D_731608-MLU74992703486_032024-I.jpg', '2024-10-19 13:20:17.785636'), ('MLA1928169418', 'MLA', 'HornoMicroondasManualCr20LitrosCr720700w5Niveles', '185998', '150', 'http://http2.mlstatic.com/D_646631-MLA52041395911_102022-I.jpg', '2024-10-19 13:20:17.785636')]
[2024-10-19T13:46:58.339+0000] {taskinstance.py:340} INFO - ::group::Post task execution logs
[2024-10-19T13:46:58.340+0000] {taskinstance.py:352} INFO - Marking task as SUCCESS. dag_id=tecnica_postgres, task_id=Leer_Data, run_id=manual__2024-10-19T13:41:27.089912+00:00, execution_date=20241019T134127, start_date=20241019T134657, end_date=20241019T134658
[2024-10-19T13:46:58.360+0000] {logging_mixin.py:190} INFO - Task instance in success state
[2024-10-19T13:46:58.361+0000] {logging_mixin.py:190} INFO -  Previous state of the Task instance: running
[2024-10-19T13:46:58.363+0000] {logging_mixin.py:190} INFO - Dag name:tecnica_postgres queued_at:2024-10-19 13:46:46.359650+00:00
[2024-10-19T13:46:58.364+0000] {logging_mixin.py:190} INFO - Task hostname:6aed6f1a07ad operator:PostgresFileOperator
[2024-10-19T13:46:58.421+0000] {local_task_job_runner.py:266} INFO - Task exited with return code 0
[2024-10-19T13:46:58.455+0000] {taskinstance.py:3900} INFO - 0 downstream tasks scheduled from follow-on schedule check
[2024-10-19T13:46:58.459+0000] {local_task_job_runner.py:245} INFO - ::endgroup::
