[2024-10-19T05:18:30.179+0000] {local_task_job_runner.py:123} INFO - ::group::Pre task execution logs
[2024-10-19T05:18:30.420+0000] {taskinstance.py:2612} INFO - Dependencies all met for dep_context=non-requeueable deps ti=<TaskInstance: tecnica_postgres.Crear_tabla manual__2024-10-19T05:16:15.756119+00:00 [queued]>
[2024-10-19T05:18:30.503+0000] {taskinstance.py:2612} INFO - Dependencies all met for dep_context=requeueable deps ti=<TaskInstance: tecnica_postgres.Crear_tabla manual__2024-10-19T05:16:15.756119+00:00 [queued]>
[2024-10-19T05:18:30.510+0000] {taskinstance.py:2865} INFO - Starting attempt 1 of 1
[2024-10-19T05:18:30.691+0000] {taskinstance.py:2888} INFO - Executing <Task(PostgresOperator): Crear_tabla> on 2024-10-19 05:16:15.756119+00:00
[2024-10-19T05:18:31.042+0000] {warnings.py:112} WARNING - /home/***/.local/lib/python3.12/site-packages/***/task/task_runner/standard_task_runner.py:70: DeprecationWarning: This process (pid=265) is multi-threaded, use of fork() may lead to deadlocks in the child.
  pid = os.fork()

[2024-10-19T05:18:31.057+0000] {standard_task_runner.py:72} INFO - Started process 274 to run task
[2024-10-19T05:18:31.116+0000] {standard_task_runner.py:104} INFO - Running: ['***', 'tasks', 'run', 'tecnica_postgres', 'Crear_tabla', 'manual__2024-10-19T05:16:15.756119+00:00', '--job-id', '95', '--raw', '--subdir', 'DAGS_FOLDER/tecnica_postgres.py', '--cfg-path', '/tmp/tmpk7vxb6wo']
[2024-10-19T05:18:31.133+0000] {standard_task_runner.py:105} INFO - Job 95: Subtask Crear_tabla
[2024-10-19T05:18:31.316+0000] {task_command.py:467} INFO - Running <TaskInstance: tecnica_postgres.Crear_tabla manual__2024-10-19T05:16:15.756119+00:00 [running]> on host 032fab0261e0
[2024-10-19T05:18:31.675+0000] {taskinstance.py:3131} INFO - Exporting env vars: AIRFLOW_CTX_DAG_OWNER='***' AIRFLOW_CTX_DAG_ID='tecnica_postgres' AIRFLOW_CTX_TASK_ID='Crear_tabla' AIRFLOW_CTX_EXECUTION_DATE='2024-10-19T05:16:15.756119+00:00' AIRFLOW_CTX_TRY_NUMBER='1' AIRFLOW_CTX_DAG_RUN_ID='manual__2024-10-19T05:16:15.756119+00:00'
[2024-10-19T05:18:31.682+0000] {logging_mixin.py:190} INFO - Task instance is in running state
[2024-10-19T05:18:31.683+0000] {logging_mixin.py:190} INFO -  Previous state of the Task instance: queued
[2024-10-19T05:18:31.684+0000] {logging_mixin.py:190} INFO - Current task name:Crear_tabla state:running start_date:2024-10-19 05:18:30.422105+00:00
[2024-10-19T05:18:31.685+0000] {logging_mixin.py:190} INFO - Dag name:tecnica_postgres and current dag run status:running
[2024-10-19T05:18:31.687+0000] {taskinstance.py:731} INFO - ::endgroup::
[2024-10-19T05:18:31.692+0000] {sql.py:266} INFO - Executing: CREATE TABLE IF NOT EXISTS productos_mercadolibre (
            
            id varchar(100),
            site_id varchar(100),
            title varchar (100),
            price varchar(50),
            sold_quantity varchar(20),
            thumbnail varchar(100)
            
            )
[2024-10-19T05:18:31.755+0000] {base.py:84} INFO - Retrieving connection 'postgres_localhost'
[2024-10-19T05:18:31.958+0000] {base.py:84} INFO - Retrieving connection 'postgres_localhost'
[2024-10-19T05:18:32.398+0000] {sql.py:509} INFO - Running statement: CREATE TABLE IF NOT EXISTS productos_mercadolibre (
            
            id varchar(100),
            site_id varchar(100),
            title varchar (100),
            price varchar(50),
            sold_quantity varchar(20),
            thumbnail varchar(100)
            
            ), parameters: None
[2024-10-19T05:18:32.613+0000] {taskinstance.py:340} INFO - ::group::Post task execution logs
[2024-10-19T05:18:32.615+0000] {taskinstance.py:352} INFO - Marking task as SUCCESS. dag_id=tecnica_postgres, task_id=Crear_tabla, run_id=manual__2024-10-19T05:16:15.756119+00:00, execution_date=20241019T051615, start_date=20241019T051830, end_date=20241019T051832
[2024-10-19T05:18:32.657+0000] {logging_mixin.py:190} INFO - Task instance in success state
[2024-10-19T05:18:32.658+0000] {logging_mixin.py:190} INFO -  Previous state of the Task instance: running
[2024-10-19T05:18:32.659+0000] {logging_mixin.py:190} INFO - Dag name:tecnica_postgres queued_at:2024-10-19 05:16:15.987664+00:00
[2024-10-19T05:18:32.660+0000] {logging_mixin.py:190} INFO - Task hostname:032fab0261e0 operator:PostgresOperator
[2024-10-19T05:18:32.769+0000] {local_task_job_runner.py:266} INFO - Task exited with return code 0
[2024-10-19T05:18:32.894+0000] {warnings.py:112} WARNING - /home/***/.local/lib/python3.12/site-packages/***/models/baseoperator.py:1378: AirflowProviderDeprecationWarning: Call to deprecated class PostgresOperator. (Please use `***.providers.common.sql.operators.sql.SQLExecuteQueryOperator`.Also, you can provide `hook_params={'schema': <database>}`.)
  result = cls.__new__(cls)

[2024-10-19T05:18:34.486+0000] {taskinstance.py:3900} INFO - 1 downstream tasks scheduled from follow-on schedule check
[2024-10-19T05:18:34.495+0000] {local_task_job_runner.py:245} INFO - ::endgroup::
