[2024-10-19T14:38:43.561+0000] {local_task_job_runner.py:123} INFO - ::group::Pre task execution logs
[2024-10-19T14:38:43.745+0000] {taskinstance.py:2612} INFO - Dependencies all met for dep_context=non-requeueable deps ti=<TaskInstance: tecnica_postgres.Crear_tabla manual__2024-10-19T14:37:05.589850+00:00 [queued]>
[2024-10-19T14:38:43.824+0000] {taskinstance.py:2612} INFO - Dependencies all met for dep_context=requeueable deps ti=<TaskInstance: tecnica_postgres.Crear_tabla manual__2024-10-19T14:37:05.589850+00:00 [queued]>
[2024-10-19T14:38:43.851+0000] {taskinstance.py:2865} INFO - Starting attempt 1 of 1
[2024-10-19T14:38:44.016+0000] {taskinstance.py:2888} INFO - Executing <Task(PostgresOperator): Crear_tabla> on 2024-10-19 14:37:05.589850+00:00
[2024-10-19T14:38:44.376+0000] {warnings.py:112} WARNING - /home/***/.local/lib/python3.12/site-packages/***/task/task_runner/standard_task_runner.py:70: DeprecationWarning: This process (pid=230) is multi-threaded, use of fork() may lead to deadlocks in the child.
  pid = os.fork()

[2024-10-19T14:38:44.432+0000] {standard_task_runner.py:72} INFO - Started process 239 to run task
[2024-10-19T14:38:44.454+0000] {standard_task_runner.py:104} INFO - Running: ['***', 'tasks', 'run', 'tecnica_postgres', 'Crear_tabla', 'manual__2024-10-19T14:37:05.589850+00:00', '--job-id', '151', '--raw', '--subdir', 'DAGS_FOLDER/tecnica_postgres.py', '--cfg-path', '/tmp/tmp2yzuzgbk']
[2024-10-19T14:38:44.472+0000] {standard_task_runner.py:105} INFO - Job 151: Subtask Crear_tabla
[2024-10-19T14:38:45.428+0000] {task_command.py:467} INFO - Running <TaskInstance: tecnica_postgres.Crear_tabla manual__2024-10-19T14:37:05.589850+00:00 [running]> on host 953088fb6bc9
[2024-10-19T14:38:45.816+0000] {taskinstance.py:3131} INFO - Exporting env vars: AIRFLOW_CTX_DAG_OWNER='***' AIRFLOW_CTX_DAG_ID='tecnica_postgres' AIRFLOW_CTX_TASK_ID='Crear_tabla' AIRFLOW_CTX_EXECUTION_DATE='2024-10-19T14:37:05.589850+00:00' AIRFLOW_CTX_TRY_NUMBER='1' AIRFLOW_CTX_DAG_RUN_ID='manual__2024-10-19T14:37:05.589850+00:00'
[2024-10-19T14:38:45.827+0000] {logging_mixin.py:190} INFO - Task instance is in running state
[2024-10-19T14:38:45.828+0000] {logging_mixin.py:190} INFO -  Previous state of the Task instance: queued
[2024-10-19T14:38:45.830+0000] {logging_mixin.py:190} INFO - Current task name:Crear_tabla state:running start_date:2024-10-19 14:38:43.747287+00:00
[2024-10-19T14:38:45.831+0000] {logging_mixin.py:190} INFO - Dag name:tecnica_postgres and current dag run status:running
[2024-10-19T14:38:45.832+0000] {taskinstance.py:731} INFO - ::endgroup::
[2024-10-19T14:38:45.834+0000] {sql.py:266} INFO - Executing: CREATE TABLE IF NOT EXISTS productos_mercadolibre (
            
            id varchar(500),
            site_id varchar(500),
            title varchar (500),
            price varchar(500),
            available_quantity varchar(200),
            thumbnail varchar(500),
            DATE varchar(100)
            
            )
[2024-10-19T14:38:45.864+0000] {base.py:84} INFO - Retrieving connection 'postgres_localhost'
[2024-10-19T14:38:45.894+0000] {base.py:84} INFO - Retrieving connection 'postgres_localhost'
[2024-10-19T14:38:46.212+0000] {sql.py:509} INFO - Running statement: CREATE TABLE IF NOT EXISTS productos_mercadolibre (
            
            id varchar(500),
            site_id varchar(500),
            title varchar (500),
            price varchar(500),
            available_quantity varchar(200),
            thumbnail varchar(500),
            DATE varchar(100)
            
            ), parameters: None
[2024-10-19T14:38:46.298+0000] {taskinstance.py:340} INFO - ::group::Post task execution logs
[2024-10-19T14:38:46.300+0000] {taskinstance.py:352} INFO - Marking task as SUCCESS. dag_id=tecnica_postgres, task_id=Crear_tabla, run_id=manual__2024-10-19T14:37:05.589850+00:00, execution_date=20241019T143705, start_date=20241019T143843, end_date=20241019T143846
[2024-10-19T14:38:46.340+0000] {logging_mixin.py:190} INFO - Task instance in success state
[2024-10-19T14:38:46.341+0000] {logging_mixin.py:190} INFO -  Previous state of the Task instance: running
[2024-10-19T14:38:46.345+0000] {logging_mixin.py:190} INFO - Dag name:tecnica_postgres queued_at:2024-10-19 14:37:05.940990+00:00
[2024-10-19T14:38:46.347+0000] {logging_mixin.py:190} INFO - Task hostname:953088fb6bc9 operator:PostgresOperator
[2024-10-19T14:38:46.425+0000] {local_task_job_runner.py:266} INFO - Task exited with return code 0
[2024-10-19T14:38:46.495+0000] {warnings.py:112} WARNING - /home/***/.local/lib/python3.12/site-packages/***/models/baseoperator.py:1378: AirflowProviderDeprecationWarning: Call to deprecated class PostgresOperator. (Please use `***.providers.common.sql.operators.sql.SQLExecuteQueryOperator`.Also, you can provide `hook_params={'schema': <database>}`.)
  result = cls.__new__(cls)

[2024-10-19T14:38:46.565+0000] {taskinstance.py:3900} INFO - 0 downstream tasks scheduled from follow-on schedule check
[2024-10-19T14:38:46.579+0000] {local_task_job_runner.py:245} INFO - ::endgroup::
