[2024-10-19T13:01:13.325+0000] {local_task_job_runner.py:123} INFO - ::group::Pre task execution logs
[2024-10-19T13:01:13.347+0000] {taskinstance.py:2612} INFO - Dependencies all met for dep_context=non-requeueable deps ti=<TaskInstance: tecnica_postgres.Crear_tabla manual__2024-10-19T13:01:09.858954+00:00 [queued]>
[2024-10-19T13:01:13.355+0000] {taskinstance.py:2612} INFO - Dependencies all met for dep_context=requeueable deps ti=<TaskInstance: tecnica_postgres.Crear_tabla manual__2024-10-19T13:01:09.858954+00:00 [queued]>
[2024-10-19T13:01:13.357+0000] {taskinstance.py:2865} INFO - Starting attempt 1 of 1
[2024-10-19T13:01:13.370+0000] {taskinstance.py:2888} INFO - Executing <Task(PostgresOperator): Crear_tabla> on 2024-10-19 13:01:09.858954+00:00
[2024-10-19T13:01:13.389+0000] {warnings.py:112} WARNING - /home/***/.local/lib/python3.12/site-packages/***/task/task_runner/standard_task_runner.py:70: DeprecationWarning: This process (pid=394) is multi-threaded, use of fork() may lead to deadlocks in the child.
  pid = os.fork()

[2024-10-19T13:01:13.389+0000] {standard_task_runner.py:104} INFO - Running: ['***', 'tasks', 'run', 'tecnica_postgres', 'Crear_tabla', 'manual__2024-10-19T13:01:09.858954+00:00', '--job-id', '123', '--raw', '--subdir', 'DAGS_FOLDER/tecnica_postgres.py', '--cfg-path', '/tmp/tmpjfl8tafw']
[2024-10-19T13:01:13.392+0000] {standard_task_runner.py:72} INFO - Started process 396 to run task
[2024-10-19T13:01:13.392+0000] {standard_task_runner.py:105} INFO - Job 123: Subtask Crear_tabla
[2024-10-19T13:01:13.444+0000] {task_command.py:467} INFO - Running <TaskInstance: tecnica_postgres.Crear_tabla manual__2024-10-19T13:01:09.858954+00:00 [running]> on host 6aed6f1a07ad
[2024-10-19T13:01:13.529+0000] {taskinstance.py:3131} INFO - Exporting env vars: AIRFLOW_CTX_DAG_OWNER='***' AIRFLOW_CTX_DAG_ID='tecnica_postgres' AIRFLOW_CTX_TASK_ID='Crear_tabla' AIRFLOW_CTX_EXECUTION_DATE='2024-10-19T13:01:09.858954+00:00' AIRFLOW_CTX_TRY_NUMBER='1' AIRFLOW_CTX_DAG_RUN_ID='manual__2024-10-19T13:01:09.858954+00:00'
[2024-10-19T13:01:13.531+0000] {logging_mixin.py:190} INFO - Task instance is in running state
[2024-10-19T13:01:13.532+0000] {logging_mixin.py:190} INFO -  Previous state of the Task instance: queued
[2024-10-19T13:01:13.533+0000] {logging_mixin.py:190} INFO - Current task name:Crear_tabla state:running start_date:2024-10-19 13:01:13.348089+00:00
[2024-10-19T13:01:13.533+0000] {logging_mixin.py:190} INFO - Dag name:tecnica_postgres and current dag run status:running
[2024-10-19T13:01:13.534+0000] {taskinstance.py:731} INFO - ::endgroup::
[2024-10-19T13:01:13.535+0000] {sql.py:266} INFO - Executing: CREATE TABLE IF NOT EXISTS productos_mercadolibre (
            
            id varchar(500),
            site_id varchar(500),
            title varchar (500),
            price varchar(500),
            sold_quantity varchar(200),
            thumbnail varchar(500),
            DATE varchar(100)
            
            )
[2024-10-19T13:01:13.545+0000] {base.py:84} INFO - Retrieving connection 'postgres_localhost'
[2024-10-19T13:01:13.553+0000] {base.py:84} INFO - Retrieving connection 'postgres_localhost'
[2024-10-19T13:01:13.661+0000] {sql.py:509} INFO - Running statement: CREATE TABLE IF NOT EXISTS productos_mercadolibre (
            
            id varchar(500),
            site_id varchar(500),
            title varchar (500),
            price varchar(500),
            sold_quantity varchar(200),
            thumbnail varchar(500),
            DATE varchar(100)
            
            ), parameters: None
[2024-10-19T13:01:13.676+0000] {taskinstance.py:340} INFO - ::group::Post task execution logs
[2024-10-19T13:01:13.677+0000] {taskinstance.py:352} INFO - Marking task as SUCCESS. dag_id=tecnica_postgres, task_id=Crear_tabla, run_id=manual__2024-10-19T13:01:09.858954+00:00, execution_date=20241019T130109, start_date=20241019T130113, end_date=20241019T130113
[2024-10-19T13:01:13.687+0000] {logging_mixin.py:190} INFO - Task instance in success state
[2024-10-19T13:01:13.688+0000] {logging_mixin.py:190} INFO -  Previous state of the Task instance: running
[2024-10-19T13:01:13.689+0000] {logging_mixin.py:190} INFO - Dag name:tecnica_postgres queued_at:2024-10-19 13:01:10.046596+00:00
[2024-10-19T13:01:13.690+0000] {logging_mixin.py:190} INFO - Task hostname:6aed6f1a07ad operator:PostgresOperator
[2024-10-19T13:01:13.727+0000] {local_task_job_runner.py:266} INFO - Task exited with return code 0
[2024-10-19T13:01:13.740+0000] {warnings.py:112} WARNING - /home/***/.local/lib/python3.12/site-packages/***/models/baseoperator.py:1378: AirflowProviderDeprecationWarning: Call to deprecated class PostgresOperator. (Please use `***.providers.common.sql.operators.sql.SQLExecuteQueryOperator`.Also, you can provide `hook_params={'schema': <database>}`.)
  result = cls.__new__(cls)

[2024-10-19T13:01:13.757+0000] {taskinstance.py:3900} INFO - 1 downstream tasks scheduled from follow-on schedule check
[2024-10-19T13:01:13.761+0000] {local_task_job_runner.py:245} INFO - ::endgroup::
