[2024-10-19T05:06:53.953+0000] {local_task_job_runner.py:123} INFO - ::group::Pre task execution logs
[2024-10-19T05:06:54.489+0000] {taskinstance.py:2612} INFO - Dependencies all met for dep_context=non-requeueable deps ti=<TaskInstance: tecnica_postgres.Crear_tabla manual__2024-10-19T05:03:50.274355+00:00 [queued]>
[2024-10-19T05:06:54.582+0000] {taskinstance.py:2612} INFO - Dependencies all met for dep_context=requeueable deps ti=<TaskInstance: tecnica_postgres.Crear_tabla manual__2024-10-19T05:03:50.274355+00:00 [queued]>
[2024-10-19T05:06:54.584+0000] {taskinstance.py:2865} INFO - Starting attempt 1 of 1
[2024-10-19T05:06:54.679+0000] {taskinstance.py:2888} INFO - Executing <Task(PostgresOperator): Crear_tabla> on 2024-10-19 05:03:50.274355+00:00
[2024-10-19T05:06:54.788+0000] {warnings.py:112} WARNING - /home/***/.local/lib/python3.12/site-packages/***/task/task_runner/standard_task_runner.py:70: DeprecationWarning: This process (pid=144) is multi-threaded, use of fork() may lead to deadlocks in the child.
  pid = os.fork()

[2024-10-19T05:06:54.809+0000] {standard_task_runner.py:72} INFO - Started process 157 to run task
[2024-10-19T05:06:54.810+0000] {standard_task_runner.py:104} INFO - Running: ['***', 'tasks', 'run', 'tecnica_postgres', 'Crear_tabla', 'manual__2024-10-19T05:03:50.274355+00:00', '--job-id', '93', '--raw', '--subdir', 'DAGS_FOLDER/tecnica_postgres.py', '--cfg-path', '/tmp/tmpvxgizl0k']
[2024-10-19T05:06:54.817+0000] {standard_task_runner.py:105} INFO - Job 93: Subtask Crear_tabla
[2024-10-19T05:06:55.318+0000] {task_command.py:467} INFO - Running <TaskInstance: tecnica_postgres.Crear_tabla manual__2024-10-19T05:03:50.274355+00:00 [running]> on host 032fab0261e0
[2024-10-19T05:06:56.198+0000] {taskinstance.py:3131} INFO - Exporting env vars: AIRFLOW_CTX_DAG_OWNER='***' AIRFLOW_CTX_DAG_ID='tecnica_postgres' AIRFLOW_CTX_TASK_ID='Crear_tabla' AIRFLOW_CTX_EXECUTION_DATE='2024-10-19T05:03:50.274355+00:00' AIRFLOW_CTX_TRY_NUMBER='1' AIRFLOW_CTX_DAG_RUN_ID='manual__2024-10-19T05:03:50.274355+00:00'
[2024-10-19T05:06:56.265+0000] {logging_mixin.py:190} INFO - Task instance is in running state
[2024-10-19T05:06:56.270+0000] {logging_mixin.py:190} INFO -  Previous state of the Task instance: queued
[2024-10-19T05:06:56.272+0000] {logging_mixin.py:190} INFO - Current task name:Crear_tabla state:running start_date:2024-10-19 05:06:54.490975+00:00
[2024-10-19T05:06:56.274+0000] {logging_mixin.py:190} INFO - Dag name:tecnica_postgres and current dag run status:running
[2024-10-19T05:06:56.275+0000] {taskinstance.py:731} INFO - ::endgroup::
[2024-10-19T05:06:56.281+0000] {sql.py:266} INFO - Executing: CREATE TABLE IF NOT EXISTS productos_mercadolibre (
            
            id varchar(100),
            site_id varchar(100),
            title varchar (100),
            price varchar(50),
            sold_quantity varchar(20),
            thumbnail varchar(100)
            
            )
[2024-10-19T05:06:56.778+0000] {base.py:84} INFO - Retrieving connection 'postgres_localhost'
[2024-10-19T05:06:57.728+0000] {base.py:84} INFO - Retrieving connection 'postgres_localhost'
[2024-10-19T05:06:58.133+0000] {sql.py:509} INFO - Running statement: CREATE TABLE IF NOT EXISTS productos_mercadolibre (
            
            id varchar(100),
            site_id varchar(100),
            title varchar (100),
            price varchar(50),
            sold_quantity varchar(20),
            thumbnail varchar(100)
            
            ), parameters: None
[2024-10-19T05:06:58.331+0000] {taskinstance.py:340} INFO - ::group::Post task execution logs
[2024-10-19T05:06:58.334+0000] {taskinstance.py:352} INFO - Marking task as SUCCESS. dag_id=tecnica_postgres, task_id=Crear_tabla, run_id=manual__2024-10-19T05:03:50.274355+00:00, execution_date=20241019T050350, start_date=20241019T050654, end_date=20241019T050658
[2024-10-19T05:06:58.368+0000] {logging_mixin.py:190} INFO - Task instance in success state
[2024-10-19T05:06:58.370+0000] {logging_mixin.py:190} INFO -  Previous state of the Task instance: running
[2024-10-19T05:06:58.371+0000] {logging_mixin.py:190} INFO - Dag name:tecnica_postgres queued_at:2024-10-19 05:03:50.825411+00:00
[2024-10-19T05:06:58.372+0000] {logging_mixin.py:190} INFO - Task hostname:032fab0261e0 operator:PostgresOperator
[2024-10-19T05:06:58.440+0000] {local_task_job_runner.py:266} INFO - Task exited with return code 0
[2024-10-19T05:06:58.534+0000] {taskinstance.py:3900} INFO - 0 downstream tasks scheduled from follow-on schedule check
[2024-10-19T05:06:58.545+0000] {local_task_job_runner.py:245} INFO - ::endgroup::
