[2024-10-19T13:15:05.454+0000] {local_task_job_runner.py:123} INFO - ::group::Pre task execution logs
[2024-10-19T13:15:05.541+0000] {taskinstance.py:2612} INFO - Dependencies all met for dep_context=non-requeueable deps ti=<TaskInstance: tecnica_postgres.Crear_tabla manual__2024-10-19T13:14:56.438126+00:00 [queued]>
[2024-10-19T13:15:05.582+0000] {taskinstance.py:2612} INFO - Dependencies all met for dep_context=requeueable deps ti=<TaskInstance: tecnica_postgres.Crear_tabla manual__2024-10-19T13:14:56.438126+00:00 [queued]>
[2024-10-19T13:15:05.584+0000] {taskinstance.py:2865} INFO - Starting attempt 1 of 1
[2024-10-19T13:15:05.633+0000] {taskinstance.py:2888} INFO - Executing <Task(PostgresOperator): Crear_tabla> on 2024-10-19 13:14:56.438126+00:00
[2024-10-19T13:15:05.676+0000] {warnings.py:112} WARNING - /home/***/.local/lib/python3.12/site-packages/***/task/task_runner/standard_task_runner.py:70: DeprecationWarning: This process (pid=588) is multi-threaded, use of fork() may lead to deadlocks in the child.
  pid = os.fork()

[2024-10-19T13:15:05.688+0000] {standard_task_runner.py:72} INFO - Started process 590 to run task
[2024-10-19T13:15:05.688+0000] {standard_task_runner.py:104} INFO - Running: ['***', 'tasks', 'run', 'tecnica_postgres', 'Crear_tabla', 'manual__2024-10-19T13:14:56.438126+00:00', '--job-id', '132', '--raw', '--subdir', 'DAGS_FOLDER/tecnica_postgres.py', '--cfg-path', '/tmp/tmp6i8prr56']
[2024-10-19T13:15:05.692+0000] {standard_task_runner.py:105} INFO - Job 132: Subtask Crear_tabla
[2024-10-19T13:15:05.906+0000] {task_command.py:467} INFO - Running <TaskInstance: tecnica_postgres.Crear_tabla manual__2024-10-19T13:14:56.438126+00:00 [running]> on host 6aed6f1a07ad
[2024-10-19T13:15:06.069+0000] {taskinstance.py:3131} INFO - Exporting env vars: AIRFLOW_CTX_DAG_OWNER='***' AIRFLOW_CTX_DAG_ID='tecnica_postgres' AIRFLOW_CTX_TASK_ID='Crear_tabla' AIRFLOW_CTX_EXECUTION_DATE='2024-10-19T13:14:56.438126+00:00' AIRFLOW_CTX_TRY_NUMBER='1' AIRFLOW_CTX_DAG_RUN_ID='manual__2024-10-19T13:14:56.438126+00:00'
[2024-10-19T13:15:06.072+0000] {logging_mixin.py:190} INFO - Task instance is in running state
[2024-10-19T13:15:06.073+0000] {logging_mixin.py:190} INFO -  Previous state of the Task instance: queued
[2024-10-19T13:15:06.074+0000] {logging_mixin.py:190} INFO - Current task name:Crear_tabla state:running start_date:2024-10-19 13:15:05.543579+00:00
[2024-10-19T13:15:06.075+0000] {logging_mixin.py:190} INFO - Dag name:tecnica_postgres and current dag run status:running
[2024-10-19T13:15:06.076+0000] {taskinstance.py:731} INFO - ::endgroup::
[2024-10-19T13:15:06.077+0000] {sql.py:266} INFO - Executing: CREATE TABLE IF NOT EXISTS productos_mercadolibre (
            
            id varchar(500),
            site_id varchar(500),
            title varchar (500),
            price varchar(500),
            sold_quantity varchar(200),
            thumbnail varchar(500),
            DATE varchar(100)
            
            )
[2024-10-19T13:15:06.096+0000] {base.py:84} INFO - Retrieving connection 'postgres_localhost'
[2024-10-19T13:15:06.110+0000] {base.py:84} INFO - Retrieving connection 'postgres_localhost'
[2024-10-19T13:15:06.141+0000] {sql.py:509} INFO - Running statement: CREATE TABLE IF NOT EXISTS productos_mercadolibre (
            
            id varchar(500),
            site_id varchar(500),
            title varchar (500),
            price varchar(500),
            sold_quantity varchar(200),
            thumbnail varchar(500),
            DATE varchar(100)
            
            ), parameters: None
[2024-10-19T13:15:06.170+0000] {taskinstance.py:340} INFO - ::group::Post task execution logs
[2024-10-19T13:15:06.171+0000] {taskinstance.py:352} INFO - Marking task as SUCCESS. dag_id=tecnica_postgres, task_id=Crear_tabla, run_id=manual__2024-10-19T13:14:56.438126+00:00, execution_date=20241019T131456, start_date=20241019T131505, end_date=20241019T131506
[2024-10-19T13:15:06.189+0000] {logging_mixin.py:190} INFO - Task instance in success state
[2024-10-19T13:15:06.190+0000] {logging_mixin.py:190} INFO -  Previous state of the Task instance: running
[2024-10-19T13:15:06.191+0000] {logging_mixin.py:190} INFO - Dag name:tecnica_postgres queued_at:2024-10-19 13:14:56.536505+00:00
[2024-10-19T13:15:06.192+0000] {logging_mixin.py:190} INFO - Task hostname:6aed6f1a07ad operator:PostgresOperator
[2024-10-19T13:15:06.240+0000] {local_task_job_runner.py:266} INFO - Task exited with return code 0
[2024-10-19T13:15:06.258+0000] {warnings.py:112} WARNING - /home/***/.local/lib/python3.12/site-packages/***/models/baseoperator.py:1378: AirflowProviderDeprecationWarning: Call to deprecated class PostgresOperator. (Please use `***.providers.common.sql.operators.sql.SQLExecuteQueryOperator`.Also, you can provide `hook_params={'schema': <database>}`.)
  result = cls.__new__(cls)

[2024-10-19T13:15:06.285+0000] {taskinstance.py:3900} INFO - 1 downstream tasks scheduled from follow-on schedule check
[2024-10-19T13:15:06.288+0000] {local_task_job_runner.py:245} INFO - ::endgroup::
