[2024-10-19T14:30:47.940+0000] {local_task_job_runner.py:123} INFO - ::group::Pre task execution logs
[2024-10-19T14:30:48.014+0000] {taskinstance.py:2612} INFO - Dependencies all met for dep_context=non-requeueable deps ti=<TaskInstance: tecnica_postgres.Crear_tabla manual__2024-10-19T14:30:22.310104+00:00 [queued]>
[2024-10-19T14:30:48.048+0000] {taskinstance.py:2612} INFO - Dependencies all met for dep_context=requeueable deps ti=<TaskInstance: tecnica_postgres.Crear_tabla manual__2024-10-19T14:30:22.310104+00:00 [queued]>
[2024-10-19T14:30:48.053+0000] {taskinstance.py:2865} INFO - Starting attempt 1 of 1
[2024-10-19T14:30:48.098+0000] {taskinstance.py:2888} INFO - Executing <Task(PostgresOperator): Crear_tabla> on 2024-10-19 14:30:22.310104+00:00
[2024-10-19T14:30:48.137+0000] {warnings.py:112} WARNING - /home/***/.local/lib/python3.12/site-packages/***/task/task_runner/standard_task_runner.py:70: DeprecationWarning: This process (pid=152) is multi-threaded, use of fork() may lead to deadlocks in the child.
  pid = os.fork()

[2024-10-19T14:30:48.140+0000] {standard_task_runner.py:104} INFO - Running: ['***', 'tasks', 'run', 'tecnica_postgres', 'Crear_tabla', 'manual__2024-10-19T14:30:22.310104+00:00', '--job-id', '147', '--raw', '--subdir', 'DAGS_FOLDER/tecnica_postgres.py', '--cfg-path', '/tmp/tmprfyqn_wb']
[2024-10-19T14:30:48.143+0000] {standard_task_runner.py:72} INFO - Started process 161 to run task
[2024-10-19T14:30:48.146+0000] {standard_task_runner.py:105} INFO - Job 147: Subtask Crear_tabla
[2024-10-19T14:30:48.330+0000] {task_command.py:467} INFO - Running <TaskInstance: tecnica_postgres.Crear_tabla manual__2024-10-19T14:30:22.310104+00:00 [running]> on host 953088fb6bc9
[2024-10-19T14:30:48.804+0000] {taskinstance.py:3131} INFO - Exporting env vars: AIRFLOW_CTX_DAG_OWNER='***' AIRFLOW_CTX_DAG_ID='tecnica_postgres' AIRFLOW_CTX_TASK_ID='Crear_tabla' AIRFLOW_CTX_EXECUTION_DATE='2024-10-19T14:30:22.310104+00:00' AIRFLOW_CTX_TRY_NUMBER='1' AIRFLOW_CTX_DAG_RUN_ID='manual__2024-10-19T14:30:22.310104+00:00'
[2024-10-19T14:30:48.835+0000] {logging_mixin.py:190} INFO - Task instance is in running state
[2024-10-19T14:30:48.838+0000] {logging_mixin.py:190} INFO -  Previous state of the Task instance: queued
[2024-10-19T14:30:48.841+0000] {logging_mixin.py:190} INFO - Current task name:Crear_tabla state:running start_date:2024-10-19 14:30:48.016783+00:00
[2024-10-19T14:30:48.843+0000] {logging_mixin.py:190} INFO - Dag name:tecnica_postgres and current dag run status:running
[2024-10-19T14:30:48.845+0000] {taskinstance.py:731} INFO - ::endgroup::
[2024-10-19T14:30:48.847+0000] {sql.py:266} INFO - Executing: CREATE TABLE IF NOT EXISTS productos_mercadolibre (
            
            id varchar(500),
            site_id varchar(500),
            title varchar (500),
            price varchar(500),
            available_quantity varchar(200),
            thumbnail varchar(500),
            DATE varchar(100)
            
            )
[2024-10-19T14:30:48.904+0000] {base.py:84} INFO - Retrieving connection 'postgres_localhost'
[2024-10-19T14:30:48.935+0000] {base.py:84} INFO - Retrieving connection 'postgres_localhost'
[2024-10-19T14:30:50.218+0000] {sql.py:509} INFO - Running statement: CREATE TABLE IF NOT EXISTS productos_mercadolibre (
            
            id varchar(500),
            site_id varchar(500),
            title varchar (500),
            price varchar(500),
            available_quantity varchar(200),
            thumbnail varchar(500),
            DATE varchar(100)
            
            ), parameters: None
[2024-10-19T14:30:51.060+0000] {taskinstance.py:340} INFO - ::group::Post task execution logs
[2024-10-19T14:30:51.078+0000] {taskinstance.py:352} INFO - Marking task as SUCCESS. dag_id=tecnica_postgres, task_id=Crear_tabla, run_id=manual__2024-10-19T14:30:22.310104+00:00, execution_date=20241019T143022, start_date=20241019T143048, end_date=20241019T143051
[2024-10-19T14:30:51.233+0000] {logging_mixin.py:190} INFO - Task instance in success state
[2024-10-19T14:30:51.237+0000] {logging_mixin.py:190} INFO -  Previous state of the Task instance: running
[2024-10-19T14:30:51.239+0000] {logging_mixin.py:190} INFO - Dag name:tecnica_postgres queued_at:2024-10-19 14:30:22.491930+00:00
[2024-10-19T14:30:51.244+0000] {logging_mixin.py:190} INFO - Task hostname:953088fb6bc9 operator:PostgresOperator
[2024-10-19T14:30:51.354+0000] {local_task_job_runner.py:266} INFO - Task exited with return code 0
[2024-10-19T14:30:51.407+0000] {local_task_job_runner.py:245} INFO - ::endgroup::
