[2024-10-18T23:33:07.282+0000] {processor.py:186} INFO - Started process (PID=102) to work on /home/airflow/.local/lib/python3.12/site-packages/airflow/example_dags/example_setup_teardown.py
[2024-10-18T23:33:07.284+0000] {processor.py:914} INFO - Processing file /home/airflow/.local/lib/python3.12/site-packages/airflow/example_dags/example_setup_teardown.py for tasks to queue
[2024-10-18T23:33:07.289+0000] {logging_mixin.py:190} INFO - [2024-10-18T23:33:07.288+0000] {dagbag.py:588} INFO - Filling up the DagBag from /home/airflow/.local/lib/python3.12/site-packages/airflow/example_dags/example_setup_teardown.py
[2024-10-18T23:33:07.304+0000] {processor.py:925} INFO - DAG(s) 'example_setup_teardown' retrieved from /home/airflow/.local/lib/python3.12/site-packages/airflow/example_dags/example_setup_teardown.py
[2024-10-18T23:33:07.466+0000] {logging_mixin.py:190} INFO - [2024-10-18T23:33:07.465+0000] {override.py:1900} INFO - Created Permission View: can read on DAG:example_setup_teardown
[2024-10-18T23:33:07.480+0000] {logging_mixin.py:190} INFO - [2024-10-18T23:33:07.479+0000] {override.py:1900} INFO - Created Permission View: can edit on DAG:example_setup_teardown
[2024-10-18T23:33:07.490+0000] {logging_mixin.py:190} INFO - [2024-10-18T23:33:07.490+0000] {override.py:1900} INFO - Created Permission View: can delete on DAG:example_setup_teardown
[2024-10-18T23:33:07.501+0000] {logging_mixin.py:190} INFO - [2024-10-18T23:33:07.501+0000] {override.py:1900} INFO - Created Permission View: can read on DAG Run:example_setup_teardown
[2024-10-18T23:33:07.511+0000] {logging_mixin.py:190} INFO - [2024-10-18T23:33:07.510+0000] {override.py:1900} INFO - Created Permission View: can create on DAG Run:example_setup_teardown
[2024-10-18T23:33:07.523+0000] {logging_mixin.py:190} INFO - [2024-10-18T23:33:07.523+0000] {override.py:1900} INFO - Created Permission View: menu access on DAG Run:example_setup_teardown
[2024-10-18T23:33:07.540+0000] {logging_mixin.py:190} INFO - [2024-10-18T23:33:07.540+0000] {override.py:1900} INFO - Created Permission View: can delete on DAG Run:example_setup_teardown
[2024-10-18T23:33:07.542+0000] {logging_mixin.py:190} INFO - [2024-10-18T23:33:07.541+0000] {dag.py:3239} INFO - Sync 1 DAGs
[2024-10-18T23:33:07.561+0000] {logging_mixin.py:190} INFO - [2024-10-18T23:33:07.561+0000] {dag.py:3262} INFO - Creating ORM DAG for example_setup_teardown
[2024-10-18T23:33:07.563+0000] {logging_mixin.py:190} INFO - [2024-10-18T23:33:07.563+0000] {dag.py:4180} INFO - Setting next_dagrun for example_setup_teardown to None, run_after=None
[2024-10-18T23:33:07.587+0000] {processor.py:208} INFO - Processing /home/airflow/.local/lib/python3.12/site-packages/airflow/example_dags/example_setup_teardown.py took 0.320 seconds
[2024-10-18T23:33:37.648+0000] {processor.py:186} INFO - Started process (PID=164) to work on /home/airflow/.local/lib/python3.12/site-packages/airflow/example_dags/example_setup_teardown.py
[2024-10-18T23:33:37.649+0000] {processor.py:914} INFO - Processing file /home/airflow/.local/lib/python3.12/site-packages/airflow/example_dags/example_setup_teardown.py for tasks to queue
[2024-10-18T23:33:37.653+0000] {logging_mixin.py:190} INFO - [2024-10-18T23:33:37.653+0000] {dagbag.py:588} INFO - Filling up the DagBag from /home/airflow/.local/lib/python3.12/site-packages/airflow/example_dags/example_setup_teardown.py
[2024-10-18T23:33:37.666+0000] {processor.py:925} INFO - DAG(s) 'example_setup_teardown' retrieved from /home/airflow/.local/lib/python3.12/site-packages/airflow/example_dags/example_setup_teardown.py
[2024-10-18T23:33:37.704+0000] {logging_mixin.py:190} INFO - [2024-10-18T23:33:37.704+0000] {dag.py:3239} INFO - Sync 1 DAGs
[2024-10-18T23:33:37.728+0000] {logging_mixin.py:190} INFO - [2024-10-18T23:33:37.728+0000] {dag.py:4180} INFO - Setting next_dagrun for example_setup_teardown to None, run_after=None
[2024-10-18T23:33:37.757+0000] {processor.py:208} INFO - Processing /home/airflow/.local/lib/python3.12/site-packages/airflow/example_dags/example_setup_teardown.py took 0.118 seconds
[2024-10-18T23:34:08.344+0000] {processor.py:186} INFO - Started process (PID=226) to work on /home/airflow/.local/lib/python3.12/site-packages/airflow/example_dags/example_setup_teardown.py
[2024-10-18T23:34:08.346+0000] {processor.py:914} INFO - Processing file /home/airflow/.local/lib/python3.12/site-packages/airflow/example_dags/example_setup_teardown.py for tasks to queue
[2024-10-18T23:34:08.349+0000] {logging_mixin.py:190} INFO - [2024-10-18T23:34:08.348+0000] {dagbag.py:588} INFO - Filling up the DagBag from /home/airflow/.local/lib/python3.12/site-packages/airflow/example_dags/example_setup_teardown.py
[2024-10-18T23:34:08.359+0000] {processor.py:925} INFO - DAG(s) 'example_setup_teardown' retrieved from /home/airflow/.local/lib/python3.12/site-packages/airflow/example_dags/example_setup_teardown.py
[2024-10-18T23:34:08.384+0000] {logging_mixin.py:190} INFO - [2024-10-18T23:34:08.384+0000] {dag.py:3239} INFO - Sync 1 DAGs
[2024-10-18T23:34:08.403+0000] {logging_mixin.py:190} INFO - [2024-10-18T23:34:08.403+0000] {dag.py:4180} INFO - Setting next_dagrun for example_setup_teardown to None, run_after=None
[2024-10-18T23:34:08.428+0000] {processor.py:208} INFO - Processing /home/airflow/.local/lib/python3.12/site-packages/airflow/example_dags/example_setup_teardown.py took 0.091 seconds
[2024-10-18T23:34:39.260+0000] {processor.py:186} INFO - Started process (PID=288) to work on /home/airflow/.local/lib/python3.12/site-packages/airflow/example_dags/example_setup_teardown.py
[2024-10-18T23:34:39.261+0000] {processor.py:914} INFO - Processing file /home/airflow/.local/lib/python3.12/site-packages/airflow/example_dags/example_setup_teardown.py for tasks to queue
[2024-10-18T23:34:39.263+0000] {logging_mixin.py:190} INFO - [2024-10-18T23:34:39.263+0000] {dagbag.py:588} INFO - Filling up the DagBag from /home/airflow/.local/lib/python3.12/site-packages/airflow/example_dags/example_setup_teardown.py
[2024-10-18T23:34:39.273+0000] {processor.py:925} INFO - DAG(s) 'example_setup_teardown' retrieved from /home/airflow/.local/lib/python3.12/site-packages/airflow/example_dags/example_setup_teardown.py
[2024-10-18T23:34:39.306+0000] {logging_mixin.py:190} INFO - [2024-10-18T23:34:39.305+0000] {dag.py:3239} INFO - Sync 1 DAGs
[2024-10-18T23:34:39.351+0000] {logging_mixin.py:190} INFO - [2024-10-18T23:34:39.351+0000] {dag.py:4180} INFO - Setting next_dagrun for example_setup_teardown to None, run_after=None
[2024-10-18T23:34:39.379+0000] {processor.py:208} INFO - Processing /home/airflow/.local/lib/python3.12/site-packages/airflow/example_dags/example_setup_teardown.py took 0.127 seconds
[2024-10-18T23:35:09.465+0000] {processor.py:186} INFO - Started process (PID=350) to work on /home/airflow/.local/lib/python3.12/site-packages/airflow/example_dags/example_setup_teardown.py
[2024-10-18T23:35:09.468+0000] {processor.py:914} INFO - Processing file /home/airflow/.local/lib/python3.12/site-packages/airflow/example_dags/example_setup_teardown.py for tasks to queue
[2024-10-18T23:35:09.470+0000] {logging_mixin.py:190} INFO - [2024-10-18T23:35:09.470+0000] {dagbag.py:588} INFO - Filling up the DagBag from /home/airflow/.local/lib/python3.12/site-packages/airflow/example_dags/example_setup_teardown.py
[2024-10-18T23:35:09.477+0000] {processor.py:925} INFO - DAG(s) 'example_setup_teardown' retrieved from /home/airflow/.local/lib/python3.12/site-packages/airflow/example_dags/example_setup_teardown.py
[2024-10-18T23:35:09.495+0000] {logging_mixin.py:190} INFO - [2024-10-18T23:35:09.494+0000] {dag.py:3239} INFO - Sync 1 DAGs
[2024-10-18T23:35:09.507+0000] {logging_mixin.py:190} INFO - [2024-10-18T23:35:09.507+0000] {dag.py:4180} INFO - Setting next_dagrun for example_setup_teardown to None, run_after=None
[2024-10-18T23:35:09.523+0000] {processor.py:208} INFO - Processing /home/airflow/.local/lib/python3.12/site-packages/airflow/example_dags/example_setup_teardown.py took 0.063 seconds
[2024-10-18T23:35:40.909+0000] {processor.py:186} INFO - Started process (PID=412) to work on /home/airflow/.local/lib/python3.12/site-packages/airflow/example_dags/example_setup_teardown.py
[2024-10-18T23:35:40.911+0000] {processor.py:914} INFO - Processing file /home/airflow/.local/lib/python3.12/site-packages/airflow/example_dags/example_setup_teardown.py for tasks to queue
[2024-10-18T23:35:40.913+0000] {logging_mixin.py:190} INFO - [2024-10-18T23:35:40.913+0000] {dagbag.py:588} INFO - Filling up the DagBag from /home/airflow/.local/lib/python3.12/site-packages/airflow/example_dags/example_setup_teardown.py
[2024-10-18T23:35:40.921+0000] {processor.py:925} INFO - DAG(s) 'example_setup_teardown' retrieved from /home/airflow/.local/lib/python3.12/site-packages/airflow/example_dags/example_setup_teardown.py
[2024-10-18T23:35:40.941+0000] {logging_mixin.py:190} INFO - [2024-10-18T23:35:40.941+0000] {dag.py:3239} INFO - Sync 1 DAGs
[2024-10-18T23:35:40.956+0000] {logging_mixin.py:190} INFO - [2024-10-18T23:35:40.956+0000] {dag.py:4180} INFO - Setting next_dagrun for example_setup_teardown to None, run_after=None
[2024-10-18T23:35:40.977+0000] {processor.py:208} INFO - Processing /home/airflow/.local/lib/python3.12/site-packages/airflow/example_dags/example_setup_teardown.py took 0.073 seconds
[2024-10-18T23:36:15.741+0000] {processor.py:186} INFO - Started process (PID=474) to work on /home/airflow/.local/lib/python3.12/site-packages/airflow/example_dags/example_setup_teardown.py
[2024-10-18T23:36:15.742+0000] {processor.py:914} INFO - Processing file /home/airflow/.local/lib/python3.12/site-packages/airflow/example_dags/example_setup_teardown.py for tasks to queue
[2024-10-18T23:36:15.745+0000] {logging_mixin.py:190} INFO - [2024-10-18T23:36:15.745+0000] {dagbag.py:588} INFO - Filling up the DagBag from /home/airflow/.local/lib/python3.12/site-packages/airflow/example_dags/example_setup_teardown.py
[2024-10-18T23:36:15.754+0000] {processor.py:925} INFO - DAG(s) 'example_setup_teardown' retrieved from /home/airflow/.local/lib/python3.12/site-packages/airflow/example_dags/example_setup_teardown.py
[2024-10-18T23:36:15.779+0000] {logging_mixin.py:190} INFO - [2024-10-18T23:36:15.779+0000] {dag.py:3239} INFO - Sync 1 DAGs
[2024-10-18T23:36:15.797+0000] {logging_mixin.py:190} INFO - [2024-10-18T23:36:15.797+0000] {dag.py:4180} INFO - Setting next_dagrun for example_setup_teardown to None, run_after=None
[2024-10-18T23:36:15.822+0000] {processor.py:208} INFO - Processing /home/airflow/.local/lib/python3.12/site-packages/airflow/example_dags/example_setup_teardown.py took 0.087 seconds
[2024-10-18T23:36:46.657+0000] {processor.py:186} INFO - Started process (PID=536) to work on /home/airflow/.local/lib/python3.12/site-packages/airflow/example_dags/example_setup_teardown.py
[2024-10-18T23:36:46.659+0000] {processor.py:914} INFO - Processing file /home/airflow/.local/lib/python3.12/site-packages/airflow/example_dags/example_setup_teardown.py for tasks to queue
[2024-10-18T23:36:46.662+0000] {logging_mixin.py:190} INFO - [2024-10-18T23:36:46.662+0000] {dagbag.py:588} INFO - Filling up the DagBag from /home/airflow/.local/lib/python3.12/site-packages/airflow/example_dags/example_setup_teardown.py
[2024-10-18T23:36:46.673+0000] {processor.py:925} INFO - DAG(s) 'example_setup_teardown' retrieved from /home/airflow/.local/lib/python3.12/site-packages/airflow/example_dags/example_setup_teardown.py
[2024-10-18T23:36:46.701+0000] {logging_mixin.py:190} INFO - [2024-10-18T23:36:46.701+0000] {dag.py:3239} INFO - Sync 1 DAGs
[2024-10-18T23:36:46.722+0000] {logging_mixin.py:190} INFO - [2024-10-18T23:36:46.721+0000] {dag.py:4180} INFO - Setting next_dagrun for example_setup_teardown to None, run_after=None
[2024-10-18T23:36:46.751+0000] {processor.py:208} INFO - Processing /home/airflow/.local/lib/python3.12/site-packages/airflow/example_dags/example_setup_teardown.py took 0.104 seconds
[2024-10-18T23:37:17.597+0000] {processor.py:186} INFO - Started process (PID=598) to work on /home/airflow/.local/lib/python3.12/site-packages/airflow/example_dags/example_setup_teardown.py
[2024-10-18T23:37:17.599+0000] {processor.py:914} INFO - Processing file /home/airflow/.local/lib/python3.12/site-packages/airflow/example_dags/example_setup_teardown.py for tasks to queue
[2024-10-18T23:37:17.601+0000] {logging_mixin.py:190} INFO - [2024-10-18T23:37:17.601+0000] {dagbag.py:588} INFO - Filling up the DagBag from /home/airflow/.local/lib/python3.12/site-packages/airflow/example_dags/example_setup_teardown.py
[2024-10-18T23:37:17.609+0000] {processor.py:925} INFO - DAG(s) 'example_setup_teardown' retrieved from /home/airflow/.local/lib/python3.12/site-packages/airflow/example_dags/example_setup_teardown.py
[2024-10-18T23:37:17.629+0000] {logging_mixin.py:190} INFO - [2024-10-18T23:37:17.629+0000] {dag.py:3239} INFO - Sync 1 DAGs
[2024-10-18T23:37:17.643+0000] {logging_mixin.py:190} INFO - [2024-10-18T23:37:17.643+0000] {dag.py:4180} INFO - Setting next_dagrun for example_setup_teardown to None, run_after=None
[2024-10-18T23:37:17.665+0000] {processor.py:208} INFO - Processing /home/airflow/.local/lib/python3.12/site-packages/airflow/example_dags/example_setup_teardown.py took 0.073 seconds
[2024-10-18T23:37:48.170+0000] {processor.py:186} INFO - Started process (PID=660) to work on /home/airflow/.local/lib/python3.12/site-packages/airflow/example_dags/example_setup_teardown.py
[2024-10-18T23:37:48.171+0000] {processor.py:914} INFO - Processing file /home/airflow/.local/lib/python3.12/site-packages/airflow/example_dags/example_setup_teardown.py for tasks to queue
[2024-10-18T23:37:48.174+0000] {logging_mixin.py:190} INFO - [2024-10-18T23:37:48.173+0000] {dagbag.py:588} INFO - Filling up the DagBag from /home/airflow/.local/lib/python3.12/site-packages/airflow/example_dags/example_setup_teardown.py
[2024-10-18T23:37:48.181+0000] {processor.py:925} INFO - DAG(s) 'example_setup_teardown' retrieved from /home/airflow/.local/lib/python3.12/site-packages/airflow/example_dags/example_setup_teardown.py
[2024-10-18T23:37:48.202+0000] {logging_mixin.py:190} INFO - [2024-10-18T23:37:48.202+0000] {dag.py:3239} INFO - Sync 1 DAGs
[2024-10-18T23:37:48.217+0000] {logging_mixin.py:190} INFO - [2024-10-18T23:37:48.217+0000] {dag.py:4180} INFO - Setting next_dagrun for example_setup_teardown to None, run_after=None
[2024-10-18T23:37:48.237+0000] {processor.py:208} INFO - Processing /home/airflow/.local/lib/python3.12/site-packages/airflow/example_dags/example_setup_teardown.py took 0.073 seconds
[2024-10-18T23:38:18.937+0000] {processor.py:186} INFO - Started process (PID=722) to work on /home/airflow/.local/lib/python3.12/site-packages/airflow/example_dags/example_setup_teardown.py
[2024-10-18T23:38:18.938+0000] {processor.py:914} INFO - Processing file /home/airflow/.local/lib/python3.12/site-packages/airflow/example_dags/example_setup_teardown.py for tasks to queue
[2024-10-18T23:38:18.940+0000] {logging_mixin.py:190} INFO - [2024-10-18T23:38:18.940+0000] {dagbag.py:588} INFO - Filling up the DagBag from /home/airflow/.local/lib/python3.12/site-packages/airflow/example_dags/example_setup_teardown.py
[2024-10-18T23:38:18.948+0000] {processor.py:925} INFO - DAG(s) 'example_setup_teardown' retrieved from /home/airflow/.local/lib/python3.12/site-packages/airflow/example_dags/example_setup_teardown.py
[2024-10-18T23:38:18.968+0000] {logging_mixin.py:190} INFO - [2024-10-18T23:38:18.968+0000] {dag.py:3239} INFO - Sync 1 DAGs
[2024-10-18T23:38:18.982+0000] {logging_mixin.py:190} INFO - [2024-10-18T23:38:18.982+0000] {dag.py:4180} INFO - Setting next_dagrun for example_setup_teardown to None, run_after=None
[2024-10-18T23:38:19.003+0000] {processor.py:208} INFO - Processing /home/airflow/.local/lib/python3.12/site-packages/airflow/example_dags/example_setup_teardown.py took 0.072 seconds
[2024-10-18T23:38:49.634+0000] {processor.py:186} INFO - Started process (PID=784) to work on /home/airflow/.local/lib/python3.12/site-packages/airflow/example_dags/example_setup_teardown.py
[2024-10-18T23:38:49.636+0000] {processor.py:914} INFO - Processing file /home/airflow/.local/lib/python3.12/site-packages/airflow/example_dags/example_setup_teardown.py for tasks to queue
[2024-10-18T23:38:49.638+0000] {logging_mixin.py:190} INFO - [2024-10-18T23:38:49.638+0000] {dagbag.py:588} INFO - Filling up the DagBag from /home/airflow/.local/lib/python3.12/site-packages/airflow/example_dags/example_setup_teardown.py
[2024-10-18T23:38:49.649+0000] {processor.py:925} INFO - DAG(s) 'example_setup_teardown' retrieved from /home/airflow/.local/lib/python3.12/site-packages/airflow/example_dags/example_setup_teardown.py
[2024-10-18T23:38:49.671+0000] {logging_mixin.py:190} INFO - [2024-10-18T23:38:49.671+0000] {dag.py:3239} INFO - Sync 1 DAGs
[2024-10-18T23:38:49.686+0000] {logging_mixin.py:190} INFO - [2024-10-18T23:38:49.686+0000] {dag.py:4180} INFO - Setting next_dagrun for example_setup_teardown to None, run_after=None
[2024-10-18T23:38:49.707+0000] {processor.py:208} INFO - Processing /home/airflow/.local/lib/python3.12/site-packages/airflow/example_dags/example_setup_teardown.py took 0.077 seconds
[2024-10-18T23:39:20.401+0000] {processor.py:186} INFO - Started process (PID=846) to work on /home/airflow/.local/lib/python3.12/site-packages/airflow/example_dags/example_setup_teardown.py
[2024-10-18T23:39:20.403+0000] {processor.py:914} INFO - Processing file /home/airflow/.local/lib/python3.12/site-packages/airflow/example_dags/example_setup_teardown.py for tasks to queue
[2024-10-18T23:39:20.408+0000] {logging_mixin.py:190} INFO - [2024-10-18T23:39:20.408+0000] {dagbag.py:588} INFO - Filling up the DagBag from /home/airflow/.local/lib/python3.12/site-packages/airflow/example_dags/example_setup_teardown.py
[2024-10-18T23:39:20.428+0000] {processor.py:925} INFO - DAG(s) 'example_setup_teardown' retrieved from /home/airflow/.local/lib/python3.12/site-packages/airflow/example_dags/example_setup_teardown.py
[2024-10-18T23:39:20.451+0000] {logging_mixin.py:190} INFO - [2024-10-18T23:39:20.450+0000] {dag.py:3239} INFO - Sync 1 DAGs
[2024-10-18T23:39:20.468+0000] {logging_mixin.py:190} INFO - [2024-10-18T23:39:20.468+0000] {dag.py:4180} INFO - Setting next_dagrun for example_setup_teardown to None, run_after=None
[2024-10-18T23:39:20.487+0000] {processor.py:208} INFO - Processing /home/airflow/.local/lib/python3.12/site-packages/airflow/example_dags/example_setup_teardown.py took 0.094 seconds
[2024-10-18T23:39:51.711+0000] {processor.py:186} INFO - Started process (PID=908) to work on /home/airflow/.local/lib/python3.12/site-packages/airflow/example_dags/example_setup_teardown.py
[2024-10-18T23:39:51.713+0000] {processor.py:914} INFO - Processing file /home/airflow/.local/lib/python3.12/site-packages/airflow/example_dags/example_setup_teardown.py for tasks to queue
[2024-10-18T23:39:51.720+0000] {logging_mixin.py:190} INFO - [2024-10-18T23:39:51.720+0000] {dagbag.py:588} INFO - Filling up the DagBag from /home/airflow/.local/lib/python3.12/site-packages/airflow/example_dags/example_setup_teardown.py
[2024-10-18T23:39:51.730+0000] {processor.py:925} INFO - DAG(s) 'example_setup_teardown' retrieved from /home/airflow/.local/lib/python3.12/site-packages/airflow/example_dags/example_setup_teardown.py
[2024-10-18T23:39:51.762+0000] {logging_mixin.py:190} INFO - [2024-10-18T23:39:51.762+0000] {dag.py:3239} INFO - Sync 1 DAGs
[2024-10-18T23:39:51.788+0000] {logging_mixin.py:190} INFO - [2024-10-18T23:39:51.788+0000] {dag.py:4180} INFO - Setting next_dagrun for example_setup_teardown to None, run_after=None
[2024-10-18T23:39:51.815+0000] {processor.py:208} INFO - Processing /home/airflow/.local/lib/python3.12/site-packages/airflow/example_dags/example_setup_teardown.py took 0.112 seconds
[2024-10-18T23:40:22.350+0000] {processor.py:186} INFO - Started process (PID=970) to work on /home/airflow/.local/lib/python3.12/site-packages/airflow/example_dags/example_setup_teardown.py
[2024-10-18T23:40:22.351+0000] {processor.py:914} INFO - Processing file /home/airflow/.local/lib/python3.12/site-packages/airflow/example_dags/example_setup_teardown.py for tasks to queue
[2024-10-18T23:40:22.353+0000] {logging_mixin.py:190} INFO - [2024-10-18T23:40:22.353+0000] {dagbag.py:588} INFO - Filling up the DagBag from /home/airflow/.local/lib/python3.12/site-packages/airflow/example_dags/example_setup_teardown.py
[2024-10-18T23:40:22.361+0000] {processor.py:925} INFO - DAG(s) 'example_setup_teardown' retrieved from /home/airflow/.local/lib/python3.12/site-packages/airflow/example_dags/example_setup_teardown.py
[2024-10-18T23:40:22.383+0000] {logging_mixin.py:190} INFO - [2024-10-18T23:40:22.383+0000] {dag.py:3239} INFO - Sync 1 DAGs
[2024-10-18T23:40:22.398+0000] {logging_mixin.py:190} INFO - [2024-10-18T23:40:22.398+0000] {dag.py:4180} INFO - Setting next_dagrun for example_setup_teardown to None, run_after=None
[2024-10-18T23:40:22.418+0000] {processor.py:208} INFO - Processing /home/airflow/.local/lib/python3.12/site-packages/airflow/example_dags/example_setup_teardown.py took 0.074 seconds
[2024-10-18T23:40:52.660+0000] {processor.py:186} INFO - Started process (PID=1032) to work on /home/airflow/.local/lib/python3.12/site-packages/airflow/example_dags/example_setup_teardown.py
[2024-10-18T23:40:52.661+0000] {processor.py:914} INFO - Processing file /home/airflow/.local/lib/python3.12/site-packages/airflow/example_dags/example_setup_teardown.py for tasks to queue
[2024-10-18T23:40:52.664+0000] {logging_mixin.py:190} INFO - [2024-10-18T23:40:52.663+0000] {dagbag.py:588} INFO - Filling up the DagBag from /home/airflow/.local/lib/python3.12/site-packages/airflow/example_dags/example_setup_teardown.py
[2024-10-18T23:40:52.672+0000] {processor.py:925} INFO - DAG(s) 'example_setup_teardown' retrieved from /home/airflow/.local/lib/python3.12/site-packages/airflow/example_dags/example_setup_teardown.py
[2024-10-18T23:40:52.692+0000] {logging_mixin.py:190} INFO - [2024-10-18T23:40:52.692+0000] {dag.py:3239} INFO - Sync 1 DAGs
[2024-10-18T23:40:52.708+0000] {logging_mixin.py:190} INFO - [2024-10-18T23:40:52.707+0000] {dag.py:4180} INFO - Setting next_dagrun for example_setup_teardown to None, run_after=None
[2024-10-18T23:40:52.728+0000] {processor.py:208} INFO - Processing /home/airflow/.local/lib/python3.12/site-packages/airflow/example_dags/example_setup_teardown.py took 0.074 seconds
[2024-10-18T23:41:23.230+0000] {processor.py:186} INFO - Started process (PID=1094) to work on /home/airflow/.local/lib/python3.12/site-packages/airflow/example_dags/example_setup_teardown.py
[2024-10-18T23:41:23.232+0000] {processor.py:914} INFO - Processing file /home/airflow/.local/lib/python3.12/site-packages/airflow/example_dags/example_setup_teardown.py for tasks to queue
[2024-10-18T23:41:23.235+0000] {logging_mixin.py:190} INFO - [2024-10-18T23:41:23.235+0000] {dagbag.py:588} INFO - Filling up the DagBag from /home/airflow/.local/lib/python3.12/site-packages/airflow/example_dags/example_setup_teardown.py
[2024-10-18T23:41:23.246+0000] {processor.py:925} INFO - DAG(s) 'example_setup_teardown' retrieved from /home/airflow/.local/lib/python3.12/site-packages/airflow/example_dags/example_setup_teardown.py
[2024-10-18T23:41:23.274+0000] {logging_mixin.py:190} INFO - [2024-10-18T23:41:23.274+0000] {dag.py:3239} INFO - Sync 1 DAGs
[2024-10-18T23:41:23.295+0000] {logging_mixin.py:190} INFO - [2024-10-18T23:41:23.295+0000] {dag.py:4180} INFO - Setting next_dagrun for example_setup_teardown to None, run_after=None
[2024-10-18T23:41:23.327+0000] {processor.py:208} INFO - Processing /home/airflow/.local/lib/python3.12/site-packages/airflow/example_dags/example_setup_teardown.py took 0.105 seconds
[2024-10-18T23:41:54.209+0000] {processor.py:186} INFO - Started process (PID=1156) to work on /home/airflow/.local/lib/python3.12/site-packages/airflow/example_dags/example_setup_teardown.py
[2024-10-18T23:41:54.212+0000] {processor.py:914} INFO - Processing file /home/airflow/.local/lib/python3.12/site-packages/airflow/example_dags/example_setup_teardown.py for tasks to queue
[2024-10-18T23:41:54.219+0000] {logging_mixin.py:190} INFO - [2024-10-18T23:41:54.218+0000] {dagbag.py:588} INFO - Filling up the DagBag from /home/airflow/.local/lib/python3.12/site-packages/airflow/example_dags/example_setup_teardown.py
[2024-10-18T23:41:54.263+0000] {processor.py:925} INFO - DAG(s) 'example_setup_teardown' retrieved from /home/airflow/.local/lib/python3.12/site-packages/airflow/example_dags/example_setup_teardown.py
[2024-10-18T23:41:54.339+0000] {logging_mixin.py:190} INFO - [2024-10-18T23:41:54.338+0000] {dag.py:3239} INFO - Sync 1 DAGs
[2024-10-18T23:41:54.393+0000] {logging_mixin.py:190} INFO - [2024-10-18T23:41:54.393+0000] {dag.py:4180} INFO - Setting next_dagrun for example_setup_teardown to None, run_after=None
[2024-10-18T23:41:54.476+0000] {processor.py:208} INFO - Processing /home/airflow/.local/lib/python3.12/site-packages/airflow/example_dags/example_setup_teardown.py took 0.285 seconds
[2024-10-18T23:42:26.075+0000] {processor.py:186} INFO - Started process (PID=1218) to work on /home/airflow/.local/lib/python3.12/site-packages/airflow/example_dags/example_setup_teardown.py
[2024-10-18T23:42:26.076+0000] {processor.py:914} INFO - Processing file /home/airflow/.local/lib/python3.12/site-packages/airflow/example_dags/example_setup_teardown.py for tasks to queue
[2024-10-18T23:42:26.079+0000] {logging_mixin.py:190} INFO - [2024-10-18T23:42:26.079+0000] {dagbag.py:588} INFO - Filling up the DagBag from /home/airflow/.local/lib/python3.12/site-packages/airflow/example_dags/example_setup_teardown.py
[2024-10-18T23:42:26.091+0000] {processor.py:925} INFO - DAG(s) 'example_setup_teardown' retrieved from /home/airflow/.local/lib/python3.12/site-packages/airflow/example_dags/example_setup_teardown.py
[2024-10-18T23:42:26.117+0000] {logging_mixin.py:190} INFO - [2024-10-18T23:42:26.115+0000] {dag.py:3239} INFO - Sync 1 DAGs
[2024-10-18T23:42:26.140+0000] {logging_mixin.py:190} INFO - [2024-10-18T23:42:26.140+0000] {dag.py:4180} INFO - Setting next_dagrun for example_setup_teardown to None, run_after=None
[2024-10-18T23:42:26.164+0000] {processor.py:208} INFO - Processing /home/airflow/.local/lib/python3.12/site-packages/airflow/example_dags/example_setup_teardown.py took 0.096 seconds
[2024-10-18T23:43:00.922+0000] {processor.py:186} INFO - Started process (PID=1280) to work on /home/airflow/.local/lib/python3.12/site-packages/airflow/example_dags/example_setup_teardown.py
[2024-10-18T23:43:00.930+0000] {processor.py:914} INFO - Processing file /home/airflow/.local/lib/python3.12/site-packages/airflow/example_dags/example_setup_teardown.py for tasks to queue
[2024-10-18T23:43:00.953+0000] {logging_mixin.py:190} INFO - [2024-10-18T23:43:00.952+0000] {dagbag.py:588} INFO - Filling up the DagBag from /home/airflow/.local/lib/python3.12/site-packages/airflow/example_dags/example_setup_teardown.py
[2024-10-18T23:43:00.989+0000] {processor.py:925} INFO - DAG(s) 'example_setup_teardown' retrieved from /home/airflow/.local/lib/python3.12/site-packages/airflow/example_dags/example_setup_teardown.py
[2024-10-18T23:43:01.205+0000] {logging_mixin.py:190} INFO - [2024-10-18T23:43:01.204+0000] {dag.py:3239} INFO - Sync 1 DAGs
[2024-10-18T23:43:01.393+0000] {logging_mixin.py:190} INFO - [2024-10-18T23:43:01.392+0000] {dag.py:4180} INFO - Setting next_dagrun for example_setup_teardown to None, run_after=None
[2024-10-18T23:43:01.546+0000] {processor.py:208} INFO - Processing /home/airflow/.local/lib/python3.12/site-packages/airflow/example_dags/example_setup_teardown.py took 0.677 seconds
[2024-10-18T23:43:31.952+0000] {processor.py:186} INFO - Started process (PID=1342) to work on /home/airflow/.local/lib/python3.12/site-packages/airflow/example_dags/example_setup_teardown.py
[2024-10-18T23:43:31.953+0000] {processor.py:914} INFO - Processing file /home/airflow/.local/lib/python3.12/site-packages/airflow/example_dags/example_setup_teardown.py for tasks to queue
[2024-10-18T23:43:31.955+0000] {logging_mixin.py:190} INFO - [2024-10-18T23:43:31.955+0000] {dagbag.py:588} INFO - Filling up the DagBag from /home/airflow/.local/lib/python3.12/site-packages/airflow/example_dags/example_setup_teardown.py
[2024-10-18T23:43:31.962+0000] {processor.py:925} INFO - DAG(s) 'example_setup_teardown' retrieved from /home/airflow/.local/lib/python3.12/site-packages/airflow/example_dags/example_setup_teardown.py
[2024-10-18T23:43:31.983+0000] {logging_mixin.py:190} INFO - [2024-10-18T23:43:31.983+0000] {dag.py:3239} INFO - Sync 1 DAGs
[2024-10-18T23:43:32.007+0000] {logging_mixin.py:190} INFO - [2024-10-18T23:43:32.007+0000] {dag.py:4180} INFO - Setting next_dagrun for example_setup_teardown to None, run_after=None
[2024-10-18T23:43:32.027+0000] {processor.py:208} INFO - Processing /home/airflow/.local/lib/python3.12/site-packages/airflow/example_dags/example_setup_teardown.py took 0.081 seconds
[2024-10-18T23:44:02.537+0000] {processor.py:186} INFO - Started process (PID=1404) to work on /home/airflow/.local/lib/python3.12/site-packages/airflow/example_dags/example_setup_teardown.py
[2024-10-18T23:44:02.538+0000] {processor.py:914} INFO - Processing file /home/airflow/.local/lib/python3.12/site-packages/airflow/example_dags/example_setup_teardown.py for tasks to queue
[2024-10-18T23:44:02.540+0000] {logging_mixin.py:190} INFO - [2024-10-18T23:44:02.540+0000] {dagbag.py:588} INFO - Filling up the DagBag from /home/airflow/.local/lib/python3.12/site-packages/airflow/example_dags/example_setup_teardown.py
[2024-10-18T23:44:02.548+0000] {processor.py:925} INFO - DAG(s) 'example_setup_teardown' retrieved from /home/airflow/.local/lib/python3.12/site-packages/airflow/example_dags/example_setup_teardown.py
[2024-10-18T23:44:02.570+0000] {logging_mixin.py:190} INFO - [2024-10-18T23:44:02.570+0000] {dag.py:3239} INFO - Sync 1 DAGs
[2024-10-18T23:44:02.584+0000] {logging_mixin.py:190} INFO - [2024-10-18T23:44:02.583+0000] {dag.py:4180} INFO - Setting next_dagrun for example_setup_teardown to None, run_after=None
[2024-10-18T23:44:02.603+0000] {processor.py:208} INFO - Processing /home/airflow/.local/lib/python3.12/site-packages/airflow/example_dags/example_setup_teardown.py took 0.070 seconds
[2024-10-18T23:44:32.774+0000] {processor.py:186} INFO - Started process (PID=1466) to work on /home/airflow/.local/lib/python3.12/site-packages/airflow/example_dags/example_setup_teardown.py
[2024-10-18T23:44:32.776+0000] {processor.py:914} INFO - Processing file /home/airflow/.local/lib/python3.12/site-packages/airflow/example_dags/example_setup_teardown.py for tasks to queue
[2024-10-18T23:44:32.778+0000] {logging_mixin.py:190} INFO - [2024-10-18T23:44:32.778+0000] {dagbag.py:588} INFO - Filling up the DagBag from /home/airflow/.local/lib/python3.12/site-packages/airflow/example_dags/example_setup_teardown.py
[2024-10-18T23:44:32.788+0000] {processor.py:925} INFO - DAG(s) 'example_setup_teardown' retrieved from /home/airflow/.local/lib/python3.12/site-packages/airflow/example_dags/example_setup_teardown.py
[2024-10-18T23:44:32.809+0000] {logging_mixin.py:190} INFO - [2024-10-18T23:44:32.809+0000] {dag.py:3239} INFO - Sync 1 DAGs
[2024-10-18T23:44:32.823+0000] {logging_mixin.py:190} INFO - [2024-10-18T23:44:32.823+0000] {dag.py:4180} INFO - Setting next_dagrun for example_setup_teardown to None, run_after=None
[2024-10-18T23:44:32.843+0000] {processor.py:208} INFO - Processing /home/airflow/.local/lib/python3.12/site-packages/airflow/example_dags/example_setup_teardown.py took 0.074 seconds
[2024-10-18T23:45:03.266+0000] {processor.py:186} INFO - Started process (PID=1528) to work on /home/airflow/.local/lib/python3.12/site-packages/airflow/example_dags/example_setup_teardown.py
[2024-10-18T23:45:03.267+0000] {processor.py:914} INFO - Processing file /home/airflow/.local/lib/python3.12/site-packages/airflow/example_dags/example_setup_teardown.py for tasks to queue
[2024-10-18T23:45:03.270+0000] {logging_mixin.py:190} INFO - [2024-10-18T23:45:03.269+0000] {dagbag.py:588} INFO - Filling up the DagBag from /home/airflow/.local/lib/python3.12/site-packages/airflow/example_dags/example_setup_teardown.py
[2024-10-18T23:45:03.277+0000] {processor.py:925} INFO - DAG(s) 'example_setup_teardown' retrieved from /home/airflow/.local/lib/python3.12/site-packages/airflow/example_dags/example_setup_teardown.py
[2024-10-18T23:45:03.298+0000] {logging_mixin.py:190} INFO - [2024-10-18T23:45:03.297+0000] {dag.py:3239} INFO - Sync 1 DAGs
[2024-10-18T23:45:03.311+0000] {logging_mixin.py:190} INFO - [2024-10-18T23:45:03.311+0000] {dag.py:4180} INFO - Setting next_dagrun for example_setup_teardown to None, run_after=None
[2024-10-18T23:45:03.332+0000] {processor.py:208} INFO - Processing /home/airflow/.local/lib/python3.12/site-packages/airflow/example_dags/example_setup_teardown.py took 0.071 seconds
[2024-10-18T23:45:33.902+0000] {processor.py:186} INFO - Started process (PID=1590) to work on /home/airflow/.local/lib/python3.12/site-packages/airflow/example_dags/example_setup_teardown.py
[2024-10-18T23:45:33.903+0000] {processor.py:914} INFO - Processing file /home/airflow/.local/lib/python3.12/site-packages/airflow/example_dags/example_setup_teardown.py for tasks to queue
[2024-10-18T23:45:33.905+0000] {logging_mixin.py:190} INFO - [2024-10-18T23:45:33.905+0000] {dagbag.py:588} INFO - Filling up the DagBag from /home/airflow/.local/lib/python3.12/site-packages/airflow/example_dags/example_setup_teardown.py
[2024-10-18T23:45:33.913+0000] {processor.py:925} INFO - DAG(s) 'example_setup_teardown' retrieved from /home/airflow/.local/lib/python3.12/site-packages/airflow/example_dags/example_setup_teardown.py
[2024-10-18T23:45:33.937+0000] {logging_mixin.py:190} INFO - [2024-10-18T23:45:33.937+0000] {dag.py:3239} INFO - Sync 1 DAGs
[2024-10-18T23:45:33.951+0000] {logging_mixin.py:190} INFO - [2024-10-18T23:45:33.951+0000] {dag.py:4180} INFO - Setting next_dagrun for example_setup_teardown to None, run_after=None
[2024-10-18T23:45:33.969+0000] {processor.py:208} INFO - Processing /home/airflow/.local/lib/python3.12/site-packages/airflow/example_dags/example_setup_teardown.py took 0.073 seconds
[2024-10-18T23:46:04.704+0000] {processor.py:186} INFO - Started process (PID=1652) to work on /home/airflow/.local/lib/python3.12/site-packages/airflow/example_dags/example_setup_teardown.py
[2024-10-18T23:46:04.705+0000] {processor.py:914} INFO - Processing file /home/airflow/.local/lib/python3.12/site-packages/airflow/example_dags/example_setup_teardown.py for tasks to queue
[2024-10-18T23:46:04.707+0000] {logging_mixin.py:190} INFO - [2024-10-18T23:46:04.707+0000] {dagbag.py:588} INFO - Filling up the DagBag from /home/airflow/.local/lib/python3.12/site-packages/airflow/example_dags/example_setup_teardown.py
[2024-10-18T23:46:04.715+0000] {processor.py:925} INFO - DAG(s) 'example_setup_teardown' retrieved from /home/airflow/.local/lib/python3.12/site-packages/airflow/example_dags/example_setup_teardown.py
[2024-10-18T23:46:04.736+0000] {logging_mixin.py:190} INFO - [2024-10-18T23:46:04.735+0000] {dag.py:3239} INFO - Sync 1 DAGs
[2024-10-18T23:46:04.749+0000] {logging_mixin.py:190} INFO - [2024-10-18T23:46:04.749+0000] {dag.py:4180} INFO - Setting next_dagrun for example_setup_teardown to None, run_after=None
[2024-10-18T23:46:04.768+0000] {processor.py:208} INFO - Processing /home/airflow/.local/lib/python3.12/site-packages/airflow/example_dags/example_setup_teardown.py took 0.069 seconds
[2024-10-18T23:46:35.468+0000] {processor.py:186} INFO - Started process (PID=1714) to work on /home/airflow/.local/lib/python3.12/site-packages/airflow/example_dags/example_setup_teardown.py
[2024-10-18T23:46:35.469+0000] {processor.py:914} INFO - Processing file /home/airflow/.local/lib/python3.12/site-packages/airflow/example_dags/example_setup_teardown.py for tasks to queue
[2024-10-18T23:46:35.472+0000] {logging_mixin.py:190} INFO - [2024-10-18T23:46:35.471+0000] {dagbag.py:588} INFO - Filling up the DagBag from /home/airflow/.local/lib/python3.12/site-packages/airflow/example_dags/example_setup_teardown.py
[2024-10-18T23:46:35.479+0000] {processor.py:925} INFO - DAG(s) 'example_setup_teardown' retrieved from /home/airflow/.local/lib/python3.12/site-packages/airflow/example_dags/example_setup_teardown.py
[2024-10-18T23:46:35.507+0000] {logging_mixin.py:190} INFO - [2024-10-18T23:46:35.506+0000] {dag.py:3239} INFO - Sync 1 DAGs
[2024-10-18T23:46:35.520+0000] {logging_mixin.py:190} INFO - [2024-10-18T23:46:35.520+0000] {dag.py:4180} INFO - Setting next_dagrun for example_setup_teardown to None, run_after=None
[2024-10-18T23:46:35.540+0000] {processor.py:208} INFO - Processing /home/airflow/.local/lib/python3.12/site-packages/airflow/example_dags/example_setup_teardown.py took 0.077 seconds
[2024-10-18T23:47:05.932+0000] {processor.py:186} INFO - Started process (PID=1776) to work on /home/airflow/.local/lib/python3.12/site-packages/airflow/example_dags/example_setup_teardown.py
[2024-10-18T23:47:05.933+0000] {processor.py:914} INFO - Processing file /home/airflow/.local/lib/python3.12/site-packages/airflow/example_dags/example_setup_teardown.py for tasks to queue
[2024-10-18T23:47:05.936+0000] {logging_mixin.py:190} INFO - [2024-10-18T23:47:05.935+0000] {dagbag.py:588} INFO - Filling up the DagBag from /home/airflow/.local/lib/python3.12/site-packages/airflow/example_dags/example_setup_teardown.py
[2024-10-18T23:47:05.943+0000] {processor.py:925} INFO - DAG(s) 'example_setup_teardown' retrieved from /home/airflow/.local/lib/python3.12/site-packages/airflow/example_dags/example_setup_teardown.py
[2024-10-18T23:47:05.965+0000] {logging_mixin.py:190} INFO - [2024-10-18T23:47:05.964+0000] {dag.py:3239} INFO - Sync 1 DAGs
[2024-10-18T23:47:05.978+0000] {logging_mixin.py:190} INFO - [2024-10-18T23:47:05.978+0000] {dag.py:4180} INFO - Setting next_dagrun for example_setup_teardown to None, run_after=None
[2024-10-18T23:47:05.998+0000] {processor.py:208} INFO - Processing /home/airflow/.local/lib/python3.12/site-packages/airflow/example_dags/example_setup_teardown.py took 0.071 seconds
[2024-10-18T23:47:36.236+0000] {processor.py:186} INFO - Started process (PID=1838) to work on /home/airflow/.local/lib/python3.12/site-packages/airflow/example_dags/example_setup_teardown.py
[2024-10-18T23:47:36.238+0000] {processor.py:914} INFO - Processing file /home/airflow/.local/lib/python3.12/site-packages/airflow/example_dags/example_setup_teardown.py for tasks to queue
[2024-10-18T23:47:36.264+0000] {logging_mixin.py:190} INFO - [2024-10-18T23:47:36.262+0000] {dagbag.py:588} INFO - Filling up the DagBag from /home/airflow/.local/lib/python3.12/site-packages/airflow/example_dags/example_setup_teardown.py
[2024-10-18T23:47:36.292+0000] {processor.py:925} INFO - DAG(s) 'example_setup_teardown' retrieved from /home/airflow/.local/lib/python3.12/site-packages/airflow/example_dags/example_setup_teardown.py
[2024-10-18T23:47:36.363+0000] {logging_mixin.py:190} INFO - [2024-10-18T23:47:36.363+0000] {dag.py:3239} INFO - Sync 1 DAGs
[2024-10-18T23:47:36.391+0000] {logging_mixin.py:190} INFO - [2024-10-18T23:47:36.391+0000] {dag.py:4180} INFO - Setting next_dagrun for example_setup_teardown to None, run_after=None
[2024-10-18T23:47:36.418+0000] {processor.py:208} INFO - Processing /home/airflow/.local/lib/python3.12/site-packages/airflow/example_dags/example_setup_teardown.py took 0.189 seconds
[2024-10-18T23:48:06.608+0000] {processor.py:186} INFO - Started process (PID=1899) to work on /home/airflow/.local/lib/python3.12/site-packages/airflow/example_dags/example_setup_teardown.py
[2024-10-18T23:48:06.609+0000] {processor.py:914} INFO - Processing file /home/airflow/.local/lib/python3.12/site-packages/airflow/example_dags/example_setup_teardown.py for tasks to queue
[2024-10-18T23:48:06.611+0000] {logging_mixin.py:190} INFO - [2024-10-18T23:48:06.611+0000] {dagbag.py:588} INFO - Filling up the DagBag from /home/airflow/.local/lib/python3.12/site-packages/airflow/example_dags/example_setup_teardown.py
[2024-10-18T23:48:06.619+0000] {processor.py:925} INFO - DAG(s) 'example_setup_teardown' retrieved from /home/airflow/.local/lib/python3.12/site-packages/airflow/example_dags/example_setup_teardown.py
[2024-10-18T23:48:06.639+0000] {logging_mixin.py:190} INFO - [2024-10-18T23:48:06.639+0000] {dag.py:3239} INFO - Sync 1 DAGs
[2024-10-18T23:48:06.655+0000] {logging_mixin.py:190} INFO - [2024-10-18T23:48:06.654+0000] {dag.py:4180} INFO - Setting next_dagrun for example_setup_teardown to None, run_after=None
[2024-10-18T23:48:06.676+0000] {processor.py:208} INFO - Processing /home/airflow/.local/lib/python3.12/site-packages/airflow/example_dags/example_setup_teardown.py took 0.074 seconds
[2024-10-18T23:48:36.950+0000] {processor.py:186} INFO - Started process (PID=1962) to work on /home/airflow/.local/lib/python3.12/site-packages/airflow/example_dags/example_setup_teardown.py
[2024-10-18T23:48:36.951+0000] {processor.py:914} INFO - Processing file /home/airflow/.local/lib/python3.12/site-packages/airflow/example_dags/example_setup_teardown.py for tasks to queue
[2024-10-18T23:48:36.954+0000] {logging_mixin.py:190} INFO - [2024-10-18T23:48:36.953+0000] {dagbag.py:588} INFO - Filling up the DagBag from /home/airflow/.local/lib/python3.12/site-packages/airflow/example_dags/example_setup_teardown.py
[2024-10-18T23:48:36.964+0000] {processor.py:925} INFO - DAG(s) 'example_setup_teardown' retrieved from /home/airflow/.local/lib/python3.12/site-packages/airflow/example_dags/example_setup_teardown.py
[2024-10-18T23:48:36.990+0000] {logging_mixin.py:190} INFO - [2024-10-18T23:48:36.990+0000] {dag.py:3239} INFO - Sync 1 DAGs
[2024-10-18T23:48:37.008+0000] {logging_mixin.py:190} INFO - [2024-10-18T23:48:37.008+0000] {dag.py:4180} INFO - Setting next_dagrun for example_setup_teardown to None, run_after=None
[2024-10-18T23:48:37.033+0000] {processor.py:208} INFO - Processing /home/airflow/.local/lib/python3.12/site-packages/airflow/example_dags/example_setup_teardown.py took 0.089 seconds
[2024-10-18T23:49:07.968+0000] {processor.py:186} INFO - Started process (PID=2024) to work on /home/airflow/.local/lib/python3.12/site-packages/airflow/example_dags/example_setup_teardown.py
[2024-10-18T23:49:07.971+0000] {processor.py:914} INFO - Processing file /home/airflow/.local/lib/python3.12/site-packages/airflow/example_dags/example_setup_teardown.py for tasks to queue
[2024-10-18T23:49:07.976+0000] {logging_mixin.py:190} INFO - [2024-10-18T23:49:07.976+0000] {dagbag.py:588} INFO - Filling up the DagBag from /home/airflow/.local/lib/python3.12/site-packages/airflow/example_dags/example_setup_teardown.py
[2024-10-18T23:49:07.991+0000] {processor.py:925} INFO - DAG(s) 'example_setup_teardown' retrieved from /home/airflow/.local/lib/python3.12/site-packages/airflow/example_dags/example_setup_teardown.py
[2024-10-18T23:49:08.041+0000] {logging_mixin.py:190} INFO - [2024-10-18T23:49:08.040+0000] {dag.py:3239} INFO - Sync 1 DAGs
[2024-10-18T23:49:08.086+0000] {logging_mixin.py:190} INFO - [2024-10-18T23:49:08.085+0000] {dag.py:4180} INFO - Setting next_dagrun for example_setup_teardown to None, run_after=None
[2024-10-18T23:49:08.146+0000] {processor.py:208} INFO - Processing /home/airflow/.local/lib/python3.12/site-packages/airflow/example_dags/example_setup_teardown.py took 0.188 seconds
[2024-10-18T23:49:38.686+0000] {processor.py:186} INFO - Started process (PID=2086) to work on /home/airflow/.local/lib/python3.12/site-packages/airflow/example_dags/example_setup_teardown.py
[2024-10-18T23:49:38.688+0000] {processor.py:914} INFO - Processing file /home/airflow/.local/lib/python3.12/site-packages/airflow/example_dags/example_setup_teardown.py for tasks to queue
[2024-10-18T23:49:38.690+0000] {logging_mixin.py:190} INFO - [2024-10-18T23:49:38.689+0000] {dagbag.py:588} INFO - Filling up the DagBag from /home/airflow/.local/lib/python3.12/site-packages/airflow/example_dags/example_setup_teardown.py
[2024-10-18T23:49:38.699+0000] {processor.py:925} INFO - DAG(s) 'example_setup_teardown' retrieved from /home/airflow/.local/lib/python3.12/site-packages/airflow/example_dags/example_setup_teardown.py
[2024-10-18T23:49:38.726+0000] {logging_mixin.py:190} INFO - [2024-10-18T23:49:38.726+0000] {dag.py:3239} INFO - Sync 1 DAGs
[2024-10-18T23:49:38.747+0000] {logging_mixin.py:190} INFO - [2024-10-18T23:49:38.746+0000] {dag.py:4180} INFO - Setting next_dagrun for example_setup_teardown to None, run_after=None
[2024-10-18T23:49:38.770+0000] {processor.py:208} INFO - Processing /home/airflow/.local/lib/python3.12/site-packages/airflow/example_dags/example_setup_teardown.py took 0.090 seconds
[2024-10-18T23:50:09.154+0000] {processor.py:186} INFO - Started process (PID=2148) to work on /home/airflow/.local/lib/python3.12/site-packages/airflow/example_dags/example_setup_teardown.py
[2024-10-18T23:50:09.156+0000] {processor.py:914} INFO - Processing file /home/airflow/.local/lib/python3.12/site-packages/airflow/example_dags/example_setup_teardown.py for tasks to queue
[2024-10-18T23:50:09.158+0000] {logging_mixin.py:190} INFO - [2024-10-18T23:50:09.158+0000] {dagbag.py:588} INFO - Filling up the DagBag from /home/airflow/.local/lib/python3.12/site-packages/airflow/example_dags/example_setup_teardown.py
[2024-10-18T23:50:09.168+0000] {processor.py:925} INFO - DAG(s) 'example_setup_teardown' retrieved from /home/airflow/.local/lib/python3.12/site-packages/airflow/example_dags/example_setup_teardown.py
[2024-10-18T23:50:09.192+0000] {logging_mixin.py:190} INFO - [2024-10-18T23:50:09.192+0000] {dag.py:3239} INFO - Sync 1 DAGs
[2024-10-18T23:50:09.207+0000] {logging_mixin.py:190} INFO - [2024-10-18T23:50:09.207+0000] {dag.py:4180} INFO - Setting next_dagrun for example_setup_teardown to None, run_after=None
[2024-10-18T23:50:09.244+0000] {processor.py:208} INFO - Processing /home/airflow/.local/lib/python3.12/site-packages/airflow/example_dags/example_setup_teardown.py took 0.094 seconds
[2024-10-18T23:50:39.485+0000] {processor.py:186} INFO - Started process (PID=2210) to work on /home/airflow/.local/lib/python3.12/site-packages/airflow/example_dags/example_setup_teardown.py
[2024-10-18T23:50:39.488+0000] {processor.py:914} INFO - Processing file /home/airflow/.local/lib/python3.12/site-packages/airflow/example_dags/example_setup_teardown.py for tasks to queue
[2024-10-18T23:50:39.492+0000] {logging_mixin.py:190} INFO - [2024-10-18T23:50:39.491+0000] {dagbag.py:588} INFO - Filling up the DagBag from /home/airflow/.local/lib/python3.12/site-packages/airflow/example_dags/example_setup_teardown.py
[2024-10-18T23:50:39.510+0000] {processor.py:925} INFO - DAG(s) 'example_setup_teardown' retrieved from /home/airflow/.local/lib/python3.12/site-packages/airflow/example_dags/example_setup_teardown.py
[2024-10-18T23:50:39.553+0000] {logging_mixin.py:190} INFO - [2024-10-18T23:50:39.553+0000] {dag.py:3239} INFO - Sync 1 DAGs
[2024-10-18T23:50:39.582+0000] {logging_mixin.py:190} INFO - [2024-10-18T23:50:39.581+0000] {dag.py:4180} INFO - Setting next_dagrun for example_setup_teardown to None, run_after=None
[2024-10-18T23:50:39.628+0000] {processor.py:208} INFO - Processing /home/airflow/.local/lib/python3.12/site-packages/airflow/example_dags/example_setup_teardown.py took 0.156 seconds
[2024-10-18T23:51:10.524+0000] {processor.py:186} INFO - Started process (PID=2272) to work on /home/airflow/.local/lib/python3.12/site-packages/airflow/example_dags/example_setup_teardown.py
[2024-10-18T23:51:10.528+0000] {processor.py:914} INFO - Processing file /home/airflow/.local/lib/python3.12/site-packages/airflow/example_dags/example_setup_teardown.py for tasks to queue
[2024-10-18T23:51:10.534+0000] {logging_mixin.py:190} INFO - [2024-10-18T23:51:10.533+0000] {dagbag.py:588} INFO - Filling up the DagBag from /home/airflow/.local/lib/python3.12/site-packages/airflow/example_dags/example_setup_teardown.py
[2024-10-18T23:51:10.559+0000] {processor.py:925} INFO - DAG(s) 'example_setup_teardown' retrieved from /home/airflow/.local/lib/python3.12/site-packages/airflow/example_dags/example_setup_teardown.py
[2024-10-18T23:51:10.609+0000] {logging_mixin.py:190} INFO - [2024-10-18T23:51:10.607+0000] {dag.py:3239} INFO - Sync 1 DAGs
[2024-10-18T23:51:10.643+0000] {logging_mixin.py:190} INFO - [2024-10-18T23:51:10.643+0000] {dag.py:4180} INFO - Setting next_dagrun for example_setup_teardown to None, run_after=None
[2024-10-18T23:51:10.694+0000] {processor.py:208} INFO - Processing /home/airflow/.local/lib/python3.12/site-packages/airflow/example_dags/example_setup_teardown.py took 0.183 seconds
[2024-10-18T23:51:40.813+0000] {processor.py:186} INFO - Started process (PID=2334) to work on /home/airflow/.local/lib/python3.12/site-packages/airflow/example_dags/example_setup_teardown.py
[2024-10-18T23:51:40.814+0000] {processor.py:914} INFO - Processing file /home/airflow/.local/lib/python3.12/site-packages/airflow/example_dags/example_setup_teardown.py for tasks to queue
[2024-10-18T23:51:40.819+0000] {logging_mixin.py:190} INFO - [2024-10-18T23:51:40.818+0000] {dagbag.py:588} INFO - Filling up the DagBag from /home/airflow/.local/lib/python3.12/site-packages/airflow/example_dags/example_setup_teardown.py
[2024-10-18T23:51:40.830+0000] {processor.py:925} INFO - DAG(s) 'example_setup_teardown' retrieved from /home/airflow/.local/lib/python3.12/site-packages/airflow/example_dags/example_setup_teardown.py
[2024-10-18T23:51:40.859+0000] {logging_mixin.py:190} INFO - [2024-10-18T23:51:40.858+0000] {dag.py:3239} INFO - Sync 1 DAGs
[2024-10-18T23:51:40.881+0000] {logging_mixin.py:190} INFO - [2024-10-18T23:51:40.881+0000] {dag.py:4180} INFO - Setting next_dagrun for example_setup_teardown to None, run_after=None
[2024-10-18T23:51:40.911+0000] {processor.py:208} INFO - Processing /home/airflow/.local/lib/python3.12/site-packages/airflow/example_dags/example_setup_teardown.py took 0.106 seconds
[2024-10-18T23:52:14.254+0000] {processor.py:186} INFO - Started process (PID=2393) to work on /home/airflow/.local/lib/python3.12/site-packages/airflow/example_dags/example_setup_teardown.py
[2024-10-18T23:52:14.256+0000] {processor.py:914} INFO - Processing file /home/airflow/.local/lib/python3.12/site-packages/airflow/example_dags/example_setup_teardown.py for tasks to queue
[2024-10-18T23:52:14.264+0000] {logging_mixin.py:190} INFO - [2024-10-18T23:52:14.263+0000] {dagbag.py:588} INFO - Filling up the DagBag from /home/airflow/.local/lib/python3.12/site-packages/airflow/example_dags/example_setup_teardown.py
[2024-10-18T23:52:14.283+0000] {processor.py:925} INFO - DAG(s) 'example_setup_teardown' retrieved from /home/airflow/.local/lib/python3.12/site-packages/airflow/example_dags/example_setup_teardown.py
[2024-10-18T23:52:14.327+0000] {logging_mixin.py:190} INFO - [2024-10-18T23:52:14.326+0000] {dag.py:3239} INFO - Sync 1 DAGs
[2024-10-18T23:52:14.379+0000] {logging_mixin.py:190} INFO - [2024-10-18T23:52:14.378+0000] {dag.py:4180} INFO - Setting next_dagrun for example_setup_teardown to None, run_after=None
[2024-10-18T23:52:14.444+0000] {processor.py:208} INFO - Processing /home/airflow/.local/lib/python3.12/site-packages/airflow/example_dags/example_setup_teardown.py took 0.203 seconds
[2024-10-18T23:52:45.473+0000] {processor.py:186} INFO - Started process (PID=2455) to work on /home/airflow/.local/lib/python3.12/site-packages/airflow/example_dags/example_setup_teardown.py
[2024-10-18T23:52:45.477+0000] {processor.py:914} INFO - Processing file /home/airflow/.local/lib/python3.12/site-packages/airflow/example_dags/example_setup_teardown.py for tasks to queue
[2024-10-18T23:52:45.482+0000] {logging_mixin.py:190} INFO - [2024-10-18T23:52:45.482+0000] {dagbag.py:588} INFO - Filling up the DagBag from /home/airflow/.local/lib/python3.12/site-packages/airflow/example_dags/example_setup_teardown.py
[2024-10-18T23:52:45.499+0000] {processor.py:925} INFO - DAG(s) 'example_setup_teardown' retrieved from /home/airflow/.local/lib/python3.12/site-packages/airflow/example_dags/example_setup_teardown.py
[2024-10-18T23:52:45.539+0000] {logging_mixin.py:190} INFO - [2024-10-18T23:52:45.538+0000] {dag.py:3239} INFO - Sync 1 DAGs
[2024-10-18T23:52:45.567+0000] {logging_mixin.py:190} INFO - [2024-10-18T23:52:45.567+0000] {dag.py:4180} INFO - Setting next_dagrun for example_setup_teardown to None, run_after=None
[2024-10-18T23:52:45.604+0000] {processor.py:208} INFO - Processing /home/airflow/.local/lib/python3.12/site-packages/airflow/example_dags/example_setup_teardown.py took 0.144 seconds
[2024-10-18T23:53:19.402+0000] {processor.py:186} INFO - Started process (PID=2514) to work on /home/airflow/.local/lib/python3.12/site-packages/airflow/example_dags/example_setup_teardown.py
[2024-10-18T23:53:19.406+0000] {processor.py:914} INFO - Processing file /home/airflow/.local/lib/python3.12/site-packages/airflow/example_dags/example_setup_teardown.py for tasks to queue
[2024-10-18T23:53:19.411+0000] {logging_mixin.py:190} INFO - [2024-10-18T23:53:19.411+0000] {dagbag.py:588} INFO - Filling up the DagBag from /home/airflow/.local/lib/python3.12/site-packages/airflow/example_dags/example_setup_teardown.py
[2024-10-18T23:53:19.449+0000] {processor.py:925} INFO - DAG(s) 'example_setup_teardown' retrieved from /home/airflow/.local/lib/python3.12/site-packages/airflow/example_dags/example_setup_teardown.py
[2024-10-18T23:53:19.512+0000] {logging_mixin.py:190} INFO - [2024-10-18T23:53:19.511+0000] {dag.py:3239} INFO - Sync 1 DAGs
[2024-10-18T23:53:19.564+0000] {logging_mixin.py:190} INFO - [2024-10-18T23:53:19.564+0000] {dag.py:4180} INFO - Setting next_dagrun for example_setup_teardown to None, run_after=None
[2024-10-18T23:53:19.643+0000] {processor.py:208} INFO - Processing /home/airflow/.local/lib/python3.12/site-packages/airflow/example_dags/example_setup_teardown.py took 0.264 seconds
[2024-10-18T23:53:49.771+0000] {processor.py:186} INFO - Started process (PID=2576) to work on /home/airflow/.local/lib/python3.12/site-packages/airflow/example_dags/example_setup_teardown.py
[2024-10-18T23:53:49.773+0000] {processor.py:914} INFO - Processing file /home/airflow/.local/lib/python3.12/site-packages/airflow/example_dags/example_setup_teardown.py for tasks to queue
[2024-10-18T23:53:49.776+0000] {logging_mixin.py:190} INFO - [2024-10-18T23:53:49.775+0000] {dagbag.py:588} INFO - Filling up the DagBag from /home/airflow/.local/lib/python3.12/site-packages/airflow/example_dags/example_setup_teardown.py
[2024-10-18T23:53:49.786+0000] {processor.py:925} INFO - DAG(s) 'example_setup_teardown' retrieved from /home/airflow/.local/lib/python3.12/site-packages/airflow/example_dags/example_setup_teardown.py
[2024-10-18T23:53:49.813+0000] {logging_mixin.py:190} INFO - [2024-10-18T23:53:49.813+0000] {dag.py:3239} INFO - Sync 1 DAGs
[2024-10-18T23:53:49.831+0000] {logging_mixin.py:190} INFO - [2024-10-18T23:53:49.831+0000] {dag.py:4180} INFO - Setting next_dagrun for example_setup_teardown to None, run_after=None
[2024-10-18T23:53:49.857+0000] {processor.py:208} INFO - Processing /home/airflow/.local/lib/python3.12/site-packages/airflow/example_dags/example_setup_teardown.py took 0.094 seconds
[2024-10-18T23:54:20.829+0000] {processor.py:186} INFO - Started process (PID=2636) to work on /home/airflow/.local/lib/python3.12/site-packages/airflow/example_dags/example_setup_teardown.py
[2024-10-18T23:54:20.834+0000] {processor.py:914} INFO - Processing file /home/airflow/.local/lib/python3.12/site-packages/airflow/example_dags/example_setup_teardown.py for tasks to queue
[2024-10-18T23:54:20.841+0000] {logging_mixin.py:190} INFO - [2024-10-18T23:54:20.840+0000] {dagbag.py:588} INFO - Filling up the DagBag from /home/airflow/.local/lib/python3.12/site-packages/airflow/example_dags/example_setup_teardown.py
[2024-10-18T23:54:20.869+0000] {processor.py:925} INFO - DAG(s) 'example_setup_teardown' retrieved from /home/airflow/.local/lib/python3.12/site-packages/airflow/example_dags/example_setup_teardown.py
[2024-10-18T23:54:20.924+0000] {logging_mixin.py:190} INFO - [2024-10-18T23:54:20.923+0000] {dag.py:3239} INFO - Sync 1 DAGs
[2024-10-18T23:54:20.971+0000] {logging_mixin.py:190} INFO - [2024-10-18T23:54:20.970+0000] {dag.py:4180} INFO - Setting next_dagrun for example_setup_teardown to None, run_after=None
[2024-10-18T23:54:21.019+0000] {processor.py:208} INFO - Processing /home/airflow/.local/lib/python3.12/site-packages/airflow/example_dags/example_setup_teardown.py took 0.214 seconds
[2024-10-18T23:54:51.622+0000] {processor.py:186} INFO - Started process (PID=2698) to work on /home/airflow/.local/lib/python3.12/site-packages/airflow/example_dags/example_setup_teardown.py
[2024-10-18T23:54:51.625+0000] {processor.py:914} INFO - Processing file /home/airflow/.local/lib/python3.12/site-packages/airflow/example_dags/example_setup_teardown.py for tasks to queue
[2024-10-18T23:54:51.630+0000] {logging_mixin.py:190} INFO - [2024-10-18T23:54:51.629+0000] {dagbag.py:588} INFO - Filling up the DagBag from /home/airflow/.local/lib/python3.12/site-packages/airflow/example_dags/example_setup_teardown.py
[2024-10-18T23:54:51.647+0000] {processor.py:925} INFO - DAG(s) 'example_setup_teardown' retrieved from /home/airflow/.local/lib/python3.12/site-packages/airflow/example_dags/example_setup_teardown.py
[2024-10-18T23:54:51.692+0000] {logging_mixin.py:190} INFO - [2024-10-18T23:54:51.692+0000] {dag.py:3239} INFO - Sync 1 DAGs
[2024-10-18T23:54:51.730+0000] {logging_mixin.py:190} INFO - [2024-10-18T23:54:51.730+0000] {dag.py:4180} INFO - Setting next_dagrun for example_setup_teardown to None, run_after=None
[2024-10-18T23:54:51.783+0000] {processor.py:208} INFO - Processing /home/airflow/.local/lib/python3.12/site-packages/airflow/example_dags/example_setup_teardown.py took 0.172 seconds
[2024-10-18T23:56:50.291+0000] {processor.py:186} INFO - Started process (PID=2780) to work on /home/airflow/.local/lib/python3.12/site-packages/airflow/example_dags/example_setup_teardown.py
[2024-10-18T23:56:50.294+0000] {processor.py:914} INFO - Processing file /home/airflow/.local/lib/python3.12/site-packages/airflow/example_dags/example_setup_teardown.py for tasks to queue
[2024-10-18T23:56:50.299+0000] {logging_mixin.py:190} INFO - [2024-10-18T23:56:50.298+0000] {dagbag.py:588} INFO - Filling up the DagBag from /home/airflow/.local/lib/python3.12/site-packages/airflow/example_dags/example_setup_teardown.py
[2024-10-18T23:56:50.330+0000] {processor.py:925} INFO - DAG(s) 'example_setup_teardown' retrieved from /home/airflow/.local/lib/python3.12/site-packages/airflow/example_dags/example_setup_teardown.py
[2024-10-18T23:56:50.870+0000] {logging_mixin.py:190} INFO - [2024-10-18T23:56:50.870+0000] {dag.py:3239} INFO - Sync 1 DAGs
[2024-10-18T23:56:51.532+0000] {logging_mixin.py:190} INFO - [2024-10-18T23:56:51.531+0000] {dag.py:4180} INFO - Setting next_dagrun for example_setup_teardown to None, run_after=None
[2024-10-18T23:56:51.577+0000] {processor.py:208} INFO - Processing /home/airflow/.local/lib/python3.12/site-packages/airflow/example_dags/example_setup_teardown.py took 1.315 seconds
[2024-10-18T23:57:22.087+0000] {processor.py:186} INFO - Started process (PID=2843) to work on /home/airflow/.local/lib/python3.12/site-packages/airflow/example_dags/example_setup_teardown.py
[2024-10-18T23:57:22.089+0000] {processor.py:914} INFO - Processing file /home/airflow/.local/lib/python3.12/site-packages/airflow/example_dags/example_setup_teardown.py for tasks to queue
[2024-10-18T23:57:22.091+0000] {logging_mixin.py:190} INFO - [2024-10-18T23:57:22.091+0000] {dagbag.py:588} INFO - Filling up the DagBag from /home/airflow/.local/lib/python3.12/site-packages/airflow/example_dags/example_setup_teardown.py
[2024-10-18T23:57:22.099+0000] {processor.py:925} INFO - DAG(s) 'example_setup_teardown' retrieved from /home/airflow/.local/lib/python3.12/site-packages/airflow/example_dags/example_setup_teardown.py
[2024-10-18T23:57:22.122+0000] {logging_mixin.py:190} INFO - [2024-10-18T23:57:22.121+0000] {dag.py:3239} INFO - Sync 1 DAGs
[2024-10-18T23:57:22.136+0000] {logging_mixin.py:190} INFO - [2024-10-18T23:57:22.136+0000] {dag.py:4180} INFO - Setting next_dagrun for example_setup_teardown to None, run_after=None
[2024-10-18T23:57:22.158+0000] {processor.py:208} INFO - Processing /home/airflow/.local/lib/python3.12/site-packages/airflow/example_dags/example_setup_teardown.py took 0.076 seconds
[2024-10-18T23:57:52.517+0000] {processor.py:186} INFO - Started process (PID=2905) to work on /home/airflow/.local/lib/python3.12/site-packages/airflow/example_dags/example_setup_teardown.py
[2024-10-18T23:57:52.519+0000] {processor.py:914} INFO - Processing file /home/airflow/.local/lib/python3.12/site-packages/airflow/example_dags/example_setup_teardown.py for tasks to queue
[2024-10-18T23:57:52.528+0000] {logging_mixin.py:190} INFO - [2024-10-18T23:57:52.527+0000] {dagbag.py:588} INFO - Filling up the DagBag from /home/airflow/.local/lib/python3.12/site-packages/airflow/example_dags/example_setup_teardown.py
[2024-10-18T23:57:52.538+0000] {processor.py:925} INFO - DAG(s) 'example_setup_teardown' retrieved from /home/airflow/.local/lib/python3.12/site-packages/airflow/example_dags/example_setup_teardown.py
[2024-10-18T23:57:52.559+0000] {logging_mixin.py:190} INFO - [2024-10-18T23:57:52.559+0000] {dag.py:3239} INFO - Sync 1 DAGs
[2024-10-18T23:57:52.573+0000] {logging_mixin.py:190} INFO - [2024-10-18T23:57:52.573+0000] {dag.py:4180} INFO - Setting next_dagrun for example_setup_teardown to None, run_after=None
[2024-10-18T23:57:52.609+0000] {processor.py:208} INFO - Processing /home/airflow/.local/lib/python3.12/site-packages/airflow/example_dags/example_setup_teardown.py took 0.099 seconds
[2024-10-18T23:58:23.102+0000] {processor.py:186} INFO - Started process (PID=2967) to work on /home/airflow/.local/lib/python3.12/site-packages/airflow/example_dags/example_setup_teardown.py
[2024-10-18T23:58:23.104+0000] {processor.py:914} INFO - Processing file /home/airflow/.local/lib/python3.12/site-packages/airflow/example_dags/example_setup_teardown.py for tasks to queue
[2024-10-18T23:58:23.106+0000] {logging_mixin.py:190} INFO - [2024-10-18T23:58:23.106+0000] {dagbag.py:588} INFO - Filling up the DagBag from /home/airflow/.local/lib/python3.12/site-packages/airflow/example_dags/example_setup_teardown.py
[2024-10-18T23:58:23.114+0000] {processor.py:925} INFO - DAG(s) 'example_setup_teardown' retrieved from /home/airflow/.local/lib/python3.12/site-packages/airflow/example_dags/example_setup_teardown.py
[2024-10-18T23:58:23.138+0000] {logging_mixin.py:190} INFO - [2024-10-18T23:58:23.137+0000] {dag.py:3239} INFO - Sync 1 DAGs
[2024-10-18T23:58:23.151+0000] {logging_mixin.py:190} INFO - [2024-10-18T23:58:23.151+0000] {dag.py:4180} INFO - Setting next_dagrun for example_setup_teardown to None, run_after=None
[2024-10-18T23:58:23.171+0000] {processor.py:208} INFO - Processing /home/airflow/.local/lib/python3.12/site-packages/airflow/example_dags/example_setup_teardown.py took 0.074 seconds
[2024-10-18T23:58:53.673+0000] {processor.py:186} INFO - Started process (PID=3029) to work on /home/airflow/.local/lib/python3.12/site-packages/airflow/example_dags/example_setup_teardown.py
[2024-10-18T23:58:53.674+0000] {processor.py:914} INFO - Processing file /home/airflow/.local/lib/python3.12/site-packages/airflow/example_dags/example_setup_teardown.py for tasks to queue
[2024-10-18T23:58:53.678+0000] {logging_mixin.py:190} INFO - [2024-10-18T23:58:53.677+0000] {dagbag.py:588} INFO - Filling up the DagBag from /home/airflow/.local/lib/python3.12/site-packages/airflow/example_dags/example_setup_teardown.py
[2024-10-18T23:58:53.692+0000] {processor.py:925} INFO - DAG(s) 'example_setup_teardown' retrieved from /home/airflow/.local/lib/python3.12/site-packages/airflow/example_dags/example_setup_teardown.py
[2024-10-18T23:58:53.717+0000] {logging_mixin.py:190} INFO - [2024-10-18T23:58:53.716+0000] {dag.py:3239} INFO - Sync 1 DAGs
[2024-10-18T23:58:53.739+0000] {logging_mixin.py:190} INFO - [2024-10-18T23:58:53.739+0000] {dag.py:4180} INFO - Setting next_dagrun for example_setup_teardown to None, run_after=None
[2024-10-18T23:58:53.767+0000] {processor.py:208} INFO - Processing /home/airflow/.local/lib/python3.12/site-packages/airflow/example_dags/example_setup_teardown.py took 0.105 seconds
[2024-10-18T23:59:24.531+0000] {processor.py:186} INFO - Started process (PID=3090) to work on /home/airflow/.local/lib/python3.12/site-packages/airflow/example_dags/example_setup_teardown.py
[2024-10-18T23:59:24.533+0000] {processor.py:914} INFO - Processing file /home/airflow/.local/lib/python3.12/site-packages/airflow/example_dags/example_setup_teardown.py for tasks to queue
[2024-10-18T23:59:24.535+0000] {logging_mixin.py:190} INFO - [2024-10-18T23:59:24.535+0000] {dagbag.py:588} INFO - Filling up the DagBag from /home/airflow/.local/lib/python3.12/site-packages/airflow/example_dags/example_setup_teardown.py
[2024-10-18T23:59:24.544+0000] {processor.py:925} INFO - DAG(s) 'example_setup_teardown' retrieved from /home/airflow/.local/lib/python3.12/site-packages/airflow/example_dags/example_setup_teardown.py
[2024-10-18T23:59:24.564+0000] {logging_mixin.py:190} INFO - [2024-10-18T23:59:24.564+0000] {dag.py:3239} INFO - Sync 1 DAGs
[2024-10-18T23:59:24.743+0000] {logging_mixin.py:190} INFO - [2024-10-18T23:59:24.732+0000] {dag.py:4180} INFO - Setting next_dagrun for example_setup_teardown to None, run_after=None
[2024-10-18T23:59:24.763+0000] {processor.py:208} INFO - Processing /home/airflow/.local/lib/python3.12/site-packages/airflow/example_dags/example_setup_teardown.py took 0.237 seconds
[2024-10-18T23:59:54.897+0000] {processor.py:186} INFO - Started process (PID=3152) to work on /home/airflow/.local/lib/python3.12/site-packages/airflow/example_dags/example_setup_teardown.py
[2024-10-18T23:59:54.898+0000] {processor.py:914} INFO - Processing file /home/airflow/.local/lib/python3.12/site-packages/airflow/example_dags/example_setup_teardown.py for tasks to queue
[2024-10-18T23:59:54.900+0000] {logging_mixin.py:190} INFO - [2024-10-18T23:59:54.900+0000] {dagbag.py:588} INFO - Filling up the DagBag from /home/airflow/.local/lib/python3.12/site-packages/airflow/example_dags/example_setup_teardown.py
[2024-10-18T23:59:54.909+0000] {processor.py:925} INFO - DAG(s) 'example_setup_teardown' retrieved from /home/airflow/.local/lib/python3.12/site-packages/airflow/example_dags/example_setup_teardown.py
[2024-10-18T23:59:54.931+0000] {logging_mixin.py:190} INFO - [2024-10-18T23:59:54.931+0000] {dag.py:3239} INFO - Sync 1 DAGs
[2024-10-18T23:59:54.947+0000] {logging_mixin.py:190} INFO - [2024-10-18T23:59:54.946+0000] {dag.py:4180} INFO - Setting next_dagrun for example_setup_teardown to None, run_after=None
[2024-10-18T23:59:54.970+0000] {processor.py:208} INFO - Processing /home/airflow/.local/lib/python3.12/site-packages/airflow/example_dags/example_setup_teardown.py took 0.079 seconds
