[2024-10-18T23:33:04.885+0000] {processor.py:186} INFO - Started process (PID=95) to work on /home/airflow/.local/lib/python3.12/site-packages/airflow/example_dags/example_xcom.py
[2024-10-18T23:33:04.887+0000] {processor.py:914} INFO - Processing file /home/airflow/.local/lib/python3.12/site-packages/airflow/example_dags/example_xcom.py for tasks to queue
[2024-10-18T23:33:04.890+0000] {logging_mixin.py:190} INFO - [2024-10-18T23:33:04.890+0000] {dagbag.py:588} INFO - Filling up the DagBag from /home/airflow/.local/lib/python3.12/site-packages/airflow/example_dags/example_xcom.py
[2024-10-18T23:33:04.903+0000] {processor.py:925} INFO - DAG(s) 'example_xcom' retrieved from /home/airflow/.local/lib/python3.12/site-packages/airflow/example_dags/example_xcom.py
[2024-10-18T23:33:05.052+0000] {logging_mixin.py:190} INFO - [2024-10-18T23:33:05.051+0000] {override.py:1900} INFO - Created Permission View: can read on DAG:example_xcom
[2024-10-18T23:33:05.172+0000] {logging_mixin.py:190} INFO - [2024-10-18T23:33:05.171+0000] {override.py:1900} INFO - Created Permission View: can edit on DAG:example_xcom
[2024-10-18T23:33:05.235+0000] {logging_mixin.py:190} INFO - [2024-10-18T23:33:05.234+0000] {override.py:1900} INFO - Created Permission View: can delete on DAG:example_xcom
[2024-10-18T23:33:05.370+0000] {logging_mixin.py:190} INFO - [2024-10-18T23:33:05.369+0000] {override.py:1900} INFO - Created Permission View: can read on DAG Run:example_xcom
[2024-10-18T23:33:05.452+0000] {logging_mixin.py:190} INFO - [2024-10-18T23:33:05.451+0000] {override.py:1900} INFO - Created Permission View: can create on DAG Run:example_xcom
[2024-10-18T23:33:05.537+0000] {logging_mixin.py:190} INFO - [2024-10-18T23:33:05.536+0000] {override.py:1900} INFO - Created Permission View: menu access on DAG Run:example_xcom
[2024-10-18T23:33:05.637+0000] {logging_mixin.py:190} INFO - [2024-10-18T23:33:05.636+0000] {override.py:1900} INFO - Created Permission View: can delete on DAG Run:example_xcom
[2024-10-18T23:33:05.685+0000] {logging_mixin.py:190} INFO - [2024-10-18T23:33:05.638+0000] {dag.py:3239} INFO - Sync 1 DAGs
[2024-10-18T23:33:05.740+0000] {logging_mixin.py:190} INFO - [2024-10-18T23:33:05.740+0000] {dag.py:3262} INFO - Creating ORM DAG for example_xcom
[2024-10-18T23:33:05.782+0000] {logging_mixin.py:190} INFO - [2024-10-18T23:33:05.782+0000] {dag.py:4180} INFO - Setting next_dagrun for example_xcom to 2021-01-01 00:00:00+00:00, run_after=2021-01-01 00:00:00+00:00
[2024-10-18T23:33:05.930+0000] {processor.py:208} INFO - Processing /home/airflow/.local/lib/python3.12/site-packages/airflow/example_dags/example_xcom.py took 1.054 seconds
[2024-10-18T23:33:36.652+0000] {processor.py:186} INFO - Started process (PID=157) to work on /home/airflow/.local/lib/python3.12/site-packages/airflow/example_dags/example_xcom.py
[2024-10-18T23:33:36.655+0000] {processor.py:914} INFO - Processing file /home/airflow/.local/lib/python3.12/site-packages/airflow/example_dags/example_xcom.py for tasks to queue
[2024-10-18T23:33:36.660+0000] {logging_mixin.py:190} INFO - [2024-10-18T23:33:36.659+0000] {dagbag.py:588} INFO - Filling up the DagBag from /home/airflow/.local/lib/python3.12/site-packages/airflow/example_dags/example_xcom.py
[2024-10-18T23:33:36.676+0000] {processor.py:925} INFO - DAG(s) 'example_xcom' retrieved from /home/airflow/.local/lib/python3.12/site-packages/airflow/example_dags/example_xcom.py
[2024-10-18T23:33:36.718+0000] {logging_mixin.py:190} INFO - [2024-10-18T23:33:36.718+0000] {dag.py:3239} INFO - Sync 1 DAGs
[2024-10-18T23:33:36.757+0000] {logging_mixin.py:190} INFO - [2024-10-18T23:33:36.756+0000] {dag.py:4180} INFO - Setting next_dagrun for example_xcom to 2021-01-01 00:00:00+00:00, run_after=2021-01-01 00:00:00+00:00
[2024-10-18T23:33:36.787+0000] {processor.py:208} INFO - Processing /home/airflow/.local/lib/python3.12/site-packages/airflow/example_dags/example_xcom.py took 0.145 seconds
[2024-10-18T23:34:06.858+0000] {processor.py:186} INFO - Started process (PID=219) to work on /home/airflow/.local/lib/python3.12/site-packages/airflow/example_dags/example_xcom.py
[2024-10-18T23:34:06.860+0000] {processor.py:914} INFO - Processing file /home/airflow/.local/lib/python3.12/site-packages/airflow/example_dags/example_xcom.py for tasks to queue
[2024-10-18T23:34:06.864+0000] {logging_mixin.py:190} INFO - [2024-10-18T23:34:06.864+0000] {dagbag.py:588} INFO - Filling up the DagBag from /home/airflow/.local/lib/python3.12/site-packages/airflow/example_dags/example_xcom.py
[2024-10-18T23:34:06.875+0000] {processor.py:925} INFO - DAG(s) 'example_xcom' retrieved from /home/airflow/.local/lib/python3.12/site-packages/airflow/example_dags/example_xcom.py
[2024-10-18T23:34:06.899+0000] {logging_mixin.py:190} INFO - [2024-10-18T23:34:06.899+0000] {dag.py:3239} INFO - Sync 1 DAGs
[2024-10-18T23:34:06.924+0000] {logging_mixin.py:190} INFO - [2024-10-18T23:34:06.924+0000] {dag.py:4180} INFO - Setting next_dagrun for example_xcom to 2021-01-01 00:00:00+00:00, run_after=2021-01-01 00:00:00+00:00
[2024-10-18T23:34:06.945+0000] {processor.py:208} INFO - Processing /home/airflow/.local/lib/python3.12/site-packages/airflow/example_dags/example_xcom.py took 0.097 seconds
[2024-10-18T23:34:37.839+0000] {processor.py:186} INFO - Started process (PID=281) to work on /home/airflow/.local/lib/python3.12/site-packages/airflow/example_dags/example_xcom.py
[2024-10-18T23:34:37.840+0000] {processor.py:914} INFO - Processing file /home/airflow/.local/lib/python3.12/site-packages/airflow/example_dags/example_xcom.py for tasks to queue
[2024-10-18T23:34:37.842+0000] {logging_mixin.py:190} INFO - [2024-10-18T23:34:37.842+0000] {dagbag.py:588} INFO - Filling up the DagBag from /home/airflow/.local/lib/python3.12/site-packages/airflow/example_dags/example_xcom.py
[2024-10-18T23:34:37.850+0000] {processor.py:925} INFO - DAG(s) 'example_xcom' retrieved from /home/airflow/.local/lib/python3.12/site-packages/airflow/example_dags/example_xcom.py
[2024-10-18T23:34:37.868+0000] {logging_mixin.py:190} INFO - [2024-10-18T23:34:37.868+0000] {dag.py:3239} INFO - Sync 1 DAGs
[2024-10-18T23:34:37.890+0000] {logging_mixin.py:190} INFO - [2024-10-18T23:34:37.890+0000] {dag.py:4180} INFO - Setting next_dagrun for example_xcom to 2021-01-01 00:00:00+00:00, run_after=2021-01-01 00:00:00+00:00
[2024-10-18T23:34:37.919+0000] {processor.py:208} INFO - Processing /home/airflow/.local/lib/python3.12/site-packages/airflow/example_dags/example_xcom.py took 0.084 seconds
[2024-10-18T23:35:08.077+0000] {processor.py:186} INFO - Started process (PID=343) to work on /home/airflow/.local/lib/python3.12/site-packages/airflow/example_dags/example_xcom.py
[2024-10-18T23:35:08.078+0000] {processor.py:914} INFO - Processing file /home/airflow/.local/lib/python3.12/site-packages/airflow/example_dags/example_xcom.py for tasks to queue
[2024-10-18T23:35:08.081+0000] {logging_mixin.py:190} INFO - [2024-10-18T23:35:08.081+0000] {dagbag.py:588} INFO - Filling up the DagBag from /home/airflow/.local/lib/python3.12/site-packages/airflow/example_dags/example_xcom.py
[2024-10-18T23:35:08.088+0000] {processor.py:925} INFO - DAG(s) 'example_xcom' retrieved from /home/airflow/.local/lib/python3.12/site-packages/airflow/example_dags/example_xcom.py
[2024-10-18T23:35:08.107+0000] {logging_mixin.py:190} INFO - [2024-10-18T23:35:08.107+0000] {dag.py:3239} INFO - Sync 1 DAGs
[2024-10-18T23:35:08.126+0000] {logging_mixin.py:190} INFO - [2024-10-18T23:35:08.126+0000] {dag.py:4180} INFO - Setting next_dagrun for example_xcom to 2021-01-01 00:00:00+00:00, run_after=2021-01-01 00:00:00+00:00
[2024-10-18T23:35:08.144+0000] {processor.py:208} INFO - Processing /home/airflow/.local/lib/python3.12/site-packages/airflow/example_dags/example_xcom.py took 0.072 seconds
[2024-10-18T23:35:38.258+0000] {processor.py:186} INFO - Started process (PID=405) to work on /home/airflow/.local/lib/python3.12/site-packages/airflow/example_dags/example_xcom.py
[2024-10-18T23:35:38.260+0000] {processor.py:914} INFO - Processing file /home/airflow/.local/lib/python3.12/site-packages/airflow/example_dags/example_xcom.py for tasks to queue
[2024-10-18T23:35:38.262+0000] {logging_mixin.py:190} INFO - [2024-10-18T23:35:38.262+0000] {dagbag.py:588} INFO - Filling up the DagBag from /home/airflow/.local/lib/python3.12/site-packages/airflow/example_dags/example_xcom.py
[2024-10-18T23:35:38.275+0000] {processor.py:925} INFO - DAG(s) 'example_xcom' retrieved from /home/airflow/.local/lib/python3.12/site-packages/airflow/example_dags/example_xcom.py
[2024-10-18T23:35:38.303+0000] {logging_mixin.py:190} INFO - [2024-10-18T23:35:38.303+0000] {dag.py:3239} INFO - Sync 1 DAGs
[2024-10-18T23:35:38.336+0000] {logging_mixin.py:190} INFO - [2024-10-18T23:35:38.336+0000] {dag.py:4180} INFO - Setting next_dagrun for example_xcom to 2021-01-01 00:00:00+00:00, run_after=2021-01-01 00:00:00+00:00
[2024-10-18T23:35:38.362+0000] {processor.py:208} INFO - Processing /home/airflow/.local/lib/python3.12/site-packages/airflow/example_dags/example_xcom.py took 0.109 seconds
[2024-10-18T23:36:09.226+0000] {processor.py:186} INFO - Started process (PID=467) to work on /home/airflow/.local/lib/python3.12/site-packages/airflow/example_dags/example_xcom.py
[2024-10-18T23:36:09.277+0000] {processor.py:914} INFO - Processing file /home/airflow/.local/lib/python3.12/site-packages/airflow/example_dags/example_xcom.py for tasks to queue
[2024-10-18T23:36:09.319+0000] {logging_mixin.py:190} INFO - [2024-10-18T23:36:09.312+0000] {dagbag.py:588} INFO - Filling up the DagBag from /home/airflow/.local/lib/python3.12/site-packages/airflow/example_dags/example_xcom.py
[2024-10-18T23:36:09.365+0000] {processor.py:925} INFO - DAG(s) 'example_xcom' retrieved from /home/airflow/.local/lib/python3.12/site-packages/airflow/example_dags/example_xcom.py
[2024-10-18T23:36:09.748+0000] {logging_mixin.py:190} INFO - [2024-10-18T23:36:09.747+0000] {dag.py:3239} INFO - Sync 1 DAGs
[2024-10-18T23:36:10.220+0000] {logging_mixin.py:190} INFO - [2024-10-18T23:36:10.220+0000] {dag.py:4180} INFO - Setting next_dagrun for example_xcom to 2021-01-01 00:00:00+00:00, run_after=2021-01-01 00:00:00+00:00
[2024-10-18T23:36:10.437+0000] {processor.py:208} INFO - Processing /home/airflow/.local/lib/python3.12/site-packages/airflow/example_dags/example_xcom.py took 1.307 seconds
[2024-10-18T23:36:41.371+0000] {processor.py:186} INFO - Started process (PID=529) to work on /home/airflow/.local/lib/python3.12/site-packages/airflow/example_dags/example_xcom.py
[2024-10-18T23:36:41.373+0000] {processor.py:914} INFO - Processing file /home/airflow/.local/lib/python3.12/site-packages/airflow/example_dags/example_xcom.py for tasks to queue
[2024-10-18T23:36:41.380+0000] {logging_mixin.py:190} INFO - [2024-10-18T23:36:41.377+0000] {dagbag.py:588} INFO - Filling up the DagBag from /home/airflow/.local/lib/python3.12/site-packages/airflow/example_dags/example_xcom.py
[2024-10-18T23:36:41.396+0000] {processor.py:925} INFO - DAG(s) 'example_xcom' retrieved from /home/airflow/.local/lib/python3.12/site-packages/airflow/example_dags/example_xcom.py
[2024-10-18T23:36:41.435+0000] {logging_mixin.py:190} INFO - [2024-10-18T23:36:41.435+0000] {dag.py:3239} INFO - Sync 1 DAGs
[2024-10-18T23:36:41.511+0000] {logging_mixin.py:190} INFO - [2024-10-18T23:36:41.509+0000] {dag.py:4180} INFO - Setting next_dagrun for example_xcom to 2021-01-01 00:00:00+00:00, run_after=2021-01-01 00:00:00+00:00
[2024-10-18T23:36:41.596+0000] {processor.py:208} INFO - Processing /home/airflow/.local/lib/python3.12/site-packages/airflow/example_dags/example_xcom.py took 0.233 seconds
[2024-10-18T23:37:12.175+0000] {processor.py:186} INFO - Started process (PID=591) to work on /home/airflow/.local/lib/python3.12/site-packages/airflow/example_dags/example_xcom.py
[2024-10-18T23:37:12.176+0000] {processor.py:914} INFO - Processing file /home/airflow/.local/lib/python3.12/site-packages/airflow/example_dags/example_xcom.py for tasks to queue
[2024-10-18T23:37:12.179+0000] {logging_mixin.py:190} INFO - [2024-10-18T23:37:12.178+0000] {dagbag.py:588} INFO - Filling up the DagBag from /home/airflow/.local/lib/python3.12/site-packages/airflow/example_dags/example_xcom.py
[2024-10-18T23:37:12.186+0000] {processor.py:925} INFO - DAG(s) 'example_xcom' retrieved from /home/airflow/.local/lib/python3.12/site-packages/airflow/example_dags/example_xcom.py
[2024-10-18T23:37:12.205+0000] {logging_mixin.py:190} INFO - [2024-10-18T23:37:12.204+0000] {dag.py:3239} INFO - Sync 1 DAGs
[2024-10-18T23:37:12.223+0000] {logging_mixin.py:190} INFO - [2024-10-18T23:37:12.223+0000] {dag.py:4180} INFO - Setting next_dagrun for example_xcom to 2021-01-01 00:00:00+00:00, run_after=2021-01-01 00:00:00+00:00
[2024-10-18T23:37:12.251+0000] {processor.py:208} INFO - Processing /home/airflow/.local/lib/python3.12/site-packages/airflow/example_dags/example_xcom.py took 0.080 seconds
[2024-10-18T23:37:42.751+0000] {processor.py:186} INFO - Started process (PID=653) to work on /home/airflow/.local/lib/python3.12/site-packages/airflow/example_dags/example_xcom.py
[2024-10-18T23:37:42.752+0000] {processor.py:914} INFO - Processing file /home/airflow/.local/lib/python3.12/site-packages/airflow/example_dags/example_xcom.py for tasks to queue
[2024-10-18T23:37:42.755+0000] {logging_mixin.py:190} INFO - [2024-10-18T23:37:42.755+0000] {dagbag.py:588} INFO - Filling up the DagBag from /home/airflow/.local/lib/python3.12/site-packages/airflow/example_dags/example_xcom.py
[2024-10-18T23:37:42.763+0000] {processor.py:925} INFO - DAG(s) 'example_xcom' retrieved from /home/airflow/.local/lib/python3.12/site-packages/airflow/example_dags/example_xcom.py
[2024-10-18T23:37:42.785+0000] {logging_mixin.py:190} INFO - [2024-10-18T23:37:42.784+0000] {dag.py:3239} INFO - Sync 1 DAGs
[2024-10-18T23:37:42.805+0000] {logging_mixin.py:190} INFO - [2024-10-18T23:37:42.805+0000] {dag.py:4180} INFO - Setting next_dagrun for example_xcom to 2021-01-01 00:00:00+00:00, run_after=2021-01-01 00:00:00+00:00
[2024-10-18T23:37:42.824+0000] {processor.py:208} INFO - Processing /home/airflow/.local/lib/python3.12/site-packages/airflow/example_dags/example_xcom.py took 0.078 seconds
[2024-10-18T23:38:13.523+0000] {processor.py:186} INFO - Started process (PID=715) to work on /home/airflow/.local/lib/python3.12/site-packages/airflow/example_dags/example_xcom.py
[2024-10-18T23:38:13.524+0000] {processor.py:914} INFO - Processing file /home/airflow/.local/lib/python3.12/site-packages/airflow/example_dags/example_xcom.py for tasks to queue
[2024-10-18T23:38:13.527+0000] {logging_mixin.py:190} INFO - [2024-10-18T23:38:13.527+0000] {dagbag.py:588} INFO - Filling up the DagBag from /home/airflow/.local/lib/python3.12/site-packages/airflow/example_dags/example_xcom.py
[2024-10-18T23:38:13.535+0000] {processor.py:925} INFO - DAG(s) 'example_xcom' retrieved from /home/airflow/.local/lib/python3.12/site-packages/airflow/example_dags/example_xcom.py
[2024-10-18T23:38:13.554+0000] {logging_mixin.py:190} INFO - [2024-10-18T23:38:13.554+0000] {dag.py:3239} INFO - Sync 1 DAGs
[2024-10-18T23:38:13.574+0000] {logging_mixin.py:190} INFO - [2024-10-18T23:38:13.574+0000] {dag.py:4180} INFO - Setting next_dagrun for example_xcom to 2021-01-01 00:00:00+00:00, run_after=2021-01-01 00:00:00+00:00
[2024-10-18T23:38:13.603+0000] {processor.py:208} INFO - Processing /home/airflow/.local/lib/python3.12/site-packages/airflow/example_dags/example_xcom.py took 0.086 seconds
[2024-10-18T23:38:44.225+0000] {processor.py:186} INFO - Started process (PID=777) to work on /home/airflow/.local/lib/python3.12/site-packages/airflow/example_dags/example_xcom.py
[2024-10-18T23:38:44.227+0000] {processor.py:914} INFO - Processing file /home/airflow/.local/lib/python3.12/site-packages/airflow/example_dags/example_xcom.py for tasks to queue
[2024-10-18T23:38:44.229+0000] {logging_mixin.py:190} INFO - [2024-10-18T23:38:44.229+0000] {dagbag.py:588} INFO - Filling up the DagBag from /home/airflow/.local/lib/python3.12/site-packages/airflow/example_dags/example_xcom.py
[2024-10-18T23:38:44.237+0000] {processor.py:925} INFO - DAG(s) 'example_xcom' retrieved from /home/airflow/.local/lib/python3.12/site-packages/airflow/example_dags/example_xcom.py
[2024-10-18T23:38:44.257+0000] {logging_mixin.py:190} INFO - [2024-10-18T23:38:44.256+0000] {dag.py:3239} INFO - Sync 1 DAGs
[2024-10-18T23:38:44.276+0000] {logging_mixin.py:190} INFO - [2024-10-18T23:38:44.276+0000] {dag.py:4180} INFO - Setting next_dagrun for example_xcom to 2021-01-01 00:00:00+00:00, run_after=2021-01-01 00:00:00+00:00
[2024-10-18T23:38:44.309+0000] {processor.py:208} INFO - Processing /home/airflow/.local/lib/python3.12/site-packages/airflow/example_dags/example_xcom.py took 0.089 seconds
[2024-10-18T23:39:14.976+0000] {processor.py:186} INFO - Started process (PID=839) to work on /home/airflow/.local/lib/python3.12/site-packages/airflow/example_dags/example_xcom.py
[2024-10-18T23:39:14.978+0000] {processor.py:914} INFO - Processing file /home/airflow/.local/lib/python3.12/site-packages/airflow/example_dags/example_xcom.py for tasks to queue
[2024-10-18T23:39:14.980+0000] {logging_mixin.py:190} INFO - [2024-10-18T23:39:14.980+0000] {dagbag.py:588} INFO - Filling up the DagBag from /home/airflow/.local/lib/python3.12/site-packages/airflow/example_dags/example_xcom.py
[2024-10-18T23:39:14.988+0000] {processor.py:925} INFO - DAG(s) 'example_xcom' retrieved from /home/airflow/.local/lib/python3.12/site-packages/airflow/example_dags/example_xcom.py
[2024-10-18T23:39:15.007+0000] {logging_mixin.py:190} INFO - [2024-10-18T23:39:15.006+0000] {dag.py:3239} INFO - Sync 1 DAGs
[2024-10-18T23:39:15.026+0000] {logging_mixin.py:190} INFO - [2024-10-18T23:39:15.026+0000] {dag.py:4180} INFO - Setting next_dagrun for example_xcom to 2021-01-01 00:00:00+00:00, run_after=2021-01-01 00:00:00+00:00
[2024-10-18T23:39:15.047+0000] {processor.py:208} INFO - Processing /home/airflow/.local/lib/python3.12/site-packages/airflow/example_dags/example_xcom.py took 0.075 seconds
[2024-10-18T23:39:45.868+0000] {processor.py:186} INFO - Started process (PID=901) to work on /home/airflow/.local/lib/python3.12/site-packages/airflow/example_dags/example_xcom.py
[2024-10-18T23:39:45.869+0000] {processor.py:914} INFO - Processing file /home/airflow/.local/lib/python3.12/site-packages/airflow/example_dags/example_xcom.py for tasks to queue
[2024-10-18T23:39:45.872+0000] {logging_mixin.py:190} INFO - [2024-10-18T23:39:45.872+0000] {dagbag.py:588} INFO - Filling up the DagBag from /home/airflow/.local/lib/python3.12/site-packages/airflow/example_dags/example_xcom.py
[2024-10-18T23:39:45.879+0000] {processor.py:925} INFO - DAG(s) 'example_xcom' retrieved from /home/airflow/.local/lib/python3.12/site-packages/airflow/example_dags/example_xcom.py
[2024-10-18T23:39:45.898+0000] {logging_mixin.py:190} INFO - [2024-10-18T23:39:45.898+0000] {dag.py:3239} INFO - Sync 1 DAGs
[2024-10-18T23:39:45.917+0000] {logging_mixin.py:190} INFO - [2024-10-18T23:39:45.917+0000] {dag.py:4180} INFO - Setting next_dagrun for example_xcom to 2021-01-01 00:00:00+00:00, run_after=2021-01-01 00:00:00+00:00
[2024-10-18T23:39:45.939+0000] {processor.py:208} INFO - Processing /home/airflow/.local/lib/python3.12/site-packages/airflow/example_dags/example_xcom.py took 0.075 seconds
[2024-10-18T23:40:16.907+0000] {processor.py:186} INFO - Started process (PID=963) to work on /home/airflow/.local/lib/python3.12/site-packages/airflow/example_dags/example_xcom.py
[2024-10-18T23:40:16.908+0000] {processor.py:914} INFO - Processing file /home/airflow/.local/lib/python3.12/site-packages/airflow/example_dags/example_xcom.py for tasks to queue
[2024-10-18T23:40:16.910+0000] {logging_mixin.py:190} INFO - [2024-10-18T23:40:16.910+0000] {dagbag.py:588} INFO - Filling up the DagBag from /home/airflow/.local/lib/python3.12/site-packages/airflow/example_dags/example_xcom.py
[2024-10-18T23:40:16.921+0000] {processor.py:925} INFO - DAG(s) 'example_xcom' retrieved from /home/airflow/.local/lib/python3.12/site-packages/airflow/example_dags/example_xcom.py
[2024-10-18T23:40:16.943+0000] {logging_mixin.py:190} INFO - [2024-10-18T23:40:16.942+0000] {dag.py:3239} INFO - Sync 1 DAGs
[2024-10-18T23:40:16.966+0000] {logging_mixin.py:190} INFO - [2024-10-18T23:40:16.965+0000] {dag.py:4180} INFO - Setting next_dagrun for example_xcom to 2021-01-01 00:00:00+00:00, run_after=2021-01-01 00:00:00+00:00
[2024-10-18T23:40:16.985+0000] {processor.py:208} INFO - Processing /home/airflow/.local/lib/python3.12/site-packages/airflow/example_dags/example_xcom.py took 0.084 seconds
[2024-10-18T23:40:47.154+0000] {processor.py:186} INFO - Started process (PID=1025) to work on /home/airflow/.local/lib/python3.12/site-packages/airflow/example_dags/example_xcom.py
[2024-10-18T23:40:47.157+0000] {processor.py:914} INFO - Processing file /home/airflow/.local/lib/python3.12/site-packages/airflow/example_dags/example_xcom.py for tasks to queue
[2024-10-18T23:40:47.172+0000] {logging_mixin.py:190} INFO - [2024-10-18T23:40:47.169+0000] {dagbag.py:588} INFO - Filling up the DagBag from /home/airflow/.local/lib/python3.12/site-packages/airflow/example_dags/example_xcom.py
[2024-10-18T23:40:47.199+0000] {processor.py:925} INFO - DAG(s) 'example_xcom' retrieved from /home/airflow/.local/lib/python3.12/site-packages/airflow/example_dags/example_xcom.py
[2024-10-18T23:40:47.241+0000] {logging_mixin.py:190} INFO - [2024-10-18T23:40:47.240+0000] {dag.py:3239} INFO - Sync 1 DAGs
[2024-10-18T23:40:47.295+0000] {logging_mixin.py:190} INFO - [2024-10-18T23:40:47.294+0000] {dag.py:4180} INFO - Setting next_dagrun for example_xcom to 2021-01-01 00:00:00+00:00, run_after=2021-01-01 00:00:00+00:00
[2024-10-18T23:40:47.329+0000] {processor.py:208} INFO - Processing /home/airflow/.local/lib/python3.12/site-packages/airflow/example_dags/example_xcom.py took 0.188 seconds
[2024-10-18T23:41:17.744+0000] {processor.py:186} INFO - Started process (PID=1087) to work on /home/airflow/.local/lib/python3.12/site-packages/airflow/example_dags/example_xcom.py
[2024-10-18T23:41:17.748+0000] {processor.py:914} INFO - Processing file /home/airflow/.local/lib/python3.12/site-packages/airflow/example_dags/example_xcom.py for tasks to queue
[2024-10-18T23:41:17.751+0000] {logging_mixin.py:190} INFO - [2024-10-18T23:41:17.751+0000] {dagbag.py:588} INFO - Filling up the DagBag from /home/airflow/.local/lib/python3.12/site-packages/airflow/example_dags/example_xcom.py
[2024-10-18T23:41:17.759+0000] {processor.py:925} INFO - DAG(s) 'example_xcom' retrieved from /home/airflow/.local/lib/python3.12/site-packages/airflow/example_dags/example_xcom.py
[2024-10-18T23:41:17.779+0000] {logging_mixin.py:190} INFO - [2024-10-18T23:41:17.779+0000] {dag.py:3239} INFO - Sync 1 DAGs
[2024-10-18T23:41:17.800+0000] {logging_mixin.py:190} INFO - [2024-10-18T23:41:17.800+0000] {dag.py:4180} INFO - Setting next_dagrun for example_xcom to 2021-01-01 00:00:00+00:00, run_after=2021-01-01 00:00:00+00:00
[2024-10-18T23:41:17.820+0000] {processor.py:208} INFO - Processing /home/airflow/.local/lib/python3.12/site-packages/airflow/example_dags/example_xcom.py took 0.081 seconds
[2024-10-18T23:41:49.504+0000] {processor.py:186} INFO - Started process (PID=1149) to work on /home/airflow/.local/lib/python3.12/site-packages/airflow/example_dags/example_xcom.py
[2024-10-18T23:41:49.508+0000] {processor.py:914} INFO - Processing file /home/airflow/.local/lib/python3.12/site-packages/airflow/example_dags/example_xcom.py for tasks to queue
[2024-10-18T23:41:49.540+0000] {logging_mixin.py:190} INFO - [2024-10-18T23:41:49.536+0000] {dagbag.py:588} INFO - Filling up the DagBag from /home/airflow/.local/lib/python3.12/site-packages/airflow/example_dags/example_xcom.py
[2024-10-18T23:41:49.652+0000] {processor.py:925} INFO - DAG(s) 'example_xcom' retrieved from /home/airflow/.local/lib/python3.12/site-packages/airflow/example_dags/example_xcom.py
[2024-10-18T23:41:49.806+0000] {logging_mixin.py:190} INFO - [2024-10-18T23:41:49.803+0000] {dag.py:3239} INFO - Sync 1 DAGs
[2024-10-18T23:41:49.993+0000] {logging_mixin.py:190} INFO - [2024-10-18T23:41:49.992+0000] {dag.py:4180} INFO - Setting next_dagrun for example_xcom to 2021-01-01 00:00:00+00:00, run_after=2021-01-01 00:00:00+00:00
[2024-10-18T23:41:50.104+0000] {processor.py:208} INFO - Processing /home/airflow/.local/lib/python3.12/site-packages/airflow/example_dags/example_xcom.py took 0.680 seconds
[2024-10-18T23:42:21.261+0000] {processor.py:186} INFO - Started process (PID=1211) to work on /home/airflow/.local/lib/python3.12/site-packages/airflow/example_dags/example_xcom.py
[2024-10-18T23:42:21.264+0000] {processor.py:914} INFO - Processing file /home/airflow/.local/lib/python3.12/site-packages/airflow/example_dags/example_xcom.py for tasks to queue
[2024-10-18T23:42:21.289+0000] {logging_mixin.py:190} INFO - [2024-10-18T23:42:21.267+0000] {dagbag.py:588} INFO - Filling up the DagBag from /home/airflow/.local/lib/python3.12/site-packages/airflow/example_dags/example_xcom.py
[2024-10-18T23:42:21.310+0000] {processor.py:925} INFO - DAG(s) 'example_xcom' retrieved from /home/airflow/.local/lib/python3.12/site-packages/airflow/example_dags/example_xcom.py
[2024-10-18T23:42:21.342+0000] {logging_mixin.py:190} INFO - [2024-10-18T23:42:21.341+0000] {dag.py:3239} INFO - Sync 1 DAGs
[2024-10-18T23:42:21.370+0000] {logging_mixin.py:190} INFO - [2024-10-18T23:42:21.369+0000] {dag.py:4180} INFO - Setting next_dagrun for example_xcom to 2021-01-01 00:00:00+00:00, run_after=2021-01-01 00:00:00+00:00
[2024-10-18T23:42:21.410+0000] {processor.py:208} INFO - Processing /home/airflow/.local/lib/python3.12/site-packages/airflow/example_dags/example_xcom.py took 0.161 seconds
[2024-10-18T23:42:51.591+0000] {processor.py:186} INFO - Started process (PID=1273) to work on /home/airflow/.local/lib/python3.12/site-packages/airflow/example_dags/example_xcom.py
[2024-10-18T23:42:51.593+0000] {processor.py:914} INFO - Processing file /home/airflow/.local/lib/python3.12/site-packages/airflow/example_dags/example_xcom.py for tasks to queue
[2024-10-18T23:42:51.597+0000] {logging_mixin.py:190} INFO - [2024-10-18T23:42:51.596+0000] {dagbag.py:588} INFO - Filling up the DagBag from /home/airflow/.local/lib/python3.12/site-packages/airflow/example_dags/example_xcom.py
[2024-10-18T23:42:51.610+0000] {processor.py:925} INFO - DAG(s) 'example_xcom' retrieved from /home/airflow/.local/lib/python3.12/site-packages/airflow/example_dags/example_xcom.py
[2024-10-18T23:42:51.638+0000] {logging_mixin.py:190} INFO - [2024-10-18T23:42:51.638+0000] {dag.py:3239} INFO - Sync 1 DAGs
[2024-10-18T23:42:51.669+0000] {logging_mixin.py:190} INFO - [2024-10-18T23:42:51.668+0000] {dag.py:4180} INFO - Setting next_dagrun for example_xcom to 2021-01-01 00:00:00+00:00, run_after=2021-01-01 00:00:00+00:00
[2024-10-18T23:42:51.696+0000] {processor.py:208} INFO - Processing /home/airflow/.local/lib/python3.12/site-packages/airflow/example_dags/example_xcom.py took 0.112 seconds
[2024-10-18T23:43:22.583+0000] {processor.py:186} INFO - Started process (PID=1335) to work on /home/airflow/.local/lib/python3.12/site-packages/airflow/example_dags/example_xcom.py
[2024-10-18T23:43:22.585+0000] {processor.py:914} INFO - Processing file /home/airflow/.local/lib/python3.12/site-packages/airflow/example_dags/example_xcom.py for tasks to queue
[2024-10-18T23:43:22.587+0000] {logging_mixin.py:190} INFO - [2024-10-18T23:43:22.587+0000] {dagbag.py:588} INFO - Filling up the DagBag from /home/airflow/.local/lib/python3.12/site-packages/airflow/example_dags/example_xcom.py
[2024-10-18T23:43:22.595+0000] {processor.py:925} INFO - DAG(s) 'example_xcom' retrieved from /home/airflow/.local/lib/python3.12/site-packages/airflow/example_dags/example_xcom.py
[2024-10-18T23:43:22.615+0000] {logging_mixin.py:190} INFO - [2024-10-18T23:43:22.614+0000] {dag.py:3239} INFO - Sync 1 DAGs
[2024-10-18T23:43:22.634+0000] {logging_mixin.py:190} INFO - [2024-10-18T23:43:22.634+0000] {dag.py:4180} INFO - Setting next_dagrun for example_xcom to 2021-01-01 00:00:00+00:00, run_after=2021-01-01 00:00:00+00:00
[2024-10-18T23:43:22.653+0000] {processor.py:208} INFO - Processing /home/airflow/.local/lib/python3.12/site-packages/airflow/example_dags/example_xcom.py took 0.074 seconds
[2024-10-18T23:43:53.086+0000] {processor.py:186} INFO - Started process (PID=1397) to work on /home/airflow/.local/lib/python3.12/site-packages/airflow/example_dags/example_xcom.py
[2024-10-18T23:43:53.087+0000] {processor.py:914} INFO - Processing file /home/airflow/.local/lib/python3.12/site-packages/airflow/example_dags/example_xcom.py for tasks to queue
[2024-10-18T23:43:53.089+0000] {logging_mixin.py:190} INFO - [2024-10-18T23:43:53.089+0000] {dagbag.py:588} INFO - Filling up the DagBag from /home/airflow/.local/lib/python3.12/site-packages/airflow/example_dags/example_xcom.py
[2024-10-18T23:43:53.097+0000] {processor.py:925} INFO - DAG(s) 'example_xcom' retrieved from /home/airflow/.local/lib/python3.12/site-packages/airflow/example_dags/example_xcom.py
[2024-10-18T23:43:53.116+0000] {logging_mixin.py:190} INFO - [2024-10-18T23:43:53.115+0000] {dag.py:3239} INFO - Sync 1 DAGs
[2024-10-18T23:43:53.135+0000] {logging_mixin.py:190} INFO - [2024-10-18T23:43:53.135+0000] {dag.py:4180} INFO - Setting next_dagrun for example_xcom to 2021-01-01 00:00:00+00:00, run_after=2021-01-01 00:00:00+00:00
[2024-10-18T23:43:53.163+0000] {processor.py:208} INFO - Processing /home/airflow/.local/lib/python3.12/site-packages/airflow/example_dags/example_xcom.py took 0.082 seconds
[2024-10-18T23:44:23.424+0000] {processor.py:186} INFO - Started process (PID=1459) to work on /home/airflow/.local/lib/python3.12/site-packages/airflow/example_dags/example_xcom.py
[2024-10-18T23:44:23.426+0000] {processor.py:914} INFO - Processing file /home/airflow/.local/lib/python3.12/site-packages/airflow/example_dags/example_xcom.py for tasks to queue
[2024-10-18T23:44:23.428+0000] {logging_mixin.py:190} INFO - [2024-10-18T23:44:23.428+0000] {dagbag.py:588} INFO - Filling up the DagBag from /home/airflow/.local/lib/python3.12/site-packages/airflow/example_dags/example_xcom.py
[2024-10-18T23:44:23.438+0000] {processor.py:925} INFO - DAG(s) 'example_xcom' retrieved from /home/airflow/.local/lib/python3.12/site-packages/airflow/example_dags/example_xcom.py
[2024-10-18T23:44:23.461+0000] {logging_mixin.py:190} INFO - [2024-10-18T23:44:23.461+0000] {dag.py:3239} INFO - Sync 1 DAGs
[2024-10-18T23:44:23.482+0000] {logging_mixin.py:190} INFO - [2024-10-18T23:44:23.482+0000] {dag.py:4180} INFO - Setting next_dagrun for example_xcom to 2021-01-01 00:00:00+00:00, run_after=2021-01-01 00:00:00+00:00
[2024-10-18T23:44:23.501+0000] {processor.py:208} INFO - Processing /home/airflow/.local/lib/python3.12/site-packages/airflow/example_dags/example_xcom.py took 0.082 seconds
[2024-10-18T23:44:53.939+0000] {processor.py:186} INFO - Started process (PID=1521) to work on /home/airflow/.local/lib/python3.12/site-packages/airflow/example_dags/example_xcom.py
[2024-10-18T23:44:53.940+0000] {processor.py:914} INFO - Processing file /home/airflow/.local/lib/python3.12/site-packages/airflow/example_dags/example_xcom.py for tasks to queue
[2024-10-18T23:44:53.943+0000] {logging_mixin.py:190} INFO - [2024-10-18T23:44:53.942+0000] {dagbag.py:588} INFO - Filling up the DagBag from /home/airflow/.local/lib/python3.12/site-packages/airflow/example_dags/example_xcom.py
[2024-10-18T23:44:53.950+0000] {processor.py:925} INFO - DAG(s) 'example_xcom' retrieved from /home/airflow/.local/lib/python3.12/site-packages/airflow/example_dags/example_xcom.py
[2024-10-18T23:44:53.969+0000] {logging_mixin.py:190} INFO - [2024-10-18T23:44:53.969+0000] {dag.py:3239} INFO - Sync 1 DAGs
[2024-10-18T23:44:53.989+0000] {logging_mixin.py:190} INFO - [2024-10-18T23:44:53.989+0000] {dag.py:4180} INFO - Setting next_dagrun for example_xcom to 2021-01-01 00:00:00+00:00, run_after=2021-01-01 00:00:00+00:00
[2024-10-18T23:44:54.007+0000] {processor.py:208} INFO - Processing /home/airflow/.local/lib/python3.12/site-packages/airflow/example_dags/example_xcom.py took 0.073 seconds
[2024-10-18T23:45:24.486+0000] {processor.py:186} INFO - Started process (PID=1583) to work on /home/airflow/.local/lib/python3.12/site-packages/airflow/example_dags/example_xcom.py
[2024-10-18T23:45:24.487+0000] {processor.py:914} INFO - Processing file /home/airflow/.local/lib/python3.12/site-packages/airflow/example_dags/example_xcom.py for tasks to queue
[2024-10-18T23:45:24.489+0000] {logging_mixin.py:190} INFO - [2024-10-18T23:45:24.489+0000] {dagbag.py:588} INFO - Filling up the DagBag from /home/airflow/.local/lib/python3.12/site-packages/airflow/example_dags/example_xcom.py
[2024-10-18T23:45:24.497+0000] {processor.py:925} INFO - DAG(s) 'example_xcom' retrieved from /home/airflow/.local/lib/python3.12/site-packages/airflow/example_dags/example_xcom.py
[2024-10-18T23:45:24.518+0000] {logging_mixin.py:190} INFO - [2024-10-18T23:45:24.517+0000] {dag.py:3239} INFO - Sync 1 DAGs
[2024-10-18T23:45:24.538+0000] {logging_mixin.py:190} INFO - [2024-10-18T23:45:24.538+0000] {dag.py:4180} INFO - Setting next_dagrun for example_xcom to 2021-01-01 00:00:00+00:00, run_after=2021-01-01 00:00:00+00:00
[2024-10-18T23:45:24.556+0000] {processor.py:208} INFO - Processing /home/airflow/.local/lib/python3.12/site-packages/airflow/example_dags/example_xcom.py took 0.075 seconds
[2024-10-18T23:45:55.307+0000] {processor.py:186} INFO - Started process (PID=1645) to work on /home/airflow/.local/lib/python3.12/site-packages/airflow/example_dags/example_xcom.py
[2024-10-18T23:45:55.308+0000] {processor.py:914} INFO - Processing file /home/airflow/.local/lib/python3.12/site-packages/airflow/example_dags/example_xcom.py for tasks to queue
[2024-10-18T23:45:55.311+0000] {logging_mixin.py:190} INFO - [2024-10-18T23:45:55.310+0000] {dagbag.py:588} INFO - Filling up the DagBag from /home/airflow/.local/lib/python3.12/site-packages/airflow/example_dags/example_xcom.py
[2024-10-18T23:45:55.318+0000] {processor.py:925} INFO - DAG(s) 'example_xcom' retrieved from /home/airflow/.local/lib/python3.12/site-packages/airflow/example_dags/example_xcom.py
[2024-10-18T23:45:55.336+0000] {logging_mixin.py:190} INFO - [2024-10-18T23:45:55.336+0000] {dag.py:3239} INFO - Sync 1 DAGs
[2024-10-18T23:45:55.356+0000] {logging_mixin.py:190} INFO - [2024-10-18T23:45:55.356+0000] {dag.py:4180} INFO - Setting next_dagrun for example_xcom to 2021-01-01 00:00:00+00:00, run_after=2021-01-01 00:00:00+00:00
[2024-10-18T23:45:55.375+0000] {processor.py:208} INFO - Processing /home/airflow/.local/lib/python3.12/site-packages/airflow/example_dags/example_xcom.py took 0.073 seconds
[2024-10-18T23:46:26.040+0000] {processor.py:186} INFO - Started process (PID=1707) to work on /home/airflow/.local/lib/python3.12/site-packages/airflow/example_dags/example_xcom.py
[2024-10-18T23:46:26.041+0000] {processor.py:914} INFO - Processing file /home/airflow/.local/lib/python3.12/site-packages/airflow/example_dags/example_xcom.py for tasks to queue
[2024-10-18T23:46:26.044+0000] {logging_mixin.py:190} INFO - [2024-10-18T23:46:26.044+0000] {dagbag.py:588} INFO - Filling up the DagBag from /home/airflow/.local/lib/python3.12/site-packages/airflow/example_dags/example_xcom.py
[2024-10-18T23:46:26.052+0000] {processor.py:925} INFO - DAG(s) 'example_xcom' retrieved from /home/airflow/.local/lib/python3.12/site-packages/airflow/example_dags/example_xcom.py
[2024-10-18T23:46:26.071+0000] {logging_mixin.py:190} INFO - [2024-10-18T23:46:26.070+0000] {dag.py:3239} INFO - Sync 1 DAGs
[2024-10-18T23:46:26.089+0000] {logging_mixin.py:190} INFO - [2024-10-18T23:46:26.089+0000] {dag.py:4180} INFO - Setting next_dagrun for example_xcom to 2021-01-01 00:00:00+00:00, run_after=2021-01-01 00:00:00+00:00
[2024-10-18T23:46:26.116+0000] {processor.py:208} INFO - Processing /home/airflow/.local/lib/python3.12/site-packages/airflow/example_dags/example_xcom.py took 0.081 seconds
[2024-10-18T23:46:56.523+0000] {processor.py:186} INFO - Started process (PID=1769) to work on /home/airflow/.local/lib/python3.12/site-packages/airflow/example_dags/example_xcom.py
[2024-10-18T23:46:56.524+0000] {processor.py:914} INFO - Processing file /home/airflow/.local/lib/python3.12/site-packages/airflow/example_dags/example_xcom.py for tasks to queue
[2024-10-18T23:46:56.527+0000] {logging_mixin.py:190} INFO - [2024-10-18T23:46:56.526+0000] {dagbag.py:588} INFO - Filling up the DagBag from /home/airflow/.local/lib/python3.12/site-packages/airflow/example_dags/example_xcom.py
[2024-10-18T23:46:56.534+0000] {processor.py:925} INFO - DAG(s) 'example_xcom' retrieved from /home/airflow/.local/lib/python3.12/site-packages/airflow/example_dags/example_xcom.py
[2024-10-18T23:46:56.554+0000] {logging_mixin.py:190} INFO - [2024-10-18T23:46:56.554+0000] {dag.py:3239} INFO - Sync 1 DAGs
[2024-10-18T23:46:56.575+0000] {logging_mixin.py:190} INFO - [2024-10-18T23:46:56.575+0000] {dag.py:4180} INFO - Setting next_dagrun for example_xcom to 2021-01-01 00:00:00+00:00, run_after=2021-01-01 00:00:00+00:00
[2024-10-18T23:46:56.596+0000] {processor.py:208} INFO - Processing /home/airflow/.local/lib/python3.12/site-packages/airflow/example_dags/example_xcom.py took 0.078 seconds
[2024-10-18T23:47:27.540+0000] {processor.py:186} INFO - Started process (PID=1831) to work on /home/airflow/.local/lib/python3.12/site-packages/airflow/example_dags/example_xcom.py
[2024-10-18T23:47:27.541+0000] {processor.py:914} INFO - Processing file /home/airflow/.local/lib/python3.12/site-packages/airflow/example_dags/example_xcom.py for tasks to queue
[2024-10-18T23:47:27.544+0000] {logging_mixin.py:190} INFO - [2024-10-18T23:47:27.544+0000] {dagbag.py:588} INFO - Filling up the DagBag from /home/airflow/.local/lib/python3.12/site-packages/airflow/example_dags/example_xcom.py
[2024-10-18T23:47:27.553+0000] {processor.py:925} INFO - DAG(s) 'example_xcom' retrieved from /home/airflow/.local/lib/python3.12/site-packages/airflow/example_dags/example_xcom.py
[2024-10-18T23:47:27.574+0000] {logging_mixin.py:190} INFO - [2024-10-18T23:47:27.574+0000] {dag.py:3239} INFO - Sync 1 DAGs
[2024-10-18T23:47:27.596+0000] {logging_mixin.py:190} INFO - [2024-10-18T23:47:27.595+0000] {dag.py:4180} INFO - Setting next_dagrun for example_xcom to 2021-01-01 00:00:00+00:00, run_after=2021-01-01 00:00:00+00:00
[2024-10-18T23:47:27.616+0000] {processor.py:208} INFO - Processing /home/airflow/.local/lib/python3.12/site-packages/airflow/example_dags/example_xcom.py took 0.081 seconds
[2024-10-18T23:47:58.006+0000] {processor.py:186} INFO - Started process (PID=1893) to work on /home/airflow/.local/lib/python3.12/site-packages/airflow/example_dags/example_xcom.py
[2024-10-18T23:47:58.008+0000] {processor.py:914} INFO - Processing file /home/airflow/.local/lib/python3.12/site-packages/airflow/example_dags/example_xcom.py for tasks to queue
[2024-10-18T23:47:58.012+0000] {logging_mixin.py:190} INFO - [2024-10-18T23:47:58.011+0000] {dagbag.py:588} INFO - Filling up the DagBag from /home/airflow/.local/lib/python3.12/site-packages/airflow/example_dags/example_xcom.py
[2024-10-18T23:47:58.023+0000] {processor.py:925} INFO - DAG(s) 'example_xcom' retrieved from /home/airflow/.local/lib/python3.12/site-packages/airflow/example_dags/example_xcom.py
[2024-10-18T23:47:58.049+0000] {logging_mixin.py:190} INFO - [2024-10-18T23:47:58.049+0000] {dag.py:3239} INFO - Sync 1 DAGs
[2024-10-18T23:47:58.078+0000] {logging_mixin.py:190} INFO - [2024-10-18T23:47:58.078+0000] {dag.py:4180} INFO - Setting next_dagrun for example_xcom to 2021-01-01 00:00:00+00:00, run_after=2021-01-01 00:00:00+00:00
[2024-10-18T23:47:58.102+0000] {processor.py:208} INFO - Processing /home/airflow/.local/lib/python3.12/site-packages/airflow/example_dags/example_xcom.py took 0.104 seconds
[2024-10-18T23:48:32.589+0000] {processor.py:186} INFO - Started process (PID=1940) to work on /home/airflow/.local/lib/python3.12/site-packages/airflow/example_dags/example_xcom.py
[2024-10-18T23:48:32.592+0000] {processor.py:914} INFO - Processing file /home/airflow/.local/lib/python3.12/site-packages/airflow/example_dags/example_xcom.py for tasks to queue
[2024-10-18T23:48:32.597+0000] {logging_mixin.py:190} INFO - [2024-10-18T23:48:32.596+0000] {dagbag.py:588} INFO - Filling up the DagBag from /home/airflow/.local/lib/python3.12/site-packages/airflow/example_dags/example_xcom.py
[2024-10-18T23:48:32.621+0000] {processor.py:925} INFO - DAG(s) 'example_xcom' retrieved from /home/airflow/.local/lib/python3.12/site-packages/airflow/example_dags/example_xcom.py
[2024-10-18T23:48:32.662+0000] {logging_mixin.py:190} INFO - [2024-10-18T23:48:32.662+0000] {dag.py:3239} INFO - Sync 1 DAGs
[2024-10-18T23:48:32.713+0000] {logging_mixin.py:190} INFO - [2024-10-18T23:48:32.712+0000] {dag.py:4180} INFO - Setting next_dagrun for example_xcom to 2021-01-01 00:00:00+00:00, run_after=2021-01-01 00:00:00+00:00
[2024-10-18T23:48:32.754+0000] {processor.py:208} INFO - Processing /home/airflow/.local/lib/python3.12/site-packages/airflow/example_dags/example_xcom.py took 0.178 seconds
[2024-10-18T23:49:03.809+0000] {processor.py:186} INFO - Started process (PID=2001) to work on /home/airflow/.local/lib/python3.12/site-packages/airflow/example_dags/example_xcom.py
[2024-10-18T23:49:03.926+0000] {processor.py:914} INFO - Processing file /home/airflow/.local/lib/python3.12/site-packages/airflow/example_dags/example_xcom.py for tasks to queue
[2024-10-18T23:49:03.933+0000] {logging_mixin.py:190} INFO - [2024-10-18T23:49:03.932+0000] {dagbag.py:588} INFO - Filling up the DagBag from /home/airflow/.local/lib/python3.12/site-packages/airflow/example_dags/example_xcom.py
[2024-10-18T23:49:03.946+0000] {processor.py:925} INFO - DAG(s) 'example_xcom' retrieved from /home/airflow/.local/lib/python3.12/site-packages/airflow/example_dags/example_xcom.py
[2024-10-18T23:49:03.978+0000] {logging_mixin.py:190} INFO - [2024-10-18T23:49:03.978+0000] {dag.py:3239} INFO - Sync 1 DAGs
[2024-10-18T23:49:04.017+0000] {logging_mixin.py:190} INFO - [2024-10-18T23:49:04.017+0000] {dag.py:4180} INFO - Setting next_dagrun for example_xcom to 2021-01-01 00:00:00+00:00, run_after=2021-01-01 00:00:00+00:00
[2024-10-18T23:49:04.118+0000] {processor.py:208} INFO - Processing /home/airflow/.local/lib/python3.12/site-packages/airflow/example_dags/example_xcom.py took 0.317 seconds
[2024-10-18T23:49:35.052+0000] {processor.py:186} INFO - Started process (PID=2063) to work on /home/airflow/.local/lib/python3.12/site-packages/airflow/example_dags/example_xcom.py
[2024-10-18T23:49:35.054+0000] {processor.py:914} INFO - Processing file /home/airflow/.local/lib/python3.12/site-packages/airflow/example_dags/example_xcom.py for tasks to queue
[2024-10-18T23:49:35.057+0000] {logging_mixin.py:190} INFO - [2024-10-18T23:49:35.057+0000] {dagbag.py:588} INFO - Filling up the DagBag from /home/airflow/.local/lib/python3.12/site-packages/airflow/example_dags/example_xcom.py
[2024-10-18T23:49:35.071+0000] {processor.py:925} INFO - DAG(s) 'example_xcom' retrieved from /home/airflow/.local/lib/python3.12/site-packages/airflow/example_dags/example_xcom.py
[2024-10-18T23:49:35.093+0000] {logging_mixin.py:190} INFO - [2024-10-18T23:49:35.093+0000] {dag.py:3239} INFO - Sync 1 DAGs
[2024-10-18T23:49:35.114+0000] {logging_mixin.py:190} INFO - [2024-10-18T23:49:35.114+0000] {dag.py:4180} INFO - Setting next_dagrun for example_xcom to 2021-01-01 00:00:00+00:00, run_after=2021-01-01 00:00:00+00:00
[2024-10-18T23:49:35.138+0000] {processor.py:208} INFO - Processing /home/airflow/.local/lib/python3.12/site-packages/airflow/example_dags/example_xcom.py took 0.093 seconds
[2024-10-18T23:50:05.425+0000] {processor.py:186} INFO - Started process (PID=2125) to work on /home/airflow/.local/lib/python3.12/site-packages/airflow/example_dags/example_xcom.py
[2024-10-18T23:50:05.426+0000] {processor.py:914} INFO - Processing file /home/airflow/.local/lib/python3.12/site-packages/airflow/example_dags/example_xcom.py for tasks to queue
[2024-10-18T23:50:05.429+0000] {logging_mixin.py:190} INFO - [2024-10-18T23:50:05.428+0000] {dagbag.py:588} INFO - Filling up the DagBag from /home/airflow/.local/lib/python3.12/site-packages/airflow/example_dags/example_xcom.py
[2024-10-18T23:50:05.437+0000] {processor.py:925} INFO - DAG(s) 'example_xcom' retrieved from /home/airflow/.local/lib/python3.12/site-packages/airflow/example_dags/example_xcom.py
[2024-10-18T23:50:05.463+0000] {logging_mixin.py:190} INFO - [2024-10-18T23:50:05.463+0000] {dag.py:3239} INFO - Sync 1 DAGs
[2024-10-18T23:50:05.489+0000] {logging_mixin.py:190} INFO - [2024-10-18T23:50:05.489+0000] {dag.py:4180} INFO - Setting next_dagrun for example_xcom to 2021-01-01 00:00:00+00:00, run_after=2021-01-01 00:00:00+00:00
[2024-10-18T23:50:05.516+0000] {processor.py:208} INFO - Processing /home/airflow/.local/lib/python3.12/site-packages/airflow/example_dags/example_xcom.py took 0.097 seconds
[2024-10-18T23:50:36.130+0000] {processor.py:186} INFO - Started process (PID=2187) to work on /home/airflow/.local/lib/python3.12/site-packages/airflow/example_dags/example_xcom.py
[2024-10-18T23:50:36.137+0000] {processor.py:914} INFO - Processing file /home/airflow/.local/lib/python3.12/site-packages/airflow/example_dags/example_xcom.py for tasks to queue
[2024-10-18T23:50:36.141+0000] {logging_mixin.py:190} INFO - [2024-10-18T23:50:36.141+0000] {dagbag.py:588} INFO - Filling up the DagBag from /home/airflow/.local/lib/python3.12/site-packages/airflow/example_dags/example_xcom.py
[2024-10-18T23:50:36.169+0000] {processor.py:925} INFO - DAG(s) 'example_xcom' retrieved from /home/airflow/.local/lib/python3.12/site-packages/airflow/example_dags/example_xcom.py
[2024-10-18T23:50:36.229+0000] {logging_mixin.py:190} INFO - [2024-10-18T23:50:36.229+0000] {dag.py:3239} INFO - Sync 1 DAGs
[2024-10-18T23:50:36.279+0000] {logging_mixin.py:190} INFO - [2024-10-18T23:50:36.278+0000] {dag.py:4180} INFO - Setting next_dagrun for example_xcom to 2021-01-01 00:00:00+00:00, run_after=2021-01-01 00:00:00+00:00
[2024-10-18T23:50:36.320+0000] {processor.py:208} INFO - Processing /home/airflow/.local/lib/python3.12/site-packages/airflow/example_dags/example_xcom.py took 0.202 seconds
[2024-10-18T23:51:06.663+0000] {processor.py:186} INFO - Started process (PID=2248) to work on /home/airflow/.local/lib/python3.12/site-packages/airflow/example_dags/example_xcom.py
[2024-10-18T23:51:06.665+0000] {processor.py:914} INFO - Processing file /home/airflow/.local/lib/python3.12/site-packages/airflow/example_dags/example_xcom.py for tasks to queue
[2024-10-18T23:51:06.668+0000] {logging_mixin.py:190} INFO - [2024-10-18T23:51:06.668+0000] {dagbag.py:588} INFO - Filling up the DagBag from /home/airflow/.local/lib/python3.12/site-packages/airflow/example_dags/example_xcom.py
[2024-10-18T23:51:06.678+0000] {processor.py:925} INFO - DAG(s) 'example_xcom' retrieved from /home/airflow/.local/lib/python3.12/site-packages/airflow/example_dags/example_xcom.py
[2024-10-18T23:51:06.711+0000] {logging_mixin.py:190} INFO - [2024-10-18T23:51:06.710+0000] {dag.py:3239} INFO - Sync 1 DAGs
[2024-10-18T23:51:06.739+0000] {logging_mixin.py:190} INFO - [2024-10-18T23:51:06.738+0000] {dag.py:4180} INFO - Setting next_dagrun for example_xcom to 2021-01-01 00:00:00+00:00, run_after=2021-01-01 00:00:00+00:00
[2024-10-18T23:51:06.762+0000] {processor.py:208} INFO - Processing /home/airflow/.local/lib/python3.12/site-packages/airflow/example_dags/example_xcom.py took 0.106 seconds
[2024-10-18T23:51:37.158+0000] {processor.py:186} INFO - Started process (PID=2311) to work on /home/airflow/.local/lib/python3.12/site-packages/airflow/example_dags/example_xcom.py
[2024-10-18T23:51:37.160+0000] {processor.py:914} INFO - Processing file /home/airflow/.local/lib/python3.12/site-packages/airflow/example_dags/example_xcom.py for tasks to queue
[2024-10-18T23:51:37.164+0000] {logging_mixin.py:190} INFO - [2024-10-18T23:51:37.164+0000] {dagbag.py:588} INFO - Filling up the DagBag from /home/airflow/.local/lib/python3.12/site-packages/airflow/example_dags/example_xcom.py
[2024-10-18T23:51:37.181+0000] {processor.py:925} INFO - DAG(s) 'example_xcom' retrieved from /home/airflow/.local/lib/python3.12/site-packages/airflow/example_dags/example_xcom.py
[2024-10-18T23:51:37.220+0000] {logging_mixin.py:190} INFO - [2024-10-18T23:51:37.219+0000] {dag.py:3239} INFO - Sync 1 DAGs
[2024-10-18T23:51:37.259+0000] {logging_mixin.py:190} INFO - [2024-10-18T23:51:37.259+0000] {dag.py:4180} INFO - Setting next_dagrun for example_xcom to 2021-01-01 00:00:00+00:00, run_after=2021-01-01 00:00:00+00:00
[2024-10-18T23:51:37.290+0000] {processor.py:208} INFO - Processing /home/airflow/.local/lib/python3.12/site-packages/airflow/example_dags/example_xcom.py took 0.146 seconds
[2024-10-18T23:52:10.449+0000] {processor.py:186} INFO - Started process (PID=2372) to work on /home/airflow/.local/lib/python3.12/site-packages/airflow/example_dags/example_xcom.py
[2024-10-18T23:52:10.473+0000] {processor.py:914} INFO - Processing file /home/airflow/.local/lib/python3.12/site-packages/airflow/example_dags/example_xcom.py for tasks to queue
[2024-10-18T23:52:10.530+0000] {logging_mixin.py:190} INFO - [2024-10-18T23:52:10.529+0000] {dagbag.py:588} INFO - Filling up the DagBag from /home/airflow/.local/lib/python3.12/site-packages/airflow/example_dags/example_xcom.py
[2024-10-18T23:52:10.634+0000] {processor.py:925} INFO - DAG(s) 'example_xcom' retrieved from /home/airflow/.local/lib/python3.12/site-packages/airflow/example_dags/example_xcom.py
[2024-10-18T23:52:10.968+0000] {logging_mixin.py:190} INFO - [2024-10-18T23:52:10.967+0000] {dag.py:3239} INFO - Sync 1 DAGs
[2024-10-18T23:52:11.086+0000] {logging_mixin.py:190} INFO - [2024-10-18T23:52:11.084+0000] {dag.py:4180} INFO - Setting next_dagrun for example_xcom to 2021-01-01 00:00:00+00:00, run_after=2021-01-01 00:00:00+00:00
[2024-10-18T23:52:11.157+0000] {processor.py:208} INFO - Processing /home/airflow/.local/lib/python3.12/site-packages/airflow/example_dags/example_xcom.py took 0.894 seconds
[2024-10-18T23:52:41.528+0000] {processor.py:186} INFO - Started process (PID=2433) to work on /home/airflow/.local/lib/python3.12/site-packages/airflow/example_dags/example_xcom.py
[2024-10-18T23:52:41.530+0000] {processor.py:914} INFO - Processing file /home/airflow/.local/lib/python3.12/site-packages/airflow/example_dags/example_xcom.py for tasks to queue
[2024-10-18T23:52:41.533+0000] {logging_mixin.py:190} INFO - [2024-10-18T23:52:41.533+0000] {dagbag.py:588} INFO - Filling up the DagBag from /home/airflow/.local/lib/python3.12/site-packages/airflow/example_dags/example_xcom.py
[2024-10-18T23:52:41.544+0000] {processor.py:925} INFO - DAG(s) 'example_xcom' retrieved from /home/airflow/.local/lib/python3.12/site-packages/airflow/example_dags/example_xcom.py
[2024-10-18T23:52:41.572+0000] {logging_mixin.py:190} INFO - [2024-10-18T23:52:41.572+0000] {dag.py:3239} INFO - Sync 1 DAGs
[2024-10-18T23:52:41.600+0000] {logging_mixin.py:190} INFO - [2024-10-18T23:52:41.600+0000] {dag.py:4180} INFO - Setting next_dagrun for example_xcom to 2021-01-01 00:00:00+00:00, run_after=2021-01-01 00:00:00+00:00
[2024-10-18T23:52:41.624+0000] {processor.py:208} INFO - Processing /home/airflow/.local/lib/python3.12/site-packages/airflow/example_dags/example_xcom.py took 0.102 seconds
[2024-10-18T23:53:12.412+0000] {processor.py:186} INFO - Started process (PID=2501) to work on /home/airflow/.local/lib/python3.12/site-packages/airflow/example_dags/example_xcom.py
[2024-10-18T23:53:12.415+0000] {processor.py:914} INFO - Processing file /home/airflow/.local/lib/python3.12/site-packages/airflow/example_dags/example_xcom.py for tasks to queue
[2024-10-18T23:53:12.433+0000] {logging_mixin.py:190} INFO - [2024-10-18T23:53:12.432+0000] {dagbag.py:588} INFO - Filling up the DagBag from /home/airflow/.local/lib/python3.12/site-packages/airflow/example_dags/example_xcom.py
[2024-10-18T23:53:12.488+0000] {processor.py:925} INFO - DAG(s) 'example_xcom' retrieved from /home/airflow/.local/lib/python3.12/site-packages/airflow/example_dags/example_xcom.py
[2024-10-18T23:53:12.601+0000] {logging_mixin.py:190} INFO - [2024-10-18T23:53:12.600+0000] {dag.py:3239} INFO - Sync 1 DAGs
[2024-10-18T23:53:12.749+0000] {logging_mixin.py:190} INFO - [2024-10-18T23:53:12.749+0000] {dag.py:4180} INFO - Setting next_dagrun for example_xcom to 2021-01-01 00:00:00+00:00, run_after=2021-01-01 00:00:00+00:00
[2024-10-18T23:53:12.825+0000] {processor.py:208} INFO - Processing /home/airflow/.local/lib/python3.12/site-packages/airflow/example_dags/example_xcom.py took 0.448 seconds
[2024-10-18T23:53:43.356+0000] {processor.py:186} INFO - Started process (PID=2563) to work on /home/airflow/.local/lib/python3.12/site-packages/airflow/example_dags/example_xcom.py
[2024-10-18T23:53:43.358+0000] {processor.py:914} INFO - Processing file /home/airflow/.local/lib/python3.12/site-packages/airflow/example_dags/example_xcom.py for tasks to queue
[2024-10-18T23:53:43.363+0000] {logging_mixin.py:190} INFO - [2024-10-18T23:53:43.362+0000] {dagbag.py:588} INFO - Filling up the DagBag from /home/airflow/.local/lib/python3.12/site-packages/airflow/example_dags/example_xcom.py
[2024-10-18T23:53:43.379+0000] {processor.py:925} INFO - DAG(s) 'example_xcom' retrieved from /home/airflow/.local/lib/python3.12/site-packages/airflow/example_dags/example_xcom.py
[2024-10-18T23:53:43.417+0000] {logging_mixin.py:190} INFO - [2024-10-18T23:53:43.416+0000] {dag.py:3239} INFO - Sync 1 DAGs
[2024-10-18T23:53:43.462+0000] {logging_mixin.py:190} INFO - [2024-10-18T23:53:43.462+0000] {dag.py:4180} INFO - Setting next_dagrun for example_xcom to 2021-01-01 00:00:00+00:00, run_after=2021-01-01 00:00:00+00:00
[2024-10-18T23:53:43.497+0000] {processor.py:208} INFO - Processing /home/airflow/.local/lib/python3.12/site-packages/airflow/example_dags/example_xcom.py took 0.150 seconds
[2024-10-18T23:54:13.561+0000] {processor.py:186} INFO - Started process (PID=2625) to work on /home/airflow/.local/lib/python3.12/site-packages/airflow/example_dags/example_xcom.py
[2024-10-18T23:54:13.563+0000] {processor.py:914} INFO - Processing file /home/airflow/.local/lib/python3.12/site-packages/airflow/example_dags/example_xcom.py for tasks to queue
[2024-10-18T23:54:13.565+0000] {logging_mixin.py:190} INFO - [2024-10-18T23:54:13.565+0000] {dagbag.py:588} INFO - Filling up the DagBag from /home/airflow/.local/lib/python3.12/site-packages/airflow/example_dags/example_xcom.py
[2024-10-18T23:54:13.574+0000] {processor.py:925} INFO - DAG(s) 'example_xcom' retrieved from /home/airflow/.local/lib/python3.12/site-packages/airflow/example_dags/example_xcom.py
[2024-10-18T23:54:13.597+0000] {logging_mixin.py:190} INFO - [2024-10-18T23:54:13.597+0000] {dag.py:3239} INFO - Sync 1 DAGs
[2024-10-18T23:54:13.621+0000] {logging_mixin.py:190} INFO - [2024-10-18T23:54:13.621+0000] {dag.py:4180} INFO - Setting next_dagrun for example_xcom to 2021-01-01 00:00:00+00:00, run_after=2021-01-01 00:00:00+00:00
[2024-10-18T23:54:13.643+0000] {processor.py:208} INFO - Processing /home/airflow/.local/lib/python3.12/site-packages/airflow/example_dags/example_xcom.py took 0.087 seconds
[2024-10-18T23:54:44.338+0000] {processor.py:186} INFO - Started process (PID=2687) to work on /home/airflow/.local/lib/python3.12/site-packages/airflow/example_dags/example_xcom.py
[2024-10-18T23:54:44.340+0000] {processor.py:914} INFO - Processing file /home/airflow/.local/lib/python3.12/site-packages/airflow/example_dags/example_xcom.py for tasks to queue
[2024-10-18T23:54:44.347+0000] {logging_mixin.py:190} INFO - [2024-10-18T23:54:44.346+0000] {dagbag.py:588} INFO - Filling up the DagBag from /home/airflow/.local/lib/python3.12/site-packages/airflow/example_dags/example_xcom.py
[2024-10-18T23:54:44.369+0000] {processor.py:925} INFO - DAG(s) 'example_xcom' retrieved from /home/airflow/.local/lib/python3.12/site-packages/airflow/example_dags/example_xcom.py
[2024-10-18T23:54:44.424+0000] {logging_mixin.py:190} INFO - [2024-10-18T23:54:44.423+0000] {dag.py:3239} INFO - Sync 1 DAGs
[2024-10-18T23:54:44.494+0000] {logging_mixin.py:190} INFO - [2024-10-18T23:54:44.494+0000] {dag.py:4180} INFO - Setting next_dagrun for example_xcom to 2021-01-01 00:00:00+00:00, run_after=2021-01-01 00:00:00+00:00
[2024-10-18T23:54:46.208+0000] {processor.py:208} INFO - Processing /home/airflow/.local/lib/python3.12/site-packages/airflow/example_dags/example_xcom.py took 1.885 seconds
[2024-10-18T23:55:16.458+0000] {processor.py:186} INFO - Started process (PID=2748) to work on /home/airflow/.local/lib/python3.12/site-packages/airflow/example_dags/example_xcom.py
[2024-10-18T23:55:16.475+0000] {processor.py:914} INFO - Processing file /home/airflow/.local/lib/python3.12/site-packages/airflow/example_dags/example_xcom.py for tasks to queue
[2024-10-18T23:55:16.494+0000] {logging_mixin.py:190} INFO - [2024-10-18T23:55:16.482+0000] {dagbag.py:588} INFO - Filling up the DagBag from /home/airflow/.local/lib/python3.12/site-packages/airflow/example_dags/example_xcom.py
[2024-10-18T23:55:16.572+0000] {processor.py:925} INFO - DAG(s) 'example_xcom' retrieved from /home/airflow/.local/lib/python3.12/site-packages/airflow/example_dags/example_xcom.py
[2024-10-18T23:55:16.668+0000] {logging_mixin.py:190} INFO - [2024-10-18T23:55:16.667+0000] {dag.py:3239} INFO - Sync 1 DAGs
[2024-10-18T23:55:16.768+0000] {logging_mixin.py:190} INFO - [2024-10-18T23:55:16.767+0000] {dag.py:4180} INFO - Setting next_dagrun for example_xcom to 2021-01-01 00:00:00+00:00, run_after=2021-01-01 00:00:00+00:00
[2024-10-18T23:55:16.824+0000] {processor.py:208} INFO - Processing /home/airflow/.local/lib/python3.12/site-packages/airflow/example_dags/example_xcom.py took 0.397 seconds
[2024-10-18T23:56:46.309+0000] {processor.py:186} INFO - Started process (PID=2776) to work on /home/airflow/.local/lib/python3.12/site-packages/airflow/example_dags/example_xcom.py
[2024-10-18T23:56:46.312+0000] {processor.py:914} INFO - Processing file /home/airflow/.local/lib/python3.12/site-packages/airflow/example_dags/example_xcom.py for tasks to queue
[2024-10-18T23:56:46.318+0000] {logging_mixin.py:190} INFO - [2024-10-18T23:56:46.317+0000] {dagbag.py:588} INFO - Filling up the DagBag from /home/airflow/.local/lib/python3.12/site-packages/airflow/example_dags/example_xcom.py
[2024-10-18T23:56:46.341+0000] {processor.py:925} INFO - DAG(s) 'example_xcom' retrieved from /home/airflow/.local/lib/python3.12/site-packages/airflow/example_dags/example_xcom.py
[2024-10-18T23:56:46.402+0000] {logging_mixin.py:190} INFO - [2024-10-18T23:56:46.401+0000] {dag.py:3239} INFO - Sync 1 DAGs
[2024-10-18T23:56:46.779+0000] {logging_mixin.py:190} INFO - [2024-10-18T23:56:46.779+0000] {dag.py:4180} INFO - Setting next_dagrun for example_xcom to 2021-01-01 00:00:00+00:00, run_after=2021-01-01 00:00:00+00:00
[2024-10-18T23:56:46.822+0000] {processor.py:208} INFO - Processing /home/airflow/.local/lib/python3.12/site-packages/airflow/example_dags/example_xcom.py took 0.526 seconds
[2024-10-18T23:57:17.116+0000] {processor.py:186} INFO - Started process (PID=2839) to work on /home/airflow/.local/lib/python3.12/site-packages/airflow/example_dags/example_xcom.py
[2024-10-18T23:57:17.118+0000] {processor.py:914} INFO - Processing file /home/airflow/.local/lib/python3.12/site-packages/airflow/example_dags/example_xcom.py for tasks to queue
[2024-10-18T23:57:17.122+0000] {logging_mixin.py:190} INFO - [2024-10-18T23:57:17.121+0000] {dagbag.py:588} INFO - Filling up the DagBag from /home/airflow/.local/lib/python3.12/site-packages/airflow/example_dags/example_xcom.py
[2024-10-18T23:57:17.135+0000] {processor.py:925} INFO - DAG(s) 'example_xcom' retrieved from /home/airflow/.local/lib/python3.12/site-packages/airflow/example_dags/example_xcom.py
[2024-10-18T23:57:17.165+0000] {logging_mixin.py:190} INFO - [2024-10-18T23:57:17.165+0000] {dag.py:3239} INFO - Sync 1 DAGs
[2024-10-18T23:57:17.197+0000] {logging_mixin.py:190} INFO - [2024-10-18T23:57:17.197+0000] {dag.py:4180} INFO - Setting next_dagrun for example_xcom to 2021-01-01 00:00:00+00:00, run_after=2021-01-01 00:00:00+00:00
[2024-10-18T23:57:17.224+0000] {processor.py:208} INFO - Processing /home/airflow/.local/lib/python3.12/site-packages/airflow/example_dags/example_xcom.py took 0.117 seconds
[2024-10-18T23:57:48.136+0000] {processor.py:186} INFO - Started process (PID=2901) to work on /home/airflow/.local/lib/python3.12/site-packages/airflow/example_dags/example_xcom.py
[2024-10-18T23:57:48.184+0000] {processor.py:914} INFO - Processing file /home/airflow/.local/lib/python3.12/site-packages/airflow/example_dags/example_xcom.py for tasks to queue
[2024-10-18T23:57:48.186+0000] {logging_mixin.py:190} INFO - [2024-10-18T23:57:48.186+0000] {dagbag.py:588} INFO - Filling up the DagBag from /home/airflow/.local/lib/python3.12/site-packages/airflow/example_dags/example_xcom.py
[2024-10-18T23:57:48.196+0000] {processor.py:925} INFO - DAG(s) 'example_xcom' retrieved from /home/airflow/.local/lib/python3.12/site-packages/airflow/example_dags/example_xcom.py
[2024-10-18T23:57:48.219+0000] {logging_mixin.py:190} INFO - [2024-10-18T23:57:48.219+0000] {dag.py:3239} INFO - Sync 1 DAGs
[2024-10-18T23:57:48.243+0000] {logging_mixin.py:190} INFO - [2024-10-18T23:57:48.243+0000] {dag.py:4180} INFO - Setting next_dagrun for example_xcom to 2021-01-01 00:00:00+00:00, run_after=2021-01-01 00:00:00+00:00
[2024-10-18T23:57:48.337+0000] {processor.py:208} INFO - Processing /home/airflow/.local/lib/python3.12/site-packages/airflow/example_dags/example_xcom.py took 0.207 seconds
[2024-10-18T23:58:18.804+0000] {processor.py:186} INFO - Started process (PID=2963) to work on /home/airflow/.local/lib/python3.12/site-packages/airflow/example_dags/example_xcom.py
[2024-10-18T23:58:18.806+0000] {processor.py:914} INFO - Processing file /home/airflow/.local/lib/python3.12/site-packages/airflow/example_dags/example_xcom.py for tasks to queue
[2024-10-18T23:58:18.809+0000] {logging_mixin.py:190} INFO - [2024-10-18T23:58:18.809+0000] {dagbag.py:588} INFO - Filling up the DagBag from /home/airflow/.local/lib/python3.12/site-packages/airflow/example_dags/example_xcom.py
[2024-10-18T23:58:18.822+0000] {processor.py:925} INFO - DAG(s) 'example_xcom' retrieved from /home/airflow/.local/lib/python3.12/site-packages/airflow/example_dags/example_xcom.py
[2024-10-18T23:58:18.846+0000] {logging_mixin.py:190} INFO - [2024-10-18T23:58:18.846+0000] {dag.py:3239} INFO - Sync 1 DAGs
[2024-10-18T23:58:18.875+0000] {logging_mixin.py:190} INFO - [2024-10-18T23:58:18.875+0000] {dag.py:4180} INFO - Setting next_dagrun for example_xcom to 2021-01-01 00:00:00+00:00, run_after=2021-01-01 00:00:00+00:00
[2024-10-18T23:58:18.899+0000] {processor.py:208} INFO - Processing /home/airflow/.local/lib/python3.12/site-packages/airflow/example_dags/example_xcom.py took 0.100 seconds
[2024-10-18T23:58:49.254+0000] {processor.py:186} INFO - Started process (PID=3025) to work on /home/airflow/.local/lib/python3.12/site-packages/airflow/example_dags/example_xcom.py
[2024-10-18T23:58:49.256+0000] {processor.py:914} INFO - Processing file /home/airflow/.local/lib/python3.12/site-packages/airflow/example_dags/example_xcom.py for tasks to queue
[2024-10-18T23:58:49.261+0000] {logging_mixin.py:190} INFO - [2024-10-18T23:58:49.260+0000] {dagbag.py:588} INFO - Filling up the DagBag from /home/airflow/.local/lib/python3.12/site-packages/airflow/example_dags/example_xcom.py
[2024-10-18T23:58:49.286+0000] {processor.py:925} INFO - DAG(s) 'example_xcom' retrieved from /home/airflow/.local/lib/python3.12/site-packages/airflow/example_dags/example_xcom.py
[2024-10-18T23:58:49.327+0000] {logging_mixin.py:190} INFO - [2024-10-18T23:58:49.326+0000] {dag.py:3239} INFO - Sync 1 DAGs
[2024-10-18T23:58:49.369+0000] {logging_mixin.py:190} INFO - [2024-10-18T23:58:49.368+0000] {dag.py:4180} INFO - Setting next_dagrun for example_xcom to 2021-01-01 00:00:00+00:00, run_after=2021-01-01 00:00:00+00:00
[2024-10-18T23:58:49.414+0000] {processor.py:208} INFO - Processing /home/airflow/.local/lib/python3.12/site-packages/airflow/example_dags/example_xcom.py took 0.174 seconds
[2024-10-18T23:59:20.892+0000] {processor.py:186} INFO - Started process (PID=3086) to work on /home/airflow/.local/lib/python3.12/site-packages/airflow/example_dags/example_xcom.py
[2024-10-18T23:59:20.893+0000] {processor.py:914} INFO - Processing file /home/airflow/.local/lib/python3.12/site-packages/airflow/example_dags/example_xcom.py for tasks to queue
[2024-10-18T23:59:20.897+0000] {logging_mixin.py:190} INFO - [2024-10-18T23:59:20.896+0000] {dagbag.py:588} INFO - Filling up the DagBag from /home/airflow/.local/lib/python3.12/site-packages/airflow/example_dags/example_xcom.py
[2024-10-18T23:59:20.907+0000] {processor.py:925} INFO - DAG(s) 'example_xcom' retrieved from /home/airflow/.local/lib/python3.12/site-packages/airflow/example_dags/example_xcom.py
[2024-10-18T23:59:20.933+0000] {logging_mixin.py:190} INFO - [2024-10-18T23:59:20.932+0000] {dag.py:3239} INFO - Sync 1 DAGs
[2024-10-18T23:59:21.125+0000] {logging_mixin.py:190} INFO - [2024-10-18T23:59:21.125+0000] {dag.py:4180} INFO - Setting next_dagrun for example_xcom to 2021-01-01 00:00:00+00:00, run_after=2021-01-01 00:00:00+00:00
[2024-10-18T23:59:21.161+0000] {processor.py:208} INFO - Processing /home/airflow/.local/lib/python3.12/site-packages/airflow/example_dags/example_xcom.py took 0.276 seconds
[2024-10-18T23:59:51.334+0000] {processor.py:186} INFO - Started process (PID=3148) to work on /home/airflow/.local/lib/python3.12/site-packages/airflow/example_dags/example_xcom.py
[2024-10-18T23:59:51.335+0000] {processor.py:914} INFO - Processing file /home/airflow/.local/lib/python3.12/site-packages/airflow/example_dags/example_xcom.py for tasks to queue
[2024-10-18T23:59:51.337+0000] {logging_mixin.py:190} INFO - [2024-10-18T23:59:51.337+0000] {dagbag.py:588} INFO - Filling up the DagBag from /home/airflow/.local/lib/python3.12/site-packages/airflow/example_dags/example_xcom.py
[2024-10-18T23:59:51.346+0000] {processor.py:925} INFO - DAG(s) 'example_xcom' retrieved from /home/airflow/.local/lib/python3.12/site-packages/airflow/example_dags/example_xcom.py
[2024-10-18T23:59:51.365+0000] {logging_mixin.py:190} INFO - [2024-10-18T23:59:51.365+0000] {dag.py:3239} INFO - Sync 1 DAGs
[2024-10-18T23:59:51.388+0000] {logging_mixin.py:190} INFO - [2024-10-18T23:59:51.388+0000] {dag.py:4180} INFO - Setting next_dagrun for example_xcom to 2021-01-01 00:00:00+00:00, run_after=2021-01-01 00:00:00+00:00
[2024-10-18T23:59:51.410+0000] {processor.py:208} INFO - Processing /home/airflow/.local/lib/python3.12/site-packages/airflow/example_dags/example_xcom.py took 0.082 seconds
