[2024-10-18T23:32:50.033+0000] {processor.py:186} INFO - Started process (PID=80) to work on /home/airflow/.local/lib/python3.12/site-packages/airflow/example_dags/example_time_delta_sensor_async.py
[2024-10-18T23:32:50.080+0000] {processor.py:914} INFO - Processing file /home/airflow/.local/lib/python3.12/site-packages/airflow/example_dags/example_time_delta_sensor_async.py for tasks to queue
[2024-10-18T23:32:50.107+0000] {logging_mixin.py:190} INFO - [2024-10-18T23:32:50.106+0000] {dagbag.py:588} INFO - Filling up the DagBag from /home/airflow/.local/lib/python3.12/site-packages/airflow/example_dags/example_time_delta_sensor_async.py
[2024-10-18T23:32:50.293+0000] {processor.py:925} INFO - DAG(s) 'example_time_delta_sensor_async' retrieved from /home/airflow/.local/lib/python3.12/site-packages/airflow/example_dags/example_time_delta_sensor_async.py
[2024-10-18T23:32:52.541+0000] {logging_mixin.py:190} INFO - [2024-10-18T23:32:52.521+0000] {override.py:1900} INFO - Created Permission View: can read on DAG:example_time_delta_sensor_async
[2024-10-18T23:32:52.638+0000] {logging_mixin.py:190} INFO - [2024-10-18T23:32:52.637+0000] {override.py:1900} INFO - Created Permission View: can edit on DAG:example_time_delta_sensor_async
[2024-10-18T23:32:52.789+0000] {logging_mixin.py:190} INFO - [2024-10-18T23:32:52.788+0000] {override.py:1900} INFO - Created Permission View: can delete on DAG:example_time_delta_sensor_async
[2024-10-18T23:32:53.228+0000] {logging_mixin.py:190} INFO - [2024-10-18T23:32:53.228+0000] {override.py:1900} INFO - Created Permission View: can read on DAG Run:example_time_delta_sensor_async
[2024-10-18T23:32:53.335+0000] {logging_mixin.py:190} INFO - [2024-10-18T23:32:53.334+0000] {override.py:1900} INFO - Created Permission View: can create on DAG Run:example_time_delta_sensor_async
[2024-10-18T23:32:53.490+0000] {logging_mixin.py:190} INFO - [2024-10-18T23:32:53.489+0000] {override.py:1900} INFO - Created Permission View: menu access on DAG Run:example_time_delta_sensor_async
[2024-10-18T23:32:54.257+0000] {logging_mixin.py:190} INFO - [2024-10-18T23:32:54.257+0000] {override.py:1900} INFO - Created Permission View: can delete on DAG Run:example_time_delta_sensor_async
[2024-10-18T23:32:54.291+0000] {logging_mixin.py:190} INFO - [2024-10-18T23:32:54.289+0000] {dag.py:3239} INFO - Sync 1 DAGs
[2024-10-18T23:32:54.713+0000] {logging_mixin.py:190} INFO - [2024-10-18T23:32:54.713+0000] {dag.py:3262} INFO - Creating ORM DAG for example_time_delta_sensor_async
[2024-10-18T23:32:54.783+0000] {logging_mixin.py:190} INFO - [2024-10-18T23:32:54.782+0000] {dag.py:4180} INFO - Setting next_dagrun for example_time_delta_sensor_async to None, run_after=None
[2024-10-18T23:32:55.375+0000] {processor.py:208} INFO - Processing /home/airflow/.local/lib/python3.12/site-packages/airflow/example_dags/example_time_delta_sensor_async.py took 5.413 seconds
[2024-10-18T23:33:33.491+0000] {processor.py:186} INFO - Started process (PID=142) to work on /home/airflow/.local/lib/python3.12/site-packages/airflow/example_dags/example_time_delta_sensor_async.py
[2024-10-18T23:33:33.494+0000] {processor.py:914} INFO - Processing file /home/airflow/.local/lib/python3.12/site-packages/airflow/example_dags/example_time_delta_sensor_async.py for tasks to queue
[2024-10-18T23:33:33.499+0000] {logging_mixin.py:190} INFO - [2024-10-18T23:33:33.499+0000] {dagbag.py:588} INFO - Filling up the DagBag from /home/airflow/.local/lib/python3.12/site-packages/airflow/example_dags/example_time_delta_sensor_async.py
[2024-10-18T23:33:33.516+0000] {processor.py:925} INFO - DAG(s) 'example_time_delta_sensor_async' retrieved from /home/airflow/.local/lib/python3.12/site-packages/airflow/example_dags/example_time_delta_sensor_async.py
[2024-10-18T23:33:33.558+0000] {logging_mixin.py:190} INFO - [2024-10-18T23:33:33.557+0000] {dag.py:3239} INFO - Sync 1 DAGs
[2024-10-18T23:33:33.598+0000] {logging_mixin.py:190} INFO - [2024-10-18T23:33:33.597+0000] {dag.py:4180} INFO - Setting next_dagrun for example_time_delta_sensor_async to None, run_after=None
[2024-10-18T23:33:33.641+0000] {processor.py:208} INFO - Processing /home/airflow/.local/lib/python3.12/site-packages/airflow/example_dags/example_time_delta_sensor_async.py took 0.162 seconds
[2024-10-18T23:34:03.960+0000] {processor.py:186} INFO - Started process (PID=204) to work on /home/airflow/.local/lib/python3.12/site-packages/airflow/example_dags/example_time_delta_sensor_async.py
[2024-10-18T23:34:03.962+0000] {processor.py:914} INFO - Processing file /home/airflow/.local/lib/python3.12/site-packages/airflow/example_dags/example_time_delta_sensor_async.py for tasks to queue
[2024-10-18T23:34:03.966+0000] {logging_mixin.py:190} INFO - [2024-10-18T23:34:03.965+0000] {dagbag.py:588} INFO - Filling up the DagBag from /home/airflow/.local/lib/python3.12/site-packages/airflow/example_dags/example_time_delta_sensor_async.py
[2024-10-18T23:34:03.975+0000] {processor.py:925} INFO - DAG(s) 'example_time_delta_sensor_async' retrieved from /home/airflow/.local/lib/python3.12/site-packages/airflow/example_dags/example_time_delta_sensor_async.py
[2024-10-18T23:34:04.007+0000] {logging_mixin.py:190} INFO - [2024-10-18T23:34:04.007+0000] {dag.py:3239} INFO - Sync 1 DAGs
[2024-10-18T23:34:04.035+0000] {logging_mixin.py:190} INFO - [2024-10-18T23:34:04.034+0000] {dag.py:4180} INFO - Setting next_dagrun for example_time_delta_sensor_async to None, run_after=None
[2024-10-18T23:34:04.066+0000] {processor.py:208} INFO - Processing /home/airflow/.local/lib/python3.12/site-packages/airflow/example_dags/example_time_delta_sensor_async.py took 0.115 seconds
[2024-10-18T23:34:34.346+0000] {processor.py:186} INFO - Started process (PID=266) to work on /home/airflow/.local/lib/python3.12/site-packages/airflow/example_dags/example_time_delta_sensor_async.py
[2024-10-18T23:34:34.348+0000] {processor.py:914} INFO - Processing file /home/airflow/.local/lib/python3.12/site-packages/airflow/example_dags/example_time_delta_sensor_async.py for tasks to queue
[2024-10-18T23:34:34.350+0000] {logging_mixin.py:190} INFO - [2024-10-18T23:34:34.350+0000] {dagbag.py:588} INFO - Filling up the DagBag from /home/airflow/.local/lib/python3.12/site-packages/airflow/example_dags/example_time_delta_sensor_async.py
[2024-10-18T23:34:34.357+0000] {processor.py:925} INFO - DAG(s) 'example_time_delta_sensor_async' retrieved from /home/airflow/.local/lib/python3.12/site-packages/airflow/example_dags/example_time_delta_sensor_async.py
[2024-10-18T23:34:34.375+0000] {logging_mixin.py:190} INFO - [2024-10-18T23:34:34.375+0000] {dag.py:3239} INFO - Sync 1 DAGs
[2024-10-18T23:34:34.390+0000] {logging_mixin.py:190} INFO - [2024-10-18T23:34:34.390+0000] {dag.py:4180} INFO - Setting next_dagrun for example_time_delta_sensor_async to None, run_after=None
[2024-10-18T23:34:34.411+0000] {processor.py:208} INFO - Processing /home/airflow/.local/lib/python3.12/site-packages/airflow/example_dags/example_time_delta_sensor_async.py took 0.070 seconds
[2024-10-18T23:35:04.941+0000] {processor.py:186} INFO - Started process (PID=324) to work on /home/airflow/.local/lib/python3.12/site-packages/airflow/example_dags/example_time_delta_sensor_async.py
[2024-10-18T23:35:04.943+0000] {processor.py:914} INFO - Processing file /home/airflow/.local/lib/python3.12/site-packages/airflow/example_dags/example_time_delta_sensor_async.py for tasks to queue
[2024-10-18T23:35:04.949+0000] {logging_mixin.py:190} INFO - [2024-10-18T23:35:04.948+0000] {dagbag.py:588} INFO - Filling up the DagBag from /home/airflow/.local/lib/python3.12/site-packages/airflow/example_dags/example_time_delta_sensor_async.py
[2024-10-18T23:35:04.959+0000] {processor.py:925} INFO - DAG(s) 'example_time_delta_sensor_async' retrieved from /home/airflow/.local/lib/python3.12/site-packages/airflow/example_dags/example_time_delta_sensor_async.py
[2024-10-18T23:35:04.988+0000] {logging_mixin.py:190} INFO - [2024-10-18T23:35:04.987+0000] {dag.py:3239} INFO - Sync 1 DAGs
[2024-10-18T23:35:05.009+0000] {logging_mixin.py:190} INFO - [2024-10-18T23:35:05.009+0000] {dag.py:4180} INFO - Setting next_dagrun for example_time_delta_sensor_async to None, run_after=None
[2024-10-18T23:35:05.037+0000] {processor.py:208} INFO - Processing /home/airflow/.local/lib/python3.12/site-packages/airflow/example_dags/example_time_delta_sensor_async.py took 0.106 seconds
[2024-10-18T23:35:35.351+0000] {processor.py:186} INFO - Started process (PID=386) to work on /home/airflow/.local/lib/python3.12/site-packages/airflow/example_dags/example_time_delta_sensor_async.py
[2024-10-18T23:35:35.352+0000] {processor.py:914} INFO - Processing file /home/airflow/.local/lib/python3.12/site-packages/airflow/example_dags/example_time_delta_sensor_async.py for tasks to queue
[2024-10-18T23:35:35.355+0000] {logging_mixin.py:190} INFO - [2024-10-18T23:35:35.354+0000] {dagbag.py:588} INFO - Filling up the DagBag from /home/airflow/.local/lib/python3.12/site-packages/airflow/example_dags/example_time_delta_sensor_async.py
[2024-10-18T23:35:35.361+0000] {processor.py:925} INFO - DAG(s) 'example_time_delta_sensor_async' retrieved from /home/airflow/.local/lib/python3.12/site-packages/airflow/example_dags/example_time_delta_sensor_async.py
[2024-10-18T23:35:35.383+0000] {logging_mixin.py:190} INFO - [2024-10-18T23:35:35.383+0000] {dag.py:3239} INFO - Sync 1 DAGs
[2024-10-18T23:35:35.398+0000] {logging_mixin.py:190} INFO - [2024-10-18T23:35:35.398+0000] {dag.py:4180} INFO - Setting next_dagrun for example_time_delta_sensor_async to None, run_after=None
[2024-10-18T23:35:35.416+0000] {processor.py:208} INFO - Processing /home/airflow/.local/lib/python3.12/site-packages/airflow/example_dags/example_time_delta_sensor_async.py took 0.070 seconds
[2024-10-18T23:36:06.240+0000] {processor.py:186} INFO - Started process (PID=448) to work on /home/airflow/.local/lib/python3.12/site-packages/airflow/example_dags/example_time_delta_sensor_async.py
[2024-10-18T23:36:06.242+0000] {processor.py:914} INFO - Processing file /home/airflow/.local/lib/python3.12/site-packages/airflow/example_dags/example_time_delta_sensor_async.py for tasks to queue
[2024-10-18T23:36:06.247+0000] {logging_mixin.py:190} INFO - [2024-10-18T23:36:06.246+0000] {dagbag.py:588} INFO - Filling up the DagBag from /home/airflow/.local/lib/python3.12/site-packages/airflow/example_dags/example_time_delta_sensor_async.py
[2024-10-18T23:36:06.259+0000] {processor.py:925} INFO - DAG(s) 'example_time_delta_sensor_async' retrieved from /home/airflow/.local/lib/python3.12/site-packages/airflow/example_dags/example_time_delta_sensor_async.py
[2024-10-18T23:36:06.287+0000] {logging_mixin.py:190} INFO - [2024-10-18T23:36:06.287+0000] {dag.py:3239} INFO - Sync 1 DAGs
[2024-10-18T23:36:06.308+0000] {logging_mixin.py:190} INFO - [2024-10-18T23:36:06.308+0000] {dag.py:4180} INFO - Setting next_dagrun for example_time_delta_sensor_async to None, run_after=None
[2024-10-18T23:36:06.351+0000] {processor.py:208} INFO - Processing /home/airflow/.local/lib/python3.12/site-packages/airflow/example_dags/example_time_delta_sensor_async.py took 0.123 seconds
[2024-10-18T23:36:37.231+0000] {processor.py:186} INFO - Started process (PID=516) to work on /home/airflow/.local/lib/python3.12/site-packages/airflow/example_dags/example_time_delta_sensor_async.py
[2024-10-18T23:36:37.233+0000] {processor.py:914} INFO - Processing file /home/airflow/.local/lib/python3.12/site-packages/airflow/example_dags/example_time_delta_sensor_async.py for tasks to queue
[2024-10-18T23:36:37.237+0000] {logging_mixin.py:190} INFO - [2024-10-18T23:36:37.236+0000] {dagbag.py:588} INFO - Filling up the DagBag from /home/airflow/.local/lib/python3.12/site-packages/airflow/example_dags/example_time_delta_sensor_async.py
[2024-10-18T23:36:37.248+0000] {processor.py:925} INFO - DAG(s) 'example_time_delta_sensor_async' retrieved from /home/airflow/.local/lib/python3.12/site-packages/airflow/example_dags/example_time_delta_sensor_async.py
[2024-10-18T23:36:37.281+0000] {logging_mixin.py:190} INFO - [2024-10-18T23:36:37.281+0000] {dag.py:3239} INFO - Sync 1 DAGs
[2024-10-18T23:36:37.303+0000] {logging_mixin.py:190} INFO - [2024-10-18T23:36:37.302+0000] {dag.py:4180} INFO - Setting next_dagrun for example_time_delta_sensor_async to None, run_after=None
[2024-10-18T23:36:37.328+0000] {processor.py:208} INFO - Processing /home/airflow/.local/lib/python3.12/site-packages/airflow/example_dags/example_time_delta_sensor_async.py took 0.106 seconds
[2024-10-18T23:37:07.436+0000] {processor.py:186} INFO - Started process (PID=578) to work on /home/airflow/.local/lib/python3.12/site-packages/airflow/example_dags/example_time_delta_sensor_async.py
[2024-10-18T23:37:07.438+0000] {processor.py:914} INFO - Processing file /home/airflow/.local/lib/python3.12/site-packages/airflow/example_dags/example_time_delta_sensor_async.py for tasks to queue
[2024-10-18T23:37:07.440+0000] {logging_mixin.py:190} INFO - [2024-10-18T23:37:07.440+0000] {dagbag.py:588} INFO - Filling up the DagBag from /home/airflow/.local/lib/python3.12/site-packages/airflow/example_dags/example_time_delta_sensor_async.py
[2024-10-18T23:37:07.447+0000] {processor.py:925} INFO - DAG(s) 'example_time_delta_sensor_async' retrieved from /home/airflow/.local/lib/python3.12/site-packages/airflow/example_dags/example_time_delta_sensor_async.py
[2024-10-18T23:37:07.467+0000] {logging_mixin.py:190} INFO - [2024-10-18T23:37:07.467+0000] {dag.py:3239} INFO - Sync 1 DAGs
[2024-10-18T23:37:07.481+0000] {logging_mixin.py:190} INFO - [2024-10-18T23:37:07.480+0000] {dag.py:4180} INFO - Setting next_dagrun for example_time_delta_sensor_async to None, run_after=None
[2024-10-18T23:37:07.500+0000] {processor.py:208} INFO - Processing /home/airflow/.local/lib/python3.12/site-packages/airflow/example_dags/example_time_delta_sensor_async.py took 0.069 seconds
[2024-10-18T23:37:38.616+0000] {processor.py:186} INFO - Started process (PID=640) to work on /home/airflow/.local/lib/python3.12/site-packages/airflow/example_dags/example_time_delta_sensor_async.py
[2024-10-18T23:37:38.617+0000] {processor.py:914} INFO - Processing file /home/airflow/.local/lib/python3.12/site-packages/airflow/example_dags/example_time_delta_sensor_async.py for tasks to queue
[2024-10-18T23:37:38.620+0000] {logging_mixin.py:190} INFO - [2024-10-18T23:37:38.620+0000] {dagbag.py:588} INFO - Filling up the DagBag from /home/airflow/.local/lib/python3.12/site-packages/airflow/example_dags/example_time_delta_sensor_async.py
[2024-10-18T23:37:38.630+0000] {processor.py:925} INFO - DAG(s) 'example_time_delta_sensor_async' retrieved from /home/airflow/.local/lib/python3.12/site-packages/airflow/example_dags/example_time_delta_sensor_async.py
[2024-10-18T23:37:38.656+0000] {logging_mixin.py:190} INFO - [2024-10-18T23:37:38.655+0000] {dag.py:3239} INFO - Sync 1 DAGs
[2024-10-18T23:37:38.673+0000] {logging_mixin.py:190} INFO - [2024-10-18T23:37:38.672+0000] {dag.py:4180} INFO - Setting next_dagrun for example_time_delta_sensor_async to None, run_after=None
[2024-10-18T23:37:38.698+0000] {processor.py:208} INFO - Processing /home/airflow/.local/lib/python3.12/site-packages/airflow/example_dags/example_time_delta_sensor_async.py took 0.091 seconds
[2024-10-18T23:38:08.905+0000] {processor.py:186} INFO - Started process (PID=702) to work on /home/airflow/.local/lib/python3.12/site-packages/airflow/example_dags/example_time_delta_sensor_async.py
[2024-10-18T23:38:08.906+0000] {processor.py:914} INFO - Processing file /home/airflow/.local/lib/python3.12/site-packages/airflow/example_dags/example_time_delta_sensor_async.py for tasks to queue
[2024-10-18T23:38:08.908+0000] {logging_mixin.py:190} INFO - [2024-10-18T23:38:08.908+0000] {dagbag.py:588} INFO - Filling up the DagBag from /home/airflow/.local/lib/python3.12/site-packages/airflow/example_dags/example_time_delta_sensor_async.py
[2024-10-18T23:38:08.915+0000] {processor.py:925} INFO - DAG(s) 'example_time_delta_sensor_async' retrieved from /home/airflow/.local/lib/python3.12/site-packages/airflow/example_dags/example_time_delta_sensor_async.py
[2024-10-18T23:38:08.931+0000] {logging_mixin.py:190} INFO - [2024-10-18T23:38:08.931+0000] {dag.py:3239} INFO - Sync 1 DAGs
[2024-10-18T23:38:08.945+0000] {logging_mixin.py:190} INFO - [2024-10-18T23:38:08.944+0000] {dag.py:4180} INFO - Setting next_dagrun for example_time_delta_sensor_async to None, run_after=None
[2024-10-18T23:38:08.974+0000] {processor.py:208} INFO - Processing /home/airflow/.local/lib/python3.12/site-packages/airflow/example_dags/example_time_delta_sensor_async.py took 0.074 seconds
[2024-10-18T23:38:39.455+0000] {processor.py:186} INFO - Started process (PID=764) to work on /home/airflow/.local/lib/python3.12/site-packages/airflow/example_dags/example_time_delta_sensor_async.py
[2024-10-18T23:38:39.456+0000] {processor.py:914} INFO - Processing file /home/airflow/.local/lib/python3.12/site-packages/airflow/example_dags/example_time_delta_sensor_async.py for tasks to queue
[2024-10-18T23:38:39.458+0000] {logging_mixin.py:190} INFO - [2024-10-18T23:38:39.458+0000] {dagbag.py:588} INFO - Filling up the DagBag from /home/airflow/.local/lib/python3.12/site-packages/airflow/example_dags/example_time_delta_sensor_async.py
[2024-10-18T23:38:39.464+0000] {processor.py:925} INFO - DAG(s) 'example_time_delta_sensor_async' retrieved from /home/airflow/.local/lib/python3.12/site-packages/airflow/example_dags/example_time_delta_sensor_async.py
[2024-10-18T23:38:39.484+0000] {logging_mixin.py:190} INFO - [2024-10-18T23:38:39.483+0000] {dag.py:3239} INFO - Sync 1 DAGs
[2024-10-18T23:38:39.498+0000] {logging_mixin.py:190} INFO - [2024-10-18T23:38:39.498+0000] {dag.py:4180} INFO - Setting next_dagrun for example_time_delta_sensor_async to None, run_after=None
[2024-10-18T23:38:39.518+0000] {processor.py:208} INFO - Processing /home/airflow/.local/lib/python3.12/site-packages/airflow/example_dags/example_time_delta_sensor_async.py took 0.069 seconds
[2024-10-18T23:39:10.289+0000] {processor.py:186} INFO - Started process (PID=826) to work on /home/airflow/.local/lib/python3.12/site-packages/airflow/example_dags/example_time_delta_sensor_async.py
[2024-10-18T23:39:10.290+0000] {processor.py:914} INFO - Processing file /home/airflow/.local/lib/python3.12/site-packages/airflow/example_dags/example_time_delta_sensor_async.py for tasks to queue
[2024-10-18T23:39:10.293+0000] {logging_mixin.py:190} INFO - [2024-10-18T23:39:10.293+0000] {dagbag.py:588} INFO - Filling up the DagBag from /home/airflow/.local/lib/python3.12/site-packages/airflow/example_dags/example_time_delta_sensor_async.py
[2024-10-18T23:39:10.300+0000] {processor.py:925} INFO - DAG(s) 'example_time_delta_sensor_async' retrieved from /home/airflow/.local/lib/python3.12/site-packages/airflow/example_dags/example_time_delta_sensor_async.py
[2024-10-18T23:39:10.319+0000] {logging_mixin.py:190} INFO - [2024-10-18T23:39:10.318+0000] {dag.py:3239} INFO - Sync 1 DAGs
[2024-10-18T23:39:10.333+0000] {logging_mixin.py:190} INFO - [2024-10-18T23:39:10.333+0000] {dag.py:4180} INFO - Setting next_dagrun for example_time_delta_sensor_async to None, run_after=None
[2024-10-18T23:39:10.353+0000] {processor.py:208} INFO - Processing /home/airflow/.local/lib/python3.12/site-packages/airflow/example_dags/example_time_delta_sensor_async.py took 0.070 seconds
[2024-10-18T23:39:41.011+0000] {processor.py:186} INFO - Started process (PID=888) to work on /home/airflow/.local/lib/python3.12/site-packages/airflow/example_dags/example_time_delta_sensor_async.py
[2024-10-18T23:39:41.012+0000] {processor.py:914} INFO - Processing file /home/airflow/.local/lib/python3.12/site-packages/airflow/example_dags/example_time_delta_sensor_async.py for tasks to queue
[2024-10-18T23:39:41.014+0000] {logging_mixin.py:190} INFO - [2024-10-18T23:39:41.013+0000] {dagbag.py:588} INFO - Filling up the DagBag from /home/airflow/.local/lib/python3.12/site-packages/airflow/example_dags/example_time_delta_sensor_async.py
[2024-10-18T23:39:41.020+0000] {processor.py:925} INFO - DAG(s) 'example_time_delta_sensor_async' retrieved from /home/airflow/.local/lib/python3.12/site-packages/airflow/example_dags/example_time_delta_sensor_async.py
[2024-10-18T23:39:41.040+0000] {logging_mixin.py:190} INFO - [2024-10-18T23:39:41.040+0000] {dag.py:3239} INFO - Sync 1 DAGs
[2024-10-18T23:39:41.054+0000] {logging_mixin.py:190} INFO - [2024-10-18T23:39:41.054+0000] {dag.py:4180} INFO - Setting next_dagrun for example_time_delta_sensor_async to None, run_after=None
[2024-10-18T23:39:41.074+0000] {processor.py:208} INFO - Processing /home/airflow/.local/lib/python3.12/site-packages/airflow/example_dags/example_time_delta_sensor_async.py took 0.068 seconds
[2024-10-18T23:40:11.552+0000] {processor.py:186} INFO - Started process (PID=950) to work on /home/airflow/.local/lib/python3.12/site-packages/airflow/example_dags/example_time_delta_sensor_async.py
[2024-10-18T23:40:11.554+0000] {processor.py:914} INFO - Processing file /home/airflow/.local/lib/python3.12/site-packages/airflow/example_dags/example_time_delta_sensor_async.py for tasks to queue
[2024-10-18T23:40:11.558+0000] {logging_mixin.py:190} INFO - [2024-10-18T23:40:11.558+0000] {dagbag.py:588} INFO - Filling up the DagBag from /home/airflow/.local/lib/python3.12/site-packages/airflow/example_dags/example_time_delta_sensor_async.py
[2024-10-18T23:40:11.568+0000] {processor.py:925} INFO - DAG(s) 'example_time_delta_sensor_async' retrieved from /home/airflow/.local/lib/python3.12/site-packages/airflow/example_dags/example_time_delta_sensor_async.py
[2024-10-18T23:40:11.600+0000] {logging_mixin.py:190} INFO - [2024-10-18T23:40:11.600+0000] {dag.py:3239} INFO - Sync 1 DAGs
[2024-10-18T23:40:11.624+0000] {logging_mixin.py:190} INFO - [2024-10-18T23:40:11.624+0000] {dag.py:4180} INFO - Setting next_dagrun for example_time_delta_sensor_async to None, run_after=None
[2024-10-18T23:40:11.656+0000] {processor.py:208} INFO - Processing /home/airflow/.local/lib/python3.12/site-packages/airflow/example_dags/example_time_delta_sensor_async.py took 0.112 seconds
[2024-10-18T23:40:42.064+0000] {processor.py:186} INFO - Started process (PID=1012) to work on /home/airflow/.local/lib/python3.12/site-packages/airflow/example_dags/example_time_delta_sensor_async.py
[2024-10-18T23:40:42.067+0000] {processor.py:914} INFO - Processing file /home/airflow/.local/lib/python3.12/site-packages/airflow/example_dags/example_time_delta_sensor_async.py for tasks to queue
[2024-10-18T23:40:42.072+0000] {logging_mixin.py:190} INFO - [2024-10-18T23:40:42.071+0000] {dagbag.py:588} INFO - Filling up the DagBag from /home/airflow/.local/lib/python3.12/site-packages/airflow/example_dags/example_time_delta_sensor_async.py
[2024-10-18T23:40:42.094+0000] {processor.py:925} INFO - DAG(s) 'example_time_delta_sensor_async' retrieved from /home/airflow/.local/lib/python3.12/site-packages/airflow/example_dags/example_time_delta_sensor_async.py
[2024-10-18T23:40:42.125+0000] {logging_mixin.py:190} INFO - [2024-10-18T23:40:42.125+0000] {dag.py:3239} INFO - Sync 1 DAGs
[2024-10-18T23:40:42.156+0000] {logging_mixin.py:190} INFO - [2024-10-18T23:40:42.155+0000] {dag.py:4180} INFO - Setting next_dagrun for example_time_delta_sensor_async to None, run_after=None
[2024-10-18T23:40:42.191+0000] {processor.py:208} INFO - Processing /home/airflow/.local/lib/python3.12/site-packages/airflow/example_dags/example_time_delta_sensor_async.py took 0.145 seconds
[2024-10-18T23:41:12.757+0000] {processor.py:186} INFO - Started process (PID=1074) to work on /home/airflow/.local/lib/python3.12/site-packages/airflow/example_dags/example_time_delta_sensor_async.py
[2024-10-18T23:41:12.759+0000] {processor.py:914} INFO - Processing file /home/airflow/.local/lib/python3.12/site-packages/airflow/example_dags/example_time_delta_sensor_async.py for tasks to queue
[2024-10-18T23:41:12.763+0000] {logging_mixin.py:190} INFO - [2024-10-18T23:41:12.762+0000] {dagbag.py:588} INFO - Filling up the DagBag from /home/airflow/.local/lib/python3.12/site-packages/airflow/example_dags/example_time_delta_sensor_async.py
[2024-10-18T23:41:12.772+0000] {processor.py:925} INFO - DAG(s) 'example_time_delta_sensor_async' retrieved from /home/airflow/.local/lib/python3.12/site-packages/airflow/example_dags/example_time_delta_sensor_async.py
[2024-10-18T23:41:12.798+0000] {logging_mixin.py:190} INFO - [2024-10-18T23:41:12.797+0000] {dag.py:3239} INFO - Sync 1 DAGs
[2024-10-18T23:41:12.821+0000] {logging_mixin.py:190} INFO - [2024-10-18T23:41:12.821+0000] {dag.py:4180} INFO - Setting next_dagrun for example_time_delta_sensor_async to None, run_after=None
[2024-10-18T23:41:12.847+0000] {processor.py:208} INFO - Processing /home/airflow/.local/lib/python3.12/site-packages/airflow/example_dags/example_time_delta_sensor_async.py took 0.100 seconds
[2024-10-18T23:41:43.212+0000] {processor.py:186} INFO - Started process (PID=1136) to work on /home/airflow/.local/lib/python3.12/site-packages/airflow/example_dags/example_time_delta_sensor_async.py
[2024-10-18T23:41:43.213+0000] {processor.py:914} INFO - Processing file /home/airflow/.local/lib/python3.12/site-packages/airflow/example_dags/example_time_delta_sensor_async.py for tasks to queue
[2024-10-18T23:41:43.217+0000] {logging_mixin.py:190} INFO - [2024-10-18T23:41:43.217+0000] {dagbag.py:588} INFO - Filling up the DagBag from /home/airflow/.local/lib/python3.12/site-packages/airflow/example_dags/example_time_delta_sensor_async.py
[2024-10-18T23:41:43.225+0000] {processor.py:925} INFO - DAG(s) 'example_time_delta_sensor_async' retrieved from /home/airflow/.local/lib/python3.12/site-packages/airflow/example_dags/example_time_delta_sensor_async.py
[2024-10-18T23:41:43.245+0000] {logging_mixin.py:190} INFO - [2024-10-18T23:41:43.245+0000] {dag.py:3239} INFO - Sync 1 DAGs
[2024-10-18T23:41:43.260+0000] {logging_mixin.py:190} INFO - [2024-10-18T23:41:43.260+0000] {dag.py:4180} INFO - Setting next_dagrun for example_time_delta_sensor_async to None, run_after=None
[2024-10-18T23:41:43.281+0000] {processor.py:208} INFO - Processing /home/airflow/.local/lib/python3.12/site-packages/airflow/example_dags/example_time_delta_sensor_async.py took 0.076 seconds
[2024-10-18T23:42:13.584+0000] {processor.py:186} INFO - Started process (PID=1198) to work on /home/airflow/.local/lib/python3.12/site-packages/airflow/example_dags/example_time_delta_sensor_async.py
[2024-10-18T23:42:13.585+0000] {processor.py:914} INFO - Processing file /home/airflow/.local/lib/python3.12/site-packages/airflow/example_dags/example_time_delta_sensor_async.py for tasks to queue
[2024-10-18T23:42:13.588+0000] {logging_mixin.py:190} INFO - [2024-10-18T23:42:13.588+0000] {dagbag.py:588} INFO - Filling up the DagBag from /home/airflow/.local/lib/python3.12/site-packages/airflow/example_dags/example_time_delta_sensor_async.py
[2024-10-18T23:42:13.597+0000] {processor.py:925} INFO - DAG(s) 'example_time_delta_sensor_async' retrieved from /home/airflow/.local/lib/python3.12/site-packages/airflow/example_dags/example_time_delta_sensor_async.py
[2024-10-18T23:42:13.622+0000] {logging_mixin.py:190} INFO - [2024-10-18T23:42:13.622+0000] {dag.py:3239} INFO - Sync 1 DAGs
[2024-10-18T23:42:13.642+0000] {logging_mixin.py:190} INFO - [2024-10-18T23:42:13.641+0000] {dag.py:4180} INFO - Setting next_dagrun for example_time_delta_sensor_async to None, run_after=None
[2024-10-18T23:42:13.681+0000] {processor.py:208} INFO - Processing /home/airflow/.local/lib/python3.12/site-packages/airflow/example_dags/example_time_delta_sensor_async.py took 0.106 seconds
[2024-10-18T23:42:44.383+0000] {processor.py:186} INFO - Started process (PID=1253) to work on /home/airflow/.local/lib/python3.12/site-packages/airflow/example_dags/example_time_delta_sensor_async.py
[2024-10-18T23:42:44.384+0000] {processor.py:914} INFO - Processing file /home/airflow/.local/lib/python3.12/site-packages/airflow/example_dags/example_time_delta_sensor_async.py for tasks to queue
[2024-10-18T23:42:44.388+0000] {logging_mixin.py:190} INFO - [2024-10-18T23:42:44.387+0000] {dagbag.py:588} INFO - Filling up the DagBag from /home/airflow/.local/lib/python3.12/site-packages/airflow/example_dags/example_time_delta_sensor_async.py
[2024-10-18T23:42:44.414+0000] {processor.py:925} INFO - DAG(s) 'example_time_delta_sensor_async' retrieved from /home/airflow/.local/lib/python3.12/site-packages/airflow/example_dags/example_time_delta_sensor_async.py
[2024-10-18T23:42:44.475+0000] {logging_mixin.py:190} INFO - [2024-10-18T23:42:44.475+0000] {dag.py:3239} INFO - Sync 1 DAGs
[2024-10-18T23:42:44.509+0000] {logging_mixin.py:190} INFO - [2024-10-18T23:42:44.509+0000] {dag.py:4180} INFO - Setting next_dagrun for example_time_delta_sensor_async to None, run_after=None
[2024-10-18T23:42:44.547+0000] {processor.py:208} INFO - Processing /home/airflow/.local/lib/python3.12/site-packages/airflow/example_dags/example_time_delta_sensor_async.py took 0.172 seconds
[2024-10-18T23:43:15.635+0000] {processor.py:186} INFO - Started process (PID=1315) to work on /home/airflow/.local/lib/python3.12/site-packages/airflow/example_dags/example_time_delta_sensor_async.py
[2024-10-18T23:43:15.637+0000] {processor.py:914} INFO - Processing file /home/airflow/.local/lib/python3.12/site-packages/airflow/example_dags/example_time_delta_sensor_async.py for tasks to queue
[2024-10-18T23:43:15.643+0000] {logging_mixin.py:190} INFO - [2024-10-18T23:43:15.641+0000] {dagbag.py:588} INFO - Filling up the DagBag from /home/airflow/.local/lib/python3.12/site-packages/airflow/example_dags/example_time_delta_sensor_async.py
[2024-10-18T23:43:15.657+0000] {processor.py:925} INFO - DAG(s) 'example_time_delta_sensor_async' retrieved from /home/airflow/.local/lib/python3.12/site-packages/airflow/example_dags/example_time_delta_sensor_async.py
[2024-10-18T23:43:15.709+0000] {logging_mixin.py:190} INFO - [2024-10-18T23:43:15.709+0000] {dag.py:3239} INFO - Sync 1 DAGs
[2024-10-18T23:43:15.743+0000] {logging_mixin.py:190} INFO - [2024-10-18T23:43:15.743+0000] {dag.py:4180} INFO - Setting next_dagrun for example_time_delta_sensor_async to None, run_after=None
[2024-10-18T23:43:15.782+0000] {processor.py:208} INFO - Processing /home/airflow/.local/lib/python3.12/site-packages/airflow/example_dags/example_time_delta_sensor_async.py took 0.159 seconds
[2024-10-18T23:43:45.880+0000] {processor.py:186} INFO - Started process (PID=1377) to work on /home/airflow/.local/lib/python3.12/site-packages/airflow/example_dags/example_time_delta_sensor_async.py
[2024-10-18T23:43:45.881+0000] {processor.py:914} INFO - Processing file /home/airflow/.local/lib/python3.12/site-packages/airflow/example_dags/example_time_delta_sensor_async.py for tasks to queue
[2024-10-18T23:43:45.883+0000] {logging_mixin.py:190} INFO - [2024-10-18T23:43:45.882+0000] {dagbag.py:588} INFO - Filling up the DagBag from /home/airflow/.local/lib/python3.12/site-packages/airflow/example_dags/example_time_delta_sensor_async.py
[2024-10-18T23:43:45.889+0000] {processor.py:925} INFO - DAG(s) 'example_time_delta_sensor_async' retrieved from /home/airflow/.local/lib/python3.12/site-packages/airflow/example_dags/example_time_delta_sensor_async.py
[2024-10-18T23:43:45.908+0000] {logging_mixin.py:190} INFO - [2024-10-18T23:43:45.907+0000] {dag.py:3239} INFO - Sync 1 DAGs
[2024-10-18T23:43:45.920+0000] {logging_mixin.py:190} INFO - [2024-10-18T23:43:45.920+0000] {dag.py:4180} INFO - Setting next_dagrun for example_time_delta_sensor_async to None, run_after=None
[2024-10-18T23:43:45.938+0000] {processor.py:208} INFO - Processing /home/airflow/.local/lib/python3.12/site-packages/airflow/example_dags/example_time_delta_sensor_async.py took 0.064 seconds
[2024-10-18T23:44:16.190+0000] {processor.py:186} INFO - Started process (PID=1439) to work on /home/airflow/.local/lib/python3.12/site-packages/airflow/example_dags/example_time_delta_sensor_async.py
[2024-10-18T23:44:16.191+0000] {processor.py:914} INFO - Processing file /home/airflow/.local/lib/python3.12/site-packages/airflow/example_dags/example_time_delta_sensor_async.py for tasks to queue
[2024-10-18T23:44:16.194+0000] {logging_mixin.py:190} INFO - [2024-10-18T23:44:16.193+0000] {dagbag.py:588} INFO - Filling up the DagBag from /home/airflow/.local/lib/python3.12/site-packages/airflow/example_dags/example_time_delta_sensor_async.py
[2024-10-18T23:44:16.200+0000] {processor.py:925} INFO - DAG(s) 'example_time_delta_sensor_async' retrieved from /home/airflow/.local/lib/python3.12/site-packages/airflow/example_dags/example_time_delta_sensor_async.py
[2024-10-18T23:44:16.219+0000] {logging_mixin.py:190} INFO - [2024-10-18T23:44:16.219+0000] {dag.py:3239} INFO - Sync 1 DAGs
[2024-10-18T23:44:16.233+0000] {logging_mixin.py:190} INFO - [2024-10-18T23:44:16.233+0000] {dag.py:4180} INFO - Setting next_dagrun for example_time_delta_sensor_async to None, run_after=None
[2024-10-18T23:44:16.254+0000] {processor.py:208} INFO - Processing /home/airflow/.local/lib/python3.12/site-packages/airflow/example_dags/example_time_delta_sensor_async.py took 0.069 seconds
[2024-10-18T23:44:46.778+0000] {processor.py:186} INFO - Started process (PID=1501) to work on /home/airflow/.local/lib/python3.12/site-packages/airflow/example_dags/example_time_delta_sensor_async.py
[2024-10-18T23:44:46.779+0000] {processor.py:914} INFO - Processing file /home/airflow/.local/lib/python3.12/site-packages/airflow/example_dags/example_time_delta_sensor_async.py for tasks to queue
[2024-10-18T23:44:46.782+0000] {logging_mixin.py:190} INFO - [2024-10-18T23:44:46.781+0000] {dagbag.py:588} INFO - Filling up the DagBag from /home/airflow/.local/lib/python3.12/site-packages/airflow/example_dags/example_time_delta_sensor_async.py
[2024-10-18T23:44:46.788+0000] {processor.py:925} INFO - DAG(s) 'example_time_delta_sensor_async' retrieved from /home/airflow/.local/lib/python3.12/site-packages/airflow/example_dags/example_time_delta_sensor_async.py
[2024-10-18T23:44:46.808+0000] {logging_mixin.py:190} INFO - [2024-10-18T23:44:46.807+0000] {dag.py:3239} INFO - Sync 1 DAGs
[2024-10-18T23:44:46.822+0000] {logging_mixin.py:190} INFO - [2024-10-18T23:44:46.822+0000] {dag.py:4180} INFO - Setting next_dagrun for example_time_delta_sensor_async to None, run_after=None
[2024-10-18T23:44:46.840+0000] {processor.py:208} INFO - Processing /home/airflow/.local/lib/python3.12/site-packages/airflow/example_dags/example_time_delta_sensor_async.py took 0.067 seconds
[2024-10-18T23:45:17.044+0000] {processor.py:186} INFO - Started process (PID=1559) to work on /home/airflow/.local/lib/python3.12/site-packages/airflow/example_dags/example_time_delta_sensor_async.py
[2024-10-18T23:45:17.045+0000] {processor.py:914} INFO - Processing file /home/airflow/.local/lib/python3.12/site-packages/airflow/example_dags/example_time_delta_sensor_async.py for tasks to queue
[2024-10-18T23:45:17.048+0000] {logging_mixin.py:190} INFO - [2024-10-18T23:45:17.047+0000] {dagbag.py:588} INFO - Filling up the DagBag from /home/airflow/.local/lib/python3.12/site-packages/airflow/example_dags/example_time_delta_sensor_async.py
[2024-10-18T23:45:17.054+0000] {processor.py:925} INFO - DAG(s) 'example_time_delta_sensor_async' retrieved from /home/airflow/.local/lib/python3.12/site-packages/airflow/example_dags/example_time_delta_sensor_async.py
[2024-10-18T23:45:17.077+0000] {logging_mixin.py:190} INFO - [2024-10-18T23:45:17.077+0000] {dag.py:3239} INFO - Sync 1 DAGs
[2024-10-18T23:45:17.092+0000] {logging_mixin.py:190} INFO - [2024-10-18T23:45:17.091+0000] {dag.py:4180} INFO - Setting next_dagrun for example_time_delta_sensor_async to None, run_after=None
[2024-10-18T23:45:17.112+0000] {processor.py:208} INFO - Processing /home/airflow/.local/lib/python3.12/site-packages/airflow/example_dags/example_time_delta_sensor_async.py took 0.077 seconds
[2024-10-18T23:45:47.373+0000] {processor.py:186} INFO - Started process (PID=1616) to work on /home/airflow/.local/lib/python3.12/site-packages/airflow/example_dags/example_time_delta_sensor_async.py
[2024-10-18T23:45:47.375+0000] {processor.py:914} INFO - Processing file /home/airflow/.local/lib/python3.12/site-packages/airflow/example_dags/example_time_delta_sensor_async.py for tasks to queue
[2024-10-18T23:45:47.377+0000] {logging_mixin.py:190} INFO - [2024-10-18T23:45:47.377+0000] {dagbag.py:588} INFO - Filling up the DagBag from /home/airflow/.local/lib/python3.12/site-packages/airflow/example_dags/example_time_delta_sensor_async.py
[2024-10-18T23:45:47.384+0000] {processor.py:925} INFO - DAG(s) 'example_time_delta_sensor_async' retrieved from /home/airflow/.local/lib/python3.12/site-packages/airflow/example_dags/example_time_delta_sensor_async.py
[2024-10-18T23:45:47.405+0000] {logging_mixin.py:190} INFO - [2024-10-18T23:45:47.404+0000] {dag.py:3239} INFO - Sync 1 DAGs
[2024-10-18T23:45:47.419+0000] {logging_mixin.py:190} INFO - [2024-10-18T23:45:47.419+0000] {dag.py:4180} INFO - Setting next_dagrun for example_time_delta_sensor_async to None, run_after=None
[2024-10-18T23:45:47.439+0000] {processor.py:208} INFO - Processing /home/airflow/.local/lib/python3.12/site-packages/airflow/example_dags/example_time_delta_sensor_async.py took 0.071 seconds
[2024-10-18T23:46:18.098+0000] {processor.py:186} INFO - Started process (PID=1678) to work on /home/airflow/.local/lib/python3.12/site-packages/airflow/example_dags/example_time_delta_sensor_async.py
[2024-10-18T23:46:18.099+0000] {processor.py:914} INFO - Processing file /home/airflow/.local/lib/python3.12/site-packages/airflow/example_dags/example_time_delta_sensor_async.py for tasks to queue
[2024-10-18T23:46:18.103+0000] {logging_mixin.py:190} INFO - [2024-10-18T23:46:18.102+0000] {dagbag.py:588} INFO - Filling up the DagBag from /home/airflow/.local/lib/python3.12/site-packages/airflow/example_dags/example_time_delta_sensor_async.py
[2024-10-18T23:46:18.110+0000] {processor.py:925} INFO - DAG(s) 'example_time_delta_sensor_async' retrieved from /home/airflow/.local/lib/python3.12/site-packages/airflow/example_dags/example_time_delta_sensor_async.py
[2024-10-18T23:46:18.131+0000] {logging_mixin.py:190} INFO - [2024-10-18T23:46:18.131+0000] {dag.py:3239} INFO - Sync 1 DAGs
[2024-10-18T23:46:18.150+0000] {logging_mixin.py:190} INFO - [2024-10-18T23:46:18.149+0000] {dag.py:4180} INFO - Setting next_dagrun for example_time_delta_sensor_async to None, run_after=None
[2024-10-18T23:46:18.169+0000] {processor.py:208} INFO - Processing /home/airflow/.local/lib/python3.12/site-packages/airflow/example_dags/example_time_delta_sensor_async.py took 0.078 seconds
[2024-10-18T23:46:52.410+0000] {processor.py:186} INFO - Started process (PID=1740) to work on /home/airflow/.local/lib/python3.12/site-packages/airflow/example_dags/example_time_delta_sensor_async.py
[2024-10-18T23:46:52.411+0000] {processor.py:914} INFO - Processing file /home/airflow/.local/lib/python3.12/site-packages/airflow/example_dags/example_time_delta_sensor_async.py for tasks to queue
[2024-10-18T23:46:52.413+0000] {logging_mixin.py:190} INFO - [2024-10-18T23:46:52.413+0000] {dagbag.py:588} INFO - Filling up the DagBag from /home/airflow/.local/lib/python3.12/site-packages/airflow/example_dags/example_time_delta_sensor_async.py
[2024-10-18T23:46:52.419+0000] {processor.py:925} INFO - DAG(s) 'example_time_delta_sensor_async' retrieved from /home/airflow/.local/lib/python3.12/site-packages/airflow/example_dags/example_time_delta_sensor_async.py
[2024-10-18T23:46:52.439+0000] {logging_mixin.py:190} INFO - [2024-10-18T23:46:52.438+0000] {dag.py:3239} INFO - Sync 1 DAGs
[2024-10-18T23:46:52.454+0000] {logging_mixin.py:190} INFO - [2024-10-18T23:46:52.454+0000] {dag.py:4180} INFO - Setting next_dagrun for example_time_delta_sensor_async to None, run_after=None
[2024-10-18T23:46:52.476+0000] {processor.py:208} INFO - Processing /home/airflow/.local/lib/python3.12/site-packages/airflow/example_dags/example_time_delta_sensor_async.py took 0.071 seconds
[2024-10-18T23:47:22.979+0000] {processor.py:186} INFO - Started process (PID=1798) to work on /home/airflow/.local/lib/python3.12/site-packages/airflow/example_dags/example_time_delta_sensor_async.py
[2024-10-18T23:47:22.980+0000] {processor.py:914} INFO - Processing file /home/airflow/.local/lib/python3.12/site-packages/airflow/example_dags/example_time_delta_sensor_async.py for tasks to queue
[2024-10-18T23:47:22.982+0000] {logging_mixin.py:190} INFO - [2024-10-18T23:47:22.982+0000] {dagbag.py:588} INFO - Filling up the DagBag from /home/airflow/.local/lib/python3.12/site-packages/airflow/example_dags/example_time_delta_sensor_async.py
[2024-10-18T23:47:22.988+0000] {processor.py:925} INFO - DAG(s) 'example_time_delta_sensor_async' retrieved from /home/airflow/.local/lib/python3.12/site-packages/airflow/example_dags/example_time_delta_sensor_async.py
[2024-10-18T23:47:23.008+0000] {logging_mixin.py:190} INFO - [2024-10-18T23:47:23.007+0000] {dag.py:3239} INFO - Sync 1 DAGs
[2024-10-18T23:47:23.020+0000] {logging_mixin.py:190} INFO - [2024-10-18T23:47:23.020+0000] {dag.py:4180} INFO - Setting next_dagrun for example_time_delta_sensor_async to None, run_after=None
[2024-10-18T23:47:23.043+0000] {processor.py:208} INFO - Processing /home/airflow/.local/lib/python3.12/site-packages/airflow/example_dags/example_time_delta_sensor_async.py took 0.070 seconds
[2024-10-18T23:47:53.781+0000] {processor.py:186} INFO - Started process (PID=1860) to work on /home/airflow/.local/lib/python3.12/site-packages/airflow/example_dags/example_time_delta_sensor_async.py
[2024-10-18T23:47:53.783+0000] {processor.py:914} INFO - Processing file /home/airflow/.local/lib/python3.12/site-packages/airflow/example_dags/example_time_delta_sensor_async.py for tasks to queue
[2024-10-18T23:47:53.788+0000] {logging_mixin.py:190} INFO - [2024-10-18T23:47:53.787+0000] {dagbag.py:588} INFO - Filling up the DagBag from /home/airflow/.local/lib/python3.12/site-packages/airflow/example_dags/example_time_delta_sensor_async.py
[2024-10-18T23:47:53.800+0000] {processor.py:925} INFO - DAG(s) 'example_time_delta_sensor_async' retrieved from /home/airflow/.local/lib/python3.12/site-packages/airflow/example_dags/example_time_delta_sensor_async.py
[2024-10-18T23:47:53.834+0000] {logging_mixin.py:190} INFO - [2024-10-18T23:47:53.834+0000] {dag.py:3239} INFO - Sync 1 DAGs
[2024-10-18T23:47:53.858+0000] {logging_mixin.py:190} INFO - [2024-10-18T23:47:53.858+0000] {dag.py:4180} INFO - Setting next_dagrun for example_time_delta_sensor_async to None, run_after=None
[2024-10-18T23:47:53.888+0000] {processor.py:208} INFO - Processing /home/airflow/.local/lib/python3.12/site-packages/airflow/example_dags/example_time_delta_sensor_async.py took 0.118 seconds
[2024-10-18T23:48:23.948+0000] {processor.py:186} INFO - Started process (PID=1922) to work on /home/airflow/.local/lib/python3.12/site-packages/airflow/example_dags/example_time_delta_sensor_async.py
[2024-10-18T23:48:23.949+0000] {processor.py:914} INFO - Processing file /home/airflow/.local/lib/python3.12/site-packages/airflow/example_dags/example_time_delta_sensor_async.py for tasks to queue
[2024-10-18T23:48:23.953+0000] {logging_mixin.py:190} INFO - [2024-10-18T23:48:23.952+0000] {dagbag.py:588} INFO - Filling up the DagBag from /home/airflow/.local/lib/python3.12/site-packages/airflow/example_dags/example_time_delta_sensor_async.py
[2024-10-18T23:48:23.961+0000] {processor.py:925} INFO - DAG(s) 'example_time_delta_sensor_async' retrieved from /home/airflow/.local/lib/python3.12/site-packages/airflow/example_dags/example_time_delta_sensor_async.py
[2024-10-18T23:48:23.983+0000] {logging_mixin.py:190} INFO - [2024-10-18T23:48:23.983+0000] {dag.py:3239} INFO - Sync 1 DAGs
[2024-10-18T23:48:24.002+0000] {logging_mixin.py:190} INFO - [2024-10-18T23:48:24.001+0000] {dag.py:4180} INFO - Setting next_dagrun for example_time_delta_sensor_async to None, run_after=None
[2024-10-18T23:48:24.024+0000] {processor.py:208} INFO - Processing /home/airflow/.local/lib/python3.12/site-packages/airflow/example_dags/example_time_delta_sensor_async.py took 0.084 seconds
[2024-10-18T23:48:54.311+0000] {processor.py:186} INFO - Started process (PID=1984) to work on /home/airflow/.local/lib/python3.12/site-packages/airflow/example_dags/example_time_delta_sensor_async.py
[2024-10-18T23:48:54.313+0000] {processor.py:914} INFO - Processing file /home/airflow/.local/lib/python3.12/site-packages/airflow/example_dags/example_time_delta_sensor_async.py for tasks to queue
[2024-10-18T23:48:54.316+0000] {logging_mixin.py:190} INFO - [2024-10-18T23:48:54.315+0000] {dagbag.py:588} INFO - Filling up the DagBag from /home/airflow/.local/lib/python3.12/site-packages/airflow/example_dags/example_time_delta_sensor_async.py
[2024-10-18T23:48:54.324+0000] {processor.py:925} INFO - DAG(s) 'example_time_delta_sensor_async' retrieved from /home/airflow/.local/lib/python3.12/site-packages/airflow/example_dags/example_time_delta_sensor_async.py
[2024-10-18T23:48:54.348+0000] {logging_mixin.py:190} INFO - [2024-10-18T23:48:54.347+0000] {dag.py:3239} INFO - Sync 1 DAGs
[2024-10-18T23:48:54.365+0000] {logging_mixin.py:190} INFO - [2024-10-18T23:48:54.364+0000] {dag.py:4180} INFO - Setting next_dagrun for example_time_delta_sensor_async to None, run_after=None
[2024-10-18T23:48:54.386+0000] {processor.py:208} INFO - Processing /home/airflow/.local/lib/python3.12/site-packages/airflow/example_dags/example_time_delta_sensor_async.py took 0.082 seconds
[2024-10-18T23:49:25.079+0000] {processor.py:186} INFO - Started process (PID=2046) to work on /home/airflow/.local/lib/python3.12/site-packages/airflow/example_dags/example_time_delta_sensor_async.py
[2024-10-18T23:49:25.121+0000] {processor.py:914} INFO - Processing file /home/airflow/.local/lib/python3.12/site-packages/airflow/example_dags/example_time_delta_sensor_async.py for tasks to queue
[2024-10-18T23:49:25.125+0000] {logging_mixin.py:190} INFO - [2024-10-18T23:49:25.125+0000] {dagbag.py:588} INFO - Filling up the DagBag from /home/airflow/.local/lib/python3.12/site-packages/airflow/example_dags/example_time_delta_sensor_async.py
[2024-10-18T23:49:25.131+0000] {processor.py:925} INFO - DAG(s) 'example_time_delta_sensor_async' retrieved from /home/airflow/.local/lib/python3.12/site-packages/airflow/example_dags/example_time_delta_sensor_async.py
[2024-10-18T23:49:25.153+0000] {logging_mixin.py:190} INFO - [2024-10-18T23:49:25.152+0000] {dag.py:3239} INFO - Sync 1 DAGs
[2024-10-18T23:49:25.168+0000] {logging_mixin.py:190} INFO - [2024-10-18T23:49:25.168+0000] {dag.py:4180} INFO - Setting next_dagrun for example_time_delta_sensor_async to None, run_after=None
[2024-10-18T23:49:25.192+0000] {processor.py:208} INFO - Processing /home/airflow/.local/lib/python3.12/site-packages/airflow/example_dags/example_time_delta_sensor_async.py took 0.119 seconds
[2024-10-18T23:49:55.939+0000] {processor.py:186} INFO - Started process (PID=2108) to work on /home/airflow/.local/lib/python3.12/site-packages/airflow/example_dags/example_time_delta_sensor_async.py
[2024-10-18T23:49:55.941+0000] {processor.py:914} INFO - Processing file /home/airflow/.local/lib/python3.12/site-packages/airflow/example_dags/example_time_delta_sensor_async.py for tasks to queue
[2024-10-18T23:49:55.944+0000] {logging_mixin.py:190} INFO - [2024-10-18T23:49:55.943+0000] {dagbag.py:588} INFO - Filling up the DagBag from /home/airflow/.local/lib/python3.12/site-packages/airflow/example_dags/example_time_delta_sensor_async.py
[2024-10-18T23:49:55.951+0000] {processor.py:925} INFO - DAG(s) 'example_time_delta_sensor_async' retrieved from /home/airflow/.local/lib/python3.12/site-packages/airflow/example_dags/example_time_delta_sensor_async.py
[2024-10-18T23:49:55.977+0000] {logging_mixin.py:190} INFO - [2024-10-18T23:49:55.976+0000] {dag.py:3239} INFO - Sync 1 DAGs
[2024-10-18T23:49:55.993+0000] {logging_mixin.py:190} INFO - [2024-10-18T23:49:55.993+0000] {dag.py:4180} INFO - Setting next_dagrun for example_time_delta_sensor_async to None, run_after=None
[2024-10-18T23:49:56.020+0000] {processor.py:208} INFO - Processing /home/airflow/.local/lib/python3.12/site-packages/airflow/example_dags/example_time_delta_sensor_async.py took 0.087 seconds
[2024-10-18T23:50:26.741+0000] {processor.py:186} INFO - Started process (PID=2170) to work on /home/airflow/.local/lib/python3.12/site-packages/airflow/example_dags/example_time_delta_sensor_async.py
[2024-10-18T23:50:26.745+0000] {processor.py:914} INFO - Processing file /home/airflow/.local/lib/python3.12/site-packages/airflow/example_dags/example_time_delta_sensor_async.py for tasks to queue
[2024-10-18T23:50:26.748+0000] {logging_mixin.py:190} INFO - [2024-10-18T23:50:26.748+0000] {dagbag.py:588} INFO - Filling up the DagBag from /home/airflow/.local/lib/python3.12/site-packages/airflow/example_dags/example_time_delta_sensor_async.py
[2024-10-18T23:50:26.759+0000] {processor.py:925} INFO - DAG(s) 'example_time_delta_sensor_async' retrieved from /home/airflow/.local/lib/python3.12/site-packages/airflow/example_dags/example_time_delta_sensor_async.py
[2024-10-18T23:50:26.794+0000] {logging_mixin.py:190} INFO - [2024-10-18T23:50:26.794+0000] {dag.py:3239} INFO - Sync 1 DAGs
[2024-10-18T23:50:26.823+0000] {logging_mixin.py:190} INFO - [2024-10-18T23:50:26.822+0000] {dag.py:4180} INFO - Setting next_dagrun for example_time_delta_sensor_async to None, run_after=None
[2024-10-18T23:50:26.858+0000] {processor.py:208} INFO - Processing /home/airflow/.local/lib/python3.12/site-packages/airflow/example_dags/example_time_delta_sensor_async.py took 0.125 seconds
[2024-10-18T23:50:57.035+0000] {processor.py:186} INFO - Started process (PID=2232) to work on /home/airflow/.local/lib/python3.12/site-packages/airflow/example_dags/example_time_delta_sensor_async.py
[2024-10-18T23:50:57.037+0000] {processor.py:914} INFO - Processing file /home/airflow/.local/lib/python3.12/site-packages/airflow/example_dags/example_time_delta_sensor_async.py for tasks to queue
[2024-10-18T23:50:57.040+0000] {logging_mixin.py:190} INFO - [2024-10-18T23:50:57.040+0000] {dagbag.py:588} INFO - Filling up the DagBag from /home/airflow/.local/lib/python3.12/site-packages/airflow/example_dags/example_time_delta_sensor_async.py
[2024-10-18T23:50:57.048+0000] {processor.py:925} INFO - DAG(s) 'example_time_delta_sensor_async' retrieved from /home/airflow/.local/lib/python3.12/site-packages/airflow/example_dags/example_time_delta_sensor_async.py
[2024-10-18T23:50:57.071+0000] {logging_mixin.py:190} INFO - [2024-10-18T23:50:57.071+0000] {dag.py:3239} INFO - Sync 1 DAGs
[2024-10-18T23:50:57.090+0000] {logging_mixin.py:190} INFO - [2024-10-18T23:50:57.090+0000] {dag.py:4180} INFO - Setting next_dagrun for example_time_delta_sensor_async to None, run_after=None
[2024-10-18T23:50:57.115+0000] {processor.py:208} INFO - Processing /home/airflow/.local/lib/python3.12/site-packages/airflow/example_dags/example_time_delta_sensor_async.py took 0.088 seconds
[2024-10-18T23:51:28.079+0000] {processor.py:186} INFO - Started process (PID=2295) to work on /home/airflow/.local/lib/python3.12/site-packages/airflow/example_dags/example_time_delta_sensor_async.py
[2024-10-18T23:51:28.080+0000] {processor.py:914} INFO - Processing file /home/airflow/.local/lib/python3.12/site-packages/airflow/example_dags/example_time_delta_sensor_async.py for tasks to queue
[2024-10-18T23:51:28.083+0000] {logging_mixin.py:190} INFO - [2024-10-18T23:51:28.083+0000] {dagbag.py:588} INFO - Filling up the DagBag from /home/airflow/.local/lib/python3.12/site-packages/airflow/example_dags/example_time_delta_sensor_async.py
[2024-10-18T23:51:28.089+0000] {processor.py:925} INFO - DAG(s) 'example_time_delta_sensor_async' retrieved from /home/airflow/.local/lib/python3.12/site-packages/airflow/example_dags/example_time_delta_sensor_async.py
[2024-10-18T23:51:28.110+0000] {logging_mixin.py:190} INFO - [2024-10-18T23:51:28.110+0000] {dag.py:3239} INFO - Sync 1 DAGs
[2024-10-18T23:51:28.126+0000] {logging_mixin.py:190} INFO - [2024-10-18T23:51:28.125+0000] {dag.py:4180} INFO - Setting next_dagrun for example_time_delta_sensor_async to None, run_after=None
[2024-10-18T23:51:28.162+0000] {processor.py:208} INFO - Processing /home/airflow/.local/lib/python3.12/site-packages/airflow/example_dags/example_time_delta_sensor_async.py took 0.089 seconds
[2024-10-18T23:51:58.645+0000] {processor.py:186} INFO - Started process (PID=2357) to work on /home/airflow/.local/lib/python3.12/site-packages/airflow/example_dags/example_time_delta_sensor_async.py
[2024-10-18T23:51:58.646+0000] {processor.py:914} INFO - Processing file /home/airflow/.local/lib/python3.12/site-packages/airflow/example_dags/example_time_delta_sensor_async.py for tasks to queue
[2024-10-18T23:51:58.649+0000] {logging_mixin.py:190} INFO - [2024-10-18T23:51:58.649+0000] {dagbag.py:588} INFO - Filling up the DagBag from /home/airflow/.local/lib/python3.12/site-packages/airflow/example_dags/example_time_delta_sensor_async.py
[2024-10-18T23:51:58.655+0000] {processor.py:925} INFO - DAG(s) 'example_time_delta_sensor_async' retrieved from /home/airflow/.local/lib/python3.12/site-packages/airflow/example_dags/example_time_delta_sensor_async.py
[2024-10-18T23:51:58.676+0000] {logging_mixin.py:190} INFO - [2024-10-18T23:51:58.676+0000] {dag.py:3239} INFO - Sync 1 DAGs
[2024-10-18T23:51:58.689+0000] {logging_mixin.py:190} INFO - [2024-10-18T23:51:58.689+0000] {dag.py:4180} INFO - Setting next_dagrun for example_time_delta_sensor_async to None, run_after=None
[2024-10-18T23:51:58.727+0000] {processor.py:208} INFO - Processing /home/airflow/.local/lib/python3.12/site-packages/airflow/example_dags/example_time_delta_sensor_async.py took 0.087 seconds
[2024-10-18T23:52:29.591+0000] {processor.py:186} INFO - Started process (PID=2419) to work on /home/airflow/.local/lib/python3.12/site-packages/airflow/example_dags/example_time_delta_sensor_async.py
[2024-10-18T23:52:29.592+0000] {processor.py:914} INFO - Processing file /home/airflow/.local/lib/python3.12/site-packages/airflow/example_dags/example_time_delta_sensor_async.py for tasks to queue
[2024-10-18T23:52:29.594+0000] {logging_mixin.py:190} INFO - [2024-10-18T23:52:29.594+0000] {dagbag.py:588} INFO - Filling up the DagBag from /home/airflow/.local/lib/python3.12/site-packages/airflow/example_dags/example_time_delta_sensor_async.py
[2024-10-18T23:52:29.601+0000] {processor.py:925} INFO - DAG(s) 'example_time_delta_sensor_async' retrieved from /home/airflow/.local/lib/python3.12/site-packages/airflow/example_dags/example_time_delta_sensor_async.py
[2024-10-18T23:52:29.621+0000] {logging_mixin.py:190} INFO - [2024-10-18T23:52:29.621+0000] {dag.py:3239} INFO - Sync 1 DAGs
[2024-10-18T23:52:29.635+0000] {logging_mixin.py:190} INFO - [2024-10-18T23:52:29.635+0000] {dag.py:4180} INFO - Setting next_dagrun for example_time_delta_sensor_async to None, run_after=None
[2024-10-18T23:52:29.656+0000] {processor.py:208} INFO - Processing /home/airflow/.local/lib/python3.12/site-packages/airflow/example_dags/example_time_delta_sensor_async.py took 0.070 seconds
[2024-10-18T23:52:59.941+0000] {processor.py:186} INFO - Started process (PID=2481) to work on /home/airflow/.local/lib/python3.12/site-packages/airflow/example_dags/example_time_delta_sensor_async.py
[2024-10-18T23:52:59.942+0000] {processor.py:914} INFO - Processing file /home/airflow/.local/lib/python3.12/site-packages/airflow/example_dags/example_time_delta_sensor_async.py for tasks to queue
[2024-10-18T23:52:59.944+0000] {logging_mixin.py:190} INFO - [2024-10-18T23:52:59.944+0000] {dagbag.py:588} INFO - Filling up the DagBag from /home/airflow/.local/lib/python3.12/site-packages/airflow/example_dags/example_time_delta_sensor_async.py
[2024-10-18T23:52:59.952+0000] {processor.py:925} INFO - DAG(s) 'example_time_delta_sensor_async' retrieved from /home/airflow/.local/lib/python3.12/site-packages/airflow/example_dags/example_time_delta_sensor_async.py
[2024-10-18T23:52:59.976+0000] {logging_mixin.py:190} INFO - [2024-10-18T23:52:59.975+0000] {dag.py:3239} INFO - Sync 1 DAGs
[2024-10-18T23:52:59.990+0000] {logging_mixin.py:190} INFO - [2024-10-18T23:52:59.990+0000] {dag.py:4180} INFO - Setting next_dagrun for example_time_delta_sensor_async to None, run_after=None
[2024-10-18T23:53:00.011+0000] {processor.py:208} INFO - Processing /home/airflow/.local/lib/python3.12/site-packages/airflow/example_dags/example_time_delta_sensor_async.py took 0.076 seconds
[2024-10-18T23:53:30.605+0000] {processor.py:186} INFO - Started process (PID=2543) to work on /home/airflow/.local/lib/python3.12/site-packages/airflow/example_dags/example_time_delta_sensor_async.py
[2024-10-18T23:53:30.611+0000] {processor.py:914} INFO - Processing file /home/airflow/.local/lib/python3.12/site-packages/airflow/example_dags/example_time_delta_sensor_async.py for tasks to queue
[2024-10-18T23:53:30.626+0000] {logging_mixin.py:190} INFO - [2024-10-18T23:53:30.625+0000] {dagbag.py:588} INFO - Filling up the DagBag from /home/airflow/.local/lib/python3.12/site-packages/airflow/example_dags/example_time_delta_sensor_async.py
[2024-10-18T23:53:30.674+0000] {processor.py:925} INFO - DAG(s) 'example_time_delta_sensor_async' retrieved from /home/airflow/.local/lib/python3.12/site-packages/airflow/example_dags/example_time_delta_sensor_async.py
[2024-10-18T23:53:30.782+0000] {logging_mixin.py:190} INFO - [2024-10-18T23:53:30.779+0000] {dag.py:3239} INFO - Sync 1 DAGs
[2024-10-18T23:53:30.843+0000] {logging_mixin.py:190} INFO - [2024-10-18T23:53:30.842+0000] {dag.py:4180} INFO - Setting next_dagrun for example_time_delta_sensor_async to None, run_after=None
[2024-10-18T23:53:30.898+0000] {processor.py:208} INFO - Processing /home/airflow/.local/lib/python3.12/site-packages/airflow/example_dags/example_time_delta_sensor_async.py took 0.312 seconds
[2024-10-18T23:54:01.149+0000] {processor.py:186} INFO - Started process (PID=2605) to work on /home/airflow/.local/lib/python3.12/site-packages/airflow/example_dags/example_time_delta_sensor_async.py
[2024-10-18T23:54:01.152+0000] {processor.py:914} INFO - Processing file /home/airflow/.local/lib/python3.12/site-packages/airflow/example_dags/example_time_delta_sensor_async.py for tasks to queue
[2024-10-18T23:54:01.157+0000] {logging_mixin.py:190} INFO - [2024-10-18T23:54:01.157+0000] {dagbag.py:588} INFO - Filling up the DagBag from /home/airflow/.local/lib/python3.12/site-packages/airflow/example_dags/example_time_delta_sensor_async.py
[2024-10-18T23:54:01.172+0000] {processor.py:925} INFO - DAG(s) 'example_time_delta_sensor_async' retrieved from /home/airflow/.local/lib/python3.12/site-packages/airflow/example_dags/example_time_delta_sensor_async.py
[2024-10-18T23:54:01.211+0000] {logging_mixin.py:190} INFO - [2024-10-18T23:54:01.210+0000] {dag.py:3239} INFO - Sync 1 DAGs
[2024-10-18T23:54:01.239+0000] {logging_mixin.py:190} INFO - [2024-10-18T23:54:01.239+0000] {dag.py:4180} INFO - Setting next_dagrun for example_time_delta_sensor_async to None, run_after=None
[2024-10-18T23:54:01.283+0000] {processor.py:208} INFO - Processing /home/airflow/.local/lib/python3.12/site-packages/airflow/example_dags/example_time_delta_sensor_async.py took 0.146 seconds
[2024-10-18T23:54:32.023+0000] {processor.py:186} INFO - Started process (PID=2667) to work on /home/airflow/.local/lib/python3.12/site-packages/airflow/example_dags/example_time_delta_sensor_async.py
[2024-10-18T23:54:32.024+0000] {processor.py:914} INFO - Processing file /home/airflow/.local/lib/python3.12/site-packages/airflow/example_dags/example_time_delta_sensor_async.py for tasks to queue
[2024-10-18T23:54:32.028+0000] {logging_mixin.py:190} INFO - [2024-10-18T23:54:32.027+0000] {dagbag.py:588} INFO - Filling up the DagBag from /home/airflow/.local/lib/python3.12/site-packages/airflow/example_dags/example_time_delta_sensor_async.py
[2024-10-18T23:54:32.040+0000] {processor.py:925} INFO - DAG(s) 'example_time_delta_sensor_async' retrieved from /home/airflow/.local/lib/python3.12/site-packages/airflow/example_dags/example_time_delta_sensor_async.py
[2024-10-18T23:54:32.074+0000] {logging_mixin.py:190} INFO - [2024-10-18T23:54:32.074+0000] {dag.py:3239} INFO - Sync 1 DAGs
[2024-10-18T23:54:32.098+0000] {logging_mixin.py:190} INFO - [2024-10-18T23:54:32.097+0000] {dag.py:4180} INFO - Setting next_dagrun for example_time_delta_sensor_async to None, run_after=None
[2024-10-18T23:54:32.128+0000] {processor.py:208} INFO - Processing /home/airflow/.local/lib/python3.12/site-packages/airflow/example_dags/example_time_delta_sensor_async.py took 0.115 seconds
[2024-10-18T23:55:02.266+0000] {processor.py:186} INFO - Started process (PID=2730) to work on /home/airflow/.local/lib/python3.12/site-packages/airflow/example_dags/example_time_delta_sensor_async.py
[2024-10-18T23:55:02.267+0000] {processor.py:914} INFO - Processing file /home/airflow/.local/lib/python3.12/site-packages/airflow/example_dags/example_time_delta_sensor_async.py for tasks to queue
[2024-10-18T23:55:02.270+0000] {logging_mixin.py:190} INFO - [2024-10-18T23:55:02.270+0000] {dagbag.py:588} INFO - Filling up the DagBag from /home/airflow/.local/lib/python3.12/site-packages/airflow/example_dags/example_time_delta_sensor_async.py
[2024-10-18T23:55:02.279+0000] {processor.py:925} INFO - DAG(s) 'example_time_delta_sensor_async' retrieved from /home/airflow/.local/lib/python3.12/site-packages/airflow/example_dags/example_time_delta_sensor_async.py
[2024-10-18T23:55:02.306+0000] {logging_mixin.py:190} INFO - [2024-10-18T23:55:02.305+0000] {dag.py:3239} INFO - Sync 1 DAGs
[2024-10-18T23:55:02.325+0000] {logging_mixin.py:190} INFO - [2024-10-18T23:55:02.325+0000] {dag.py:4180} INFO - Setting next_dagrun for example_time_delta_sensor_async to None, run_after=None
[2024-10-18T23:55:02.352+0000] {processor.py:208} INFO - Processing /home/airflow/.local/lib/python3.12/site-packages/airflow/example_dags/example_time_delta_sensor_async.py took 0.093 seconds
[2024-10-18T23:56:43.551+0000] {processor.py:186} INFO - Started process (PID=2767) to work on /home/airflow/.local/lib/python3.12/site-packages/airflow/example_dags/example_time_delta_sensor_async.py
[2024-10-18T23:56:43.555+0000] {processor.py:914} INFO - Processing file /home/airflow/.local/lib/python3.12/site-packages/airflow/example_dags/example_time_delta_sensor_async.py for tasks to queue
[2024-10-18T23:56:43.562+0000] {logging_mixin.py:190} INFO - [2024-10-18T23:56:43.561+0000] {dagbag.py:588} INFO - Filling up the DagBag from /home/airflow/.local/lib/python3.12/site-packages/airflow/example_dags/example_time_delta_sensor_async.py
[2024-10-18T23:56:43.579+0000] {processor.py:925} INFO - DAG(s) 'example_time_delta_sensor_async' retrieved from /home/airflow/.local/lib/python3.12/site-packages/airflow/example_dags/example_time_delta_sensor_async.py
[2024-10-18T23:56:43.630+0000] {logging_mixin.py:190} INFO - [2024-10-18T23:56:43.629+0000] {dag.py:3239} INFO - Sync 1 DAGs
[2024-10-18T23:56:43.669+0000] {logging_mixin.py:190} INFO - [2024-10-18T23:56:43.668+0000] {dag.py:4180} INFO - Setting next_dagrun for example_time_delta_sensor_async to None, run_after=None
[2024-10-18T23:56:43.725+0000] {processor.py:208} INFO - Processing /home/airflow/.local/lib/python3.12/site-packages/airflow/example_dags/example_time_delta_sensor_async.py took 0.191 seconds
[2024-10-18T23:57:13.858+0000] {processor.py:186} INFO - Started process (PID=2829) to work on /home/airflow/.local/lib/python3.12/site-packages/airflow/example_dags/example_time_delta_sensor_async.py
[2024-10-18T23:57:13.860+0000] {processor.py:914} INFO - Processing file /home/airflow/.local/lib/python3.12/site-packages/airflow/example_dags/example_time_delta_sensor_async.py for tasks to queue
[2024-10-18T23:57:13.864+0000] {logging_mixin.py:190} INFO - [2024-10-18T23:57:13.864+0000] {dagbag.py:588} INFO - Filling up the DagBag from /home/airflow/.local/lib/python3.12/site-packages/airflow/example_dags/example_time_delta_sensor_async.py
[2024-10-18T23:57:13.875+0000] {processor.py:925} INFO - DAG(s) 'example_time_delta_sensor_async' retrieved from /home/airflow/.local/lib/python3.12/site-packages/airflow/example_dags/example_time_delta_sensor_async.py
[2024-10-18T23:57:13.909+0000] {logging_mixin.py:190} INFO - [2024-10-18T23:57:13.908+0000] {dag.py:3239} INFO - Sync 1 DAGs
[2024-10-18T23:57:13.939+0000] {logging_mixin.py:190} INFO - [2024-10-18T23:57:13.938+0000] {dag.py:4180} INFO - Setting next_dagrun for example_time_delta_sensor_async to None, run_after=None
[2024-10-18T23:57:13.983+0000] {processor.py:208} INFO - Processing /home/airflow/.local/lib/python3.12/site-packages/airflow/example_dags/example_time_delta_sensor_async.py took 0.135 seconds
[2024-10-18T23:57:44.541+0000] {processor.py:186} INFO - Started process (PID=2890) to work on /home/airflow/.local/lib/python3.12/site-packages/airflow/example_dags/example_time_delta_sensor_async.py
[2024-10-18T23:57:44.543+0000] {processor.py:914} INFO - Processing file /home/airflow/.local/lib/python3.12/site-packages/airflow/example_dags/example_time_delta_sensor_async.py for tasks to queue
[2024-10-18T23:57:44.547+0000] {logging_mixin.py:190} INFO - [2024-10-18T23:57:44.546+0000] {dagbag.py:588} INFO - Filling up the DagBag from /home/airflow/.local/lib/python3.12/site-packages/airflow/example_dags/example_time_delta_sensor_async.py
[2024-10-18T23:57:44.555+0000] {processor.py:925} INFO - DAG(s) 'example_time_delta_sensor_async' retrieved from /home/airflow/.local/lib/python3.12/site-packages/airflow/example_dags/example_time_delta_sensor_async.py
[2024-10-18T23:57:44.579+0000] {logging_mixin.py:190} INFO - [2024-10-18T23:57:44.579+0000] {dag.py:3239} INFO - Sync 1 DAGs
[2024-10-18T23:57:44.597+0000] {logging_mixin.py:190} INFO - [2024-10-18T23:57:44.597+0000] {dag.py:4180} INFO - Setting next_dagrun for example_time_delta_sensor_async to None, run_after=None
[2024-10-18T23:57:44.621+0000] {processor.py:208} INFO - Processing /home/airflow/.local/lib/python3.12/site-packages/airflow/example_dags/example_time_delta_sensor_async.py took 0.087 seconds
[2024-10-18T23:58:15.149+0000] {processor.py:186} INFO - Started process (PID=2953) to work on /home/airflow/.local/lib/python3.12/site-packages/airflow/example_dags/example_time_delta_sensor_async.py
[2024-10-18T23:58:15.150+0000] {processor.py:914} INFO - Processing file /home/airflow/.local/lib/python3.12/site-packages/airflow/example_dags/example_time_delta_sensor_async.py for tasks to queue
[2024-10-18T23:58:15.153+0000] {logging_mixin.py:190} INFO - [2024-10-18T23:58:15.152+0000] {dagbag.py:588} INFO - Filling up the DagBag from /home/airflow/.local/lib/python3.12/site-packages/airflow/example_dags/example_time_delta_sensor_async.py
[2024-10-18T23:58:15.160+0000] {processor.py:925} INFO - DAG(s) 'example_time_delta_sensor_async' retrieved from /home/airflow/.local/lib/python3.12/site-packages/airflow/example_dags/example_time_delta_sensor_async.py
[2024-10-18T23:58:15.179+0000] {logging_mixin.py:190} INFO - [2024-10-18T23:58:15.179+0000] {dag.py:3239} INFO - Sync 1 DAGs
[2024-10-18T23:58:15.206+0000] {logging_mixin.py:190} INFO - [2024-10-18T23:58:15.205+0000] {dag.py:4180} INFO - Setting next_dagrun for example_time_delta_sensor_async to None, run_after=None
[2024-10-18T23:58:15.234+0000] {processor.py:208} INFO - Processing /home/airflow/.local/lib/python3.12/site-packages/airflow/example_dags/example_time_delta_sensor_async.py took 0.091 seconds
[2024-10-18T23:58:46.298+0000] {processor.py:186} INFO - Started process (PID=3015) to work on /home/airflow/.local/lib/python3.12/site-packages/airflow/example_dags/example_time_delta_sensor_async.py
[2024-10-18T23:58:46.299+0000] {processor.py:914} INFO - Processing file /home/airflow/.local/lib/python3.12/site-packages/airflow/example_dags/example_time_delta_sensor_async.py for tasks to queue
[2024-10-18T23:58:46.302+0000] {logging_mixin.py:190} INFO - [2024-10-18T23:58:46.301+0000] {dagbag.py:588} INFO - Filling up the DagBag from /home/airflow/.local/lib/python3.12/site-packages/airflow/example_dags/example_time_delta_sensor_async.py
[2024-10-18T23:58:46.310+0000] {processor.py:925} INFO - DAG(s) 'example_time_delta_sensor_async' retrieved from /home/airflow/.local/lib/python3.12/site-packages/airflow/example_dags/example_time_delta_sensor_async.py
[2024-10-18T23:58:46.345+0000] {logging_mixin.py:190} INFO - [2024-10-18T23:58:46.344+0000] {dag.py:3239} INFO - Sync 1 DAGs
[2024-10-18T23:58:46.570+0000] {logging_mixin.py:190} INFO - [2024-10-18T23:58:46.569+0000] {dag.py:4180} INFO - Setting next_dagrun for example_time_delta_sensor_async to None, run_after=None
[2024-10-18T23:58:46.591+0000] {processor.py:208} INFO - Processing /home/airflow/.local/lib/python3.12/site-packages/airflow/example_dags/example_time_delta_sensor_async.py took 0.300 seconds
[2024-10-18T23:59:17.543+0000] {processor.py:186} INFO - Started process (PID=3076) to work on /home/airflow/.local/lib/python3.12/site-packages/airflow/example_dags/example_time_delta_sensor_async.py
[2024-10-18T23:59:17.635+0000] {processor.py:914} INFO - Processing file /home/airflow/.local/lib/python3.12/site-packages/airflow/example_dags/example_time_delta_sensor_async.py for tasks to queue
[2024-10-18T23:59:17.640+0000] {logging_mixin.py:190} INFO - [2024-10-18T23:59:17.639+0000] {dagbag.py:588} INFO - Filling up the DagBag from /home/airflow/.local/lib/python3.12/site-packages/airflow/example_dags/example_time_delta_sensor_async.py
[2024-10-18T23:59:17.654+0000] {processor.py:925} INFO - DAG(s) 'example_time_delta_sensor_async' retrieved from /home/airflow/.local/lib/python3.12/site-packages/airflow/example_dags/example_time_delta_sensor_async.py
[2024-10-18T23:59:17.689+0000] {logging_mixin.py:190} INFO - [2024-10-18T23:59:17.689+0000] {dag.py:3239} INFO - Sync 1 DAGs
[2024-10-18T23:59:18.023+0000] {logging_mixin.py:190} INFO - [2024-10-18T23:59:18.007+0000] {dag.py:4180} INFO - Setting next_dagrun for example_time_delta_sensor_async to None, run_after=None
[2024-10-18T23:59:18.072+0000] {processor.py:208} INFO - Processing /home/airflow/.local/lib/python3.12/site-packages/airflow/example_dags/example_time_delta_sensor_async.py took 0.537 seconds
[2024-10-18T23:59:48.795+0000] {processor.py:186} INFO - Started process (PID=3138) to work on /home/airflow/.local/lib/python3.12/site-packages/airflow/example_dags/example_time_delta_sensor_async.py
[2024-10-18T23:59:48.797+0000] {processor.py:914} INFO - Processing file /home/airflow/.local/lib/python3.12/site-packages/airflow/example_dags/example_time_delta_sensor_async.py for tasks to queue
[2024-10-18T23:59:48.800+0000] {logging_mixin.py:190} INFO - [2024-10-18T23:59:48.800+0000] {dagbag.py:588} INFO - Filling up the DagBag from /home/airflow/.local/lib/python3.12/site-packages/airflow/example_dags/example_time_delta_sensor_async.py
[2024-10-18T23:59:48.806+0000] {processor.py:925} INFO - DAG(s) 'example_time_delta_sensor_async' retrieved from /home/airflow/.local/lib/python3.12/site-packages/airflow/example_dags/example_time_delta_sensor_async.py
[2024-10-18T23:59:48.826+0000] {logging_mixin.py:190} INFO - [2024-10-18T23:59:48.826+0000] {dag.py:3239} INFO - Sync 1 DAGs
[2024-10-18T23:59:48.839+0000] {logging_mixin.py:190} INFO - [2024-10-18T23:59:48.839+0000] {dag.py:4180} INFO - Setting next_dagrun for example_time_delta_sensor_async to None, run_after=None
[2024-10-18T23:59:48.860+0000] {processor.py:208} INFO - Processing /home/airflow/.local/lib/python3.12/site-packages/airflow/example_dags/example_time_delta_sensor_async.py took 0.071 seconds
