[2024-10-18T23:33:24.481+0000] {processor.py:186} INFO - Started process (PID=125) to work on /home/airflow/.local/lib/python3.12/site-packages/airflow/example_dags/example_kubernetes_executor.py
[2024-10-18T23:33:24.482+0000] {processor.py:914} INFO - Processing file /home/airflow/.local/lib/python3.12/site-packages/airflow/example_dags/example_kubernetes_executor.py for tasks to queue
[2024-10-18T23:33:24.487+0000] {logging_mixin.py:190} INFO - [2024-10-18T23:33:24.486+0000] {dagbag.py:588} INFO - Filling up the DagBag from /home/airflow/.local/lib/python3.12/site-packages/airflow/example_dags/example_kubernetes_executor.py
[2024-10-18T23:33:24.610+0000] {processor.py:925} INFO - DAG(s) 'example_kubernetes_executor' retrieved from /home/airflow/.local/lib/python3.12/site-packages/airflow/example_dags/example_kubernetes_executor.py
[2024-10-18T23:33:27.904+0000] {logging_mixin.py:190} INFO - [2024-10-18T23:33:27.886+0000] {override.py:1900} INFO - Created Permission View: can read on DAG:example_kubernetes_executor
[2024-10-18T23:33:28.045+0000] {logging_mixin.py:190} INFO - [2024-10-18T23:33:28.044+0000] {override.py:1900} INFO - Created Permission View: can edit on DAG:example_kubernetes_executor
[2024-10-18T23:33:28.068+0000] {logging_mixin.py:190} INFO - [2024-10-18T23:33:28.067+0000] {override.py:1900} INFO - Created Permission View: can delete on DAG:example_kubernetes_executor
[2024-10-18T23:33:28.108+0000] {logging_mixin.py:190} INFO - [2024-10-18T23:33:28.108+0000] {override.py:1900} INFO - Created Permission View: can read on DAG Run:example_kubernetes_executor
[2024-10-18T23:33:28.133+0000] {logging_mixin.py:190} INFO - [2024-10-18T23:33:28.133+0000] {override.py:1900} INFO - Created Permission View: can create on DAG Run:example_kubernetes_executor
[2024-10-18T23:33:28.149+0000] {logging_mixin.py:190} INFO - [2024-10-18T23:33:28.148+0000] {override.py:1900} INFO - Created Permission View: menu access on DAG Run:example_kubernetes_executor
[2024-10-18T23:33:28.179+0000] {logging_mixin.py:190} INFO - [2024-10-18T23:33:28.178+0000] {override.py:1900} INFO - Created Permission View: can delete on DAG Run:example_kubernetes_executor
[2024-10-18T23:33:28.184+0000] {logging_mixin.py:190} INFO - [2024-10-18T23:33:28.184+0000] {dag.py:3239} INFO - Sync 1 DAGs
[2024-10-18T23:33:28.406+0000] {logging_mixin.py:190} INFO - [2024-10-18T23:33:28.406+0000] {dag.py:3262} INFO - Creating ORM DAG for example_kubernetes_executor
[2024-10-18T23:33:28.420+0000] {logging_mixin.py:190} INFO - [2024-10-18T23:33:28.419+0000] {dag.py:4180} INFO - Setting next_dagrun for example_kubernetes_executor to None, run_after=None
[2024-10-18T23:33:28.814+0000] {processor.py:208} INFO - Processing /home/airflow/.local/lib/python3.12/site-packages/airflow/example_dags/example_kubernetes_executor.py took 4.340 seconds
[2024-10-18T23:33:59.901+0000] {processor.py:186} INFO - Started process (PID=187) to work on /home/airflow/.local/lib/python3.12/site-packages/airflow/example_dags/example_kubernetes_executor.py
[2024-10-18T23:33:59.903+0000] {processor.py:914} INFO - Processing file /home/airflow/.local/lib/python3.12/site-packages/airflow/example_dags/example_kubernetes_executor.py for tasks to queue
[2024-10-18T23:33:59.906+0000] {logging_mixin.py:190} INFO - [2024-10-18T23:33:59.906+0000] {dagbag.py:588} INFO - Filling up the DagBag from /home/airflow/.local/lib/python3.12/site-packages/airflow/example_dags/example_kubernetes_executor.py
[2024-10-18T23:33:59.935+0000] {processor.py:925} INFO - DAG(s) 'example_kubernetes_executor' retrieved from /home/airflow/.local/lib/python3.12/site-packages/airflow/example_dags/example_kubernetes_executor.py
[2024-10-18T23:33:59.990+0000] {logging_mixin.py:190} INFO - [2024-10-18T23:33:59.989+0000] {dag.py:3239} INFO - Sync 1 DAGs
[2024-10-18T23:34:00.016+0000] {logging_mixin.py:190} INFO - [2024-10-18T23:34:00.016+0000] {dag.py:4180} INFO - Setting next_dagrun for example_kubernetes_executor to None, run_after=None
[2024-10-18T23:34:00.046+0000] {processor.py:208} INFO - Processing /home/airflow/.local/lib/python3.12/site-packages/airflow/example_dags/example_kubernetes_executor.py took 0.154 seconds
[2024-10-18T23:34:30.486+0000] {processor.py:186} INFO - Started process (PID=249) to work on /home/airflow/.local/lib/python3.12/site-packages/airflow/example_dags/example_kubernetes_executor.py
[2024-10-18T23:34:30.487+0000] {processor.py:914} INFO - Processing file /home/airflow/.local/lib/python3.12/site-packages/airflow/example_dags/example_kubernetes_executor.py for tasks to queue
[2024-10-18T23:34:30.489+0000] {logging_mixin.py:190} INFO - [2024-10-18T23:34:30.489+0000] {dagbag.py:588} INFO - Filling up the DagBag from /home/airflow/.local/lib/python3.12/site-packages/airflow/example_dags/example_kubernetes_executor.py
[2024-10-18T23:34:30.501+0000] {processor.py:925} INFO - DAG(s) 'example_kubernetes_executor' retrieved from /home/airflow/.local/lib/python3.12/site-packages/airflow/example_dags/example_kubernetes_executor.py
[2024-10-18T23:34:30.535+0000] {logging_mixin.py:190} INFO - [2024-10-18T23:34:30.535+0000] {dag.py:3239} INFO - Sync 1 DAGs
[2024-10-18T23:34:30.549+0000] {logging_mixin.py:190} INFO - [2024-10-18T23:34:30.549+0000] {dag.py:4180} INFO - Setting next_dagrun for example_kubernetes_executor to None, run_after=None
[2024-10-18T23:34:30.571+0000] {processor.py:208} INFO - Processing /home/airflow/.local/lib/python3.12/site-packages/airflow/example_dags/example_kubernetes_executor.py took 0.090 seconds
[2024-10-18T23:35:00.925+0000] {processor.py:186} INFO - Started process (PID=311) to work on /home/airflow/.local/lib/python3.12/site-packages/airflow/example_dags/example_kubernetes_executor.py
[2024-10-18T23:35:00.926+0000] {processor.py:914} INFO - Processing file /home/airflow/.local/lib/python3.12/site-packages/airflow/example_dags/example_kubernetes_executor.py for tasks to queue
[2024-10-18T23:35:00.928+0000] {logging_mixin.py:190} INFO - [2024-10-18T23:35:00.928+0000] {dagbag.py:588} INFO - Filling up the DagBag from /home/airflow/.local/lib/python3.12/site-packages/airflow/example_dags/example_kubernetes_executor.py
[2024-10-18T23:35:00.941+0000] {processor.py:925} INFO - DAG(s) 'example_kubernetes_executor' retrieved from /home/airflow/.local/lib/python3.12/site-packages/airflow/example_dags/example_kubernetes_executor.py
[2024-10-18T23:35:00.977+0000] {logging_mixin.py:190} INFO - [2024-10-18T23:35:00.977+0000] {dag.py:3239} INFO - Sync 1 DAGs
[2024-10-18T23:35:00.992+0000] {logging_mixin.py:190} INFO - [2024-10-18T23:35:00.992+0000] {dag.py:4180} INFO - Setting next_dagrun for example_kubernetes_executor to None, run_after=None
[2024-10-18T23:35:01.011+0000] {processor.py:208} INFO - Processing /home/airflow/.local/lib/python3.12/site-packages/airflow/example_dags/example_kubernetes_executor.py took 0.092 seconds
[2024-10-18T23:35:31.196+0000] {processor.py:186} INFO - Started process (PID=373) to work on /home/airflow/.local/lib/python3.12/site-packages/airflow/example_dags/example_kubernetes_executor.py
[2024-10-18T23:35:31.197+0000] {processor.py:914} INFO - Processing file /home/airflow/.local/lib/python3.12/site-packages/airflow/example_dags/example_kubernetes_executor.py for tasks to queue
[2024-10-18T23:35:31.200+0000] {logging_mixin.py:190} INFO - [2024-10-18T23:35:31.200+0000] {dagbag.py:588} INFO - Filling up the DagBag from /home/airflow/.local/lib/python3.12/site-packages/airflow/example_dags/example_kubernetes_executor.py
[2024-10-18T23:35:31.214+0000] {processor.py:925} INFO - DAG(s) 'example_kubernetes_executor' retrieved from /home/airflow/.local/lib/python3.12/site-packages/airflow/example_dags/example_kubernetes_executor.py
[2024-10-18T23:35:31.253+0000] {logging_mixin.py:190} INFO - [2024-10-18T23:35:31.253+0000] {dag.py:3239} INFO - Sync 1 DAGs
[2024-10-18T23:35:31.268+0000] {logging_mixin.py:190} INFO - [2024-10-18T23:35:31.267+0000] {dag.py:4180} INFO - Setting next_dagrun for example_kubernetes_executor to None, run_after=None
[2024-10-18T23:35:31.321+0000] {processor.py:208} INFO - Processing /home/airflow/.local/lib/python3.12/site-packages/airflow/example_dags/example_kubernetes_executor.py took 0.131 seconds
[2024-10-18T23:36:02.248+0000] {processor.py:186} INFO - Started process (PID=435) to work on /home/airflow/.local/lib/python3.12/site-packages/airflow/example_dags/example_kubernetes_executor.py
[2024-10-18T23:36:02.249+0000] {processor.py:914} INFO - Processing file /home/airflow/.local/lib/python3.12/site-packages/airflow/example_dags/example_kubernetes_executor.py for tasks to queue
[2024-10-18T23:36:02.251+0000] {logging_mixin.py:190} INFO - [2024-10-18T23:36:02.251+0000] {dagbag.py:588} INFO - Filling up the DagBag from /home/airflow/.local/lib/python3.12/site-packages/airflow/example_dags/example_kubernetes_executor.py
[2024-10-18T23:36:02.263+0000] {processor.py:925} INFO - DAG(s) 'example_kubernetes_executor' retrieved from /home/airflow/.local/lib/python3.12/site-packages/airflow/example_dags/example_kubernetes_executor.py
[2024-10-18T23:36:02.296+0000] {logging_mixin.py:190} INFO - [2024-10-18T23:36:02.296+0000] {dag.py:3239} INFO - Sync 1 DAGs
[2024-10-18T23:36:02.309+0000] {logging_mixin.py:190} INFO - [2024-10-18T23:36:02.309+0000] {dag.py:4180} INFO - Setting next_dagrun for example_kubernetes_executor to None, run_after=None
[2024-10-18T23:36:02.335+0000] {processor.py:208} INFO - Processing /home/airflow/.local/lib/python3.12/site-packages/airflow/example_dags/example_kubernetes_executor.py took 0.093 seconds
[2024-10-18T23:36:32.516+0000] {processor.py:186} INFO - Started process (PID=497) to work on /home/airflow/.local/lib/python3.12/site-packages/airflow/example_dags/example_kubernetes_executor.py
[2024-10-18T23:36:32.518+0000] {processor.py:914} INFO - Processing file /home/airflow/.local/lib/python3.12/site-packages/airflow/example_dags/example_kubernetes_executor.py for tasks to queue
[2024-10-18T23:36:32.520+0000] {logging_mixin.py:190} INFO - [2024-10-18T23:36:32.520+0000] {dagbag.py:588} INFO - Filling up the DagBag from /home/airflow/.local/lib/python3.12/site-packages/airflow/example_dags/example_kubernetes_executor.py
[2024-10-18T23:36:32.582+0000] {processor.py:925} INFO - DAG(s) 'example_kubernetes_executor' retrieved from /home/airflow/.local/lib/python3.12/site-packages/airflow/example_dags/example_kubernetes_executor.py
[2024-10-18T23:36:32.654+0000] {logging_mixin.py:190} INFO - [2024-10-18T23:36:32.654+0000] {dag.py:3239} INFO - Sync 1 DAGs
[2024-10-18T23:36:32.671+0000] {logging_mixin.py:190} INFO - [2024-10-18T23:36:32.671+0000] {dag.py:4180} INFO - Setting next_dagrun for example_kubernetes_executor to None, run_after=None
[2024-10-18T23:36:32.698+0000] {processor.py:208} INFO - Processing /home/airflow/.local/lib/python3.12/site-packages/airflow/example_dags/example_kubernetes_executor.py took 0.209 seconds
[2024-10-18T23:37:02.745+0000] {processor.py:186} INFO - Started process (PID=559) to work on /home/airflow/.local/lib/python3.12/site-packages/airflow/example_dags/example_kubernetes_executor.py
[2024-10-18T23:37:02.746+0000] {processor.py:914} INFO - Processing file /home/airflow/.local/lib/python3.12/site-packages/airflow/example_dags/example_kubernetes_executor.py for tasks to queue
[2024-10-18T23:37:02.748+0000] {logging_mixin.py:190} INFO - [2024-10-18T23:37:02.748+0000] {dagbag.py:588} INFO - Filling up the DagBag from /home/airflow/.local/lib/python3.12/site-packages/airflow/example_dags/example_kubernetes_executor.py
[2024-10-18T23:37:02.772+0000] {processor.py:925} INFO - DAG(s) 'example_kubernetes_executor' retrieved from /home/airflow/.local/lib/python3.12/site-packages/airflow/example_dags/example_kubernetes_executor.py
[2024-10-18T23:37:02.857+0000] {logging_mixin.py:190} INFO - [2024-10-18T23:37:02.857+0000] {dag.py:3239} INFO - Sync 1 DAGs
[2024-10-18T23:37:02.869+0000] {logging_mixin.py:190} INFO - [2024-10-18T23:37:02.869+0000] {dag.py:4180} INFO - Setting next_dagrun for example_kubernetes_executor to None, run_after=None
[2024-10-18T23:37:02.887+0000] {processor.py:208} INFO - Processing /home/airflow/.local/lib/python3.12/site-packages/airflow/example_dags/example_kubernetes_executor.py took 0.148 seconds
[2024-10-18T23:37:33.550+0000] {processor.py:186} INFO - Started process (PID=621) to work on /home/airflow/.local/lib/python3.12/site-packages/airflow/example_dags/example_kubernetes_executor.py
[2024-10-18T23:37:33.551+0000] {processor.py:914} INFO - Processing file /home/airflow/.local/lib/python3.12/site-packages/airflow/example_dags/example_kubernetes_executor.py for tasks to queue
[2024-10-18T23:37:33.553+0000] {logging_mixin.py:190} INFO - [2024-10-18T23:37:33.553+0000] {dagbag.py:588} INFO - Filling up the DagBag from /home/airflow/.local/lib/python3.12/site-packages/airflow/example_dags/example_kubernetes_executor.py
[2024-10-18T23:37:33.565+0000] {processor.py:925} INFO - DAG(s) 'example_kubernetes_executor' retrieved from /home/airflow/.local/lib/python3.12/site-packages/airflow/example_dags/example_kubernetes_executor.py
[2024-10-18T23:37:33.600+0000] {logging_mixin.py:190} INFO - [2024-10-18T23:37:33.600+0000] {dag.py:3239} INFO - Sync 1 DAGs
[2024-10-18T23:37:33.613+0000] {logging_mixin.py:190} INFO - [2024-10-18T23:37:33.613+0000] {dag.py:4180} INFO - Setting next_dagrun for example_kubernetes_executor to None, run_after=None
[2024-10-18T23:37:33.641+0000] {processor.py:208} INFO - Processing /home/airflow/.local/lib/python3.12/site-packages/airflow/example_dags/example_kubernetes_executor.py took 0.097 seconds
[2024-10-18T23:38:04.069+0000] {processor.py:186} INFO - Started process (PID=683) to work on /home/airflow/.local/lib/python3.12/site-packages/airflow/example_dags/example_kubernetes_executor.py
[2024-10-18T23:38:04.071+0000] {processor.py:914} INFO - Processing file /home/airflow/.local/lib/python3.12/site-packages/airflow/example_dags/example_kubernetes_executor.py for tasks to queue
[2024-10-18T23:38:04.073+0000] {logging_mixin.py:190} INFO - [2024-10-18T23:38:04.073+0000] {dagbag.py:588} INFO - Filling up the DagBag from /home/airflow/.local/lib/python3.12/site-packages/airflow/example_dags/example_kubernetes_executor.py
[2024-10-18T23:38:04.085+0000] {processor.py:925} INFO - DAG(s) 'example_kubernetes_executor' retrieved from /home/airflow/.local/lib/python3.12/site-packages/airflow/example_dags/example_kubernetes_executor.py
[2024-10-18T23:38:04.121+0000] {logging_mixin.py:190} INFO - [2024-10-18T23:38:04.121+0000] {dag.py:3239} INFO - Sync 1 DAGs
[2024-10-18T23:38:04.133+0000] {logging_mixin.py:190} INFO - [2024-10-18T23:38:04.133+0000] {dag.py:4180} INFO - Setting next_dagrun for example_kubernetes_executor to None, run_after=None
[2024-10-18T23:38:04.151+0000] {processor.py:208} INFO - Processing /home/airflow/.local/lib/python3.12/site-packages/airflow/example_dags/example_kubernetes_executor.py took 0.087 seconds
[2024-10-18T23:38:34.597+0000] {processor.py:186} INFO - Started process (PID=745) to work on /home/airflow/.local/lib/python3.12/site-packages/airflow/example_dags/example_kubernetes_executor.py
[2024-10-18T23:38:34.598+0000] {processor.py:914} INFO - Processing file /home/airflow/.local/lib/python3.12/site-packages/airflow/example_dags/example_kubernetes_executor.py for tasks to queue
[2024-10-18T23:38:34.600+0000] {logging_mixin.py:190} INFO - [2024-10-18T23:38:34.600+0000] {dagbag.py:588} INFO - Filling up the DagBag from /home/airflow/.local/lib/python3.12/site-packages/airflow/example_dags/example_kubernetes_executor.py
[2024-10-18T23:38:34.618+0000] {processor.py:925} INFO - DAG(s) 'example_kubernetes_executor' retrieved from /home/airflow/.local/lib/python3.12/site-packages/airflow/example_dags/example_kubernetes_executor.py
[2024-10-18T23:38:34.839+0000] {logging_mixin.py:190} INFO - [2024-10-18T23:38:34.838+0000] {dag.py:3239} INFO - Sync 1 DAGs
[2024-10-18T23:38:34.871+0000] {logging_mixin.py:190} INFO - [2024-10-18T23:38:34.871+0000] {dag.py:4180} INFO - Setting next_dagrun for example_kubernetes_executor to None, run_after=None
[2024-10-18T23:38:34.895+0000] {processor.py:208} INFO - Processing /home/airflow/.local/lib/python3.12/site-packages/airflow/example_dags/example_kubernetes_executor.py took 0.303 seconds
[2024-10-18T23:39:05.637+0000] {processor.py:186} INFO - Started process (PID=807) to work on /home/airflow/.local/lib/python3.12/site-packages/airflow/example_dags/example_kubernetes_executor.py
[2024-10-18T23:39:05.638+0000] {processor.py:914} INFO - Processing file /home/airflow/.local/lib/python3.12/site-packages/airflow/example_dags/example_kubernetes_executor.py for tasks to queue
[2024-10-18T23:39:05.640+0000] {logging_mixin.py:190} INFO - [2024-10-18T23:39:05.640+0000] {dagbag.py:588} INFO - Filling up the DagBag from /home/airflow/.local/lib/python3.12/site-packages/airflow/example_dags/example_kubernetes_executor.py
[2024-10-18T23:39:05.653+0000] {processor.py:925} INFO - DAG(s) 'example_kubernetes_executor' retrieved from /home/airflow/.local/lib/python3.12/site-packages/airflow/example_dags/example_kubernetes_executor.py
[2024-10-18T23:39:05.687+0000] {logging_mixin.py:190} INFO - [2024-10-18T23:39:05.687+0000] {dag.py:3239} INFO - Sync 1 DAGs
[2024-10-18T23:39:05.702+0000] {logging_mixin.py:190} INFO - [2024-10-18T23:39:05.702+0000] {dag.py:4180} INFO - Setting next_dagrun for example_kubernetes_executor to None, run_after=None
[2024-10-18T23:39:05.722+0000] {processor.py:208} INFO - Processing /home/airflow/.local/lib/python3.12/site-packages/airflow/example_dags/example_kubernetes_executor.py took 0.090 seconds
[2024-10-18T23:39:36.078+0000] {processor.py:186} INFO - Started process (PID=869) to work on /home/airflow/.local/lib/python3.12/site-packages/airflow/example_dags/example_kubernetes_executor.py
[2024-10-18T23:39:36.081+0000] {processor.py:914} INFO - Processing file /home/airflow/.local/lib/python3.12/site-packages/airflow/example_dags/example_kubernetes_executor.py for tasks to queue
[2024-10-18T23:39:36.086+0000] {logging_mixin.py:190} INFO - [2024-10-18T23:39:36.086+0000] {dagbag.py:588} INFO - Filling up the DagBag from /home/airflow/.local/lib/python3.12/site-packages/airflow/example_dags/example_kubernetes_executor.py
[2024-10-18T23:39:36.104+0000] {processor.py:925} INFO - DAG(s) 'example_kubernetes_executor' retrieved from /home/airflow/.local/lib/python3.12/site-packages/airflow/example_dags/example_kubernetes_executor.py
[2024-10-18T23:39:36.157+0000] {logging_mixin.py:190} INFO - [2024-10-18T23:39:36.157+0000] {dag.py:3239} INFO - Sync 1 DAGs
[2024-10-18T23:39:36.174+0000] {logging_mixin.py:190} INFO - [2024-10-18T23:39:36.174+0000] {dag.py:4180} INFO - Setting next_dagrun for example_kubernetes_executor to None, run_after=None
[2024-10-18T23:39:36.199+0000] {processor.py:208} INFO - Processing /home/airflow/.local/lib/python3.12/site-packages/airflow/example_dags/example_kubernetes_executor.py took 0.135 seconds
[2024-10-18T23:40:06.662+0000] {processor.py:186} INFO - Started process (PID=931) to work on /home/airflow/.local/lib/python3.12/site-packages/airflow/example_dags/example_kubernetes_executor.py
[2024-10-18T23:40:06.663+0000] {processor.py:914} INFO - Processing file /home/airflow/.local/lib/python3.12/site-packages/airflow/example_dags/example_kubernetes_executor.py for tasks to queue
[2024-10-18T23:40:06.665+0000] {logging_mixin.py:190} INFO - [2024-10-18T23:40:06.665+0000] {dagbag.py:588} INFO - Filling up the DagBag from /home/airflow/.local/lib/python3.12/site-packages/airflow/example_dags/example_kubernetes_executor.py
[2024-10-18T23:40:06.679+0000] {processor.py:925} INFO - DAG(s) 'example_kubernetes_executor' retrieved from /home/airflow/.local/lib/python3.12/site-packages/airflow/example_dags/example_kubernetes_executor.py
[2024-10-18T23:40:06.715+0000] {logging_mixin.py:190} INFO - [2024-10-18T23:40:06.715+0000] {dag.py:3239} INFO - Sync 1 DAGs
[2024-10-18T23:40:06.731+0000] {logging_mixin.py:190} INFO - [2024-10-18T23:40:06.730+0000] {dag.py:4180} INFO - Setting next_dagrun for example_kubernetes_executor to None, run_after=None
[2024-10-18T23:40:06.754+0000] {processor.py:208} INFO - Processing /home/airflow/.local/lib/python3.12/site-packages/airflow/example_dags/example_kubernetes_executor.py took 0.098 seconds
[2024-10-18T23:40:37.196+0000] {processor.py:186} INFO - Started process (PID=993) to work on /home/airflow/.local/lib/python3.12/site-packages/airflow/example_dags/example_kubernetes_executor.py
[2024-10-18T23:40:37.198+0000] {processor.py:914} INFO - Processing file /home/airflow/.local/lib/python3.12/site-packages/airflow/example_dags/example_kubernetes_executor.py for tasks to queue
[2024-10-18T23:40:37.200+0000] {logging_mixin.py:190} INFO - [2024-10-18T23:40:37.200+0000] {dagbag.py:588} INFO - Filling up the DagBag from /home/airflow/.local/lib/python3.12/site-packages/airflow/example_dags/example_kubernetes_executor.py
[2024-10-18T23:40:37.214+0000] {processor.py:925} INFO - DAG(s) 'example_kubernetes_executor' retrieved from /home/airflow/.local/lib/python3.12/site-packages/airflow/example_dags/example_kubernetes_executor.py
[2024-10-18T23:40:37.250+0000] {logging_mixin.py:190} INFO - [2024-10-18T23:40:37.250+0000] {dag.py:3239} INFO - Sync 1 DAGs
[2024-10-18T23:40:37.263+0000] {logging_mixin.py:190} INFO - [2024-10-18T23:40:37.263+0000] {dag.py:4180} INFO - Setting next_dagrun for example_kubernetes_executor to None, run_after=None
[2024-10-18T23:40:37.286+0000] {processor.py:208} INFO - Processing /home/airflow/.local/lib/python3.12/site-packages/airflow/example_dags/example_kubernetes_executor.py took 0.095 seconds
[2024-10-18T23:41:07.821+0000] {processor.py:186} INFO - Started process (PID=1061) to work on /home/airflow/.local/lib/python3.12/site-packages/airflow/example_dags/example_kubernetes_executor.py
[2024-10-18T23:41:07.824+0000] {processor.py:914} INFO - Processing file /home/airflow/.local/lib/python3.12/site-packages/airflow/example_dags/example_kubernetes_executor.py for tasks to queue
[2024-10-18T23:41:07.830+0000] {logging_mixin.py:190} INFO - [2024-10-18T23:41:07.829+0000] {dagbag.py:588} INFO - Filling up the DagBag from /home/airflow/.local/lib/python3.12/site-packages/airflow/example_dags/example_kubernetes_executor.py
[2024-10-18T23:41:07.893+0000] {processor.py:925} INFO - DAG(s) 'example_kubernetes_executor' retrieved from /home/airflow/.local/lib/python3.12/site-packages/airflow/example_dags/example_kubernetes_executor.py
[2024-10-18T23:41:07.977+0000] {logging_mixin.py:190} INFO - [2024-10-18T23:41:07.976+0000] {dag.py:3239} INFO - Sync 1 DAGs
[2024-10-18T23:41:08.013+0000] {logging_mixin.py:190} INFO - [2024-10-18T23:41:08.013+0000] {dag.py:4180} INFO - Setting next_dagrun for example_kubernetes_executor to None, run_after=None
[2024-10-18T23:41:08.070+0000] {processor.py:208} INFO - Processing /home/airflow/.local/lib/python3.12/site-packages/airflow/example_dags/example_kubernetes_executor.py took 0.269 seconds
[2024-10-18T23:41:38.181+0000] {processor.py:186} INFO - Started process (PID=1123) to work on /home/airflow/.local/lib/python3.12/site-packages/airflow/example_dags/example_kubernetes_executor.py
[2024-10-18T23:41:38.182+0000] {processor.py:914} INFO - Processing file /home/airflow/.local/lib/python3.12/site-packages/airflow/example_dags/example_kubernetes_executor.py for tasks to queue
[2024-10-18T23:41:38.185+0000] {logging_mixin.py:190} INFO - [2024-10-18T23:41:38.184+0000] {dagbag.py:588} INFO - Filling up the DagBag from /home/airflow/.local/lib/python3.12/site-packages/airflow/example_dags/example_kubernetes_executor.py
[2024-10-18T23:41:38.197+0000] {processor.py:925} INFO - DAG(s) 'example_kubernetes_executor' retrieved from /home/airflow/.local/lib/python3.12/site-packages/airflow/example_dags/example_kubernetes_executor.py
[2024-10-18T23:41:38.233+0000] {logging_mixin.py:190} INFO - [2024-10-18T23:41:38.232+0000] {dag.py:3239} INFO - Sync 1 DAGs
[2024-10-18T23:41:38.246+0000] {logging_mixin.py:190} INFO - [2024-10-18T23:41:38.245+0000] {dag.py:4180} INFO - Setting next_dagrun for example_kubernetes_executor to None, run_after=None
[2024-10-18T23:41:38.275+0000] {processor.py:208} INFO - Processing /home/airflow/.local/lib/python3.12/site-packages/airflow/example_dags/example_kubernetes_executor.py took 0.099 seconds
[2024-10-18T23:42:08.884+0000] {processor.py:186} INFO - Started process (PID=1179) to work on /home/airflow/.local/lib/python3.12/site-packages/airflow/example_dags/example_kubernetes_executor.py
[2024-10-18T23:42:09.154+0000] {processor.py:914} INFO - Processing file /home/airflow/.local/lib/python3.12/site-packages/airflow/example_dags/example_kubernetes_executor.py for tasks to queue
[2024-10-18T23:42:09.158+0000] {logging_mixin.py:190} INFO - [2024-10-18T23:42:09.157+0000] {dagbag.py:588} INFO - Filling up the DagBag from /home/airflow/.local/lib/python3.12/site-packages/airflow/example_dags/example_kubernetes_executor.py
[2024-10-18T23:42:09.178+0000] {processor.py:925} INFO - DAG(s) 'example_kubernetes_executor' retrieved from /home/airflow/.local/lib/python3.12/site-packages/airflow/example_dags/example_kubernetes_executor.py
[2024-10-18T23:42:09.214+0000] {logging_mixin.py:190} INFO - [2024-10-18T23:42:09.213+0000] {dag.py:3239} INFO - Sync 1 DAGs
[2024-10-18T23:42:09.226+0000] {logging_mixin.py:190} INFO - [2024-10-18T23:42:09.226+0000] {dag.py:4180} INFO - Setting next_dagrun for example_kubernetes_executor to None, run_after=None
[2024-10-18T23:42:10.539+0000] {processor.py:208} INFO - Processing /home/airflow/.local/lib/python3.12/site-packages/airflow/example_dags/example_kubernetes_executor.py took 1.661 seconds
[2024-10-18T23:42:44.710+0000] {processor.py:186} INFO - Started process (PID=1256) to work on /home/airflow/.local/lib/python3.12/site-packages/airflow/example_dags/example_kubernetes_executor.py
[2024-10-18T23:42:44.712+0000] {processor.py:914} INFO - Processing file /home/airflow/.local/lib/python3.12/site-packages/airflow/example_dags/example_kubernetes_executor.py for tasks to queue
[2024-10-18T23:42:44.720+0000] {logging_mixin.py:190} INFO - [2024-10-18T23:42:44.720+0000] {dagbag.py:588} INFO - Filling up the DagBag from /home/airflow/.local/lib/python3.12/site-packages/airflow/example_dags/example_kubernetes_executor.py
[2024-10-18T23:42:44.749+0000] {processor.py:925} INFO - DAG(s) 'example_kubernetes_executor' retrieved from /home/airflow/.local/lib/python3.12/site-packages/airflow/example_dags/example_kubernetes_executor.py
[2024-10-18T23:42:44.806+0000] {logging_mixin.py:190} INFO - [2024-10-18T23:42:44.806+0000] {dag.py:3239} INFO - Sync 1 DAGs
[2024-10-18T23:42:44.840+0000] {logging_mixin.py:190} INFO - [2024-10-18T23:42:44.840+0000] {dag.py:4180} INFO - Setting next_dagrun for example_kubernetes_executor to None, run_after=None
[2024-10-18T23:42:44.896+0000] {processor.py:208} INFO - Processing /home/airflow/.local/lib/python3.12/site-packages/airflow/example_dags/example_kubernetes_executor.py took 0.212 seconds
[2024-10-18T23:43:16.036+0000] {processor.py:186} INFO - Started process (PID=1318) to work on /home/airflow/.local/lib/python3.12/site-packages/airflow/example_dags/example_kubernetes_executor.py
[2024-10-18T23:43:16.040+0000] {processor.py:914} INFO - Processing file /home/airflow/.local/lib/python3.12/site-packages/airflow/example_dags/example_kubernetes_executor.py for tasks to queue
[2024-10-18T23:43:16.046+0000] {logging_mixin.py:190} INFO - [2024-10-18T23:43:16.045+0000] {dagbag.py:588} INFO - Filling up the DagBag from /home/airflow/.local/lib/python3.12/site-packages/airflow/example_dags/example_kubernetes_executor.py
[2024-10-18T23:43:16.084+0000] {processor.py:925} INFO - DAG(s) 'example_kubernetes_executor' retrieved from /home/airflow/.local/lib/python3.12/site-packages/airflow/example_dags/example_kubernetes_executor.py
[2024-10-18T23:43:16.154+0000] {logging_mixin.py:190} INFO - [2024-10-18T23:43:16.153+0000] {dag.py:3239} INFO - Sync 1 DAGs
[2024-10-18T23:43:16.184+0000] {logging_mixin.py:190} INFO - [2024-10-18T23:43:16.183+0000] {dag.py:4180} INFO - Setting next_dagrun for example_kubernetes_executor to None, run_after=None
[2024-10-18T23:43:16.219+0000] {processor.py:208} INFO - Processing /home/airflow/.local/lib/python3.12/site-packages/airflow/example_dags/example_kubernetes_executor.py took 0.198 seconds
[2024-10-18T23:43:47.009+0000] {processor.py:186} INFO - Started process (PID=1380) to work on /home/airflow/.local/lib/python3.12/site-packages/airflow/example_dags/example_kubernetes_executor.py
[2024-10-18T23:43:47.010+0000] {processor.py:914} INFO - Processing file /home/airflow/.local/lib/python3.12/site-packages/airflow/example_dags/example_kubernetes_executor.py for tasks to queue
[2024-10-18T23:43:47.013+0000] {logging_mixin.py:190} INFO - [2024-10-18T23:43:47.012+0000] {dagbag.py:588} INFO - Filling up the DagBag from /home/airflow/.local/lib/python3.12/site-packages/airflow/example_dags/example_kubernetes_executor.py
[2024-10-18T23:43:47.026+0000] {processor.py:925} INFO - DAG(s) 'example_kubernetes_executor' retrieved from /home/airflow/.local/lib/python3.12/site-packages/airflow/example_dags/example_kubernetes_executor.py
[2024-10-18T23:43:47.059+0000] {logging_mixin.py:190} INFO - [2024-10-18T23:43:47.058+0000] {dag.py:3239} INFO - Sync 1 DAGs
[2024-10-18T23:43:47.075+0000] {logging_mixin.py:190} INFO - [2024-10-18T23:43:47.075+0000] {dag.py:4180} INFO - Setting next_dagrun for example_kubernetes_executor to None, run_after=None
[2024-10-18T23:43:47.102+0000] {processor.py:208} INFO - Processing /home/airflow/.local/lib/python3.12/site-packages/airflow/example_dags/example_kubernetes_executor.py took 0.098 seconds
[2024-10-18T23:44:17.324+0000] {processor.py:186} INFO - Started process (PID=1442) to work on /home/airflow/.local/lib/python3.12/site-packages/airflow/example_dags/example_kubernetes_executor.py
[2024-10-18T23:44:17.326+0000] {processor.py:914} INFO - Processing file /home/airflow/.local/lib/python3.12/site-packages/airflow/example_dags/example_kubernetes_executor.py for tasks to queue
[2024-10-18T23:44:17.328+0000] {logging_mixin.py:190} INFO - [2024-10-18T23:44:17.328+0000] {dagbag.py:588} INFO - Filling up the DagBag from /home/airflow/.local/lib/python3.12/site-packages/airflow/example_dags/example_kubernetes_executor.py
[2024-10-18T23:44:17.340+0000] {processor.py:925} INFO - DAG(s) 'example_kubernetes_executor' retrieved from /home/airflow/.local/lib/python3.12/site-packages/airflow/example_dags/example_kubernetes_executor.py
[2024-10-18T23:44:17.373+0000] {logging_mixin.py:190} INFO - [2024-10-18T23:44:17.373+0000] {dag.py:3239} INFO - Sync 1 DAGs
[2024-10-18T23:44:17.390+0000] {logging_mixin.py:190} INFO - [2024-10-18T23:44:17.390+0000] {dag.py:4180} INFO - Setting next_dagrun for example_kubernetes_executor to None, run_after=None
[2024-10-18T23:44:17.408+0000] {processor.py:208} INFO - Processing /home/airflow/.local/lib/python3.12/site-packages/airflow/example_dags/example_kubernetes_executor.py took 0.089 seconds
[2024-10-18T23:44:47.977+0000] {processor.py:186} INFO - Started process (PID=1504) to work on /home/airflow/.local/lib/python3.12/site-packages/airflow/example_dags/example_kubernetes_executor.py
[2024-10-18T23:44:47.979+0000] {processor.py:914} INFO - Processing file /home/airflow/.local/lib/python3.12/site-packages/airflow/example_dags/example_kubernetes_executor.py for tasks to queue
[2024-10-18T23:44:47.981+0000] {logging_mixin.py:190} INFO - [2024-10-18T23:44:47.980+0000] {dagbag.py:588} INFO - Filling up the DagBag from /home/airflow/.local/lib/python3.12/site-packages/airflow/example_dags/example_kubernetes_executor.py
[2024-10-18T23:44:47.992+0000] {processor.py:925} INFO - DAG(s) 'example_kubernetes_executor' retrieved from /home/airflow/.local/lib/python3.12/site-packages/airflow/example_dags/example_kubernetes_executor.py
[2024-10-18T23:44:48.025+0000] {logging_mixin.py:190} INFO - [2024-10-18T23:44:48.025+0000] {dag.py:3239} INFO - Sync 1 DAGs
[2024-10-18T23:44:48.039+0000] {logging_mixin.py:190} INFO - [2024-10-18T23:44:48.039+0000] {dag.py:4180} INFO - Setting next_dagrun for example_kubernetes_executor to None, run_after=None
[2024-10-18T23:44:48.058+0000] {processor.py:208} INFO - Processing /home/airflow/.local/lib/python3.12/site-packages/airflow/example_dags/example_kubernetes_executor.py took 0.085 seconds
[2024-10-18T23:45:18.517+0000] {processor.py:186} INFO - Started process (PID=1566) to work on /home/airflow/.local/lib/python3.12/site-packages/airflow/example_dags/example_kubernetes_executor.py
[2024-10-18T23:45:18.518+0000] {processor.py:914} INFO - Processing file /home/airflow/.local/lib/python3.12/site-packages/airflow/example_dags/example_kubernetes_executor.py for tasks to queue
[2024-10-18T23:45:18.520+0000] {logging_mixin.py:190} INFO - [2024-10-18T23:45:18.520+0000] {dagbag.py:588} INFO - Filling up the DagBag from /home/airflow/.local/lib/python3.12/site-packages/airflow/example_dags/example_kubernetes_executor.py
[2024-10-18T23:45:18.532+0000] {processor.py:925} INFO - DAG(s) 'example_kubernetes_executor' retrieved from /home/airflow/.local/lib/python3.12/site-packages/airflow/example_dags/example_kubernetes_executor.py
[2024-10-18T23:45:18.564+0000] {logging_mixin.py:190} INFO - [2024-10-18T23:45:18.564+0000] {dag.py:3239} INFO - Sync 1 DAGs
[2024-10-18T23:45:18.578+0000] {logging_mixin.py:190} INFO - [2024-10-18T23:45:18.578+0000] {dag.py:4180} INFO - Setting next_dagrun for example_kubernetes_executor to None, run_after=None
[2024-10-18T23:45:18.598+0000] {processor.py:208} INFO - Processing /home/airflow/.local/lib/python3.12/site-packages/airflow/example_dags/example_kubernetes_executor.py took 0.086 seconds
[2024-10-18T23:45:49.298+0000] {processor.py:186} INFO - Started process (PID=1630) to work on /home/airflow/.local/lib/python3.12/site-packages/airflow/example_dags/example_kubernetes_executor.py
[2024-10-18T23:45:49.299+0000] {processor.py:914} INFO - Processing file /home/airflow/.local/lib/python3.12/site-packages/airflow/example_dags/example_kubernetes_executor.py for tasks to queue
[2024-10-18T23:45:49.301+0000] {logging_mixin.py:190} INFO - [2024-10-18T23:45:49.301+0000] {dagbag.py:588} INFO - Filling up the DagBag from /home/airflow/.local/lib/python3.12/site-packages/airflow/example_dags/example_kubernetes_executor.py
[2024-10-18T23:45:49.313+0000] {processor.py:925} INFO - DAG(s) 'example_kubernetes_executor' retrieved from /home/airflow/.local/lib/python3.12/site-packages/airflow/example_dags/example_kubernetes_executor.py
[2024-10-18T23:45:49.346+0000] {logging_mixin.py:190} INFO - [2024-10-18T23:45:49.346+0000] {dag.py:3239} INFO - Sync 1 DAGs
[2024-10-18T23:45:49.360+0000] {logging_mixin.py:190} INFO - [2024-10-18T23:45:49.360+0000] {dag.py:4180} INFO - Setting next_dagrun for example_kubernetes_executor to None, run_after=None
[2024-10-18T23:45:49.381+0000] {processor.py:208} INFO - Processing /home/airflow/.local/lib/python3.12/site-packages/airflow/example_dags/example_kubernetes_executor.py took 0.088 seconds
[2024-10-18T23:46:20.018+0000] {processor.py:186} INFO - Started process (PID=1692) to work on /home/airflow/.local/lib/python3.12/site-packages/airflow/example_dags/example_kubernetes_executor.py
[2024-10-18T23:46:20.019+0000] {processor.py:914} INFO - Processing file /home/airflow/.local/lib/python3.12/site-packages/airflow/example_dags/example_kubernetes_executor.py for tasks to queue
[2024-10-18T23:46:20.021+0000] {logging_mixin.py:190} INFO - [2024-10-18T23:46:20.021+0000] {dagbag.py:588} INFO - Filling up the DagBag from /home/airflow/.local/lib/python3.12/site-packages/airflow/example_dags/example_kubernetes_executor.py
[2024-10-18T23:46:20.033+0000] {processor.py:925} INFO - DAG(s) 'example_kubernetes_executor' retrieved from /home/airflow/.local/lib/python3.12/site-packages/airflow/example_dags/example_kubernetes_executor.py
[2024-10-18T23:46:20.067+0000] {logging_mixin.py:190} INFO - [2024-10-18T23:46:20.066+0000] {dag.py:3239} INFO - Sync 1 DAGs
[2024-10-18T23:46:20.080+0000] {logging_mixin.py:190} INFO - [2024-10-18T23:46:20.080+0000] {dag.py:4180} INFO - Setting next_dagrun for example_kubernetes_executor to None, run_after=None
[2024-10-18T23:46:20.100+0000] {processor.py:208} INFO - Processing /home/airflow/.local/lib/python3.12/site-packages/airflow/example_dags/example_kubernetes_executor.py took 0.087 seconds
[2024-10-18T23:46:53.589+0000] {processor.py:186} INFO - Started process (PID=1754) to work on /home/airflow/.local/lib/python3.12/site-packages/airflow/example_dags/example_kubernetes_executor.py
[2024-10-18T23:46:53.591+0000] {processor.py:914} INFO - Processing file /home/airflow/.local/lib/python3.12/site-packages/airflow/example_dags/example_kubernetes_executor.py for tasks to queue
[2024-10-18T23:46:53.593+0000] {logging_mixin.py:190} INFO - [2024-10-18T23:46:53.593+0000] {dagbag.py:588} INFO - Filling up the DagBag from /home/airflow/.local/lib/python3.12/site-packages/airflow/example_dags/example_kubernetes_executor.py
[2024-10-18T23:46:53.608+0000] {processor.py:925} INFO - DAG(s) 'example_kubernetes_executor' retrieved from /home/airflow/.local/lib/python3.12/site-packages/airflow/example_dags/example_kubernetes_executor.py
[2024-10-18T23:46:53.642+0000] {logging_mixin.py:190} INFO - [2024-10-18T23:46:53.642+0000] {dag.py:3239} INFO - Sync 1 DAGs
[2024-10-18T23:46:53.655+0000] {logging_mixin.py:190} INFO - [2024-10-18T23:46:53.654+0000] {dag.py:4180} INFO - Setting next_dagrun for example_kubernetes_executor to None, run_after=None
[2024-10-18T23:46:53.674+0000] {processor.py:208} INFO - Processing /home/airflow/.local/lib/python3.12/site-packages/airflow/example_dags/example_kubernetes_executor.py took 0.090 seconds
[2024-10-18T23:47:24.441+0000] {processor.py:186} INFO - Started process (PID=1816) to work on /home/airflow/.local/lib/python3.12/site-packages/airflow/example_dags/example_kubernetes_executor.py
[2024-10-18T23:47:24.442+0000] {processor.py:914} INFO - Processing file /home/airflow/.local/lib/python3.12/site-packages/airflow/example_dags/example_kubernetes_executor.py for tasks to queue
[2024-10-18T23:47:24.444+0000] {logging_mixin.py:190} INFO - [2024-10-18T23:47:24.444+0000] {dagbag.py:588} INFO - Filling up the DagBag from /home/airflow/.local/lib/python3.12/site-packages/airflow/example_dags/example_kubernetes_executor.py
[2024-10-18T23:47:24.457+0000] {processor.py:925} INFO - DAG(s) 'example_kubernetes_executor' retrieved from /home/airflow/.local/lib/python3.12/site-packages/airflow/example_dags/example_kubernetes_executor.py
[2024-10-18T23:47:24.490+0000] {logging_mixin.py:190} INFO - [2024-10-18T23:47:24.490+0000] {dag.py:3239} INFO - Sync 1 DAGs
[2024-10-18T23:47:24.509+0000] {logging_mixin.py:190} INFO - [2024-10-18T23:47:24.509+0000] {dag.py:4180} INFO - Setting next_dagrun for example_kubernetes_executor to None, run_after=None
[2024-10-18T23:47:24.550+0000] {processor.py:208} INFO - Processing /home/airflow/.local/lib/python3.12/site-packages/airflow/example_dags/example_kubernetes_executor.py took 0.114 seconds
[2024-10-18T23:47:56.861+0000] {processor.py:186} INFO - Started process (PID=1878) to work on /home/airflow/.local/lib/python3.12/site-packages/airflow/example_dags/example_kubernetes_executor.py
[2024-10-18T23:47:56.862+0000] {processor.py:914} INFO - Processing file /home/airflow/.local/lib/python3.12/site-packages/airflow/example_dags/example_kubernetes_executor.py for tasks to queue
[2024-10-18T23:47:56.866+0000] {logging_mixin.py:190} INFO - [2024-10-18T23:47:56.866+0000] {dagbag.py:588} INFO - Filling up the DagBag from /home/airflow/.local/lib/python3.12/site-packages/airflow/example_dags/example_kubernetes_executor.py
[2024-10-18T23:47:56.904+0000] {processor.py:925} INFO - DAG(s) 'example_kubernetes_executor' retrieved from /home/airflow/.local/lib/python3.12/site-packages/airflow/example_dags/example_kubernetes_executor.py
[2024-10-18T23:47:56.962+0000] {logging_mixin.py:190} INFO - [2024-10-18T23:47:56.962+0000] {dag.py:3239} INFO - Sync 1 DAGs
[2024-10-18T23:47:56.987+0000] {logging_mixin.py:190} INFO - [2024-10-18T23:47:56.987+0000] {dag.py:4180} INFO - Setting next_dagrun for example_kubernetes_executor to None, run_after=None
[2024-10-18T23:47:57.012+0000] {processor.py:208} INFO - Processing /home/airflow/.local/lib/python3.12/site-packages/airflow/example_dags/example_kubernetes_executor.py took 0.161 seconds
[2024-10-18T23:48:33.641+0000] {processor.py:186} INFO - Started process (PID=1946) to work on /home/airflow/.local/lib/python3.12/site-packages/airflow/example_dags/example_kubernetes_executor.py
[2024-10-18T23:48:33.643+0000] {processor.py:914} INFO - Processing file /home/airflow/.local/lib/python3.12/site-packages/airflow/example_dags/example_kubernetes_executor.py for tasks to queue
[2024-10-18T23:48:33.646+0000] {logging_mixin.py:190} INFO - [2024-10-18T23:48:33.646+0000] {dagbag.py:588} INFO - Filling up the DagBag from /home/airflow/.local/lib/python3.12/site-packages/airflow/example_dags/example_kubernetes_executor.py
[2024-10-18T23:48:33.670+0000] {processor.py:925} INFO - DAG(s) 'example_kubernetes_executor' retrieved from /home/airflow/.local/lib/python3.12/site-packages/airflow/example_dags/example_kubernetes_executor.py
[2024-10-18T23:48:33.720+0000] {logging_mixin.py:190} INFO - [2024-10-18T23:48:33.720+0000] {dag.py:3239} INFO - Sync 1 DAGs
[2024-10-18T23:48:33.744+0000] {logging_mixin.py:190} INFO - [2024-10-18T23:48:33.744+0000] {dag.py:4180} INFO - Setting next_dagrun for example_kubernetes_executor to None, run_after=None
[2024-10-18T23:48:33.774+0000] {processor.py:208} INFO - Processing /home/airflow/.local/lib/python3.12/site-packages/airflow/example_dags/example_kubernetes_executor.py took 0.142 seconds
[2024-10-18T23:49:05.298+0000] {processor.py:186} INFO - Started process (PID=2008) to work on /home/airflow/.local/lib/python3.12/site-packages/airflow/example_dags/example_kubernetes_executor.py
[2024-10-18T23:49:05.300+0000] {processor.py:914} INFO - Processing file /home/airflow/.local/lib/python3.12/site-packages/airflow/example_dags/example_kubernetes_executor.py for tasks to queue
[2024-10-18T23:49:05.304+0000] {logging_mixin.py:190} INFO - [2024-10-18T23:49:05.304+0000] {dagbag.py:588} INFO - Filling up the DagBag from /home/airflow/.local/lib/python3.12/site-packages/airflow/example_dags/example_kubernetes_executor.py
[2024-10-18T23:49:05.326+0000] {processor.py:925} INFO - DAG(s) 'example_kubernetes_executor' retrieved from /home/airflow/.local/lib/python3.12/site-packages/airflow/example_dags/example_kubernetes_executor.py
[2024-10-18T23:49:05.373+0000] {logging_mixin.py:190} INFO - [2024-10-18T23:49:05.373+0000] {dag.py:3239} INFO - Sync 1 DAGs
[2024-10-18T23:49:05.392+0000] {logging_mixin.py:190} INFO - [2024-10-18T23:49:05.392+0000] {dag.py:4180} INFO - Setting next_dagrun for example_kubernetes_executor to None, run_after=None
[2024-10-18T23:49:05.431+0000] {processor.py:208} INFO - Processing /home/airflow/.local/lib/python3.12/site-packages/airflow/example_dags/example_kubernetes_executor.py took 0.141 seconds
[2024-10-18T23:49:35.704+0000] {processor.py:186} INFO - Started process (PID=2070) to work on /home/airflow/.local/lib/python3.12/site-packages/airflow/example_dags/example_kubernetes_executor.py
[2024-10-18T23:49:35.705+0000] {processor.py:914} INFO - Processing file /home/airflow/.local/lib/python3.12/site-packages/airflow/example_dags/example_kubernetes_executor.py for tasks to queue
[2024-10-18T23:49:35.708+0000] {logging_mixin.py:190} INFO - [2024-10-18T23:49:35.707+0000] {dagbag.py:588} INFO - Filling up the DagBag from /home/airflow/.local/lib/python3.12/site-packages/airflow/example_dags/example_kubernetes_executor.py
[2024-10-18T23:49:35.722+0000] {processor.py:925} INFO - DAG(s) 'example_kubernetes_executor' retrieved from /home/airflow/.local/lib/python3.12/site-packages/airflow/example_dags/example_kubernetes_executor.py
[2024-10-18T23:49:35.757+0000] {logging_mixin.py:190} INFO - [2024-10-18T23:49:35.756+0000] {dag.py:3239} INFO - Sync 1 DAGs
[2024-10-18T23:49:35.773+0000] {logging_mixin.py:190} INFO - [2024-10-18T23:49:35.773+0000] {dag.py:4180} INFO - Setting next_dagrun for example_kubernetes_executor to None, run_after=None
[2024-10-18T23:49:35.795+0000] {processor.py:208} INFO - Processing /home/airflow/.local/lib/python3.12/site-packages/airflow/example_dags/example_kubernetes_executor.py took 0.097 seconds
[2024-10-18T23:50:05.923+0000] {processor.py:186} INFO - Started process (PID=2132) to work on /home/airflow/.local/lib/python3.12/site-packages/airflow/example_dags/example_kubernetes_executor.py
[2024-10-18T23:50:05.924+0000] {processor.py:914} INFO - Processing file /home/airflow/.local/lib/python3.12/site-packages/airflow/example_dags/example_kubernetes_executor.py for tasks to queue
[2024-10-18T23:50:05.927+0000] {logging_mixin.py:190} INFO - [2024-10-18T23:50:05.926+0000] {dagbag.py:588} INFO - Filling up the DagBag from /home/airflow/.local/lib/python3.12/site-packages/airflow/example_dags/example_kubernetes_executor.py
[2024-10-18T23:50:05.941+0000] {processor.py:925} INFO - DAG(s) 'example_kubernetes_executor' retrieved from /home/airflow/.local/lib/python3.12/site-packages/airflow/example_dags/example_kubernetes_executor.py
[2024-10-18T23:50:05.983+0000] {logging_mixin.py:190} INFO - [2024-10-18T23:50:05.982+0000] {dag.py:3239} INFO - Sync 1 DAGs
[2024-10-18T23:50:06.001+0000] {logging_mixin.py:190} INFO - [2024-10-18T23:50:06.000+0000] {dag.py:4180} INFO - Setting next_dagrun for example_kubernetes_executor to None, run_after=None
[2024-10-18T23:50:06.028+0000] {processor.py:208} INFO - Processing /home/airflow/.local/lib/python3.12/site-packages/airflow/example_dags/example_kubernetes_executor.py took 0.112 seconds
[2024-10-18T23:50:37.018+0000] {processor.py:186} INFO - Started process (PID=2193) to work on /home/airflow/.local/lib/python3.12/site-packages/airflow/example_dags/example_kubernetes_executor.py
[2024-10-18T23:50:37.021+0000] {processor.py:914} INFO - Processing file /home/airflow/.local/lib/python3.12/site-packages/airflow/example_dags/example_kubernetes_executor.py for tasks to queue
[2024-10-18T23:50:37.024+0000] {logging_mixin.py:190} INFO - [2024-10-18T23:50:37.024+0000] {dagbag.py:588} INFO - Filling up the DagBag from /home/airflow/.local/lib/python3.12/site-packages/airflow/example_dags/example_kubernetes_executor.py
[2024-10-18T23:50:37.053+0000] {processor.py:925} INFO - DAG(s) 'example_kubernetes_executor' retrieved from /home/airflow/.local/lib/python3.12/site-packages/airflow/example_dags/example_kubernetes_executor.py
[2024-10-18T23:50:37.129+0000] {logging_mixin.py:190} INFO - [2024-10-18T23:50:37.129+0000] {dag.py:3239} INFO - Sync 1 DAGs
[2024-10-18T23:50:37.166+0000] {logging_mixin.py:190} INFO - [2024-10-18T23:50:37.165+0000] {dag.py:4180} INFO - Setting next_dagrun for example_kubernetes_executor to None, run_after=None
[2024-10-18T23:50:37.207+0000] {processor.py:208} INFO - Processing /home/airflow/.local/lib/python3.12/site-packages/airflow/example_dags/example_kubernetes_executor.py took 0.198 seconds
[2024-10-18T23:51:07.664+0000] {processor.py:186} INFO - Started process (PID=2255) to work on /home/airflow/.local/lib/python3.12/site-packages/airflow/example_dags/example_kubernetes_executor.py
[2024-10-18T23:51:07.666+0000] {processor.py:914} INFO - Processing file /home/airflow/.local/lib/python3.12/site-packages/airflow/example_dags/example_kubernetes_executor.py for tasks to queue
[2024-10-18T23:51:07.671+0000] {logging_mixin.py:190} INFO - [2024-10-18T23:51:07.670+0000] {dagbag.py:588} INFO - Filling up the DagBag from /home/airflow/.local/lib/python3.12/site-packages/airflow/example_dags/example_kubernetes_executor.py
[2024-10-18T23:51:07.698+0000] {processor.py:925} INFO - DAG(s) 'example_kubernetes_executor' retrieved from /home/airflow/.local/lib/python3.12/site-packages/airflow/example_dags/example_kubernetes_executor.py
[2024-10-18T23:51:07.770+0000] {logging_mixin.py:190} INFO - [2024-10-18T23:51:07.770+0000] {dag.py:3239} INFO - Sync 1 DAGs
[2024-10-18T23:51:07.804+0000] {logging_mixin.py:190} INFO - [2024-10-18T23:51:07.804+0000] {dag.py:4180} INFO - Setting next_dagrun for example_kubernetes_executor to None, run_after=None
[2024-10-18T23:51:07.837+0000] {processor.py:208} INFO - Processing /home/airflow/.local/lib/python3.12/site-packages/airflow/example_dags/example_kubernetes_executor.py took 0.183 seconds
[2024-10-18T23:51:38.222+0000] {processor.py:186} INFO - Started process (PID=2318) to work on /home/airflow/.local/lib/python3.12/site-packages/airflow/example_dags/example_kubernetes_executor.py
[2024-10-18T23:51:38.224+0000] {processor.py:914} INFO - Processing file /home/airflow/.local/lib/python3.12/site-packages/airflow/example_dags/example_kubernetes_executor.py for tasks to queue
[2024-10-18T23:51:38.229+0000] {logging_mixin.py:190} INFO - [2024-10-18T23:51:38.228+0000] {dagbag.py:588} INFO - Filling up the DagBag from /home/airflow/.local/lib/python3.12/site-packages/airflow/example_dags/example_kubernetes_executor.py
[2024-10-18T23:51:38.259+0000] {processor.py:925} INFO - DAG(s) 'example_kubernetes_executor' retrieved from /home/airflow/.local/lib/python3.12/site-packages/airflow/example_dags/example_kubernetes_executor.py
[2024-10-18T23:51:38.329+0000] {logging_mixin.py:190} INFO - [2024-10-18T23:51:38.329+0000] {dag.py:3239} INFO - Sync 1 DAGs
[2024-10-18T23:51:38.360+0000] {logging_mixin.py:190} INFO - [2024-10-18T23:51:38.359+0000] {dag.py:4180} INFO - Setting next_dagrun for example_kubernetes_executor to None, run_after=None
[2024-10-18T23:51:38.398+0000] {processor.py:208} INFO - Processing /home/airflow/.local/lib/python3.12/site-packages/airflow/example_dags/example_kubernetes_executor.py took 0.187 seconds
[2024-10-18T23:52:13.353+0000] {processor.py:186} INFO - Started process (PID=2386) to work on /home/airflow/.local/lib/python3.12/site-packages/airflow/example_dags/example_kubernetes_executor.py
[2024-10-18T23:52:13.355+0000] {processor.py:914} INFO - Processing file /home/airflow/.local/lib/python3.12/site-packages/airflow/example_dags/example_kubernetes_executor.py for tasks to queue
[2024-10-18T23:52:13.359+0000] {logging_mixin.py:190} INFO - [2024-10-18T23:52:13.359+0000] {dagbag.py:588} INFO - Filling up the DagBag from /home/airflow/.local/lib/python3.12/site-packages/airflow/example_dags/example_kubernetes_executor.py
[2024-10-18T23:52:13.387+0000] {processor.py:925} INFO - DAG(s) 'example_kubernetes_executor' retrieved from /home/airflow/.local/lib/python3.12/site-packages/airflow/example_dags/example_kubernetes_executor.py
[2024-10-18T23:52:13.452+0000] {logging_mixin.py:190} INFO - [2024-10-18T23:52:13.452+0000] {dag.py:3239} INFO - Sync 1 DAGs
[2024-10-18T23:52:13.486+0000] {logging_mixin.py:190} INFO - [2024-10-18T23:52:13.486+0000] {dag.py:4180} INFO - Setting next_dagrun for example_kubernetes_executor to None, run_after=None
[2024-10-18T23:52:13.525+0000] {processor.py:208} INFO - Processing /home/airflow/.local/lib/python3.12/site-packages/airflow/example_dags/example_kubernetes_executor.py took 0.184 seconds
[2024-10-18T23:52:44.932+0000] {processor.py:186} INFO - Started process (PID=2451) to work on /home/airflow/.local/lib/python3.12/site-packages/airflow/example_dags/example_kubernetes_executor.py
[2024-10-18T23:52:44.935+0000] {processor.py:914} INFO - Processing file /home/airflow/.local/lib/python3.12/site-packages/airflow/example_dags/example_kubernetes_executor.py for tasks to queue
[2024-10-18T23:52:44.940+0000] {logging_mixin.py:190} INFO - [2024-10-18T23:52:44.939+0000] {dagbag.py:588} INFO - Filling up the DagBag from /home/airflow/.local/lib/python3.12/site-packages/airflow/example_dags/example_kubernetes_executor.py
[2024-10-18T23:52:44.970+0000] {processor.py:925} INFO - DAG(s) 'example_kubernetes_executor' retrieved from /home/airflow/.local/lib/python3.12/site-packages/airflow/example_dags/example_kubernetes_executor.py
[2024-10-18T23:52:45.052+0000] {logging_mixin.py:190} INFO - [2024-10-18T23:52:45.051+0000] {dag.py:3239} INFO - Sync 1 DAGs
[2024-10-18T23:52:45.092+0000] {logging_mixin.py:190} INFO - [2024-10-18T23:52:45.091+0000] {dag.py:4180} INFO - Setting next_dagrun for example_kubernetes_executor to None, run_after=None
[2024-10-18T23:52:45.134+0000] {processor.py:208} INFO - Processing /home/airflow/.local/lib/python3.12/site-packages/airflow/example_dags/example_kubernetes_executor.py took 0.216 seconds
[2024-10-18T23:53:23.084+0000] {processor.py:186} INFO - Started process (PID=2525) to work on /home/airflow/.local/lib/python3.12/site-packages/airflow/example_dags/example_kubernetes_executor.py
[2024-10-18T23:53:23.087+0000] {processor.py:914} INFO - Processing file /home/airflow/.local/lib/python3.12/site-packages/airflow/example_dags/example_kubernetes_executor.py for tasks to queue
[2024-10-18T23:53:23.094+0000] {logging_mixin.py:190} INFO - [2024-10-18T23:53:23.093+0000] {dagbag.py:588} INFO - Filling up the DagBag from /home/airflow/.local/lib/python3.12/site-packages/airflow/example_dags/example_kubernetes_executor.py
[2024-10-18T23:53:23.132+0000] {processor.py:925} INFO - DAG(s) 'example_kubernetes_executor' retrieved from /home/airflow/.local/lib/python3.12/site-packages/airflow/example_dags/example_kubernetes_executor.py
[2024-10-18T23:53:23.280+0000] {logging_mixin.py:190} INFO - [2024-10-18T23:53:23.279+0000] {dag.py:3239} INFO - Sync 1 DAGs
[2024-10-18T23:53:23.330+0000] {logging_mixin.py:190} INFO - [2024-10-18T23:53:23.330+0000] {dag.py:4180} INFO - Setting next_dagrun for example_kubernetes_executor to None, run_after=None
[2024-10-18T23:53:23.376+0000] {processor.py:208} INFO - Processing /home/airflow/.local/lib/python3.12/site-packages/airflow/example_dags/example_kubernetes_executor.py took 0.312 seconds
[2024-10-18T23:53:53.522+0000] {processor.py:186} INFO - Started process (PID=2586) to work on /home/airflow/.local/lib/python3.12/site-packages/airflow/example_dags/example_kubernetes_executor.py
[2024-10-18T23:53:53.524+0000] {processor.py:914} INFO - Processing file /home/airflow/.local/lib/python3.12/site-packages/airflow/example_dags/example_kubernetes_executor.py for tasks to queue
[2024-10-18T23:53:53.528+0000] {logging_mixin.py:190} INFO - [2024-10-18T23:53:53.527+0000] {dagbag.py:588} INFO - Filling up the DagBag from /home/airflow/.local/lib/python3.12/site-packages/airflow/example_dags/example_kubernetes_executor.py
[2024-10-18T23:53:53.547+0000] {processor.py:925} INFO - DAG(s) 'example_kubernetes_executor' retrieved from /home/airflow/.local/lib/python3.12/site-packages/airflow/example_dags/example_kubernetes_executor.py
[2024-10-18T23:53:53.598+0000] {logging_mixin.py:190} INFO - [2024-10-18T23:53:53.597+0000] {dag.py:3239} INFO - Sync 1 DAGs
[2024-10-18T23:53:53.620+0000] {logging_mixin.py:190} INFO - [2024-10-18T23:53:53.619+0000] {dag.py:4180} INFO - Setting next_dagrun for example_kubernetes_executor to None, run_after=None
[2024-10-18T23:53:53.648+0000] {processor.py:208} INFO - Processing /home/airflow/.local/lib/python3.12/site-packages/airflow/example_dags/example_kubernetes_executor.py took 0.135 seconds
[2024-10-18T23:54:24.006+0000] {processor.py:186} INFO - Started process (PID=2648) to work on /home/airflow/.local/lib/python3.12/site-packages/airflow/example_dags/example_kubernetes_executor.py
[2024-10-18T23:54:24.008+0000] {processor.py:914} INFO - Processing file /home/airflow/.local/lib/python3.12/site-packages/airflow/example_dags/example_kubernetes_executor.py for tasks to queue
[2024-10-18T23:54:24.015+0000] {logging_mixin.py:190} INFO - [2024-10-18T23:54:24.014+0000] {dagbag.py:588} INFO - Filling up the DagBag from /home/airflow/.local/lib/python3.12/site-packages/airflow/example_dags/example_kubernetes_executor.py
[2024-10-18T23:54:24.051+0000] {processor.py:925} INFO - DAG(s) 'example_kubernetes_executor' retrieved from /home/airflow/.local/lib/python3.12/site-packages/airflow/example_dags/example_kubernetes_executor.py
[2024-10-18T23:54:24.138+0000] {logging_mixin.py:190} INFO - [2024-10-18T23:54:24.137+0000] {dag.py:3239} INFO - Sync 1 DAGs
[2024-10-18T23:54:24.174+0000] {logging_mixin.py:190} INFO - [2024-10-18T23:54:24.173+0000] {dag.py:4180} INFO - Setting next_dagrun for example_kubernetes_executor to None, run_after=None
[2024-10-18T23:54:24.219+0000] {processor.py:208} INFO - Processing /home/airflow/.local/lib/python3.12/site-packages/airflow/example_dags/example_kubernetes_executor.py took 0.228 seconds
[2024-10-18T23:54:54.904+0000] {processor.py:186} INFO - Started process (PID=2711) to work on /home/airflow/.local/lib/python3.12/site-packages/airflow/example_dags/example_kubernetes_executor.py
[2024-10-18T23:54:54.907+0000] {processor.py:914} INFO - Processing file /home/airflow/.local/lib/python3.12/site-packages/airflow/example_dags/example_kubernetes_executor.py for tasks to queue
[2024-10-18T23:54:54.913+0000] {logging_mixin.py:190} INFO - [2024-10-18T23:54:54.912+0000] {dagbag.py:588} INFO - Filling up the DagBag from /home/airflow/.local/lib/python3.12/site-packages/airflow/example_dags/example_kubernetes_executor.py
[2024-10-18T23:54:54.956+0000] {processor.py:925} INFO - DAG(s) 'example_kubernetes_executor' retrieved from /home/airflow/.local/lib/python3.12/site-packages/airflow/example_dags/example_kubernetes_executor.py
[2024-10-18T23:54:55.072+0000] {logging_mixin.py:190} INFO - [2024-10-18T23:54:55.071+0000] {dag.py:3239} INFO - Sync 1 DAGs
[2024-10-18T23:54:55.223+0000] {logging_mixin.py:190} INFO - [2024-10-18T23:54:55.222+0000] {dag.py:4180} INFO - Setting next_dagrun for example_kubernetes_executor to None, run_after=None
[2024-10-18T23:54:55.312+0000] {processor.py:208} INFO - Processing /home/airflow/.local/lib/python3.12/site-packages/airflow/example_dags/example_kubernetes_executor.py took 0.424 seconds
[2024-10-18T23:56:58.153+0000] {processor.py:186} INFO - Started process (PID=2802) to work on /home/airflow/.local/lib/python3.12/site-packages/airflow/example_dags/example_kubernetes_executor.py
[2024-10-18T23:56:58.155+0000] {processor.py:914} INFO - Processing file /home/airflow/.local/lib/python3.12/site-packages/airflow/example_dags/example_kubernetes_executor.py for tasks to queue
[2024-10-18T23:56:58.162+0000] {logging_mixin.py:190} INFO - [2024-10-18T23:56:58.161+0000] {dagbag.py:588} INFO - Filling up the DagBag from /home/airflow/.local/lib/python3.12/site-packages/airflow/example_dags/example_kubernetes_executor.py
[2024-10-18T23:56:58.198+0000] {processor.py:925} INFO - DAG(s) 'example_kubernetes_executor' retrieved from /home/airflow/.local/lib/python3.12/site-packages/airflow/example_dags/example_kubernetes_executor.py
[2024-10-18T23:56:58.285+0000] {logging_mixin.py:190} INFO - [2024-10-18T23:56:58.285+0000] {dag.py:3239} INFO - Sync 1 DAGs
[2024-10-18T23:56:58.315+0000] {logging_mixin.py:190} INFO - [2024-10-18T23:56:58.315+0000] {dag.py:4180} INFO - Setting next_dagrun for example_kubernetes_executor to None, run_after=None
[2024-10-18T23:56:58.362+0000] {processor.py:208} INFO - Processing /home/airflow/.local/lib/python3.12/site-packages/airflow/example_dags/example_kubernetes_executor.py took 0.224 seconds
[2024-10-18T23:57:29.576+0000] {processor.py:186} INFO - Started process (PID=2865) to work on /home/airflow/.local/lib/python3.12/site-packages/airflow/example_dags/example_kubernetes_executor.py
[2024-10-18T23:57:29.578+0000] {processor.py:914} INFO - Processing file /home/airflow/.local/lib/python3.12/site-packages/airflow/example_dags/example_kubernetes_executor.py for tasks to queue
[2024-10-18T23:57:29.583+0000] {logging_mixin.py:190} INFO - [2024-10-18T23:57:29.582+0000] {dagbag.py:588} INFO - Filling up the DagBag from /home/airflow/.local/lib/python3.12/site-packages/airflow/example_dags/example_kubernetes_executor.py
[2024-10-18T23:57:29.614+0000] {processor.py:925} INFO - DAG(s) 'example_kubernetes_executor' retrieved from /home/airflow/.local/lib/python3.12/site-packages/airflow/example_dags/example_kubernetes_executor.py
[2024-10-18T23:57:29.953+0000] {logging_mixin.py:190} INFO - [2024-10-18T23:57:29.952+0000] {dag.py:3239} INFO - Sync 1 DAGs
[2024-10-18T23:57:29.969+0000] {logging_mixin.py:190} INFO - [2024-10-18T23:57:29.968+0000] {dag.py:4180} INFO - Setting next_dagrun for example_kubernetes_executor to None, run_after=None
[2024-10-18T23:57:29.994+0000] {processor.py:208} INFO - Processing /home/airflow/.local/lib/python3.12/site-packages/airflow/example_dags/example_kubernetes_executor.py took 0.430 seconds
[2024-10-18T23:58:00.794+0000] {processor.py:186} INFO - Started process (PID=2927) to work on /home/airflow/.local/lib/python3.12/site-packages/airflow/example_dags/example_kubernetes_executor.py
[2024-10-18T23:58:00.796+0000] {processor.py:914} INFO - Processing file /home/airflow/.local/lib/python3.12/site-packages/airflow/example_dags/example_kubernetes_executor.py for tasks to queue
[2024-10-18T23:58:00.800+0000] {logging_mixin.py:190} INFO - [2024-10-18T23:58:00.800+0000] {dagbag.py:588} INFO - Filling up the DagBag from /home/airflow/.local/lib/python3.12/site-packages/airflow/example_dags/example_kubernetes_executor.py
[2024-10-18T23:58:00.834+0000] {processor.py:925} INFO - DAG(s) 'example_kubernetes_executor' retrieved from /home/airflow/.local/lib/python3.12/site-packages/airflow/example_dags/example_kubernetes_executor.py
[2024-10-18T23:58:01.173+0000] {logging_mixin.py:190} INFO - [2024-10-18T23:58:01.172+0000] {dag.py:3239} INFO - Sync 1 DAGs
[2024-10-18T23:58:01.205+0000] {logging_mixin.py:190} INFO - [2024-10-18T23:58:01.205+0000] {dag.py:4180} INFO - Setting next_dagrun for example_kubernetes_executor to None, run_after=None
[2024-10-18T23:58:01.237+0000] {processor.py:208} INFO - Processing /home/airflow/.local/lib/python3.12/site-packages/airflow/example_dags/example_kubernetes_executor.py took 0.454 seconds
[2024-10-18T23:58:31.559+0000] {processor.py:186} INFO - Started process (PID=2989) to work on /home/airflow/.local/lib/python3.12/site-packages/airflow/example_dags/example_kubernetes_executor.py
[2024-10-18T23:58:31.560+0000] {processor.py:914} INFO - Processing file /home/airflow/.local/lib/python3.12/site-packages/airflow/example_dags/example_kubernetes_executor.py for tasks to queue
[2024-10-18T23:58:31.563+0000] {logging_mixin.py:190} INFO - [2024-10-18T23:58:31.563+0000] {dagbag.py:588} INFO - Filling up the DagBag from /home/airflow/.local/lib/python3.12/site-packages/airflow/example_dags/example_kubernetes_executor.py
[2024-10-18T23:58:31.581+0000] {processor.py:925} INFO - DAG(s) 'example_kubernetes_executor' retrieved from /home/airflow/.local/lib/python3.12/site-packages/airflow/example_dags/example_kubernetes_executor.py
[2024-10-18T23:58:31.625+0000] {logging_mixin.py:190} INFO - [2024-10-18T23:58:31.625+0000] {dag.py:3239} INFO - Sync 1 DAGs
[2024-10-18T23:58:31.857+0000] {logging_mixin.py:190} INFO - [2024-10-18T23:58:31.857+0000] {dag.py:4180} INFO - Setting next_dagrun for example_kubernetes_executor to None, run_after=None
[2024-10-18T23:58:31.884+0000] {processor.py:208} INFO - Processing /home/airflow/.local/lib/python3.12/site-packages/airflow/example_dags/example_kubernetes_executor.py took 0.331 seconds
[2024-10-18T23:59:02.131+0000] {processor.py:186} INFO - Started process (PID=3051) to work on /home/airflow/.local/lib/python3.12/site-packages/airflow/example_dags/example_kubernetes_executor.py
[2024-10-18T23:59:02.132+0000] {processor.py:914} INFO - Processing file /home/airflow/.local/lib/python3.12/site-packages/airflow/example_dags/example_kubernetes_executor.py for tasks to queue
[2024-10-18T23:59:02.136+0000] {logging_mixin.py:190} INFO - [2024-10-18T23:59:02.136+0000] {dagbag.py:588} INFO - Filling up the DagBag from /home/airflow/.local/lib/python3.12/site-packages/airflow/example_dags/example_kubernetes_executor.py
[2024-10-18T23:59:02.159+0000] {processor.py:925} INFO - DAG(s) 'example_kubernetes_executor' retrieved from /home/airflow/.local/lib/python3.12/site-packages/airflow/example_dags/example_kubernetes_executor.py
[2024-10-18T23:59:02.221+0000] {logging_mixin.py:190} INFO - [2024-10-18T23:59:02.220+0000] {dag.py:3239} INFO - Sync 1 DAGs
[2024-10-18T23:59:02.244+0000] {logging_mixin.py:190} INFO - [2024-10-18T23:59:02.244+0000] {dag.py:4180} INFO - Setting next_dagrun for example_kubernetes_executor to None, run_after=None
[2024-10-18T23:59:02.609+0000] {processor.py:208} INFO - Processing /home/airflow/.local/lib/python3.12/site-packages/airflow/example_dags/example_kubernetes_executor.py took 0.488 seconds
[2024-10-18T23:59:33.353+0000] {processor.py:186} INFO - Started process (PID=3112) to work on /home/airflow/.local/lib/python3.12/site-packages/airflow/example_dags/example_kubernetes_executor.py
[2024-10-18T23:59:33.363+0000] {processor.py:914} INFO - Processing file /home/airflow/.local/lib/python3.12/site-packages/airflow/example_dags/example_kubernetes_executor.py for tasks to queue
[2024-10-18T23:59:33.365+0000] {logging_mixin.py:190} INFO - [2024-10-18T23:59:33.365+0000] {dagbag.py:588} INFO - Filling up the DagBag from /home/airflow/.local/lib/python3.12/site-packages/airflow/example_dags/example_kubernetes_executor.py
[2024-10-18T23:59:33.379+0000] {processor.py:925} INFO - DAG(s) 'example_kubernetes_executor' retrieved from /home/airflow/.local/lib/python3.12/site-packages/airflow/example_dags/example_kubernetes_executor.py
[2024-10-18T23:59:33.417+0000] {logging_mixin.py:190} INFO - [2024-10-18T23:59:33.417+0000] {dag.py:3239} INFO - Sync 1 DAGs
[2024-10-18T23:59:33.428+0000] {logging_mixin.py:190} INFO - [2024-10-18T23:59:33.428+0000] {dag.py:4180} INFO - Setting next_dagrun for example_kubernetes_executor to None, run_after=None
[2024-10-18T23:59:33.448+0000] {processor.py:208} INFO - Processing /home/airflow/.local/lib/python3.12/site-packages/airflow/example_dags/example_kubernetes_executor.py took 0.101 seconds
