[2024-10-18T23:33:11.478+0000] {processor.py:186} INFO - Started process (PID=116) to work on /home/airflow/.local/lib/python3.12/site-packages/airflow/example_dags/example_inlet_event_extra.py
[2024-10-18T23:33:11.481+0000] {processor.py:914} INFO - Processing file /home/airflow/.local/lib/python3.12/site-packages/airflow/example_dags/example_inlet_event_extra.py for tasks to queue
[2024-10-18T23:33:11.488+0000] {logging_mixin.py:190} INFO - [2024-10-18T23:33:11.487+0000] {dagbag.py:588} INFO - Filling up the DagBag from /home/airflow/.local/lib/python3.12/site-packages/airflow/example_dags/example_inlet_event_extra.py
[2024-10-18T23:33:11.733+0000] {processor.py:925} INFO - DAG(s) 'read_dataset_event_from_classic', 'read_dataset_event' retrieved from /home/airflow/.local/lib/python3.12/site-packages/airflow/example_dags/example_inlet_event_extra.py
[2024-10-18T23:33:11.891+0000] {logging_mixin.py:190} INFO - [2024-10-18T23:33:11.890+0000] {override.py:1900} INFO - Created Permission View: can read on DAG:read_dataset_event_from_classic
[2024-10-18T23:33:11.911+0000] {logging_mixin.py:190} INFO - [2024-10-18T23:33:11.910+0000] {override.py:1900} INFO - Created Permission View: can edit on DAG:read_dataset_event_from_classic
[2024-10-18T23:33:11.923+0000] {logging_mixin.py:190} INFO - [2024-10-18T23:33:11.922+0000] {override.py:1900} INFO - Created Permission View: can delete on DAG:read_dataset_event_from_classic
[2024-10-18T23:33:11.936+0000] {logging_mixin.py:190} INFO - [2024-10-18T23:33:11.935+0000] {override.py:1900} INFO - Created Permission View: can read on DAG Run:read_dataset_event_from_classic
[2024-10-18T23:33:11.947+0000] {logging_mixin.py:190} INFO - [2024-10-18T23:33:11.947+0000] {override.py:1900} INFO - Created Permission View: can create on DAG Run:read_dataset_event_from_classic
[2024-10-18T23:33:11.959+0000] {logging_mixin.py:190} INFO - [2024-10-18T23:33:11.958+0000] {override.py:1900} INFO - Created Permission View: menu access on DAG Run:read_dataset_event_from_classic
[2024-10-18T23:33:11.970+0000] {logging_mixin.py:190} INFO - [2024-10-18T23:33:11.969+0000] {override.py:1900} INFO - Created Permission View: can delete on DAG Run:read_dataset_event_from_classic
[2024-10-18T23:33:11.989+0000] {logging_mixin.py:190} INFO - [2024-10-18T23:33:11.989+0000] {override.py:1900} INFO - Created Permission View: can read on DAG:read_dataset_event
[2024-10-18T23:33:12.001+0000] {logging_mixin.py:190} INFO - [2024-10-18T23:33:12.001+0000] {override.py:1900} INFO - Created Permission View: can edit on DAG:read_dataset_event
[2024-10-18T23:33:12.012+0000] {logging_mixin.py:190} INFO - [2024-10-18T23:33:12.011+0000] {override.py:1900} INFO - Created Permission View: can delete on DAG:read_dataset_event
[2024-10-18T23:33:12.035+0000] {logging_mixin.py:190} INFO - [2024-10-18T23:33:12.035+0000] {override.py:1900} INFO - Created Permission View: can read on DAG Run:read_dataset_event
[2024-10-18T23:33:12.047+0000] {logging_mixin.py:190} INFO - [2024-10-18T23:33:12.046+0000] {override.py:1900} INFO - Created Permission View: can create on DAG Run:read_dataset_event
[2024-10-18T23:33:12.058+0000] {logging_mixin.py:190} INFO - [2024-10-18T23:33:12.057+0000] {override.py:1900} INFO - Created Permission View: menu access on DAG Run:read_dataset_event
[2024-10-18T23:33:12.070+0000] {logging_mixin.py:190} INFO - [2024-10-18T23:33:12.070+0000] {override.py:1900} INFO - Created Permission View: can delete on DAG Run:read_dataset_event
[2024-10-18T23:33:12.072+0000] {logging_mixin.py:190} INFO - [2024-10-18T23:33:12.071+0000] {dag.py:3239} INFO - Sync 2 DAGs
[2024-10-18T23:33:12.100+0000] {logging_mixin.py:190} INFO - [2024-10-18T23:33:12.100+0000] {dag.py:3262} INFO - Creating ORM DAG for read_dataset_event
[2024-10-18T23:33:12.102+0000] {logging_mixin.py:190} INFO - [2024-10-18T23:33:12.102+0000] {dag.py:3262} INFO - Creating ORM DAG for read_dataset_event_from_classic
[2024-10-18T23:33:12.121+0000] {logging_mixin.py:190} INFO - [2024-10-18T23:33:12.121+0000] {dag.py:4180} INFO - Setting next_dagrun for read_dataset_event to 2024-10-17 00:00:00+00:00, run_after=2024-10-18 00:00:00+00:00
[2024-10-18T23:33:12.126+0000] {logging_mixin.py:190} INFO - [2024-10-18T23:33:12.125+0000] {dag.py:4180} INFO - Setting next_dagrun for read_dataset_event_from_classic to 2024-10-17 00:00:00+00:00, run_after=2024-10-18 00:00:00+00:00
[2024-10-18T23:33:12.153+0000] {processor.py:208} INFO - Processing /home/airflow/.local/lib/python3.12/site-packages/airflow/example_dags/example_inlet_event_extra.py took 0.685 seconds
[2024-10-18T23:33:42.442+0000] {processor.py:186} INFO - Started process (PID=178) to work on /home/airflow/.local/lib/python3.12/site-packages/airflow/example_dags/example_inlet_event_extra.py
[2024-10-18T23:33:42.445+0000] {processor.py:914} INFO - Processing file /home/airflow/.local/lib/python3.12/site-packages/airflow/example_dags/example_inlet_event_extra.py for tasks to queue
[2024-10-18T23:33:42.451+0000] {logging_mixin.py:190} INFO - [2024-10-18T23:33:42.450+0000] {dagbag.py:588} INFO - Filling up the DagBag from /home/airflow/.local/lib/python3.12/site-packages/airflow/example_dags/example_inlet_event_extra.py
[2024-10-18T23:33:42.733+0000] {processor.py:925} INFO - DAG(s) 'read_dataset_event_from_classic', 'read_dataset_event' retrieved from /home/airflow/.local/lib/python3.12/site-packages/airflow/example_dags/example_inlet_event_extra.py
[2024-10-18T23:33:42.779+0000] {logging_mixin.py:190} INFO - [2024-10-18T23:33:42.778+0000] {dag.py:3239} INFO - Sync 2 DAGs
[2024-10-18T23:33:42.825+0000] {logging_mixin.py:190} INFO - [2024-10-18T23:33:42.824+0000] {dag.py:4180} INFO - Setting next_dagrun for read_dataset_event to 2024-10-17 00:00:00+00:00, run_after=2024-10-18 00:00:00+00:00
[2024-10-18T23:33:42.834+0000] {logging_mixin.py:190} INFO - [2024-10-18T23:33:42.833+0000] {dag.py:4180} INFO - Setting next_dagrun for read_dataset_event_from_classic to 2024-10-17 00:00:00+00:00, run_after=2024-10-18 00:00:00+00:00
[2024-10-18T23:33:42.863+0000] {processor.py:208} INFO - Processing /home/airflow/.local/lib/python3.12/site-packages/airflow/example_dags/example_inlet_event_extra.py took 0.435 seconds
[2024-10-18T23:34:13.469+0000] {processor.py:186} INFO - Started process (PID=240) to work on /home/airflow/.local/lib/python3.12/site-packages/airflow/example_dags/example_inlet_event_extra.py
[2024-10-18T23:34:13.470+0000] {processor.py:914} INFO - Processing file /home/airflow/.local/lib/python3.12/site-packages/airflow/example_dags/example_inlet_event_extra.py for tasks to queue
[2024-10-18T23:34:13.472+0000] {logging_mixin.py:190} INFO - [2024-10-18T23:34:13.472+0000] {dagbag.py:588} INFO - Filling up the DagBag from /home/airflow/.local/lib/python3.12/site-packages/airflow/example_dags/example_inlet_event_extra.py
[2024-10-18T23:34:13.618+0000] {processor.py:925} INFO - DAG(s) 'read_dataset_event', 'read_dataset_event_from_classic' retrieved from /home/airflow/.local/lib/python3.12/site-packages/airflow/example_dags/example_inlet_event_extra.py
[2024-10-18T23:34:13.645+0000] {logging_mixin.py:190} INFO - [2024-10-18T23:34:13.645+0000] {dag.py:3239} INFO - Sync 2 DAGs
[2024-10-18T23:34:13.669+0000] {logging_mixin.py:190} INFO - [2024-10-18T23:34:13.669+0000] {dag.py:4180} INFO - Setting next_dagrun for read_dataset_event to 2024-10-17 00:00:00+00:00, run_after=2024-10-18 00:00:00+00:00
[2024-10-18T23:34:13.674+0000] {logging_mixin.py:190} INFO - [2024-10-18T23:34:13.674+0000] {dag.py:4180} INFO - Setting next_dagrun for read_dataset_event_from_classic to 2024-10-17 00:00:00+00:00, run_after=2024-10-18 00:00:00+00:00
[2024-10-18T23:34:13.707+0000] {processor.py:208} INFO - Processing /home/airflow/.local/lib/python3.12/site-packages/airflow/example_dags/example_inlet_event_extra.py took 0.243 seconds
[2024-10-18T23:34:44.040+0000] {processor.py:186} INFO - Started process (PID=302) to work on /home/airflow/.local/lib/python3.12/site-packages/airflow/example_dags/example_inlet_event_extra.py
[2024-10-18T23:34:44.041+0000] {processor.py:914} INFO - Processing file /home/airflow/.local/lib/python3.12/site-packages/airflow/example_dags/example_inlet_event_extra.py for tasks to queue
[2024-10-18T23:34:44.044+0000] {logging_mixin.py:190} INFO - [2024-10-18T23:34:44.043+0000] {dagbag.py:588} INFO - Filling up the DagBag from /home/airflow/.local/lib/python3.12/site-packages/airflow/example_dags/example_inlet_event_extra.py
[2024-10-18T23:34:44.177+0000] {processor.py:925} INFO - DAG(s) 'read_dataset_event', 'read_dataset_event_from_classic' retrieved from /home/airflow/.local/lib/python3.12/site-packages/airflow/example_dags/example_inlet_event_extra.py
[2024-10-18T23:34:44.202+0000] {logging_mixin.py:190} INFO - [2024-10-18T23:34:44.202+0000] {dag.py:3239} INFO - Sync 2 DAGs
[2024-10-18T23:34:44.225+0000] {logging_mixin.py:190} INFO - [2024-10-18T23:34:44.225+0000] {dag.py:4180} INFO - Setting next_dagrun for read_dataset_event to 2024-10-17 00:00:00+00:00, run_after=2024-10-18 00:00:00+00:00
[2024-10-18T23:34:44.230+0000] {logging_mixin.py:190} INFO - [2024-10-18T23:34:44.230+0000] {dag.py:4180} INFO - Setting next_dagrun for read_dataset_event_from_classic to 2024-10-17 00:00:00+00:00, run_after=2024-10-18 00:00:00+00:00
[2024-10-18T23:34:44.247+0000] {processor.py:208} INFO - Processing /home/airflow/.local/lib/python3.12/site-packages/airflow/example_dags/example_inlet_event_extra.py took 0.212 seconds
[2024-10-18T23:35:14.363+0000] {processor.py:186} INFO - Started process (PID=363) to work on /home/airflow/.local/lib/python3.12/site-packages/airflow/example_dags/example_inlet_event_extra.py
[2024-10-18T23:35:14.364+0000] {processor.py:914} INFO - Processing file /home/airflow/.local/lib/python3.12/site-packages/airflow/example_dags/example_inlet_event_extra.py for tasks to queue
[2024-10-18T23:35:14.366+0000] {logging_mixin.py:190} INFO - [2024-10-18T23:35:14.366+0000] {dagbag.py:588} INFO - Filling up the DagBag from /home/airflow/.local/lib/python3.12/site-packages/airflow/example_dags/example_inlet_event_extra.py
[2024-10-18T23:35:14.479+0000] {processor.py:925} INFO - DAG(s) 'read_dataset_event', 'read_dataset_event_from_classic' retrieved from /home/airflow/.local/lib/python3.12/site-packages/airflow/example_dags/example_inlet_event_extra.py
[2024-10-18T23:35:14.498+0000] {logging_mixin.py:190} INFO - [2024-10-18T23:35:14.498+0000] {dag.py:3239} INFO - Sync 2 DAGs
[2024-10-18T23:35:14.521+0000] {logging_mixin.py:190} INFO - [2024-10-18T23:35:14.521+0000] {dag.py:4180} INFO - Setting next_dagrun for read_dataset_event to 2024-10-17 00:00:00+00:00, run_after=2024-10-18 00:00:00+00:00
[2024-10-18T23:35:14.526+0000] {logging_mixin.py:190} INFO - [2024-10-18T23:35:14.526+0000] {dag.py:4180} INFO - Setting next_dagrun for read_dataset_event_from_classic to 2024-10-17 00:00:00+00:00, run_after=2024-10-18 00:00:00+00:00
[2024-10-18T23:35:14.544+0000] {processor.py:208} INFO - Processing /home/airflow/.local/lib/python3.12/site-packages/airflow/example_dags/example_inlet_event_extra.py took 0.187 seconds
[2024-10-18T23:35:49.392+0000] {processor.py:186} INFO - Started process (PID=426) to work on /home/airflow/.local/lib/python3.12/site-packages/airflow/example_dags/example_inlet_event_extra.py
[2024-10-18T23:35:49.394+0000] {processor.py:914} INFO - Processing file /home/airflow/.local/lib/python3.12/site-packages/airflow/example_dags/example_inlet_event_extra.py for tasks to queue
[2024-10-18T23:35:49.397+0000] {logging_mixin.py:190} INFO - [2024-10-18T23:35:49.396+0000] {dagbag.py:588} INFO - Filling up the DagBag from /home/airflow/.local/lib/python3.12/site-packages/airflow/example_dags/example_inlet_event_extra.py
[2024-10-18T23:35:49.515+0000] {processor.py:925} INFO - DAG(s) 'read_dataset_event', 'read_dataset_event_from_classic' retrieved from /home/airflow/.local/lib/python3.12/site-packages/airflow/example_dags/example_inlet_event_extra.py
[2024-10-18T23:35:49.535+0000] {logging_mixin.py:190} INFO - [2024-10-18T23:35:49.535+0000] {dag.py:3239} INFO - Sync 2 DAGs
[2024-10-18T23:35:49.559+0000] {logging_mixin.py:190} INFO - [2024-10-18T23:35:49.558+0000] {dag.py:4180} INFO - Setting next_dagrun for read_dataset_event to 2024-10-17 00:00:00+00:00, run_after=2024-10-18 00:00:00+00:00
[2024-10-18T23:35:49.564+0000] {logging_mixin.py:190} INFO - [2024-10-18T23:35:49.563+0000] {dag.py:4180} INFO - Setting next_dagrun for read_dataset_event_from_classic to 2024-10-17 00:00:00+00:00, run_after=2024-10-18 00:00:00+00:00
[2024-10-18T23:35:49.589+0000] {processor.py:208} INFO - Processing /home/airflow/.local/lib/python3.12/site-packages/airflow/example_dags/example_inlet_event_extra.py took 0.202 seconds
[2024-10-18T23:36:20.276+0000] {processor.py:186} INFO - Started process (PID=488) to work on /home/airflow/.local/lib/python3.12/site-packages/airflow/example_dags/example_inlet_event_extra.py
[2024-10-18T23:36:20.299+0000] {processor.py:914} INFO - Processing file /home/airflow/.local/lib/python3.12/site-packages/airflow/example_dags/example_inlet_event_extra.py for tasks to queue
[2024-10-18T23:36:20.343+0000] {logging_mixin.py:190} INFO - [2024-10-18T23:36:20.332+0000] {dagbag.py:588} INFO - Filling up the DagBag from /home/airflow/.local/lib/python3.12/site-packages/airflow/example_dags/example_inlet_event_extra.py
[2024-10-18T23:36:20.795+0000] {processor.py:925} INFO - DAG(s) 'read_dataset_event', 'read_dataset_event_from_classic' retrieved from /home/airflow/.local/lib/python3.12/site-packages/airflow/example_dags/example_inlet_event_extra.py
[2024-10-18T23:36:20.823+0000] {logging_mixin.py:190} INFO - [2024-10-18T23:36:20.823+0000] {dag.py:3239} INFO - Sync 2 DAGs
[2024-10-18T23:36:20.877+0000] {logging_mixin.py:190} INFO - [2024-10-18T23:36:20.876+0000] {dag.py:4180} INFO - Setting next_dagrun for read_dataset_event to 2024-10-17 00:00:00+00:00, run_after=2024-10-18 00:00:00+00:00
[2024-10-18T23:36:20.885+0000] {logging_mixin.py:190} INFO - [2024-10-18T23:36:20.885+0000] {dag.py:4180} INFO - Setting next_dagrun for read_dataset_event_from_classic to 2024-10-17 00:00:00+00:00, run_after=2024-10-18 00:00:00+00:00
[2024-10-18T23:36:20.936+0000] {processor.py:208} INFO - Processing /home/airflow/.local/lib/python3.12/site-packages/airflow/example_dags/example_inlet_event_extra.py took 0.920 seconds
[2024-10-18T23:36:51.268+0000] {processor.py:186} INFO - Started process (PID=550) to work on /home/airflow/.local/lib/python3.12/site-packages/airflow/example_dags/example_inlet_event_extra.py
[2024-10-18T23:36:51.286+0000] {processor.py:914} INFO - Processing file /home/airflow/.local/lib/python3.12/site-packages/airflow/example_dags/example_inlet_event_extra.py for tasks to queue
[2024-10-18T23:36:51.326+0000] {logging_mixin.py:190} INFO - [2024-10-18T23:36:51.322+0000] {dagbag.py:588} INFO - Filling up the DagBag from /home/airflow/.local/lib/python3.12/site-packages/airflow/example_dags/example_inlet_event_extra.py
[2024-10-18T23:36:53.546+0000] {processor.py:925} INFO - DAG(s) 'read_dataset_event', 'read_dataset_event_from_classic' retrieved from /home/airflow/.local/lib/python3.12/site-packages/airflow/example_dags/example_inlet_event_extra.py
[2024-10-18T23:36:53.620+0000] {logging_mixin.py:190} INFO - [2024-10-18T23:36:53.620+0000] {dag.py:3239} INFO - Sync 2 DAGs
[2024-10-18T23:36:53.660+0000] {logging_mixin.py:190} INFO - [2024-10-18T23:36:53.659+0000] {dag.py:4180} INFO - Setting next_dagrun for read_dataset_event to 2024-10-17 00:00:00+00:00, run_after=2024-10-18 00:00:00+00:00
[2024-10-18T23:36:53.667+0000] {logging_mixin.py:190} INFO - [2024-10-18T23:36:53.666+0000] {dag.py:4180} INFO - Setting next_dagrun for read_dataset_event_from_classic to 2024-10-17 00:00:00+00:00, run_after=2024-10-18 00:00:00+00:00
[2024-10-18T23:36:53.691+0000] {processor.py:208} INFO - Processing /home/airflow/.local/lib/python3.12/site-packages/airflow/example_dags/example_inlet_event_extra.py took 2.591 seconds
[2024-10-18T23:37:24.489+0000] {processor.py:186} INFO - Started process (PID=612) to work on /home/airflow/.local/lib/python3.12/site-packages/airflow/example_dags/example_inlet_event_extra.py
[2024-10-18T23:37:24.490+0000] {processor.py:914} INFO - Processing file /home/airflow/.local/lib/python3.12/site-packages/airflow/example_dags/example_inlet_event_extra.py for tasks to queue
[2024-10-18T23:37:24.492+0000] {logging_mixin.py:190} INFO - [2024-10-18T23:37:24.492+0000] {dagbag.py:588} INFO - Filling up the DagBag from /home/airflow/.local/lib/python3.12/site-packages/airflow/example_dags/example_inlet_event_extra.py
[2024-10-18T23:37:24.646+0000] {processor.py:925} INFO - DAG(s) 'read_dataset_event_from_classic', 'read_dataset_event' retrieved from /home/airflow/.local/lib/python3.12/site-packages/airflow/example_dags/example_inlet_event_extra.py
[2024-10-18T23:37:24.668+0000] {logging_mixin.py:190} INFO - [2024-10-18T23:37:24.668+0000] {dag.py:3239} INFO - Sync 2 DAGs
[2024-10-18T23:37:24.700+0000] {logging_mixin.py:190} INFO - [2024-10-18T23:37:24.700+0000] {dag.py:4180} INFO - Setting next_dagrun for read_dataset_event to 2024-10-17 00:00:00+00:00, run_after=2024-10-18 00:00:00+00:00
[2024-10-18T23:37:24.706+0000] {logging_mixin.py:190} INFO - [2024-10-18T23:37:24.706+0000] {dag.py:4180} INFO - Setting next_dagrun for read_dataset_event_from_classic to 2024-10-17 00:00:00+00:00, run_after=2024-10-18 00:00:00+00:00
[2024-10-18T23:37:24.727+0000] {processor.py:208} INFO - Processing /home/airflow/.local/lib/python3.12/site-packages/airflow/example_dags/example_inlet_event_extra.py took 0.244 seconds
[2024-10-18T23:37:54.999+0000] {processor.py:186} INFO - Started process (PID=674) to work on /home/airflow/.local/lib/python3.12/site-packages/airflow/example_dags/example_inlet_event_extra.py
[2024-10-18T23:37:55.000+0000] {processor.py:914} INFO - Processing file /home/airflow/.local/lib/python3.12/site-packages/airflow/example_dags/example_inlet_event_extra.py for tasks to queue
[2024-10-18T23:37:55.003+0000] {logging_mixin.py:190} INFO - [2024-10-18T23:37:55.003+0000] {dagbag.py:588} INFO - Filling up the DagBag from /home/airflow/.local/lib/python3.12/site-packages/airflow/example_dags/example_inlet_event_extra.py
[2024-10-18T23:37:55.114+0000] {processor.py:925} INFO - DAG(s) 'read_dataset_event', 'read_dataset_event_from_classic' retrieved from /home/airflow/.local/lib/python3.12/site-packages/airflow/example_dags/example_inlet_event_extra.py
[2024-10-18T23:37:55.150+0000] {logging_mixin.py:190} INFO - [2024-10-18T23:37:55.150+0000] {dag.py:3239} INFO - Sync 2 DAGs
[2024-10-18T23:37:55.173+0000] {logging_mixin.py:190} INFO - [2024-10-18T23:37:55.172+0000] {dag.py:4180} INFO - Setting next_dagrun for read_dataset_event to 2024-10-17 00:00:00+00:00, run_after=2024-10-18 00:00:00+00:00
[2024-10-18T23:37:55.177+0000] {logging_mixin.py:190} INFO - [2024-10-18T23:37:55.177+0000] {dag.py:4180} INFO - Setting next_dagrun for read_dataset_event_from_classic to 2024-10-17 00:00:00+00:00, run_after=2024-10-18 00:00:00+00:00
[2024-10-18T23:37:55.242+0000] {processor.py:208} INFO - Processing /home/airflow/.local/lib/python3.12/site-packages/airflow/example_dags/example_inlet_event_extra.py took 0.248 seconds
[2024-10-18T23:38:25.804+0000] {processor.py:186} INFO - Started process (PID=736) to work on /home/airflow/.local/lib/python3.12/site-packages/airflow/example_dags/example_inlet_event_extra.py
[2024-10-18T23:38:25.806+0000] {processor.py:914} INFO - Processing file /home/airflow/.local/lib/python3.12/site-packages/airflow/example_dags/example_inlet_event_extra.py for tasks to queue
[2024-10-18T23:38:25.809+0000] {logging_mixin.py:190} INFO - [2024-10-18T23:38:25.808+0000] {dagbag.py:588} INFO - Filling up the DagBag from /home/airflow/.local/lib/python3.12/site-packages/airflow/example_dags/example_inlet_event_extra.py
[2024-10-18T23:38:25.922+0000] {processor.py:925} INFO - DAG(s) 'read_dataset_event', 'read_dataset_event_from_classic' retrieved from /home/airflow/.local/lib/python3.12/site-packages/airflow/example_dags/example_inlet_event_extra.py
[2024-10-18T23:38:25.944+0000] {logging_mixin.py:190} INFO - [2024-10-18T23:38:25.943+0000] {dag.py:3239} INFO - Sync 2 DAGs
[2024-10-18T23:38:25.965+0000] {logging_mixin.py:190} INFO - [2024-10-18T23:38:25.965+0000] {dag.py:4180} INFO - Setting next_dagrun for read_dataset_event to 2024-10-17 00:00:00+00:00, run_after=2024-10-18 00:00:00+00:00
[2024-10-18T23:38:25.970+0000] {logging_mixin.py:190} INFO - [2024-10-18T23:38:25.970+0000] {dag.py:4180} INFO - Setting next_dagrun for read_dataset_event_from_classic to 2024-10-17 00:00:00+00:00, run_after=2024-10-18 00:00:00+00:00
[2024-10-18T23:38:25.990+0000] {processor.py:208} INFO - Processing /home/airflow/.local/lib/python3.12/site-packages/airflow/example_dags/example_inlet_event_extra.py took 0.193 seconds
[2024-10-18T23:38:56.532+0000] {processor.py:186} INFO - Started process (PID=798) to work on /home/airflow/.local/lib/python3.12/site-packages/airflow/example_dags/example_inlet_event_extra.py
[2024-10-18T23:38:56.533+0000] {processor.py:914} INFO - Processing file /home/airflow/.local/lib/python3.12/site-packages/airflow/example_dags/example_inlet_event_extra.py for tasks to queue
[2024-10-18T23:38:56.537+0000] {logging_mixin.py:190} INFO - [2024-10-18T23:38:56.536+0000] {dagbag.py:588} INFO - Filling up the DagBag from /home/airflow/.local/lib/python3.12/site-packages/airflow/example_dags/example_inlet_event_extra.py
[2024-10-18T23:38:56.670+0000] {processor.py:925} INFO - DAG(s) 'read_dataset_event', 'read_dataset_event_from_classic' retrieved from /home/airflow/.local/lib/python3.12/site-packages/airflow/example_dags/example_inlet_event_extra.py
[2024-10-18T23:38:56.693+0000] {logging_mixin.py:190} INFO - [2024-10-18T23:38:56.693+0000] {dag.py:3239} INFO - Sync 2 DAGs
[2024-10-18T23:38:56.717+0000] {logging_mixin.py:190} INFO - [2024-10-18T23:38:56.717+0000] {dag.py:4180} INFO - Setting next_dagrun for read_dataset_event to 2024-10-17 00:00:00+00:00, run_after=2024-10-18 00:00:00+00:00
[2024-10-18T23:38:56.722+0000] {logging_mixin.py:190} INFO - [2024-10-18T23:38:56.722+0000] {dag.py:4180} INFO - Setting next_dagrun for read_dataset_event_from_classic to 2024-10-17 00:00:00+00:00, run_after=2024-10-18 00:00:00+00:00
[2024-10-18T23:38:56.740+0000] {processor.py:208} INFO - Processing /home/airflow/.local/lib/python3.12/site-packages/airflow/example_dags/example_inlet_event_extra.py took 0.216 seconds
[2024-10-18T23:39:27.246+0000] {processor.py:186} INFO - Started process (PID=860) to work on /home/airflow/.local/lib/python3.12/site-packages/airflow/example_dags/example_inlet_event_extra.py
[2024-10-18T23:39:27.247+0000] {processor.py:914} INFO - Processing file /home/airflow/.local/lib/python3.12/site-packages/airflow/example_dags/example_inlet_event_extra.py for tasks to queue
[2024-10-18T23:39:27.250+0000] {logging_mixin.py:190} INFO - [2024-10-18T23:39:27.250+0000] {dagbag.py:588} INFO - Filling up the DagBag from /home/airflow/.local/lib/python3.12/site-packages/airflow/example_dags/example_inlet_event_extra.py
[2024-10-18T23:39:27.378+0000] {processor.py:925} INFO - DAG(s) 'read_dataset_event_from_classic', 'read_dataset_event' retrieved from /home/airflow/.local/lib/python3.12/site-packages/airflow/example_dags/example_inlet_event_extra.py
[2024-10-18T23:39:27.400+0000] {logging_mixin.py:190} INFO - [2024-10-18T23:39:27.400+0000] {dag.py:3239} INFO - Sync 2 DAGs
[2024-10-18T23:39:27.424+0000] {logging_mixin.py:190} INFO - [2024-10-18T23:39:27.423+0000] {dag.py:4180} INFO - Setting next_dagrun for read_dataset_event to 2024-10-17 00:00:00+00:00, run_after=2024-10-18 00:00:00+00:00
[2024-10-18T23:39:27.428+0000] {logging_mixin.py:190} INFO - [2024-10-18T23:39:27.428+0000] {dag.py:4180} INFO - Setting next_dagrun for read_dataset_event_from_classic to 2024-10-17 00:00:00+00:00, run_after=2024-10-18 00:00:00+00:00
[2024-10-18T23:39:27.446+0000] {processor.py:208} INFO - Processing /home/airflow/.local/lib/python3.12/site-packages/airflow/example_dags/example_inlet_event_extra.py took 0.205 seconds
[2024-10-18T23:39:58.406+0000] {processor.py:186} INFO - Started process (PID=922) to work on /home/airflow/.local/lib/python3.12/site-packages/airflow/example_dags/example_inlet_event_extra.py
[2024-10-18T23:39:58.408+0000] {processor.py:914} INFO - Processing file /home/airflow/.local/lib/python3.12/site-packages/airflow/example_dags/example_inlet_event_extra.py for tasks to queue
[2024-10-18T23:39:58.415+0000] {logging_mixin.py:190} INFO - [2024-10-18T23:39:58.414+0000] {dagbag.py:588} INFO - Filling up the DagBag from /home/airflow/.local/lib/python3.12/site-packages/airflow/example_dags/example_inlet_event_extra.py
[2024-10-18T23:39:59.084+0000] {processor.py:925} INFO - DAG(s) 'read_dataset_event', 'read_dataset_event_from_classic' retrieved from /home/airflow/.local/lib/python3.12/site-packages/airflow/example_dags/example_inlet_event_extra.py
[2024-10-18T23:39:59.192+0000] {logging_mixin.py:190} INFO - [2024-10-18T23:39:59.190+0000] {dag.py:3239} INFO - Sync 2 DAGs
[2024-10-18T23:39:59.557+0000] {logging_mixin.py:190} INFO - [2024-10-18T23:39:59.557+0000] {dag.py:4180} INFO - Setting next_dagrun for read_dataset_event to 2024-10-17 00:00:00+00:00, run_after=2024-10-18 00:00:00+00:00
[2024-10-18T23:39:59.571+0000] {logging_mixin.py:190} INFO - [2024-10-18T23:39:59.570+0000] {dag.py:4180} INFO - Setting next_dagrun for read_dataset_event_from_classic to 2024-10-17 00:00:00+00:00, run_after=2024-10-18 00:00:00+00:00
[2024-10-18T23:39:59.617+0000] {processor.py:208} INFO - Processing /home/airflow/.local/lib/python3.12/site-packages/airflow/example_dags/example_inlet_event_extra.py took 1.233 seconds
[2024-10-18T23:40:30.225+0000] {processor.py:186} INFO - Started process (PID=984) to work on /home/airflow/.local/lib/python3.12/site-packages/airflow/example_dags/example_inlet_event_extra.py
[2024-10-18T23:40:30.226+0000] {processor.py:914} INFO - Processing file /home/airflow/.local/lib/python3.12/site-packages/airflow/example_dags/example_inlet_event_extra.py for tasks to queue
[2024-10-18T23:40:30.229+0000] {logging_mixin.py:190} INFO - [2024-10-18T23:40:30.229+0000] {dagbag.py:588} INFO - Filling up the DagBag from /home/airflow/.local/lib/python3.12/site-packages/airflow/example_dags/example_inlet_event_extra.py
[2024-10-18T23:40:30.359+0000] {processor.py:925} INFO - DAG(s) 'read_dataset_event', 'read_dataset_event_from_classic' retrieved from /home/airflow/.local/lib/python3.12/site-packages/airflow/example_dags/example_inlet_event_extra.py
[2024-10-18T23:40:30.383+0000] {logging_mixin.py:190} INFO - [2024-10-18T23:40:30.382+0000] {dag.py:3239} INFO - Sync 2 DAGs
[2024-10-18T23:40:30.410+0000] {logging_mixin.py:190} INFO - [2024-10-18T23:40:30.409+0000] {dag.py:4180} INFO - Setting next_dagrun for read_dataset_event to 2024-10-17 00:00:00+00:00, run_after=2024-10-18 00:00:00+00:00
[2024-10-18T23:40:30.415+0000] {logging_mixin.py:190} INFO - [2024-10-18T23:40:30.415+0000] {dag.py:4180} INFO - Setting next_dagrun for read_dataset_event_from_classic to 2024-10-17 00:00:00+00:00, run_after=2024-10-18 00:00:00+00:00
[2024-10-18T23:40:30.437+0000] {processor.py:208} INFO - Processing /home/airflow/.local/lib/python3.12/site-packages/airflow/example_dags/example_inlet_event_extra.py took 0.217 seconds
[2024-10-18T23:41:00.718+0000] {processor.py:186} INFO - Started process (PID=1046) to work on /home/airflow/.local/lib/python3.12/site-packages/airflow/example_dags/example_inlet_event_extra.py
[2024-10-18T23:41:00.720+0000] {processor.py:914} INFO - Processing file /home/airflow/.local/lib/python3.12/site-packages/airflow/example_dags/example_inlet_event_extra.py for tasks to queue
[2024-10-18T23:41:00.722+0000] {logging_mixin.py:190} INFO - [2024-10-18T23:41:00.722+0000] {dagbag.py:588} INFO - Filling up the DagBag from /home/airflow/.local/lib/python3.12/site-packages/airflow/example_dags/example_inlet_event_extra.py
[2024-10-18T23:41:00.854+0000] {processor.py:925} INFO - DAG(s) 'read_dataset_event_from_classic', 'read_dataset_event' retrieved from /home/airflow/.local/lib/python3.12/site-packages/airflow/example_dags/example_inlet_event_extra.py
[2024-10-18T23:41:00.877+0000] {logging_mixin.py:190} INFO - [2024-10-18T23:41:00.876+0000] {dag.py:3239} INFO - Sync 2 DAGs
[2024-10-18T23:41:00.902+0000] {logging_mixin.py:190} INFO - [2024-10-18T23:41:00.902+0000] {dag.py:4180} INFO - Setting next_dagrun for read_dataset_event to 2024-10-17 00:00:00+00:00, run_after=2024-10-18 00:00:00+00:00
[2024-10-18T23:41:00.907+0000] {logging_mixin.py:190} INFO - [2024-10-18T23:41:00.907+0000] {dag.py:4180} INFO - Setting next_dagrun for read_dataset_event_from_classic to 2024-10-17 00:00:00+00:00, run_after=2024-10-18 00:00:00+00:00
[2024-10-18T23:41:00.926+0000] {processor.py:208} INFO - Processing /home/airflow/.local/lib/python3.12/site-packages/airflow/example_dags/example_inlet_event_extra.py took 0.213 seconds
[2024-10-18T23:41:31.328+0000] {processor.py:186} INFO - Started process (PID=1108) to work on /home/airflow/.local/lib/python3.12/site-packages/airflow/example_dags/example_inlet_event_extra.py
[2024-10-18T23:41:31.330+0000] {processor.py:914} INFO - Processing file /home/airflow/.local/lib/python3.12/site-packages/airflow/example_dags/example_inlet_event_extra.py for tasks to queue
[2024-10-18T23:41:31.332+0000] {logging_mixin.py:190} INFO - [2024-10-18T23:41:31.332+0000] {dagbag.py:588} INFO - Filling up the DagBag from /home/airflow/.local/lib/python3.12/site-packages/airflow/example_dags/example_inlet_event_extra.py
[2024-10-18T23:41:31.451+0000] {processor.py:925} INFO - DAG(s) 'read_dataset_event_from_classic', 'read_dataset_event' retrieved from /home/airflow/.local/lib/python3.12/site-packages/airflow/example_dags/example_inlet_event_extra.py
[2024-10-18T23:41:31.474+0000] {logging_mixin.py:190} INFO - [2024-10-18T23:41:31.474+0000] {dag.py:3239} INFO - Sync 2 DAGs
[2024-10-18T23:41:31.496+0000] {logging_mixin.py:190} INFO - [2024-10-18T23:41:31.496+0000] {dag.py:4180} INFO - Setting next_dagrun for read_dataset_event to 2024-10-17 00:00:00+00:00, run_after=2024-10-18 00:00:00+00:00
[2024-10-18T23:41:31.501+0000] {logging_mixin.py:190} INFO - [2024-10-18T23:41:31.501+0000] {dag.py:4180} INFO - Setting next_dagrun for read_dataset_event_from_classic to 2024-10-17 00:00:00+00:00, run_after=2024-10-18 00:00:00+00:00
[2024-10-18T23:41:31.519+0000] {processor.py:208} INFO - Processing /home/airflow/.local/lib/python3.12/site-packages/airflow/example_dags/example_inlet_event_extra.py took 0.196 seconds
[2024-10-18T23:42:01.947+0000] {processor.py:186} INFO - Started process (PID=1170) to work on /home/airflow/.local/lib/python3.12/site-packages/airflow/example_dags/example_inlet_event_extra.py
[2024-10-18T23:42:02.147+0000] {processor.py:914} INFO - Processing file /home/airflow/.local/lib/python3.12/site-packages/airflow/example_dags/example_inlet_event_extra.py for tasks to queue
[2024-10-18T23:42:02.151+0000] {logging_mixin.py:190} INFO - [2024-10-18T23:42:02.151+0000] {dagbag.py:588} INFO - Filling up the DagBag from /home/airflow/.local/lib/python3.12/site-packages/airflow/example_dags/example_inlet_event_extra.py
[2024-10-18T23:42:02.710+0000] {processor.py:925} INFO - DAG(s) 'read_dataset_event', 'read_dataset_event_from_classic' retrieved from /home/airflow/.local/lib/python3.12/site-packages/airflow/example_dags/example_inlet_event_extra.py
[2024-10-18T23:42:02.737+0000] {logging_mixin.py:190} INFO - [2024-10-18T23:42:02.737+0000] {dag.py:3239} INFO - Sync 2 DAGs
[2024-10-18T23:42:02.767+0000] {logging_mixin.py:190} INFO - [2024-10-18T23:42:02.767+0000] {dag.py:4180} INFO - Setting next_dagrun for read_dataset_event to 2024-10-17 00:00:00+00:00, run_after=2024-10-18 00:00:00+00:00
[2024-10-18T23:42:02.773+0000] {logging_mixin.py:190} INFO - [2024-10-18T23:42:02.773+0000] {dag.py:4180} INFO - Setting next_dagrun for read_dataset_event_from_classic to 2024-10-17 00:00:00+00:00, run_after=2024-10-18 00:00:00+00:00
[2024-10-18T23:42:02.985+0000] {processor.py:208} INFO - Processing /home/airflow/.local/lib/python3.12/site-packages/airflow/example_dags/example_inlet_event_extra.py took 1.049 seconds
[2024-10-18T23:42:41.321+0000] {processor.py:186} INFO - Started process (PID=1238) to work on /home/airflow/.local/lib/python3.12/site-packages/airflow/example_dags/example_inlet_event_extra.py
[2024-10-18T23:42:41.327+0000] {processor.py:914} INFO - Processing file /home/airflow/.local/lib/python3.12/site-packages/airflow/example_dags/example_inlet_event_extra.py for tasks to queue
[2024-10-18T23:42:41.329+0000] {logging_mixin.py:190} INFO - [2024-10-18T23:42:41.329+0000] {dagbag.py:588} INFO - Filling up the DagBag from /home/airflow/.local/lib/python3.12/site-packages/airflow/example_dags/example_inlet_event_extra.py
[2024-10-18T23:42:41.921+0000] {processor.py:925} INFO - DAG(s) 'read_dataset_event_from_classic', 'read_dataset_event' retrieved from /home/airflow/.local/lib/python3.12/site-packages/airflow/example_dags/example_inlet_event_extra.py
[2024-10-18T23:42:42.043+0000] {logging_mixin.py:190} INFO - [2024-10-18T23:42:42.043+0000] {dag.py:3239} INFO - Sync 2 DAGs
[2024-10-18T23:42:42.168+0000] {logging_mixin.py:190} INFO - [2024-10-18T23:42:42.167+0000] {dag.py:4180} INFO - Setting next_dagrun for read_dataset_event to 2024-10-17 00:00:00+00:00, run_after=2024-10-18 00:00:00+00:00
[2024-10-18T23:42:42.174+0000] {logging_mixin.py:190} INFO - [2024-10-18T23:42:42.174+0000] {dag.py:4180} INFO - Setting next_dagrun for read_dataset_event_from_classic to 2024-10-17 00:00:00+00:00, run_after=2024-10-18 00:00:00+00:00
[2024-10-18T23:42:42.205+0000] {processor.py:208} INFO - Processing /home/airflow/.local/lib/python3.12/site-packages/airflow/example_dags/example_inlet_event_extra.py took 0.900 seconds
[2024-10-18T23:43:12.634+0000] {processor.py:186} INFO - Started process (PID=1300) to work on /home/airflow/.local/lib/python3.12/site-packages/airflow/example_dags/example_inlet_event_extra.py
[2024-10-18T23:43:12.639+0000] {processor.py:914} INFO - Processing file /home/airflow/.local/lib/python3.12/site-packages/airflow/example_dags/example_inlet_event_extra.py for tasks to queue
[2024-10-18T23:43:12.645+0000] {logging_mixin.py:190} INFO - [2024-10-18T23:43:12.644+0000] {dagbag.py:588} INFO - Filling up the DagBag from /home/airflow/.local/lib/python3.12/site-packages/airflow/example_dags/example_inlet_event_extra.py
[2024-10-18T23:43:12.940+0000] {processor.py:925} INFO - DAG(s) 'read_dataset_event_from_classic', 'read_dataset_event' retrieved from /home/airflow/.local/lib/python3.12/site-packages/airflow/example_dags/example_inlet_event_extra.py
[2024-10-18T23:43:13.001+0000] {logging_mixin.py:190} INFO - [2024-10-18T23:43:13.000+0000] {dag.py:3239} INFO - Sync 2 DAGs
[2024-10-18T23:43:13.069+0000] {logging_mixin.py:190} INFO - [2024-10-18T23:43:13.068+0000] {dag.py:4180} INFO - Setting next_dagrun for read_dataset_event to 2024-10-17 00:00:00+00:00, run_after=2024-10-18 00:00:00+00:00
[2024-10-18T23:43:13.082+0000] {logging_mixin.py:190} INFO - [2024-10-18T23:43:13.082+0000] {dag.py:4180} INFO - Setting next_dagrun for read_dataset_event_from_classic to 2024-10-17 00:00:00+00:00, run_after=2024-10-18 00:00:00+00:00
[2024-10-18T23:43:13.122+0000] {processor.py:208} INFO - Processing /home/airflow/.local/lib/python3.12/site-packages/airflow/example_dags/example_inlet_event_extra.py took 0.505 seconds
[2024-10-18T23:43:43.781+0000] {processor.py:186} INFO - Started process (PID=1362) to work on /home/airflow/.local/lib/python3.12/site-packages/airflow/example_dags/example_inlet_event_extra.py
[2024-10-18T23:43:43.782+0000] {processor.py:914} INFO - Processing file /home/airflow/.local/lib/python3.12/site-packages/airflow/example_dags/example_inlet_event_extra.py for tasks to queue
[2024-10-18T23:43:43.785+0000] {logging_mixin.py:190} INFO - [2024-10-18T23:43:43.785+0000] {dagbag.py:588} INFO - Filling up the DagBag from /home/airflow/.local/lib/python3.12/site-packages/airflow/example_dags/example_inlet_event_extra.py
[2024-10-18T23:43:43.932+0000] {processor.py:925} INFO - DAG(s) 'read_dataset_event_from_classic', 'read_dataset_event' retrieved from /home/airflow/.local/lib/python3.12/site-packages/airflow/example_dags/example_inlet_event_extra.py
[2024-10-18T23:43:43.962+0000] {logging_mixin.py:190} INFO - [2024-10-18T23:43:43.962+0000] {dag.py:3239} INFO - Sync 2 DAGs
[2024-10-18T23:43:43.993+0000] {logging_mixin.py:190} INFO - [2024-10-18T23:43:43.993+0000] {dag.py:4180} INFO - Setting next_dagrun for read_dataset_event to 2024-10-17 00:00:00+00:00, run_after=2024-10-18 00:00:00+00:00
[2024-10-18T23:43:44.002+0000] {logging_mixin.py:190} INFO - [2024-10-18T23:43:44.002+0000] {dag.py:4180} INFO - Setting next_dagrun for read_dataset_event_from_classic to 2024-10-17 00:00:00+00:00, run_after=2024-10-18 00:00:00+00:00
[2024-10-18T23:43:44.023+0000] {processor.py:208} INFO - Processing /home/airflow/.local/lib/python3.12/site-packages/airflow/example_dags/example_inlet_event_extra.py took 0.250 seconds
[2024-10-18T23:44:14.868+0000] {processor.py:186} INFO - Started process (PID=1424) to work on /home/airflow/.local/lib/python3.12/site-packages/airflow/example_dags/example_inlet_event_extra.py
[2024-10-18T23:44:14.870+0000] {processor.py:914} INFO - Processing file /home/airflow/.local/lib/python3.12/site-packages/airflow/example_dags/example_inlet_event_extra.py for tasks to queue
[2024-10-18T23:44:14.876+0000] {logging_mixin.py:190} INFO - [2024-10-18T23:44:14.873+0000] {dagbag.py:588} INFO - Filling up the DagBag from /home/airflow/.local/lib/python3.12/site-packages/airflow/example_dags/example_inlet_event_extra.py
[2024-10-18T23:44:15.034+0000] {processor.py:925} INFO - DAG(s) 'read_dataset_event', 'read_dataset_event_from_classic' retrieved from /home/airflow/.local/lib/python3.12/site-packages/airflow/example_dags/example_inlet_event_extra.py
[2024-10-18T23:44:15.062+0000] {logging_mixin.py:190} INFO - [2024-10-18T23:44:15.061+0000] {dag.py:3239} INFO - Sync 2 DAGs
[2024-10-18T23:44:15.090+0000] {logging_mixin.py:190} INFO - [2024-10-18T23:44:15.090+0000] {dag.py:4180} INFO - Setting next_dagrun for read_dataset_event to 2024-10-17 00:00:00+00:00, run_after=2024-10-18 00:00:00+00:00
[2024-10-18T23:44:15.096+0000] {logging_mixin.py:190} INFO - [2024-10-18T23:44:15.095+0000] {dag.py:4180} INFO - Setting next_dagrun for read_dataset_event_from_classic to 2024-10-17 00:00:00+00:00, run_after=2024-10-18 00:00:00+00:00
[2024-10-18T23:44:15.115+0000] {processor.py:208} INFO - Processing /home/airflow/.local/lib/python3.12/site-packages/airflow/example_dags/example_inlet_event_extra.py took 0.255 seconds
[2024-10-18T23:44:45.858+0000] {processor.py:186} INFO - Started process (PID=1487) to work on /home/airflow/.local/lib/python3.12/site-packages/airflow/example_dags/example_inlet_event_extra.py
[2024-10-18T23:44:45.859+0000] {processor.py:914} INFO - Processing file /home/airflow/.local/lib/python3.12/site-packages/airflow/example_dags/example_inlet_event_extra.py for tasks to queue
[2024-10-18T23:44:45.861+0000] {logging_mixin.py:190} INFO - [2024-10-18T23:44:45.861+0000] {dagbag.py:588} INFO - Filling up the DagBag from /home/airflow/.local/lib/python3.12/site-packages/airflow/example_dags/example_inlet_event_extra.py
[2024-10-18T23:44:45.982+0000] {processor.py:925} INFO - DAG(s) 'read_dataset_event_from_classic', 'read_dataset_event' retrieved from /home/airflow/.local/lib/python3.12/site-packages/airflow/example_dags/example_inlet_event_extra.py
[2024-10-18T23:44:46.004+0000] {logging_mixin.py:190} INFO - [2024-10-18T23:44:46.004+0000] {dag.py:3239} INFO - Sync 2 DAGs
[2024-10-18T23:44:46.025+0000] {logging_mixin.py:190} INFO - [2024-10-18T23:44:46.025+0000] {dag.py:4180} INFO - Setting next_dagrun for read_dataset_event to 2024-10-17 00:00:00+00:00, run_after=2024-10-18 00:00:00+00:00
[2024-10-18T23:44:46.031+0000] {logging_mixin.py:190} INFO - [2024-10-18T23:44:46.031+0000] {dag.py:4180} INFO - Setting next_dagrun for read_dataset_event_from_classic to 2024-10-17 00:00:00+00:00, run_after=2024-10-18 00:00:00+00:00
[2024-10-18T23:44:46.049+0000] {processor.py:208} INFO - Processing /home/airflow/.local/lib/python3.12/site-packages/airflow/example_dags/example_inlet_event_extra.py took 0.197 seconds
[2024-10-18T23:45:16.587+0000] {processor.py:186} INFO - Started process (PID=1552) to work on /home/airflow/.local/lib/python3.12/site-packages/airflow/example_dags/example_inlet_event_extra.py
[2024-10-18T23:45:16.589+0000] {processor.py:914} INFO - Processing file /home/airflow/.local/lib/python3.12/site-packages/airflow/example_dags/example_inlet_event_extra.py for tasks to queue
[2024-10-18T23:45:16.591+0000] {logging_mixin.py:190} INFO - [2024-10-18T23:45:16.591+0000] {dagbag.py:588} INFO - Filling up the DagBag from /home/airflow/.local/lib/python3.12/site-packages/airflow/example_dags/example_inlet_event_extra.py
[2024-10-18T23:45:16.716+0000] {processor.py:925} INFO - DAG(s) 'read_dataset_event_from_classic', 'read_dataset_event' retrieved from /home/airflow/.local/lib/python3.12/site-packages/airflow/example_dags/example_inlet_event_extra.py
[2024-10-18T23:45:16.743+0000] {logging_mixin.py:190} INFO - [2024-10-18T23:45:16.743+0000] {dag.py:3239} INFO - Sync 2 DAGs
[2024-10-18T23:45:16.768+0000] {logging_mixin.py:190} INFO - [2024-10-18T23:45:16.768+0000] {dag.py:4180} INFO - Setting next_dagrun for read_dataset_event to 2024-10-17 00:00:00+00:00, run_after=2024-10-18 00:00:00+00:00
[2024-10-18T23:45:16.773+0000] {logging_mixin.py:190} INFO - [2024-10-18T23:45:16.773+0000] {dag.py:4180} INFO - Setting next_dagrun for read_dataset_event_from_classic to 2024-10-17 00:00:00+00:00, run_after=2024-10-18 00:00:00+00:00
[2024-10-18T23:45:16.790+0000] {processor.py:208} INFO - Processing /home/airflow/.local/lib/python3.12/site-packages/airflow/example_dags/example_inlet_event_extra.py took 0.208 seconds
[2024-10-18T23:45:47.414+0000] {processor.py:186} INFO - Started process (PID=1617) to work on /home/airflow/.local/lib/python3.12/site-packages/airflow/example_dags/example_inlet_event_extra.py
[2024-10-18T23:45:47.415+0000] {processor.py:914} INFO - Processing file /home/airflow/.local/lib/python3.12/site-packages/airflow/example_dags/example_inlet_event_extra.py for tasks to queue
[2024-10-18T23:45:47.417+0000] {logging_mixin.py:190} INFO - [2024-10-18T23:45:47.417+0000] {dagbag.py:588} INFO - Filling up the DagBag from /home/airflow/.local/lib/python3.12/site-packages/airflow/example_dags/example_inlet_event_extra.py
[2024-10-18T23:45:47.538+0000] {processor.py:925} INFO - DAG(s) 'read_dataset_event', 'read_dataset_event_from_classic' retrieved from /home/airflow/.local/lib/python3.12/site-packages/airflow/example_dags/example_inlet_event_extra.py
[2024-10-18T23:45:47.561+0000] {logging_mixin.py:190} INFO - [2024-10-18T23:45:47.561+0000] {dag.py:3239} INFO - Sync 2 DAGs
[2024-10-18T23:45:47.586+0000] {logging_mixin.py:190} INFO - [2024-10-18T23:45:47.585+0000] {dag.py:4180} INFO - Setting next_dagrun for read_dataset_event to 2024-10-17 00:00:00+00:00, run_after=2024-10-18 00:00:00+00:00
[2024-10-18T23:45:47.591+0000] {logging_mixin.py:190} INFO - [2024-10-18T23:45:47.591+0000] {dag.py:4180} INFO - Setting next_dagrun for read_dataset_event_from_classic to 2024-10-17 00:00:00+00:00, run_after=2024-10-18 00:00:00+00:00
[2024-10-18T23:45:47.609+0000] {processor.py:208} INFO - Processing /home/airflow/.local/lib/python3.12/site-packages/airflow/example_dags/example_inlet_event_extra.py took 0.200 seconds
[2024-10-18T23:46:18.159+0000] {processor.py:186} INFO - Started process (PID=1679) to work on /home/airflow/.local/lib/python3.12/site-packages/airflow/example_dags/example_inlet_event_extra.py
[2024-10-18T23:46:18.160+0000] {processor.py:914} INFO - Processing file /home/airflow/.local/lib/python3.12/site-packages/airflow/example_dags/example_inlet_event_extra.py for tasks to queue
[2024-10-18T23:46:18.163+0000] {logging_mixin.py:190} INFO - [2024-10-18T23:46:18.162+0000] {dagbag.py:588} INFO - Filling up the DagBag from /home/airflow/.local/lib/python3.12/site-packages/airflow/example_dags/example_inlet_event_extra.py
[2024-10-18T23:46:18.286+0000] {processor.py:925} INFO - DAG(s) 'read_dataset_event_from_classic', 'read_dataset_event' retrieved from /home/airflow/.local/lib/python3.12/site-packages/airflow/example_dags/example_inlet_event_extra.py
[2024-10-18T23:46:18.309+0000] {logging_mixin.py:190} INFO - [2024-10-18T23:46:18.309+0000] {dag.py:3239} INFO - Sync 2 DAGs
[2024-10-18T23:46:18.335+0000] {logging_mixin.py:190} INFO - [2024-10-18T23:46:18.335+0000] {dag.py:4180} INFO - Setting next_dagrun for read_dataset_event to 2024-10-17 00:00:00+00:00, run_after=2024-10-18 00:00:00+00:00
[2024-10-18T23:46:18.340+0000] {logging_mixin.py:190} INFO - [2024-10-18T23:46:18.340+0000] {dag.py:4180} INFO - Setting next_dagrun for read_dataset_event_from_classic to 2024-10-17 00:00:00+00:00, run_after=2024-10-18 00:00:00+00:00
[2024-10-18T23:46:18.360+0000] {processor.py:208} INFO - Processing /home/airflow/.local/lib/python3.12/site-packages/airflow/example_dags/example_inlet_event_extra.py took 0.206 seconds
[2024-10-18T23:46:52.724+0000] {processor.py:186} INFO - Started process (PID=1745) to work on /home/airflow/.local/lib/python3.12/site-packages/airflow/example_dags/example_inlet_event_extra.py
[2024-10-18T23:46:52.724+0000] {processor.py:914} INFO - Processing file /home/airflow/.local/lib/python3.12/site-packages/airflow/example_dags/example_inlet_event_extra.py for tasks to queue
[2024-10-18T23:46:52.727+0000] {logging_mixin.py:190} INFO - [2024-10-18T23:46:52.726+0000] {dagbag.py:588} INFO - Filling up the DagBag from /home/airflow/.local/lib/python3.12/site-packages/airflow/example_dags/example_inlet_event_extra.py
[2024-10-18T23:46:52.848+0000] {processor.py:925} INFO - DAG(s) 'read_dataset_event', 'read_dataset_event_from_classic' retrieved from /home/airflow/.local/lib/python3.12/site-packages/airflow/example_dags/example_inlet_event_extra.py
[2024-10-18T23:46:52.870+0000] {logging_mixin.py:190} INFO - [2024-10-18T23:46:52.869+0000] {dag.py:3239} INFO - Sync 2 DAGs
[2024-10-18T23:46:52.892+0000] {logging_mixin.py:190} INFO - [2024-10-18T23:46:52.892+0000] {dag.py:4180} INFO - Setting next_dagrun for read_dataset_event to 2024-10-17 00:00:00+00:00, run_after=2024-10-18 00:00:00+00:00
[2024-10-18T23:46:53.069+0000] {logging_mixin.py:190} INFO - [2024-10-18T23:46:53.069+0000] {dag.py:4180} INFO - Setting next_dagrun for read_dataset_event_from_classic to 2024-10-17 00:00:00+00:00, run_after=2024-10-18 00:00:00+00:00
[2024-10-18T23:46:53.085+0000] {processor.py:208} INFO - Processing /home/airflow/.local/lib/python3.12/site-packages/airflow/example_dags/example_inlet_event_extra.py took 0.367 seconds
[2024-10-18T23:47:23.766+0000] {processor.py:186} INFO - Started process (PID=1808) to work on /home/airflow/.local/lib/python3.12/site-packages/airflow/example_dags/example_inlet_event_extra.py
[2024-10-18T23:47:23.767+0000] {processor.py:914} INFO - Processing file /home/airflow/.local/lib/python3.12/site-packages/airflow/example_dags/example_inlet_event_extra.py for tasks to queue
[2024-10-18T23:47:23.770+0000] {logging_mixin.py:190} INFO - [2024-10-18T23:47:23.769+0000] {dagbag.py:588} INFO - Filling up the DagBag from /home/airflow/.local/lib/python3.12/site-packages/airflow/example_dags/example_inlet_event_extra.py
[2024-10-18T23:47:23.903+0000] {processor.py:925} INFO - DAG(s) 'read_dataset_event', 'read_dataset_event_from_classic' retrieved from /home/airflow/.local/lib/python3.12/site-packages/airflow/example_dags/example_inlet_event_extra.py
[2024-10-18T23:47:23.924+0000] {logging_mixin.py:190} INFO - [2024-10-18T23:47:23.924+0000] {dag.py:3239} INFO - Sync 2 DAGs
[2024-10-18T23:47:23.947+0000] {logging_mixin.py:190} INFO - [2024-10-18T23:47:23.947+0000] {dag.py:4180} INFO - Setting next_dagrun for read_dataset_event to 2024-10-17 00:00:00+00:00, run_after=2024-10-18 00:00:00+00:00
[2024-10-18T23:47:23.953+0000] {logging_mixin.py:190} INFO - [2024-10-18T23:47:23.952+0000] {dag.py:4180} INFO - Setting next_dagrun for read_dataset_event_from_classic to 2024-10-17 00:00:00+00:00, run_after=2024-10-18 00:00:00+00:00
[2024-10-18T23:47:23.972+0000] {processor.py:208} INFO - Processing /home/airflow/.local/lib/python3.12/site-packages/airflow/example_dags/example_inlet_event_extra.py took 0.211 seconds
[2024-10-18T23:47:55.816+0000] {processor.py:186} INFO - Started process (PID=1869) to work on /home/airflow/.local/lib/python3.12/site-packages/airflow/example_dags/example_inlet_event_extra.py
[2024-10-18T23:47:55.817+0000] {processor.py:914} INFO - Processing file /home/airflow/.local/lib/python3.12/site-packages/airflow/example_dags/example_inlet_event_extra.py for tasks to queue
[2024-10-18T23:47:55.821+0000] {logging_mixin.py:190} INFO - [2024-10-18T23:47:55.821+0000] {dagbag.py:588} INFO - Filling up the DagBag from /home/airflow/.local/lib/python3.12/site-packages/airflow/example_dags/example_inlet_event_extra.py
[2024-10-18T23:47:56.027+0000] {processor.py:925} INFO - DAG(s) 'read_dataset_event', 'read_dataset_event_from_classic' retrieved from /home/airflow/.local/lib/python3.12/site-packages/airflow/example_dags/example_inlet_event_extra.py
[2024-10-18T23:47:56.058+0000] {logging_mixin.py:190} INFO - [2024-10-18T23:47:56.058+0000] {dag.py:3239} INFO - Sync 2 DAGs
[2024-10-18T23:47:56.098+0000] {logging_mixin.py:190} INFO - [2024-10-18T23:47:56.098+0000] {dag.py:4180} INFO - Setting next_dagrun for read_dataset_event to 2024-10-17 00:00:00+00:00, run_after=2024-10-18 00:00:00+00:00
[2024-10-18T23:47:56.106+0000] {logging_mixin.py:190} INFO - [2024-10-18T23:47:56.106+0000] {dag.py:4180} INFO - Setting next_dagrun for read_dataset_event_from_classic to 2024-10-17 00:00:00+00:00, run_after=2024-10-18 00:00:00+00:00
[2024-10-18T23:47:56.130+0000] {processor.py:208} INFO - Processing /home/airflow/.local/lib/python3.12/site-packages/airflow/example_dags/example_inlet_event_extra.py took 0.325 seconds
[2024-10-18T23:48:30.756+0000] {processor.py:186} INFO - Started process (PID=1931) to work on /home/airflow/.local/lib/python3.12/site-packages/airflow/example_dags/example_inlet_event_extra.py
[2024-10-18T23:48:30.758+0000] {processor.py:914} INFO - Processing file /home/airflow/.local/lib/python3.12/site-packages/airflow/example_dags/example_inlet_event_extra.py for tasks to queue
[2024-10-18T23:48:30.764+0000] {logging_mixin.py:190} INFO - [2024-10-18T23:48:30.763+0000] {dagbag.py:588} INFO - Filling up the DagBag from /home/airflow/.local/lib/python3.12/site-packages/airflow/example_dags/example_inlet_event_extra.py
[2024-10-18T23:48:31.099+0000] {processor.py:925} INFO - DAG(s) 'read_dataset_event_from_classic', 'read_dataset_event' retrieved from /home/airflow/.local/lib/python3.12/site-packages/airflow/example_dags/example_inlet_event_extra.py
[2024-10-18T23:48:31.648+0000] {logging_mixin.py:190} INFO - [2024-10-18T23:48:31.648+0000] {dag.py:3239} INFO - Sync 2 DAGs
[2024-10-18T23:48:31.692+0000] {logging_mixin.py:190} INFO - [2024-10-18T23:48:31.691+0000] {dag.py:4180} INFO - Setting next_dagrun for read_dataset_event to 2024-10-17 00:00:00+00:00, run_after=2024-10-18 00:00:00+00:00
[2024-10-18T23:48:31.702+0000] {logging_mixin.py:190} INFO - [2024-10-18T23:48:31.701+0000] {dag.py:4180} INFO - Setting next_dagrun for read_dataset_event_from_classic to 2024-10-17 00:00:00+00:00, run_after=2024-10-18 00:00:00+00:00
[2024-10-18T23:48:31.730+0000] {processor.py:208} INFO - Processing /home/airflow/.local/lib/python3.12/site-packages/airflow/example_dags/example_inlet_event_extra.py took 0.989 seconds
[2024-10-18T23:49:01.932+0000] {processor.py:186} INFO - Started process (PID=1995) to work on /home/airflow/.local/lib/python3.12/site-packages/airflow/example_dags/example_inlet_event_extra.py
[2024-10-18T23:49:01.934+0000] {processor.py:914} INFO - Processing file /home/airflow/.local/lib/python3.12/site-packages/airflow/example_dags/example_inlet_event_extra.py for tasks to queue
[2024-10-18T23:49:01.937+0000] {logging_mixin.py:190} INFO - [2024-10-18T23:49:01.937+0000] {dagbag.py:588} INFO - Filling up the DagBag from /home/airflow/.local/lib/python3.12/site-packages/airflow/example_dags/example_inlet_event_extra.py
[2024-10-18T23:49:02.184+0000] {processor.py:925} INFO - DAG(s) 'read_dataset_event_from_classic', 'read_dataset_event' retrieved from /home/airflow/.local/lib/python3.12/site-packages/airflow/example_dags/example_inlet_event_extra.py
[2024-10-18T23:49:02.734+0000] {logging_mixin.py:190} INFO - [2024-10-18T23:49:02.734+0000] {dag.py:3239} INFO - Sync 2 DAGs
[2024-10-18T23:49:02.766+0000] {logging_mixin.py:190} INFO - [2024-10-18T23:49:02.765+0000] {dag.py:4180} INFO - Setting next_dagrun for read_dataset_event to 2024-10-17 00:00:00+00:00, run_after=2024-10-18 00:00:00+00:00
[2024-10-18T23:49:02.775+0000] {logging_mixin.py:190} INFO - [2024-10-18T23:49:02.775+0000] {dag.py:4180} INFO - Setting next_dagrun for read_dataset_event_from_classic to 2024-10-17 00:00:00+00:00, run_after=2024-10-18 00:00:00+00:00
[2024-10-18T23:49:02.802+0000] {processor.py:208} INFO - Processing /home/airflow/.local/lib/python3.12/site-packages/airflow/example_dags/example_inlet_event_extra.py took 0.878 seconds
[2024-10-18T23:49:33.304+0000] {processor.py:186} INFO - Started process (PID=2058) to work on /home/airflow/.local/lib/python3.12/site-packages/airflow/example_dags/example_inlet_event_extra.py
[2024-10-18T23:49:33.306+0000] {processor.py:914} INFO - Processing file /home/airflow/.local/lib/python3.12/site-packages/airflow/example_dags/example_inlet_event_extra.py for tasks to queue
[2024-10-18T23:49:33.308+0000] {logging_mixin.py:190} INFO - [2024-10-18T23:49:33.308+0000] {dagbag.py:588} INFO - Filling up the DagBag from /home/airflow/.local/lib/python3.12/site-packages/airflow/example_dags/example_inlet_event_extra.py
[2024-10-18T23:49:33.459+0000] {processor.py:925} INFO - DAG(s) 'read_dataset_event_from_classic', 'read_dataset_event' retrieved from /home/airflow/.local/lib/python3.12/site-packages/airflow/example_dags/example_inlet_event_extra.py
[2024-10-18T23:49:33.485+0000] {logging_mixin.py:190} INFO - [2024-10-18T23:49:33.485+0000] {dag.py:3239} INFO - Sync 2 DAGs
[2024-10-18T23:49:33.949+0000] {logging_mixin.py:190} INFO - [2024-10-18T23:49:33.949+0000] {dag.py:4180} INFO - Setting next_dagrun for read_dataset_event to 2024-10-17 00:00:00+00:00, run_after=2024-10-18 00:00:00+00:00
[2024-10-18T23:49:33.954+0000] {logging_mixin.py:190} INFO - [2024-10-18T23:49:33.954+0000] {dag.py:4180} INFO - Setting next_dagrun for read_dataset_event_from_classic to 2024-10-17 00:00:00+00:00, run_after=2024-10-18 00:00:00+00:00
[2024-10-18T23:49:33.988+0000] {processor.py:208} INFO - Processing /home/airflow/.local/lib/python3.12/site-packages/airflow/example_dags/example_inlet_event_extra.py took 0.691 seconds
[2024-10-18T23:50:04.338+0000] {processor.py:186} INFO - Started process (PID=2124) to work on /home/airflow/.local/lib/python3.12/site-packages/airflow/example_dags/example_inlet_event_extra.py
[2024-10-18T23:50:04.339+0000] {processor.py:914} INFO - Processing file /home/airflow/.local/lib/python3.12/site-packages/airflow/example_dags/example_inlet_event_extra.py for tasks to queue
[2024-10-18T23:50:04.342+0000] {logging_mixin.py:190} INFO - [2024-10-18T23:50:04.342+0000] {dagbag.py:588} INFO - Filling up the DagBag from /home/airflow/.local/lib/python3.12/site-packages/airflow/example_dags/example_inlet_event_extra.py
[2024-10-18T23:50:04.699+0000] {processor.py:925} INFO - DAG(s) 'read_dataset_event_from_classic', 'read_dataset_event' retrieved from /home/airflow/.local/lib/python3.12/site-packages/airflow/example_dags/example_inlet_event_extra.py
[2024-10-18T23:50:04.718+0000] {logging_mixin.py:190} INFO - [2024-10-18T23:50:04.717+0000] {dag.py:3239} INFO - Sync 2 DAGs
[2024-10-18T23:50:04.739+0000] {logging_mixin.py:190} INFO - [2024-10-18T23:50:04.739+0000] {dag.py:4180} INFO - Setting next_dagrun for read_dataset_event to 2024-10-17 00:00:00+00:00, run_after=2024-10-18 00:00:00+00:00
[2024-10-18T23:50:04.743+0000] {logging_mixin.py:190} INFO - [2024-10-18T23:50:04.743+0000] {dag.py:4180} INFO - Setting next_dagrun for read_dataset_event_from_classic to 2024-10-17 00:00:00+00:00, run_after=2024-10-18 00:00:00+00:00
[2024-10-18T23:50:04.769+0000] {processor.py:208} INFO - Processing /home/airflow/.local/lib/python3.12/site-packages/airflow/example_dags/example_inlet_event_extra.py took 0.438 seconds
[2024-10-18T23:50:35.774+0000] {processor.py:186} INFO - Started process (PID=2185) to work on /home/airflow/.local/lib/python3.12/site-packages/airflow/example_dags/example_inlet_event_extra.py
[2024-10-18T23:50:35.777+0000] {processor.py:914} INFO - Processing file /home/airflow/.local/lib/python3.12/site-packages/airflow/example_dags/example_inlet_event_extra.py for tasks to queue
[2024-10-18T23:50:35.783+0000] {logging_mixin.py:190} INFO - [2024-10-18T23:50:35.782+0000] {dagbag.py:588} INFO - Filling up the DagBag from /home/airflow/.local/lib/python3.12/site-packages/airflow/example_dags/example_inlet_event_extra.py
[2024-10-18T23:50:36.388+0000] {processor.py:925} INFO - DAG(s) 'read_dataset_event', 'read_dataset_event_from_classic' retrieved from /home/airflow/.local/lib/python3.12/site-packages/airflow/example_dags/example_inlet_event_extra.py
[2024-10-18T23:50:36.423+0000] {logging_mixin.py:190} INFO - [2024-10-18T23:50:36.423+0000] {dag.py:3239} INFO - Sync 2 DAGs
[2024-10-18T23:50:36.480+0000] {logging_mixin.py:190} INFO - [2024-10-18T23:50:36.480+0000] {dag.py:4180} INFO - Setting next_dagrun for read_dataset_event to 2024-10-17 00:00:00+00:00, run_after=2024-10-18 00:00:00+00:00
[2024-10-18T23:50:36.489+0000] {logging_mixin.py:190} INFO - [2024-10-18T23:50:36.488+0000] {dag.py:4180} INFO - Setting next_dagrun for read_dataset_event_from_classic to 2024-10-17 00:00:00+00:00, run_after=2024-10-18 00:00:00+00:00
[2024-10-18T23:50:36.517+0000] {processor.py:208} INFO - Processing /home/airflow/.local/lib/python3.12/site-packages/airflow/example_dags/example_inlet_event_extra.py took 0.753 seconds
[2024-10-18T23:51:06.811+0000] {processor.py:186} INFO - Started process (PID=2250) to work on /home/airflow/.local/lib/python3.12/site-packages/airflow/example_dags/example_inlet_event_extra.py
[2024-10-18T23:51:06.813+0000] {processor.py:914} INFO - Processing file /home/airflow/.local/lib/python3.12/site-packages/airflow/example_dags/example_inlet_event_extra.py for tasks to queue
[2024-10-18T23:51:06.817+0000] {logging_mixin.py:190} INFO - [2024-10-18T23:51:06.817+0000] {dagbag.py:588} INFO - Filling up the DagBag from /home/airflow/.local/lib/python3.12/site-packages/airflow/example_dags/example_inlet_event_extra.py
[2024-10-18T23:51:07.226+0000] {processor.py:925} INFO - DAG(s) 'read_dataset_event', 'read_dataset_event_from_classic' retrieved from /home/airflow/.local/lib/python3.12/site-packages/airflow/example_dags/example_inlet_event_extra.py
[2024-10-18T23:51:07.250+0000] {logging_mixin.py:190} INFO - [2024-10-18T23:51:07.250+0000] {dag.py:3239} INFO - Sync 2 DAGs
[2024-10-18T23:51:07.279+0000] {logging_mixin.py:190} INFO - [2024-10-18T23:51:07.278+0000] {dag.py:4180} INFO - Setting next_dagrun for read_dataset_event to 2024-10-17 00:00:00+00:00, run_after=2024-10-18 00:00:00+00:00
[2024-10-18T23:51:07.286+0000] {logging_mixin.py:190} INFO - [2024-10-18T23:51:07.286+0000] {dag.py:4180} INFO - Setting next_dagrun for read_dataset_event_from_classic to 2024-10-17 00:00:00+00:00, run_after=2024-10-18 00:00:00+00:00
[2024-10-18T23:51:07.307+0000] {processor.py:208} INFO - Processing /home/airflow/.local/lib/python3.12/site-packages/airflow/example_dags/example_inlet_event_extra.py took 0.502 seconds
[2024-10-18T23:51:37.508+0000] {processor.py:186} INFO - Started process (PID=2313) to work on /home/airflow/.local/lib/python3.12/site-packages/airflow/example_dags/example_inlet_event_extra.py
[2024-10-18T23:51:37.510+0000] {processor.py:914} INFO - Processing file /home/airflow/.local/lib/python3.12/site-packages/airflow/example_dags/example_inlet_event_extra.py for tasks to queue
[2024-10-18T23:51:37.514+0000] {logging_mixin.py:190} INFO - [2024-10-18T23:51:37.514+0000] {dagbag.py:588} INFO - Filling up the DagBag from /home/airflow/.local/lib/python3.12/site-packages/airflow/example_dags/example_inlet_event_extra.py
[2024-10-18T23:51:37.962+0000] {processor.py:925} INFO - DAG(s) 'read_dataset_event', 'read_dataset_event_from_classic' retrieved from /home/airflow/.local/lib/python3.12/site-packages/airflow/example_dags/example_inlet_event_extra.py
[2024-10-18T23:51:37.995+0000] {logging_mixin.py:190} INFO - [2024-10-18T23:51:37.995+0000] {dag.py:3239} INFO - Sync 2 DAGs
[2024-10-18T23:51:38.033+0000] {logging_mixin.py:190} INFO - [2024-10-18T23:51:38.033+0000] {dag.py:4180} INFO - Setting next_dagrun for read_dataset_event to 2024-10-17 00:00:00+00:00, run_after=2024-10-18 00:00:00+00:00
[2024-10-18T23:51:38.041+0000] {logging_mixin.py:190} INFO - [2024-10-18T23:51:38.041+0000] {dag.py:4180} INFO - Setting next_dagrun for read_dataset_event_from_classic to 2024-10-17 00:00:00+00:00, run_after=2024-10-18 00:00:00+00:00
[2024-10-18T23:51:38.069+0000] {processor.py:208} INFO - Processing /home/airflow/.local/lib/python3.12/site-packages/airflow/example_dags/example_inlet_event_extra.py took 0.569 seconds
[2024-10-18T23:52:11.513+0000] {processor.py:186} INFO - Started process (PID=2375) to work on /home/airflow/.local/lib/python3.12/site-packages/airflow/example_dags/example_inlet_event_extra.py
[2024-10-18T23:52:11.516+0000] {processor.py:914} INFO - Processing file /home/airflow/.local/lib/python3.12/site-packages/airflow/example_dags/example_inlet_event_extra.py for tasks to queue
[2024-10-18T23:52:11.523+0000] {logging_mixin.py:190} INFO - [2024-10-18T23:52:11.521+0000] {dagbag.py:588} INFO - Filling up the DagBag from /home/airflow/.local/lib/python3.12/site-packages/airflow/example_dags/example_inlet_event_extra.py
[2024-10-18T23:52:12.863+0000] {processor.py:925} INFO - DAG(s) 'read_dataset_event_from_classic', 'read_dataset_event' retrieved from /home/airflow/.local/lib/python3.12/site-packages/airflow/example_dags/example_inlet_event_extra.py
[2024-10-18T23:52:12.904+0000] {logging_mixin.py:190} INFO - [2024-10-18T23:52:12.904+0000] {dag.py:3239} INFO - Sync 2 DAGs
[2024-10-18T23:52:12.948+0000] {logging_mixin.py:190} INFO - [2024-10-18T23:52:12.948+0000] {dag.py:4180} INFO - Setting next_dagrun for read_dataset_event to 2024-10-17 00:00:00+00:00, run_after=2024-10-18 00:00:00+00:00
[2024-10-18T23:52:12.957+0000] {logging_mixin.py:190} INFO - [2024-10-18T23:52:12.957+0000] {dag.py:4180} INFO - Setting next_dagrun for read_dataset_event_from_classic to 2024-10-17 00:00:00+00:00, run_after=2024-10-18 00:00:00+00:00
[2024-10-18T23:52:12.988+0000] {processor.py:208} INFO - Processing /home/airflow/.local/lib/python3.12/site-packages/airflow/example_dags/example_inlet_event_extra.py took 1.491 seconds
[2024-10-18T23:52:43.273+0000] {processor.py:186} INFO - Started process (PID=2443) to work on /home/airflow/.local/lib/python3.12/site-packages/airflow/example_dags/example_inlet_event_extra.py
[2024-10-18T23:52:43.274+0000] {processor.py:914} INFO - Processing file /home/airflow/.local/lib/python3.12/site-packages/airflow/example_dags/example_inlet_event_extra.py for tasks to queue
[2024-10-18T23:52:43.278+0000] {logging_mixin.py:190} INFO - [2024-10-18T23:52:43.278+0000] {dagbag.py:588} INFO - Filling up the DagBag from /home/airflow/.local/lib/python3.12/site-packages/airflow/example_dags/example_inlet_event_extra.py
[2024-10-18T23:52:43.845+0000] {processor.py:925} INFO - DAG(s) 'read_dataset_event_from_classic', 'read_dataset_event' retrieved from /home/airflow/.local/lib/python3.12/site-packages/airflow/example_dags/example_inlet_event_extra.py
[2024-10-18T23:52:43.879+0000] {logging_mixin.py:190} INFO - [2024-10-18T23:52:43.879+0000] {dag.py:3239} INFO - Sync 2 DAGs
[2024-10-18T23:52:43.916+0000] {logging_mixin.py:190} INFO - [2024-10-18T23:52:43.915+0000] {dag.py:4180} INFO - Setting next_dagrun for read_dataset_event to 2024-10-17 00:00:00+00:00, run_after=2024-10-18 00:00:00+00:00
[2024-10-18T23:52:43.923+0000] {logging_mixin.py:190} INFO - [2024-10-18T23:52:43.922+0000] {dag.py:4180} INFO - Setting next_dagrun for read_dataset_event_from_classic to 2024-10-17 00:00:00+00:00, run_after=2024-10-18 00:00:00+00:00
[2024-10-18T23:52:43.946+0000] {processor.py:208} INFO - Processing /home/airflow/.local/lib/python3.12/site-packages/airflow/example_dags/example_inlet_event_extra.py took 0.680 seconds
[2024-10-18T23:53:16.456+0000] {processor.py:186} INFO - Started process (PID=2508) to work on /home/airflow/.local/lib/python3.12/site-packages/airflow/example_dags/example_inlet_event_extra.py
[2024-10-18T23:53:16.484+0000] {processor.py:914} INFO - Processing file /home/airflow/.local/lib/python3.12/site-packages/airflow/example_dags/example_inlet_event_extra.py for tasks to queue
[2024-10-18T23:53:16.505+0000] {logging_mixin.py:190} INFO - [2024-10-18T23:53:16.504+0000] {dagbag.py:588} INFO - Filling up the DagBag from /home/airflow/.local/lib/python3.12/site-packages/airflow/example_dags/example_inlet_event_extra.py
[2024-10-18T23:53:17.975+0000] {processor.py:925} INFO - DAG(s) 'read_dataset_event_from_classic', 'read_dataset_event' retrieved from /home/airflow/.local/lib/python3.12/site-packages/airflow/example_dags/example_inlet_event_extra.py
[2024-10-18T23:53:18.039+0000] {logging_mixin.py:190} INFO - [2024-10-18T23:53:18.038+0000] {dag.py:3239} INFO - Sync 2 DAGs
[2024-10-18T23:53:18.156+0000] {logging_mixin.py:190} INFO - [2024-10-18T23:53:18.156+0000] {dag.py:4180} INFO - Setting next_dagrun for read_dataset_event to 2024-10-17 00:00:00+00:00, run_after=2024-10-18 00:00:00+00:00
[2024-10-18T23:53:18.182+0000] {logging_mixin.py:190} INFO - [2024-10-18T23:53:18.181+0000] {dag.py:4180} INFO - Setting next_dagrun for read_dataset_event_from_classic to 2024-10-17 00:00:00+00:00, run_after=2024-10-18 00:00:00+00:00
[2024-10-18T23:53:18.245+0000] {processor.py:208} INFO - Processing /home/airflow/.local/lib/python3.12/site-packages/airflow/example_dags/example_inlet_event_extra.py took 1.831 seconds
[2024-10-18T23:53:48.735+0000] {processor.py:186} INFO - Started process (PID=2570) to work on /home/airflow/.local/lib/python3.12/site-packages/airflow/example_dags/example_inlet_event_extra.py
[2024-10-18T23:53:48.736+0000] {processor.py:914} INFO - Processing file /home/airflow/.local/lib/python3.12/site-packages/airflow/example_dags/example_inlet_event_extra.py for tasks to queue
[2024-10-18T23:53:48.738+0000] {logging_mixin.py:190} INFO - [2024-10-18T23:53:48.738+0000] {dagbag.py:588} INFO - Filling up the DagBag from /home/airflow/.local/lib/python3.12/site-packages/airflow/example_dags/example_inlet_event_extra.py
[2024-10-18T23:53:49.091+0000] {processor.py:925} INFO - DAG(s) 'read_dataset_event_from_classic', 'read_dataset_event' retrieved from /home/airflow/.local/lib/python3.12/site-packages/airflow/example_dags/example_inlet_event_extra.py
[2024-10-18T23:53:49.123+0000] {logging_mixin.py:190} INFO - [2024-10-18T23:53:49.123+0000] {dag.py:3239} INFO - Sync 2 DAGs
[2024-10-18T23:53:49.163+0000] {logging_mixin.py:190} INFO - [2024-10-18T23:53:49.163+0000] {dag.py:4180} INFO - Setting next_dagrun for read_dataset_event to 2024-10-17 00:00:00+00:00, run_after=2024-10-18 00:00:00+00:00
[2024-10-18T23:53:49.171+0000] {logging_mixin.py:190} INFO - [2024-10-18T23:53:49.170+0000] {dag.py:4180} INFO - Setting next_dagrun for read_dataset_event_from_classic to 2024-10-17 00:00:00+00:00, run_after=2024-10-18 00:00:00+00:00
[2024-10-18T23:53:49.195+0000] {processor.py:208} INFO - Processing /home/airflow/.local/lib/python3.12/site-packages/airflow/example_dags/example_inlet_event_extra.py took 0.466 seconds
[2024-10-18T23:54:19.410+0000] {processor.py:186} INFO - Started process (PID=2632) to work on /home/airflow/.local/lib/python3.12/site-packages/airflow/example_dags/example_inlet_event_extra.py
[2024-10-18T23:54:19.413+0000] {processor.py:914} INFO - Processing file /home/airflow/.local/lib/python3.12/site-packages/airflow/example_dags/example_inlet_event_extra.py for tasks to queue
[2024-10-18T23:54:19.418+0000] {logging_mixin.py:190} INFO - [2024-10-18T23:54:19.417+0000] {dagbag.py:588} INFO - Filling up the DagBag from /home/airflow/.local/lib/python3.12/site-packages/airflow/example_dags/example_inlet_event_extra.py
[2024-10-18T23:54:20.046+0000] {processor.py:925} INFO - DAG(s) 'read_dataset_event', 'read_dataset_event_from_classic' retrieved from /home/airflow/.local/lib/python3.12/site-packages/airflow/example_dags/example_inlet_event_extra.py
[2024-10-18T23:54:20.115+0000] {logging_mixin.py:190} INFO - [2024-10-18T23:54:20.114+0000] {dag.py:3239} INFO - Sync 2 DAGs
[2024-10-18T23:54:20.209+0000] {logging_mixin.py:190} INFO - [2024-10-18T23:54:20.208+0000] {dag.py:4180} INFO - Setting next_dagrun for read_dataset_event to 2024-10-17 00:00:00+00:00, run_after=2024-10-18 00:00:00+00:00
[2024-10-18T23:54:20.224+0000] {logging_mixin.py:190} INFO - [2024-10-18T23:54:20.224+0000] {dag.py:4180} INFO - Setting next_dagrun for read_dataset_event_from_classic to 2024-10-17 00:00:00+00:00, run_after=2024-10-18 00:00:00+00:00
[2024-10-18T23:54:20.282+0000] {processor.py:208} INFO - Processing /home/airflow/.local/lib/python3.12/site-packages/airflow/example_dags/example_inlet_event_extra.py took 0.885 seconds
[2024-10-18T23:54:50.494+0000] {processor.py:186} INFO - Started process (PID=2695) to work on /home/airflow/.local/lib/python3.12/site-packages/airflow/example_dags/example_inlet_event_extra.py
[2024-10-18T23:54:50.496+0000] {processor.py:914} INFO - Processing file /home/airflow/.local/lib/python3.12/site-packages/airflow/example_dags/example_inlet_event_extra.py for tasks to queue
[2024-10-18T23:54:50.501+0000] {logging_mixin.py:190} INFO - [2024-10-18T23:54:50.500+0000] {dagbag.py:588} INFO - Filling up the DagBag from /home/airflow/.local/lib/python3.12/site-packages/airflow/example_dags/example_inlet_event_extra.py
[2024-10-18T23:54:51.106+0000] {processor.py:925} INFO - DAG(s) 'read_dataset_event', 'read_dataset_event_from_classic' retrieved from /home/airflow/.local/lib/python3.12/site-packages/airflow/example_dags/example_inlet_event_extra.py
[2024-10-18T23:54:51.139+0000] {logging_mixin.py:190} INFO - [2024-10-18T23:54:51.139+0000] {dag.py:3239} INFO - Sync 2 DAGs
[2024-10-18T23:54:51.177+0000] {logging_mixin.py:190} INFO - [2024-10-18T23:54:51.177+0000] {dag.py:4180} INFO - Setting next_dagrun for read_dataset_event to 2024-10-17 00:00:00+00:00, run_after=2024-10-18 00:00:00+00:00
[2024-10-18T23:54:51.187+0000] {logging_mixin.py:190} INFO - [2024-10-18T23:54:51.186+0000] {dag.py:4180} INFO - Setting next_dagrun for read_dataset_event_from_classic to 2024-10-17 00:00:00+00:00, run_after=2024-10-18 00:00:00+00:00
[2024-10-18T23:54:51.214+0000] {processor.py:208} INFO - Processing /home/airflow/.local/lib/python3.12/site-packages/airflow/example_dags/example_inlet_event_extra.py took 0.734 seconds
[2024-10-18T23:56:56.052+0000] {processor.py:186} INFO - Started process (PID=2793) to work on /home/airflow/.local/lib/python3.12/site-packages/airflow/example_dags/example_inlet_event_extra.py
[2024-10-18T23:56:56.055+0000] {processor.py:914} INFO - Processing file /home/airflow/.local/lib/python3.12/site-packages/airflow/example_dags/example_inlet_event_extra.py for tasks to queue
[2024-10-18T23:56:56.066+0000] {logging_mixin.py:190} INFO - [2024-10-18T23:56:56.065+0000] {dagbag.py:588} INFO - Filling up the DagBag from /home/airflow/.local/lib/python3.12/site-packages/airflow/example_dags/example_inlet_event_extra.py
[2024-10-18T23:56:56.853+0000] {processor.py:925} INFO - DAG(s) 'read_dataset_event', 'read_dataset_event_from_classic' retrieved from /home/airflow/.local/lib/python3.12/site-packages/airflow/example_dags/example_inlet_event_extra.py
[2024-10-18T23:56:56.895+0000] {logging_mixin.py:190} INFO - [2024-10-18T23:56:56.895+0000] {dag.py:3239} INFO - Sync 2 DAGs
[2024-10-18T23:56:56.947+0000] {logging_mixin.py:190} INFO - [2024-10-18T23:56:56.946+0000] {dag.py:4180} INFO - Setting next_dagrun for read_dataset_event to 2024-10-17 00:00:00+00:00, run_after=2024-10-18 00:00:00+00:00
[2024-10-18T23:56:56.962+0000] {logging_mixin.py:190} INFO - [2024-10-18T23:56:56.962+0000] {dag.py:4180} INFO - Setting next_dagrun for read_dataset_event_from_classic to 2024-10-17 00:00:00+00:00, run_after=2024-10-18 00:00:00+00:00
[2024-10-18T23:56:57.000+0000] {processor.py:208} INFO - Processing /home/airflow/.local/lib/python3.12/site-packages/airflow/example_dags/example_inlet_event_extra.py took 0.969 seconds
[2024-10-18T23:57:27.079+0000] {processor.py:186} INFO - Started process (PID=2856) to work on /home/airflow/.local/lib/python3.12/site-packages/airflow/example_dags/example_inlet_event_extra.py
[2024-10-18T23:57:27.081+0000] {processor.py:914} INFO - Processing file /home/airflow/.local/lib/python3.12/site-packages/airflow/example_dags/example_inlet_event_extra.py for tasks to queue
[2024-10-18T23:57:27.085+0000] {logging_mixin.py:190} INFO - [2024-10-18T23:57:27.084+0000] {dagbag.py:588} INFO - Filling up the DagBag from /home/airflow/.local/lib/python3.12/site-packages/airflow/example_dags/example_inlet_event_extra.py
[2024-10-18T23:57:27.726+0000] {processor.py:925} INFO - DAG(s) 'read_dataset_event_from_classic', 'read_dataset_event' retrieved from /home/airflow/.local/lib/python3.12/site-packages/airflow/example_dags/example_inlet_event_extra.py
[2024-10-18T23:57:27.869+0000] {logging_mixin.py:190} INFO - [2024-10-18T23:57:27.868+0000] {dag.py:3239} INFO - Sync 2 DAGs
[2024-10-18T23:57:27.902+0000] {logging_mixin.py:190} INFO - [2024-10-18T23:57:27.902+0000] {dag.py:4180} INFO - Setting next_dagrun for read_dataset_event to 2024-10-17 00:00:00+00:00, run_after=2024-10-18 00:00:00+00:00
[2024-10-18T23:57:27.909+0000] {logging_mixin.py:190} INFO - [2024-10-18T23:57:27.909+0000] {dag.py:4180} INFO - Setting next_dagrun for read_dataset_event_from_classic to 2024-10-17 00:00:00+00:00, run_after=2024-10-18 00:00:00+00:00
[2024-10-18T23:57:27.932+0000] {processor.py:208} INFO - Processing /home/airflow/.local/lib/python3.12/site-packages/airflow/example_dags/example_inlet_event_extra.py took 0.862 seconds
[2024-10-18T23:57:58.108+0000] {processor.py:186} INFO - Started process (PID=2919) to work on /home/airflow/.local/lib/python3.12/site-packages/airflow/example_dags/example_inlet_event_extra.py
[2024-10-18T23:57:58.110+0000] {processor.py:914} INFO - Processing file /home/airflow/.local/lib/python3.12/site-packages/airflow/example_dags/example_inlet_event_extra.py for tasks to queue
[2024-10-18T23:57:58.112+0000] {logging_mixin.py:190} INFO - [2024-10-18T23:57:58.112+0000] {dagbag.py:588} INFO - Filling up the DagBag from /home/airflow/.local/lib/python3.12/site-packages/airflow/example_dags/example_inlet_event_extra.py
[2024-10-18T23:57:58.405+0000] {processor.py:925} INFO - DAG(s) 'read_dataset_event_from_classic', 'read_dataset_event' retrieved from /home/airflow/.local/lib/python3.12/site-packages/airflow/example_dags/example_inlet_event_extra.py
[2024-10-18T23:57:58.424+0000] {logging_mixin.py:190} INFO - [2024-10-18T23:57:58.424+0000] {dag.py:3239} INFO - Sync 2 DAGs
[2024-10-18T23:57:58.444+0000] {logging_mixin.py:190} INFO - [2024-10-18T23:57:58.443+0000] {dag.py:4180} INFO - Setting next_dagrun for read_dataset_event to 2024-10-17 00:00:00+00:00, run_after=2024-10-18 00:00:00+00:00
[2024-10-18T23:57:58.450+0000] {logging_mixin.py:190} INFO - [2024-10-18T23:57:58.449+0000] {dag.py:4180} INFO - Setting next_dagrun for read_dataset_event_from_classic to 2024-10-17 00:00:00+00:00, run_after=2024-10-18 00:00:00+00:00
[2024-10-18T23:57:58.467+0000] {processor.py:208} INFO - Processing /home/airflow/.local/lib/python3.12/site-packages/airflow/example_dags/example_inlet_event_extra.py took 0.364 seconds
[2024-10-18T23:58:28.737+0000] {processor.py:186} INFO - Started process (PID=2980) to work on /home/airflow/.local/lib/python3.12/site-packages/airflow/example_dags/example_inlet_event_extra.py
[2024-10-18T23:58:28.738+0000] {processor.py:914} INFO - Processing file /home/airflow/.local/lib/python3.12/site-packages/airflow/example_dags/example_inlet_event_extra.py for tasks to queue
[2024-10-18T23:58:28.740+0000] {logging_mixin.py:190} INFO - [2024-10-18T23:58:28.740+0000] {dagbag.py:588} INFO - Filling up the DagBag from /home/airflow/.local/lib/python3.12/site-packages/airflow/example_dags/example_inlet_event_extra.py
[2024-10-18T23:58:29.087+0000] {processor.py:925} INFO - DAG(s) 'read_dataset_event_from_classic', 'read_dataset_event' retrieved from /home/airflow/.local/lib/python3.12/site-packages/airflow/example_dags/example_inlet_event_extra.py
[2024-10-18T23:58:29.120+0000] {logging_mixin.py:190} INFO - [2024-10-18T23:58:29.120+0000] {dag.py:3239} INFO - Sync 2 DAGs
[2024-10-18T23:58:29.142+0000] {logging_mixin.py:190} INFO - [2024-10-18T23:58:29.142+0000] {dag.py:4180} INFO - Setting next_dagrun for read_dataset_event to 2024-10-17 00:00:00+00:00, run_after=2024-10-18 00:00:00+00:00
[2024-10-18T23:58:29.148+0000] {logging_mixin.py:190} INFO - [2024-10-18T23:58:29.147+0000] {dag.py:4180} INFO - Setting next_dagrun for read_dataset_event_from_classic to 2024-10-17 00:00:00+00:00, run_after=2024-10-18 00:00:00+00:00
[2024-10-18T23:58:29.168+0000] {processor.py:208} INFO - Processing /home/airflow/.local/lib/python3.12/site-packages/airflow/example_dags/example_inlet_event_extra.py took 0.436 seconds
[2024-10-18T23:58:59.417+0000] {processor.py:186} INFO - Started process (PID=3042) to work on /home/airflow/.local/lib/python3.12/site-packages/airflow/example_dags/example_inlet_event_extra.py
[2024-10-18T23:58:59.418+0000] {processor.py:914} INFO - Processing file /home/airflow/.local/lib/python3.12/site-packages/airflow/example_dags/example_inlet_event_extra.py for tasks to queue
[2024-10-18T23:58:59.422+0000] {logging_mixin.py:190} INFO - [2024-10-18T23:58:59.422+0000] {dagbag.py:588} INFO - Filling up the DagBag from /home/airflow/.local/lib/python3.12/site-packages/airflow/example_dags/example_inlet_event_extra.py
[2024-10-18T23:58:59.940+0000] {processor.py:925} INFO - DAG(s) 'read_dataset_event', 'read_dataset_event_from_classic' retrieved from /home/airflow/.local/lib/python3.12/site-packages/airflow/example_dags/example_inlet_event_extra.py
[2024-10-18T23:58:59.997+0000] {logging_mixin.py:190} INFO - [2024-10-18T23:58:59.996+0000] {dag.py:3239} INFO - Sync 2 DAGs
[2024-10-18T23:59:00.039+0000] {logging_mixin.py:190} INFO - [2024-10-18T23:59:00.038+0000] {dag.py:4180} INFO - Setting next_dagrun for read_dataset_event to 2024-10-17 00:00:00+00:00, run_after=2024-10-18 00:00:00+00:00
[2024-10-18T23:59:00.046+0000] {logging_mixin.py:190} INFO - [2024-10-18T23:59:00.046+0000] {dag.py:4180} INFO - Setting next_dagrun for read_dataset_event_from_classic to 2024-10-17 00:00:00+00:00, run_after=2024-10-18 00:00:00+00:00
[2024-10-18T23:59:00.079+0000] {processor.py:208} INFO - Processing /home/airflow/.local/lib/python3.12/site-packages/airflow/example_dags/example_inlet_event_extra.py took 0.671 seconds
[2024-10-18T23:59:30.270+0000] {processor.py:186} INFO - Started process (PID=3103) to work on /home/airflow/.local/lib/python3.12/site-packages/airflow/example_dags/example_inlet_event_extra.py
[2024-10-18T23:59:30.272+0000] {processor.py:914} INFO - Processing file /home/airflow/.local/lib/python3.12/site-packages/airflow/example_dags/example_inlet_event_extra.py for tasks to queue
[2024-10-18T23:59:30.275+0000] {logging_mixin.py:190} INFO - [2024-10-18T23:59:30.274+0000] {dagbag.py:588} INFO - Filling up the DagBag from /home/airflow/.local/lib/python3.12/site-packages/airflow/example_dags/example_inlet_event_extra.py
[2024-10-18T23:59:30.683+0000] {processor.py:925} INFO - DAG(s) 'read_dataset_event', 'read_dataset_event_from_classic' retrieved from /home/airflow/.local/lib/python3.12/site-packages/airflow/example_dags/example_inlet_event_extra.py
[2024-10-18T23:59:30.705+0000] {logging_mixin.py:190} INFO - [2024-10-18T23:59:30.704+0000] {dag.py:3239} INFO - Sync 2 DAGs
[2024-10-18T23:59:30.724+0000] {logging_mixin.py:190} INFO - [2024-10-18T23:59:30.724+0000] {dag.py:4180} INFO - Setting next_dagrun for read_dataset_event to 2024-10-17 00:00:00+00:00, run_after=2024-10-18 00:00:00+00:00
[2024-10-18T23:59:30.729+0000] {logging_mixin.py:190} INFO - [2024-10-18T23:59:30.729+0000] {dag.py:4180} INFO - Setting next_dagrun for read_dataset_event_from_classic to 2024-10-17 00:00:00+00:00, run_after=2024-10-18 00:00:00+00:00
[2024-10-18T23:59:30.746+0000] {processor.py:208} INFO - Processing /home/airflow/.local/lib/python3.12/site-packages/airflow/example_dags/example_inlet_event_extra.py took 0.482 seconds
