[2024-10-18T23:33:30.842+0000] {processor.py:186} INFO - Started process (PID=129) to work on /home/airflow/.local/lib/python3.12/site-packages/airflow/example_dags/example_sla_dag.py
[2024-10-18T23:33:30.853+0000] {processor.py:914} INFO - Processing file /home/airflow/.local/lib/python3.12/site-packages/airflow/example_dags/example_sla_dag.py for tasks to queue
[2024-10-18T23:33:30.870+0000] {logging_mixin.py:190} INFO - [2024-10-18T23:33:30.864+0000] {dagbag.py:588} INFO - Filling up the DagBag from /home/airflow/.local/lib/python3.12/site-packages/airflow/example_dags/example_sla_dag.py
[2024-10-18T23:33:30.956+0000] {processor.py:925} INFO - DAG(s) 'example_sla_dag' retrieved from /home/airflow/.local/lib/python3.12/site-packages/airflow/example_dags/example_sla_dag.py
[2024-10-18T23:33:31.599+0000] {logging_mixin.py:190} INFO - [2024-10-18T23:33:31.598+0000] {override.py:1900} INFO - Created Permission View: can read on DAG:example_sla_dag
[2024-10-18T23:33:31.621+0000] {logging_mixin.py:190} INFO - [2024-10-18T23:33:31.621+0000] {override.py:1900} INFO - Created Permission View: can edit on DAG:example_sla_dag
[2024-10-18T23:33:31.638+0000] {logging_mixin.py:190} INFO - [2024-10-18T23:33:31.637+0000] {override.py:1900} INFO - Created Permission View: can delete on DAG:example_sla_dag
[2024-10-18T23:33:31.655+0000] {logging_mixin.py:190} INFO - [2024-10-18T23:33:31.654+0000] {override.py:1900} INFO - Created Permission View: can read on DAG Run:example_sla_dag
[2024-10-18T23:33:31.670+0000] {logging_mixin.py:190} INFO - [2024-10-18T23:33:31.669+0000] {override.py:1900} INFO - Created Permission View: can create on DAG Run:example_sla_dag
[2024-10-18T23:33:31.685+0000] {logging_mixin.py:190} INFO - [2024-10-18T23:33:31.684+0000] {override.py:1900} INFO - Created Permission View: menu access on DAG Run:example_sla_dag
[2024-10-18T23:33:31.703+0000] {logging_mixin.py:190} INFO - [2024-10-18T23:33:31.702+0000] {override.py:1900} INFO - Created Permission View: can delete on DAG Run:example_sla_dag
[2024-10-18T23:33:31.706+0000] {logging_mixin.py:190} INFO - [2024-10-18T23:33:31.706+0000] {dag.py:3239} INFO - Sync 1 DAGs
[2024-10-18T23:33:31.739+0000] {logging_mixin.py:190} INFO - [2024-10-18T23:33:31.738+0000] {dag.py:3262} INFO - Creating ORM DAG for example_sla_dag
[2024-10-18T23:33:31.779+0000] {logging_mixin.py:190} INFO - [2024-10-18T23:33:31.779+0000] {dag.py:4180} INFO - Setting next_dagrun for example_sla_dag to 2024-10-18 23:30:00+00:00, run_after=2024-10-18 23:32:00+00:00
[2024-10-18T23:33:31.813+0000] {processor.py:208} INFO - Processing /home/airflow/.local/lib/python3.12/site-packages/airflow/example_dags/example_sla_dag.py took 1.009 seconds
[2024-10-18T23:34:02.186+0000] {processor.py:186} INFO - Started process (PID=191) to work on /home/airflow/.local/lib/python3.12/site-packages/airflow/example_dags/example_sla_dag.py
[2024-10-18T23:34:02.189+0000] {processor.py:914} INFO - Processing file /home/airflow/.local/lib/python3.12/site-packages/airflow/example_dags/example_sla_dag.py for tasks to queue
[2024-10-18T23:34:02.192+0000] {logging_mixin.py:190} INFO - [2024-10-18T23:34:02.192+0000] {dagbag.py:588} INFO - Filling up the DagBag from /home/airflow/.local/lib/python3.12/site-packages/airflow/example_dags/example_sla_dag.py
[2024-10-18T23:34:02.210+0000] {processor.py:925} INFO - DAG(s) 'example_sla_dag' retrieved from /home/airflow/.local/lib/python3.12/site-packages/airflow/example_dags/example_sla_dag.py
[2024-10-18T23:34:02.274+0000] {logging_mixin.py:190} INFO - [2024-10-18T23:34:02.274+0000] {dag.py:3239} INFO - Sync 1 DAGs
[2024-10-18T23:34:02.324+0000] {logging_mixin.py:190} INFO - [2024-10-18T23:34:02.324+0000] {dag.py:4180} INFO - Setting next_dagrun for example_sla_dag to 2024-10-18 23:32:00+00:00, run_after=2024-10-18 23:34:00+00:00
[2024-10-18T23:34:02.448+0000] {processor.py:208} INFO - Processing /home/airflow/.local/lib/python3.12/site-packages/airflow/example_dags/example_sla_dag.py took 0.270 seconds
[2024-10-18T23:34:32.698+0000] {processor.py:186} INFO - Started process (PID=253) to work on /home/airflow/.local/lib/python3.12/site-packages/airflow/example_dags/example_sla_dag.py
[2024-10-18T23:34:32.700+0000] {processor.py:914} INFO - Processing file /home/airflow/.local/lib/python3.12/site-packages/airflow/example_dags/example_sla_dag.py for tasks to queue
[2024-10-18T23:34:32.702+0000] {logging_mixin.py:190} INFO - [2024-10-18T23:34:32.702+0000] {dagbag.py:588} INFO - Filling up the DagBag from /home/airflow/.local/lib/python3.12/site-packages/airflow/example_dags/example_sla_dag.py
[2024-10-18T23:34:32.711+0000] {processor.py:925} INFO - DAG(s) 'example_sla_dag' retrieved from /home/airflow/.local/lib/python3.12/site-packages/airflow/example_dags/example_sla_dag.py
[2024-10-18T23:34:32.730+0000] {logging_mixin.py:190} INFO - [2024-10-18T23:34:32.730+0000] {dag.py:3239} INFO - Sync 1 DAGs
[2024-10-18T23:34:32.752+0000] {logging_mixin.py:190} INFO - [2024-10-18T23:34:32.752+0000] {dag.py:4180} INFO - Setting next_dagrun for example_sla_dag to 2024-10-18 23:32:00+00:00, run_after=2024-10-18 23:34:00+00:00
[2024-10-18T23:34:32.778+0000] {processor.py:208} INFO - Processing /home/airflow/.local/lib/python3.12/site-packages/airflow/example_dags/example_sla_dag.py took 0.085 seconds
[2024-10-18T23:35:03.227+0000] {processor.py:186} INFO - Started process (PID=315) to work on /home/airflow/.local/lib/python3.12/site-packages/airflow/example_dags/example_sla_dag.py
[2024-10-18T23:35:03.228+0000] {processor.py:914} INFO - Processing file /home/airflow/.local/lib/python3.12/site-packages/airflow/example_dags/example_sla_dag.py for tasks to queue
[2024-10-18T23:35:03.231+0000] {logging_mixin.py:190} INFO - [2024-10-18T23:35:03.231+0000] {dagbag.py:588} INFO - Filling up the DagBag from /home/airflow/.local/lib/python3.12/site-packages/airflow/example_dags/example_sla_dag.py
[2024-10-18T23:35:03.243+0000] {processor.py:925} INFO - DAG(s) 'example_sla_dag' retrieved from /home/airflow/.local/lib/python3.12/site-packages/airflow/example_dags/example_sla_dag.py
[2024-10-18T23:35:03.268+0000] {logging_mixin.py:190} INFO - [2024-10-18T23:35:03.268+0000] {dag.py:3239} INFO - Sync 1 DAGs
[2024-10-18T23:35:03.298+0000] {logging_mixin.py:190} INFO - [2024-10-18T23:35:03.297+0000] {dag.py:4180} INFO - Setting next_dagrun for example_sla_dag to 2024-10-18 23:32:00+00:00, run_after=2024-10-18 23:34:00+00:00
[2024-10-18T23:35:03.331+0000] {processor.py:208} INFO - Processing /home/airflow/.local/lib/python3.12/site-packages/airflow/example_dags/example_sla_dag.py took 0.111 seconds
[2024-10-18T23:35:33.373+0000] {processor.py:186} INFO - Started process (PID=376) to work on /home/airflow/.local/lib/python3.12/site-packages/airflow/example_dags/example_sla_dag.py
[2024-10-18T23:35:33.374+0000] {processor.py:914} INFO - Processing file /home/airflow/.local/lib/python3.12/site-packages/airflow/example_dags/example_sla_dag.py for tasks to queue
[2024-10-18T23:35:33.377+0000] {logging_mixin.py:190} INFO - [2024-10-18T23:35:33.377+0000] {dagbag.py:588} INFO - Filling up the DagBag from /home/airflow/.local/lib/python3.12/site-packages/airflow/example_dags/example_sla_dag.py
[2024-10-18T23:35:33.386+0000] {processor.py:925} INFO - DAG(s) 'example_sla_dag' retrieved from /home/airflow/.local/lib/python3.12/site-packages/airflow/example_dags/example_sla_dag.py
[2024-10-18T23:35:33.406+0000] {logging_mixin.py:190} INFO - [2024-10-18T23:35:33.406+0000] {dag.py:3239} INFO - Sync 1 DAGs
[2024-10-18T23:35:33.431+0000] {logging_mixin.py:190} INFO - [2024-10-18T23:35:33.430+0000] {dag.py:4180} INFO - Setting next_dagrun for example_sla_dag to 2024-10-18 23:32:00+00:00, run_after=2024-10-18 23:34:00+00:00
[2024-10-18T23:35:33.450+0000] {processor.py:208} INFO - Processing /home/airflow/.local/lib/python3.12/site-packages/airflow/example_dags/example_sla_dag.py took 0.082 seconds
[2024-10-18T23:36:04.532+0000] {processor.py:186} INFO - Started process (PID=439) to work on /home/airflow/.local/lib/python3.12/site-packages/airflow/example_dags/example_sla_dag.py
[2024-10-18T23:36:04.535+0000] {processor.py:914} INFO - Processing file /home/airflow/.local/lib/python3.12/site-packages/airflow/example_dags/example_sla_dag.py for tasks to queue
[2024-10-18T23:36:04.538+0000] {logging_mixin.py:190} INFO - [2024-10-18T23:36:04.537+0000] {dagbag.py:588} INFO - Filling up the DagBag from /home/airflow/.local/lib/python3.12/site-packages/airflow/example_dags/example_sla_dag.py
[2024-10-18T23:36:04.551+0000] {processor.py:925} INFO - DAG(s) 'example_sla_dag' retrieved from /home/airflow/.local/lib/python3.12/site-packages/airflow/example_dags/example_sla_dag.py
[2024-10-18T23:36:04.575+0000] {logging_mixin.py:190} INFO - [2024-10-18T23:36:04.574+0000] {dag.py:3239} INFO - Sync 1 DAGs
[2024-10-18T23:36:04.605+0000] {logging_mixin.py:190} INFO - [2024-10-18T23:36:04.605+0000] {dag.py:4180} INFO - Setting next_dagrun for example_sla_dag to 2024-10-18 23:34:00+00:00, run_after=2024-10-18 23:36:00+00:00
[2024-10-18T23:36:04.637+0000] {processor.py:208} INFO - Processing /home/airflow/.local/lib/python3.12/site-packages/airflow/example_dags/example_sla_dag.py took 0.114 seconds
[2024-10-18T23:36:35.169+0000] {processor.py:186} INFO - Started process (PID=501) to work on /home/airflow/.local/lib/python3.12/site-packages/airflow/example_dags/example_sla_dag.py
[2024-10-18T23:36:35.170+0000] {processor.py:914} INFO - Processing file /home/airflow/.local/lib/python3.12/site-packages/airflow/example_dags/example_sla_dag.py for tasks to queue
[2024-10-18T23:36:35.173+0000] {logging_mixin.py:190} INFO - [2024-10-18T23:36:35.173+0000] {dagbag.py:588} INFO - Filling up the DagBag from /home/airflow/.local/lib/python3.12/site-packages/airflow/example_dags/example_sla_dag.py
[2024-10-18T23:36:35.205+0000] {processor.py:925} INFO - DAG(s) 'example_sla_dag' retrieved from /home/airflow/.local/lib/python3.12/site-packages/airflow/example_dags/example_sla_dag.py
[2024-10-18T23:36:35.353+0000] {logging_mixin.py:190} INFO - [2024-10-18T23:36:35.352+0000] {dag.py:3239} INFO - Sync 1 DAGs
[2024-10-18T23:36:35.485+0000] {logging_mixin.py:190} INFO - [2024-10-18T23:36:35.484+0000] {dag.py:4180} INFO - Setting next_dagrun for example_sla_dag to 2024-10-18 23:34:00+00:00, run_after=2024-10-18 23:36:00+00:00
[2024-10-18T23:36:35.583+0000] {processor.py:208} INFO - Processing /home/airflow/.local/lib/python3.12/site-packages/airflow/example_dags/example_sla_dag.py took 0.420 seconds
[2024-10-18T23:37:05.908+0000] {processor.py:186} INFO - Started process (PID=563) to work on /home/airflow/.local/lib/python3.12/site-packages/airflow/example_dags/example_sla_dag.py
[2024-10-18T23:37:05.910+0000] {processor.py:914} INFO - Processing file /home/airflow/.local/lib/python3.12/site-packages/airflow/example_dags/example_sla_dag.py for tasks to queue
[2024-10-18T23:37:05.913+0000] {logging_mixin.py:190} INFO - [2024-10-18T23:37:05.912+0000] {dagbag.py:588} INFO - Filling up the DagBag from /home/airflow/.local/lib/python3.12/site-packages/airflow/example_dags/example_sla_dag.py
[2024-10-18T23:37:05.924+0000] {processor.py:925} INFO - DAG(s) 'example_sla_dag' retrieved from /home/airflow/.local/lib/python3.12/site-packages/airflow/example_dags/example_sla_dag.py
[2024-10-18T23:37:05.948+0000] {logging_mixin.py:190} INFO - [2024-10-18T23:37:05.947+0000] {dag.py:3239} INFO - Sync 1 DAGs
[2024-10-18T23:37:05.979+0000] {logging_mixin.py:190} INFO - [2024-10-18T23:37:05.979+0000] {dag.py:4180} INFO - Setting next_dagrun for example_sla_dag to 2024-10-18 23:34:00+00:00, run_after=2024-10-18 23:36:00+00:00
[2024-10-18T23:37:05.998+0000] {processor.py:208} INFO - Processing /home/airflow/.local/lib/python3.12/site-packages/airflow/example_dags/example_sla_dag.py took 0.099 seconds
[2024-10-18T23:37:36.869+0000] {processor.py:186} INFO - Started process (PID=625) to work on /home/airflow/.local/lib/python3.12/site-packages/airflow/example_dags/example_sla_dag.py
[2024-10-18T23:37:36.870+0000] {processor.py:914} INFO - Processing file /home/airflow/.local/lib/python3.12/site-packages/airflow/example_dags/example_sla_dag.py for tasks to queue
[2024-10-18T23:37:36.873+0000] {logging_mixin.py:190} INFO - [2024-10-18T23:37:36.872+0000] {dagbag.py:588} INFO - Filling up the DagBag from /home/airflow/.local/lib/python3.12/site-packages/airflow/example_dags/example_sla_dag.py
[2024-10-18T23:37:36.884+0000] {processor.py:925} INFO - DAG(s) 'example_sla_dag' retrieved from /home/airflow/.local/lib/python3.12/site-packages/airflow/example_dags/example_sla_dag.py
[2024-10-18T23:37:36.910+0000] {logging_mixin.py:190} INFO - [2024-10-18T23:37:36.909+0000] {dag.py:3239} INFO - Sync 1 DAGs
[2024-10-18T23:37:36.949+0000] {logging_mixin.py:190} INFO - [2024-10-18T23:37:36.949+0000] {dag.py:4180} INFO - Setting next_dagrun for example_sla_dag to 2024-10-18 23:34:00+00:00, run_after=2024-10-18 23:36:00+00:00
[2024-10-18T23:37:36.974+0000] {processor.py:208} INFO - Processing /home/airflow/.local/lib/python3.12/site-packages/airflow/example_dags/example_sla_dag.py took 0.113 seconds
[2024-10-18T23:38:07.333+0000] {processor.py:186} INFO - Started process (PID=687) to work on /home/airflow/.local/lib/python3.12/site-packages/airflow/example_dags/example_sla_dag.py
[2024-10-18T23:38:07.334+0000] {processor.py:914} INFO - Processing file /home/airflow/.local/lib/python3.12/site-packages/airflow/example_dags/example_sla_dag.py for tasks to queue
[2024-10-18T23:38:07.336+0000] {logging_mixin.py:190} INFO - [2024-10-18T23:38:07.336+0000] {dagbag.py:588} INFO - Filling up the DagBag from /home/airflow/.local/lib/python3.12/site-packages/airflow/example_dags/example_sla_dag.py
[2024-10-18T23:38:07.346+0000] {processor.py:925} INFO - DAG(s) 'example_sla_dag' retrieved from /home/airflow/.local/lib/python3.12/site-packages/airflow/example_dags/example_sla_dag.py
[2024-10-18T23:38:07.365+0000] {logging_mixin.py:190} INFO - [2024-10-18T23:38:07.365+0000] {dag.py:3239} INFO - Sync 1 DAGs
[2024-10-18T23:38:07.417+0000] {logging_mixin.py:190} INFO - [2024-10-18T23:38:07.417+0000] {dag.py:4180} INFO - Setting next_dagrun for example_sla_dag to 2024-10-18 23:36:00+00:00, run_after=2024-10-18 23:38:00+00:00
[2024-10-18T23:38:07.445+0000] {processor.py:208} INFO - Processing /home/airflow/.local/lib/python3.12/site-packages/airflow/example_dags/example_sla_dag.py took 0.118 seconds
[2024-10-18T23:38:37.917+0000] {processor.py:186} INFO - Started process (PID=755) to work on /home/airflow/.local/lib/python3.12/site-packages/airflow/example_dags/example_sla_dag.py
[2024-10-18T23:38:37.918+0000] {processor.py:914} INFO - Processing file /home/airflow/.local/lib/python3.12/site-packages/airflow/example_dags/example_sla_dag.py for tasks to queue
[2024-10-18T23:38:37.922+0000] {logging_mixin.py:190} INFO - [2024-10-18T23:38:37.921+0000] {dagbag.py:588} INFO - Filling up the DagBag from /home/airflow/.local/lib/python3.12/site-packages/airflow/example_dags/example_sla_dag.py
[2024-10-18T23:38:37.936+0000] {processor.py:925} INFO - DAG(s) 'example_sla_dag' retrieved from /home/airflow/.local/lib/python3.12/site-packages/airflow/example_dags/example_sla_dag.py
[2024-10-18T23:38:37.959+0000] {logging_mixin.py:190} INFO - [2024-10-18T23:38:37.959+0000] {dag.py:3239} INFO - Sync 1 DAGs
[2024-10-18T23:38:37.989+0000] {logging_mixin.py:190} INFO - [2024-10-18T23:38:37.988+0000] {dag.py:4180} INFO - Setting next_dagrun for example_sla_dag to 2024-10-18 23:36:00+00:00, run_after=2024-10-18 23:38:00+00:00
[2024-10-18T23:38:38.009+0000] {processor.py:208} INFO - Processing /home/airflow/.local/lib/python3.12/site-packages/airflow/example_dags/example_sla_dag.py took 0.100 seconds
[2024-10-18T23:39:08.782+0000] {processor.py:186} INFO - Started process (PID=817) to work on /home/airflow/.local/lib/python3.12/site-packages/airflow/example_dags/example_sla_dag.py
[2024-10-18T23:39:08.783+0000] {processor.py:914} INFO - Processing file /home/airflow/.local/lib/python3.12/site-packages/airflow/example_dags/example_sla_dag.py for tasks to queue
[2024-10-18T23:39:08.786+0000] {logging_mixin.py:190} INFO - [2024-10-18T23:39:08.786+0000] {dagbag.py:588} INFO - Filling up the DagBag from /home/airflow/.local/lib/python3.12/site-packages/airflow/example_dags/example_sla_dag.py
[2024-10-18T23:39:08.795+0000] {processor.py:925} INFO - DAG(s) 'example_sla_dag' retrieved from /home/airflow/.local/lib/python3.12/site-packages/airflow/example_dags/example_sla_dag.py
[2024-10-18T23:39:08.821+0000] {logging_mixin.py:190} INFO - [2024-10-18T23:39:08.821+0000] {dag.py:3239} INFO - Sync 1 DAGs
[2024-10-18T23:39:08.847+0000] {logging_mixin.py:190} INFO - [2024-10-18T23:39:08.847+0000] {dag.py:4180} INFO - Setting next_dagrun for example_sla_dag to 2024-10-18 23:36:00+00:00, run_after=2024-10-18 23:38:00+00:00
[2024-10-18T23:39:08.868+0000] {processor.py:208} INFO - Processing /home/airflow/.local/lib/python3.12/site-packages/airflow/example_dags/example_sla_dag.py took 0.092 seconds
[2024-10-18T23:39:39.373+0000] {processor.py:186} INFO - Started process (PID=879) to work on /home/airflow/.local/lib/python3.12/site-packages/airflow/example_dags/example_sla_dag.py
[2024-10-18T23:39:39.375+0000] {processor.py:914} INFO - Processing file /home/airflow/.local/lib/python3.12/site-packages/airflow/example_dags/example_sla_dag.py for tasks to queue
[2024-10-18T23:39:39.378+0000] {logging_mixin.py:190} INFO - [2024-10-18T23:39:39.378+0000] {dagbag.py:588} INFO - Filling up the DagBag from /home/airflow/.local/lib/python3.12/site-packages/airflow/example_dags/example_sla_dag.py
[2024-10-18T23:39:39.387+0000] {processor.py:925} INFO - DAG(s) 'example_sla_dag' retrieved from /home/airflow/.local/lib/python3.12/site-packages/airflow/example_dags/example_sla_dag.py
[2024-10-18T23:39:39.407+0000] {logging_mixin.py:190} INFO - [2024-10-18T23:39:39.407+0000] {dag.py:3239} INFO - Sync 1 DAGs
[2024-10-18T23:39:39.435+0000] {logging_mixin.py:190} INFO - [2024-10-18T23:39:39.435+0000] {dag.py:4180} INFO - Setting next_dagrun for example_sla_dag to 2024-10-18 23:36:00+00:00, run_after=2024-10-18 23:38:00+00:00
[2024-10-18T23:39:39.456+0000] {processor.py:208} INFO - Processing /home/airflow/.local/lib/python3.12/site-packages/airflow/example_dags/example_sla_dag.py took 0.088 seconds
[2024-10-18T23:40:09.936+0000] {processor.py:186} INFO - Started process (PID=941) to work on /home/airflow/.local/lib/python3.12/site-packages/airflow/example_dags/example_sla_dag.py
[2024-10-18T23:40:09.938+0000] {processor.py:914} INFO - Processing file /home/airflow/.local/lib/python3.12/site-packages/airflow/example_dags/example_sla_dag.py for tasks to queue
[2024-10-18T23:40:09.942+0000] {logging_mixin.py:190} INFO - [2024-10-18T23:40:09.941+0000] {dagbag.py:588} INFO - Filling up the DagBag from /home/airflow/.local/lib/python3.12/site-packages/airflow/example_dags/example_sla_dag.py
[2024-10-18T23:40:09.952+0000] {processor.py:925} INFO - DAG(s) 'example_sla_dag' retrieved from /home/airflow/.local/lib/python3.12/site-packages/airflow/example_dags/example_sla_dag.py
[2024-10-18T23:40:09.973+0000] {logging_mixin.py:190} INFO - [2024-10-18T23:40:09.973+0000] {dag.py:3239} INFO - Sync 1 DAGs
[2024-10-18T23:40:09.999+0000] {logging_mixin.py:190} INFO - [2024-10-18T23:40:09.999+0000] {dag.py:4180} INFO - Setting next_dagrun for example_sla_dag to 2024-10-18 23:38:00+00:00, run_after=2024-10-18 23:40:00+00:00
[2024-10-18T23:40:10.019+0000] {processor.py:208} INFO - Processing /home/airflow/.local/lib/python3.12/site-packages/airflow/example_dags/example_sla_dag.py took 0.088 seconds
[2024-10-18T23:40:40.342+0000] {processor.py:186} INFO - Started process (PID=1003) to work on /home/airflow/.local/lib/python3.12/site-packages/airflow/example_dags/example_sla_dag.py
[2024-10-18T23:40:40.343+0000] {processor.py:914} INFO - Processing file /home/airflow/.local/lib/python3.12/site-packages/airflow/example_dags/example_sla_dag.py for tasks to queue
[2024-10-18T23:40:40.346+0000] {logging_mixin.py:190} INFO - [2024-10-18T23:40:40.346+0000] {dagbag.py:588} INFO - Filling up the DagBag from /home/airflow/.local/lib/python3.12/site-packages/airflow/example_dags/example_sla_dag.py
[2024-10-18T23:40:40.358+0000] {processor.py:925} INFO - DAG(s) 'example_sla_dag' retrieved from /home/airflow/.local/lib/python3.12/site-packages/airflow/example_dags/example_sla_dag.py
[2024-10-18T23:40:40.379+0000] {logging_mixin.py:190} INFO - [2024-10-18T23:40:40.379+0000] {dag.py:3239} INFO - Sync 1 DAGs
[2024-10-18T23:40:40.406+0000] {logging_mixin.py:190} INFO - [2024-10-18T23:40:40.406+0000] {dag.py:4180} INFO - Setting next_dagrun for example_sla_dag to 2024-10-18 23:38:00+00:00, run_after=2024-10-18 23:40:00+00:00
[2024-10-18T23:40:40.428+0000] {processor.py:208} INFO - Processing /home/airflow/.local/lib/python3.12/site-packages/airflow/example_dags/example_sla_dag.py took 0.092 seconds
[2024-10-18T23:41:11.117+0000] {processor.py:186} INFO - Started process (PID=1065) to work on /home/airflow/.local/lib/python3.12/site-packages/airflow/example_dags/example_sla_dag.py
[2024-10-18T23:41:11.119+0000] {processor.py:914} INFO - Processing file /home/airflow/.local/lib/python3.12/site-packages/airflow/example_dags/example_sla_dag.py for tasks to queue
[2024-10-18T23:41:11.122+0000] {logging_mixin.py:190} INFO - [2024-10-18T23:41:11.121+0000] {dagbag.py:588} INFO - Filling up the DagBag from /home/airflow/.local/lib/python3.12/site-packages/airflow/example_dags/example_sla_dag.py
[2024-10-18T23:41:11.132+0000] {processor.py:925} INFO - DAG(s) 'example_sla_dag' retrieved from /home/airflow/.local/lib/python3.12/site-packages/airflow/example_dags/example_sla_dag.py
[2024-10-18T23:41:11.153+0000] {logging_mixin.py:190} INFO - [2024-10-18T23:41:11.152+0000] {dag.py:3239} INFO - Sync 1 DAGs
[2024-10-18T23:41:11.178+0000] {logging_mixin.py:190} INFO - [2024-10-18T23:41:11.178+0000] {dag.py:4180} INFO - Setting next_dagrun for example_sla_dag to 2024-10-18 23:38:00+00:00, run_after=2024-10-18 23:40:00+00:00
[2024-10-18T23:41:11.198+0000] {processor.py:208} INFO - Processing /home/airflow/.local/lib/python3.12/site-packages/airflow/example_dags/example_sla_dag.py took 0.087 seconds
[2024-10-18T23:41:41.462+0000] {processor.py:186} INFO - Started process (PID=1127) to work on /home/airflow/.local/lib/python3.12/site-packages/airflow/example_dags/example_sla_dag.py
[2024-10-18T23:41:41.464+0000] {processor.py:914} INFO - Processing file /home/airflow/.local/lib/python3.12/site-packages/airflow/example_dags/example_sla_dag.py for tasks to queue
[2024-10-18T23:41:41.467+0000] {logging_mixin.py:190} INFO - [2024-10-18T23:41:41.466+0000] {dagbag.py:588} INFO - Filling up the DagBag from /home/airflow/.local/lib/python3.12/site-packages/airflow/example_dags/example_sla_dag.py
[2024-10-18T23:41:41.477+0000] {processor.py:925} INFO - DAG(s) 'example_sla_dag' retrieved from /home/airflow/.local/lib/python3.12/site-packages/airflow/example_dags/example_sla_dag.py
[2024-10-18T23:41:41.501+0000] {logging_mixin.py:190} INFO - [2024-10-18T23:41:41.501+0000] {dag.py:3239} INFO - Sync 1 DAGs
[2024-10-18T23:41:41.536+0000] {logging_mixin.py:190} INFO - [2024-10-18T23:41:41.535+0000] {dag.py:4180} INFO - Setting next_dagrun for example_sla_dag to 2024-10-18 23:38:00+00:00, run_after=2024-10-18 23:40:00+00:00
[2024-10-18T23:41:41.561+0000] {processor.py:208} INFO - Processing /home/airflow/.local/lib/python3.12/site-packages/airflow/example_dags/example_sla_dag.py took 0.105 seconds
[2024-10-18T23:42:12.857+0000] {processor.py:186} INFO - Started process (PID=1189) to work on /home/airflow/.local/lib/python3.12/site-packages/airflow/example_dags/example_sla_dag.py
[2024-10-18T23:42:12.859+0000] {processor.py:914} INFO - Processing file /home/airflow/.local/lib/python3.12/site-packages/airflow/example_dags/example_sla_dag.py for tasks to queue
[2024-10-18T23:42:12.878+0000] {logging_mixin.py:190} INFO - [2024-10-18T23:42:12.877+0000] {dagbag.py:588} INFO - Filling up the DagBag from /home/airflow/.local/lib/python3.12/site-packages/airflow/example_dags/example_sla_dag.py
[2024-10-18T23:42:12.894+0000] {processor.py:925} INFO - DAG(s) 'example_sla_dag' retrieved from /home/airflow/.local/lib/python3.12/site-packages/airflow/example_dags/example_sla_dag.py
[2024-10-18T23:42:12.923+0000] {logging_mixin.py:190} INFO - [2024-10-18T23:42:12.922+0000] {dag.py:3239} INFO - Sync 1 DAGs
[2024-10-18T23:42:12.961+0000] {logging_mixin.py:190} INFO - [2024-10-18T23:42:12.961+0000] {dag.py:4180} INFO - Setting next_dagrun for example_sla_dag to 2024-10-18 23:40:00+00:00, run_after=2024-10-18 23:42:00+00:00
[2024-10-18T23:42:12.990+0000] {processor.py:208} INFO - Processing /home/airflow/.local/lib/python3.12/site-packages/airflow/example_dags/example_sla_dag.py took 0.142 seconds
[2024-10-18T23:42:45.360+0000] {processor.py:186} INFO - Started process (PID=1260) to work on /home/airflow/.local/lib/python3.12/site-packages/airflow/example_dags/example_sla_dag.py
[2024-10-18T23:42:45.362+0000] {processor.py:914} INFO - Processing file /home/airflow/.local/lib/python3.12/site-packages/airflow/example_dags/example_sla_dag.py for tasks to queue
[2024-10-18T23:42:45.366+0000] {logging_mixin.py:190} INFO - [2024-10-18T23:42:45.365+0000] {dagbag.py:588} INFO - Filling up the DagBag from /home/airflow/.local/lib/python3.12/site-packages/airflow/example_dags/example_sla_dag.py
[2024-10-18T23:42:45.385+0000] {processor.py:925} INFO - DAG(s) 'example_sla_dag' retrieved from /home/airflow/.local/lib/python3.12/site-packages/airflow/example_dags/example_sla_dag.py
[2024-10-18T23:42:45.419+0000] {logging_mixin.py:190} INFO - [2024-10-18T23:42:45.418+0000] {dag.py:3239} INFO - Sync 1 DAGs
[2024-10-18T23:42:45.473+0000] {logging_mixin.py:190} INFO - [2024-10-18T23:42:45.472+0000] {dag.py:4180} INFO - Setting next_dagrun for example_sla_dag to 2024-10-18 23:40:00+00:00, run_after=2024-10-18 23:42:00+00:00
[2024-10-18T23:42:45.514+0000] {processor.py:208} INFO - Processing /home/airflow/.local/lib/python3.12/site-packages/airflow/example_dags/example_sla_dag.py took 0.165 seconds
[2024-10-18T23:43:16.683+0000] {processor.py:186} INFO - Started process (PID=1322) to work on /home/airflow/.local/lib/python3.12/site-packages/airflow/example_dags/example_sla_dag.py
[2024-10-18T23:43:16.686+0000] {processor.py:914} INFO - Processing file /home/airflow/.local/lib/python3.12/site-packages/airflow/example_dags/example_sla_dag.py for tasks to queue
[2024-10-18T23:43:16.691+0000] {logging_mixin.py:190} INFO - [2024-10-18T23:43:16.691+0000] {dagbag.py:588} INFO - Filling up the DagBag from /home/airflow/.local/lib/python3.12/site-packages/airflow/example_dags/example_sla_dag.py
[2024-10-18T23:43:16.709+0000] {processor.py:925} INFO - DAG(s) 'example_sla_dag' retrieved from /home/airflow/.local/lib/python3.12/site-packages/airflow/example_dags/example_sla_dag.py
[2024-10-18T23:43:16.741+0000] {logging_mixin.py:190} INFO - [2024-10-18T23:43:16.741+0000] {dag.py:3239} INFO - Sync 1 DAGs
[2024-10-18T23:43:16.787+0000] {logging_mixin.py:190} INFO - [2024-10-18T23:43:16.787+0000] {dag.py:4180} INFO - Setting next_dagrun for example_sla_dag to 2024-10-18 23:40:00+00:00, run_after=2024-10-18 23:42:00+00:00
[2024-10-18T23:43:16.827+0000] {processor.py:208} INFO - Processing /home/airflow/.local/lib/python3.12/site-packages/airflow/example_dags/example_sla_dag.py took 0.154 seconds
[2024-10-18T23:43:47.413+0000] {processor.py:186} INFO - Started process (PID=1384) to work on /home/airflow/.local/lib/python3.12/site-packages/airflow/example_dags/example_sla_dag.py
[2024-10-18T23:43:47.415+0000] {processor.py:914} INFO - Processing file /home/airflow/.local/lib/python3.12/site-packages/airflow/example_dags/example_sla_dag.py for tasks to queue
[2024-10-18T23:43:47.417+0000] {logging_mixin.py:190} INFO - [2024-10-18T23:43:47.417+0000] {dagbag.py:588} INFO - Filling up the DagBag from /home/airflow/.local/lib/python3.12/site-packages/airflow/example_dags/example_sla_dag.py
[2024-10-18T23:43:47.427+0000] {processor.py:925} INFO - DAG(s) 'example_sla_dag' retrieved from /home/airflow/.local/lib/python3.12/site-packages/airflow/example_dags/example_sla_dag.py
[2024-10-18T23:43:47.449+0000] {logging_mixin.py:190} INFO - [2024-10-18T23:43:47.449+0000] {dag.py:3239} INFO - Sync 1 DAGs
[2024-10-18T23:43:47.485+0000] {logging_mixin.py:190} INFO - [2024-10-18T23:43:47.484+0000] {dag.py:4180} INFO - Setting next_dagrun for example_sla_dag to 2024-10-18 23:40:00+00:00, run_after=2024-10-18 23:42:00+00:00
[2024-10-18T23:43:47.507+0000] {processor.py:208} INFO - Processing /home/airflow/.local/lib/python3.12/site-packages/airflow/example_dags/example_sla_dag.py took 0.099 seconds
[2024-10-18T23:44:17.792+0000] {processor.py:186} INFO - Started process (PID=1446) to work on /home/airflow/.local/lib/python3.12/site-packages/airflow/example_dags/example_sla_dag.py
[2024-10-18T23:44:17.793+0000] {processor.py:914} INFO - Processing file /home/airflow/.local/lib/python3.12/site-packages/airflow/example_dags/example_sla_dag.py for tasks to queue
[2024-10-18T23:44:17.795+0000] {logging_mixin.py:190} INFO - [2024-10-18T23:44:17.795+0000] {dagbag.py:588} INFO - Filling up the DagBag from /home/airflow/.local/lib/python3.12/site-packages/airflow/example_dags/example_sla_dag.py
[2024-10-18T23:44:17.804+0000] {processor.py:925} INFO - DAG(s) 'example_sla_dag' retrieved from /home/airflow/.local/lib/python3.12/site-packages/airflow/example_dags/example_sla_dag.py
[2024-10-18T23:44:17.825+0000] {logging_mixin.py:190} INFO - [2024-10-18T23:44:17.825+0000] {dag.py:3239} INFO - Sync 1 DAGs
[2024-10-18T23:44:17.850+0000] {logging_mixin.py:190} INFO - [2024-10-18T23:44:17.850+0000] {dag.py:4180} INFO - Setting next_dagrun for example_sla_dag to 2024-10-18 23:42:00+00:00, run_after=2024-10-18 23:44:00+00:00
[2024-10-18T23:44:17.870+0000] {processor.py:208} INFO - Processing /home/airflow/.local/lib/python3.12/site-packages/airflow/example_dags/example_sla_dag.py took 0.083 seconds
[2024-10-18T23:44:48.441+0000] {processor.py:186} INFO - Started process (PID=1511) to work on /home/airflow/.local/lib/python3.12/site-packages/airflow/example_dags/example_sla_dag.py
[2024-10-18T23:44:48.442+0000] {processor.py:914} INFO - Processing file /home/airflow/.local/lib/python3.12/site-packages/airflow/example_dags/example_sla_dag.py for tasks to queue
[2024-10-18T23:44:48.444+0000] {logging_mixin.py:190} INFO - [2024-10-18T23:44:48.444+0000] {dagbag.py:588} INFO - Filling up the DagBag from /home/airflow/.local/lib/python3.12/site-packages/airflow/example_dags/example_sla_dag.py
[2024-10-18T23:44:48.454+0000] {processor.py:925} INFO - DAG(s) 'example_sla_dag' retrieved from /home/airflow/.local/lib/python3.12/site-packages/airflow/example_dags/example_sla_dag.py
[2024-10-18T23:44:48.474+0000] {logging_mixin.py:190} INFO - [2024-10-18T23:44:48.474+0000] {dag.py:3239} INFO - Sync 1 DAGs
[2024-10-18T23:44:48.497+0000] {logging_mixin.py:190} INFO - [2024-10-18T23:44:48.497+0000] {dag.py:4180} INFO - Setting next_dagrun for example_sla_dag to 2024-10-18 23:42:00+00:00, run_after=2024-10-18 23:44:00+00:00
[2024-10-18T23:44:48.517+0000] {processor.py:208} INFO - Processing /home/airflow/.local/lib/python3.12/site-packages/airflow/example_dags/example_sla_dag.py took 0.082 seconds
[2024-10-18T23:45:18.978+0000] {processor.py:186} INFO - Started process (PID=1573) to work on /home/airflow/.local/lib/python3.12/site-packages/airflow/example_dags/example_sla_dag.py
[2024-10-18T23:45:18.980+0000] {processor.py:914} INFO - Processing file /home/airflow/.local/lib/python3.12/site-packages/airflow/example_dags/example_sla_dag.py for tasks to queue
[2024-10-18T23:45:18.982+0000] {logging_mixin.py:190} INFO - [2024-10-18T23:45:18.982+0000] {dagbag.py:588} INFO - Filling up the DagBag from /home/airflow/.local/lib/python3.12/site-packages/airflow/example_dags/example_sla_dag.py
[2024-10-18T23:45:18.993+0000] {processor.py:925} INFO - DAG(s) 'example_sla_dag' retrieved from /home/airflow/.local/lib/python3.12/site-packages/airflow/example_dags/example_sla_dag.py
[2024-10-18T23:45:19.014+0000] {logging_mixin.py:190} INFO - [2024-10-18T23:45:19.013+0000] {dag.py:3239} INFO - Sync 1 DAGs
[2024-10-18T23:45:19.036+0000] {logging_mixin.py:190} INFO - [2024-10-18T23:45:19.036+0000] {dag.py:4180} INFO - Setting next_dagrun for example_sla_dag to 2024-10-18 23:42:00+00:00, run_after=2024-10-18 23:44:00+00:00
[2024-10-18T23:45:19.058+0000] {processor.py:208} INFO - Processing /home/airflow/.local/lib/python3.12/site-packages/airflow/example_dags/example_sla_dag.py took 0.085 seconds
[2024-10-18T23:45:49.805+0000] {processor.py:186} INFO - Started process (PID=1635) to work on /home/airflow/.local/lib/python3.12/site-packages/airflow/example_dags/example_sla_dag.py
[2024-10-18T23:45:49.806+0000] {processor.py:914} INFO - Processing file /home/airflow/.local/lib/python3.12/site-packages/airflow/example_dags/example_sla_dag.py for tasks to queue
[2024-10-18T23:45:49.808+0000] {logging_mixin.py:190} INFO - [2024-10-18T23:45:49.808+0000] {dagbag.py:588} INFO - Filling up the DagBag from /home/airflow/.local/lib/python3.12/site-packages/airflow/example_dags/example_sla_dag.py
[2024-10-18T23:45:49.817+0000] {processor.py:925} INFO - DAG(s) 'example_sla_dag' retrieved from /home/airflow/.local/lib/python3.12/site-packages/airflow/example_dags/example_sla_dag.py
[2024-10-18T23:45:49.836+0000] {logging_mixin.py:190} INFO - [2024-10-18T23:45:49.836+0000] {dag.py:3239} INFO - Sync 1 DAGs
[2024-10-18T23:45:49.860+0000] {logging_mixin.py:190} INFO - [2024-10-18T23:45:49.860+0000] {dag.py:4180} INFO - Setting next_dagrun for example_sla_dag to 2024-10-18 23:42:00+00:00, run_after=2024-10-18 23:44:00+00:00
[2024-10-18T23:45:49.880+0000] {processor.py:208} INFO - Processing /home/airflow/.local/lib/python3.12/site-packages/airflow/example_dags/example_sla_dag.py took 0.080 seconds
[2024-10-18T23:46:20.531+0000] {processor.py:186} INFO - Started process (PID=1697) to work on /home/airflow/.local/lib/python3.12/site-packages/airflow/example_dags/example_sla_dag.py
[2024-10-18T23:46:20.532+0000] {processor.py:914} INFO - Processing file /home/airflow/.local/lib/python3.12/site-packages/airflow/example_dags/example_sla_dag.py for tasks to queue
[2024-10-18T23:46:20.535+0000] {logging_mixin.py:190} INFO - [2024-10-18T23:46:20.534+0000] {dagbag.py:588} INFO - Filling up the DagBag from /home/airflow/.local/lib/python3.12/site-packages/airflow/example_dags/example_sla_dag.py
[2024-10-18T23:46:20.543+0000] {processor.py:925} INFO - DAG(s) 'example_sla_dag' retrieved from /home/airflow/.local/lib/python3.12/site-packages/airflow/example_dags/example_sla_dag.py
[2024-10-18T23:46:20.562+0000] {logging_mixin.py:190} INFO - [2024-10-18T23:46:20.562+0000] {dag.py:3239} INFO - Sync 1 DAGs
[2024-10-18T23:46:20.585+0000] {logging_mixin.py:190} INFO - [2024-10-18T23:46:20.585+0000] {dag.py:4180} INFO - Setting next_dagrun for example_sla_dag to 2024-10-18 23:44:00+00:00, run_after=2024-10-18 23:46:00+00:00
[2024-10-18T23:46:20.604+0000] {processor.py:208} INFO - Processing /home/airflow/.local/lib/python3.12/site-packages/airflow/example_dags/example_sla_dag.py took 0.078 seconds
[2024-10-18T23:46:53.915+0000] {processor.py:186} INFO - Started process (PID=1758) to work on /home/airflow/.local/lib/python3.12/site-packages/airflow/example_dags/example_sla_dag.py
[2024-10-18T23:46:53.917+0000] {processor.py:914} INFO - Processing file /home/airflow/.local/lib/python3.12/site-packages/airflow/example_dags/example_sla_dag.py for tasks to queue
[2024-10-18T23:46:53.919+0000] {logging_mixin.py:190} INFO - [2024-10-18T23:46:53.919+0000] {dagbag.py:588} INFO - Filling up the DagBag from /home/airflow/.local/lib/python3.12/site-packages/airflow/example_dags/example_sla_dag.py
[2024-10-18T23:46:53.928+0000] {processor.py:925} INFO - DAG(s) 'example_sla_dag' retrieved from /home/airflow/.local/lib/python3.12/site-packages/airflow/example_dags/example_sla_dag.py
[2024-10-18T23:46:53.946+0000] {logging_mixin.py:190} INFO - [2024-10-18T23:46:53.946+0000] {dag.py:3239} INFO - Sync 1 DAGs
[2024-10-18T23:46:53.969+0000] {logging_mixin.py:190} INFO - [2024-10-18T23:46:53.969+0000] {dag.py:4180} INFO - Setting next_dagrun for example_sla_dag to 2024-10-18 23:44:00+00:00, run_after=2024-10-18 23:46:00+00:00
[2024-10-18T23:46:53.987+0000] {processor.py:208} INFO - Processing /home/airflow/.local/lib/python3.12/site-packages/airflow/example_dags/example_sla_dag.py took 0.077 seconds
[2024-10-18T23:47:24.841+0000] {processor.py:186} INFO - Started process (PID=1820) to work on /home/airflow/.local/lib/python3.12/site-packages/airflow/example_dags/example_sla_dag.py
[2024-10-18T23:47:24.842+0000] {processor.py:914} INFO - Processing file /home/airflow/.local/lib/python3.12/site-packages/airflow/example_dags/example_sla_dag.py for tasks to queue
[2024-10-18T23:47:24.846+0000] {logging_mixin.py:190} INFO - [2024-10-18T23:47:24.845+0000] {dagbag.py:588} INFO - Filling up the DagBag from /home/airflow/.local/lib/python3.12/site-packages/airflow/example_dags/example_sla_dag.py
[2024-10-18T23:47:24.858+0000] {processor.py:925} INFO - DAG(s) 'example_sla_dag' retrieved from /home/airflow/.local/lib/python3.12/site-packages/airflow/example_dags/example_sla_dag.py
[2024-10-18T23:47:24.882+0000] {logging_mixin.py:190} INFO - [2024-10-18T23:47:24.881+0000] {dag.py:3239} INFO - Sync 1 DAGs
[2024-10-18T23:47:24.935+0000] {logging_mixin.py:190} INFO - [2024-10-18T23:47:24.934+0000] {dag.py:4180} INFO - Setting next_dagrun for example_sla_dag to 2024-10-18 23:44:00+00:00, run_after=2024-10-18 23:46:00+00:00
[2024-10-18T23:47:24.964+0000] {processor.py:208} INFO - Processing /home/airflow/.local/lib/python3.12/site-packages/airflow/example_dags/example_sla_dag.py took 0.130 seconds
[2024-10-18T23:47:57.298+0000] {processor.py:186} INFO - Started process (PID=1882) to work on /home/airflow/.local/lib/python3.12/site-packages/airflow/example_dags/example_sla_dag.py
[2024-10-18T23:47:57.300+0000] {processor.py:914} INFO - Processing file /home/airflow/.local/lib/python3.12/site-packages/airflow/example_dags/example_sla_dag.py for tasks to queue
[2024-10-18T23:47:57.303+0000] {logging_mixin.py:190} INFO - [2024-10-18T23:47:57.302+0000] {dagbag.py:588} INFO - Filling up the DagBag from /home/airflow/.local/lib/python3.12/site-packages/airflow/example_dags/example_sla_dag.py
[2024-10-18T23:47:57.315+0000] {processor.py:925} INFO - DAG(s) 'example_sla_dag' retrieved from /home/airflow/.local/lib/python3.12/site-packages/airflow/example_dags/example_sla_dag.py
[2024-10-18T23:47:57.340+0000] {logging_mixin.py:190} INFO - [2024-10-18T23:47:57.340+0000] {dag.py:3239} INFO - Sync 1 DAGs
[2024-10-18T23:47:57.373+0000] {logging_mixin.py:190} INFO - [2024-10-18T23:47:57.372+0000] {dag.py:4180} INFO - Setting next_dagrun for example_sla_dag to 2024-10-18 23:44:00+00:00, run_after=2024-10-18 23:46:00+00:00
[2024-10-18T23:47:57.397+0000] {processor.py:208} INFO - Processing /home/airflow/.local/lib/python3.12/site-packages/airflow/example_dags/example_sla_dag.py took 0.107 seconds
[2024-10-18T23:48:34.139+0000] {processor.py:186} INFO - Started process (PID=1950) to work on /home/airflow/.local/lib/python3.12/site-packages/airflow/example_dags/example_sla_dag.py
[2024-10-18T23:48:34.141+0000] {processor.py:914} INFO - Processing file /home/airflow/.local/lib/python3.12/site-packages/airflow/example_dags/example_sla_dag.py for tasks to queue
[2024-10-18T23:48:34.145+0000] {logging_mixin.py:190} INFO - [2024-10-18T23:48:34.144+0000] {dagbag.py:588} INFO - Filling up the DagBag from /home/airflow/.local/lib/python3.12/site-packages/airflow/example_dags/example_sla_dag.py
[2024-10-18T23:48:34.161+0000] {processor.py:925} INFO - DAG(s) 'example_sla_dag' retrieved from /home/airflow/.local/lib/python3.12/site-packages/airflow/example_dags/example_sla_dag.py
[2024-10-18T23:48:34.188+0000] {logging_mixin.py:190} INFO - [2024-10-18T23:48:34.187+0000] {dag.py:3239} INFO - Sync 1 DAGs
[2024-10-18T23:48:34.233+0000] {logging_mixin.py:190} INFO - [2024-10-18T23:48:34.232+0000] {dag.py:4180} INFO - Setting next_dagrun for example_sla_dag to 2024-10-18 23:46:00+00:00, run_after=2024-10-18 23:48:00+00:00
[2024-10-18T23:48:34.271+0000] {processor.py:208} INFO - Processing /home/airflow/.local/lib/python3.12/site-packages/airflow/example_dags/example_sla_dag.py took 0.141 seconds
[2024-10-18T23:49:06.052+0000] {processor.py:186} INFO - Started process (PID=2014) to work on /home/airflow/.local/lib/python3.12/site-packages/airflow/example_dags/example_sla_dag.py
[2024-10-18T23:49:06.055+0000] {processor.py:914} INFO - Processing file /home/airflow/.local/lib/python3.12/site-packages/airflow/example_dags/example_sla_dag.py for tasks to queue
[2024-10-18T23:49:06.060+0000] {logging_mixin.py:190} INFO - [2024-10-18T23:49:06.059+0000] {dagbag.py:588} INFO - Filling up the DagBag from /home/airflow/.local/lib/python3.12/site-packages/airflow/example_dags/example_sla_dag.py
[2024-10-18T23:49:06.083+0000] {processor.py:925} INFO - DAG(s) 'example_sla_dag' retrieved from /home/airflow/.local/lib/python3.12/site-packages/airflow/example_dags/example_sla_dag.py
[2024-10-18T23:49:06.128+0000] {logging_mixin.py:190} INFO - [2024-10-18T23:49:06.127+0000] {dag.py:3239} INFO - Sync 1 DAGs
[2024-10-18T23:49:06.230+0000] {logging_mixin.py:190} INFO - [2024-10-18T23:49:06.229+0000] {dag.py:4180} INFO - Setting next_dagrun for example_sla_dag to 2024-10-18 23:46:00+00:00, run_after=2024-10-18 23:48:00+00:00
[2024-10-18T23:49:06.279+0000] {processor.py:208} INFO - Processing /home/airflow/.local/lib/python3.12/site-packages/airflow/example_dags/example_sla_dag.py took 0.243 seconds
[2024-10-18T23:49:37.024+0000] {processor.py:186} INFO - Started process (PID=2076) to work on /home/airflow/.local/lib/python3.12/site-packages/airflow/example_dags/example_sla_dag.py
[2024-10-18T23:49:37.026+0000] {processor.py:914} INFO - Processing file /home/airflow/.local/lib/python3.12/site-packages/airflow/example_dags/example_sla_dag.py for tasks to queue
[2024-10-18T23:49:37.029+0000] {logging_mixin.py:190} INFO - [2024-10-18T23:49:37.028+0000] {dagbag.py:588} INFO - Filling up the DagBag from /home/airflow/.local/lib/python3.12/site-packages/airflow/example_dags/example_sla_dag.py
[2024-10-18T23:49:37.038+0000] {processor.py:925} INFO - DAG(s) 'example_sla_dag' retrieved from /home/airflow/.local/lib/python3.12/site-packages/airflow/example_dags/example_sla_dag.py
[2024-10-18T23:49:37.068+0000] {logging_mixin.py:190} INFO - [2024-10-18T23:49:37.068+0000] {dag.py:3239} INFO - Sync 1 DAGs
[2024-10-18T23:49:37.092+0000] {logging_mixin.py:190} INFO - [2024-10-18T23:49:37.092+0000] {dag.py:4180} INFO - Setting next_dagrun for example_sla_dag to 2024-10-18 23:46:00+00:00, run_after=2024-10-18 23:48:00+00:00
[2024-10-18T23:49:37.113+0000] {processor.py:208} INFO - Processing /home/airflow/.local/lib/python3.12/site-packages/airflow/example_dags/example_sla_dag.py took 0.094 seconds
[2024-10-18T23:50:07.385+0000] {processor.py:186} INFO - Started process (PID=2137) to work on /home/airflow/.local/lib/python3.12/site-packages/airflow/example_dags/example_sla_dag.py
[2024-10-18T23:50:07.386+0000] {processor.py:914} INFO - Processing file /home/airflow/.local/lib/python3.12/site-packages/airflow/example_dags/example_sla_dag.py for tasks to queue
[2024-10-18T23:50:07.390+0000] {logging_mixin.py:190} INFO - [2024-10-18T23:50:07.390+0000] {dagbag.py:588} INFO - Filling up the DagBag from /home/airflow/.local/lib/python3.12/site-packages/airflow/example_dags/example_sla_dag.py
[2024-10-18T23:50:07.402+0000] {processor.py:925} INFO - DAG(s) 'example_sla_dag' retrieved from /home/airflow/.local/lib/python3.12/site-packages/airflow/example_dags/example_sla_dag.py
[2024-10-18T23:50:07.423+0000] {logging_mixin.py:190} INFO - [2024-10-18T23:50:07.422+0000] {dag.py:3239} INFO - Sync 1 DAGs
[2024-10-18T23:50:07.455+0000] {logging_mixin.py:190} INFO - [2024-10-18T23:50:07.455+0000] {dag.py:4180} INFO - Setting next_dagrun for example_sla_dag to 2024-10-18 23:48:00+00:00, run_after=2024-10-18 23:50:00+00:00
[2024-10-18T23:50:07.481+0000] {processor.py:208} INFO - Processing /home/airflow/.local/lib/python3.12/site-packages/airflow/example_dags/example_sla_dag.py took 0.104 seconds
[2024-10-18T23:50:37.952+0000] {processor.py:186} INFO - Started process (PID=2199) to work on /home/airflow/.local/lib/python3.12/site-packages/airflow/example_dags/example_sla_dag.py
[2024-10-18T23:50:37.954+0000] {processor.py:914} INFO - Processing file /home/airflow/.local/lib/python3.12/site-packages/airflow/example_dags/example_sla_dag.py for tasks to queue
[2024-10-18T23:50:37.958+0000] {logging_mixin.py:190} INFO - [2024-10-18T23:50:37.958+0000] {dagbag.py:588} INFO - Filling up the DagBag from /home/airflow/.local/lib/python3.12/site-packages/airflow/example_dags/example_sla_dag.py
[2024-10-18T23:50:37.979+0000] {processor.py:925} INFO - DAG(s) 'example_sla_dag' retrieved from /home/airflow/.local/lib/python3.12/site-packages/airflow/example_dags/example_sla_dag.py
[2024-10-18T23:50:38.017+0000] {logging_mixin.py:190} INFO - [2024-10-18T23:50:38.016+0000] {dag.py:3239} INFO - Sync 1 DAGs
[2024-10-18T23:50:38.082+0000] {logging_mixin.py:190} INFO - [2024-10-18T23:50:38.081+0000] {dag.py:4180} INFO - Setting next_dagrun for example_sla_dag to 2024-10-18 23:48:00+00:00, run_after=2024-10-18 23:50:00+00:00
[2024-10-18T23:50:38.130+0000] {processor.py:208} INFO - Processing /home/airflow/.local/lib/python3.12/site-packages/airflow/example_dags/example_sla_dag.py took 0.190 seconds
[2024-10-18T23:51:08.381+0000] {processor.py:186} INFO - Started process (PID=2261) to work on /home/airflow/.local/lib/python3.12/site-packages/airflow/example_dags/example_sla_dag.py
[2024-10-18T23:51:08.383+0000] {processor.py:914} INFO - Processing file /home/airflow/.local/lib/python3.12/site-packages/airflow/example_dags/example_sla_dag.py for tasks to queue
[2024-10-18T23:51:08.387+0000] {logging_mixin.py:190} INFO - [2024-10-18T23:51:08.386+0000] {dagbag.py:588} INFO - Filling up the DagBag from /home/airflow/.local/lib/python3.12/site-packages/airflow/example_dags/example_sla_dag.py
[2024-10-18T23:51:08.407+0000] {processor.py:925} INFO - DAG(s) 'example_sla_dag' retrieved from /home/airflow/.local/lib/python3.12/site-packages/airflow/example_dags/example_sla_dag.py
[2024-10-18T23:51:08.441+0000] {logging_mixin.py:190} INFO - [2024-10-18T23:51:08.440+0000] {dag.py:3239} INFO - Sync 1 DAGs
[2024-10-18T23:51:08.488+0000] {logging_mixin.py:190} INFO - [2024-10-18T23:51:08.487+0000] {dag.py:4180} INFO - Setting next_dagrun for example_sla_dag to 2024-10-18 23:48:00+00:00, run_after=2024-10-18 23:50:00+00:00
[2024-10-18T23:51:08.525+0000] {processor.py:208} INFO - Processing /home/airflow/.local/lib/python3.12/site-packages/airflow/example_dags/example_sla_dag.py took 0.156 seconds
[2024-10-18T23:51:38.928+0000] {processor.py:186} INFO - Started process (PID=2323) to work on /home/airflow/.local/lib/python3.12/site-packages/airflow/example_dags/example_sla_dag.py
[2024-10-18T23:51:38.930+0000] {processor.py:914} INFO - Processing file /home/airflow/.local/lib/python3.12/site-packages/airflow/example_dags/example_sla_dag.py for tasks to queue
[2024-10-18T23:51:38.934+0000] {logging_mixin.py:190} INFO - [2024-10-18T23:51:38.934+0000] {dagbag.py:588} INFO - Filling up the DagBag from /home/airflow/.local/lib/python3.12/site-packages/airflow/example_dags/example_sla_dag.py
[2024-10-18T23:51:38.952+0000] {processor.py:925} INFO - DAG(s) 'example_sla_dag' retrieved from /home/airflow/.local/lib/python3.12/site-packages/airflow/example_dags/example_sla_dag.py
[2024-10-18T23:51:38.983+0000] {logging_mixin.py:190} INFO - [2024-10-18T23:51:38.983+0000] {dag.py:3239} INFO - Sync 1 DAGs
[2024-10-18T23:51:39.021+0000] {logging_mixin.py:190} INFO - [2024-10-18T23:51:39.020+0000] {dag.py:4180} INFO - Setting next_dagrun for example_sla_dag to 2024-10-18 23:48:00+00:00, run_after=2024-10-18 23:50:00+00:00
[2024-10-18T23:51:39.053+0000] {processor.py:208} INFO - Processing /home/airflow/.local/lib/python3.12/site-packages/airflow/example_dags/example_sla_dag.py took 0.137 seconds
[2024-10-18T23:52:16.321+0000] {processor.py:186} INFO - Started process (PID=2403) to work on /home/airflow/.local/lib/python3.12/site-packages/airflow/example_dags/example_sla_dag.py
[2024-10-18T23:52:16.323+0000] {processor.py:914} INFO - Processing file /home/airflow/.local/lib/python3.12/site-packages/airflow/example_dags/example_sla_dag.py for tasks to queue
[2024-10-18T23:52:16.327+0000] {logging_mixin.py:190} INFO - [2024-10-18T23:52:16.327+0000] {dagbag.py:588} INFO - Filling up the DagBag from /home/airflow/.local/lib/python3.12/site-packages/airflow/example_dags/example_sla_dag.py
[2024-10-18T23:52:16.349+0000] {processor.py:925} INFO - DAG(s) 'example_sla_dag' retrieved from /home/airflow/.local/lib/python3.12/site-packages/airflow/example_dags/example_sla_dag.py
[2024-10-18T23:52:16.384+0000] {logging_mixin.py:190} INFO - [2024-10-18T23:52:16.383+0000] {dag.py:3239} INFO - Sync 1 DAGs
[2024-10-18T23:52:16.428+0000] {logging_mixin.py:190} INFO - [2024-10-18T23:52:16.427+0000] {dag.py:4180} INFO - Setting next_dagrun for example_sla_dag to 2024-10-18 23:50:00+00:00, run_after=2024-10-18 23:52:00+00:00
[2024-10-18T23:52:16.460+0000] {processor.py:208} INFO - Processing /home/airflow/.local/lib/python3.12/site-packages/airflow/example_dags/example_sla_dag.py took 0.150 seconds
[2024-10-18T23:52:47.795+0000] {processor.py:186} INFO - Started process (PID=2466) to work on /home/airflow/.local/lib/python3.12/site-packages/airflow/example_dags/example_sla_dag.py
[2024-10-18T23:52:47.797+0000] {processor.py:914} INFO - Processing file /home/airflow/.local/lib/python3.12/site-packages/airflow/example_dags/example_sla_dag.py for tasks to queue
[2024-10-18T23:52:47.802+0000] {logging_mixin.py:190} INFO - [2024-10-18T23:52:47.801+0000] {dagbag.py:588} INFO - Filling up the DagBag from /home/airflow/.local/lib/python3.12/site-packages/airflow/example_dags/example_sla_dag.py
[2024-10-18T23:52:47.820+0000] {processor.py:925} INFO - DAG(s) 'example_sla_dag' retrieved from /home/airflow/.local/lib/python3.12/site-packages/airflow/example_dags/example_sla_dag.py
[2024-10-18T23:52:47.852+0000] {logging_mixin.py:190} INFO - [2024-10-18T23:52:47.852+0000] {dag.py:3239} INFO - Sync 1 DAGs
[2024-10-18T23:52:47.896+0000] {logging_mixin.py:190} INFO - [2024-10-18T23:52:47.896+0000] {dag.py:4180} INFO - Setting next_dagrun for example_sla_dag to 2024-10-18 23:50:00+00:00, run_after=2024-10-18 23:52:00+00:00
[2024-10-18T23:52:47.928+0000] {processor.py:208} INFO - Processing /home/airflow/.local/lib/python3.12/site-packages/airflow/example_dags/example_sla_dag.py took 0.144 seconds
[2024-10-18T23:53:24.628+0000] {processor.py:186} INFO - Started process (PID=2529) to work on /home/airflow/.local/lib/python3.12/site-packages/airflow/example_dags/example_sla_dag.py
[2024-10-18T23:53:24.632+0000] {processor.py:914} INFO - Processing file /home/airflow/.local/lib/python3.12/site-packages/airflow/example_dags/example_sla_dag.py for tasks to queue
[2024-10-18T23:53:24.639+0000] {logging_mixin.py:190} INFO - [2024-10-18T23:53:24.638+0000] {dagbag.py:588} INFO - Filling up the DagBag from /home/airflow/.local/lib/python3.12/site-packages/airflow/example_dags/example_sla_dag.py
[2024-10-18T23:53:24.670+0000] {processor.py:925} INFO - DAG(s) 'example_sla_dag' retrieved from /home/airflow/.local/lib/python3.12/site-packages/airflow/example_dags/example_sla_dag.py
[2024-10-18T23:53:24.739+0000] {logging_mixin.py:190} INFO - [2024-10-18T23:53:24.738+0000] {dag.py:3239} INFO - Sync 1 DAGs
[2024-10-18T23:53:24.838+0000] {logging_mixin.py:190} INFO - [2024-10-18T23:53:24.836+0000] {dag.py:4180} INFO - Setting next_dagrun for example_sla_dag to 2024-10-18 23:50:00+00:00, run_after=2024-10-18 23:52:00+00:00
[2024-10-18T23:53:24.898+0000] {processor.py:208} INFO - Processing /home/airflow/.local/lib/python3.12/site-packages/airflow/example_dags/example_sla_dag.py took 0.291 seconds
[2024-10-18T23:53:55.444+0000] {processor.py:186} INFO - Started process (PID=2591) to work on /home/airflow/.local/lib/python3.12/site-packages/airflow/example_dags/example_sla_dag.py
[2024-10-18T23:53:55.447+0000] {processor.py:914} INFO - Processing file /home/airflow/.local/lib/python3.12/site-packages/airflow/example_dags/example_sla_dag.py for tasks to queue
[2024-10-18T23:53:55.452+0000] {logging_mixin.py:190} INFO - [2024-10-18T23:53:55.451+0000] {dagbag.py:588} INFO - Filling up the DagBag from /home/airflow/.local/lib/python3.12/site-packages/airflow/example_dags/example_sla_dag.py
[2024-10-18T23:53:55.477+0000] {processor.py:925} INFO - DAG(s) 'example_sla_dag' retrieved from /home/airflow/.local/lib/python3.12/site-packages/airflow/example_dags/example_sla_dag.py
[2024-10-18T23:53:55.523+0000] {logging_mixin.py:190} INFO - [2024-10-18T23:53:55.522+0000] {dag.py:3239} INFO - Sync 1 DAGs
[2024-10-18T23:53:55.590+0000] {logging_mixin.py:190} INFO - [2024-10-18T23:53:55.589+0000] {dag.py:4180} INFO - Setting next_dagrun for example_sla_dag to 2024-10-18 23:50:00+00:00, run_after=2024-10-18 23:52:00+00:00
[2024-10-18T23:53:55.651+0000] {processor.py:208} INFO - Processing /home/airflow/.local/lib/python3.12/site-packages/airflow/example_dags/example_sla_dag.py took 0.217 seconds
[2024-10-18T23:54:27.261+0000] {processor.py:186} INFO - Started process (PID=2652) to work on /home/airflow/.local/lib/python3.12/site-packages/airflow/example_dags/example_sla_dag.py
[2024-10-18T23:54:27.269+0000] {processor.py:914} INFO - Processing file /home/airflow/.local/lib/python3.12/site-packages/airflow/example_dags/example_sla_dag.py for tasks to queue
[2024-10-18T23:54:27.274+0000] {logging_mixin.py:190} INFO - [2024-10-18T23:54:27.273+0000] {dagbag.py:588} INFO - Filling up the DagBag from /home/airflow/.local/lib/python3.12/site-packages/airflow/example_dags/example_sla_dag.py
[2024-10-18T23:54:27.332+0000] {processor.py:925} INFO - DAG(s) 'example_sla_dag' retrieved from /home/airflow/.local/lib/python3.12/site-packages/airflow/example_dags/example_sla_dag.py
[2024-10-18T23:54:27.473+0000] {logging_mixin.py:190} INFO - [2024-10-18T23:54:27.472+0000] {dag.py:3239} INFO - Sync 1 DAGs
[2024-10-18T23:54:27.610+0000] {logging_mixin.py:190} INFO - [2024-10-18T23:54:27.609+0000] {dag.py:4180} INFO - Setting next_dagrun for example_sla_dag to 2024-10-18 23:52:00+00:00, run_after=2024-10-18 23:54:00+00:00
[2024-10-18T23:54:27.714+0000] {processor.py:208} INFO - Processing /home/airflow/.local/lib/python3.12/site-packages/airflow/example_dags/example_sla_dag.py took 0.465 seconds
[2024-10-18T23:54:57.831+0000] {processor.py:186} INFO - Started process (PID=2714) to work on /home/airflow/.local/lib/python3.12/site-packages/airflow/example_dags/example_sla_dag.py
[2024-10-18T23:54:57.833+0000] {processor.py:914} INFO - Processing file /home/airflow/.local/lib/python3.12/site-packages/airflow/example_dags/example_sla_dag.py for tasks to queue
[2024-10-18T23:54:57.836+0000] {logging_mixin.py:190} INFO - [2024-10-18T23:54:57.836+0000] {dagbag.py:588} INFO - Filling up the DagBag from /home/airflow/.local/lib/python3.12/site-packages/airflow/example_dags/example_sla_dag.py
[2024-10-18T23:54:57.852+0000] {processor.py:925} INFO - DAG(s) 'example_sla_dag' retrieved from /home/airflow/.local/lib/python3.12/site-packages/airflow/example_dags/example_sla_dag.py
[2024-10-18T23:54:57.881+0000] {logging_mixin.py:190} INFO - [2024-10-18T23:54:57.881+0000] {dag.py:3239} INFO - Sync 1 DAGs
[2024-10-18T23:54:57.918+0000] {logging_mixin.py:190} INFO - [2024-10-18T23:54:57.918+0000] {dag.py:4180} INFO - Setting next_dagrun for example_sla_dag to 2024-10-18 23:52:00+00:00, run_after=2024-10-18 23:54:00+00:00
[2024-10-18T23:54:57.948+0000] {processor.py:208} INFO - Processing /home/airflow/.local/lib/python3.12/site-packages/airflow/example_dags/example_sla_dag.py took 0.125 seconds
[2024-10-18T23:56:58.830+0000] {processor.py:186} INFO - Started process (PID=2806) to work on /home/airflow/.local/lib/python3.12/site-packages/airflow/example_dags/example_sla_dag.py
[2024-10-18T23:56:58.832+0000] {processor.py:914} INFO - Processing file /home/airflow/.local/lib/python3.12/site-packages/airflow/example_dags/example_sla_dag.py for tasks to queue
[2024-10-18T23:56:58.836+0000] {logging_mixin.py:190} INFO - [2024-10-18T23:56:58.836+0000] {dagbag.py:588} INFO - Filling up the DagBag from /home/airflow/.local/lib/python3.12/site-packages/airflow/example_dags/example_sla_dag.py
[2024-10-18T23:56:58.861+0000] {processor.py:925} INFO - DAG(s) 'example_sla_dag' retrieved from /home/airflow/.local/lib/python3.12/site-packages/airflow/example_dags/example_sla_dag.py
[2024-10-18T23:56:58.899+0000] {logging_mixin.py:190} INFO - [2024-10-18T23:56:58.899+0000] {dag.py:3239} INFO - Sync 1 DAGs
[2024-10-18T23:56:58.949+0000] {logging_mixin.py:190} INFO - [2024-10-18T23:56:58.948+0000] {dag.py:4180} INFO - Setting next_dagrun for example_sla_dag to 2024-10-18 23:54:00+00:00, run_after=2024-10-18 23:56:00+00:00
[2024-10-18T23:56:58.983+0000] {processor.py:208} INFO - Processing /home/airflow/.local/lib/python3.12/site-packages/airflow/example_dags/example_sla_dag.py took 0.166 seconds
[2024-10-18T23:57:30.249+0000] {processor.py:186} INFO - Started process (PID=2869) to work on /home/airflow/.local/lib/python3.12/site-packages/airflow/example_dags/example_sla_dag.py
[2024-10-18T23:57:30.251+0000] {processor.py:914} INFO - Processing file /home/airflow/.local/lib/python3.12/site-packages/airflow/example_dags/example_sla_dag.py for tasks to queue
[2024-10-18T23:57:30.256+0000] {logging_mixin.py:190} INFO - [2024-10-18T23:57:30.255+0000] {dagbag.py:588} INFO - Filling up the DagBag from /home/airflow/.local/lib/python3.12/site-packages/airflow/example_dags/example_sla_dag.py
[2024-10-18T23:57:30.274+0000] {processor.py:925} INFO - DAG(s) 'example_sla_dag' retrieved from /home/airflow/.local/lib/python3.12/site-packages/airflow/example_dags/example_sla_dag.py
[2024-10-18T23:57:30.306+0000] {logging_mixin.py:190} INFO - [2024-10-18T23:57:30.305+0000] {dag.py:3239} INFO - Sync 1 DAGs
[2024-10-18T23:57:30.356+0000] {logging_mixin.py:190} INFO - [2024-10-18T23:57:30.356+0000] {dag.py:4180} INFO - Setting next_dagrun for example_sla_dag to 2024-10-18 23:54:00+00:00, run_after=2024-10-18 23:56:00+00:00
[2024-10-18T23:57:30.408+0000] {processor.py:208} INFO - Processing /home/airflow/.local/lib/python3.12/site-packages/airflow/example_dags/example_sla_dag.py took 0.168 seconds
[2024-10-18T23:58:01.724+0000] {processor.py:186} INFO - Started process (PID=2931) to work on /home/airflow/.local/lib/python3.12/site-packages/airflow/example_dags/example_sla_dag.py
[2024-10-18T23:58:01.725+0000] {processor.py:914} INFO - Processing file /home/airflow/.local/lib/python3.12/site-packages/airflow/example_dags/example_sla_dag.py for tasks to queue
[2024-10-18T23:58:01.730+0000] {logging_mixin.py:190} INFO - [2024-10-18T23:58:01.729+0000] {dagbag.py:588} INFO - Filling up the DagBag from /home/airflow/.local/lib/python3.12/site-packages/airflow/example_dags/example_sla_dag.py
[2024-10-18T23:58:01.747+0000] {processor.py:925} INFO - DAG(s) 'example_sla_dag' retrieved from /home/airflow/.local/lib/python3.12/site-packages/airflow/example_dags/example_sla_dag.py
[2024-10-18T23:58:01.788+0000] {logging_mixin.py:190} INFO - [2024-10-18T23:58:01.787+0000] {dag.py:3239} INFO - Sync 1 DAGs
[2024-10-18T23:58:02.095+0000] {logging_mixin.py:190} INFO - [2024-10-18T23:58:02.095+0000] {dag.py:4180} INFO - Setting next_dagrun for example_sla_dag to 2024-10-18 23:56:00+00:00, run_after=2024-10-18 23:58:00+00:00
[2024-10-18T23:58:02.129+0000] {processor.py:208} INFO - Processing /home/airflow/.local/lib/python3.12/site-packages/airflow/example_dags/example_sla_dag.py took 0.415 seconds
[2024-10-18T23:58:32.435+0000] {processor.py:186} INFO - Started process (PID=2993) to work on /home/airflow/.local/lib/python3.12/site-packages/airflow/example_dags/example_sla_dag.py
[2024-10-18T23:58:32.437+0000] {processor.py:914} INFO - Processing file /home/airflow/.local/lib/python3.12/site-packages/airflow/example_dags/example_sla_dag.py for tasks to queue
[2024-10-18T23:58:32.440+0000] {logging_mixin.py:190} INFO - [2024-10-18T23:58:32.440+0000] {dagbag.py:588} INFO - Filling up the DagBag from /home/airflow/.local/lib/python3.12/site-packages/airflow/example_dags/example_sla_dag.py
[2024-10-18T23:58:32.456+0000] {processor.py:925} INFO - DAG(s) 'example_sla_dag' retrieved from /home/airflow/.local/lib/python3.12/site-packages/airflow/example_dags/example_sla_dag.py
[2024-10-18T23:58:32.485+0000] {logging_mixin.py:190} INFO - [2024-10-18T23:58:32.485+0000] {dag.py:3239} INFO - Sync 1 DAGs
[2024-10-18T23:58:32.522+0000] {logging_mixin.py:190} INFO - [2024-10-18T23:58:32.521+0000] {dag.py:4180} INFO - Setting next_dagrun for example_sla_dag to 2024-10-18 23:56:00+00:00, run_after=2024-10-18 23:58:00+00:00
[2024-10-18T23:58:32.767+0000] {processor.py:208} INFO - Processing /home/airflow/.local/lib/python3.12/site-packages/airflow/example_dags/example_sla_dag.py took 0.340 seconds
[2024-10-18T23:59:03.031+0000] {processor.py:186} INFO - Started process (PID=3055) to work on /home/airflow/.local/lib/python3.12/site-packages/airflow/example_dags/example_sla_dag.py
[2024-10-18T23:59:03.033+0000] {processor.py:914} INFO - Processing file /home/airflow/.local/lib/python3.12/site-packages/airflow/example_dags/example_sla_dag.py for tasks to queue
[2024-10-18T23:59:03.038+0000] {logging_mixin.py:190} INFO - [2024-10-18T23:59:03.037+0000] {dagbag.py:588} INFO - Filling up the DagBag from /home/airflow/.local/lib/python3.12/site-packages/airflow/example_dags/example_sla_dag.py
[2024-10-18T23:59:03.060+0000] {processor.py:925} INFO - DAG(s) 'example_sla_dag' retrieved from /home/airflow/.local/lib/python3.12/site-packages/airflow/example_dags/example_sla_dag.py
[2024-10-18T23:59:03.098+0000] {logging_mixin.py:190} INFO - [2024-10-18T23:59:03.097+0000] {dag.py:3239} INFO - Sync 1 DAGs
[2024-10-18T23:59:03.162+0000] {logging_mixin.py:190} INFO - [2024-10-18T23:59:03.161+0000] {dag.py:4180} INFO - Setting next_dagrun for example_sla_dag to 2024-10-18 23:56:00+00:00, run_after=2024-10-18 23:58:00+00:00
[2024-10-18T23:59:03.214+0000] {processor.py:208} INFO - Processing /home/airflow/.local/lib/python3.12/site-packages/airflow/example_dags/example_sla_dag.py took 0.193 seconds
[2024-10-18T23:59:33.707+0000] {processor.py:186} INFO - Started process (PID=3116) to work on /home/airflow/.local/lib/python3.12/site-packages/airflow/example_dags/example_sla_dag.py
[2024-10-18T23:59:33.709+0000] {processor.py:914} INFO - Processing file /home/airflow/.local/lib/python3.12/site-packages/airflow/example_dags/example_sla_dag.py for tasks to queue
[2024-10-18T23:59:33.712+0000] {logging_mixin.py:190} INFO - [2024-10-18T23:59:33.712+0000] {dagbag.py:588} INFO - Filling up the DagBag from /home/airflow/.local/lib/python3.12/site-packages/airflow/example_dags/example_sla_dag.py
[2024-10-18T23:59:33.724+0000] {processor.py:925} INFO - DAG(s) 'example_sla_dag' retrieved from /home/airflow/.local/lib/python3.12/site-packages/airflow/example_dags/example_sla_dag.py
[2024-10-18T23:59:33.745+0000] {logging_mixin.py:190} INFO - [2024-10-18T23:59:33.745+0000] {dag.py:3239} INFO - Sync 1 DAGs
[2024-10-18T23:59:33.774+0000] {logging_mixin.py:190} INFO - [2024-10-18T23:59:33.774+0000] {dag.py:4180} INFO - Setting next_dagrun for example_sla_dag to 2024-10-18 23:56:00+00:00, run_after=2024-10-18 23:58:00+00:00
[2024-10-18T23:59:33.795+0000] {processor.py:208} INFO - Processing /home/airflow/.local/lib/python3.12/site-packages/airflow/example_dags/example_sla_dag.py took 0.095 seconds
