[2024-10-18T23:32:45.973+0000] {processor.py:186} INFO - Started process (PID=78) to work on /home/airflow/.local/lib/python3.12/site-packages/airflow/example_dags/example_python_operator.py
[2024-10-18T23:32:45.974+0000] {processor.py:914} INFO - Processing file /home/airflow/.local/lib/python3.12/site-packages/airflow/example_dags/example_python_operator.py for tasks to queue
[2024-10-18T23:32:45.985+0000] {logging_mixin.py:190} INFO - [2024-10-18T23:32:45.985+0000] {dagbag.py:588} INFO - Filling up the DagBag from /home/airflow/.local/lib/python3.12/site-packages/airflow/example_dags/example_python_operator.py
[2024-10-18T23:32:46.073+0000] {processor.py:925} INFO - DAG(s) 'example_python_operator' retrieved from /home/airflow/.local/lib/python3.12/site-packages/airflow/example_dags/example_python_operator.py
[2024-10-18T23:32:48.776+0000] {logging_mixin.py:190} INFO - [2024-10-18T23:32:48.774+0000] {override.py:1900} INFO - Created Permission View: can read on DAG:example_python_operator
[2024-10-18T23:32:48.884+0000] {logging_mixin.py:190} INFO - [2024-10-18T23:32:48.883+0000] {override.py:1900} INFO - Created Permission View: can edit on DAG:example_python_operator
[2024-10-18T23:32:49.092+0000] {logging_mixin.py:190} INFO - [2024-10-18T23:32:49.092+0000] {override.py:1900} INFO - Created Permission View: can delete on DAG:example_python_operator
[2024-10-18T23:32:49.115+0000] {logging_mixin.py:190} INFO - [2024-10-18T23:32:49.115+0000] {override.py:1900} INFO - Created Permission View: can read on DAG Run:example_python_operator
[2024-10-18T23:32:49.134+0000] {logging_mixin.py:190} INFO - [2024-10-18T23:32:49.134+0000] {override.py:1900} INFO - Created Permission View: can create on DAG Run:example_python_operator
[2024-10-18T23:32:49.152+0000] {logging_mixin.py:190} INFO - [2024-10-18T23:32:49.151+0000] {override.py:1900} INFO - Created Permission View: menu access on DAG Run:example_python_operator
[2024-10-18T23:32:49.172+0000] {logging_mixin.py:190} INFO - [2024-10-18T23:32:49.171+0000] {override.py:1900} INFO - Created Permission View: can delete on DAG Run:example_python_operator
[2024-10-18T23:32:49.173+0000] {logging_mixin.py:190} INFO - [2024-10-18T23:32:49.173+0000] {dag.py:3239} INFO - Sync 1 DAGs
[2024-10-18T23:32:49.253+0000] {logging_mixin.py:190} INFO - [2024-10-18T23:32:49.253+0000] {dag.py:3262} INFO - Creating ORM DAG for example_python_operator
[2024-10-18T23:32:49.393+0000] {logging_mixin.py:190} INFO - [2024-10-18T23:32:49.393+0000] {dag.py:4180} INFO - Setting next_dagrun for example_python_operator to None, run_after=None
[2024-10-18T23:32:49.480+0000] {processor.py:208} INFO - Processing /home/airflow/.local/lib/python3.12/site-packages/airflow/example_dags/example_python_operator.py took 3.530 seconds
[2024-10-18T23:33:33.025+0000] {processor.py:186} INFO - Started process (PID=140) to work on /home/airflow/.local/lib/python3.12/site-packages/airflow/example_dags/example_python_operator.py
[2024-10-18T23:33:33.027+0000] {processor.py:914} INFO - Processing file /home/airflow/.local/lib/python3.12/site-packages/airflow/example_dags/example_python_operator.py for tasks to queue
[2024-10-18T23:33:33.031+0000] {logging_mixin.py:190} INFO - [2024-10-18T23:33:33.030+0000] {dagbag.py:588} INFO - Filling up the DagBag from /home/airflow/.local/lib/python3.12/site-packages/airflow/example_dags/example_python_operator.py
[2024-10-18T23:33:33.065+0000] {processor.py:925} INFO - DAG(s) 'example_python_operator' retrieved from /home/airflow/.local/lib/python3.12/site-packages/airflow/example_dags/example_python_operator.py
[2024-10-18T23:33:33.121+0000] {logging_mixin.py:190} INFO - [2024-10-18T23:33:33.121+0000] {dag.py:3239} INFO - Sync 1 DAGs
[2024-10-18T23:33:33.157+0000] {logging_mixin.py:190} INFO - [2024-10-18T23:33:33.156+0000] {dag.py:4180} INFO - Setting next_dagrun for example_python_operator to None, run_after=None
[2024-10-18T23:33:33.398+0000] {processor.py:208} INFO - Processing /home/airflow/.local/lib/python3.12/site-packages/airflow/example_dags/example_python_operator.py took 0.385 seconds
[2024-10-18T23:34:03.771+0000] {processor.py:186} INFO - Started process (PID=202) to work on /home/airflow/.local/lib/python3.12/site-packages/airflow/example_dags/example_python_operator.py
[2024-10-18T23:34:03.772+0000] {processor.py:914} INFO - Processing file /home/airflow/.local/lib/python3.12/site-packages/airflow/example_dags/example_python_operator.py for tasks to queue
[2024-10-18T23:34:03.779+0000] {logging_mixin.py:190} INFO - [2024-10-18T23:34:03.778+0000] {dagbag.py:588} INFO - Filling up the DagBag from /home/airflow/.local/lib/python3.12/site-packages/airflow/example_dags/example_python_operator.py
[2024-10-18T23:34:03.813+0000] {processor.py:925} INFO - DAG(s) 'example_python_operator' retrieved from /home/airflow/.local/lib/python3.12/site-packages/airflow/example_dags/example_python_operator.py
[2024-10-18T23:34:03.852+0000] {logging_mixin.py:190} INFO - [2024-10-18T23:34:03.852+0000] {dag.py:3239} INFO - Sync 1 DAGs
[2024-10-18T23:34:03.880+0000] {logging_mixin.py:190} INFO - [2024-10-18T23:34:03.880+0000] {dag.py:4180} INFO - Setting next_dagrun for example_python_operator to None, run_after=None
[2024-10-18T23:34:03.915+0000] {processor.py:208} INFO - Processing /home/airflow/.local/lib/python3.12/site-packages/airflow/example_dags/example_python_operator.py took 0.161 seconds
[2024-10-18T23:34:34.236+0000] {processor.py:186} INFO - Started process (PID=264) to work on /home/airflow/.local/lib/python3.12/site-packages/airflow/example_dags/example_python_operator.py
[2024-10-18T23:34:34.238+0000] {processor.py:914} INFO - Processing file /home/airflow/.local/lib/python3.12/site-packages/airflow/example_dags/example_python_operator.py for tasks to queue
[2024-10-18T23:34:34.240+0000] {logging_mixin.py:190} INFO - [2024-10-18T23:34:34.240+0000] {dagbag.py:588} INFO - Filling up the DagBag from /home/airflow/.local/lib/python3.12/site-packages/airflow/example_dags/example_python_operator.py
[2024-10-18T23:34:34.252+0000] {processor.py:925} INFO - DAG(s) 'example_python_operator' retrieved from /home/airflow/.local/lib/python3.12/site-packages/airflow/example_dags/example_python_operator.py
[2024-10-18T23:34:34.275+0000] {logging_mixin.py:190} INFO - [2024-10-18T23:34:34.274+0000] {dag.py:3239} INFO - Sync 1 DAGs
[2024-10-18T23:34:34.289+0000] {logging_mixin.py:190} INFO - [2024-10-18T23:34:34.289+0000] {dag.py:4180} INFO - Setting next_dagrun for example_python_operator to None, run_after=None
[2024-10-18T23:34:34.310+0000] {processor.py:208} INFO - Processing /home/airflow/.local/lib/python3.12/site-packages/airflow/example_dags/example_python_operator.py took 0.079 seconds
[2024-10-18T23:35:04.782+0000] {processor.py:186} INFO - Started process (PID=322) to work on /home/airflow/.local/lib/python3.12/site-packages/airflow/example_dags/example_python_operator.py
[2024-10-18T23:35:04.784+0000] {processor.py:914} INFO - Processing file /home/airflow/.local/lib/python3.12/site-packages/airflow/example_dags/example_python_operator.py for tasks to queue
[2024-10-18T23:35:04.788+0000] {logging_mixin.py:190} INFO - [2024-10-18T23:35:04.788+0000] {dagbag.py:588} INFO - Filling up the DagBag from /home/airflow/.local/lib/python3.12/site-packages/airflow/example_dags/example_python_operator.py
[2024-10-18T23:35:04.807+0000] {processor.py:925} INFO - DAG(s) 'example_python_operator' retrieved from /home/airflow/.local/lib/python3.12/site-packages/airflow/example_dags/example_python_operator.py
[2024-10-18T23:35:04.838+0000] {logging_mixin.py:190} INFO - [2024-10-18T23:35:04.838+0000] {dag.py:3239} INFO - Sync 1 DAGs
[2024-10-18T23:35:04.863+0000] {logging_mixin.py:190} INFO - [2024-10-18T23:35:04.862+0000] {dag.py:4180} INFO - Setting next_dagrun for example_python_operator to None, run_after=None
[2024-10-18T23:35:04.894+0000] {processor.py:208} INFO - Processing /home/airflow/.local/lib/python3.12/site-packages/airflow/example_dags/example_python_operator.py took 0.122 seconds
[2024-10-18T23:35:35.216+0000] {processor.py:186} INFO - Started process (PID=384) to work on /home/airflow/.local/lib/python3.12/site-packages/airflow/example_dags/example_python_operator.py
[2024-10-18T23:35:35.217+0000] {processor.py:914} INFO - Processing file /home/airflow/.local/lib/python3.12/site-packages/airflow/example_dags/example_python_operator.py for tasks to queue
[2024-10-18T23:35:35.221+0000] {logging_mixin.py:190} INFO - [2024-10-18T23:35:35.220+0000] {dagbag.py:588} INFO - Filling up the DagBag from /home/airflow/.local/lib/python3.12/site-packages/airflow/example_dags/example_python_operator.py
[2024-10-18T23:35:35.238+0000] {processor.py:925} INFO - DAG(s) 'example_python_operator' retrieved from /home/airflow/.local/lib/python3.12/site-packages/airflow/example_dags/example_python_operator.py
[2024-10-18T23:35:35.265+0000] {logging_mixin.py:190} INFO - [2024-10-18T23:35:35.264+0000] {dag.py:3239} INFO - Sync 1 DAGs
[2024-10-18T23:35:35.284+0000] {logging_mixin.py:190} INFO - [2024-10-18T23:35:35.283+0000] {dag.py:4180} INFO - Setting next_dagrun for example_python_operator to None, run_after=None
[2024-10-18T23:35:35.307+0000] {processor.py:208} INFO - Processing /home/airflow/.local/lib/python3.12/site-packages/airflow/example_dags/example_python_operator.py took 0.097 seconds
[2024-10-18T23:36:06.067+0000] {processor.py:186} INFO - Started process (PID=446) to work on /home/airflow/.local/lib/python3.12/site-packages/airflow/example_dags/example_python_operator.py
[2024-10-18T23:36:06.069+0000] {processor.py:914} INFO - Processing file /home/airflow/.local/lib/python3.12/site-packages/airflow/example_dags/example_python_operator.py for tasks to queue
[2024-10-18T23:36:06.073+0000] {logging_mixin.py:190} INFO - [2024-10-18T23:36:06.072+0000] {dagbag.py:588} INFO - Filling up the DagBag from /home/airflow/.local/lib/python3.12/site-packages/airflow/example_dags/example_python_operator.py
[2024-10-18T23:36:06.092+0000] {processor.py:925} INFO - DAG(s) 'example_python_operator' retrieved from /home/airflow/.local/lib/python3.12/site-packages/airflow/example_dags/example_python_operator.py
[2024-10-18T23:36:06.120+0000] {logging_mixin.py:190} INFO - [2024-10-18T23:36:06.120+0000] {dag.py:3239} INFO - Sync 1 DAGs
[2024-10-18T23:36:06.145+0000] {logging_mixin.py:190} INFO - [2024-10-18T23:36:06.144+0000] {dag.py:4180} INFO - Setting next_dagrun for example_python_operator to None, run_after=None
[2024-10-18T23:36:06.187+0000] {processor.py:208} INFO - Processing /home/airflow/.local/lib/python3.12/site-packages/airflow/example_dags/example_python_operator.py took 0.127 seconds
[2024-10-18T23:36:37.082+0000] {processor.py:186} INFO - Started process (PID=514) to work on /home/airflow/.local/lib/python3.12/site-packages/airflow/example_dags/example_python_operator.py
[2024-10-18T23:36:37.083+0000] {processor.py:914} INFO - Processing file /home/airflow/.local/lib/python3.12/site-packages/airflow/example_dags/example_python_operator.py for tasks to queue
[2024-10-18T23:36:37.087+0000] {logging_mixin.py:190} INFO - [2024-10-18T23:36:37.086+0000] {dagbag.py:588} INFO - Filling up the DagBag from /home/airflow/.local/lib/python3.12/site-packages/airflow/example_dags/example_python_operator.py
[2024-10-18T23:36:37.106+0000] {processor.py:925} INFO - DAG(s) 'example_python_operator' retrieved from /home/airflow/.local/lib/python3.12/site-packages/airflow/example_dags/example_python_operator.py
[2024-10-18T23:36:37.138+0000] {logging_mixin.py:190} INFO - [2024-10-18T23:36:37.138+0000] {dag.py:3239} INFO - Sync 1 DAGs
[2024-10-18T23:36:37.160+0000] {logging_mixin.py:190} INFO - [2024-10-18T23:36:37.160+0000] {dag.py:4180} INFO - Setting next_dagrun for example_python_operator to None, run_after=None
[2024-10-18T23:36:37.187+0000] {processor.py:208} INFO - Processing /home/airflow/.local/lib/python3.12/site-packages/airflow/example_dags/example_python_operator.py took 0.114 seconds
[2024-10-18T23:37:07.332+0000] {processor.py:186} INFO - Started process (PID=576) to work on /home/airflow/.local/lib/python3.12/site-packages/airflow/example_dags/example_python_operator.py
[2024-10-18T23:37:07.333+0000] {processor.py:914} INFO - Processing file /home/airflow/.local/lib/python3.12/site-packages/airflow/example_dags/example_python_operator.py for tasks to queue
[2024-10-18T23:37:07.337+0000] {logging_mixin.py:190} INFO - [2024-10-18T23:37:07.336+0000] {dagbag.py:588} INFO - Filling up the DagBag from /home/airflow/.local/lib/python3.12/site-packages/airflow/example_dags/example_python_operator.py
[2024-10-18T23:37:07.349+0000] {processor.py:925} INFO - DAG(s) 'example_python_operator' retrieved from /home/airflow/.local/lib/python3.12/site-packages/airflow/example_dags/example_python_operator.py
[2024-10-18T23:37:07.368+0000] {logging_mixin.py:190} INFO - [2024-10-18T23:37:07.368+0000] {dag.py:3239} INFO - Sync 1 DAGs
[2024-10-18T23:37:07.383+0000] {logging_mixin.py:190} INFO - [2024-10-18T23:37:07.382+0000] {dag.py:4180} INFO - Setting next_dagrun for example_python_operator to None, run_after=None
[2024-10-18T23:37:07.402+0000] {processor.py:208} INFO - Processing /home/airflow/.local/lib/python3.12/site-packages/airflow/example_dags/example_python_operator.py took 0.075 seconds
[2024-10-18T23:37:38.479+0000] {processor.py:186} INFO - Started process (PID=638) to work on /home/airflow/.local/lib/python3.12/site-packages/airflow/example_dags/example_python_operator.py
[2024-10-18T23:37:38.480+0000] {processor.py:914} INFO - Processing file /home/airflow/.local/lib/python3.12/site-packages/airflow/example_dags/example_python_operator.py for tasks to queue
[2024-10-18T23:37:38.484+0000] {logging_mixin.py:190} INFO - [2024-10-18T23:37:38.483+0000] {dagbag.py:588} INFO - Filling up the DagBag from /home/airflow/.local/lib/python3.12/site-packages/airflow/example_dags/example_python_operator.py
[2024-10-18T23:37:38.500+0000] {processor.py:925} INFO - DAG(s) 'example_python_operator' retrieved from /home/airflow/.local/lib/python3.12/site-packages/airflow/example_dags/example_python_operator.py
[2024-10-18T23:37:38.533+0000] {logging_mixin.py:190} INFO - [2024-10-18T23:37:38.532+0000] {dag.py:3239} INFO - Sync 1 DAGs
[2024-10-18T23:37:38.548+0000] {logging_mixin.py:190} INFO - [2024-10-18T23:37:38.548+0000] {dag.py:4180} INFO - Setting next_dagrun for example_python_operator to None, run_after=None
[2024-10-18T23:37:38.574+0000] {processor.py:208} INFO - Processing /home/airflow/.local/lib/python3.12/site-packages/airflow/example_dags/example_python_operator.py took 0.104 seconds
[2024-10-18T23:38:08.774+0000] {processor.py:186} INFO - Started process (PID=700) to work on /home/airflow/.local/lib/python3.12/site-packages/airflow/example_dags/example_python_operator.py
[2024-10-18T23:38:08.775+0000] {processor.py:914} INFO - Processing file /home/airflow/.local/lib/python3.12/site-packages/airflow/example_dags/example_python_operator.py for tasks to queue
[2024-10-18T23:38:08.777+0000] {logging_mixin.py:190} INFO - [2024-10-18T23:38:08.777+0000] {dagbag.py:588} INFO - Filling up the DagBag from /home/airflow/.local/lib/python3.12/site-packages/airflow/example_dags/example_python_operator.py
[2024-10-18T23:38:08.789+0000] {processor.py:925} INFO - DAG(s) 'example_python_operator' retrieved from /home/airflow/.local/lib/python3.12/site-packages/airflow/example_dags/example_python_operator.py
[2024-10-18T23:38:08.818+0000] {logging_mixin.py:190} INFO - [2024-10-18T23:38:08.817+0000] {dag.py:3239} INFO - Sync 1 DAGs
[2024-10-18T23:38:08.841+0000] {logging_mixin.py:190} INFO - [2024-10-18T23:38:08.841+0000] {dag.py:4180} INFO - Setting next_dagrun for example_python_operator to None, run_after=None
[2024-10-18T23:38:08.871+0000] {processor.py:208} INFO - Processing /home/airflow/.local/lib/python3.12/site-packages/airflow/example_dags/example_python_operator.py took 0.103 seconds
[2024-10-18T23:38:39.340+0000] {processor.py:186} INFO - Started process (PID=762) to work on /home/airflow/.local/lib/python3.12/site-packages/airflow/example_dags/example_python_operator.py
[2024-10-18T23:38:39.341+0000] {processor.py:914} INFO - Processing file /home/airflow/.local/lib/python3.12/site-packages/airflow/example_dags/example_python_operator.py for tasks to queue
[2024-10-18T23:38:39.343+0000] {logging_mixin.py:190} INFO - [2024-10-18T23:38:39.343+0000] {dagbag.py:588} INFO - Filling up the DagBag from /home/airflow/.local/lib/python3.12/site-packages/airflow/example_dags/example_python_operator.py
[2024-10-18T23:38:39.358+0000] {processor.py:925} INFO - DAG(s) 'example_python_operator' retrieved from /home/airflow/.local/lib/python3.12/site-packages/airflow/example_dags/example_python_operator.py
[2024-10-18T23:38:39.379+0000] {logging_mixin.py:190} INFO - [2024-10-18T23:38:39.378+0000] {dag.py:3239} INFO - Sync 1 DAGs
[2024-10-18T23:38:39.394+0000] {logging_mixin.py:190} INFO - [2024-10-18T23:38:39.393+0000] {dag.py:4180} INFO - Setting next_dagrun for example_python_operator to None, run_after=None
[2024-10-18T23:38:39.412+0000] {processor.py:208} INFO - Processing /home/airflow/.local/lib/python3.12/site-packages/airflow/example_dags/example_python_operator.py took 0.077 seconds
[2024-10-18T23:39:10.184+0000] {processor.py:186} INFO - Started process (PID=824) to work on /home/airflow/.local/lib/python3.12/site-packages/airflow/example_dags/example_python_operator.py
[2024-10-18T23:39:10.185+0000] {processor.py:914} INFO - Processing file /home/airflow/.local/lib/python3.12/site-packages/airflow/example_dags/example_python_operator.py for tasks to queue
[2024-10-18T23:39:10.188+0000] {logging_mixin.py:190} INFO - [2024-10-18T23:39:10.188+0000] {dagbag.py:588} INFO - Filling up the DagBag from /home/airflow/.local/lib/python3.12/site-packages/airflow/example_dags/example_python_operator.py
[2024-10-18T23:39:10.201+0000] {processor.py:925} INFO - DAG(s) 'example_python_operator' retrieved from /home/airflow/.local/lib/python3.12/site-packages/airflow/example_dags/example_python_operator.py
[2024-10-18T23:39:10.221+0000] {logging_mixin.py:190} INFO - [2024-10-18T23:39:10.221+0000] {dag.py:3239} INFO - Sync 1 DAGs
[2024-10-18T23:39:10.235+0000] {logging_mixin.py:190} INFO - [2024-10-18T23:39:10.235+0000] {dag.py:4180} INFO - Setting next_dagrun for example_python_operator to None, run_after=None
[2024-10-18T23:39:10.254+0000] {processor.py:208} INFO - Processing /home/airflow/.local/lib/python3.12/site-packages/airflow/example_dags/example_python_operator.py took 0.076 seconds
[2024-10-18T23:39:40.903+0000] {processor.py:186} INFO - Started process (PID=886) to work on /home/airflow/.local/lib/python3.12/site-packages/airflow/example_dags/example_python_operator.py
[2024-10-18T23:39:40.904+0000] {processor.py:914} INFO - Processing file /home/airflow/.local/lib/python3.12/site-packages/airflow/example_dags/example_python_operator.py for tasks to queue
[2024-10-18T23:39:40.907+0000] {logging_mixin.py:190} INFO - [2024-10-18T23:39:40.906+0000] {dagbag.py:588} INFO - Filling up the DagBag from /home/airflow/.local/lib/python3.12/site-packages/airflow/example_dags/example_python_operator.py
[2024-10-18T23:39:40.917+0000] {processor.py:925} INFO - DAG(s) 'example_python_operator' retrieved from /home/airflow/.local/lib/python3.12/site-packages/airflow/example_dags/example_python_operator.py
[2024-10-18T23:39:40.938+0000] {logging_mixin.py:190} INFO - [2024-10-18T23:39:40.937+0000] {dag.py:3239} INFO - Sync 1 DAGs
[2024-10-18T23:39:40.951+0000] {logging_mixin.py:190} INFO - [2024-10-18T23:39:40.950+0000] {dag.py:4180} INFO - Setting next_dagrun for example_python_operator to None, run_after=None
[2024-10-18T23:39:40.969+0000] {processor.py:208} INFO - Processing /home/airflow/.local/lib/python3.12/site-packages/airflow/example_dags/example_python_operator.py took 0.071 seconds
[2024-10-18T23:40:11.407+0000] {processor.py:186} INFO - Started process (PID=948) to work on /home/airflow/.local/lib/python3.12/site-packages/airflow/example_dags/example_python_operator.py
[2024-10-18T23:40:11.409+0000] {processor.py:914} INFO - Processing file /home/airflow/.local/lib/python3.12/site-packages/airflow/example_dags/example_python_operator.py for tasks to queue
[2024-10-18T23:40:11.413+0000] {logging_mixin.py:190} INFO - [2024-10-18T23:40:11.412+0000] {dagbag.py:588} INFO - Filling up the DagBag from /home/airflow/.local/lib/python3.12/site-packages/airflow/example_dags/example_python_operator.py
[2024-10-18T23:40:11.434+0000] {processor.py:925} INFO - DAG(s) 'example_python_operator' retrieved from /home/airflow/.local/lib/python3.12/site-packages/airflow/example_dags/example_python_operator.py
[2024-10-18T23:40:11.461+0000] {logging_mixin.py:190} INFO - [2024-10-18T23:40:11.461+0000] {dag.py:3239} INFO - Sync 1 DAGs
[2024-10-18T23:40:11.481+0000] {logging_mixin.py:190} INFO - [2024-10-18T23:40:11.481+0000] {dag.py:4180} INFO - Setting next_dagrun for example_python_operator to None, run_after=None
[2024-10-18T23:40:11.508+0000] {processor.py:208} INFO - Processing /home/airflow/.local/lib/python3.12/site-packages/airflow/example_dags/example_python_operator.py took 0.109 seconds
[2024-10-18T23:40:41.852+0000] {processor.py:186} INFO - Started process (PID=1010) to work on /home/airflow/.local/lib/python3.12/site-packages/airflow/example_dags/example_python_operator.py
[2024-10-18T23:40:41.854+0000] {processor.py:914} INFO - Processing file /home/airflow/.local/lib/python3.12/site-packages/airflow/example_dags/example_python_operator.py for tasks to queue
[2024-10-18T23:40:41.858+0000] {logging_mixin.py:190} INFO - [2024-10-18T23:40:41.858+0000] {dagbag.py:588} INFO - Filling up the DagBag from /home/airflow/.local/lib/python3.12/site-packages/airflow/example_dags/example_python_operator.py
[2024-10-18T23:40:41.883+0000] {processor.py:925} INFO - DAG(s) 'example_python_operator' retrieved from /home/airflow/.local/lib/python3.12/site-packages/airflow/example_dags/example_python_operator.py
[2024-10-18T23:40:41.924+0000] {logging_mixin.py:190} INFO - [2024-10-18T23:40:41.924+0000] {dag.py:3239} INFO - Sync 1 DAGs
[2024-10-18T23:40:41.951+0000] {logging_mixin.py:190} INFO - [2024-10-18T23:40:41.951+0000] {dag.py:4180} INFO - Setting next_dagrun for example_python_operator to None, run_after=None
[2024-10-18T23:40:41.992+0000] {processor.py:208} INFO - Processing /home/airflow/.local/lib/python3.12/site-packages/airflow/example_dags/example_python_operator.py took 0.151 seconds
[2024-10-18T23:41:12.580+0000] {processor.py:186} INFO - Started process (PID=1072) to work on /home/airflow/.local/lib/python3.12/site-packages/airflow/example_dags/example_python_operator.py
[2024-10-18T23:41:12.582+0000] {processor.py:914} INFO - Processing file /home/airflow/.local/lib/python3.12/site-packages/airflow/example_dags/example_python_operator.py for tasks to queue
[2024-10-18T23:41:12.587+0000] {logging_mixin.py:190} INFO - [2024-10-18T23:41:12.586+0000] {dagbag.py:588} INFO - Filling up the DagBag from /home/airflow/.local/lib/python3.12/site-packages/airflow/example_dags/example_python_operator.py
[2024-10-18T23:41:12.611+0000] {processor.py:925} INFO - DAG(s) 'example_python_operator' retrieved from /home/airflow/.local/lib/python3.12/site-packages/airflow/example_dags/example_python_operator.py
[2024-10-18T23:41:12.645+0000] {logging_mixin.py:190} INFO - [2024-10-18T23:41:12.645+0000] {dag.py:3239} INFO - Sync 1 DAGs
[2024-10-18T23:41:12.671+0000] {logging_mixin.py:190} INFO - [2024-10-18T23:41:12.671+0000] {dag.py:4180} INFO - Setting next_dagrun for example_python_operator to None, run_after=None
[2024-10-18T23:41:12.704+0000] {processor.py:208} INFO - Processing /home/airflow/.local/lib/python3.12/site-packages/airflow/example_dags/example_python_operator.py took 0.136 seconds
[2024-10-18T23:41:43.068+0000] {processor.py:186} INFO - Started process (PID=1134) to work on /home/airflow/.local/lib/python3.12/site-packages/airflow/example_dags/example_python_operator.py
[2024-10-18T23:41:43.071+0000] {processor.py:914} INFO - Processing file /home/airflow/.local/lib/python3.12/site-packages/airflow/example_dags/example_python_operator.py for tasks to queue
[2024-10-18T23:41:43.078+0000] {logging_mixin.py:190} INFO - [2024-10-18T23:41:43.078+0000] {dagbag.py:588} INFO - Filling up the DagBag from /home/airflow/.local/lib/python3.12/site-packages/airflow/example_dags/example_python_operator.py
[2024-10-18T23:41:43.097+0000] {processor.py:925} INFO - DAG(s) 'example_python_operator' retrieved from /home/airflow/.local/lib/python3.12/site-packages/airflow/example_dags/example_python_operator.py
[2024-10-18T23:41:43.129+0000] {logging_mixin.py:190} INFO - [2024-10-18T23:41:43.128+0000] {dag.py:3239} INFO - Sync 1 DAGs
[2024-10-18T23:41:43.149+0000] {logging_mixin.py:190} INFO - [2024-10-18T23:41:43.149+0000] {dag.py:4180} INFO - Setting next_dagrun for example_python_operator to None, run_after=None
[2024-10-18T23:41:43.177+0000] {processor.py:208} INFO - Processing /home/airflow/.local/lib/python3.12/site-packages/airflow/example_dags/example_python_operator.py took 0.118 seconds
[2024-10-18T23:42:13.443+0000] {processor.py:186} INFO - Started process (PID=1196) to work on /home/airflow/.local/lib/python3.12/site-packages/airflow/example_dags/example_python_operator.py
[2024-10-18T23:42:13.444+0000] {processor.py:914} INFO - Processing file /home/airflow/.local/lib/python3.12/site-packages/airflow/example_dags/example_python_operator.py for tasks to queue
[2024-10-18T23:42:13.449+0000] {logging_mixin.py:190} INFO - [2024-10-18T23:42:13.448+0000] {dagbag.py:588} INFO - Filling up the DagBag from /home/airflow/.local/lib/python3.12/site-packages/airflow/example_dags/example_python_operator.py
[2024-10-18T23:42:13.463+0000] {processor.py:925} INFO - DAG(s) 'example_python_operator' retrieved from /home/airflow/.local/lib/python3.12/site-packages/airflow/example_dags/example_python_operator.py
[2024-10-18T23:42:13.488+0000] {logging_mixin.py:190} INFO - [2024-10-18T23:42:13.488+0000] {dag.py:3239} INFO - Sync 1 DAGs
[2024-10-18T23:42:13.511+0000] {logging_mixin.py:190} INFO - [2024-10-18T23:42:13.511+0000] {dag.py:4180} INFO - Setting next_dagrun for example_python_operator to None, run_after=None
[2024-10-18T23:42:13.537+0000] {processor.py:208} INFO - Processing /home/airflow/.local/lib/python3.12/site-packages/airflow/example_dags/example_python_operator.py took 0.102 seconds
[2024-10-18T23:42:44.215+0000] {processor.py:186} INFO - Started process (PID=1251) to work on /home/airflow/.local/lib/python3.12/site-packages/airflow/example_dags/example_python_operator.py
[2024-10-18T23:42:44.216+0000] {processor.py:914} INFO - Processing file /home/airflow/.local/lib/python3.12/site-packages/airflow/example_dags/example_python_operator.py for tasks to queue
[2024-10-18T23:42:44.224+0000] {logging_mixin.py:190} INFO - [2024-10-18T23:42:44.220+0000] {dagbag.py:588} INFO - Filling up the DagBag from /home/airflow/.local/lib/python3.12/site-packages/airflow/example_dags/example_python_operator.py
[2024-10-18T23:42:44.256+0000] {processor.py:925} INFO - DAG(s) 'example_python_operator' retrieved from /home/airflow/.local/lib/python3.12/site-packages/airflow/example_dags/example_python_operator.py
[2024-10-18T23:42:44.293+0000] {logging_mixin.py:190} INFO - [2024-10-18T23:42:44.292+0000] {dag.py:3239} INFO - Sync 1 DAGs
[2024-10-18T23:42:44.315+0000] {logging_mixin.py:190} INFO - [2024-10-18T23:42:44.315+0000] {dag.py:4180} INFO - Setting next_dagrun for example_python_operator to None, run_after=None
[2024-10-18T23:42:44.343+0000] {processor.py:208} INFO - Processing /home/airflow/.local/lib/python3.12/site-packages/airflow/example_dags/example_python_operator.py took 0.136 seconds
[2024-10-18T23:43:14.918+0000] {processor.py:186} INFO - Started process (PID=1309) to work on /home/airflow/.local/lib/python3.12/site-packages/airflow/example_dags/example_python_operator.py
[2024-10-18T23:43:14.920+0000] {processor.py:914} INFO - Processing file /home/airflow/.local/lib/python3.12/site-packages/airflow/example_dags/example_python_operator.py for tasks to queue
[2024-10-18T23:43:14.923+0000] {logging_mixin.py:190} INFO - [2024-10-18T23:43:14.923+0000] {dagbag.py:588} INFO - Filling up the DagBag from /home/airflow/.local/lib/python3.12/site-packages/airflow/example_dags/example_python_operator.py
[2024-10-18T23:43:14.948+0000] {processor.py:925} INFO - DAG(s) 'example_python_operator' retrieved from /home/airflow/.local/lib/python3.12/site-packages/airflow/example_dags/example_python_operator.py
[2024-10-18T23:43:14.985+0000] {logging_mixin.py:190} INFO - [2024-10-18T23:43:14.985+0000] {dag.py:3239} INFO - Sync 1 DAGs
[2024-10-18T23:43:15.019+0000] {logging_mixin.py:190} INFO - [2024-10-18T23:43:15.018+0000] {dag.py:4180} INFO - Setting next_dagrun for example_python_operator to None, run_after=None
[2024-10-18T23:43:15.048+0000] {processor.py:208} INFO - Processing /home/airflow/.local/lib/python3.12/site-packages/airflow/example_dags/example_python_operator.py took 0.140 seconds
[2024-10-18T23:43:45.409+0000] {processor.py:186} INFO - Started process (PID=1371) to work on /home/airflow/.local/lib/python3.12/site-packages/airflow/example_dags/example_python_operator.py
[2024-10-18T23:43:45.410+0000] {processor.py:914} INFO - Processing file /home/airflow/.local/lib/python3.12/site-packages/airflow/example_dags/example_python_operator.py for tasks to queue
[2024-10-18T23:43:45.412+0000] {logging_mixin.py:190} INFO - [2024-10-18T23:43:45.412+0000] {dagbag.py:588} INFO - Filling up the DagBag from /home/airflow/.local/lib/python3.12/site-packages/airflow/example_dags/example_python_operator.py
[2024-10-18T23:43:45.424+0000] {processor.py:925} INFO - DAG(s) 'example_python_operator' retrieved from /home/airflow/.local/lib/python3.12/site-packages/airflow/example_dags/example_python_operator.py
[2024-10-18T23:43:45.445+0000] {logging_mixin.py:190} INFO - [2024-10-18T23:43:45.445+0000] {dag.py:3239} INFO - Sync 1 DAGs
[2024-10-18T23:43:45.458+0000] {logging_mixin.py:190} INFO - [2024-10-18T23:43:45.458+0000] {dag.py:4180} INFO - Setting next_dagrun for example_python_operator to None, run_after=None
[2024-10-18T23:43:45.478+0000] {processor.py:208} INFO - Processing /home/airflow/.local/lib/python3.12/site-packages/airflow/example_dags/example_python_operator.py took 0.074 seconds
[2024-10-18T23:44:15.542+0000] {processor.py:186} INFO - Started process (PID=1433) to work on /home/airflow/.local/lib/python3.12/site-packages/airflow/example_dags/example_python_operator.py
[2024-10-18T23:44:15.544+0000] {processor.py:914} INFO - Processing file /home/airflow/.local/lib/python3.12/site-packages/airflow/example_dags/example_python_operator.py for tasks to queue
[2024-10-18T23:44:15.546+0000] {logging_mixin.py:190} INFO - [2024-10-18T23:44:15.546+0000] {dagbag.py:588} INFO - Filling up the DagBag from /home/airflow/.local/lib/python3.12/site-packages/airflow/example_dags/example_python_operator.py
[2024-10-18T23:44:15.559+0000] {processor.py:925} INFO - DAG(s) 'example_python_operator' retrieved from /home/airflow/.local/lib/python3.12/site-packages/airflow/example_dags/example_python_operator.py
[2024-10-18T23:44:15.584+0000] {logging_mixin.py:190} INFO - [2024-10-18T23:44:15.584+0000] {dag.py:3239} INFO - Sync 1 DAGs
[2024-10-18T23:44:15.605+0000] {logging_mixin.py:190} INFO - [2024-10-18T23:44:15.605+0000] {dag.py:4180} INFO - Setting next_dagrun for example_python_operator to None, run_after=None
[2024-10-18T23:44:15.629+0000] {processor.py:208} INFO - Processing /home/airflow/.local/lib/python3.12/site-packages/airflow/example_dags/example_python_operator.py took 0.094 seconds
[2024-10-18T23:44:46.390+0000] {processor.py:186} INFO - Started process (PID=1495) to work on /home/airflow/.local/lib/python3.12/site-packages/airflow/example_dags/example_python_operator.py
[2024-10-18T23:44:46.391+0000] {processor.py:914} INFO - Processing file /home/airflow/.local/lib/python3.12/site-packages/airflow/example_dags/example_python_operator.py for tasks to queue
[2024-10-18T23:44:46.394+0000] {logging_mixin.py:190} INFO - [2024-10-18T23:44:46.394+0000] {dagbag.py:588} INFO - Filling up the DagBag from /home/airflow/.local/lib/python3.12/site-packages/airflow/example_dags/example_python_operator.py
[2024-10-18T23:44:46.406+0000] {processor.py:925} INFO - DAG(s) 'example_python_operator' retrieved from /home/airflow/.local/lib/python3.12/site-packages/airflow/example_dags/example_python_operator.py
[2024-10-18T23:44:46.426+0000] {logging_mixin.py:190} INFO - [2024-10-18T23:44:46.426+0000] {dag.py:3239} INFO - Sync 1 DAGs
[2024-10-18T23:44:46.440+0000] {logging_mixin.py:190} INFO - [2024-10-18T23:44:46.440+0000] {dag.py:4180} INFO - Setting next_dagrun for example_python_operator to None, run_after=None
[2024-10-18T23:44:46.459+0000] {processor.py:208} INFO - Processing /home/airflow/.local/lib/python3.12/site-packages/airflow/example_dags/example_python_operator.py took 0.074 seconds
[2024-10-18T23:45:16.934+0000] {processor.py:186} INFO - Started process (PID=1557) to work on /home/airflow/.local/lib/python3.12/site-packages/airflow/example_dags/example_python_operator.py
[2024-10-18T23:45:16.935+0000] {processor.py:914} INFO - Processing file /home/airflow/.local/lib/python3.12/site-packages/airflow/example_dags/example_python_operator.py for tasks to queue
[2024-10-18T23:45:16.938+0000] {logging_mixin.py:190} INFO - [2024-10-18T23:45:16.938+0000] {dagbag.py:588} INFO - Filling up the DagBag from /home/airflow/.local/lib/python3.12/site-packages/airflow/example_dags/example_python_operator.py
[2024-10-18T23:45:16.949+0000] {processor.py:925} INFO - DAG(s) 'example_python_operator' retrieved from /home/airflow/.local/lib/python3.12/site-packages/airflow/example_dags/example_python_operator.py
[2024-10-18T23:45:16.973+0000] {logging_mixin.py:190} INFO - [2024-10-18T23:45:16.972+0000] {dag.py:3239} INFO - Sync 1 DAGs
[2024-10-18T23:45:16.987+0000] {logging_mixin.py:190} INFO - [2024-10-18T23:45:16.987+0000] {dag.py:4180} INFO - Setting next_dagrun for example_python_operator to None, run_after=None
[2024-10-18T23:45:17.007+0000] {processor.py:208} INFO - Processing /home/airflow/.local/lib/python3.12/site-packages/airflow/example_dags/example_python_operator.py took 0.079 seconds
[2024-10-18T23:45:47.268+0000] {processor.py:186} INFO - Started process (PID=1614) to work on /home/airflow/.local/lib/python3.12/site-packages/airflow/example_dags/example_python_operator.py
[2024-10-18T23:45:47.269+0000] {processor.py:914} INFO - Processing file /home/airflow/.local/lib/python3.12/site-packages/airflow/example_dags/example_python_operator.py for tasks to queue
[2024-10-18T23:45:47.272+0000] {logging_mixin.py:190} INFO - [2024-10-18T23:45:47.271+0000] {dagbag.py:588} INFO - Filling up the DagBag from /home/airflow/.local/lib/python3.12/site-packages/airflow/example_dags/example_python_operator.py
[2024-10-18T23:45:47.283+0000] {processor.py:925} INFO - DAG(s) 'example_python_operator' retrieved from /home/airflow/.local/lib/python3.12/site-packages/airflow/example_dags/example_python_operator.py
[2024-10-18T23:45:47.306+0000] {logging_mixin.py:190} INFO - [2024-10-18T23:45:47.306+0000] {dag.py:3239} INFO - Sync 1 DAGs
[2024-10-18T23:45:47.321+0000] {logging_mixin.py:190} INFO - [2024-10-18T23:45:47.320+0000] {dag.py:4180} INFO - Setting next_dagrun for example_python_operator to None, run_after=None
[2024-10-18T23:45:47.340+0000] {processor.py:208} INFO - Processing /home/airflow/.local/lib/python3.12/site-packages/airflow/example_dags/example_python_operator.py took 0.078 seconds
[2024-10-18T23:46:17.638+0000] {processor.py:186} INFO - Started process (PID=1672) to work on /home/airflow/.local/lib/python3.12/site-packages/airflow/example_dags/example_python_operator.py
[2024-10-18T23:46:17.639+0000] {processor.py:914} INFO - Processing file /home/airflow/.local/lib/python3.12/site-packages/airflow/example_dags/example_python_operator.py for tasks to queue
[2024-10-18T23:46:17.641+0000] {logging_mixin.py:190} INFO - [2024-10-18T23:46:17.641+0000] {dagbag.py:588} INFO - Filling up the DagBag from /home/airflow/.local/lib/python3.12/site-packages/airflow/example_dags/example_python_operator.py
[2024-10-18T23:46:17.653+0000] {processor.py:925} INFO - DAG(s) 'example_python_operator' retrieved from /home/airflow/.local/lib/python3.12/site-packages/airflow/example_dags/example_python_operator.py
[2024-10-18T23:46:17.674+0000] {logging_mixin.py:190} INFO - [2024-10-18T23:46:17.673+0000] {dag.py:3239} INFO - Sync 1 DAGs
[2024-10-18T23:46:17.686+0000] {logging_mixin.py:190} INFO - [2024-10-18T23:46:17.686+0000] {dag.py:4180} INFO - Setting next_dagrun for example_python_operator to None, run_after=None
[2024-10-18T23:46:17.704+0000] {processor.py:208} INFO - Processing /home/airflow/.local/lib/python3.12/site-packages/airflow/example_dags/example_python_operator.py took 0.071 seconds
[2024-10-18T23:46:48.428+0000] {processor.py:186} INFO - Started process (PID=1734) to work on /home/airflow/.local/lib/python3.12/site-packages/airflow/example_dags/example_python_operator.py
[2024-10-18T23:46:48.429+0000] {processor.py:914} INFO - Processing file /home/airflow/.local/lib/python3.12/site-packages/airflow/example_dags/example_python_operator.py for tasks to queue
[2024-10-18T23:46:48.432+0000] {logging_mixin.py:190} INFO - [2024-10-18T23:46:48.432+0000] {dagbag.py:588} INFO - Filling up the DagBag from /home/airflow/.local/lib/python3.12/site-packages/airflow/example_dags/example_python_operator.py
[2024-10-18T23:46:48.445+0000] {processor.py:925} INFO - DAG(s) 'example_python_operator' retrieved from /home/airflow/.local/lib/python3.12/site-packages/airflow/example_dags/example_python_operator.py
[2024-10-18T23:46:48.464+0000] {logging_mixin.py:190} INFO - [2024-10-18T23:46:48.464+0000] {dag.py:3239} INFO - Sync 1 DAGs
[2024-10-18T23:46:48.478+0000] {logging_mixin.py:190} INFO - [2024-10-18T23:46:48.478+0000] {dag.py:4180} INFO - Setting next_dagrun for example_python_operator to None, run_after=None
[2024-10-18T23:46:48.496+0000] {processor.py:208} INFO - Processing /home/airflow/.local/lib/python3.12/site-packages/airflow/example_dags/example_python_operator.py took 0.074 seconds
[2024-10-18T23:47:18.918+0000] {processor.py:186} INFO - Started process (PID=1796) to work on /home/airflow/.local/lib/python3.12/site-packages/airflow/example_dags/example_python_operator.py
[2024-10-18T23:47:18.919+0000] {processor.py:914} INFO - Processing file /home/airflow/.local/lib/python3.12/site-packages/airflow/example_dags/example_python_operator.py for tasks to queue
[2024-10-18T23:47:18.922+0000] {logging_mixin.py:190} INFO - [2024-10-18T23:47:18.921+0000] {dagbag.py:588} INFO - Filling up the DagBag from /home/airflow/.local/lib/python3.12/site-packages/airflow/example_dags/example_python_operator.py
[2024-10-18T23:47:18.932+0000] {processor.py:925} INFO - DAG(s) 'example_python_operator' retrieved from /home/airflow/.local/lib/python3.12/site-packages/airflow/example_dags/example_python_operator.py
[2024-10-18T23:47:18.954+0000] {logging_mixin.py:190} INFO - [2024-10-18T23:47:18.953+0000] {dag.py:3239} INFO - Sync 1 DAGs
[2024-10-18T23:47:18.967+0000] {logging_mixin.py:190} INFO - [2024-10-18T23:47:18.967+0000] {dag.py:4180} INFO - Setting next_dagrun for example_python_operator to None, run_after=None
[2024-10-18T23:47:18.989+0000] {processor.py:208} INFO - Processing /home/airflow/.local/lib/python3.12/site-packages/airflow/example_dags/example_python_operator.py took 0.076 seconds
[2024-10-18T23:47:50.407+0000] {processor.py:186} INFO - Started process (PID=1858) to work on /home/airflow/.local/lib/python3.12/site-packages/airflow/example_dags/example_python_operator.py
[2024-10-18T23:47:50.409+0000] {processor.py:914} INFO - Processing file /home/airflow/.local/lib/python3.12/site-packages/airflow/example_dags/example_python_operator.py for tasks to queue
[2024-10-18T23:47:50.413+0000] {logging_mixin.py:190} INFO - [2024-10-18T23:47:50.412+0000] {dagbag.py:588} INFO - Filling up the DagBag from /home/airflow/.local/lib/python3.12/site-packages/airflow/example_dags/example_python_operator.py
[2024-10-18T23:47:50.463+0000] {processor.py:925} INFO - DAG(s) 'example_python_operator' retrieved from /home/airflow/.local/lib/python3.12/site-packages/airflow/example_dags/example_python_operator.py
[2024-10-18T23:47:50.520+0000] {logging_mixin.py:190} INFO - [2024-10-18T23:47:50.520+0000] {dag.py:3239} INFO - Sync 1 DAGs
[2024-10-18T23:47:50.573+0000] {logging_mixin.py:190} INFO - [2024-10-18T23:47:50.572+0000] {dag.py:4180} INFO - Setting next_dagrun for example_python_operator to None, run_after=None
[2024-10-18T23:47:50.624+0000] {processor.py:208} INFO - Processing /home/airflow/.local/lib/python3.12/site-packages/airflow/example_dags/example_python_operator.py took 0.226 seconds
[2024-10-18T23:48:20.803+0000] {processor.py:186} INFO - Started process (PID=1920) to work on /home/airflow/.local/lib/python3.12/site-packages/airflow/example_dags/example_python_operator.py
[2024-10-18T23:48:20.804+0000] {processor.py:914} INFO - Processing file /home/airflow/.local/lib/python3.12/site-packages/airflow/example_dags/example_python_operator.py for tasks to queue
[2024-10-18T23:48:20.807+0000] {logging_mixin.py:190} INFO - [2024-10-18T23:48:20.806+0000] {dagbag.py:588} INFO - Filling up the DagBag from /home/airflow/.local/lib/python3.12/site-packages/airflow/example_dags/example_python_operator.py
[2024-10-18T23:48:20.819+0000] {processor.py:925} INFO - DAG(s) 'example_python_operator' retrieved from /home/airflow/.local/lib/python3.12/site-packages/airflow/example_dags/example_python_operator.py
[2024-10-18T23:48:20.843+0000] {logging_mixin.py:190} INFO - [2024-10-18T23:48:20.843+0000] {dag.py:3239} INFO - Sync 1 DAGs
[2024-10-18T23:48:20.858+0000] {logging_mixin.py:190} INFO - [2024-10-18T23:48:20.858+0000] {dag.py:4180} INFO - Setting next_dagrun for example_python_operator to None, run_after=None
[2024-10-18T23:48:20.879+0000] {processor.py:208} INFO - Processing /home/airflow/.local/lib/python3.12/site-packages/airflow/example_dags/example_python_operator.py took 0.084 seconds
[2024-10-18T23:48:51.142+0000] {processor.py:186} INFO - Started process (PID=1982) to work on /home/airflow/.local/lib/python3.12/site-packages/airflow/example_dags/example_python_operator.py
[2024-10-18T23:48:51.143+0000] {processor.py:914} INFO - Processing file /home/airflow/.local/lib/python3.12/site-packages/airflow/example_dags/example_python_operator.py for tasks to queue
[2024-10-18T23:48:51.146+0000] {logging_mixin.py:190} INFO - [2024-10-18T23:48:51.146+0000] {dagbag.py:588} INFO - Filling up the DagBag from /home/airflow/.local/lib/python3.12/site-packages/airflow/example_dags/example_python_operator.py
[2024-10-18T23:48:51.159+0000] {processor.py:925} INFO - DAG(s) 'example_python_operator' retrieved from /home/airflow/.local/lib/python3.12/site-packages/airflow/example_dags/example_python_operator.py
[2024-10-18T23:48:51.184+0000] {logging_mixin.py:190} INFO - [2024-10-18T23:48:51.184+0000] {dag.py:3239} INFO - Sync 1 DAGs
[2024-10-18T23:48:51.202+0000] {logging_mixin.py:190} INFO - [2024-10-18T23:48:51.201+0000] {dag.py:4180} INFO - Setting next_dagrun for example_python_operator to None, run_after=None
[2024-10-18T23:48:51.224+0000] {processor.py:208} INFO - Processing /home/airflow/.local/lib/python3.12/site-packages/airflow/example_dags/example_python_operator.py took 0.087 seconds
[2024-10-18T23:49:21.853+0000] {processor.py:186} INFO - Started process (PID=2044) to work on /home/airflow/.local/lib/python3.12/site-packages/airflow/example_dags/example_python_operator.py
[2024-10-18T23:49:21.855+0000] {processor.py:914} INFO - Processing file /home/airflow/.local/lib/python3.12/site-packages/airflow/example_dags/example_python_operator.py for tasks to queue
[2024-10-18T23:49:21.859+0000] {logging_mixin.py:190} INFO - [2024-10-18T23:49:21.859+0000] {dagbag.py:588} INFO - Filling up the DagBag from /home/airflow/.local/lib/python3.12/site-packages/airflow/example_dags/example_python_operator.py
[2024-10-18T23:49:21.875+0000] {processor.py:925} INFO - DAG(s) 'example_python_operator' retrieved from /home/airflow/.local/lib/python3.12/site-packages/airflow/example_dags/example_python_operator.py
[2024-10-18T23:49:21.905+0000] {logging_mixin.py:190} INFO - [2024-10-18T23:49:21.905+0000] {dag.py:3239} INFO - Sync 1 DAGs
[2024-10-18T23:49:21.928+0000] {logging_mixin.py:190} INFO - [2024-10-18T23:49:21.927+0000] {dag.py:4180} INFO - Setting next_dagrun for example_python_operator to None, run_after=None
[2024-10-18T23:49:21.966+0000] {processor.py:208} INFO - Processing /home/airflow/.local/lib/python3.12/site-packages/airflow/example_dags/example_python_operator.py took 0.119 seconds
[2024-10-18T23:49:52.766+0000] {processor.py:186} INFO - Started process (PID=2106) to work on /home/airflow/.local/lib/python3.12/site-packages/airflow/example_dags/example_python_operator.py
[2024-10-18T23:49:52.768+0000] {processor.py:914} INFO - Processing file /home/airflow/.local/lib/python3.12/site-packages/airflow/example_dags/example_python_operator.py for tasks to queue
[2024-10-18T23:49:52.774+0000] {logging_mixin.py:190} INFO - [2024-10-18T23:49:52.773+0000] {dagbag.py:588} INFO - Filling up the DagBag from /home/airflow/.local/lib/python3.12/site-packages/airflow/example_dags/example_python_operator.py
[2024-10-18T23:49:52.795+0000] {processor.py:925} INFO - DAG(s) 'example_python_operator' retrieved from /home/airflow/.local/lib/python3.12/site-packages/airflow/example_dags/example_python_operator.py
[2024-10-18T23:49:52.824+0000] {logging_mixin.py:190} INFO - [2024-10-18T23:49:52.824+0000] {dag.py:3239} INFO - Sync 1 DAGs
[2024-10-18T23:49:52.845+0000] {logging_mixin.py:190} INFO - [2024-10-18T23:49:52.845+0000] {dag.py:4180} INFO - Setting next_dagrun for example_python_operator to None, run_after=None
[2024-10-18T23:49:52.873+0000] {processor.py:208} INFO - Processing /home/airflow/.local/lib/python3.12/site-packages/airflow/example_dags/example_python_operator.py took 0.116 seconds
[2024-10-18T23:50:23.539+0000] {processor.py:186} INFO - Started process (PID=2168) to work on /home/airflow/.local/lib/python3.12/site-packages/airflow/example_dags/example_python_operator.py
[2024-10-18T23:50:23.541+0000] {processor.py:914} INFO - Processing file /home/airflow/.local/lib/python3.12/site-packages/airflow/example_dags/example_python_operator.py for tasks to queue
[2024-10-18T23:50:23.545+0000] {logging_mixin.py:190} INFO - [2024-10-18T23:50:23.545+0000] {dagbag.py:588} INFO - Filling up the DagBag from /home/airflow/.local/lib/python3.12/site-packages/airflow/example_dags/example_python_operator.py
[2024-10-18T23:50:23.565+0000] {processor.py:925} INFO - DAG(s) 'example_python_operator' retrieved from /home/airflow/.local/lib/python3.12/site-packages/airflow/example_dags/example_python_operator.py
[2024-10-18T23:50:23.600+0000] {logging_mixin.py:190} INFO - [2024-10-18T23:50:23.599+0000] {dag.py:3239} INFO - Sync 1 DAGs
[2024-10-18T23:50:23.626+0000] {logging_mixin.py:190} INFO - [2024-10-18T23:50:23.626+0000] {dag.py:4180} INFO - Setting next_dagrun for example_python_operator to None, run_after=None
[2024-10-18T23:50:23.661+0000] {processor.py:208} INFO - Processing /home/airflow/.local/lib/python3.12/site-packages/airflow/example_dags/example_python_operator.py took 0.133 seconds
[2024-10-18T23:50:53.896+0000] {processor.py:186} INFO - Started process (PID=2230) to work on /home/airflow/.local/lib/python3.12/site-packages/airflow/example_dags/example_python_operator.py
[2024-10-18T23:50:53.898+0000] {processor.py:914} INFO - Processing file /home/airflow/.local/lib/python3.12/site-packages/airflow/example_dags/example_python_operator.py for tasks to queue
[2024-10-18T23:50:53.901+0000] {logging_mixin.py:190} INFO - [2024-10-18T23:50:53.900+0000] {dagbag.py:588} INFO - Filling up the DagBag from /home/airflow/.local/lib/python3.12/site-packages/airflow/example_dags/example_python_operator.py
[2024-10-18T23:50:53.914+0000] {processor.py:925} INFO - DAG(s) 'example_python_operator' retrieved from /home/airflow/.local/lib/python3.12/site-packages/airflow/example_dags/example_python_operator.py
[2024-10-18T23:50:53.937+0000] {logging_mixin.py:190} INFO - [2024-10-18T23:50:53.936+0000] {dag.py:3239} INFO - Sync 1 DAGs
[2024-10-18T23:50:53.951+0000] {logging_mixin.py:190} INFO - [2024-10-18T23:50:53.951+0000] {dag.py:4180} INFO - Setting next_dagrun for example_python_operator to None, run_after=None
[2024-10-18T23:50:53.972+0000] {processor.py:208} INFO - Processing /home/airflow/.local/lib/python3.12/site-packages/airflow/example_dags/example_python_operator.py took 0.083 seconds
[2024-10-18T23:51:24.932+0000] {processor.py:186} INFO - Started process (PID=2293) to work on /home/airflow/.local/lib/python3.12/site-packages/airflow/example_dags/example_python_operator.py
[2024-10-18T23:51:24.933+0000] {processor.py:914} INFO - Processing file /home/airflow/.local/lib/python3.12/site-packages/airflow/example_dags/example_python_operator.py for tasks to queue
[2024-10-18T23:51:24.936+0000] {logging_mixin.py:190} INFO - [2024-10-18T23:51:24.935+0000] {dagbag.py:588} INFO - Filling up the DagBag from /home/airflow/.local/lib/python3.12/site-packages/airflow/example_dags/example_python_operator.py
[2024-10-18T23:51:24.949+0000] {processor.py:925} INFO - DAG(s) 'example_python_operator' retrieved from /home/airflow/.local/lib/python3.12/site-packages/airflow/example_dags/example_python_operator.py
[2024-10-18T23:51:24.972+0000] {logging_mixin.py:190} INFO - [2024-10-18T23:51:24.972+0000] {dag.py:3239} INFO - Sync 1 DAGs
[2024-10-18T23:51:24.986+0000] {logging_mixin.py:190} INFO - [2024-10-18T23:51:24.986+0000] {dag.py:4180} INFO - Setting next_dagrun for example_python_operator to None, run_after=None
[2024-10-18T23:51:25.007+0000] {processor.py:208} INFO - Processing /home/airflow/.local/lib/python3.12/site-packages/airflow/example_dags/example_python_operator.py took 0.081 seconds
[2024-10-18T23:51:55.494+0000] {processor.py:186} INFO - Started process (PID=2355) to work on /home/airflow/.local/lib/python3.12/site-packages/airflow/example_dags/example_python_operator.py
[2024-10-18T23:51:55.496+0000] {processor.py:914} INFO - Processing file /home/airflow/.local/lib/python3.12/site-packages/airflow/example_dags/example_python_operator.py for tasks to queue
[2024-10-18T23:51:55.499+0000] {logging_mixin.py:190} INFO - [2024-10-18T23:51:55.498+0000] {dagbag.py:588} INFO - Filling up the DagBag from /home/airflow/.local/lib/python3.12/site-packages/airflow/example_dags/example_python_operator.py
[2024-10-18T23:51:55.511+0000] {processor.py:925} INFO - DAG(s) 'example_python_operator' retrieved from /home/airflow/.local/lib/python3.12/site-packages/airflow/example_dags/example_python_operator.py
[2024-10-18T23:51:55.532+0000] {logging_mixin.py:190} INFO - [2024-10-18T23:51:55.532+0000] {dag.py:3239} INFO - Sync 1 DAGs
[2024-10-18T23:51:55.546+0000] {logging_mixin.py:190} INFO - [2024-10-18T23:51:55.545+0000] {dag.py:4180} INFO - Setting next_dagrun for example_python_operator to None, run_after=None
[2024-10-18T23:51:55.566+0000] {processor.py:208} INFO - Processing /home/airflow/.local/lib/python3.12/site-packages/airflow/example_dags/example_python_operator.py took 0.078 seconds
[2024-10-18T23:52:26.406+0000] {processor.py:186} INFO - Started process (PID=2417) to work on /home/airflow/.local/lib/python3.12/site-packages/airflow/example_dags/example_python_operator.py
[2024-10-18T23:52:26.407+0000] {processor.py:914} INFO - Processing file /home/airflow/.local/lib/python3.12/site-packages/airflow/example_dags/example_python_operator.py for tasks to queue
[2024-10-18T23:52:26.411+0000] {logging_mixin.py:190} INFO - [2024-10-18T23:52:26.410+0000] {dagbag.py:588} INFO - Filling up the DagBag from /home/airflow/.local/lib/python3.12/site-packages/airflow/example_dags/example_python_operator.py
[2024-10-18T23:52:26.430+0000] {processor.py:925} INFO - DAG(s) 'example_python_operator' retrieved from /home/airflow/.local/lib/python3.12/site-packages/airflow/example_dags/example_python_operator.py
[2024-10-18T23:52:26.463+0000] {logging_mixin.py:190} INFO - [2024-10-18T23:52:26.462+0000] {dag.py:3239} INFO - Sync 1 DAGs
[2024-10-18T23:52:26.488+0000] {logging_mixin.py:190} INFO - [2024-10-18T23:52:26.487+0000] {dag.py:4180} INFO - Setting next_dagrun for example_python_operator to None, run_after=None
[2024-10-18T23:52:26.518+0000] {processor.py:208} INFO - Processing /home/airflow/.local/lib/python3.12/site-packages/airflow/example_dags/example_python_operator.py took 0.123 seconds
[2024-10-18T23:52:56.853+0000] {processor.py:186} INFO - Started process (PID=2479) to work on /home/airflow/.local/lib/python3.12/site-packages/airflow/example_dags/example_python_operator.py
[2024-10-18T23:52:56.857+0000] {processor.py:914} INFO - Processing file /home/airflow/.local/lib/python3.12/site-packages/airflow/example_dags/example_python_operator.py for tasks to queue
[2024-10-18T23:52:56.863+0000] {logging_mixin.py:190} INFO - [2024-10-18T23:52:56.862+0000] {dagbag.py:588} INFO - Filling up the DagBag from /home/airflow/.local/lib/python3.12/site-packages/airflow/example_dags/example_python_operator.py
[2024-10-18T23:52:56.900+0000] {processor.py:925} INFO - DAG(s) 'example_python_operator' retrieved from /home/airflow/.local/lib/python3.12/site-packages/airflow/example_dags/example_python_operator.py
[2024-10-18T23:52:56.954+0000] {logging_mixin.py:190} INFO - [2024-10-18T23:52:56.953+0000] {dag.py:3239} INFO - Sync 1 DAGs
[2024-10-18T23:52:57.007+0000] {logging_mixin.py:190} INFO - [2024-10-18T23:52:57.006+0000] {dag.py:4180} INFO - Setting next_dagrun for example_python_operator to None, run_after=None
[2024-10-18T23:52:57.110+0000] {processor.py:208} INFO - Processing /home/airflow/.local/lib/python3.12/site-packages/airflow/example_dags/example_python_operator.py took 0.266 seconds
[2024-10-18T23:53:28.086+0000] {processor.py:186} INFO - Started process (PID=2541) to work on /home/airflow/.local/lib/python3.12/site-packages/airflow/example_dags/example_python_operator.py
[2024-10-18T23:53:28.098+0000] {processor.py:914} INFO - Processing file /home/airflow/.local/lib/python3.12/site-packages/airflow/example_dags/example_python_operator.py for tasks to queue
[2024-10-18T23:53:28.114+0000] {logging_mixin.py:190} INFO - [2024-10-18T23:53:28.113+0000] {dagbag.py:588} INFO - Filling up the DagBag from /home/airflow/.local/lib/python3.12/site-packages/airflow/example_dags/example_python_operator.py
[2024-10-18T23:53:28.190+0000] {processor.py:925} INFO - DAG(s) 'example_python_operator' retrieved from /home/airflow/.local/lib/python3.12/site-packages/airflow/example_dags/example_python_operator.py
[2024-10-18T23:53:28.263+0000] {logging_mixin.py:190} INFO - [2024-10-18T23:53:28.262+0000] {dag.py:3239} INFO - Sync 1 DAGs
[2024-10-18T23:53:28.321+0000] {logging_mixin.py:190} INFO - [2024-10-18T23:53:28.320+0000] {dag.py:4180} INFO - Setting next_dagrun for example_python_operator to None, run_after=None
[2024-10-18T23:53:28.382+0000] {processor.py:208} INFO - Processing /home/airflow/.local/lib/python3.12/site-packages/airflow/example_dags/example_python_operator.py took 0.319 seconds
[2024-10-18T23:53:58.641+0000] {processor.py:186} INFO - Started process (PID=2603) to work on /home/airflow/.local/lib/python3.12/site-packages/airflow/example_dags/example_python_operator.py
[2024-10-18T23:53:58.645+0000] {processor.py:914} INFO - Processing file /home/airflow/.local/lib/python3.12/site-packages/airflow/example_dags/example_python_operator.py for tasks to queue
[2024-10-18T23:53:58.652+0000] {logging_mixin.py:190} INFO - [2024-10-18T23:53:58.651+0000] {dagbag.py:588} INFO - Filling up the DagBag from /home/airflow/.local/lib/python3.12/site-packages/airflow/example_dags/example_python_operator.py
[2024-10-18T23:53:58.687+0000] {processor.py:925} INFO - DAG(s) 'example_python_operator' retrieved from /home/airflow/.local/lib/python3.12/site-packages/airflow/example_dags/example_python_operator.py
[2024-10-18T23:53:58.743+0000] {logging_mixin.py:190} INFO - [2024-10-18T23:53:58.743+0000] {dag.py:3239} INFO - Sync 1 DAGs
[2024-10-18T23:53:58.786+0000] {logging_mixin.py:190} INFO - [2024-10-18T23:53:58.785+0000] {dag.py:4180} INFO - Setting next_dagrun for example_python_operator to None, run_after=None
[2024-10-18T23:53:58.834+0000] {processor.py:208} INFO - Processing /home/airflow/.local/lib/python3.12/site-packages/airflow/example_dags/example_python_operator.py took 0.212 seconds
[2024-10-18T23:54:29.810+0000] {processor.py:186} INFO - Started process (PID=2665) to work on /home/airflow/.local/lib/python3.12/site-packages/airflow/example_dags/example_python_operator.py
[2024-10-18T23:54:29.812+0000] {processor.py:914} INFO - Processing file /home/airflow/.local/lib/python3.12/site-packages/airflow/example_dags/example_python_operator.py for tasks to queue
[2024-10-18T23:54:29.816+0000] {logging_mixin.py:190} INFO - [2024-10-18T23:54:29.815+0000] {dagbag.py:588} INFO - Filling up the DagBag from /home/airflow/.local/lib/python3.12/site-packages/airflow/example_dags/example_python_operator.py
[2024-10-18T23:54:29.840+0000] {processor.py:925} INFO - DAG(s) 'example_python_operator' retrieved from /home/airflow/.local/lib/python3.12/site-packages/airflow/example_dags/example_python_operator.py
[2024-10-18T23:54:29.888+0000] {logging_mixin.py:190} INFO - [2024-10-18T23:54:29.888+0000] {dag.py:3239} INFO - Sync 1 DAGs
[2024-10-18T23:54:29.915+0000] {logging_mixin.py:190} INFO - [2024-10-18T23:54:29.914+0000] {dag.py:4180} INFO - Setting next_dagrun for example_python_operator to None, run_after=None
[2024-10-18T23:54:29.950+0000] {processor.py:208} INFO - Processing /home/airflow/.local/lib/python3.12/site-packages/airflow/example_dags/example_python_operator.py took 0.151 seconds
[2024-10-18T23:55:01.030+0000] {processor.py:186} INFO - Started process (PID=2728) to work on /home/airflow/.local/lib/python3.12/site-packages/airflow/example_dags/example_python_operator.py
[2024-10-18T23:55:01.032+0000] {processor.py:914} INFO - Processing file /home/airflow/.local/lib/python3.12/site-packages/airflow/example_dags/example_python_operator.py for tasks to queue
[2024-10-18T23:55:01.037+0000] {logging_mixin.py:190} INFO - [2024-10-18T23:55:01.037+0000] {dagbag.py:588} INFO - Filling up the DagBag from /home/airflow/.local/lib/python3.12/site-packages/airflow/example_dags/example_python_operator.py
[2024-10-18T23:55:01.067+0000] {processor.py:925} INFO - DAG(s) 'example_python_operator' retrieved from /home/airflow/.local/lib/python3.12/site-packages/airflow/example_dags/example_python_operator.py
[2024-10-18T23:55:01.126+0000] {logging_mixin.py:190} INFO - [2024-10-18T23:55:01.126+0000] {dag.py:3239} INFO - Sync 1 DAGs
[2024-10-18T23:55:01.163+0000] {logging_mixin.py:190} INFO - [2024-10-18T23:55:01.162+0000] {dag.py:4180} INFO - Setting next_dagrun for example_python_operator to None, run_after=None
[2024-10-18T23:55:01.203+0000] {processor.py:208} INFO - Processing /home/airflow/.local/lib/python3.12/site-packages/airflow/example_dags/example_python_operator.py took 0.189 seconds
[2024-10-18T23:56:42.929+0000] {processor.py:186} INFO - Started process (PID=2765) to work on /home/airflow/.local/lib/python3.12/site-packages/airflow/example_dags/example_python_operator.py
[2024-10-18T23:56:42.933+0000] {processor.py:914} INFO - Processing file /home/airflow/.local/lib/python3.12/site-packages/airflow/example_dags/example_python_operator.py for tasks to queue
[2024-10-18T23:56:42.942+0000] {logging_mixin.py:190} INFO - [2024-10-18T23:56:42.941+0000] {dagbag.py:588} INFO - Filling up the DagBag from /home/airflow/.local/lib/python3.12/site-packages/airflow/example_dags/example_python_operator.py
[2024-10-18T23:56:42.981+0000] {processor.py:925} INFO - DAG(s) 'example_python_operator' retrieved from /home/airflow/.local/lib/python3.12/site-packages/airflow/example_dags/example_python_operator.py
[2024-10-18T23:56:43.058+0000] {logging_mixin.py:190} INFO - [2024-10-18T23:56:43.057+0000] {dag.py:3239} INFO - Sync 1 DAGs
[2024-10-18T23:56:43.096+0000] {logging_mixin.py:190} INFO - [2024-10-18T23:56:43.096+0000] {dag.py:4180} INFO - Setting next_dagrun for example_python_operator to None, run_after=None
[2024-10-18T23:56:43.470+0000] {processor.py:208} INFO - Processing /home/airflow/.local/lib/python3.12/site-packages/airflow/example_dags/example_python_operator.py took 0.563 seconds
[2024-10-18T23:57:13.656+0000] {processor.py:186} INFO - Started process (PID=2828) to work on /home/airflow/.local/lib/python3.12/site-packages/airflow/example_dags/example_python_operator.py
[2024-10-18T23:57:13.659+0000] {processor.py:914} INFO - Processing file /home/airflow/.local/lib/python3.12/site-packages/airflow/example_dags/example_python_operator.py for tasks to queue
[2024-10-18T23:57:13.664+0000] {logging_mixin.py:190} INFO - [2024-10-18T23:57:13.663+0000] {dagbag.py:588} INFO - Filling up the DagBag from /home/airflow/.local/lib/python3.12/site-packages/airflow/example_dags/example_python_operator.py
[2024-10-18T23:57:13.686+0000] {processor.py:925} INFO - DAG(s) 'example_python_operator' retrieved from /home/airflow/.local/lib/python3.12/site-packages/airflow/example_dags/example_python_operator.py
[2024-10-18T23:57:13.725+0000] {logging_mixin.py:190} INFO - [2024-10-18T23:57:13.724+0000] {dag.py:3239} INFO - Sync 1 DAGs
[2024-10-18T23:57:13.752+0000] {logging_mixin.py:190} INFO - [2024-10-18T23:57:13.752+0000] {dag.py:4180} INFO - Setting next_dagrun for example_python_operator to None, run_after=None
[2024-10-18T23:57:13.791+0000] {processor.py:208} INFO - Processing /home/airflow/.local/lib/python3.12/site-packages/airflow/example_dags/example_python_operator.py took 0.148 seconds
[2024-10-18T23:57:44.409+0000] {processor.py:186} INFO - Started process (PID=2889) to work on /home/airflow/.local/lib/python3.12/site-packages/airflow/example_dags/example_python_operator.py
[2024-10-18T23:57:44.411+0000] {processor.py:914} INFO - Processing file /home/airflow/.local/lib/python3.12/site-packages/airflow/example_dags/example_python_operator.py for tasks to queue
[2024-10-18T23:57:44.414+0000] {logging_mixin.py:190} INFO - [2024-10-18T23:57:44.414+0000] {dagbag.py:588} INFO - Filling up the DagBag from /home/airflow/.local/lib/python3.12/site-packages/airflow/example_dags/example_python_operator.py
[2024-10-18T23:57:44.430+0000] {processor.py:925} INFO - DAG(s) 'example_python_operator' retrieved from /home/airflow/.local/lib/python3.12/site-packages/airflow/example_dags/example_python_operator.py
[2024-10-18T23:57:44.461+0000] {logging_mixin.py:190} INFO - [2024-10-18T23:57:44.460+0000] {dag.py:3239} INFO - Sync 1 DAGs
[2024-10-18T23:57:44.479+0000] {logging_mixin.py:190} INFO - [2024-10-18T23:57:44.479+0000] {dag.py:4180} INFO - Setting next_dagrun for example_python_operator to None, run_after=None
[2024-10-18T23:57:44.501+0000] {processor.py:208} INFO - Processing /home/airflow/.local/lib/python3.12/site-packages/airflow/example_dags/example_python_operator.py took 0.099 seconds
[2024-10-18T23:58:15.039+0000] {processor.py:186} INFO - Started process (PID=2951) to work on /home/airflow/.local/lib/python3.12/site-packages/airflow/example_dags/example_python_operator.py
[2024-10-18T23:58:15.041+0000] {processor.py:914} INFO - Processing file /home/airflow/.local/lib/python3.12/site-packages/airflow/example_dags/example_python_operator.py for tasks to queue
[2024-10-18T23:58:15.044+0000] {logging_mixin.py:190} INFO - [2024-10-18T23:58:15.044+0000] {dagbag.py:588} INFO - Filling up the DagBag from /home/airflow/.local/lib/python3.12/site-packages/airflow/example_dags/example_python_operator.py
[2024-10-18T23:58:15.059+0000] {processor.py:925} INFO - DAG(s) 'example_python_operator' retrieved from /home/airflow/.local/lib/python3.12/site-packages/airflow/example_dags/example_python_operator.py
[2024-10-18T23:58:15.081+0000] {logging_mixin.py:190} INFO - [2024-10-18T23:58:15.081+0000] {dag.py:3239} INFO - Sync 1 DAGs
[2024-10-18T23:58:15.094+0000] {logging_mixin.py:190} INFO - [2024-10-18T23:58:15.094+0000] {dag.py:4180} INFO - Setting next_dagrun for example_python_operator to None, run_after=None
[2024-10-18T23:58:15.111+0000] {processor.py:208} INFO - Processing /home/airflow/.local/lib/python3.12/site-packages/airflow/example_dags/example_python_operator.py took 0.079 seconds
[2024-10-18T23:58:45.998+0000] {processor.py:186} INFO - Started process (PID=3013) to work on /home/airflow/.local/lib/python3.12/site-packages/airflow/example_dags/example_python_operator.py
[2024-10-18T23:58:46.000+0000] {processor.py:914} INFO - Processing file /home/airflow/.local/lib/python3.12/site-packages/airflow/example_dags/example_python_operator.py for tasks to queue
[2024-10-18T23:58:46.002+0000] {logging_mixin.py:190} INFO - [2024-10-18T23:58:46.002+0000] {dagbag.py:588} INFO - Filling up the DagBag from /home/airflow/.local/lib/python3.12/site-packages/airflow/example_dags/example_python_operator.py
[2024-10-18T23:58:46.016+0000] {processor.py:925} INFO - DAG(s) 'example_python_operator' retrieved from /home/airflow/.local/lib/python3.12/site-packages/airflow/example_dags/example_python_operator.py
[2024-10-18T23:58:46.208+0000] {logging_mixin.py:190} INFO - [2024-10-18T23:58:46.207+0000] {dag.py:3239} INFO - Sync 1 DAGs
[2024-10-18T23:58:46.221+0000] {logging_mixin.py:190} INFO - [2024-10-18T23:58:46.220+0000] {dag.py:4180} INFO - Setting next_dagrun for example_python_operator to None, run_after=None
[2024-10-18T23:58:46.242+0000] {processor.py:208} INFO - Processing /home/airflow/.local/lib/python3.12/site-packages/airflow/example_dags/example_python_operator.py took 0.249 seconds
[2024-10-18T23:59:16.526+0000] {processor.py:186} INFO - Started process (PID=3074) to work on /home/airflow/.local/lib/python3.12/site-packages/airflow/example_dags/example_python_operator.py
[2024-10-18T23:59:16.528+0000] {processor.py:914} INFO - Processing file /home/airflow/.local/lib/python3.12/site-packages/airflow/example_dags/example_python_operator.py for tasks to queue
[2024-10-18T23:59:16.531+0000] {logging_mixin.py:190} INFO - [2024-10-18T23:59:16.531+0000] {dagbag.py:588} INFO - Filling up the DagBag from /home/airflow/.local/lib/python3.12/site-packages/airflow/example_dags/example_python_operator.py
[2024-10-18T23:59:16.562+0000] {processor.py:925} INFO - DAG(s) 'example_python_operator' retrieved from /home/airflow/.local/lib/python3.12/site-packages/airflow/example_dags/example_python_operator.py
[2024-10-18T23:59:16.688+0000] {logging_mixin.py:190} INFO - [2024-10-18T23:59:16.688+0000] {dag.py:3239} INFO - Sync 1 DAGs
[2024-10-18T23:59:16.935+0000] {logging_mixin.py:190} INFO - [2024-10-18T23:59:16.935+0000] {dag.py:4180} INFO - Setting next_dagrun for example_python_operator to None, run_after=None
[2024-10-18T23:59:16.964+0000] {processor.py:208} INFO - Processing /home/airflow/.local/lib/python3.12/site-packages/airflow/example_dags/example_python_operator.py took 0.446 seconds
[2024-10-18T23:59:47.678+0000] {processor.py:186} INFO - Started process (PID=3136) to work on /home/airflow/.local/lib/python3.12/site-packages/airflow/example_dags/example_python_operator.py
[2024-10-18T23:59:47.679+0000] {processor.py:914} INFO - Processing file /home/airflow/.local/lib/python3.12/site-packages/airflow/example_dags/example_python_operator.py for tasks to queue
[2024-10-18T23:59:47.681+0000] {logging_mixin.py:190} INFO - [2024-10-18T23:59:47.681+0000] {dagbag.py:588} INFO - Filling up the DagBag from /home/airflow/.local/lib/python3.12/site-packages/airflow/example_dags/example_python_operator.py
[2024-10-18T23:59:47.693+0000] {processor.py:925} INFO - DAG(s) 'example_python_operator' retrieved from /home/airflow/.local/lib/python3.12/site-packages/airflow/example_dags/example_python_operator.py
[2024-10-18T23:59:47.715+0000] {logging_mixin.py:190} INFO - [2024-10-18T23:59:47.714+0000] {dag.py:3239} INFO - Sync 1 DAGs
[2024-10-18T23:59:47.728+0000] {logging_mixin.py:190} INFO - [2024-10-18T23:59:47.727+0000] {dag.py:4180} INFO - Setting next_dagrun for example_python_operator to None, run_after=None
[2024-10-18T23:59:47.749+0000] {processor.py:208} INFO - Processing /home/airflow/.local/lib/python3.12/site-packages/airflow/example_dags/example_python_operator.py took 0.076 seconds
