[2024-10-18T23:32:44.871+0000] {processor.py:186} INFO - Started process (PID=77) to work on /home/airflow/.local/lib/python3.12/site-packages/airflow/example_dags/example_task_group.py
[2024-10-18T23:32:44.876+0000] {processor.py:914} INFO - Processing file /home/airflow/.local/lib/python3.12/site-packages/airflow/example_dags/example_task_group.py for tasks to queue
[2024-10-18T23:32:44.913+0000] {logging_mixin.py:190} INFO - [2024-10-18T23:32:44.911+0000] {dagbag.py:588} INFO - Filling up the DagBag from /home/airflow/.local/lib/python3.12/site-packages/airflow/example_dags/example_task_group.py
[2024-10-18T23:32:45.041+0000] {processor.py:925} INFO - DAG(s) 'example_task_group' retrieved from /home/airflow/.local/lib/python3.12/site-packages/airflow/example_dags/example_task_group.py
[2024-10-18T23:32:45.912+0000] {logging_mixin.py:190} INFO - [2024-10-18T23:32:45.911+0000] {override.py:1900} INFO - Created Permission View: can read on DAG:example_task_group
[2024-10-18T23:32:46.017+0000] {logging_mixin.py:190} INFO - [2024-10-18T23:32:46.016+0000] {override.py:1900} INFO - Created Permission View: can edit on DAG:example_task_group
[2024-10-18T23:32:46.039+0000] {logging_mixin.py:190} INFO - [2024-10-18T23:32:46.038+0000] {override.py:1900} INFO - Created Permission View: can delete on DAG:example_task_group
[2024-10-18T23:32:46.056+0000] {logging_mixin.py:190} INFO - [2024-10-18T23:32:46.055+0000] {override.py:1900} INFO - Created Permission View: can read on DAG Run:example_task_group
[2024-10-18T23:32:46.072+0000] {logging_mixin.py:190} INFO - [2024-10-18T23:32:46.071+0000] {override.py:1900} INFO - Created Permission View: can create on DAG Run:example_task_group
[2024-10-18T23:32:46.088+0000] {logging_mixin.py:190} INFO - [2024-10-18T23:32:46.087+0000] {override.py:1900} INFO - Created Permission View: menu access on DAG Run:example_task_group
[2024-10-18T23:32:46.107+0000] {logging_mixin.py:190} INFO - [2024-10-18T23:32:46.106+0000] {override.py:1900} INFO - Created Permission View: can delete on DAG Run:example_task_group
[2024-10-18T23:32:46.110+0000] {logging_mixin.py:190} INFO - [2024-10-18T23:32:46.109+0000] {dag.py:3239} INFO - Sync 1 DAGs
[2024-10-18T23:32:46.231+0000] {logging_mixin.py:190} INFO - [2024-10-18T23:32:46.231+0000] {dag.py:3262} INFO - Creating ORM DAG for example_task_group
[2024-10-18T23:32:46.235+0000] {logging_mixin.py:190} INFO - [2024-10-18T23:32:46.235+0000] {dag.py:4180} INFO - Setting next_dagrun for example_task_group to None, run_after=None
[2024-10-18T23:32:48.048+0000] {processor.py:208} INFO - Processing /home/airflow/.local/lib/python3.12/site-packages/airflow/example_dags/example_task_group.py took 3.266 seconds
[2024-10-18T23:33:32.921+0000] {processor.py:186} INFO - Started process (PID=139) to work on /home/airflow/.local/lib/python3.12/site-packages/airflow/example_dags/example_task_group.py
[2024-10-18T23:33:32.924+0000] {processor.py:914} INFO - Processing file /home/airflow/.local/lib/python3.12/site-packages/airflow/example_dags/example_task_group.py for tasks to queue
[2024-10-18T23:33:32.931+0000] {logging_mixin.py:190} INFO - [2024-10-18T23:33:32.930+0000] {dagbag.py:588} INFO - Filling up the DagBag from /home/airflow/.local/lib/python3.12/site-packages/airflow/example_dags/example_task_group.py
[2024-10-18T23:33:32.955+0000] {processor.py:925} INFO - DAG(s) 'example_task_group' retrieved from /home/airflow/.local/lib/python3.12/site-packages/airflow/example_dags/example_task_group.py
[2024-10-18T23:33:33.012+0000] {logging_mixin.py:190} INFO - [2024-10-18T23:33:33.011+0000] {dag.py:3239} INFO - Sync 1 DAGs
[2024-10-18T23:33:33.045+0000] {logging_mixin.py:190} INFO - [2024-10-18T23:33:33.045+0000] {dag.py:4180} INFO - Setting next_dagrun for example_task_group to None, run_after=None
[2024-10-18T23:33:33.097+0000] {processor.py:208} INFO - Processing /home/airflow/.local/lib/python3.12/site-packages/airflow/example_dags/example_task_group.py took 0.189 seconds
[2024-10-18T23:34:03.698+0000] {processor.py:186} INFO - Started process (PID=201) to work on /home/airflow/.local/lib/python3.12/site-packages/airflow/example_dags/example_task_group.py
[2024-10-18T23:34:03.700+0000] {processor.py:914} INFO - Processing file /home/airflow/.local/lib/python3.12/site-packages/airflow/example_dags/example_task_group.py for tasks to queue
[2024-10-18T23:34:03.705+0000] {logging_mixin.py:190} INFO - [2024-10-18T23:34:03.704+0000] {dagbag.py:588} INFO - Filling up the DagBag from /home/airflow/.local/lib/python3.12/site-packages/airflow/example_dags/example_task_group.py
[2024-10-18T23:34:03.737+0000] {processor.py:925} INFO - DAG(s) 'example_task_group' retrieved from /home/airflow/.local/lib/python3.12/site-packages/airflow/example_dags/example_task_group.py
[2024-10-18T23:34:03.802+0000] {logging_mixin.py:190} INFO - [2024-10-18T23:34:03.801+0000] {dag.py:3239} INFO - Sync 1 DAGs
[2024-10-18T23:34:03.831+0000] {logging_mixin.py:190} INFO - [2024-10-18T23:34:03.831+0000] {dag.py:4180} INFO - Setting next_dagrun for example_task_group to None, run_after=None
[2024-10-18T23:34:03.864+0000] {processor.py:208} INFO - Processing /home/airflow/.local/lib/python3.12/site-packages/airflow/example_dags/example_task_group.py took 0.177 seconds
[2024-10-18T23:34:34.204+0000] {processor.py:186} INFO - Started process (PID=263) to work on /home/airflow/.local/lib/python3.12/site-packages/airflow/example_dags/example_task_group.py
[2024-10-18T23:34:34.205+0000] {processor.py:914} INFO - Processing file /home/airflow/.local/lib/python3.12/site-packages/airflow/example_dags/example_task_group.py for tasks to queue
[2024-10-18T23:34:34.208+0000] {logging_mixin.py:190} INFO - [2024-10-18T23:34:34.208+0000] {dagbag.py:588} INFO - Filling up the DagBag from /home/airflow/.local/lib/python3.12/site-packages/airflow/example_dags/example_task_group.py
[2024-10-18T23:34:34.217+0000] {processor.py:925} INFO - DAG(s) 'example_task_group' retrieved from /home/airflow/.local/lib/python3.12/site-packages/airflow/example_dags/example_task_group.py
[2024-10-18T23:34:34.237+0000] {logging_mixin.py:190} INFO - [2024-10-18T23:34:34.236+0000] {dag.py:3239} INFO - Sync 1 DAGs
[2024-10-18T23:34:34.251+0000] {logging_mixin.py:190} INFO - [2024-10-18T23:34:34.251+0000] {dag.py:4180} INFO - Setting next_dagrun for example_task_group to None, run_after=None
[2024-10-18T23:34:34.270+0000] {processor.py:208} INFO - Processing /home/airflow/.local/lib/python3.12/site-packages/airflow/example_dags/example_task_group.py took 0.072 seconds
[2024-10-18T23:35:04.660+0000] {processor.py:186} INFO - Started process (PID=321) to work on /home/airflow/.local/lib/python3.12/site-packages/airflow/example_dags/example_task_group.py
[2024-10-18T23:35:04.663+0000] {processor.py:914} INFO - Processing file /home/airflow/.local/lib/python3.12/site-packages/airflow/example_dags/example_task_group.py for tasks to queue
[2024-10-18T23:35:04.666+0000] {logging_mixin.py:190} INFO - [2024-10-18T23:35:04.665+0000] {dagbag.py:588} INFO - Filling up the DagBag from /home/airflow/.local/lib/python3.12/site-packages/airflow/example_dags/example_task_group.py
[2024-10-18T23:35:04.678+0000] {processor.py:925} INFO - DAG(s) 'example_task_group' retrieved from /home/airflow/.local/lib/python3.12/site-packages/airflow/example_dags/example_task_group.py
[2024-10-18T23:35:04.710+0000] {logging_mixin.py:190} INFO - [2024-10-18T23:35:04.709+0000] {dag.py:3239} INFO - Sync 1 DAGs
[2024-10-18T23:35:04.732+0000] {logging_mixin.py:190} INFO - [2024-10-18T23:35:04.731+0000] {dag.py:4180} INFO - Setting next_dagrun for example_task_group to None, run_after=None
[2024-10-18T23:35:04.763+0000] {processor.py:208} INFO - Processing /home/airflow/.local/lib/python3.12/site-packages/airflow/example_dags/example_task_group.py took 0.111 seconds
[2024-10-18T23:35:35.097+0000] {processor.py:186} INFO - Started process (PID=383) to work on /home/airflow/.local/lib/python3.12/site-packages/airflow/example_dags/example_task_group.py
[2024-10-18T23:35:35.099+0000] {processor.py:914} INFO - Processing file /home/airflow/.local/lib/python3.12/site-packages/airflow/example_dags/example_task_group.py for tasks to queue
[2024-10-18T23:35:35.104+0000] {logging_mixin.py:190} INFO - [2024-10-18T23:35:35.103+0000] {dagbag.py:588} INFO - Filling up the DagBag from /home/airflow/.local/lib/python3.12/site-packages/airflow/example_dags/example_task_group.py
[2024-10-18T23:35:35.118+0000] {processor.py:925} INFO - DAG(s) 'example_task_group' retrieved from /home/airflow/.local/lib/python3.12/site-packages/airflow/example_dags/example_task_group.py
[2024-10-18T23:35:35.144+0000] {logging_mixin.py:190} INFO - [2024-10-18T23:35:35.144+0000] {dag.py:3239} INFO - Sync 1 DAGs
[2024-10-18T23:35:35.161+0000] {logging_mixin.py:190} INFO - [2024-10-18T23:35:35.161+0000] {dag.py:4180} INFO - Setting next_dagrun for example_task_group to None, run_after=None
[2024-10-18T23:35:35.185+0000] {processor.py:208} INFO - Processing /home/airflow/.local/lib/python3.12/site-packages/airflow/example_dags/example_task_group.py took 0.094 seconds
[2024-10-18T23:36:05.965+0000] {processor.py:186} INFO - Started process (PID=445) to work on /home/airflow/.local/lib/python3.12/site-packages/airflow/example_dags/example_task_group.py
[2024-10-18T23:36:05.967+0000] {processor.py:914} INFO - Processing file /home/airflow/.local/lib/python3.12/site-packages/airflow/example_dags/example_task_group.py for tasks to queue
[2024-10-18T23:36:05.970+0000] {logging_mixin.py:190} INFO - [2024-10-18T23:36:05.970+0000] {dagbag.py:588} INFO - Filling up the DagBag from /home/airflow/.local/lib/python3.12/site-packages/airflow/example_dags/example_task_group.py
[2024-10-18T23:36:05.981+0000] {processor.py:925} INFO - DAG(s) 'example_task_group' retrieved from /home/airflow/.local/lib/python3.12/site-packages/airflow/example_dags/example_task_group.py
[2024-10-18T23:36:06.008+0000] {logging_mixin.py:190} INFO - [2024-10-18T23:36:06.008+0000] {dag.py:3239} INFO - Sync 1 DAGs
[2024-10-18T23:36:06.026+0000] {logging_mixin.py:190} INFO - [2024-10-18T23:36:06.026+0000] {dag.py:4180} INFO - Setting next_dagrun for example_task_group to None, run_after=None
[2024-10-18T23:36:06.054+0000] {processor.py:208} INFO - Processing /home/airflow/.local/lib/python3.12/site-packages/airflow/example_dags/example_task_group.py took 0.097 seconds
[2024-10-18T23:36:36.966+0000] {processor.py:186} INFO - Started process (PID=507) to work on /home/airflow/.local/lib/python3.12/site-packages/airflow/example_dags/example_task_group.py
[2024-10-18T23:36:36.969+0000] {processor.py:914} INFO - Processing file /home/airflow/.local/lib/python3.12/site-packages/airflow/example_dags/example_task_group.py for tasks to queue
[2024-10-18T23:36:36.974+0000] {logging_mixin.py:190} INFO - [2024-10-18T23:36:36.973+0000] {dagbag.py:588} INFO - Filling up the DagBag from /home/airflow/.local/lib/python3.12/site-packages/airflow/example_dags/example_task_group.py
[2024-10-18T23:36:36.991+0000] {processor.py:925} INFO - DAG(s) 'example_task_group' retrieved from /home/airflow/.local/lib/python3.12/site-packages/airflow/example_dags/example_task_group.py
[2024-10-18T23:36:37.025+0000] {logging_mixin.py:190} INFO - [2024-10-18T23:36:37.025+0000] {dag.py:3239} INFO - Sync 1 DAGs
[2024-10-18T23:36:37.045+0000] {logging_mixin.py:190} INFO - [2024-10-18T23:36:37.045+0000] {dag.py:4180} INFO - Setting next_dagrun for example_task_group to None, run_after=None
[2024-10-18T23:36:37.074+0000] {processor.py:208} INFO - Processing /home/airflow/.local/lib/python3.12/site-packages/airflow/example_dags/example_task_group.py took 0.117 seconds
[2024-10-18T23:37:07.239+0000] {processor.py:186} INFO - Started process (PID=569) to work on /home/airflow/.local/lib/python3.12/site-packages/airflow/example_dags/example_task_group.py
[2024-10-18T23:37:07.241+0000] {processor.py:914} INFO - Processing file /home/airflow/.local/lib/python3.12/site-packages/airflow/example_dags/example_task_group.py for tasks to queue
[2024-10-18T23:37:07.243+0000] {logging_mixin.py:190} INFO - [2024-10-18T23:37:07.243+0000] {dagbag.py:588} INFO - Filling up the DagBag from /home/airflow/.local/lib/python3.12/site-packages/airflow/example_dags/example_task_group.py
[2024-10-18T23:37:07.251+0000] {processor.py:925} INFO - DAG(s) 'example_task_group' retrieved from /home/airflow/.local/lib/python3.12/site-packages/airflow/example_dags/example_task_group.py
[2024-10-18T23:37:07.279+0000] {logging_mixin.py:190} INFO - [2024-10-18T23:37:07.278+0000] {dag.py:3239} INFO - Sync 1 DAGs
[2024-10-18T23:37:07.296+0000] {logging_mixin.py:190} INFO - [2024-10-18T23:37:07.296+0000] {dag.py:4180} INFO - Setting next_dagrun for example_task_group to None, run_after=None
[2024-10-18T23:37:07.321+0000] {processor.py:208} INFO - Processing /home/airflow/.local/lib/python3.12/site-packages/airflow/example_dags/example_task_group.py took 0.087 seconds
[2024-10-18T23:37:38.368+0000] {processor.py:186} INFO - Started process (PID=637) to work on /home/airflow/.local/lib/python3.12/site-packages/airflow/example_dags/example_task_group.py
[2024-10-18T23:37:38.372+0000] {processor.py:914} INFO - Processing file /home/airflow/.local/lib/python3.12/site-packages/airflow/example_dags/example_task_group.py for tasks to queue
[2024-10-18T23:37:38.375+0000] {logging_mixin.py:190} INFO - [2024-10-18T23:37:38.374+0000] {dagbag.py:588} INFO - Filling up the DagBag from /home/airflow/.local/lib/python3.12/site-packages/airflow/example_dags/example_task_group.py
[2024-10-18T23:37:38.386+0000] {processor.py:925} INFO - DAG(s) 'example_task_group' retrieved from /home/airflow/.local/lib/python3.12/site-packages/airflow/example_dags/example_task_group.py
[2024-10-18T23:37:38.415+0000] {logging_mixin.py:190} INFO - [2024-10-18T23:37:38.415+0000] {dag.py:3239} INFO - Sync 1 DAGs
[2024-10-18T23:37:38.431+0000] {logging_mixin.py:190} INFO - [2024-10-18T23:37:38.431+0000] {dag.py:4180} INFO - Setting next_dagrun for example_task_group to None, run_after=None
[2024-10-18T23:37:38.458+0000] {processor.py:208} INFO - Processing /home/airflow/.local/lib/python3.12/site-packages/airflow/example_dags/example_task_group.py took 0.096 seconds
[2024-10-18T23:38:08.685+0000] {processor.py:186} INFO - Started process (PID=699) to work on /home/airflow/.local/lib/python3.12/site-packages/airflow/example_dags/example_task_group.py
[2024-10-18T23:38:08.687+0000] {processor.py:914} INFO - Processing file /home/airflow/.local/lib/python3.12/site-packages/airflow/example_dags/example_task_group.py for tasks to queue
[2024-10-18T23:38:08.689+0000] {logging_mixin.py:190} INFO - [2024-10-18T23:38:08.689+0000] {dagbag.py:588} INFO - Filling up the DagBag from /home/airflow/.local/lib/python3.12/site-packages/airflow/example_dags/example_task_group.py
[2024-10-18T23:38:08.697+0000] {processor.py:925} INFO - DAG(s) 'example_task_group' retrieved from /home/airflow/.local/lib/python3.12/site-packages/airflow/example_dags/example_task_group.py
[2024-10-18T23:38:08.719+0000] {logging_mixin.py:190} INFO - [2024-10-18T23:38:08.719+0000] {dag.py:3239} INFO - Sync 1 DAGs
[2024-10-18T23:38:08.735+0000] {logging_mixin.py:190} INFO - [2024-10-18T23:38:08.735+0000] {dag.py:4180} INFO - Setting next_dagrun for example_task_group to None, run_after=None
[2024-10-18T23:38:08.756+0000] {processor.py:208} INFO - Processing /home/airflow/.local/lib/python3.12/site-packages/airflow/example_dags/example_task_group.py took 0.078 seconds
[2024-10-18T23:38:39.243+0000] {processor.py:186} INFO - Started process (PID=761) to work on /home/airflow/.local/lib/python3.12/site-packages/airflow/example_dags/example_task_group.py
[2024-10-18T23:38:39.245+0000] {processor.py:914} INFO - Processing file /home/airflow/.local/lib/python3.12/site-packages/airflow/example_dags/example_task_group.py for tasks to queue
[2024-10-18T23:38:39.247+0000] {logging_mixin.py:190} INFO - [2024-10-18T23:38:39.247+0000] {dagbag.py:588} INFO - Filling up the DagBag from /home/airflow/.local/lib/python3.12/site-packages/airflow/example_dags/example_task_group.py
[2024-10-18T23:38:39.256+0000] {processor.py:925} INFO - DAG(s) 'example_task_group' retrieved from /home/airflow/.local/lib/python3.12/site-packages/airflow/example_dags/example_task_group.py
[2024-10-18T23:38:39.278+0000] {logging_mixin.py:190} INFO - [2024-10-18T23:38:39.277+0000] {dag.py:3239} INFO - Sync 1 DAGs
[2024-10-18T23:38:39.292+0000] {logging_mixin.py:190} INFO - [2024-10-18T23:38:39.291+0000] {dag.py:4180} INFO - Setting next_dagrun for example_task_group to None, run_after=None
[2024-10-18T23:38:39.312+0000] {processor.py:208} INFO - Processing /home/airflow/.local/lib/python3.12/site-packages/airflow/example_dags/example_task_group.py took 0.074 seconds
[2024-10-18T23:39:10.099+0000] {processor.py:186} INFO - Started process (PID=823) to work on /home/airflow/.local/lib/python3.12/site-packages/airflow/example_dags/example_task_group.py
[2024-10-18T23:39:10.100+0000] {processor.py:914} INFO - Processing file /home/airflow/.local/lib/python3.12/site-packages/airflow/example_dags/example_task_group.py for tasks to queue
[2024-10-18T23:39:10.103+0000] {logging_mixin.py:190} INFO - [2024-10-18T23:39:10.102+0000] {dagbag.py:588} INFO - Filling up the DagBag from /home/airflow/.local/lib/python3.12/site-packages/airflow/example_dags/example_task_group.py
[2024-10-18T23:39:10.111+0000] {processor.py:925} INFO - DAG(s) 'example_task_group' retrieved from /home/airflow/.local/lib/python3.12/site-packages/airflow/example_dags/example_task_group.py
[2024-10-18T23:39:10.133+0000] {logging_mixin.py:190} INFO - [2024-10-18T23:39:10.133+0000] {dag.py:3239} INFO - Sync 1 DAGs
[2024-10-18T23:39:10.147+0000] {logging_mixin.py:190} INFO - [2024-10-18T23:39:10.146+0000] {dag.py:4180} INFO - Setting next_dagrun for example_task_group to None, run_after=None
[2024-10-18T23:39:10.168+0000] {processor.py:208} INFO - Processing /home/airflow/.local/lib/python3.12/site-packages/airflow/example_dags/example_task_group.py took 0.075 seconds
[2024-10-18T23:39:40.793+0000] {processor.py:186} INFO - Started process (PID=885) to work on /home/airflow/.local/lib/python3.12/site-packages/airflow/example_dags/example_task_group.py
[2024-10-18T23:39:40.794+0000] {processor.py:914} INFO - Processing file /home/airflow/.local/lib/python3.12/site-packages/airflow/example_dags/example_task_group.py for tasks to queue
[2024-10-18T23:39:40.796+0000] {logging_mixin.py:190} INFO - [2024-10-18T23:39:40.796+0000] {dagbag.py:588} INFO - Filling up the DagBag from /home/airflow/.local/lib/python3.12/site-packages/airflow/example_dags/example_task_group.py
[2024-10-18T23:39:40.805+0000] {processor.py:925} INFO - DAG(s) 'example_task_group' retrieved from /home/airflow/.local/lib/python3.12/site-packages/airflow/example_dags/example_task_group.py
[2024-10-18T23:39:40.825+0000] {logging_mixin.py:190} INFO - [2024-10-18T23:39:40.825+0000] {dag.py:3239} INFO - Sync 1 DAGs
[2024-10-18T23:39:40.839+0000] {logging_mixin.py:190} INFO - [2024-10-18T23:39:40.839+0000] {dag.py:4180} INFO - Setting next_dagrun for example_task_group to None, run_after=None
[2024-10-18T23:39:40.860+0000] {processor.py:208} INFO - Processing /home/airflow/.local/lib/python3.12/site-packages/airflow/example_dags/example_task_group.py took 0.072 seconds
[2024-10-18T23:40:11.308+0000] {processor.py:186} INFO - Started process (PID=947) to work on /home/airflow/.local/lib/python3.12/site-packages/airflow/example_dags/example_task_group.py
[2024-10-18T23:40:11.310+0000] {processor.py:914} INFO - Processing file /home/airflow/.local/lib/python3.12/site-packages/airflow/example_dags/example_task_group.py for tasks to queue
[2024-10-18T23:40:11.313+0000] {logging_mixin.py:190} INFO - [2024-10-18T23:40:11.313+0000] {dagbag.py:588} INFO - Filling up the DagBag from /home/airflow/.local/lib/python3.12/site-packages/airflow/example_dags/example_task_group.py
[2024-10-18T23:40:11.325+0000] {processor.py:925} INFO - DAG(s) 'example_task_group' retrieved from /home/airflow/.local/lib/python3.12/site-packages/airflow/example_dags/example_task_group.py
[2024-10-18T23:40:11.353+0000] {logging_mixin.py:190} INFO - [2024-10-18T23:40:11.352+0000] {dag.py:3239} INFO - Sync 1 DAGs
[2024-10-18T23:40:11.371+0000] {logging_mixin.py:190} INFO - [2024-10-18T23:40:11.371+0000] {dag.py:4180} INFO - Setting next_dagrun for example_task_group to None, run_after=None
[2024-10-18T23:40:11.401+0000] {processor.py:208} INFO - Processing /home/airflow/.local/lib/python3.12/site-packages/airflow/example_dags/example_task_group.py took 0.101 seconds
[2024-10-18T23:40:41.735+0000] {processor.py:186} INFO - Started process (PID=1009) to work on /home/airflow/.local/lib/python3.12/site-packages/airflow/example_dags/example_task_group.py
[2024-10-18T23:40:41.737+0000] {processor.py:914} INFO - Processing file /home/airflow/.local/lib/python3.12/site-packages/airflow/example_dags/example_task_group.py for tasks to queue
[2024-10-18T23:40:41.741+0000] {logging_mixin.py:190} INFO - [2024-10-18T23:40:41.740+0000] {dagbag.py:588} INFO - Filling up the DagBag from /home/airflow/.local/lib/python3.12/site-packages/airflow/example_dags/example_task_group.py
[2024-10-18T23:40:41.753+0000] {processor.py:925} INFO - DAG(s) 'example_task_group' retrieved from /home/airflow/.local/lib/python3.12/site-packages/airflow/example_dags/example_task_group.py
[2024-10-18T23:40:41.783+0000] {logging_mixin.py:190} INFO - [2024-10-18T23:40:41.782+0000] {dag.py:3239} INFO - Sync 1 DAGs
[2024-10-18T23:40:41.810+0000] {logging_mixin.py:190} INFO - [2024-10-18T23:40:41.809+0000] {dag.py:4180} INFO - Setting next_dagrun for example_task_group to None, run_after=None
[2024-10-18T23:40:41.841+0000] {processor.py:208} INFO - Processing /home/airflow/.local/lib/python3.12/site-packages/airflow/example_dags/example_task_group.py took 0.117 seconds
[2024-10-18T23:41:12.446+0000] {processor.py:186} INFO - Started process (PID=1071) to work on /home/airflow/.local/lib/python3.12/site-packages/airflow/example_dags/example_task_group.py
[2024-10-18T23:41:12.448+0000] {processor.py:914} INFO - Processing file /home/airflow/.local/lib/python3.12/site-packages/airflow/example_dags/example_task_group.py for tasks to queue
[2024-10-18T23:41:12.451+0000] {logging_mixin.py:190} INFO - [2024-10-18T23:41:12.451+0000] {dagbag.py:588} INFO - Filling up the DagBag from /home/airflow/.local/lib/python3.12/site-packages/airflow/example_dags/example_task_group.py
[2024-10-18T23:41:12.463+0000] {processor.py:925} INFO - DAG(s) 'example_task_group' retrieved from /home/airflow/.local/lib/python3.12/site-packages/airflow/example_dags/example_task_group.py
[2024-10-18T23:41:12.504+0000] {logging_mixin.py:190} INFO - [2024-10-18T23:41:12.504+0000] {dag.py:3239} INFO - Sync 1 DAGs
[2024-10-18T23:41:12.533+0000] {logging_mixin.py:190} INFO - [2024-10-18T23:41:12.533+0000] {dag.py:4180} INFO - Setting next_dagrun for example_task_group to None, run_after=None
[2024-10-18T23:41:12.570+0000] {processor.py:208} INFO - Processing /home/airflow/.local/lib/python3.12/site-packages/airflow/example_dags/example_task_group.py took 0.131 seconds
[2024-10-18T23:41:42.946+0000] {processor.py:186} INFO - Started process (PID=1133) to work on /home/airflow/.local/lib/python3.12/site-packages/airflow/example_dags/example_task_group.py
[2024-10-18T23:41:42.948+0000] {processor.py:914} INFO - Processing file /home/airflow/.local/lib/python3.12/site-packages/airflow/example_dags/example_task_group.py for tasks to queue
[2024-10-18T23:41:42.953+0000] {logging_mixin.py:190} INFO - [2024-10-18T23:41:42.953+0000] {dagbag.py:588} INFO - Filling up the DagBag from /home/airflow/.local/lib/python3.12/site-packages/airflow/example_dags/example_task_group.py
[2024-10-18T23:41:42.967+0000] {processor.py:925} INFO - DAG(s) 'example_task_group' retrieved from /home/airflow/.local/lib/python3.12/site-packages/airflow/example_dags/example_task_group.py
[2024-10-18T23:41:43.003+0000] {logging_mixin.py:190} INFO - [2024-10-18T23:41:43.002+0000] {dag.py:3239} INFO - Sync 1 DAGs
[2024-10-18T23:41:43.027+0000] {logging_mixin.py:190} INFO - [2024-10-18T23:41:43.027+0000] {dag.py:4180} INFO - Setting next_dagrun for example_task_group to None, run_after=None
[2024-10-18T23:41:43.062+0000] {processor.py:208} INFO - Processing /home/airflow/.local/lib/python3.12/site-packages/airflow/example_dags/example_task_group.py took 0.125 seconds
[2024-10-18T23:42:13.337+0000] {processor.py:186} INFO - Started process (PID=1195) to work on /home/airflow/.local/lib/python3.12/site-packages/airflow/example_dags/example_task_group.py
[2024-10-18T23:42:13.352+0000] {processor.py:914} INFO - Processing file /home/airflow/.local/lib/python3.12/site-packages/airflow/example_dags/example_task_group.py for tasks to queue
[2024-10-18T23:42:13.356+0000] {logging_mixin.py:190} INFO - [2024-10-18T23:42:13.355+0000] {dagbag.py:588} INFO - Filling up the DagBag from /home/airflow/.local/lib/python3.12/site-packages/airflow/example_dags/example_task_group.py
[2024-10-18T23:42:13.366+0000] {processor.py:925} INFO - DAG(s) 'example_task_group' retrieved from /home/airflow/.local/lib/python3.12/site-packages/airflow/example_dags/example_task_group.py
[2024-10-18T23:42:13.448+0000] {logging_mixin.py:190} INFO - [2024-10-18T23:42:13.447+0000] {dag.py:3239} INFO - Sync 1 DAGs
[2024-10-18T23:42:13.464+0000] {logging_mixin.py:190} INFO - [2024-10-18T23:42:13.464+0000] {dag.py:4180} INFO - Setting next_dagrun for example_task_group to None, run_after=None
[2024-10-18T23:42:13.489+0000] {processor.py:208} INFO - Processing /home/airflow/.local/lib/python3.12/site-packages/airflow/example_dags/example_task_group.py took 0.158 seconds
[2024-10-18T23:42:44.172+0000] {processor.py:186} INFO - Started process (PID=1250) to work on /home/airflow/.local/lib/python3.12/site-packages/airflow/example_dags/example_task_group.py
[2024-10-18T23:42:44.176+0000] {processor.py:914} INFO - Processing file /home/airflow/.local/lib/python3.12/site-packages/airflow/example_dags/example_task_group.py for tasks to queue
[2024-10-18T23:42:44.182+0000] {logging_mixin.py:190} INFO - [2024-10-18T23:42:44.181+0000] {dagbag.py:588} INFO - Filling up the DagBag from /home/airflow/.local/lib/python3.12/site-packages/airflow/example_dags/example_task_group.py
[2024-10-18T23:42:44.194+0000] {processor.py:925} INFO - DAG(s) 'example_task_group' retrieved from /home/airflow/.local/lib/python3.12/site-packages/airflow/example_dags/example_task_group.py
[2024-10-18T23:42:44.229+0000] {logging_mixin.py:190} INFO - [2024-10-18T23:42:44.229+0000] {dag.py:3239} INFO - Sync 1 DAGs
[2024-10-18T23:42:44.251+0000] {logging_mixin.py:190} INFO - [2024-10-18T23:42:44.251+0000] {dag.py:4180} INFO - Setting next_dagrun for example_task_group to None, run_after=None
[2024-10-18T23:42:44.284+0000] {processor.py:208} INFO - Processing /home/airflow/.local/lib/python3.12/site-packages/airflow/example_dags/example_task_group.py took 0.127 seconds
[2024-10-18T23:43:14.787+0000] {processor.py:186} INFO - Started process (PID=1308) to work on /home/airflow/.local/lib/python3.12/site-packages/airflow/example_dags/example_task_group.py
[2024-10-18T23:43:14.789+0000] {processor.py:914} INFO - Processing file /home/airflow/.local/lib/python3.12/site-packages/airflow/example_dags/example_task_group.py for tasks to queue
[2024-10-18T23:43:14.793+0000] {logging_mixin.py:190} INFO - [2024-10-18T23:43:14.792+0000] {dagbag.py:588} INFO - Filling up the DagBag from /home/airflow/.local/lib/python3.12/site-packages/airflow/example_dags/example_task_group.py
[2024-10-18T23:43:14.815+0000] {processor.py:925} INFO - DAG(s) 'example_task_group' retrieved from /home/airflow/.local/lib/python3.12/site-packages/airflow/example_dags/example_task_group.py
[2024-10-18T23:43:14.864+0000] {logging_mixin.py:190} INFO - [2024-10-18T23:43:14.863+0000] {dag.py:3239} INFO - Sync 1 DAGs
[2024-10-18T23:43:14.892+0000] {logging_mixin.py:190} INFO - [2024-10-18T23:43:14.891+0000] {dag.py:4180} INFO - Setting next_dagrun for example_task_group to None, run_after=None
[2024-10-18T23:43:14.924+0000] {processor.py:208} INFO - Processing /home/airflow/.local/lib/python3.12/site-packages/airflow/example_dags/example_task_group.py took 0.147 seconds
[2024-10-18T23:43:45.314+0000] {processor.py:186} INFO - Started process (PID=1370) to work on /home/airflow/.local/lib/python3.12/site-packages/airflow/example_dags/example_task_group.py
[2024-10-18T23:43:45.315+0000] {processor.py:914} INFO - Processing file /home/airflow/.local/lib/python3.12/site-packages/airflow/example_dags/example_task_group.py for tasks to queue
[2024-10-18T23:43:45.318+0000] {logging_mixin.py:190} INFO - [2024-10-18T23:43:45.318+0000] {dagbag.py:588} INFO - Filling up the DagBag from /home/airflow/.local/lib/python3.12/site-packages/airflow/example_dags/example_task_group.py
[2024-10-18T23:43:45.326+0000] {processor.py:925} INFO - DAG(s) 'example_task_group' retrieved from /home/airflow/.local/lib/python3.12/site-packages/airflow/example_dags/example_task_group.py
[2024-10-18T23:43:45.348+0000] {logging_mixin.py:190} INFO - [2024-10-18T23:43:45.347+0000] {dag.py:3239} INFO - Sync 1 DAGs
[2024-10-18T23:43:45.362+0000] {logging_mixin.py:190} INFO - [2024-10-18T23:43:45.362+0000] {dag.py:4180} INFO - Setting next_dagrun for example_task_group to None, run_after=None
[2024-10-18T23:43:45.382+0000] {processor.py:208} INFO - Processing /home/airflow/.local/lib/python3.12/site-packages/airflow/example_dags/example_task_group.py took 0.074 seconds
[2024-10-18T23:44:15.521+0000] {processor.py:186} INFO - Started process (PID=1432) to work on /home/airflow/.local/lib/python3.12/site-packages/airflow/example_dags/example_task_group.py
[2024-10-18T23:44:15.522+0000] {processor.py:914} INFO - Processing file /home/airflow/.local/lib/python3.12/site-packages/airflow/example_dags/example_task_group.py for tasks to queue
[2024-10-18T23:44:15.525+0000] {logging_mixin.py:190} INFO - [2024-10-18T23:44:15.524+0000] {dagbag.py:588} INFO - Filling up the DagBag from /home/airflow/.local/lib/python3.12/site-packages/airflow/example_dags/example_task_group.py
[2024-10-18T23:44:15.534+0000] {processor.py:925} INFO - DAG(s) 'example_task_group' retrieved from /home/airflow/.local/lib/python3.12/site-packages/airflow/example_dags/example_task_group.py
[2024-10-18T23:44:15.556+0000] {logging_mixin.py:190} INFO - [2024-10-18T23:44:15.555+0000] {dag.py:3239} INFO - Sync 1 DAGs
[2024-10-18T23:44:15.572+0000] {logging_mixin.py:190} INFO - [2024-10-18T23:44:15.572+0000] {dag.py:4180} INFO - Setting next_dagrun for example_task_group to None, run_after=None
[2024-10-18T23:44:15.596+0000] {processor.py:208} INFO - Processing /home/airflow/.local/lib/python3.12/site-packages/airflow/example_dags/example_task_group.py took 0.082 seconds
[2024-10-18T23:44:46.313+0000] {processor.py:186} INFO - Started process (PID=1494) to work on /home/airflow/.local/lib/python3.12/site-packages/airflow/example_dags/example_task_group.py
[2024-10-18T23:44:46.315+0000] {processor.py:914} INFO - Processing file /home/airflow/.local/lib/python3.12/site-packages/airflow/example_dags/example_task_group.py for tasks to queue
[2024-10-18T23:44:46.317+0000] {logging_mixin.py:190} INFO - [2024-10-18T23:44:46.317+0000] {dagbag.py:588} INFO - Filling up the DagBag from /home/airflow/.local/lib/python3.12/site-packages/airflow/example_dags/example_task_group.py
[2024-10-18T23:44:46.325+0000] {processor.py:925} INFO - DAG(s) 'example_task_group' retrieved from /home/airflow/.local/lib/python3.12/site-packages/airflow/example_dags/example_task_group.py
[2024-10-18T23:44:46.345+0000] {logging_mixin.py:190} INFO - [2024-10-18T23:44:46.344+0000] {dag.py:3239} INFO - Sync 1 DAGs
[2024-10-18T23:44:46.358+0000] {logging_mixin.py:190} INFO - [2024-10-18T23:44:46.358+0000] {dag.py:4180} INFO - Setting next_dagrun for example_task_group to None, run_after=None
[2024-10-18T23:44:46.379+0000] {processor.py:208} INFO - Processing /home/airflow/.local/lib/python3.12/site-packages/airflow/example_dags/example_task_group.py took 0.071 seconds
[2024-10-18T23:45:16.535+0000] {processor.py:186} INFO - Started process (PID=1551) to work on /home/airflow/.local/lib/python3.12/site-packages/airflow/example_dags/example_task_group.py
[2024-10-18T23:45:16.536+0000] {processor.py:914} INFO - Processing file /home/airflow/.local/lib/python3.12/site-packages/airflow/example_dags/example_task_group.py for tasks to queue
[2024-10-18T23:45:16.539+0000] {logging_mixin.py:190} INFO - [2024-10-18T23:45:16.538+0000] {dagbag.py:588} INFO - Filling up the DagBag from /home/airflow/.local/lib/python3.12/site-packages/airflow/example_dags/example_task_group.py
[2024-10-18T23:45:16.546+0000] {processor.py:925} INFO - DAG(s) 'example_task_group' retrieved from /home/airflow/.local/lib/python3.12/site-packages/airflow/example_dags/example_task_group.py
[2024-10-18T23:45:16.568+0000] {logging_mixin.py:190} INFO - [2024-10-18T23:45:16.568+0000] {dag.py:3239} INFO - Sync 1 DAGs
[2024-10-18T23:45:16.583+0000] {logging_mixin.py:190} INFO - [2024-10-18T23:45:16.583+0000] {dag.py:4180} INFO - Setting next_dagrun for example_task_group to None, run_after=None
[2024-10-18T23:45:16.603+0000] {processor.py:208} INFO - Processing /home/airflow/.local/lib/python3.12/site-packages/airflow/example_dags/example_task_group.py took 0.073 seconds
[2024-10-18T23:45:46.827+0000] {processor.py:186} INFO - Started process (PID=1609) to work on /home/airflow/.local/lib/python3.12/site-packages/airflow/example_dags/example_task_group.py
[2024-10-18T23:45:46.829+0000] {processor.py:914} INFO - Processing file /home/airflow/.local/lib/python3.12/site-packages/airflow/example_dags/example_task_group.py for tasks to queue
[2024-10-18T23:45:46.831+0000] {logging_mixin.py:190} INFO - [2024-10-18T23:45:46.831+0000] {dagbag.py:588} INFO - Filling up the DagBag from /home/airflow/.local/lib/python3.12/site-packages/airflow/example_dags/example_task_group.py
[2024-10-18T23:45:46.839+0000] {processor.py:925} INFO - DAG(s) 'example_task_group' retrieved from /home/airflow/.local/lib/python3.12/site-packages/airflow/example_dags/example_task_group.py
[2024-10-18T23:45:46.860+0000] {logging_mixin.py:190} INFO - [2024-10-18T23:45:46.860+0000] {dag.py:3239} INFO - Sync 1 DAGs
[2024-10-18T23:45:46.873+0000] {logging_mixin.py:190} INFO - [2024-10-18T23:45:46.873+0000] {dag.py:4180} INFO - Setting next_dagrun for example_task_group to None, run_after=None
[2024-10-18T23:45:46.894+0000] {processor.py:208} INFO - Processing /home/airflow/.local/lib/python3.12/site-packages/airflow/example_dags/example_task_group.py took 0.072 seconds
[2024-10-18T23:46:17.557+0000] {processor.py:186} INFO - Started process (PID=1671) to work on /home/airflow/.local/lib/python3.12/site-packages/airflow/example_dags/example_task_group.py
[2024-10-18T23:46:17.558+0000] {processor.py:914} INFO - Processing file /home/airflow/.local/lib/python3.12/site-packages/airflow/example_dags/example_task_group.py for tasks to queue
[2024-10-18T23:46:17.560+0000] {logging_mixin.py:190} INFO - [2024-10-18T23:46:17.560+0000] {dagbag.py:588} INFO - Filling up the DagBag from /home/airflow/.local/lib/python3.12/site-packages/airflow/example_dags/example_task_group.py
[2024-10-18T23:46:17.568+0000] {processor.py:925} INFO - DAG(s) 'example_task_group' retrieved from /home/airflow/.local/lib/python3.12/site-packages/airflow/example_dags/example_task_group.py
[2024-10-18T23:46:17.590+0000] {logging_mixin.py:190} INFO - [2024-10-18T23:46:17.590+0000] {dag.py:3239} INFO - Sync 1 DAGs
[2024-10-18T23:46:17.604+0000] {logging_mixin.py:190} INFO - [2024-10-18T23:46:17.604+0000] {dag.py:4180} INFO - Setting next_dagrun for example_task_group to None, run_after=None
[2024-10-18T23:46:17.624+0000] {processor.py:208} INFO - Processing /home/airflow/.local/lib/python3.12/site-packages/airflow/example_dags/example_task_group.py took 0.073 seconds
[2024-10-18T23:46:48.349+0000] {processor.py:186} INFO - Started process (PID=1733) to work on /home/airflow/.local/lib/python3.12/site-packages/airflow/example_dags/example_task_group.py
[2024-10-18T23:46:48.350+0000] {processor.py:914} INFO - Processing file /home/airflow/.local/lib/python3.12/site-packages/airflow/example_dags/example_task_group.py for tasks to queue
[2024-10-18T23:46:48.353+0000] {logging_mixin.py:190} INFO - [2024-10-18T23:46:48.353+0000] {dagbag.py:588} INFO - Filling up the DagBag from /home/airflow/.local/lib/python3.12/site-packages/airflow/example_dags/example_task_group.py
[2024-10-18T23:46:48.364+0000] {processor.py:925} INFO - DAG(s) 'example_task_group' retrieved from /home/airflow/.local/lib/python3.12/site-packages/airflow/example_dags/example_task_group.py
[2024-10-18T23:46:48.387+0000] {logging_mixin.py:190} INFO - [2024-10-18T23:46:48.386+0000] {dag.py:3239} INFO - Sync 1 DAGs
[2024-10-18T23:46:48.403+0000] {logging_mixin.py:190} INFO - [2024-10-18T23:46:48.403+0000] {dag.py:4180} INFO - Setting next_dagrun for example_task_group to None, run_after=None
[2024-10-18T23:46:48.423+0000] {processor.py:208} INFO - Processing /home/airflow/.local/lib/python3.12/site-packages/airflow/example_dags/example_task_group.py took 0.080 seconds
[2024-10-18T23:47:18.811+0000] {processor.py:186} INFO - Started process (PID=1795) to work on /home/airflow/.local/lib/python3.12/site-packages/airflow/example_dags/example_task_group.py
[2024-10-18T23:47:18.812+0000] {processor.py:914} INFO - Processing file /home/airflow/.local/lib/python3.12/site-packages/airflow/example_dags/example_task_group.py for tasks to queue
[2024-10-18T23:47:18.815+0000] {logging_mixin.py:190} INFO - [2024-10-18T23:47:18.815+0000] {dagbag.py:588} INFO - Filling up the DagBag from /home/airflow/.local/lib/python3.12/site-packages/airflow/example_dags/example_task_group.py
[2024-10-18T23:47:18.826+0000] {processor.py:925} INFO - DAG(s) 'example_task_group' retrieved from /home/airflow/.local/lib/python3.12/site-packages/airflow/example_dags/example_task_group.py
[2024-10-18T23:47:18.853+0000] {logging_mixin.py:190} INFO - [2024-10-18T23:47:18.853+0000] {dag.py:3239} INFO - Sync 1 DAGs
[2024-10-18T23:47:18.869+0000] {logging_mixin.py:190} INFO - [2024-10-18T23:47:18.868+0000] {dag.py:4180} INFO - Setting next_dagrun for example_task_group to None, run_after=None
[2024-10-18T23:47:18.894+0000] {processor.py:208} INFO - Processing /home/airflow/.local/lib/python3.12/site-packages/airflow/example_dags/example_task_group.py took 0.089 seconds
[2024-10-18T23:47:50.278+0000] {processor.py:186} INFO - Started process (PID=1857) to work on /home/airflow/.local/lib/python3.12/site-packages/airflow/example_dags/example_task_group.py
[2024-10-18T23:47:50.280+0000] {processor.py:914} INFO - Processing file /home/airflow/.local/lib/python3.12/site-packages/airflow/example_dags/example_task_group.py for tasks to queue
[2024-10-18T23:47:50.284+0000] {logging_mixin.py:190} INFO - [2024-10-18T23:47:50.283+0000] {dagbag.py:588} INFO - Filling up the DagBag from /home/airflow/.local/lib/python3.12/site-packages/airflow/example_dags/example_task_group.py
[2024-10-18T23:47:50.309+0000] {processor.py:925} INFO - DAG(s) 'example_task_group' retrieved from /home/airflow/.local/lib/python3.12/site-packages/airflow/example_dags/example_task_group.py
[2024-10-18T23:47:50.369+0000] {logging_mixin.py:190} INFO - [2024-10-18T23:47:50.369+0000] {dag.py:3239} INFO - Sync 1 DAGs
[2024-10-18T23:47:50.395+0000] {logging_mixin.py:190} INFO - [2024-10-18T23:47:50.394+0000] {dag.py:4180} INFO - Setting next_dagrun for example_task_group to None, run_after=None
[2024-10-18T23:47:50.436+0000] {processor.py:208} INFO - Processing /home/airflow/.local/lib/python3.12/site-packages/airflow/example_dags/example_task_group.py took 0.165 seconds
[2024-10-18T23:48:20.681+0000] {processor.py:186} INFO - Started process (PID=1919) to work on /home/airflow/.local/lib/python3.12/site-packages/airflow/example_dags/example_task_group.py
[2024-10-18T23:48:20.682+0000] {processor.py:914} INFO - Processing file /home/airflow/.local/lib/python3.12/site-packages/airflow/example_dags/example_task_group.py for tasks to queue
[2024-10-18T23:48:20.685+0000] {logging_mixin.py:190} INFO - [2024-10-18T23:48:20.684+0000] {dagbag.py:588} INFO - Filling up the DagBag from /home/airflow/.local/lib/python3.12/site-packages/airflow/example_dags/example_task_group.py
[2024-10-18T23:48:20.693+0000] {processor.py:925} INFO - DAG(s) 'example_task_group' retrieved from /home/airflow/.local/lib/python3.12/site-packages/airflow/example_dags/example_task_group.py
[2024-10-18T23:48:20.718+0000] {logging_mixin.py:190} INFO - [2024-10-18T23:48:20.718+0000] {dag.py:3239} INFO - Sync 1 DAGs
[2024-10-18T23:48:20.733+0000] {logging_mixin.py:190} INFO - [2024-10-18T23:48:20.733+0000] {dag.py:4180} INFO - Setting next_dagrun for example_task_group to None, run_after=None
[2024-10-18T23:48:20.757+0000] {processor.py:208} INFO - Processing /home/airflow/.local/lib/python3.12/site-packages/airflow/example_dags/example_task_group.py took 0.083 seconds
[2024-10-18T23:48:51.046+0000] {processor.py:186} INFO - Started process (PID=1981) to work on /home/airflow/.local/lib/python3.12/site-packages/airflow/example_dags/example_task_group.py
[2024-10-18T23:48:51.048+0000] {processor.py:914} INFO - Processing file /home/airflow/.local/lib/python3.12/site-packages/airflow/example_dags/example_task_group.py for tasks to queue
[2024-10-18T23:48:51.050+0000] {logging_mixin.py:190} INFO - [2024-10-18T23:48:51.050+0000] {dagbag.py:588} INFO - Filling up the DagBag from /home/airflow/.local/lib/python3.12/site-packages/airflow/example_dags/example_task_group.py
[2024-10-18T23:48:51.059+0000] {processor.py:925} INFO - DAG(s) 'example_task_group' retrieved from /home/airflow/.local/lib/python3.12/site-packages/airflow/example_dags/example_task_group.py
[2024-10-18T23:48:51.084+0000] {logging_mixin.py:190} INFO - [2024-10-18T23:48:51.084+0000] {dag.py:3239} INFO - Sync 1 DAGs
[2024-10-18T23:48:51.099+0000] {logging_mixin.py:190} INFO - [2024-10-18T23:48:51.099+0000] {dag.py:4180} INFO - Setting next_dagrun for example_task_group to None, run_after=None
[2024-10-18T23:48:51.122+0000] {processor.py:208} INFO - Processing /home/airflow/.local/lib/python3.12/site-packages/airflow/example_dags/example_task_group.py took 0.083 seconds
[2024-10-18T23:49:21.745+0000] {processor.py:186} INFO - Started process (PID=2043) to work on /home/airflow/.local/lib/python3.12/site-packages/airflow/example_dags/example_task_group.py
[2024-10-18T23:49:21.747+0000] {processor.py:914} INFO - Processing file /home/airflow/.local/lib/python3.12/site-packages/airflow/example_dags/example_task_group.py for tasks to queue
[2024-10-18T23:49:21.750+0000] {logging_mixin.py:190} INFO - [2024-10-18T23:49:21.749+0000] {dagbag.py:588} INFO - Filling up the DagBag from /home/airflow/.local/lib/python3.12/site-packages/airflow/example_dags/example_task_group.py
[2024-10-18T23:49:21.760+0000] {processor.py:925} INFO - DAG(s) 'example_task_group' retrieved from /home/airflow/.local/lib/python3.12/site-packages/airflow/example_dags/example_task_group.py
[2024-10-18T23:49:21.787+0000] {logging_mixin.py:190} INFO - [2024-10-18T23:49:21.787+0000] {dag.py:3239} INFO - Sync 1 DAGs
[2024-10-18T23:49:21.806+0000] {logging_mixin.py:190} INFO - [2024-10-18T23:49:21.806+0000] {dag.py:4180} INFO - Setting next_dagrun for example_task_group to None, run_after=None
[2024-10-18T23:49:21.833+0000] {processor.py:208} INFO - Processing /home/airflow/.local/lib/python3.12/site-packages/airflow/example_dags/example_task_group.py took 0.094 seconds
[2024-10-18T23:49:52.648+0000] {processor.py:186} INFO - Started process (PID=2105) to work on /home/airflow/.local/lib/python3.12/site-packages/airflow/example_dags/example_task_group.py
[2024-10-18T23:49:52.650+0000] {processor.py:914} INFO - Processing file /home/airflow/.local/lib/python3.12/site-packages/airflow/example_dags/example_task_group.py for tasks to queue
[2024-10-18T23:49:52.653+0000] {logging_mixin.py:190} INFO - [2024-10-18T23:49:52.653+0000] {dagbag.py:588} INFO - Filling up the DagBag from /home/airflow/.local/lib/python3.12/site-packages/airflow/example_dags/example_task_group.py
[2024-10-18T23:49:52.664+0000] {processor.py:925} INFO - DAG(s) 'example_task_group' retrieved from /home/airflow/.local/lib/python3.12/site-packages/airflow/example_dags/example_task_group.py
[2024-10-18T23:49:52.697+0000] {logging_mixin.py:190} INFO - [2024-10-18T23:49:52.697+0000] {dag.py:3239} INFO - Sync 1 DAGs
[2024-10-18T23:49:52.720+0000] {logging_mixin.py:190} INFO - [2024-10-18T23:49:52.720+0000] {dag.py:4180} INFO - Setting next_dagrun for example_task_group to None, run_after=None
[2024-10-18T23:49:52.748+0000] {processor.py:208} INFO - Processing /home/airflow/.local/lib/python3.12/site-packages/airflow/example_dags/example_task_group.py took 0.108 seconds
[2024-10-18T23:50:23.400+0000] {processor.py:186} INFO - Started process (PID=2167) to work on /home/airflow/.local/lib/python3.12/site-packages/airflow/example_dags/example_task_group.py
[2024-10-18T23:50:23.402+0000] {processor.py:914} INFO - Processing file /home/airflow/.local/lib/python3.12/site-packages/airflow/example_dags/example_task_group.py for tasks to queue
[2024-10-18T23:50:23.407+0000] {logging_mixin.py:190} INFO - [2024-10-18T23:50:23.407+0000] {dagbag.py:588} INFO - Filling up the DagBag from /home/airflow/.local/lib/python3.12/site-packages/airflow/example_dags/example_task_group.py
[2024-10-18T23:50:23.426+0000] {processor.py:925} INFO - DAG(s) 'example_task_group' retrieved from /home/airflow/.local/lib/python3.12/site-packages/airflow/example_dags/example_task_group.py
[2024-10-18T23:50:23.468+0000] {logging_mixin.py:190} INFO - [2024-10-18T23:50:23.468+0000] {dag.py:3239} INFO - Sync 1 DAGs
[2024-10-18T23:50:23.496+0000] {logging_mixin.py:190} INFO - [2024-10-18T23:50:23.495+0000] {dag.py:4180} INFO - Setting next_dagrun for example_task_group to None, run_after=None
[2024-10-18T23:50:23.531+0000] {processor.py:208} INFO - Processing /home/airflow/.local/lib/python3.12/site-packages/airflow/example_dags/example_task_group.py took 0.142 seconds
[2024-10-18T23:50:53.811+0000] {processor.py:186} INFO - Started process (PID=2229) to work on /home/airflow/.local/lib/python3.12/site-packages/airflow/example_dags/example_task_group.py
[2024-10-18T23:50:53.813+0000] {processor.py:914} INFO - Processing file /home/airflow/.local/lib/python3.12/site-packages/airflow/example_dags/example_task_group.py for tasks to queue
[2024-10-18T23:50:53.815+0000] {logging_mixin.py:190} INFO - [2024-10-18T23:50:53.815+0000] {dagbag.py:588} INFO - Filling up the DagBag from /home/airflow/.local/lib/python3.12/site-packages/airflow/example_dags/example_task_group.py
[2024-10-18T23:50:53.824+0000] {processor.py:925} INFO - DAG(s) 'example_task_group' retrieved from /home/airflow/.local/lib/python3.12/site-packages/airflow/example_dags/example_task_group.py
[2024-10-18T23:50:53.848+0000] {logging_mixin.py:190} INFO - [2024-10-18T23:50:53.847+0000] {dag.py:3239} INFO - Sync 1 DAGs
[2024-10-18T23:50:53.862+0000] {logging_mixin.py:190} INFO - [2024-10-18T23:50:53.862+0000] {dag.py:4180} INFO - Setting next_dagrun for example_task_group to None, run_after=None
[2024-10-18T23:50:53.885+0000] {processor.py:208} INFO - Processing /home/airflow/.local/lib/python3.12/site-packages/airflow/example_dags/example_task_group.py took 0.080 seconds
[2024-10-18T23:51:24.845+0000] {processor.py:186} INFO - Started process (PID=2292) to work on /home/airflow/.local/lib/python3.12/site-packages/airflow/example_dags/example_task_group.py
[2024-10-18T23:51:24.846+0000] {processor.py:914} INFO - Processing file /home/airflow/.local/lib/python3.12/site-packages/airflow/example_dags/example_task_group.py for tasks to queue
[2024-10-18T23:51:24.849+0000] {logging_mixin.py:190} INFO - [2024-10-18T23:51:24.849+0000] {dagbag.py:588} INFO - Filling up the DagBag from /home/airflow/.local/lib/python3.12/site-packages/airflow/example_dags/example_task_group.py
[2024-10-18T23:51:24.858+0000] {processor.py:925} INFO - DAG(s) 'example_task_group' retrieved from /home/airflow/.local/lib/python3.12/site-packages/airflow/example_dags/example_task_group.py
[2024-10-18T23:51:24.880+0000] {logging_mixin.py:190} INFO - [2024-10-18T23:51:24.879+0000] {dag.py:3239} INFO - Sync 1 DAGs
[2024-10-18T23:51:24.894+0000] {logging_mixin.py:190} INFO - [2024-10-18T23:51:24.894+0000] {dag.py:4180} INFO - Setting next_dagrun for example_task_group to None, run_after=None
[2024-10-18T23:51:24.915+0000] {processor.py:208} INFO - Processing /home/airflow/.local/lib/python3.12/site-packages/airflow/example_dags/example_task_group.py took 0.076 seconds
[2024-10-18T23:51:55.405+0000] {processor.py:186} INFO - Started process (PID=2354) to work on /home/airflow/.local/lib/python3.12/site-packages/airflow/example_dags/example_task_group.py
[2024-10-18T23:51:55.407+0000] {processor.py:914} INFO - Processing file /home/airflow/.local/lib/python3.12/site-packages/airflow/example_dags/example_task_group.py for tasks to queue
[2024-10-18T23:51:55.409+0000] {logging_mixin.py:190} INFO - [2024-10-18T23:51:55.409+0000] {dagbag.py:588} INFO - Filling up the DagBag from /home/airflow/.local/lib/python3.12/site-packages/airflow/example_dags/example_task_group.py
[2024-10-18T23:51:55.418+0000] {processor.py:925} INFO - DAG(s) 'example_task_group' retrieved from /home/airflow/.local/lib/python3.12/site-packages/airflow/example_dags/example_task_group.py
[2024-10-18T23:51:55.441+0000] {logging_mixin.py:190} INFO - [2024-10-18T23:51:55.441+0000] {dag.py:3239} INFO - Sync 1 DAGs
[2024-10-18T23:51:55.455+0000] {logging_mixin.py:190} INFO - [2024-10-18T23:51:55.455+0000] {dag.py:4180} INFO - Setting next_dagrun for example_task_group to None, run_after=None
[2024-10-18T23:51:55.478+0000] {processor.py:208} INFO - Processing /home/airflow/.local/lib/python3.12/site-packages/airflow/example_dags/example_task_group.py took 0.079 seconds
[2024-10-18T23:52:26.404+0000] {processor.py:186} INFO - Started process (PID=2416) to work on /home/airflow/.local/lib/python3.12/site-packages/airflow/example_dags/example_task_group.py
[2024-10-18T23:52:26.406+0000] {processor.py:914} INFO - Processing file /home/airflow/.local/lib/python3.12/site-packages/airflow/example_dags/example_task_group.py for tasks to queue
[2024-10-18T23:52:26.410+0000] {logging_mixin.py:190} INFO - [2024-10-18T23:52:26.409+0000] {dagbag.py:588} INFO - Filling up the DagBag from /home/airflow/.local/lib/python3.12/site-packages/airflow/example_dags/example_task_group.py
[2024-10-18T23:52:26.422+0000] {processor.py:925} INFO - DAG(s) 'example_task_group' retrieved from /home/airflow/.local/lib/python3.12/site-packages/airflow/example_dags/example_task_group.py
[2024-10-18T23:52:26.457+0000] {logging_mixin.py:190} INFO - [2024-10-18T23:52:26.456+0000] {dag.py:3239} INFO - Sync 1 DAGs
[2024-10-18T23:52:26.479+0000] {logging_mixin.py:190} INFO - [2024-10-18T23:52:26.478+0000] {dag.py:4180} INFO - Setting next_dagrun for example_task_group to None, run_after=None
[2024-10-18T23:52:26.512+0000] {processor.py:208} INFO - Processing /home/airflow/.local/lib/python3.12/site-packages/airflow/example_dags/example_task_group.py took 0.118 seconds
[2024-10-18T23:52:56.677+0000] {processor.py:186} INFO - Started process (PID=2478) to work on /home/airflow/.local/lib/python3.12/site-packages/airflow/example_dags/example_task_group.py
[2024-10-18T23:52:56.682+0000] {processor.py:914} INFO - Processing file /home/airflow/.local/lib/python3.12/site-packages/airflow/example_dags/example_task_group.py for tasks to queue
[2024-10-18T23:52:56.687+0000] {logging_mixin.py:190} INFO - [2024-10-18T23:52:56.686+0000] {dagbag.py:588} INFO - Filling up the DagBag from /home/airflow/.local/lib/python3.12/site-packages/airflow/example_dags/example_task_group.py
[2024-10-18T23:52:56.702+0000] {processor.py:925} INFO - DAG(s) 'example_task_group' retrieved from /home/airflow/.local/lib/python3.12/site-packages/airflow/example_dags/example_task_group.py
[2024-10-18T23:52:56.742+0000] {logging_mixin.py:190} INFO - [2024-10-18T23:52:56.742+0000] {dag.py:3239} INFO - Sync 1 DAGs
[2024-10-18T23:52:56.777+0000] {logging_mixin.py:190} INFO - [2024-10-18T23:52:56.776+0000] {dag.py:4180} INFO - Setting next_dagrun for example_task_group to None, run_after=None
[2024-10-18T23:52:56.824+0000] {processor.py:208} INFO - Processing /home/airflow/.local/lib/python3.12/site-packages/airflow/example_dags/example_task_group.py took 0.155 seconds
[2024-10-18T23:53:27.609+0000] {processor.py:186} INFO - Started process (PID=2540) to work on /home/airflow/.local/lib/python3.12/site-packages/airflow/example_dags/example_task_group.py
[2024-10-18T23:53:27.612+0000] {processor.py:914} INFO - Processing file /home/airflow/.local/lib/python3.12/site-packages/airflow/example_dags/example_task_group.py for tasks to queue
[2024-10-18T23:53:27.626+0000] {logging_mixin.py:190} INFO - [2024-10-18T23:53:27.625+0000] {dagbag.py:588} INFO - Filling up the DagBag from /home/airflow/.local/lib/python3.12/site-packages/airflow/example_dags/example_task_group.py
[2024-10-18T23:53:27.683+0000] {processor.py:925} INFO - DAG(s) 'example_task_group' retrieved from /home/airflow/.local/lib/python3.12/site-packages/airflow/example_dags/example_task_group.py
[2024-10-18T23:53:27.747+0000] {logging_mixin.py:190} INFO - [2024-10-18T23:53:27.746+0000] {dag.py:3239} INFO - Sync 1 DAGs
[2024-10-18T23:53:27.805+0000] {logging_mixin.py:190} INFO - [2024-10-18T23:53:27.805+0000] {dag.py:4180} INFO - Setting next_dagrun for example_task_group to None, run_after=None
[2024-10-18T23:53:27.920+0000] {processor.py:208} INFO - Processing /home/airflow/.local/lib/python3.12/site-packages/airflow/example_dags/example_task_group.py took 0.331 seconds
[2024-10-18T23:53:58.196+0000] {processor.py:186} INFO - Started process (PID=2602) to work on /home/airflow/.local/lib/python3.12/site-packages/airflow/example_dags/example_task_group.py
[2024-10-18T23:53:58.198+0000] {processor.py:914} INFO - Processing file /home/airflow/.local/lib/python3.12/site-packages/airflow/example_dags/example_task_group.py for tasks to queue
[2024-10-18T23:53:58.204+0000] {logging_mixin.py:190} INFO - [2024-10-18T23:53:58.203+0000] {dagbag.py:588} INFO - Filling up the DagBag from /home/airflow/.local/lib/python3.12/site-packages/airflow/example_dags/example_task_group.py
[2024-10-18T23:53:58.233+0000] {processor.py:925} INFO - DAG(s) 'example_task_group' retrieved from /home/airflow/.local/lib/python3.12/site-packages/airflow/example_dags/example_task_group.py
[2024-10-18T23:53:58.293+0000] {logging_mixin.py:190} INFO - [2024-10-18T23:53:58.293+0000] {dag.py:3239} INFO - Sync 1 DAGs
[2024-10-18T23:53:58.350+0000] {logging_mixin.py:190} INFO - [2024-10-18T23:53:58.349+0000] {dag.py:4180} INFO - Setting next_dagrun for example_task_group to None, run_after=None
[2024-10-18T23:53:58.413+0000] {processor.py:208} INFO - Processing /home/airflow/.local/lib/python3.12/site-packages/airflow/example_dags/example_task_group.py took 0.234 seconds
[2024-10-18T23:54:29.770+0000] {processor.py:186} INFO - Started process (PID=2664) to work on /home/airflow/.local/lib/python3.12/site-packages/airflow/example_dags/example_task_group.py
[2024-10-18T23:54:29.772+0000] {processor.py:914} INFO - Processing file /home/airflow/.local/lib/python3.12/site-packages/airflow/example_dags/example_task_group.py for tasks to queue
[2024-10-18T23:54:29.777+0000] {logging_mixin.py:190} INFO - [2024-10-18T23:54:29.777+0000] {dagbag.py:588} INFO - Filling up the DagBag from /home/airflow/.local/lib/python3.12/site-packages/airflow/example_dags/example_task_group.py
[2024-10-18T23:54:29.795+0000] {processor.py:925} INFO - DAG(s) 'example_task_group' retrieved from /home/airflow/.local/lib/python3.12/site-packages/airflow/example_dags/example_task_group.py
[2024-10-18T23:54:29.831+0000] {logging_mixin.py:190} INFO - [2024-10-18T23:54:29.831+0000] {dag.py:3239} INFO - Sync 1 DAGs
[2024-10-18T23:54:29.860+0000] {logging_mixin.py:190} INFO - [2024-10-18T23:54:29.860+0000] {dag.py:4180} INFO - Setting next_dagrun for example_task_group to None, run_after=None
[2024-10-18T23:54:29.894+0000] {processor.py:208} INFO - Processing /home/airflow/.local/lib/python3.12/site-packages/airflow/example_dags/example_task_group.py took 0.135 seconds
[2024-10-18T23:55:01.009+0000] {processor.py:186} INFO - Started process (PID=2727) to work on /home/airflow/.local/lib/python3.12/site-packages/airflow/example_dags/example_task_group.py
[2024-10-18T23:55:01.011+0000] {processor.py:914} INFO - Processing file /home/airflow/.local/lib/python3.12/site-packages/airflow/example_dags/example_task_group.py for tasks to queue
[2024-10-18T23:55:01.018+0000] {logging_mixin.py:190} INFO - [2024-10-18T23:55:01.017+0000] {dagbag.py:588} INFO - Filling up the DagBag from /home/airflow/.local/lib/python3.12/site-packages/airflow/example_dags/example_task_group.py
[2024-10-18T23:55:01.037+0000] {processor.py:925} INFO - DAG(s) 'example_task_group' retrieved from /home/airflow/.local/lib/python3.12/site-packages/airflow/example_dags/example_task_group.py
[2024-10-18T23:55:01.090+0000] {logging_mixin.py:190} INFO - [2024-10-18T23:55:01.089+0000] {dag.py:3239} INFO - Sync 1 DAGs
[2024-10-18T23:55:01.131+0000] {logging_mixin.py:190} INFO - [2024-10-18T23:55:01.130+0000] {dag.py:4180} INFO - Setting next_dagrun for example_task_group to None, run_after=None
[2024-10-18T23:55:01.173+0000] {processor.py:208} INFO - Processing /home/airflow/.local/lib/python3.12/site-packages/airflow/example_dags/example_task_group.py took 0.178 seconds
[2024-10-18T23:56:42.499+0000] {processor.py:186} INFO - Started process (PID=2764) to work on /home/airflow/.local/lib/python3.12/site-packages/airflow/example_dags/example_task_group.py
[2024-10-18T23:56:42.502+0000] {processor.py:914} INFO - Processing file /home/airflow/.local/lib/python3.12/site-packages/airflow/example_dags/example_task_group.py for tasks to queue
[2024-10-18T23:56:42.507+0000] {logging_mixin.py:190} INFO - [2024-10-18T23:56:42.506+0000] {dagbag.py:588} INFO - Filling up the DagBag from /home/airflow/.local/lib/python3.12/site-packages/airflow/example_dags/example_task_group.py
[2024-10-18T23:56:42.528+0000] {processor.py:925} INFO - DAG(s) 'example_task_group' retrieved from /home/airflow/.local/lib/python3.12/site-packages/airflow/example_dags/example_task_group.py
[2024-10-18T23:56:42.589+0000] {logging_mixin.py:190} INFO - [2024-10-18T23:56:42.589+0000] {dag.py:3239} INFO - Sync 1 DAGs
[2024-10-18T23:56:42.628+0000] {logging_mixin.py:190} INFO - [2024-10-18T23:56:42.628+0000] {dag.py:4180} INFO - Setting next_dagrun for example_task_group to None, run_after=None
[2024-10-18T23:56:43.160+0000] {processor.py:208} INFO - Processing /home/airflow/.local/lib/python3.12/site-packages/airflow/example_dags/example_task_group.py took 0.675 seconds
[2024-10-18T23:57:13.414+0000] {processor.py:186} INFO - Started process (PID=2827) to work on /home/airflow/.local/lib/python3.12/site-packages/airflow/example_dags/example_task_group.py
[2024-10-18T23:57:13.417+0000] {processor.py:914} INFO - Processing file /home/airflow/.local/lib/python3.12/site-packages/airflow/example_dags/example_task_group.py for tasks to queue
[2024-10-18T23:57:13.422+0000] {logging_mixin.py:190} INFO - [2024-10-18T23:57:13.421+0000] {dagbag.py:588} INFO - Filling up the DagBag from /home/airflow/.local/lib/python3.12/site-packages/airflow/example_dags/example_task_group.py
[2024-10-18T23:57:13.442+0000] {processor.py:925} INFO - DAG(s) 'example_task_group' retrieved from /home/airflow/.local/lib/python3.12/site-packages/airflow/example_dags/example_task_group.py
[2024-10-18T23:57:13.493+0000] {logging_mixin.py:190} INFO - [2024-10-18T23:57:13.492+0000] {dag.py:3239} INFO - Sync 1 DAGs
[2024-10-18T23:57:13.526+0000] {logging_mixin.py:190} INFO - [2024-10-18T23:57:13.525+0000] {dag.py:4180} INFO - Setting next_dagrun for example_task_group to None, run_after=None
[2024-10-18T23:57:13.563+0000] {processor.py:208} INFO - Processing /home/airflow/.local/lib/python3.12/site-packages/airflow/example_dags/example_task_group.py took 0.161 seconds
[2024-10-18T23:57:44.255+0000] {processor.py:186} INFO - Started process (PID=2888) to work on /home/airflow/.local/lib/python3.12/site-packages/airflow/example_dags/example_task_group.py
[2024-10-18T23:57:44.257+0000] {processor.py:914} INFO - Processing file /home/airflow/.local/lib/python3.12/site-packages/airflow/example_dags/example_task_group.py for tasks to queue
[2024-10-18T23:57:44.261+0000] {logging_mixin.py:190} INFO - [2024-10-18T23:57:44.261+0000] {dagbag.py:588} INFO - Filling up the DagBag from /home/airflow/.local/lib/python3.12/site-packages/airflow/example_dags/example_task_group.py
[2024-10-18T23:57:44.271+0000] {processor.py:925} INFO - DAG(s) 'example_task_group' retrieved from /home/airflow/.local/lib/python3.12/site-packages/airflow/example_dags/example_task_group.py
[2024-10-18T23:57:44.297+0000] {logging_mixin.py:190} INFO - [2024-10-18T23:57:44.297+0000] {dag.py:3239} INFO - Sync 1 DAGs
[2024-10-18T23:57:44.324+0000] {logging_mixin.py:190} INFO - [2024-10-18T23:57:44.323+0000] {dag.py:4180} INFO - Setting next_dagrun for example_task_group to None, run_after=None
[2024-10-18T23:57:44.353+0000] {processor.py:208} INFO - Processing /home/airflow/.local/lib/python3.12/site-packages/airflow/example_dags/example_task_group.py took 0.105 seconds
[2024-10-18T23:58:14.890+0000] {processor.py:186} INFO - Started process (PID=2950) to work on /home/airflow/.local/lib/python3.12/site-packages/airflow/example_dags/example_task_group.py
[2024-10-18T23:58:14.891+0000] {processor.py:914} INFO - Processing file /home/airflow/.local/lib/python3.12/site-packages/airflow/example_dags/example_task_group.py for tasks to queue
[2024-10-18T23:58:14.893+0000] {logging_mixin.py:190} INFO - [2024-10-18T23:58:14.893+0000] {dagbag.py:588} INFO - Filling up the DagBag from /home/airflow/.local/lib/python3.12/site-packages/airflow/example_dags/example_task_group.py
[2024-10-18T23:58:14.901+0000] {processor.py:925} INFO - DAG(s) 'example_task_group' retrieved from /home/airflow/.local/lib/python3.12/site-packages/airflow/example_dags/example_task_group.py
[2024-10-18T23:58:14.943+0000] {logging_mixin.py:190} INFO - [2024-10-18T23:58:14.943+0000] {dag.py:3239} INFO - Sync 1 DAGs
[2024-10-18T23:58:14.967+0000] {logging_mixin.py:190} INFO - [2024-10-18T23:58:14.967+0000] {dag.py:4180} INFO - Setting next_dagrun for example_task_group to None, run_after=None
[2024-10-18T23:58:15.000+0000] {processor.py:208} INFO - Processing /home/airflow/.local/lib/python3.12/site-packages/airflow/example_dags/example_task_group.py took 0.117 seconds
[2024-10-18T23:58:45.719+0000] {processor.py:186} INFO - Started process (PID=3012) to work on /home/airflow/.local/lib/python3.12/site-packages/airflow/example_dags/example_task_group.py
[2024-10-18T23:58:45.720+0000] {processor.py:914} INFO - Processing file /home/airflow/.local/lib/python3.12/site-packages/airflow/example_dags/example_task_group.py for tasks to queue
[2024-10-18T23:58:45.722+0000] {logging_mixin.py:190} INFO - [2024-10-18T23:58:45.722+0000] {dagbag.py:588} INFO - Filling up the DagBag from /home/airflow/.local/lib/python3.12/site-packages/airflow/example_dags/example_task_group.py
[2024-10-18T23:58:45.731+0000] {processor.py:925} INFO - DAG(s) 'example_task_group' retrieved from /home/airflow/.local/lib/python3.12/site-packages/airflow/example_dags/example_task_group.py
[2024-10-18T23:58:45.915+0000] {logging_mixin.py:190} INFO - [2024-10-18T23:58:45.915+0000] {dag.py:3239} INFO - Sync 1 DAGs
[2024-10-18T23:58:45.929+0000] {logging_mixin.py:190} INFO - [2024-10-18T23:58:45.929+0000] {dag.py:4180} INFO - Setting next_dagrun for example_task_group to None, run_after=None
[2024-10-18T23:58:45.957+0000] {processor.py:208} INFO - Processing /home/airflow/.local/lib/python3.12/site-packages/airflow/example_dags/example_task_group.py took 0.243 seconds
[2024-10-18T23:59:16.066+0000] {processor.py:186} INFO - Started process (PID=3073) to work on /home/airflow/.local/lib/python3.12/site-packages/airflow/example_dags/example_task_group.py
[2024-10-18T23:59:16.068+0000] {processor.py:914} INFO - Processing file /home/airflow/.local/lib/python3.12/site-packages/airflow/example_dags/example_task_group.py for tasks to queue
[2024-10-18T23:59:16.071+0000] {logging_mixin.py:190} INFO - [2024-10-18T23:59:16.070+0000] {dagbag.py:588} INFO - Filling up the DagBag from /home/airflow/.local/lib/python3.12/site-packages/airflow/example_dags/example_task_group.py
[2024-10-18T23:59:16.082+0000] {processor.py:925} INFO - DAG(s) 'example_task_group' retrieved from /home/airflow/.local/lib/python3.12/site-packages/airflow/example_dags/example_task_group.py
[2024-10-18T23:59:16.111+0000] {logging_mixin.py:190} INFO - [2024-10-18T23:59:16.110+0000] {dag.py:3239} INFO - Sync 1 DAGs
[2024-10-18T23:59:16.396+0000] {logging_mixin.py:190} INFO - [2024-10-18T23:59:16.389+0000] {dag.py:4180} INFO - Setting next_dagrun for example_task_group to None, run_after=None
[2024-10-18T23:59:16.452+0000] {processor.py:208} INFO - Processing /home/airflow/.local/lib/python3.12/site-packages/airflow/example_dags/example_task_group.py took 0.394 seconds
[2024-10-18T23:59:46.652+0000] {processor.py:186} INFO - Started process (PID=3135) to work on /home/airflow/.local/lib/python3.12/site-packages/airflow/example_dags/example_task_group.py
[2024-10-18T23:59:46.653+0000] {processor.py:914} INFO - Processing file /home/airflow/.local/lib/python3.12/site-packages/airflow/example_dags/example_task_group.py for tasks to queue
[2024-10-18T23:59:46.656+0000] {logging_mixin.py:190} INFO - [2024-10-18T23:59:46.655+0000] {dagbag.py:588} INFO - Filling up the DagBag from /home/airflow/.local/lib/python3.12/site-packages/airflow/example_dags/example_task_group.py
[2024-10-18T23:59:46.664+0000] {processor.py:925} INFO - DAG(s) 'example_task_group' retrieved from /home/airflow/.local/lib/python3.12/site-packages/airflow/example_dags/example_task_group.py
[2024-10-18T23:59:46.688+0000] {logging_mixin.py:190} INFO - [2024-10-18T23:59:46.688+0000] {dag.py:3239} INFO - Sync 1 DAGs
[2024-10-18T23:59:46.702+0000] {logging_mixin.py:190} INFO - [2024-10-18T23:59:46.701+0000] {dag.py:4180} INFO - Setting next_dagrun for example_task_group to None, run_after=None
[2024-10-18T23:59:46.725+0000] {processor.py:208} INFO - Processing /home/airflow/.local/lib/python3.12/site-packages/airflow/example_dags/example_task_group.py took 0.079 seconds
