[2024-10-18T23:33:05.558+0000] {processor.py:186} INFO - Started process (PID=96) to work on /home/airflow/.local/lib/python3.12/site-packages/airflow/example_dags/example_dag_decorator.py
[2024-10-18T23:33:05.560+0000] {processor.py:914} INFO - Processing file /home/airflow/.local/lib/python3.12/site-packages/airflow/example_dags/example_dag_decorator.py for tasks to queue
[2024-10-18T23:33:05.562+0000] {logging_mixin.py:190} INFO - [2024-10-18T23:33:05.562+0000] {dagbag.py:588} INFO - Filling up the DagBag from /home/airflow/.local/lib/python3.12/site-packages/airflow/example_dags/example_dag_decorator.py
[2024-10-18T23:33:05.689+0000] {processor.py:925} INFO - DAG(s) 'example_dag_decorator' retrieved from /home/airflow/.local/lib/python3.12/site-packages/airflow/example_dags/example_dag_decorator.py
[2024-10-18T23:33:06.057+0000] {logging_mixin.py:190} INFO - [2024-10-18T23:33:06.056+0000] {override.py:1900} INFO - Created Permission View: can read on DAG:example_dag_decorator
[2024-10-18T23:33:06.079+0000] {logging_mixin.py:190} INFO - [2024-10-18T23:33:06.078+0000] {override.py:1900} INFO - Created Permission View: can edit on DAG:example_dag_decorator
[2024-10-18T23:33:06.096+0000] {logging_mixin.py:190} INFO - [2024-10-18T23:33:06.095+0000] {override.py:1900} INFO - Created Permission View: can delete on DAG:example_dag_decorator
[2024-10-18T23:33:06.118+0000] {logging_mixin.py:190} INFO - [2024-10-18T23:33:06.118+0000] {override.py:1900} INFO - Created Permission View: can read on DAG Run:example_dag_decorator
[2024-10-18T23:33:06.131+0000] {logging_mixin.py:190} INFO - [2024-10-18T23:33:06.131+0000] {override.py:1900} INFO - Created Permission View: can create on DAG Run:example_dag_decorator
[2024-10-18T23:33:06.144+0000] {logging_mixin.py:190} INFO - [2024-10-18T23:33:06.143+0000] {override.py:1900} INFO - Created Permission View: menu access on DAG Run:example_dag_decorator
[2024-10-18T23:33:06.154+0000] {logging_mixin.py:190} INFO - [2024-10-18T23:33:06.154+0000] {override.py:1900} INFO - Created Permission View: can delete on DAG Run:example_dag_decorator
[2024-10-18T23:33:06.155+0000] {logging_mixin.py:190} INFO - [2024-10-18T23:33:06.155+0000] {dag.py:3239} INFO - Sync 1 DAGs
[2024-10-18T23:33:06.186+0000] {logging_mixin.py:190} INFO - [2024-10-18T23:33:06.185+0000] {dag.py:3262} INFO - Creating ORM DAG for example_dag_decorator
[2024-10-18T23:33:06.187+0000] {logging_mixin.py:190} INFO - [2024-10-18T23:33:06.187+0000] {dag.py:4180} INFO - Setting next_dagrun for example_dag_decorator to None, run_after=None
[2024-10-18T23:33:06.212+0000] {processor.py:208} INFO - Processing /home/airflow/.local/lib/python3.12/site-packages/airflow/example_dags/example_dag_decorator.py took 0.660 seconds
[2024-10-18T23:33:36.661+0000] {processor.py:186} INFO - Started process (PID=158) to work on /home/airflow/.local/lib/python3.12/site-packages/airflow/example_dags/example_dag_decorator.py
[2024-10-18T23:33:36.662+0000] {processor.py:914} INFO - Processing file /home/airflow/.local/lib/python3.12/site-packages/airflow/example_dags/example_dag_decorator.py for tasks to queue
[2024-10-18T23:33:36.666+0000] {logging_mixin.py:190} INFO - [2024-10-18T23:33:36.666+0000] {dagbag.py:588} INFO - Filling up the DagBag from /home/airflow/.local/lib/python3.12/site-packages/airflow/example_dags/example_dag_decorator.py
[2024-10-18T23:33:36.691+0000] {processor.py:925} INFO - DAG(s) 'example_dag_decorator' retrieved from /home/airflow/.local/lib/python3.12/site-packages/airflow/example_dags/example_dag_decorator.py
[2024-10-18T23:33:36.894+0000] {logging_mixin.py:190} INFO - [2024-10-18T23:33:36.893+0000] {dag.py:3239} INFO - Sync 1 DAGs
[2024-10-18T23:33:36.936+0000] {logging_mixin.py:190} INFO - [2024-10-18T23:33:36.936+0000] {dag.py:4180} INFO - Setting next_dagrun for example_dag_decorator to None, run_after=None
[2024-10-18T23:33:37.046+0000] {processor.py:208} INFO - Processing /home/airflow/.local/lib/python3.12/site-packages/airflow/example_dags/example_dag_decorator.py took 0.399 seconds
[2024-10-18T23:34:07.900+0000] {processor.py:186} INFO - Started process (PID=220) to work on /home/airflow/.local/lib/python3.12/site-packages/airflow/example_dags/example_dag_decorator.py
[2024-10-18T23:34:07.901+0000] {processor.py:914} INFO - Processing file /home/airflow/.local/lib/python3.12/site-packages/airflow/example_dags/example_dag_decorator.py for tasks to queue
[2024-10-18T23:34:07.904+0000] {logging_mixin.py:190} INFO - [2024-10-18T23:34:07.903+0000] {dagbag.py:588} INFO - Filling up the DagBag from /home/airflow/.local/lib/python3.12/site-packages/airflow/example_dags/example_dag_decorator.py
[2024-10-18T23:34:07.914+0000] {processor.py:925} INFO - DAG(s) 'example_dag_decorator' retrieved from /home/airflow/.local/lib/python3.12/site-packages/airflow/example_dags/example_dag_decorator.py
[2024-10-18T23:34:08.045+0000] {logging_mixin.py:190} INFO - [2024-10-18T23:34:08.045+0000] {dag.py:3239} INFO - Sync 1 DAGs
[2024-10-18T23:34:08.059+0000] {logging_mixin.py:190} INFO - [2024-10-18T23:34:08.058+0000] {dag.py:4180} INFO - Setting next_dagrun for example_dag_decorator to None, run_after=None
[2024-10-18T23:34:08.083+0000] {processor.py:208} INFO - Processing /home/airflow/.local/lib/python3.12/site-packages/airflow/example_dags/example_dag_decorator.py took 0.189 seconds
[2024-10-18T23:34:38.860+0000] {processor.py:186} INFO - Started process (PID=282) to work on /home/airflow/.local/lib/python3.12/site-packages/airflow/example_dags/example_dag_decorator.py
[2024-10-18T23:34:38.861+0000] {processor.py:914} INFO - Processing file /home/airflow/.local/lib/python3.12/site-packages/airflow/example_dags/example_dag_decorator.py for tasks to queue
[2024-10-18T23:34:38.864+0000] {logging_mixin.py:190} INFO - [2024-10-18T23:34:38.863+0000] {dagbag.py:588} INFO - Filling up the DagBag from /home/airflow/.local/lib/python3.12/site-packages/airflow/example_dags/example_dag_decorator.py
[2024-10-18T23:34:38.874+0000] {processor.py:925} INFO - DAG(s) 'example_dag_decorator' retrieved from /home/airflow/.local/lib/python3.12/site-packages/airflow/example_dags/example_dag_decorator.py
[2024-10-18T23:34:38.981+0000] {logging_mixin.py:190} INFO - [2024-10-18T23:34:38.981+0000] {dag.py:3239} INFO - Sync 1 DAGs
[2024-10-18T23:34:38.992+0000] {logging_mixin.py:190} INFO - [2024-10-18T23:34:38.991+0000] {dag.py:4180} INFO - Setting next_dagrun for example_dag_decorator to None, run_after=None
[2024-10-18T23:34:39.012+0000] {processor.py:208} INFO - Processing /home/airflow/.local/lib/python3.12/site-packages/airflow/example_dags/example_dag_decorator.py took 0.157 seconds
[2024-10-18T23:35:09.098+0000] {processor.py:186} INFO - Started process (PID=344) to work on /home/airflow/.local/lib/python3.12/site-packages/airflow/example_dags/example_dag_decorator.py
[2024-10-18T23:35:09.104+0000] {processor.py:914} INFO - Processing file /home/airflow/.local/lib/python3.12/site-packages/airflow/example_dags/example_dag_decorator.py for tasks to queue
[2024-10-18T23:35:09.107+0000] {logging_mixin.py:190} INFO - [2024-10-18T23:35:09.107+0000] {dagbag.py:588} INFO - Filling up the DagBag from /home/airflow/.local/lib/python3.12/site-packages/airflow/example_dags/example_dag_decorator.py
[2024-10-18T23:35:09.117+0000] {processor.py:925} INFO - DAG(s) 'example_dag_decorator' retrieved from /home/airflow/.local/lib/python3.12/site-packages/airflow/example_dags/example_dag_decorator.py
[2024-10-18T23:35:09.216+0000] {logging_mixin.py:190} INFO - [2024-10-18T23:35:09.216+0000] {dag.py:3239} INFO - Sync 1 DAGs
[2024-10-18T23:35:09.229+0000] {logging_mixin.py:190} INFO - [2024-10-18T23:35:09.228+0000] {dag.py:4180} INFO - Setting next_dagrun for example_dag_decorator to None, run_after=None
[2024-10-18T23:35:09.249+0000] {processor.py:208} INFO - Processing /home/airflow/.local/lib/python3.12/site-packages/airflow/example_dags/example_dag_decorator.py took 0.157 seconds
[2024-10-18T23:35:39.690+0000] {processor.py:186} INFO - Started process (PID=406) to work on /home/airflow/.local/lib/python3.12/site-packages/airflow/example_dags/example_dag_decorator.py
[2024-10-18T23:35:39.691+0000] {processor.py:914} INFO - Processing file /home/airflow/.local/lib/python3.12/site-packages/airflow/example_dags/example_dag_decorator.py for tasks to queue
[2024-10-18T23:35:39.695+0000] {logging_mixin.py:190} INFO - [2024-10-18T23:35:39.695+0000] {dagbag.py:588} INFO - Filling up the DagBag from /home/airflow/.local/lib/python3.12/site-packages/airflow/example_dags/example_dag_decorator.py
[2024-10-18T23:35:39.706+0000] {processor.py:925} INFO - DAG(s) 'example_dag_decorator' retrieved from /home/airflow/.local/lib/python3.12/site-packages/airflow/example_dags/example_dag_decorator.py
[2024-10-18T23:35:39.809+0000] {logging_mixin.py:190} INFO - [2024-10-18T23:35:39.808+0000] {dag.py:3239} INFO - Sync 1 DAGs
[2024-10-18T23:35:39.820+0000] {logging_mixin.py:190} INFO - [2024-10-18T23:35:39.819+0000] {dag.py:4180} INFO - Setting next_dagrun for example_dag_decorator to None, run_after=None
[2024-10-18T23:35:40.538+0000] {processor.py:208} INFO - Processing /home/airflow/.local/lib/python3.12/site-packages/airflow/example_dags/example_dag_decorator.py took 0.854 seconds
[2024-10-18T23:36:11.190+0000] {processor.py:186} INFO - Started process (PID=468) to work on /home/airflow/.local/lib/python3.12/site-packages/airflow/example_dags/example_dag_decorator.py
[2024-10-18T23:36:11.322+0000] {processor.py:914} INFO - Processing file /home/airflow/.local/lib/python3.12/site-packages/airflow/example_dags/example_dag_decorator.py for tasks to queue
[2024-10-18T23:36:11.383+0000] {logging_mixin.py:190} INFO - [2024-10-18T23:36:11.382+0000] {dagbag.py:588} INFO - Filling up the DagBag from /home/airflow/.local/lib/python3.12/site-packages/airflow/example_dags/example_dag_decorator.py
[2024-10-18T23:36:11.761+0000] {processor.py:925} INFO - DAG(s) 'example_dag_decorator' retrieved from /home/airflow/.local/lib/python3.12/site-packages/airflow/example_dags/example_dag_decorator.py
[2024-10-18T23:36:15.419+0000] {logging_mixin.py:190} INFO - [2024-10-18T23:36:15.419+0000] {dag.py:3239} INFO - Sync 1 DAGs
[2024-10-18T23:36:15.440+0000] {logging_mixin.py:190} INFO - [2024-10-18T23:36:15.440+0000] {dag.py:4180} INFO - Setting next_dagrun for example_dag_decorator to None, run_after=None
[2024-10-18T23:36:15.473+0000] {processor.py:208} INFO - Processing /home/airflow/.local/lib/python3.12/site-packages/airflow/example_dags/example_dag_decorator.py took 4.370 seconds
[2024-10-18T23:36:45.740+0000] {processor.py:186} INFO - Started process (PID=531) to work on /home/airflow/.local/lib/python3.12/site-packages/airflow/example_dags/example_dag_decorator.py
[2024-10-18T23:36:45.744+0000] {processor.py:914} INFO - Processing file /home/airflow/.local/lib/python3.12/site-packages/airflow/example_dags/example_dag_decorator.py for tasks to queue
[2024-10-18T23:36:45.768+0000] {logging_mixin.py:190} INFO - [2024-10-18T23:36:45.756+0000] {dagbag.py:588} INFO - Filling up the DagBag from /home/airflow/.local/lib/python3.12/site-packages/airflow/example_dags/example_dag_decorator.py
[2024-10-18T23:36:45.814+0000] {processor.py:925} INFO - DAG(s) 'example_dag_decorator' retrieved from /home/airflow/.local/lib/python3.12/site-packages/airflow/example_dags/example_dag_decorator.py
[2024-10-18T23:36:46.366+0000] {logging_mixin.py:190} INFO - [2024-10-18T23:36:46.366+0000] {dag.py:3239} INFO - Sync 1 DAGs
[2024-10-18T23:36:46.388+0000] {logging_mixin.py:190} INFO - [2024-10-18T23:36:46.388+0000] {dag.py:4180} INFO - Setting next_dagrun for example_dag_decorator to None, run_after=None
[2024-10-18T23:36:46.419+0000] {processor.py:208} INFO - Processing /home/airflow/.local/lib/python3.12/site-packages/airflow/example_dags/example_dag_decorator.py took 0.691 seconds
[2024-10-18T23:37:17.364+0000] {processor.py:186} INFO - Started process (PID=594) to work on /home/airflow/.local/lib/python3.12/site-packages/airflow/example_dags/example_dag_decorator.py
[2024-10-18T23:37:17.366+0000] {processor.py:914} INFO - Processing file /home/airflow/.local/lib/python3.12/site-packages/airflow/example_dags/example_dag_decorator.py for tasks to queue
[2024-10-18T23:37:17.369+0000] {logging_mixin.py:190} INFO - [2024-10-18T23:37:17.368+0000] {dagbag.py:588} INFO - Filling up the DagBag from /home/airflow/.local/lib/python3.12/site-packages/airflow/example_dags/example_dag_decorator.py
[2024-10-18T23:37:17.379+0000] {processor.py:925} INFO - DAG(s) 'example_dag_decorator' retrieved from /home/airflow/.local/lib/python3.12/site-packages/airflow/example_dags/example_dag_decorator.py
[2024-10-18T23:37:17.490+0000] {logging_mixin.py:190} INFO - [2024-10-18T23:37:17.490+0000] {dag.py:3239} INFO - Sync 1 DAGs
[2024-10-18T23:37:17.501+0000] {logging_mixin.py:190} INFO - [2024-10-18T23:37:17.501+0000] {dag.py:4180} INFO - Setting next_dagrun for example_dag_decorator to None, run_after=None
[2024-10-18T23:37:17.520+0000] {processor.py:208} INFO - Processing /home/airflow/.local/lib/python3.12/site-packages/airflow/example_dags/example_dag_decorator.py took 0.161 seconds
[2024-10-18T23:37:47.916+0000] {processor.py:186} INFO - Started process (PID=656) to work on /home/airflow/.local/lib/python3.12/site-packages/airflow/example_dags/example_dag_decorator.py
[2024-10-18T23:37:47.917+0000] {processor.py:914} INFO - Processing file /home/airflow/.local/lib/python3.12/site-packages/airflow/example_dags/example_dag_decorator.py for tasks to queue
[2024-10-18T23:37:47.920+0000] {logging_mixin.py:190} INFO - [2024-10-18T23:37:47.920+0000] {dagbag.py:588} INFO - Filling up the DagBag from /home/airflow/.local/lib/python3.12/site-packages/airflow/example_dags/example_dag_decorator.py
[2024-10-18T23:37:47.931+0000] {processor.py:925} INFO - DAG(s) 'example_dag_decorator' retrieved from /home/airflow/.local/lib/python3.12/site-packages/airflow/example_dags/example_dag_decorator.py
[2024-10-18T23:37:48.037+0000] {logging_mixin.py:190} INFO - [2024-10-18T23:37:48.036+0000] {dag.py:3239} INFO - Sync 1 DAGs
[2024-10-18T23:37:48.052+0000] {logging_mixin.py:190} INFO - [2024-10-18T23:37:48.052+0000] {dag.py:4180} INFO - Setting next_dagrun for example_dag_decorator to None, run_after=None
[2024-10-18T23:37:48.076+0000] {processor.py:208} INFO - Processing /home/airflow/.local/lib/python3.12/site-packages/airflow/example_dags/example_dag_decorator.py took 0.165 seconds
[2024-10-18T23:38:18.718+0000] {processor.py:186} INFO - Started process (PID=718) to work on /home/airflow/.local/lib/python3.12/site-packages/airflow/example_dags/example_dag_decorator.py
[2024-10-18T23:38:18.720+0000] {processor.py:914} INFO - Processing file /home/airflow/.local/lib/python3.12/site-packages/airflow/example_dags/example_dag_decorator.py for tasks to queue
[2024-10-18T23:38:18.722+0000] {logging_mixin.py:190} INFO - [2024-10-18T23:38:18.722+0000] {dagbag.py:588} INFO - Filling up the DagBag from /home/airflow/.local/lib/python3.12/site-packages/airflow/example_dags/example_dag_decorator.py
[2024-10-18T23:38:18.732+0000] {processor.py:925} INFO - DAG(s) 'example_dag_decorator' retrieved from /home/airflow/.local/lib/python3.12/site-packages/airflow/example_dags/example_dag_decorator.py
[2024-10-18T23:38:18.840+0000] {logging_mixin.py:190} INFO - [2024-10-18T23:38:18.839+0000] {dag.py:3239} INFO - Sync 1 DAGs
[2024-10-18T23:38:18.850+0000] {logging_mixin.py:190} INFO - [2024-10-18T23:38:18.850+0000] {dag.py:4180} INFO - Setting next_dagrun for example_dag_decorator to None, run_after=None
[2024-10-18T23:38:18.868+0000] {processor.py:208} INFO - Processing /home/airflow/.local/lib/python3.12/site-packages/airflow/example_dags/example_dag_decorator.py took 0.155 seconds
[2024-10-18T23:38:49.409+0000] {processor.py:186} INFO - Started process (PID=780) to work on /home/airflow/.local/lib/python3.12/site-packages/airflow/example_dags/example_dag_decorator.py
[2024-10-18T23:38:49.410+0000] {processor.py:914} INFO - Processing file /home/airflow/.local/lib/python3.12/site-packages/airflow/example_dags/example_dag_decorator.py for tasks to queue
[2024-10-18T23:38:49.413+0000] {logging_mixin.py:190} INFO - [2024-10-18T23:38:49.412+0000] {dagbag.py:588} INFO - Filling up the DagBag from /home/airflow/.local/lib/python3.12/site-packages/airflow/example_dags/example_dag_decorator.py
[2024-10-18T23:38:49.423+0000] {processor.py:925} INFO - DAG(s) 'example_dag_decorator' retrieved from /home/airflow/.local/lib/python3.12/site-packages/airflow/example_dags/example_dag_decorator.py
[2024-10-18T23:38:49.526+0000] {logging_mixin.py:190} INFO - [2024-10-18T23:38:49.526+0000] {dag.py:3239} INFO - Sync 1 DAGs
[2024-10-18T23:38:49.537+0000] {logging_mixin.py:190} INFO - [2024-10-18T23:38:49.537+0000] {dag.py:4180} INFO - Setting next_dagrun for example_dag_decorator to None, run_after=None
[2024-10-18T23:38:49.556+0000] {processor.py:208} INFO - Processing /home/airflow/.local/lib/python3.12/site-packages/airflow/example_dags/example_dag_decorator.py took 0.153 seconds
[2024-10-18T23:39:20.176+0000] {processor.py:186} INFO - Started process (PID=842) to work on /home/airflow/.local/lib/python3.12/site-packages/airflow/example_dags/example_dag_decorator.py
[2024-10-18T23:39:20.177+0000] {processor.py:914} INFO - Processing file /home/airflow/.local/lib/python3.12/site-packages/airflow/example_dags/example_dag_decorator.py for tasks to queue
[2024-10-18T23:39:20.179+0000] {logging_mixin.py:190} INFO - [2024-10-18T23:39:20.179+0000] {dagbag.py:588} INFO - Filling up the DagBag from /home/airflow/.local/lib/python3.12/site-packages/airflow/example_dags/example_dag_decorator.py
[2024-10-18T23:39:20.190+0000] {processor.py:925} INFO - DAG(s) 'example_dag_decorator' retrieved from /home/airflow/.local/lib/python3.12/site-packages/airflow/example_dags/example_dag_decorator.py
[2024-10-18T23:39:20.293+0000] {logging_mixin.py:190} INFO - [2024-10-18T23:39:20.292+0000] {dag.py:3239} INFO - Sync 1 DAGs
[2024-10-18T23:39:20.304+0000] {logging_mixin.py:190} INFO - [2024-10-18T23:39:20.304+0000] {dag.py:4180} INFO - Setting next_dagrun for example_dag_decorator to None, run_after=None
[2024-10-18T23:39:20.323+0000] {processor.py:208} INFO - Processing /home/airflow/.local/lib/python3.12/site-packages/airflow/example_dags/example_dag_decorator.py took 0.152 seconds
[2024-10-18T23:39:51.110+0000] {processor.py:186} INFO - Started process (PID=904) to work on /home/airflow/.local/lib/python3.12/site-packages/airflow/example_dags/example_dag_decorator.py
[2024-10-18T23:39:51.112+0000] {processor.py:914} INFO - Processing file /home/airflow/.local/lib/python3.12/site-packages/airflow/example_dags/example_dag_decorator.py for tasks to queue
[2024-10-18T23:39:51.117+0000] {logging_mixin.py:190} INFO - [2024-10-18T23:39:51.116+0000] {dagbag.py:588} INFO - Filling up the DagBag from /home/airflow/.local/lib/python3.12/site-packages/airflow/example_dags/example_dag_decorator.py
[2024-10-18T23:39:51.133+0000] {processor.py:925} INFO - DAG(s) 'example_dag_decorator' retrieved from /home/airflow/.local/lib/python3.12/site-packages/airflow/example_dags/example_dag_decorator.py
[2024-10-18T23:39:51.278+0000] {logging_mixin.py:190} INFO - [2024-10-18T23:39:51.278+0000] {dag.py:3239} INFO - Sync 1 DAGs
[2024-10-18T23:39:51.291+0000] {logging_mixin.py:190} INFO - [2024-10-18T23:39:51.291+0000] {dag.py:4180} INFO - Setting next_dagrun for example_dag_decorator to None, run_after=None
[2024-10-18T23:39:51.394+0000] {processor.py:208} INFO - Processing /home/airflow/.local/lib/python3.12/site-packages/airflow/example_dags/example_dag_decorator.py took 0.290 seconds
[2024-10-18T23:40:22.120+0000] {processor.py:186} INFO - Started process (PID=966) to work on /home/airflow/.local/lib/python3.12/site-packages/airflow/example_dags/example_dag_decorator.py
[2024-10-18T23:40:22.121+0000] {processor.py:914} INFO - Processing file /home/airflow/.local/lib/python3.12/site-packages/airflow/example_dags/example_dag_decorator.py for tasks to queue
[2024-10-18T23:40:22.123+0000] {logging_mixin.py:190} INFO - [2024-10-18T23:40:22.123+0000] {dagbag.py:588} INFO - Filling up the DagBag from /home/airflow/.local/lib/python3.12/site-packages/airflow/example_dags/example_dag_decorator.py
[2024-10-18T23:40:22.133+0000] {processor.py:925} INFO - DAG(s) 'example_dag_decorator' retrieved from /home/airflow/.local/lib/python3.12/site-packages/airflow/example_dags/example_dag_decorator.py
[2024-10-18T23:40:22.238+0000] {logging_mixin.py:190} INFO - [2024-10-18T23:40:22.238+0000] {dag.py:3239} INFO - Sync 1 DAGs
[2024-10-18T23:40:22.249+0000] {logging_mixin.py:190} INFO - [2024-10-18T23:40:22.249+0000] {dag.py:4180} INFO - Setting next_dagrun for example_dag_decorator to None, run_after=None
[2024-10-18T23:40:22.269+0000] {processor.py:208} INFO - Processing /home/airflow/.local/lib/python3.12/site-packages/airflow/example_dags/example_dag_decorator.py took 0.155 seconds
[2024-10-18T23:40:52.428+0000] {processor.py:186} INFO - Started process (PID=1028) to work on /home/airflow/.local/lib/python3.12/site-packages/airflow/example_dags/example_dag_decorator.py
[2024-10-18T23:40:52.429+0000] {processor.py:914} INFO - Processing file /home/airflow/.local/lib/python3.12/site-packages/airflow/example_dags/example_dag_decorator.py for tasks to queue
[2024-10-18T23:40:52.431+0000] {logging_mixin.py:190} INFO - [2024-10-18T23:40:52.431+0000] {dagbag.py:588} INFO - Filling up the DagBag from /home/airflow/.local/lib/python3.12/site-packages/airflow/example_dags/example_dag_decorator.py
[2024-10-18T23:40:52.441+0000] {processor.py:925} INFO - DAG(s) 'example_dag_decorator' retrieved from /home/airflow/.local/lib/python3.12/site-packages/airflow/example_dags/example_dag_decorator.py
[2024-10-18T23:40:52.553+0000] {logging_mixin.py:190} INFO - [2024-10-18T23:40:52.552+0000] {dag.py:3239} INFO - Sync 1 DAGs
[2024-10-18T23:40:52.565+0000] {logging_mixin.py:190} INFO - [2024-10-18T23:40:52.565+0000] {dag.py:4180} INFO - Setting next_dagrun for example_dag_decorator to None, run_after=None
[2024-10-18T23:40:52.584+0000] {processor.py:208} INFO - Processing /home/airflow/.local/lib/python3.12/site-packages/airflow/example_dags/example_dag_decorator.py took 0.162 seconds
[2024-10-18T23:41:22.937+0000] {processor.py:186} INFO - Started process (PID=1090) to work on /home/airflow/.local/lib/python3.12/site-packages/airflow/example_dags/example_dag_decorator.py
[2024-10-18T23:41:22.939+0000] {processor.py:914} INFO - Processing file /home/airflow/.local/lib/python3.12/site-packages/airflow/example_dags/example_dag_decorator.py for tasks to queue
[2024-10-18T23:41:22.942+0000] {logging_mixin.py:190} INFO - [2024-10-18T23:41:22.941+0000] {dagbag.py:588} INFO - Filling up the DagBag from /home/airflow/.local/lib/python3.12/site-packages/airflow/example_dags/example_dag_decorator.py
[2024-10-18T23:41:22.954+0000] {processor.py:925} INFO - DAG(s) 'example_dag_decorator' retrieved from /home/airflow/.local/lib/python3.12/site-packages/airflow/example_dags/example_dag_decorator.py
[2024-10-18T23:41:23.090+0000] {logging_mixin.py:190} INFO - [2024-10-18T23:41:23.090+0000] {dag.py:3239} INFO - Sync 1 DAGs
[2024-10-18T23:41:23.105+0000] {logging_mixin.py:190} INFO - [2024-10-18T23:41:23.105+0000] {dag.py:4180} INFO - Setting next_dagrun for example_dag_decorator to None, run_after=None
[2024-10-18T23:41:23.132+0000] {processor.py:208} INFO - Processing /home/airflow/.local/lib/python3.12/site-packages/airflow/example_dags/example_dag_decorator.py took 0.201 seconds
[2024-10-18T23:41:53.291+0000] {processor.py:186} INFO - Started process (PID=1153) to work on /home/airflow/.local/lib/python3.12/site-packages/airflow/example_dags/example_dag_decorator.py
[2024-10-18T23:41:53.297+0000] {processor.py:914} INFO - Processing file /home/airflow/.local/lib/python3.12/site-packages/airflow/example_dags/example_dag_decorator.py for tasks to queue
[2024-10-18T23:41:53.305+0000] {logging_mixin.py:190} INFO - [2024-10-18T23:41:53.304+0000] {dagbag.py:588} INFO - Filling up the DagBag from /home/airflow/.local/lib/python3.12/site-packages/airflow/example_dags/example_dag_decorator.py
[2024-10-18T23:41:53.348+0000] {processor.py:925} INFO - DAG(s) 'example_dag_decorator' retrieved from /home/airflow/.local/lib/python3.12/site-packages/airflow/example_dags/example_dag_decorator.py
[2024-10-18T23:41:53.917+0000] {logging_mixin.py:190} INFO - [2024-10-18T23:41:53.917+0000] {dag.py:3239} INFO - Sync 1 DAGs
[2024-10-18T23:41:53.992+0000] {logging_mixin.py:190} INFO - [2024-10-18T23:41:53.991+0000] {dag.py:4180} INFO - Setting next_dagrun for example_dag_decorator to None, run_after=None
[2024-10-18T23:41:54.071+0000] {processor.py:208} INFO - Processing /home/airflow/.local/lib/python3.12/site-packages/airflow/example_dags/example_dag_decorator.py took 0.806 seconds
[2024-10-18T23:42:25.307+0000] {processor.py:186} INFO - Started process (PID=1215) to work on /home/airflow/.local/lib/python3.12/site-packages/airflow/example_dags/example_dag_decorator.py
[2024-10-18T23:42:25.318+0000] {processor.py:914} INFO - Processing file /home/airflow/.local/lib/python3.12/site-packages/airflow/example_dags/example_dag_decorator.py for tasks to queue
[2024-10-18T23:42:25.322+0000] {logging_mixin.py:190} INFO - [2024-10-18T23:42:25.322+0000] {dagbag.py:588} INFO - Filling up the DagBag from /home/airflow/.local/lib/python3.12/site-packages/airflow/example_dags/example_dag_decorator.py
[2024-10-18T23:42:25.345+0000] {processor.py:925} INFO - DAG(s) 'example_dag_decorator' retrieved from /home/airflow/.local/lib/python3.12/site-packages/airflow/example_dags/example_dag_decorator.py
[2024-10-18T23:42:25.965+0000] {logging_mixin.py:190} INFO - [2024-10-18T23:42:25.965+0000] {dag.py:3239} INFO - Sync 1 DAGs
[2024-10-18T23:42:26.002+0000] {logging_mixin.py:190} INFO - [2024-10-18T23:42:26.002+0000] {dag.py:4180} INFO - Setting next_dagrun for example_dag_decorator to None, run_after=None
[2024-10-18T23:42:26.030+0000] {processor.py:208} INFO - Processing /home/airflow/.local/lib/python3.12/site-packages/airflow/example_dags/example_dag_decorator.py took 0.730 seconds
[2024-10-18T23:42:56.710+0000] {processor.py:186} INFO - Started process (PID=1278) to work on /home/airflow/.local/lib/python3.12/site-packages/airflow/example_dags/example_dag_decorator.py
[2024-10-18T23:42:56.723+0000] {processor.py:914} INFO - Processing file /home/airflow/.local/lib/python3.12/site-packages/airflow/example_dags/example_dag_decorator.py for tasks to queue
[2024-10-18T23:42:56.749+0000] {logging_mixin.py:190} INFO - [2024-10-18T23:42:56.748+0000] {dagbag.py:588} INFO - Filling up the DagBag from /home/airflow/.local/lib/python3.12/site-packages/airflow/example_dags/example_dag_decorator.py
[2024-10-18T23:42:56.821+0000] {processor.py:925} INFO - DAG(s) 'example_dag_decorator' retrieved from /home/airflow/.local/lib/python3.12/site-packages/airflow/example_dags/example_dag_decorator.py
[2024-10-18T23:43:01.029+0000] {logging_mixin.py:190} INFO - [2024-10-18T23:43:01.028+0000] {dag.py:3239} INFO - Sync 1 DAGs
[2024-10-18T23:43:01.137+0000] {logging_mixin.py:190} INFO - [2024-10-18T23:43:01.136+0000] {dag.py:4180} INFO - Setting next_dagrun for example_dag_decorator to None, run_after=None
[2024-10-18T23:43:01.308+0000] {processor.py:208} INFO - Processing /home/airflow/.local/lib/python3.12/site-packages/airflow/example_dags/example_dag_decorator.py took 4.625 seconds
[2024-10-18T23:43:31.950+0000] {processor.py:186} INFO - Started process (PID=1341) to work on /home/airflow/.local/lib/python3.12/site-packages/airflow/example_dags/example_dag_decorator.py
[2024-10-18T23:43:31.951+0000] {processor.py:914} INFO - Processing file /home/airflow/.local/lib/python3.12/site-packages/airflow/example_dags/example_dag_decorator.py for tasks to queue
[2024-10-18T23:43:31.953+0000] {logging_mixin.py:190} INFO - [2024-10-18T23:43:31.953+0000] {dagbag.py:588} INFO - Filling up the DagBag from /home/airflow/.local/lib/python3.12/site-packages/airflow/example_dags/example_dag_decorator.py
[2024-10-18T23:43:31.964+0000] {processor.py:925} INFO - DAG(s) 'example_dag_decorator' retrieved from /home/airflow/.local/lib/python3.12/site-packages/airflow/example_dags/example_dag_decorator.py
[2024-10-18T23:43:32.064+0000] {logging_mixin.py:190} INFO - [2024-10-18T23:43:32.064+0000] {dag.py:3239} INFO - Sync 1 DAGs
[2024-10-18T23:43:32.075+0000] {logging_mixin.py:190} INFO - [2024-10-18T23:43:32.074+0000] {dag.py:4180} INFO - Setting next_dagrun for example_dag_decorator to None, run_after=None
[2024-10-18T23:43:32.094+0000] {processor.py:208} INFO - Processing /home/airflow/.local/lib/python3.12/site-packages/airflow/example_dags/example_dag_decorator.py took 0.150 seconds
[2024-10-18T23:44:02.537+0000] {processor.py:186} INFO - Started process (PID=1403) to work on /home/airflow/.local/lib/python3.12/site-packages/airflow/example_dags/example_dag_decorator.py
[2024-10-18T23:44:02.538+0000] {processor.py:914} INFO - Processing file /home/airflow/.local/lib/python3.12/site-packages/airflow/example_dags/example_dag_decorator.py for tasks to queue
[2024-10-18T23:44:02.540+0000] {logging_mixin.py:190} INFO - [2024-10-18T23:44:02.540+0000] {dagbag.py:588} INFO - Filling up the DagBag from /home/airflow/.local/lib/python3.12/site-packages/airflow/example_dags/example_dag_decorator.py
[2024-10-18T23:44:02.551+0000] {processor.py:925} INFO - DAG(s) 'example_dag_decorator' retrieved from /home/airflow/.local/lib/python3.12/site-packages/airflow/example_dags/example_dag_decorator.py
[2024-10-18T23:44:02.650+0000] {logging_mixin.py:190} INFO - [2024-10-18T23:44:02.650+0000] {dag.py:3239} INFO - Sync 1 DAGs
[2024-10-18T23:44:02.660+0000] {logging_mixin.py:190} INFO - [2024-10-18T23:44:02.660+0000] {dag.py:4180} INFO - Setting next_dagrun for example_dag_decorator to None, run_after=None
[2024-10-18T23:44:02.679+0000] {processor.py:208} INFO - Processing /home/airflow/.local/lib/python3.12/site-packages/airflow/example_dags/example_dag_decorator.py took 0.148 seconds
[2024-10-18T23:44:32.775+0000] {processor.py:186} INFO - Started process (PID=1465) to work on /home/airflow/.local/lib/python3.12/site-packages/airflow/example_dags/example_dag_decorator.py
[2024-10-18T23:44:32.777+0000] {processor.py:914} INFO - Processing file /home/airflow/.local/lib/python3.12/site-packages/airflow/example_dags/example_dag_decorator.py for tasks to queue
[2024-10-18T23:44:32.780+0000] {logging_mixin.py:190} INFO - [2024-10-18T23:44:32.779+0000] {dagbag.py:588} INFO - Filling up the DagBag from /home/airflow/.local/lib/python3.12/site-packages/airflow/example_dags/example_dag_decorator.py
[2024-10-18T23:44:32.793+0000] {processor.py:925} INFO - DAG(s) 'example_dag_decorator' retrieved from /home/airflow/.local/lib/python3.12/site-packages/airflow/example_dags/example_dag_decorator.py
[2024-10-18T23:44:32.900+0000] {logging_mixin.py:190} INFO - [2024-10-18T23:44:32.900+0000] {dag.py:3239} INFO - Sync 1 DAGs
[2024-10-18T23:44:32.911+0000] {logging_mixin.py:190} INFO - [2024-10-18T23:44:32.911+0000] {dag.py:4180} INFO - Setting next_dagrun for example_dag_decorator to None, run_after=None
[2024-10-18T23:44:32.929+0000] {processor.py:208} INFO - Processing /home/airflow/.local/lib/python3.12/site-packages/airflow/example_dags/example_dag_decorator.py took 0.160 seconds
[2024-10-18T23:45:03.265+0000] {processor.py:186} INFO - Started process (PID=1527) to work on /home/airflow/.local/lib/python3.12/site-packages/airflow/example_dags/example_dag_decorator.py
[2024-10-18T23:45:03.266+0000] {processor.py:914} INFO - Processing file /home/airflow/.local/lib/python3.12/site-packages/airflow/example_dags/example_dag_decorator.py for tasks to queue
[2024-10-18T23:45:03.269+0000] {logging_mixin.py:190} INFO - [2024-10-18T23:45:03.269+0000] {dagbag.py:588} INFO - Filling up the DagBag from /home/airflow/.local/lib/python3.12/site-packages/airflow/example_dags/example_dag_decorator.py
[2024-10-18T23:45:03.280+0000] {processor.py:925} INFO - DAG(s) 'example_dag_decorator' retrieved from /home/airflow/.local/lib/python3.12/site-packages/airflow/example_dags/example_dag_decorator.py
[2024-10-18T23:45:03.381+0000] {logging_mixin.py:190} INFO - [2024-10-18T23:45:03.381+0000] {dag.py:3239} INFO - Sync 1 DAGs
[2024-10-18T23:45:03.391+0000] {logging_mixin.py:190} INFO - [2024-10-18T23:45:03.391+0000] {dag.py:4180} INFO - Setting next_dagrun for example_dag_decorator to None, run_after=None
[2024-10-18T23:45:03.410+0000] {processor.py:208} INFO - Processing /home/airflow/.local/lib/python3.12/site-packages/airflow/example_dags/example_dag_decorator.py took 0.150 seconds
[2024-10-18T23:45:33.902+0000] {processor.py:186} INFO - Started process (PID=1589) to work on /home/airflow/.local/lib/python3.12/site-packages/airflow/example_dags/example_dag_decorator.py
[2024-10-18T23:45:33.903+0000] {processor.py:914} INFO - Processing file /home/airflow/.local/lib/python3.12/site-packages/airflow/example_dags/example_dag_decorator.py for tasks to queue
[2024-10-18T23:45:33.907+0000] {logging_mixin.py:190} INFO - [2024-10-18T23:45:33.906+0000] {dagbag.py:588} INFO - Filling up the DagBag from /home/airflow/.local/lib/python3.12/site-packages/airflow/example_dags/example_dag_decorator.py
[2024-10-18T23:45:33.920+0000] {processor.py:925} INFO - DAG(s) 'example_dag_decorator' retrieved from /home/airflow/.local/lib/python3.12/site-packages/airflow/example_dags/example_dag_decorator.py
[2024-10-18T23:45:34.028+0000] {logging_mixin.py:190} INFO - [2024-10-18T23:45:34.027+0000] {dag.py:3239} INFO - Sync 1 DAGs
[2024-10-18T23:45:34.039+0000] {logging_mixin.py:190} INFO - [2024-10-18T23:45:34.039+0000] {dag.py:4180} INFO - Setting next_dagrun for example_dag_decorator to None, run_after=None
[2024-10-18T23:45:34.059+0000] {processor.py:208} INFO - Processing /home/airflow/.local/lib/python3.12/site-packages/airflow/example_dags/example_dag_decorator.py took 0.165 seconds
[2024-10-18T23:46:04.704+0000] {processor.py:186} INFO - Started process (PID=1651) to work on /home/airflow/.local/lib/python3.12/site-packages/airflow/example_dags/example_dag_decorator.py
[2024-10-18T23:46:04.705+0000] {processor.py:914} INFO - Processing file /home/airflow/.local/lib/python3.12/site-packages/airflow/example_dags/example_dag_decorator.py for tasks to queue
[2024-10-18T23:46:04.707+0000] {logging_mixin.py:190} INFO - [2024-10-18T23:46:04.707+0000] {dagbag.py:588} INFO - Filling up the DagBag from /home/airflow/.local/lib/python3.12/site-packages/airflow/example_dags/example_dag_decorator.py
[2024-10-18T23:46:04.718+0000] {processor.py:925} INFO - DAG(s) 'example_dag_decorator' retrieved from /home/airflow/.local/lib/python3.12/site-packages/airflow/example_dags/example_dag_decorator.py
[2024-10-18T23:46:04.816+0000] {logging_mixin.py:190} INFO - [2024-10-18T23:46:04.815+0000] {dag.py:3239} INFO - Sync 1 DAGs
[2024-10-18T23:46:04.826+0000] {logging_mixin.py:190} INFO - [2024-10-18T23:46:04.825+0000] {dag.py:4180} INFO - Setting next_dagrun for example_dag_decorator to None, run_after=None
[2024-10-18T23:46:04.844+0000] {processor.py:208} INFO - Processing /home/airflow/.local/lib/python3.12/site-packages/airflow/example_dags/example_dag_decorator.py took 0.145 seconds
[2024-10-18T23:46:35.468+0000] {processor.py:186} INFO - Started process (PID=1713) to work on /home/airflow/.local/lib/python3.12/site-packages/airflow/example_dags/example_dag_decorator.py
[2024-10-18T23:46:35.469+0000] {processor.py:914} INFO - Processing file /home/airflow/.local/lib/python3.12/site-packages/airflow/example_dags/example_dag_decorator.py for tasks to queue
[2024-10-18T23:46:35.472+0000] {logging_mixin.py:190} INFO - [2024-10-18T23:46:35.471+0000] {dagbag.py:588} INFO - Filling up the DagBag from /home/airflow/.local/lib/python3.12/site-packages/airflow/example_dags/example_dag_decorator.py
[2024-10-18T23:46:35.482+0000] {processor.py:925} INFO - DAG(s) 'example_dag_decorator' retrieved from /home/airflow/.local/lib/python3.12/site-packages/airflow/example_dags/example_dag_decorator.py
[2024-10-18T23:46:35.591+0000] {logging_mixin.py:190} INFO - [2024-10-18T23:46:35.590+0000] {dag.py:3239} INFO - Sync 1 DAGs
[2024-10-18T23:46:35.602+0000] {logging_mixin.py:190} INFO - [2024-10-18T23:46:35.602+0000] {dag.py:4180} INFO - Setting next_dagrun for example_dag_decorator to None, run_after=None
[2024-10-18T23:46:35.623+0000] {processor.py:208} INFO - Processing /home/airflow/.local/lib/python3.12/site-packages/airflow/example_dags/example_dag_decorator.py took 0.160 seconds
[2024-10-18T23:47:05.932+0000] {processor.py:186} INFO - Started process (PID=1775) to work on /home/airflow/.local/lib/python3.12/site-packages/airflow/example_dags/example_dag_decorator.py
[2024-10-18T23:47:05.935+0000] {processor.py:914} INFO - Processing file /home/airflow/.local/lib/python3.12/site-packages/airflow/example_dags/example_dag_decorator.py for tasks to queue
[2024-10-18T23:47:05.938+0000] {logging_mixin.py:190} INFO - [2024-10-18T23:47:05.937+0000] {dagbag.py:588} INFO - Filling up the DagBag from /home/airflow/.local/lib/python3.12/site-packages/airflow/example_dags/example_dag_decorator.py
[2024-10-18T23:47:05.948+0000] {processor.py:925} INFO - DAG(s) 'example_dag_decorator' retrieved from /home/airflow/.local/lib/python3.12/site-packages/airflow/example_dags/example_dag_decorator.py
[2024-10-18T23:47:06.071+0000] {logging_mixin.py:190} INFO - [2024-10-18T23:47:06.071+0000] {dag.py:3239} INFO - Sync 1 DAGs
[2024-10-18T23:47:06.082+0000] {logging_mixin.py:190} INFO - [2024-10-18T23:47:06.082+0000] {dag.py:4180} INFO - Setting next_dagrun for example_dag_decorator to None, run_after=None
[2024-10-18T23:47:06.105+0000] {processor.py:208} INFO - Processing /home/airflow/.local/lib/python3.12/site-packages/airflow/example_dags/example_dag_decorator.py took 0.178 seconds
[2024-10-18T23:47:36.235+0000] {processor.py:186} INFO - Started process (PID=1837) to work on /home/airflow/.local/lib/python3.12/site-packages/airflow/example_dags/example_dag_decorator.py
[2024-10-18T23:47:36.237+0000] {processor.py:914} INFO - Processing file /home/airflow/.local/lib/python3.12/site-packages/airflow/example_dags/example_dag_decorator.py for tasks to queue
[2024-10-18T23:47:36.265+0000] {logging_mixin.py:190} INFO - [2024-10-18T23:47:36.264+0000] {dagbag.py:588} INFO - Filling up the DagBag from /home/airflow/.local/lib/python3.12/site-packages/airflow/example_dags/example_dag_decorator.py
[2024-10-18T23:47:36.294+0000] {processor.py:925} INFO - DAG(s) 'example_dag_decorator' retrieved from /home/airflow/.local/lib/python3.12/site-packages/airflow/example_dags/example_dag_decorator.py
[2024-10-18T23:47:36.546+0000] {logging_mixin.py:190} INFO - [2024-10-18T23:47:36.545+0000] {dag.py:3239} INFO - Sync 1 DAGs
[2024-10-18T23:47:36.560+0000] {logging_mixin.py:190} INFO - [2024-10-18T23:47:36.560+0000] {dag.py:4180} INFO - Setting next_dagrun for example_dag_decorator to None, run_after=None
[2024-10-18T23:47:36.583+0000] {processor.py:208} INFO - Processing /home/airflow/.local/lib/python3.12/site-packages/airflow/example_dags/example_dag_decorator.py took 0.358 seconds
[2024-10-18T23:48:06.631+0000] {processor.py:186} INFO - Started process (PID=1900) to work on /home/airflow/.local/lib/python3.12/site-packages/airflow/example_dags/example_dag_decorator.py
[2024-10-18T23:48:06.632+0000] {processor.py:914} INFO - Processing file /home/airflow/.local/lib/python3.12/site-packages/airflow/example_dags/example_dag_decorator.py for tasks to queue
[2024-10-18T23:48:06.635+0000] {logging_mixin.py:190} INFO - [2024-10-18T23:48:06.635+0000] {dagbag.py:588} INFO - Filling up the DagBag from /home/airflow/.local/lib/python3.12/site-packages/airflow/example_dags/example_dag_decorator.py
[2024-10-18T23:48:06.647+0000] {processor.py:925} INFO - DAG(s) 'example_dag_decorator' retrieved from /home/airflow/.local/lib/python3.12/site-packages/airflow/example_dags/example_dag_decorator.py
[2024-10-18T23:48:06.818+0000] {logging_mixin.py:190} INFO - [2024-10-18T23:48:06.818+0000] {dag.py:3239} INFO - Sync 1 DAGs
[2024-10-18T23:48:06.830+0000] {logging_mixin.py:190} INFO - [2024-10-18T23:48:06.830+0000] {dag.py:4180} INFO - Setting next_dagrun for example_dag_decorator to None, run_after=None
[2024-10-18T23:48:06.851+0000] {processor.py:208} INFO - Processing /home/airflow/.local/lib/python3.12/site-packages/airflow/example_dags/example_dag_decorator.py took 0.225 seconds
[2024-10-18T23:48:36.948+0000] {processor.py:186} INFO - Started process (PID=1961) to work on /home/airflow/.local/lib/python3.12/site-packages/airflow/example_dags/example_dag_decorator.py
[2024-10-18T23:48:36.950+0000] {processor.py:914} INFO - Processing file /home/airflow/.local/lib/python3.12/site-packages/airflow/example_dags/example_dag_decorator.py for tasks to queue
[2024-10-18T23:48:36.952+0000] {logging_mixin.py:190} INFO - [2024-10-18T23:48:36.952+0000] {dagbag.py:588} INFO - Filling up the DagBag from /home/airflow/.local/lib/python3.12/site-packages/airflow/example_dags/example_dag_decorator.py
[2024-10-18T23:48:36.968+0000] {processor.py:925} INFO - DAG(s) 'example_dag_decorator' retrieved from /home/airflow/.local/lib/python3.12/site-packages/airflow/example_dags/example_dag_decorator.py
[2024-10-18T23:48:37.098+0000] {logging_mixin.py:190} INFO - [2024-10-18T23:48:37.098+0000] {dag.py:3239} INFO - Sync 1 DAGs
[2024-10-18T23:48:37.110+0000] {logging_mixin.py:190} INFO - [2024-10-18T23:48:37.110+0000] {dag.py:4180} INFO - Setting next_dagrun for example_dag_decorator to None, run_after=None
[2024-10-18T23:48:37.134+0000] {processor.py:208} INFO - Processing /home/airflow/.local/lib/python3.12/site-packages/airflow/example_dags/example_dag_decorator.py took 0.193 seconds
[2024-10-18T23:49:07.969+0000] {processor.py:186} INFO - Started process (PID=2023) to work on /home/airflow/.local/lib/python3.12/site-packages/airflow/example_dags/example_dag_decorator.py
[2024-10-18T23:49:07.971+0000] {processor.py:914} INFO - Processing file /home/airflow/.local/lib/python3.12/site-packages/airflow/example_dags/example_dag_decorator.py for tasks to queue
[2024-10-18T23:49:07.976+0000] {logging_mixin.py:190} INFO - [2024-10-18T23:49:07.976+0000] {dagbag.py:588} INFO - Filling up the DagBag from /home/airflow/.local/lib/python3.12/site-packages/airflow/example_dags/example_dag_decorator.py
[2024-10-18T23:49:07.999+0000] {processor.py:925} INFO - DAG(s) 'example_dag_decorator' retrieved from /home/airflow/.local/lib/python3.12/site-packages/airflow/example_dags/example_dag_decorator.py
[2024-10-18T23:49:08.327+0000] {logging_mixin.py:190} INFO - [2024-10-18T23:49:08.327+0000] {dag.py:3239} INFO - Sync 1 DAGs
[2024-10-18T23:49:08.355+0000] {logging_mixin.py:190} INFO - [2024-10-18T23:49:08.355+0000] {dag.py:4180} INFO - Setting next_dagrun for example_dag_decorator to None, run_after=None
[2024-10-18T23:49:08.404+0000] {processor.py:208} INFO - Processing /home/airflow/.local/lib/python3.12/site-packages/airflow/example_dags/example_dag_decorator.py took 0.446 seconds
[2024-10-18T23:49:38.685+0000] {processor.py:186} INFO - Started process (PID=2085) to work on /home/airflow/.local/lib/python3.12/site-packages/airflow/example_dags/example_dag_decorator.py
[2024-10-18T23:49:38.687+0000] {processor.py:914} INFO - Processing file /home/airflow/.local/lib/python3.12/site-packages/airflow/example_dags/example_dag_decorator.py for tasks to queue
[2024-10-18T23:49:38.690+0000] {logging_mixin.py:190} INFO - [2024-10-18T23:49:38.689+0000] {dagbag.py:588} INFO - Filling up the DagBag from /home/airflow/.local/lib/python3.12/site-packages/airflow/example_dags/example_dag_decorator.py
[2024-10-18T23:49:38.703+0000] {processor.py:925} INFO - DAG(s) 'example_dag_decorator' retrieved from /home/airflow/.local/lib/python3.12/site-packages/airflow/example_dags/example_dag_decorator.py
[2024-10-18T23:49:38.843+0000] {logging_mixin.py:190} INFO - [2024-10-18T23:49:38.843+0000] {dag.py:3239} INFO - Sync 1 DAGs
[2024-10-18T23:49:38.857+0000] {logging_mixin.py:190} INFO - [2024-10-18T23:49:38.856+0000] {dag.py:4180} INFO - Setting next_dagrun for example_dag_decorator to None, run_after=None
[2024-10-18T23:49:38.881+0000] {processor.py:208} INFO - Processing /home/airflow/.local/lib/python3.12/site-packages/airflow/example_dags/example_dag_decorator.py took 0.202 seconds
[2024-10-18T23:50:09.154+0000] {processor.py:186} INFO - Started process (PID=2147) to work on /home/airflow/.local/lib/python3.12/site-packages/airflow/example_dags/example_dag_decorator.py
[2024-10-18T23:50:09.156+0000] {processor.py:914} INFO - Processing file /home/airflow/.local/lib/python3.12/site-packages/airflow/example_dags/example_dag_decorator.py for tasks to queue
[2024-10-18T23:50:09.158+0000] {logging_mixin.py:190} INFO - [2024-10-18T23:50:09.158+0000] {dagbag.py:588} INFO - Filling up the DagBag from /home/airflow/.local/lib/python3.12/site-packages/airflow/example_dags/example_dag_decorator.py
[2024-10-18T23:50:09.171+0000] {processor.py:925} INFO - DAG(s) 'example_dag_decorator' retrieved from /home/airflow/.local/lib/python3.12/site-packages/airflow/example_dags/example_dag_decorator.py
[2024-10-18T23:50:09.296+0000] {logging_mixin.py:190} INFO - [2024-10-18T23:50:09.296+0000] {dag.py:3239} INFO - Sync 1 DAGs
[2024-10-18T23:50:09.310+0000] {logging_mixin.py:190} INFO - [2024-10-18T23:50:09.310+0000] {dag.py:4180} INFO - Setting next_dagrun for example_dag_decorator to None, run_after=None
[2024-10-18T23:50:09.341+0000] {processor.py:208} INFO - Processing /home/airflow/.local/lib/python3.12/site-packages/airflow/example_dags/example_dag_decorator.py took 0.192 seconds
[2024-10-18T23:50:39.486+0000] {processor.py:186} INFO - Started process (PID=2209) to work on /home/airflow/.local/lib/python3.12/site-packages/airflow/example_dags/example_dag_decorator.py
[2024-10-18T23:50:39.488+0000] {processor.py:914} INFO - Processing file /home/airflow/.local/lib/python3.12/site-packages/airflow/example_dags/example_dag_decorator.py for tasks to queue
[2024-10-18T23:50:39.493+0000] {logging_mixin.py:190} INFO - [2024-10-18T23:50:39.493+0000] {dagbag.py:588} INFO - Filling up the DagBag from /home/airflow/.local/lib/python3.12/site-packages/airflow/example_dags/example_dag_decorator.py
[2024-10-18T23:50:39.524+0000] {processor.py:925} INFO - DAG(s) 'example_dag_decorator' retrieved from /home/airflow/.local/lib/python3.12/site-packages/airflow/example_dags/example_dag_decorator.py
[2024-10-18T23:50:39.760+0000] {logging_mixin.py:190} INFO - [2024-10-18T23:50:39.759+0000] {dag.py:3239} INFO - Sync 1 DAGs
[2024-10-18T23:50:39.786+0000] {logging_mixin.py:190} INFO - [2024-10-18T23:50:39.785+0000] {dag.py:4180} INFO - Setting next_dagrun for example_dag_decorator to None, run_after=None
[2024-10-18T23:50:39.825+0000] {processor.py:208} INFO - Processing /home/airflow/.local/lib/python3.12/site-packages/airflow/example_dags/example_dag_decorator.py took 0.357 seconds
[2024-10-18T23:51:10.024+0000] {processor.py:186} INFO - Started process (PID=2271) to work on /home/airflow/.local/lib/python3.12/site-packages/airflow/example_dags/example_dag_decorator.py
[2024-10-18T23:51:10.027+0000] {processor.py:914} INFO - Processing file /home/airflow/.local/lib/python3.12/site-packages/airflow/example_dags/example_dag_decorator.py for tasks to queue
[2024-10-18T23:51:10.035+0000] {logging_mixin.py:190} INFO - [2024-10-18T23:51:10.034+0000] {dagbag.py:588} INFO - Filling up the DagBag from /home/airflow/.local/lib/python3.12/site-packages/airflow/example_dags/example_dag_decorator.py
[2024-10-18T23:51:10.071+0000] {processor.py:925} INFO - DAG(s) 'example_dag_decorator' retrieved from /home/airflow/.local/lib/python3.12/site-packages/airflow/example_dags/example_dag_decorator.py
[2024-10-18T23:51:10.380+0000] {logging_mixin.py:190} INFO - [2024-10-18T23:51:10.379+0000] {dag.py:3239} INFO - Sync 1 DAGs
[2024-10-18T23:51:10.409+0000] {logging_mixin.py:190} INFO - [2024-10-18T23:51:10.408+0000] {dag.py:4180} INFO - Setting next_dagrun for example_dag_decorator to None, run_after=None
[2024-10-18T23:51:10.451+0000] {processor.py:208} INFO - Processing /home/airflow/.local/lib/python3.12/site-packages/airflow/example_dags/example_dag_decorator.py took 0.450 seconds
[2024-10-18T23:51:40.565+0000] {processor.py:186} INFO - Started process (PID=2333) to work on /home/airflow/.local/lib/python3.12/site-packages/airflow/example_dags/example_dag_decorator.py
[2024-10-18T23:51:40.567+0000] {processor.py:914} INFO - Processing file /home/airflow/.local/lib/python3.12/site-packages/airflow/example_dags/example_dag_decorator.py for tasks to queue
[2024-10-18T23:51:40.571+0000] {logging_mixin.py:190} INFO - [2024-10-18T23:51:40.570+0000] {dagbag.py:588} INFO - Filling up the DagBag from /home/airflow/.local/lib/python3.12/site-packages/airflow/example_dags/example_dag_decorator.py
[2024-10-18T23:51:40.591+0000] {processor.py:925} INFO - DAG(s) 'example_dag_decorator' retrieved from /home/airflow/.local/lib/python3.12/site-packages/airflow/example_dags/example_dag_decorator.py
[2024-10-18T23:51:40.760+0000] {logging_mixin.py:190} INFO - [2024-10-18T23:51:40.759+0000] {dag.py:3239} INFO - Sync 1 DAGs
[2024-10-18T23:51:40.782+0000] {logging_mixin.py:190} INFO - [2024-10-18T23:51:40.782+0000] {dag.py:4180} INFO - Setting next_dagrun for example_dag_decorator to None, run_after=None
[2024-10-18T23:51:41.035+0000] {processor.py:208} INFO - Processing /home/airflow/.local/lib/python3.12/site-packages/airflow/example_dags/example_dag_decorator.py took 0.479 seconds
[2024-10-18T23:52:13.587+0000] {processor.py:186} INFO - Started process (PID=2388) to work on /home/airflow/.local/lib/python3.12/site-packages/airflow/example_dags/example_dag_decorator.py
[2024-10-18T23:52:13.589+0000] {processor.py:914} INFO - Processing file /home/airflow/.local/lib/python3.12/site-packages/airflow/example_dags/example_dag_decorator.py for tasks to queue
[2024-10-18T23:52:13.595+0000] {logging_mixin.py:190} INFO - [2024-10-18T23:52:13.594+0000] {dagbag.py:588} INFO - Filling up the DagBag from /home/airflow/.local/lib/python3.12/site-packages/airflow/example_dags/example_dag_decorator.py
[2024-10-18T23:52:13.618+0000] {processor.py:925} INFO - DAG(s) 'example_dag_decorator' retrieved from /home/airflow/.local/lib/python3.12/site-packages/airflow/example_dags/example_dag_decorator.py
[2024-10-18T23:52:13.899+0000] {logging_mixin.py:190} INFO - [2024-10-18T23:52:13.898+0000] {dag.py:3239} INFO - Sync 1 DAGs
[2024-10-18T23:52:13.920+0000] {logging_mixin.py:190} INFO - [2024-10-18T23:52:13.920+0000] {dag.py:4180} INFO - Setting next_dagrun for example_dag_decorator to None, run_after=None
[2024-10-18T23:52:13.955+0000] {processor.py:208} INFO - Processing /home/airflow/.local/lib/python3.12/site-packages/airflow/example_dags/example_dag_decorator.py took 0.379 seconds
[2024-10-18T23:52:44.152+0000] {processor.py:186} INFO - Started process (PID=2445) to work on /home/airflow/.local/lib/python3.12/site-packages/airflow/example_dags/example_dag_decorator.py
[2024-10-18T23:52:44.155+0000] {processor.py:914} INFO - Processing file /home/airflow/.local/lib/python3.12/site-packages/airflow/example_dags/example_dag_decorator.py for tasks to queue
[2024-10-18T23:52:44.161+0000] {logging_mixin.py:190} INFO - [2024-10-18T23:52:44.160+0000] {dagbag.py:588} INFO - Filling up the DagBag from /home/airflow/.local/lib/python3.12/site-packages/airflow/example_dags/example_dag_decorator.py
[2024-10-18T23:52:44.182+0000] {processor.py:925} INFO - DAG(s) 'example_dag_decorator' retrieved from /home/airflow/.local/lib/python3.12/site-packages/airflow/example_dags/example_dag_decorator.py
[2024-10-18T23:52:44.435+0000] {logging_mixin.py:190} INFO - [2024-10-18T23:52:44.433+0000] {dag.py:3239} INFO - Sync 1 DAGs
[2024-10-18T23:52:44.465+0000] {logging_mixin.py:190} INFO - [2024-10-18T23:52:44.464+0000] {dag.py:4180} INFO - Setting next_dagrun for example_dag_decorator to None, run_after=None
[2024-10-18T23:52:44.508+0000] {processor.py:208} INFO - Processing /home/airflow/.local/lib/python3.12/site-packages/airflow/example_dags/example_dag_decorator.py took 0.368 seconds
[2024-10-18T23:53:15.058+0000] {processor.py:186} INFO - Started process (PID=2504) to work on /home/airflow/.local/lib/python3.12/site-packages/airflow/example_dags/example_dag_decorator.py
[2024-10-18T23:53:15.060+0000] {processor.py:914} INFO - Processing file /home/airflow/.local/lib/python3.12/site-packages/airflow/example_dags/example_dag_decorator.py for tasks to queue
[2024-10-18T23:53:15.069+0000] {logging_mixin.py:190} INFO - [2024-10-18T23:53:15.068+0000] {dagbag.py:588} INFO - Filling up the DagBag from /home/airflow/.local/lib/python3.12/site-packages/airflow/example_dags/example_dag_decorator.py
[2024-10-18T23:53:15.106+0000] {processor.py:925} INFO - DAG(s) 'example_dag_decorator' retrieved from /home/airflow/.local/lib/python3.12/site-packages/airflow/example_dags/example_dag_decorator.py
[2024-10-18T23:53:15.576+0000] {logging_mixin.py:190} INFO - [2024-10-18T23:53:15.575+0000] {dag.py:3239} INFO - Sync 1 DAGs
[2024-10-18T23:53:16.171+0000] {logging_mixin.py:190} INFO - [2024-10-18T23:53:16.170+0000] {dag.py:4180} INFO - Setting next_dagrun for example_dag_decorator to None, run_after=None
[2024-10-18T23:53:16.265+0000] {processor.py:208} INFO - Processing /home/airflow/.local/lib/python3.12/site-packages/airflow/example_dags/example_dag_decorator.py took 1.244 seconds
[2024-10-18T23:53:46.594+0000] {processor.py:186} INFO - Started process (PID=2567) to work on /home/airflow/.local/lib/python3.12/site-packages/airflow/example_dags/example_dag_decorator.py
[2024-10-18T23:53:46.595+0000] {processor.py:914} INFO - Processing file /home/airflow/.local/lib/python3.12/site-packages/airflow/example_dags/example_dag_decorator.py for tasks to queue
[2024-10-18T23:53:46.598+0000] {logging_mixin.py:190} INFO - [2024-10-18T23:53:46.598+0000] {dagbag.py:588} INFO - Filling up the DagBag from /home/airflow/.local/lib/python3.12/site-packages/airflow/example_dags/example_dag_decorator.py
[2024-10-18T23:53:46.609+0000] {processor.py:925} INFO - DAG(s) 'example_dag_decorator' retrieved from /home/airflow/.local/lib/python3.12/site-packages/airflow/example_dags/example_dag_decorator.py
[2024-10-18T23:53:46.733+0000] {logging_mixin.py:190} INFO - [2024-10-18T23:53:46.732+0000] {dag.py:3239} INFO - Sync 1 DAGs
[2024-10-18T23:53:46.919+0000] {logging_mixin.py:190} INFO - [2024-10-18T23:53:46.919+0000] {dag.py:4180} INFO - Setting next_dagrun for example_dag_decorator to None, run_after=None
[2024-10-18T23:53:46.944+0000] {processor.py:208} INFO - Processing /home/airflow/.local/lib/python3.12/site-packages/airflow/example_dags/example_dag_decorator.py took 0.357 seconds
[2024-10-18T23:54:17.244+0000] {processor.py:186} INFO - Started process (PID=2629) to work on /home/airflow/.local/lib/python3.12/site-packages/airflow/example_dags/example_dag_decorator.py
[2024-10-18T23:54:17.245+0000] {processor.py:914} INFO - Processing file /home/airflow/.local/lib/python3.12/site-packages/airflow/example_dags/example_dag_decorator.py for tasks to queue
[2024-10-18T23:54:17.248+0000] {logging_mixin.py:190} INFO - [2024-10-18T23:54:17.248+0000] {dagbag.py:588} INFO - Filling up the DagBag from /home/airflow/.local/lib/python3.12/site-packages/airflow/example_dags/example_dag_decorator.py
[2024-10-18T23:54:17.261+0000] {processor.py:925} INFO - DAG(s) 'example_dag_decorator' retrieved from /home/airflow/.local/lib/python3.12/site-packages/airflow/example_dags/example_dag_decorator.py
[2024-10-18T23:54:17.616+0000] {logging_mixin.py:190} INFO - [2024-10-18T23:54:17.615+0000] {dag.py:3239} INFO - Sync 1 DAGs
[2024-10-18T23:54:18.586+0000] {logging_mixin.py:190} INFO - [2024-10-18T23:54:18.586+0000] {dag.py:4180} INFO - Setting next_dagrun for example_dag_decorator to None, run_after=None
[2024-10-18T23:54:18.630+0000] {processor.py:208} INFO - Processing /home/airflow/.local/lib/python3.12/site-packages/airflow/example_dags/example_dag_decorator.py took 1.395 seconds
[2024-10-18T23:54:48.760+0000] {processor.py:186} INFO - Started process (PID=2693) to work on /home/airflow/.local/lib/python3.12/site-packages/airflow/example_dags/example_dag_decorator.py
[2024-10-18T23:54:48.764+0000] {processor.py:914} INFO - Processing file /home/airflow/.local/lib/python3.12/site-packages/airflow/example_dags/example_dag_decorator.py for tasks to queue
[2024-10-18T23:54:48.769+0000] {logging_mixin.py:190} INFO - [2024-10-18T23:54:48.769+0000] {dagbag.py:588} INFO - Filling up the DagBag from /home/airflow/.local/lib/python3.12/site-packages/airflow/example_dags/example_dag_decorator.py
[2024-10-18T23:54:48.793+0000] {processor.py:925} INFO - DAG(s) 'example_dag_decorator' retrieved from /home/airflow/.local/lib/python3.12/site-packages/airflow/example_dags/example_dag_decorator.py
[2024-10-18T23:54:49.105+0000] {logging_mixin.py:190} INFO - [2024-10-18T23:54:49.104+0000] {dag.py:3239} INFO - Sync 1 DAGs
[2024-10-18T23:54:49.131+0000] {logging_mixin.py:190} INFO - [2024-10-18T23:54:49.131+0000] {dag.py:4180} INFO - Setting next_dagrun for example_dag_decorator to None, run_after=None
[2024-10-18T23:54:49.477+0000] {processor.py:208} INFO - Processing /home/airflow/.local/lib/python3.12/site-packages/airflow/example_dags/example_dag_decorator.py took 0.740 seconds
[2024-10-18T23:55:22.735+0000] {processor.py:186} INFO - Started process (PID=2753) to work on /home/airflow/.local/lib/python3.12/site-packages/airflow/example_dags/example_dag_decorator.py
[2024-10-18T23:55:22.831+0000] {processor.py:914} INFO - Processing file /home/airflow/.local/lib/python3.12/site-packages/airflow/example_dags/example_dag_decorator.py for tasks to queue
[2024-10-18T23:55:25.334+0000] {logging_mixin.py:190} INFO - [2024-10-18T23:55:25.072+0000] {dagbag.py:588} INFO - Filling up the DagBag from /home/airflow/.local/lib/python3.12/site-packages/airflow/example_dags/example_dag_decorator.py
[2024-10-18T23:56:01.317+0000] {logging_mixin.py:190} INFO - [2024-10-18T23:55:56.660+0000] {timeout.py:68} ERROR - Process timed out, PID: 2753
[2024-10-18T23:56:38.115+0000] {logging_mixin.py:190} INFO - [2024-10-18T23:56:05.396+0000] {dagbag.py:387} ERROR - Failed to import: /home/airflow/.local/lib/python3.12/site-packages/airflow/example_dags/example_dag_decorator.py
Traceback (most recent call last):
  File "/home/airflow/.local/lib/python3.12/site-packages/airflow/models/dagbag.py", line 383, in parse
    loader.exec_module(new_module)
  File "<frozen importlib._bootstrap_external>", line 995, in exec_module
  File "<frozen importlib._bootstrap>", line 488, in _call_with_frames_removed
  File "/home/airflow/.local/lib/python3.12/site-packages/airflow/example_dags/example_dag_decorator.py", line 74, in <module>
    example_dag = example_dag_decorator()
                  ^^^^^^^^^^^^^^^^^^^^^^^
  File "/home/airflow/.local/lib/python3.12/site-packages/airflow/models/dag.py", line 4307, in factory
    f(**f_kwargs)
  File "/home/airflow/.local/lib/python3.12/site-packages/airflow/example_dags/example_dag_decorator.py", line 70, in example_dag_decorator
    task_id="send_email", to=email, subject=email_info["subject"], html_content=email_info["body"]
                                            ~~~~~~~~~~^^^^^^^^^^^
  File "/home/airflow/.local/lib/python3.12/site-packages/airflow/models/xcom_arg.py", line 314, in __getitem__
    return PlainXComArg(operator=self.operator, key=item)
           ^^^^^^^^^^^^^^^^^^^^^^^^^^^^^^^^^^^^^^^^^^^^^^
  File "/home/airflow/.local/lib/python3.12/site-packages/airflow/models/xcom_arg.py", line 301, in __init__
    def __init__(self, operator: Operator, key: str = XCOM_RETURN_KEY):
    
  File "/home/airflow/.local/lib/python3.12/site-packages/airflow/utils/timeout.py", line 69, in handle_timeout
    raise AirflowTaskTimeout(self.error_message)
airflow.exceptions.AirflowTaskTimeout: DagBag import timeout for /home/airflow/.local/lib/python3.12/site-packages/airflow/example_dags/example_dag_decorator.py after 30.0s.
Please take a look at these docs to improve your DAG import time:
* https://airflow.apache.org/docs/apache-airflow/2.10.2/best-practices.html#top-level-python-code
* https://airflow.apache.org/docs/apache-airflow/2.10.2/best-practices.html#reducing-dag-complexity, PID: 2753
[2024-10-18T23:56:38.118+0000] {processor.py:927} WARNING - No viable dags retrieved from /home/airflow/.local/lib/python3.12/site-packages/airflow/example_dags/example_dag_decorator.py
[2024-10-18T23:57:08.668+0000] {processor.py:186} INFO - Started process (PID=2813) to work on /home/airflow/.local/lib/python3.12/site-packages/airflow/example_dags/example_dag_decorator.py
[2024-10-18T23:57:08.670+0000] {processor.py:914} INFO - Processing file /home/airflow/.local/lib/python3.12/site-packages/airflow/example_dags/example_dag_decorator.py for tasks to queue
[2024-10-18T23:57:08.674+0000] {logging_mixin.py:190} INFO - [2024-10-18T23:57:08.674+0000] {dagbag.py:588} INFO - Filling up the DagBag from /home/airflow/.local/lib/python3.12/site-packages/airflow/example_dags/example_dag_decorator.py
[2024-10-18T23:57:08.694+0000] {processor.py:925} INFO - DAG(s) 'example_dag_decorator' retrieved from /home/airflow/.local/lib/python3.12/site-packages/airflow/example_dags/example_dag_decorator.py
[2024-10-18T23:57:09.295+0000] {logging_mixin.py:190} INFO - [2024-10-18T23:57:09.294+0000] {dag.py:3239} INFO - Sync 1 DAGs
[2024-10-18T23:57:09.306+0000] {logging_mixin.py:190} INFO - [2024-10-18T23:57:09.306+0000] {dag.py:4180} INFO - Setting next_dagrun for example_dag_decorator to None, run_after=None
[2024-10-18T23:57:09.329+0000] {processor.py:208} INFO - Processing /home/airflow/.local/lib/python3.12/site-packages/airflow/example_dags/example_dag_decorator.py took 0.669 seconds
[2024-10-18T23:57:39.912+0000] {processor.py:186} INFO - Started process (PID=2876) to work on /home/airflow/.local/lib/python3.12/site-packages/airflow/example_dags/example_dag_decorator.py
[2024-10-18T23:57:39.914+0000] {processor.py:914} INFO - Processing file /home/airflow/.local/lib/python3.12/site-packages/airflow/example_dags/example_dag_decorator.py for tasks to queue
[2024-10-18T23:57:39.916+0000] {logging_mixin.py:190} INFO - [2024-10-18T23:57:39.916+0000] {dagbag.py:588} INFO - Filling up the DagBag from /home/airflow/.local/lib/python3.12/site-packages/airflow/example_dags/example_dag_decorator.py
[2024-10-18T23:57:39.930+0000] {processor.py:925} INFO - DAG(s) 'example_dag_decorator' retrieved from /home/airflow/.local/lib/python3.12/site-packages/airflow/example_dags/example_dag_decorator.py
[2024-10-18T23:57:40.400+0000] {logging_mixin.py:190} INFO - [2024-10-18T23:57:40.400+0000] {dag.py:3239} INFO - Sync 1 DAGs
[2024-10-18T23:57:40.410+0000] {logging_mixin.py:190} INFO - [2024-10-18T23:57:40.410+0000] {dag.py:4180} INFO - Setting next_dagrun for example_dag_decorator to None, run_after=None
[2024-10-18T23:57:40.428+0000] {processor.py:208} INFO - Processing /home/airflow/.local/lib/python3.12/site-packages/airflow/example_dags/example_dag_decorator.py took 0.522 seconds
[2024-10-18T23:58:10.696+0000] {processor.py:186} INFO - Started process (PID=2938) to work on /home/airflow/.local/lib/python3.12/site-packages/airflow/example_dags/example_dag_decorator.py
[2024-10-18T23:58:10.697+0000] {processor.py:914} INFO - Processing file /home/airflow/.local/lib/python3.12/site-packages/airflow/example_dags/example_dag_decorator.py for tasks to queue
[2024-10-18T23:58:10.701+0000] {logging_mixin.py:190} INFO - [2024-10-18T23:58:10.700+0000] {dagbag.py:588} INFO - Filling up the DagBag from /home/airflow/.local/lib/python3.12/site-packages/airflow/example_dags/example_dag_decorator.py
[2024-10-18T23:58:10.713+0000] {processor.py:925} INFO - DAG(s) 'example_dag_decorator' retrieved from /home/airflow/.local/lib/python3.12/site-packages/airflow/example_dags/example_dag_decorator.py
[2024-10-18T23:58:10.738+0000] {logging_mixin.py:190} INFO - [2024-10-18T23:58:10.737+0000] {dag.py:3239} INFO - Sync 1 DAGs
[2024-10-18T23:58:10.753+0000] {logging_mixin.py:190} INFO - [2024-10-18T23:58:10.753+0000] {dag.py:4180} INFO - Setting next_dagrun for example_dag_decorator to None, run_after=None
[2024-10-18T23:58:10.774+0000] {processor.py:208} INFO - Processing /home/airflow/.local/lib/python3.12/site-packages/airflow/example_dags/example_dag_decorator.py took 0.083 seconds
[2024-10-18T23:58:41.076+0000] {processor.py:186} INFO - Started process (PID=3000) to work on /home/airflow/.local/lib/python3.12/site-packages/airflow/example_dags/example_dag_decorator.py
[2024-10-18T23:58:41.077+0000] {processor.py:914} INFO - Processing file /home/airflow/.local/lib/python3.12/site-packages/airflow/example_dags/example_dag_decorator.py for tasks to queue
[2024-10-18T23:58:41.080+0000] {logging_mixin.py:190} INFO - [2024-10-18T23:58:41.080+0000] {dagbag.py:588} INFO - Filling up the DagBag from /home/airflow/.local/lib/python3.12/site-packages/airflow/example_dags/example_dag_decorator.py
[2024-10-18T23:58:41.091+0000] {processor.py:925} INFO - DAG(s) 'example_dag_decorator' retrieved from /home/airflow/.local/lib/python3.12/site-packages/airflow/example_dags/example_dag_decorator.py
[2024-10-18T23:58:41.454+0000] {logging_mixin.py:190} INFO - [2024-10-18T23:58:41.454+0000] {dag.py:3239} INFO - Sync 1 DAGs
[2024-10-18T23:58:41.465+0000] {logging_mixin.py:190} INFO - [2024-10-18T23:58:41.464+0000] {dag.py:4180} INFO - Setting next_dagrun for example_dag_decorator to None, run_after=None
[2024-10-18T23:58:41.504+0000] {processor.py:208} INFO - Processing /home/airflow/.local/lib/python3.12/site-packages/airflow/example_dags/example_dag_decorator.py took 0.434 seconds
[2024-10-18T23:59:11.818+0000] {processor.py:186} INFO - Started process (PID=3062) to work on /home/airflow/.local/lib/python3.12/site-packages/airflow/example_dags/example_dag_decorator.py
[2024-10-18T23:59:11.821+0000] {processor.py:914} INFO - Processing file /home/airflow/.local/lib/python3.12/site-packages/airflow/example_dags/example_dag_decorator.py for tasks to queue
[2024-10-18T23:59:11.829+0000] {logging_mixin.py:190} INFO - [2024-10-18T23:59:11.828+0000] {dagbag.py:588} INFO - Filling up the DagBag from /home/airflow/.local/lib/python3.12/site-packages/airflow/example_dags/example_dag_decorator.py
[2024-10-18T23:59:11.862+0000] {processor.py:925} INFO - DAG(s) 'example_dag_decorator' retrieved from /home/airflow/.local/lib/python3.12/site-packages/airflow/example_dags/example_dag_decorator.py
[2024-10-18T23:59:12.553+0000] {logging_mixin.py:190} INFO - [2024-10-18T23:59:12.552+0000] {dag.py:3239} INFO - Sync 1 DAGs
[2024-10-18T23:59:12.576+0000] {logging_mixin.py:190} INFO - [2024-10-18T23:59:12.575+0000] {dag.py:4180} INFO - Setting next_dagrun for example_dag_decorator to None, run_after=None
[2024-10-18T23:59:12.611+0000] {processor.py:208} INFO - Processing /home/airflow/.local/lib/python3.12/site-packages/airflow/example_dags/example_dag_decorator.py took 0.837 seconds
[2024-10-18T23:59:43.178+0000] {processor.py:186} INFO - Started process (PID=3129) to work on /home/airflow/.local/lib/python3.12/site-packages/airflow/example_dags/example_dag_decorator.py
[2024-10-18T23:59:43.179+0000] {processor.py:914} INFO - Processing file /home/airflow/.local/lib/python3.12/site-packages/airflow/example_dags/example_dag_decorator.py for tasks to queue
[2024-10-18T23:59:43.182+0000] {logging_mixin.py:190} INFO - [2024-10-18T23:59:43.182+0000] {dagbag.py:588} INFO - Filling up the DagBag from /home/airflow/.local/lib/python3.12/site-packages/airflow/example_dags/example_dag_decorator.py
[2024-10-18T23:59:43.196+0000] {processor.py:925} INFO - DAG(s) 'example_dag_decorator' retrieved from /home/airflow/.local/lib/python3.12/site-packages/airflow/example_dags/example_dag_decorator.py
[2024-10-18T23:59:43.384+0000] {logging_mixin.py:190} INFO - [2024-10-18T23:59:43.384+0000] {dag.py:3239} INFO - Sync 1 DAGs
[2024-10-18T23:59:43.396+0000] {logging_mixin.py:190} INFO - [2024-10-18T23:59:43.396+0000] {dag.py:4180} INFO - Setting next_dagrun for example_dag_decorator to None, run_after=None
[2024-10-18T23:59:43.425+0000] {processor.py:208} INFO - Processing /home/airflow/.local/lib/python3.12/site-packages/airflow/example_dags/example_dag_decorator.py took 0.253 seconds
