[2024-10-18T23:33:09.900+0000] {processor.py:186} INFO - Started process (PID=112) to work on /home/airflow/.local/lib/python3.12/site-packages/airflow/example_dags/example_complex.py
[2024-10-18T23:33:09.902+0000] {processor.py:914} INFO - Processing file /home/airflow/.local/lib/python3.12/site-packages/airflow/example_dags/example_complex.py for tasks to queue
[2024-10-18T23:33:09.908+0000] {logging_mixin.py:190} INFO - [2024-10-18T23:33:09.907+0000] {dagbag.py:588} INFO - Filling up the DagBag from /home/airflow/.local/lib/python3.12/site-packages/airflow/example_dags/example_complex.py
[2024-10-18T23:33:09.944+0000] {processor.py:925} INFO - DAG(s) 'example_complex' retrieved from /home/airflow/.local/lib/python3.12/site-packages/airflow/example_dags/example_complex.py
[2024-10-18T23:33:10.228+0000] {logging_mixin.py:190} INFO - [2024-10-18T23:33:10.226+0000] {override.py:1900} INFO - Created Permission View: can read on DAG:example_complex
[2024-10-18T23:33:10.244+0000] {logging_mixin.py:190} INFO - [2024-10-18T23:33:10.244+0000] {override.py:1900} INFO - Created Permission View: can edit on DAG:example_complex
[2024-10-18T23:33:10.254+0000] {logging_mixin.py:190} INFO - [2024-10-18T23:33:10.254+0000] {override.py:1900} INFO - Created Permission View: can delete on DAG:example_complex
[2024-10-18T23:33:10.268+0000] {logging_mixin.py:190} INFO - [2024-10-18T23:33:10.267+0000] {override.py:1900} INFO - Created Permission View: can read on DAG Run:example_complex
[2024-10-18T23:33:10.279+0000] {logging_mixin.py:190} INFO - [2024-10-18T23:33:10.279+0000] {override.py:1900} INFO - Created Permission View: can create on DAG Run:example_complex
[2024-10-18T23:33:10.296+0000] {logging_mixin.py:190} INFO - [2024-10-18T23:33:10.296+0000] {override.py:1900} INFO - Created Permission View: menu access on DAG Run:example_complex
[2024-10-18T23:33:10.307+0000] {logging_mixin.py:190} INFO - [2024-10-18T23:33:10.307+0000] {override.py:1900} INFO - Created Permission View: can delete on DAG Run:example_complex
[2024-10-18T23:33:10.308+0000] {logging_mixin.py:190} INFO - [2024-10-18T23:33:10.308+0000] {dag.py:3239} INFO - Sync 1 DAGs
[2024-10-18T23:33:10.336+0000] {logging_mixin.py:190} INFO - [2024-10-18T23:33:10.336+0000] {dag.py:3262} INFO - Creating ORM DAG for example_complex
[2024-10-18T23:33:10.339+0000] {logging_mixin.py:190} INFO - [2024-10-18T23:33:10.338+0000] {dag.py:4180} INFO - Setting next_dagrun for example_complex to None, run_after=None
[2024-10-18T23:33:10.377+0000] {processor.py:208} INFO - Processing /home/airflow/.local/lib/python3.12/site-packages/airflow/example_dags/example_complex.py took 0.496 seconds
[2024-10-18T23:33:40.528+0000] {processor.py:186} INFO - Started process (PID=173) to work on /home/airflow/.local/lib/python3.12/site-packages/airflow/example_dags/example_complex.py
[2024-10-18T23:33:40.530+0000] {processor.py:914} INFO - Processing file /home/airflow/.local/lib/python3.12/site-packages/airflow/example_dags/example_complex.py for tasks to queue
[2024-10-18T23:33:40.534+0000] {logging_mixin.py:190} INFO - [2024-10-18T23:33:40.534+0000] {dagbag.py:588} INFO - Filling up the DagBag from /home/airflow/.local/lib/python3.12/site-packages/airflow/example_dags/example_complex.py
[2024-10-18T23:33:40.553+0000] {processor.py:925} INFO - DAG(s) 'example_complex' retrieved from /home/airflow/.local/lib/python3.12/site-packages/airflow/example_dags/example_complex.py
[2024-10-18T23:33:40.632+0000] {logging_mixin.py:190} INFO - [2024-10-18T23:33:40.631+0000] {dag.py:3239} INFO - Sync 1 DAGs
[2024-10-18T23:33:40.715+0000] {logging_mixin.py:190} INFO - [2024-10-18T23:33:40.714+0000] {dag.py:4180} INFO - Setting next_dagrun for example_complex to None, run_after=None
[2024-10-18T23:33:40.768+0000] {processor.py:208} INFO - Processing /home/airflow/.local/lib/python3.12/site-packages/airflow/example_dags/example_complex.py took 0.251 seconds
[2024-10-18T23:34:11.183+0000] {processor.py:186} INFO - Started process (PID=235) to work on /home/airflow/.local/lib/python3.12/site-packages/airflow/example_dags/example_complex.py
[2024-10-18T23:34:11.185+0000] {processor.py:914} INFO - Processing file /home/airflow/.local/lib/python3.12/site-packages/airflow/example_dags/example_complex.py for tasks to queue
[2024-10-18T23:34:11.188+0000] {logging_mixin.py:190} INFO - [2024-10-18T23:34:11.187+0000] {dagbag.py:588} INFO - Filling up the DagBag from /home/airflow/.local/lib/python3.12/site-packages/airflow/example_dags/example_complex.py
[2024-10-18T23:34:11.198+0000] {processor.py:925} INFO - DAG(s) 'example_complex' retrieved from /home/airflow/.local/lib/python3.12/site-packages/airflow/example_dags/example_complex.py
[2024-10-18T23:34:11.228+0000] {logging_mixin.py:190} INFO - [2024-10-18T23:34:11.228+0000] {dag.py:3239} INFO - Sync 1 DAGs
[2024-10-18T23:34:11.242+0000] {logging_mixin.py:190} INFO - [2024-10-18T23:34:11.241+0000] {dag.py:4180} INFO - Setting next_dagrun for example_complex to None, run_after=None
[2024-10-18T23:34:11.259+0000] {processor.py:208} INFO - Processing /home/airflow/.local/lib/python3.12/site-packages/airflow/example_dags/example_complex.py took 0.082 seconds
[2024-10-18T23:34:41.807+0000] {processor.py:186} INFO - Started process (PID=297) to work on /home/airflow/.local/lib/python3.12/site-packages/airflow/example_dags/example_complex.py
[2024-10-18T23:34:41.808+0000] {processor.py:914} INFO - Processing file /home/airflow/.local/lib/python3.12/site-packages/airflow/example_dags/example_complex.py for tasks to queue
[2024-10-18T23:34:41.811+0000] {logging_mixin.py:190} INFO - [2024-10-18T23:34:41.811+0000] {dagbag.py:588} INFO - Filling up the DagBag from /home/airflow/.local/lib/python3.12/site-packages/airflow/example_dags/example_complex.py
[2024-10-18T23:34:41.821+0000] {processor.py:925} INFO - DAG(s) 'example_complex' retrieved from /home/airflow/.local/lib/python3.12/site-packages/airflow/example_dags/example_complex.py
[2024-10-18T23:34:41.851+0000] {logging_mixin.py:190} INFO - [2024-10-18T23:34:41.851+0000] {dag.py:3239} INFO - Sync 1 DAGs
[2024-10-18T23:34:41.865+0000] {logging_mixin.py:190} INFO - [2024-10-18T23:34:41.865+0000] {dag.py:4180} INFO - Setting next_dagrun for example_complex to None, run_after=None
[2024-10-18T23:34:41.885+0000] {processor.py:208} INFO - Processing /home/airflow/.local/lib/python3.12/site-packages/airflow/example_dags/example_complex.py took 0.083 seconds
[2024-10-18T23:35:11.990+0000] {processor.py:186} INFO - Started process (PID=359) to work on /home/airflow/.local/lib/python3.12/site-packages/airflow/example_dags/example_complex.py
[2024-10-18T23:35:11.991+0000] {processor.py:914} INFO - Processing file /home/airflow/.local/lib/python3.12/site-packages/airflow/example_dags/example_complex.py for tasks to queue
[2024-10-18T23:35:11.993+0000] {logging_mixin.py:190} INFO - [2024-10-18T23:35:11.993+0000] {dagbag.py:588} INFO - Filling up the DagBag from /home/airflow/.local/lib/python3.12/site-packages/airflow/example_dags/example_complex.py
[2024-10-18T23:35:12.003+0000] {processor.py:925} INFO - DAG(s) 'example_complex' retrieved from /home/airflow/.local/lib/python3.12/site-packages/airflow/example_dags/example_complex.py
[2024-10-18T23:35:12.033+0000] {logging_mixin.py:190} INFO - [2024-10-18T23:35:12.033+0000] {dag.py:3239} INFO - Sync 1 DAGs
[2024-10-18T23:35:12.046+0000] {logging_mixin.py:190} INFO - [2024-10-18T23:35:12.045+0000] {dag.py:4180} INFO - Setting next_dagrun for example_complex to None, run_after=None
[2024-10-18T23:35:12.066+0000] {processor.py:208} INFO - Processing /home/airflow/.local/lib/python3.12/site-packages/airflow/example_dags/example_complex.py took 0.081 seconds
[2024-10-18T23:35:43.540+0000] {processor.py:186} INFO - Started process (PID=421) to work on /home/airflow/.local/lib/python3.12/site-packages/airflow/example_dags/example_complex.py
[2024-10-18T23:35:43.541+0000] {processor.py:914} INFO - Processing file /home/airflow/.local/lib/python3.12/site-packages/airflow/example_dags/example_complex.py for tasks to queue
[2024-10-18T23:35:43.544+0000] {logging_mixin.py:190} INFO - [2024-10-18T23:35:43.544+0000] {dagbag.py:588} INFO - Filling up the DagBag from /home/airflow/.local/lib/python3.12/site-packages/airflow/example_dags/example_complex.py
[2024-10-18T23:35:43.556+0000] {processor.py:925} INFO - DAG(s) 'example_complex' retrieved from /home/airflow/.local/lib/python3.12/site-packages/airflow/example_dags/example_complex.py
[2024-10-18T23:35:43.585+0000] {logging_mixin.py:190} INFO - [2024-10-18T23:35:43.585+0000] {dag.py:3239} INFO - Sync 1 DAGs
[2024-10-18T23:35:43.598+0000] {logging_mixin.py:190} INFO - [2024-10-18T23:35:43.598+0000] {dag.py:4180} INFO - Setting next_dagrun for example_complex to None, run_after=None
[2024-10-18T23:35:44.495+0000] {processor.py:208} INFO - Processing /home/airflow/.local/lib/python3.12/site-packages/airflow/example_dags/example_complex.py took 0.961 seconds
[2024-10-18T23:36:17.225+0000] {processor.py:186} INFO - Started process (PID=483) to work on /home/airflow/.local/lib/python3.12/site-packages/airflow/example_dags/example_complex.py
[2024-10-18T23:36:17.226+0000] {processor.py:914} INFO - Processing file /home/airflow/.local/lib/python3.12/site-packages/airflow/example_dags/example_complex.py for tasks to queue
[2024-10-18T23:36:17.233+0000] {logging_mixin.py:190} INFO - [2024-10-18T23:36:17.233+0000] {dagbag.py:588} INFO - Filling up the DagBag from /home/airflow/.local/lib/python3.12/site-packages/airflow/example_dags/example_complex.py
[2024-10-18T23:36:17.258+0000] {processor.py:925} INFO - DAG(s) 'example_complex' retrieved from /home/airflow/.local/lib/python3.12/site-packages/airflow/example_dags/example_complex.py
[2024-10-18T23:36:17.314+0000] {logging_mixin.py:190} INFO - [2024-10-18T23:36:17.314+0000] {dag.py:3239} INFO - Sync 1 DAGs
[2024-10-18T23:36:17.349+0000] {logging_mixin.py:190} INFO - [2024-10-18T23:36:17.347+0000] {dag.py:4180} INFO - Setting next_dagrun for example_complex to None, run_after=None
[2024-10-18T23:36:17.394+0000] {processor.py:208} INFO - Processing /home/airflow/.local/lib/python3.12/site-packages/airflow/example_dags/example_complex.py took 0.178 seconds
[2024-10-18T23:36:48.419+0000] {processor.py:186} INFO - Started process (PID=545) to work on /home/airflow/.local/lib/python3.12/site-packages/airflow/example_dags/example_complex.py
[2024-10-18T23:36:48.422+0000] {processor.py:914} INFO - Processing file /home/airflow/.local/lib/python3.12/site-packages/airflow/example_dags/example_complex.py for tasks to queue
[2024-10-18T23:36:48.428+0000] {logging_mixin.py:190} INFO - [2024-10-18T23:36:48.427+0000] {dagbag.py:588} INFO - Filling up the DagBag from /home/airflow/.local/lib/python3.12/site-packages/airflow/example_dags/example_complex.py
[2024-10-18T23:36:48.458+0000] {processor.py:925} INFO - DAG(s) 'example_complex' retrieved from /home/airflow/.local/lib/python3.12/site-packages/airflow/example_dags/example_complex.py
[2024-10-18T23:36:48.539+0000] {logging_mixin.py:190} INFO - [2024-10-18T23:36:48.538+0000] {dag.py:3239} INFO - Sync 1 DAGs
[2024-10-18T23:36:48.573+0000] {logging_mixin.py:190} INFO - [2024-10-18T23:36:48.573+0000] {dag.py:4180} INFO - Setting next_dagrun for example_complex to None, run_after=None
[2024-10-18T23:36:48.611+0000] {processor.py:208} INFO - Processing /home/airflow/.local/lib/python3.12/site-packages/airflow/example_dags/example_complex.py took 0.203 seconds
[2024-10-18T23:37:19.209+0000] {processor.py:186} INFO - Started process (PID=607) to work on /home/airflow/.local/lib/python3.12/site-packages/airflow/example_dags/example_complex.py
[2024-10-18T23:37:19.211+0000] {processor.py:914} INFO - Processing file /home/airflow/.local/lib/python3.12/site-packages/airflow/example_dags/example_complex.py for tasks to queue
[2024-10-18T23:37:19.213+0000] {logging_mixin.py:190} INFO - [2024-10-18T23:37:19.213+0000] {dagbag.py:588} INFO - Filling up the DagBag from /home/airflow/.local/lib/python3.12/site-packages/airflow/example_dags/example_complex.py
[2024-10-18T23:37:19.224+0000] {processor.py:925} INFO - DAG(s) 'example_complex' retrieved from /home/airflow/.local/lib/python3.12/site-packages/airflow/example_dags/example_complex.py
[2024-10-18T23:37:19.253+0000] {logging_mixin.py:190} INFO - [2024-10-18T23:37:19.253+0000] {dag.py:3239} INFO - Sync 1 DAGs
[2024-10-18T23:37:19.268+0000] {logging_mixin.py:190} INFO - [2024-10-18T23:37:19.268+0000] {dag.py:4180} INFO - Setting next_dagrun for example_complex to None, run_after=None
[2024-10-18T23:37:19.286+0000] {processor.py:208} INFO - Processing /home/airflow/.local/lib/python3.12/site-packages/airflow/example_dags/example_complex.py took 0.082 seconds
[2024-10-18T23:37:49.699+0000] {processor.py:186} INFO - Started process (PID=669) to work on /home/airflow/.local/lib/python3.12/site-packages/airflow/example_dags/example_complex.py
[2024-10-18T23:37:49.700+0000] {processor.py:914} INFO - Processing file /home/airflow/.local/lib/python3.12/site-packages/airflow/example_dags/example_complex.py for tasks to queue
[2024-10-18T23:37:49.703+0000] {logging_mixin.py:190} INFO - [2024-10-18T23:37:49.703+0000] {dagbag.py:588} INFO - Filling up the DagBag from /home/airflow/.local/lib/python3.12/site-packages/airflow/example_dags/example_complex.py
[2024-10-18T23:37:49.713+0000] {processor.py:925} INFO - DAG(s) 'example_complex' retrieved from /home/airflow/.local/lib/python3.12/site-packages/airflow/example_dags/example_complex.py
[2024-10-18T23:37:49.743+0000] {logging_mixin.py:190} INFO - [2024-10-18T23:37:49.743+0000] {dag.py:3239} INFO - Sync 1 DAGs
[2024-10-18T23:37:49.759+0000] {logging_mixin.py:190} INFO - [2024-10-18T23:37:49.758+0000] {dag.py:4180} INFO - Setting next_dagrun for example_complex to None, run_after=None
[2024-10-18T23:37:49.778+0000] {processor.py:208} INFO - Processing /home/airflow/.local/lib/python3.12/site-packages/airflow/example_dags/example_complex.py took 0.084 seconds
[2024-10-18T23:38:20.499+0000] {processor.py:186} INFO - Started process (PID=731) to work on /home/airflow/.local/lib/python3.12/site-packages/airflow/example_dags/example_complex.py
[2024-10-18T23:38:20.501+0000] {processor.py:914} INFO - Processing file /home/airflow/.local/lib/python3.12/site-packages/airflow/example_dags/example_complex.py for tasks to queue
[2024-10-18T23:38:20.503+0000] {logging_mixin.py:190} INFO - [2024-10-18T23:38:20.503+0000] {dagbag.py:588} INFO - Filling up the DagBag from /home/airflow/.local/lib/python3.12/site-packages/airflow/example_dags/example_complex.py
[2024-10-18T23:38:20.514+0000] {processor.py:925} INFO - DAG(s) 'example_complex' retrieved from /home/airflow/.local/lib/python3.12/site-packages/airflow/example_dags/example_complex.py
[2024-10-18T23:38:20.545+0000] {logging_mixin.py:190} INFO - [2024-10-18T23:38:20.545+0000] {dag.py:3239} INFO - Sync 1 DAGs
[2024-10-18T23:38:20.559+0000] {logging_mixin.py:190} INFO - [2024-10-18T23:38:20.559+0000] {dag.py:4180} INFO - Setting next_dagrun for example_complex to None, run_after=None
[2024-10-18T23:38:20.580+0000] {processor.py:208} INFO - Processing /home/airflow/.local/lib/python3.12/site-packages/airflow/example_dags/example_complex.py took 0.085 seconds
[2024-10-18T23:38:51.226+0000] {processor.py:186} INFO - Started process (PID=793) to work on /home/airflow/.local/lib/python3.12/site-packages/airflow/example_dags/example_complex.py
[2024-10-18T23:38:51.227+0000] {processor.py:914} INFO - Processing file /home/airflow/.local/lib/python3.12/site-packages/airflow/example_dags/example_complex.py for tasks to queue
[2024-10-18T23:38:51.230+0000] {logging_mixin.py:190} INFO - [2024-10-18T23:38:51.230+0000] {dagbag.py:588} INFO - Filling up the DagBag from /home/airflow/.local/lib/python3.12/site-packages/airflow/example_dags/example_complex.py
[2024-10-18T23:38:51.243+0000] {processor.py:925} INFO - DAG(s) 'example_complex' retrieved from /home/airflow/.local/lib/python3.12/site-packages/airflow/example_dags/example_complex.py
[2024-10-18T23:38:51.278+0000] {logging_mixin.py:190} INFO - [2024-10-18T23:38:51.278+0000] {dag.py:3239} INFO - Sync 1 DAGs
[2024-10-18T23:38:51.293+0000] {logging_mixin.py:190} INFO - [2024-10-18T23:38:51.293+0000] {dag.py:4180} INFO - Setting next_dagrun for example_complex to None, run_after=None
[2024-10-18T23:38:51.317+0000] {processor.py:208} INFO - Processing /home/airflow/.local/lib/python3.12/site-packages/airflow/example_dags/example_complex.py took 0.097 seconds
[2024-10-18T23:39:21.975+0000] {processor.py:186} INFO - Started process (PID=855) to work on /home/airflow/.local/lib/python3.12/site-packages/airflow/example_dags/example_complex.py
[2024-10-18T23:39:21.976+0000] {processor.py:914} INFO - Processing file /home/airflow/.local/lib/python3.12/site-packages/airflow/example_dags/example_complex.py for tasks to queue
[2024-10-18T23:39:21.979+0000] {logging_mixin.py:190} INFO - [2024-10-18T23:39:21.978+0000] {dagbag.py:588} INFO - Filling up the DagBag from /home/airflow/.local/lib/python3.12/site-packages/airflow/example_dags/example_complex.py
[2024-10-18T23:39:21.990+0000] {processor.py:925} INFO - DAG(s) 'example_complex' retrieved from /home/airflow/.local/lib/python3.12/site-packages/airflow/example_dags/example_complex.py
[2024-10-18T23:39:22.021+0000] {logging_mixin.py:190} INFO - [2024-10-18T23:39:22.020+0000] {dag.py:3239} INFO - Sync 1 DAGs
[2024-10-18T23:39:22.033+0000] {logging_mixin.py:190} INFO - [2024-10-18T23:39:22.033+0000] {dag.py:4180} INFO - Setting next_dagrun for example_complex to None, run_after=None
[2024-10-18T23:39:22.054+0000] {processor.py:208} INFO - Processing /home/airflow/.local/lib/python3.12/site-packages/airflow/example_dags/example_complex.py took 0.085 seconds
[2024-10-18T23:39:53.434+0000] {processor.py:186} INFO - Started process (PID=917) to work on /home/airflow/.local/lib/python3.12/site-packages/airflow/example_dags/example_complex.py
[2024-10-18T23:39:53.437+0000] {processor.py:914} INFO - Processing file /home/airflow/.local/lib/python3.12/site-packages/airflow/example_dags/example_complex.py for tasks to queue
[2024-10-18T23:39:53.453+0000] {logging_mixin.py:190} INFO - [2024-10-18T23:39:53.453+0000] {dagbag.py:588} INFO - Filling up the DagBag from /home/airflow/.local/lib/python3.12/site-packages/airflow/example_dags/example_complex.py
[2024-10-18T23:39:53.509+0000] {processor.py:925} INFO - DAG(s) 'example_complex' retrieved from /home/airflow/.local/lib/python3.12/site-packages/airflow/example_dags/example_complex.py
[2024-10-18T23:39:53.648+0000] {logging_mixin.py:190} INFO - [2024-10-18T23:39:53.647+0000] {dag.py:3239} INFO - Sync 1 DAGs
[2024-10-18T23:39:53.758+0000] {logging_mixin.py:190} INFO - [2024-10-18T23:39:53.758+0000] {dag.py:4180} INFO - Setting next_dagrun for example_complex to None, run_after=None
[2024-10-18T23:39:53.836+0000] {processor.py:208} INFO - Processing /home/airflow/.local/lib/python3.12/site-packages/airflow/example_dags/example_complex.py took 0.437 seconds
[2024-10-18T23:40:23.919+0000] {processor.py:186} INFO - Started process (PID=979) to work on /home/airflow/.local/lib/python3.12/site-packages/airflow/example_dags/example_complex.py
[2024-10-18T23:40:23.920+0000] {processor.py:914} INFO - Processing file /home/airflow/.local/lib/python3.12/site-packages/airflow/example_dags/example_complex.py for tasks to queue
[2024-10-18T23:40:23.922+0000] {logging_mixin.py:190} INFO - [2024-10-18T23:40:23.922+0000] {dagbag.py:588} INFO - Filling up the DagBag from /home/airflow/.local/lib/python3.12/site-packages/airflow/example_dags/example_complex.py
[2024-10-18T23:40:23.937+0000] {processor.py:925} INFO - DAG(s) 'example_complex' retrieved from /home/airflow/.local/lib/python3.12/site-packages/airflow/example_dags/example_complex.py
[2024-10-18T23:40:23.985+0000] {logging_mixin.py:190} INFO - [2024-10-18T23:40:23.984+0000] {dag.py:3239} INFO - Sync 1 DAGs
[2024-10-18T23:40:24.001+0000] {logging_mixin.py:190} INFO - [2024-10-18T23:40:24.001+0000] {dag.py:4180} INFO - Setting next_dagrun for example_complex to None, run_after=None
[2024-10-18T23:40:24.025+0000] {processor.py:208} INFO - Processing /home/airflow/.local/lib/python3.12/site-packages/airflow/example_dags/example_complex.py took 0.113 seconds
[2024-10-18T23:40:54.323+0000] {processor.py:186} INFO - Started process (PID=1041) to work on /home/airflow/.local/lib/python3.12/site-packages/airflow/example_dags/example_complex.py
[2024-10-18T23:40:54.325+0000] {processor.py:914} INFO - Processing file /home/airflow/.local/lib/python3.12/site-packages/airflow/example_dags/example_complex.py for tasks to queue
[2024-10-18T23:40:54.330+0000] {logging_mixin.py:190} INFO - [2024-10-18T23:40:54.329+0000] {dagbag.py:588} INFO - Filling up the DagBag from /home/airflow/.local/lib/python3.12/site-packages/airflow/example_dags/example_complex.py
[2024-10-18T23:40:54.350+0000] {processor.py:925} INFO - DAG(s) 'example_complex' retrieved from /home/airflow/.local/lib/python3.12/site-packages/airflow/example_dags/example_complex.py
[2024-10-18T23:40:54.410+0000] {logging_mixin.py:190} INFO - [2024-10-18T23:40:54.410+0000] {dag.py:3239} INFO - Sync 1 DAGs
[2024-10-18T23:40:54.461+0000] {logging_mixin.py:190} INFO - [2024-10-18T23:40:54.461+0000] {dag.py:4180} INFO - Setting next_dagrun for example_complex to None, run_after=None
[2024-10-18T23:40:54.489+0000] {processor.py:208} INFO - Processing /home/airflow/.local/lib/python3.12/site-packages/airflow/example_dags/example_complex.py took 0.173 seconds
[2024-10-18T23:41:24.984+0000] {processor.py:186} INFO - Started process (PID=1103) to work on /home/airflow/.local/lib/python3.12/site-packages/airflow/example_dags/example_complex.py
[2024-10-18T23:41:24.986+0000] {processor.py:914} INFO - Processing file /home/airflow/.local/lib/python3.12/site-packages/airflow/example_dags/example_complex.py for tasks to queue
[2024-10-18T23:41:24.990+0000] {logging_mixin.py:190} INFO - [2024-10-18T23:41:24.989+0000] {dagbag.py:588} INFO - Filling up the DagBag from /home/airflow/.local/lib/python3.12/site-packages/airflow/example_dags/example_complex.py
[2024-10-18T23:41:25.005+0000] {processor.py:925} INFO - DAG(s) 'example_complex' retrieved from /home/airflow/.local/lib/python3.12/site-packages/airflow/example_dags/example_complex.py
[2024-10-18T23:41:25.048+0000] {logging_mixin.py:190} INFO - [2024-10-18T23:41:25.048+0000] {dag.py:3239} INFO - Sync 1 DAGs
[2024-10-18T23:41:25.069+0000] {logging_mixin.py:190} INFO - [2024-10-18T23:41:25.069+0000] {dag.py:4180} INFO - Setting next_dagrun for example_complex to None, run_after=None
[2024-10-18T23:41:25.104+0000] {processor.py:208} INFO - Processing /home/airflow/.local/lib/python3.12/site-packages/airflow/example_dags/example_complex.py took 0.127 seconds
[2024-10-18T23:41:59.625+0000] {processor.py:186} INFO - Started process (PID=1165) to work on /home/airflow/.local/lib/python3.12/site-packages/airflow/example_dags/example_complex.py
[2024-10-18T23:41:59.628+0000] {processor.py:914} INFO - Processing file /home/airflow/.local/lib/python3.12/site-packages/airflow/example_dags/example_complex.py for tasks to queue
[2024-10-18T23:41:59.631+0000] {logging_mixin.py:190} INFO - [2024-10-18T23:41:59.631+0000] {dagbag.py:588} INFO - Filling up the DagBag from /home/airflow/.local/lib/python3.12/site-packages/airflow/example_dags/example_complex.py
[2024-10-18T23:41:59.652+0000] {processor.py:925} INFO - DAG(s) 'example_complex' retrieved from /home/airflow/.local/lib/python3.12/site-packages/airflow/example_dags/example_complex.py
[2024-10-18T23:41:59.708+0000] {logging_mixin.py:190} INFO - [2024-10-18T23:41:59.707+0000] {dag.py:3239} INFO - Sync 1 DAGs
[2024-10-18T23:41:59.764+0000] {logging_mixin.py:190} INFO - [2024-10-18T23:41:59.764+0000] {dag.py:4180} INFO - Setting next_dagrun for example_complex to None, run_after=None
[2024-10-18T23:41:59.806+0000] {processor.py:208} INFO - Processing /home/airflow/.local/lib/python3.12/site-packages/airflow/example_dags/example_complex.py took 0.190 seconds
[2024-10-18T23:42:35.955+0000] {processor.py:186} INFO - Started process (PID=1227) to work on /home/airflow/.local/lib/python3.12/site-packages/airflow/example_dags/example_complex.py
[2024-10-18T23:42:35.957+0000] {processor.py:914} INFO - Processing file /home/airflow/.local/lib/python3.12/site-packages/airflow/example_dags/example_complex.py for tasks to queue
[2024-10-18T23:42:35.959+0000] {logging_mixin.py:190} INFO - [2024-10-18T23:42:35.959+0000] {dagbag.py:588} INFO - Filling up the DagBag from /home/airflow/.local/lib/python3.12/site-packages/airflow/example_dags/example_complex.py
[2024-10-18T23:42:35.969+0000] {processor.py:925} INFO - DAG(s) 'example_complex' retrieved from /home/airflow/.local/lib/python3.12/site-packages/airflow/example_dags/example_complex.py
[2024-10-18T23:42:36.705+0000] {logging_mixin.py:190} INFO - [2024-10-18T23:42:36.705+0000] {dag.py:3239} INFO - Sync 1 DAGs
[2024-10-18T23:42:36.736+0000] {logging_mixin.py:190} INFO - [2024-10-18T23:42:36.736+0000] {dag.py:4180} INFO - Setting next_dagrun for example_complex to None, run_after=None
[2024-10-18T23:42:36.786+0000] {processor.py:208} INFO - Processing /home/airflow/.local/lib/python3.12/site-packages/airflow/example_dags/example_complex.py took 0.836 seconds
[2024-10-18T23:43:07.357+0000] {processor.py:186} INFO - Started process (PID=1288) to work on /home/airflow/.local/lib/python3.12/site-packages/airflow/example_dags/example_complex.py
[2024-10-18T23:43:07.358+0000] {processor.py:914} INFO - Processing file /home/airflow/.local/lib/python3.12/site-packages/airflow/example_dags/example_complex.py for tasks to queue
[2024-10-18T23:43:07.362+0000] {logging_mixin.py:190} INFO - [2024-10-18T23:43:07.361+0000] {dagbag.py:588} INFO - Filling up the DagBag from /home/airflow/.local/lib/python3.12/site-packages/airflow/example_dags/example_complex.py
[2024-10-18T23:43:07.376+0000] {processor.py:925} INFO - DAG(s) 'example_complex' retrieved from /home/airflow/.local/lib/python3.12/site-packages/airflow/example_dags/example_complex.py
[2024-10-18T23:43:07.424+0000] {logging_mixin.py:190} INFO - [2024-10-18T23:43:07.424+0000] {dag.py:3239} INFO - Sync 1 DAGs
[2024-10-18T23:43:07.455+0000] {logging_mixin.py:190} INFO - [2024-10-18T23:43:07.454+0000] {dag.py:4180} INFO - Setting next_dagrun for example_complex to None, run_after=None
[2024-10-18T23:43:07.480+0000] {processor.py:208} INFO - Processing /home/airflow/.local/lib/python3.12/site-packages/airflow/example_dags/example_complex.py took 0.129 seconds
[2024-10-18T23:43:37.581+0000] {processor.py:186} INFO - Started process (PID=1350) to work on /home/airflow/.local/lib/python3.12/site-packages/airflow/example_dags/example_complex.py
[2024-10-18T23:43:37.583+0000] {processor.py:914} INFO - Processing file /home/airflow/.local/lib/python3.12/site-packages/airflow/example_dags/example_complex.py for tasks to queue
[2024-10-18T23:43:37.587+0000] {logging_mixin.py:190} INFO - [2024-10-18T23:43:37.586+0000] {dagbag.py:588} INFO - Filling up the DagBag from /home/airflow/.local/lib/python3.12/site-packages/airflow/example_dags/example_complex.py
[2024-10-18T23:43:37.598+0000] {processor.py:925} INFO - DAG(s) 'example_complex' retrieved from /home/airflow/.local/lib/python3.12/site-packages/airflow/example_dags/example_complex.py
[2024-10-18T23:43:37.629+0000] {logging_mixin.py:190} INFO - [2024-10-18T23:43:37.629+0000] {dag.py:3239} INFO - Sync 1 DAGs
[2024-10-18T23:43:37.642+0000] {logging_mixin.py:190} INFO - [2024-10-18T23:43:37.642+0000] {dag.py:4180} INFO - Setting next_dagrun for example_complex to None, run_after=None
[2024-10-18T23:43:37.689+0000] {processor.py:208} INFO - Processing /home/airflow/.local/lib/python3.12/site-packages/airflow/example_dags/example_complex.py took 0.115 seconds
[2024-10-18T23:44:08.094+0000] {processor.py:186} INFO - Started process (PID=1412) to work on /home/airflow/.local/lib/python3.12/site-packages/airflow/example_dags/example_complex.py
[2024-10-18T23:44:08.096+0000] {processor.py:914} INFO - Processing file /home/airflow/.local/lib/python3.12/site-packages/airflow/example_dags/example_complex.py for tasks to queue
[2024-10-18T23:44:08.098+0000] {logging_mixin.py:190} INFO - [2024-10-18T23:44:08.098+0000] {dagbag.py:588} INFO - Filling up the DagBag from /home/airflow/.local/lib/python3.12/site-packages/airflow/example_dags/example_complex.py
[2024-10-18T23:44:08.109+0000] {processor.py:925} INFO - DAG(s) 'example_complex' retrieved from /home/airflow/.local/lib/python3.12/site-packages/airflow/example_dags/example_complex.py
[2024-10-18T23:44:08.137+0000] {logging_mixin.py:190} INFO - [2024-10-18T23:44:08.137+0000] {dag.py:3239} INFO - Sync 1 DAGs
[2024-10-18T23:44:08.150+0000] {logging_mixin.py:190} INFO - [2024-10-18T23:44:08.150+0000] {dag.py:4180} INFO - Setting next_dagrun for example_complex to None, run_after=None
[2024-10-18T23:44:08.171+0000] {processor.py:208} INFO - Processing /home/airflow/.local/lib/python3.12/site-packages/airflow/example_dags/example_complex.py took 0.082 seconds
[2024-10-18T23:44:38.274+0000] {processor.py:186} INFO - Started process (PID=1474) to work on /home/airflow/.local/lib/python3.12/site-packages/airflow/example_dags/example_complex.py
[2024-10-18T23:44:38.275+0000] {processor.py:914} INFO - Processing file /home/airflow/.local/lib/python3.12/site-packages/airflow/example_dags/example_complex.py for tasks to queue
[2024-10-18T23:44:38.277+0000] {logging_mixin.py:190} INFO - [2024-10-18T23:44:38.277+0000] {dagbag.py:588} INFO - Filling up the DagBag from /home/airflow/.local/lib/python3.12/site-packages/airflow/example_dags/example_complex.py
[2024-10-18T23:44:38.287+0000] {processor.py:925} INFO - DAG(s) 'example_complex' retrieved from /home/airflow/.local/lib/python3.12/site-packages/airflow/example_dags/example_complex.py
[2024-10-18T23:44:38.315+0000] {logging_mixin.py:190} INFO - [2024-10-18T23:44:38.315+0000] {dag.py:3239} INFO - Sync 1 DAGs
[2024-10-18T23:44:38.327+0000] {logging_mixin.py:190} INFO - [2024-10-18T23:44:38.326+0000] {dag.py:4180} INFO - Setting next_dagrun for example_complex to None, run_after=None
[2024-10-18T23:44:38.345+0000] {processor.py:208} INFO - Processing /home/airflow/.local/lib/python3.12/site-packages/airflow/example_dags/example_complex.py took 0.076 seconds
[2024-10-18T23:45:08.822+0000] {processor.py:186} INFO - Started process (PID=1536) to work on /home/airflow/.local/lib/python3.12/site-packages/airflow/example_dags/example_complex.py
[2024-10-18T23:45:08.822+0000] {processor.py:914} INFO - Processing file /home/airflow/.local/lib/python3.12/site-packages/airflow/example_dags/example_complex.py for tasks to queue
[2024-10-18T23:45:08.825+0000] {logging_mixin.py:190} INFO - [2024-10-18T23:45:08.824+0000] {dagbag.py:588} INFO - Filling up the DagBag from /home/airflow/.local/lib/python3.12/site-packages/airflow/example_dags/example_complex.py
[2024-10-18T23:45:08.835+0000] {processor.py:925} INFO - DAG(s) 'example_complex' retrieved from /home/airflow/.local/lib/python3.12/site-packages/airflow/example_dags/example_complex.py
[2024-10-18T23:45:08.863+0000] {logging_mixin.py:190} INFO - [2024-10-18T23:45:08.862+0000] {dag.py:3239} INFO - Sync 1 DAGs
[2024-10-18T23:45:08.875+0000] {logging_mixin.py:190} INFO - [2024-10-18T23:45:08.874+0000] {dag.py:4180} INFO - Setting next_dagrun for example_complex to None, run_after=None
[2024-10-18T23:45:08.898+0000] {processor.py:208} INFO - Processing /home/airflow/.local/lib/python3.12/site-packages/airflow/example_dags/example_complex.py took 0.082 seconds
[2024-10-18T23:45:39.516+0000] {processor.py:186} INFO - Started process (PID=1598) to work on /home/airflow/.local/lib/python3.12/site-packages/airflow/example_dags/example_complex.py
[2024-10-18T23:45:39.517+0000] {processor.py:914} INFO - Processing file /home/airflow/.local/lib/python3.12/site-packages/airflow/example_dags/example_complex.py for tasks to queue
[2024-10-18T23:45:39.520+0000] {logging_mixin.py:190} INFO - [2024-10-18T23:45:39.519+0000] {dagbag.py:588} INFO - Filling up the DagBag from /home/airflow/.local/lib/python3.12/site-packages/airflow/example_dags/example_complex.py
[2024-10-18T23:45:39.529+0000] {processor.py:925} INFO - DAG(s) 'example_complex' retrieved from /home/airflow/.local/lib/python3.12/site-packages/airflow/example_dags/example_complex.py
[2024-10-18T23:45:39.557+0000] {logging_mixin.py:190} INFO - [2024-10-18T23:45:39.557+0000] {dag.py:3239} INFO - Sync 1 DAGs
[2024-10-18T23:45:39.572+0000] {logging_mixin.py:190} INFO - [2024-10-18T23:45:39.571+0000] {dag.py:4180} INFO - Setting next_dagrun for example_complex to None, run_after=None
[2024-10-18T23:45:39.594+0000] {processor.py:208} INFO - Processing /home/airflow/.local/lib/python3.12/site-packages/airflow/example_dags/example_complex.py took 0.083 seconds
[2024-10-18T23:46:10.260+0000] {processor.py:186} INFO - Started process (PID=1660) to work on /home/airflow/.local/lib/python3.12/site-packages/airflow/example_dags/example_complex.py
[2024-10-18T23:46:10.262+0000] {processor.py:914} INFO - Processing file /home/airflow/.local/lib/python3.12/site-packages/airflow/example_dags/example_complex.py for tasks to queue
[2024-10-18T23:46:10.264+0000] {logging_mixin.py:190} INFO - [2024-10-18T23:46:10.264+0000] {dagbag.py:588} INFO - Filling up the DagBag from /home/airflow/.local/lib/python3.12/site-packages/airflow/example_dags/example_complex.py
[2024-10-18T23:46:10.275+0000] {processor.py:925} INFO - DAG(s) 'example_complex' retrieved from /home/airflow/.local/lib/python3.12/site-packages/airflow/example_dags/example_complex.py
[2024-10-18T23:46:10.304+0000] {logging_mixin.py:190} INFO - [2024-10-18T23:46:10.303+0000] {dag.py:3239} INFO - Sync 1 DAGs
[2024-10-18T23:46:10.317+0000] {logging_mixin.py:190} INFO - [2024-10-18T23:46:10.317+0000] {dag.py:4180} INFO - Setting next_dagrun for example_complex to None, run_after=None
[2024-10-18T23:46:10.337+0000] {processor.py:208} INFO - Processing /home/airflow/.local/lib/python3.12/site-packages/airflow/example_dags/example_complex.py took 0.082 seconds
[2024-10-18T23:46:41.029+0000] {processor.py:186} INFO - Started process (PID=1722) to work on /home/airflow/.local/lib/python3.12/site-packages/airflow/example_dags/example_complex.py
[2024-10-18T23:46:41.031+0000] {processor.py:914} INFO - Processing file /home/airflow/.local/lib/python3.12/site-packages/airflow/example_dags/example_complex.py for tasks to queue
[2024-10-18T23:46:41.033+0000] {logging_mixin.py:190} INFO - [2024-10-18T23:46:41.033+0000] {dagbag.py:588} INFO - Filling up the DagBag from /home/airflow/.local/lib/python3.12/site-packages/airflow/example_dags/example_complex.py
[2024-10-18T23:46:41.043+0000] {processor.py:925} INFO - DAG(s) 'example_complex' retrieved from /home/airflow/.local/lib/python3.12/site-packages/airflow/example_dags/example_complex.py
[2024-10-18T23:46:41.075+0000] {logging_mixin.py:190} INFO - [2024-10-18T23:46:41.075+0000] {dag.py:3239} INFO - Sync 1 DAGs
[2024-10-18T23:46:41.090+0000] {logging_mixin.py:190} INFO - [2024-10-18T23:46:41.089+0000] {dag.py:4180} INFO - Setting next_dagrun for example_complex to None, run_after=None
[2024-10-18T23:46:41.109+0000] {processor.py:208} INFO - Processing /home/airflow/.local/lib/python3.12/site-packages/airflow/example_dags/example_complex.py took 0.085 seconds
[2024-10-18T23:47:11.514+0000] {processor.py:186} INFO - Started process (PID=1790) to work on /home/airflow/.local/lib/python3.12/site-packages/airflow/example_dags/example_complex.py
[2024-10-18T23:47:11.515+0000] {processor.py:914} INFO - Processing file /home/airflow/.local/lib/python3.12/site-packages/airflow/example_dags/example_complex.py for tasks to queue
[2024-10-18T23:47:11.517+0000] {logging_mixin.py:190} INFO - [2024-10-18T23:47:11.517+0000] {dagbag.py:588} INFO - Filling up the DagBag from /home/airflow/.local/lib/python3.12/site-packages/airflow/example_dags/example_complex.py
[2024-10-18T23:47:11.527+0000] {processor.py:925} INFO - DAG(s) 'example_complex' retrieved from /home/airflow/.local/lib/python3.12/site-packages/airflow/example_dags/example_complex.py
[2024-10-18T23:47:11.555+0000] {logging_mixin.py:190} INFO - [2024-10-18T23:47:11.555+0000] {dag.py:3239} INFO - Sync 1 DAGs
[2024-10-18T23:47:11.568+0000] {logging_mixin.py:190} INFO - [2024-10-18T23:47:11.567+0000] {dag.py:4180} INFO - Setting next_dagrun for example_complex to None, run_after=None
[2024-10-18T23:47:11.586+0000] {processor.py:208} INFO - Processing /home/airflow/.local/lib/python3.12/site-packages/airflow/example_dags/example_complex.py took 0.078 seconds
[2024-10-18T23:47:41.926+0000] {processor.py:186} INFO - Started process (PID=1852) to work on /home/airflow/.local/lib/python3.12/site-packages/airflow/example_dags/example_complex.py
[2024-10-18T23:47:41.927+0000] {processor.py:914} INFO - Processing file /home/airflow/.local/lib/python3.12/site-packages/airflow/example_dags/example_complex.py for tasks to queue
[2024-10-18T23:47:41.929+0000] {logging_mixin.py:190} INFO - [2024-10-18T23:47:41.929+0000] {dagbag.py:588} INFO - Filling up the DagBag from /home/airflow/.local/lib/python3.12/site-packages/airflow/example_dags/example_complex.py
[2024-10-18T23:47:41.939+0000] {processor.py:925} INFO - DAG(s) 'example_complex' retrieved from /home/airflow/.local/lib/python3.12/site-packages/airflow/example_dags/example_complex.py
[2024-10-18T23:47:41.968+0000] {logging_mixin.py:190} INFO - [2024-10-18T23:47:41.968+0000] {dag.py:3239} INFO - Sync 1 DAGs
[2024-10-18T23:47:41.981+0000] {logging_mixin.py:190} INFO - [2024-10-18T23:47:41.981+0000] {dag.py:4180} INFO - Setting next_dagrun for example_complex to None, run_after=None
[2024-10-18T23:47:42.000+0000] {processor.py:208} INFO - Processing /home/airflow/.local/lib/python3.12/site-packages/airflow/example_dags/example_complex.py took 0.080 seconds
[2024-10-18T23:48:12.380+0000] {processor.py:186} INFO - Started process (PID=1914) to work on /home/airflow/.local/lib/python3.12/site-packages/airflow/example_dags/example_complex.py
[2024-10-18T23:48:12.381+0000] {processor.py:914} INFO - Processing file /home/airflow/.local/lib/python3.12/site-packages/airflow/example_dags/example_complex.py for tasks to queue
[2024-10-18T23:48:12.384+0000] {logging_mixin.py:190} INFO - [2024-10-18T23:48:12.383+0000] {dagbag.py:588} INFO - Filling up the DagBag from /home/airflow/.local/lib/python3.12/site-packages/airflow/example_dags/example_complex.py
[2024-10-18T23:48:12.395+0000] {processor.py:925} INFO - DAG(s) 'example_complex' retrieved from /home/airflow/.local/lib/python3.12/site-packages/airflow/example_dags/example_complex.py
[2024-10-18T23:48:12.428+0000] {logging_mixin.py:190} INFO - [2024-10-18T23:48:12.428+0000] {dag.py:3239} INFO - Sync 1 DAGs
[2024-10-18T23:48:12.442+0000] {logging_mixin.py:190} INFO - [2024-10-18T23:48:12.442+0000] {dag.py:4180} INFO - Setting next_dagrun for example_complex to None, run_after=None
[2024-10-18T23:48:12.463+0000] {processor.py:208} INFO - Processing /home/airflow/.local/lib/python3.12/site-packages/airflow/example_dags/example_complex.py took 0.090 seconds
[2024-10-18T23:48:42.707+0000] {processor.py:186} INFO - Started process (PID=1976) to work on /home/airflow/.local/lib/python3.12/site-packages/airflow/example_dags/example_complex.py
[2024-10-18T23:48:42.709+0000] {processor.py:914} INFO - Processing file /home/airflow/.local/lib/python3.12/site-packages/airflow/example_dags/example_complex.py for tasks to queue
[2024-10-18T23:48:42.712+0000] {logging_mixin.py:190} INFO - [2024-10-18T23:48:42.712+0000] {dagbag.py:588} INFO - Filling up the DagBag from /home/airflow/.local/lib/python3.12/site-packages/airflow/example_dags/example_complex.py
[2024-10-18T23:48:42.725+0000] {processor.py:925} INFO - DAG(s) 'example_complex' retrieved from /home/airflow/.local/lib/python3.12/site-packages/airflow/example_dags/example_complex.py
[2024-10-18T23:48:42.768+0000] {logging_mixin.py:190} INFO - [2024-10-18T23:48:42.767+0000] {dag.py:3239} INFO - Sync 1 DAGs
[2024-10-18T23:48:42.789+0000] {logging_mixin.py:190} INFO - [2024-10-18T23:48:42.789+0000] {dag.py:4180} INFO - Setting next_dagrun for example_complex to None, run_after=None
[2024-10-18T23:48:42.813+0000] {processor.py:208} INFO - Processing /home/airflow/.local/lib/python3.12/site-packages/airflow/example_dags/example_complex.py took 0.114 seconds
[2024-10-18T23:49:13.364+0000] {processor.py:186} INFO - Started process (PID=2038) to work on /home/airflow/.local/lib/python3.12/site-packages/airflow/example_dags/example_complex.py
[2024-10-18T23:49:13.366+0000] {processor.py:914} INFO - Processing file /home/airflow/.local/lib/python3.12/site-packages/airflow/example_dags/example_complex.py for tasks to queue
[2024-10-18T23:49:13.370+0000] {logging_mixin.py:190} INFO - [2024-10-18T23:49:13.369+0000] {dagbag.py:588} INFO - Filling up the DagBag from /home/airflow/.local/lib/python3.12/site-packages/airflow/example_dags/example_complex.py
[2024-10-18T23:49:13.385+0000] {processor.py:925} INFO - DAG(s) 'example_complex' retrieved from /home/airflow/.local/lib/python3.12/site-packages/airflow/example_dags/example_complex.py
[2024-10-18T23:49:13.429+0000] {logging_mixin.py:190} INFO - [2024-10-18T23:49:13.429+0000] {dag.py:3239} INFO - Sync 1 DAGs
[2024-10-18T23:49:13.445+0000] {logging_mixin.py:190} INFO - [2024-10-18T23:49:13.445+0000] {dag.py:4180} INFO - Setting next_dagrun for example_complex to None, run_after=None
[2024-10-18T23:49:13.480+0000] {processor.py:208} INFO - Processing /home/airflow/.local/lib/python3.12/site-packages/airflow/example_dags/example_complex.py took 0.126 seconds
[2024-10-18T23:49:44.277+0000] {processor.py:186} INFO - Started process (PID=2100) to work on /home/airflow/.local/lib/python3.12/site-packages/airflow/example_dags/example_complex.py
[2024-10-18T23:49:44.279+0000] {processor.py:914} INFO - Processing file /home/airflow/.local/lib/python3.12/site-packages/airflow/example_dags/example_complex.py for tasks to queue
[2024-10-18T23:49:44.282+0000] {logging_mixin.py:190} INFO - [2024-10-18T23:49:44.281+0000] {dagbag.py:588} INFO - Filling up the DagBag from /home/airflow/.local/lib/python3.12/site-packages/airflow/example_dags/example_complex.py
[2024-10-18T23:49:44.295+0000] {processor.py:925} INFO - DAG(s) 'example_complex' retrieved from /home/airflow/.local/lib/python3.12/site-packages/airflow/example_dags/example_complex.py
[2024-10-18T23:49:44.329+0000] {logging_mixin.py:190} INFO - [2024-10-18T23:49:44.329+0000] {dag.py:3239} INFO - Sync 1 DAGs
[2024-10-18T23:49:44.345+0000] {logging_mixin.py:190} INFO - [2024-10-18T23:49:44.345+0000] {dag.py:4180} INFO - Setting next_dagrun for example_complex to None, run_after=None
[2024-10-18T23:49:44.375+0000] {processor.py:208} INFO - Processing /home/airflow/.local/lib/python3.12/site-packages/airflow/example_dags/example_complex.py took 0.104 seconds
[2024-10-18T23:50:14.821+0000] {processor.py:186} INFO - Started process (PID=2162) to work on /home/airflow/.local/lib/python3.12/site-packages/airflow/example_dags/example_complex.py
[2024-10-18T23:50:14.822+0000] {processor.py:914} INFO - Processing file /home/airflow/.local/lib/python3.12/site-packages/airflow/example_dags/example_complex.py for tasks to queue
[2024-10-18T23:50:14.825+0000] {logging_mixin.py:190} INFO - [2024-10-18T23:50:14.824+0000] {dagbag.py:588} INFO - Filling up the DagBag from /home/airflow/.local/lib/python3.12/site-packages/airflow/example_dags/example_complex.py
[2024-10-18T23:50:14.837+0000] {processor.py:925} INFO - DAG(s) 'example_complex' retrieved from /home/airflow/.local/lib/python3.12/site-packages/airflow/example_dags/example_complex.py
[2024-10-18T23:50:14.867+0000] {logging_mixin.py:190} INFO - [2024-10-18T23:50:14.866+0000] {dag.py:3239} INFO - Sync 1 DAGs
[2024-10-18T23:50:14.881+0000] {logging_mixin.py:190} INFO - [2024-10-18T23:50:14.881+0000] {dag.py:4180} INFO - Setting next_dagrun for example_complex to None, run_after=None
[2024-10-18T23:50:14.902+0000] {processor.py:208} INFO - Processing /home/airflow/.local/lib/python3.12/site-packages/airflow/example_dags/example_complex.py took 0.088 seconds
[2024-10-18T23:50:45.715+0000] {processor.py:186} INFO - Started process (PID=2224) to work on /home/airflow/.local/lib/python3.12/site-packages/airflow/example_dags/example_complex.py
[2024-10-18T23:50:45.731+0000] {processor.py:914} INFO - Processing file /home/airflow/.local/lib/python3.12/site-packages/airflow/example_dags/example_complex.py for tasks to queue
[2024-10-18T23:50:45.734+0000] {logging_mixin.py:190} INFO - [2024-10-18T23:50:45.733+0000] {dagbag.py:588} INFO - Filling up the DagBag from /home/airflow/.local/lib/python3.12/site-packages/airflow/example_dags/example_complex.py
[2024-10-18T23:50:45.746+0000] {processor.py:925} INFO - DAG(s) 'example_complex' retrieved from /home/airflow/.local/lib/python3.12/site-packages/airflow/example_dags/example_complex.py
[2024-10-18T23:50:45.780+0000] {logging_mixin.py:190} INFO - [2024-10-18T23:50:45.780+0000] {dag.py:3239} INFO - Sync 1 DAGs
[2024-10-18T23:50:45.808+0000] {logging_mixin.py:190} INFO - [2024-10-18T23:50:45.807+0000] {dag.py:4180} INFO - Setting next_dagrun for example_complex to None, run_after=None
[2024-10-18T23:50:45.854+0000] {processor.py:208} INFO - Processing /home/airflow/.local/lib/python3.12/site-packages/airflow/example_dags/example_complex.py took 0.146 seconds
[2024-10-18T23:51:16.520+0000] {processor.py:186} INFO - Started process (PID=2287) to work on /home/airflow/.local/lib/python3.12/site-packages/airflow/example_dags/example_complex.py
[2024-10-18T23:51:16.521+0000] {processor.py:914} INFO - Processing file /home/airflow/.local/lib/python3.12/site-packages/airflow/example_dags/example_complex.py for tasks to queue
[2024-10-18T23:51:16.524+0000] {logging_mixin.py:190} INFO - [2024-10-18T23:51:16.523+0000] {dagbag.py:588} INFO - Filling up the DagBag from /home/airflow/.local/lib/python3.12/site-packages/airflow/example_dags/example_complex.py
[2024-10-18T23:51:16.534+0000] {processor.py:925} INFO - DAG(s) 'example_complex' retrieved from /home/airflow/.local/lib/python3.12/site-packages/airflow/example_dags/example_complex.py
[2024-10-18T23:51:16.562+0000] {logging_mixin.py:190} INFO - [2024-10-18T23:51:16.562+0000] {dag.py:3239} INFO - Sync 1 DAGs
[2024-10-18T23:51:16.575+0000] {logging_mixin.py:190} INFO - [2024-10-18T23:51:16.575+0000] {dag.py:4180} INFO - Setting next_dagrun for example_complex to None, run_after=None
[2024-10-18T23:51:16.601+0000] {processor.py:208} INFO - Processing /home/airflow/.local/lib/python3.12/site-packages/airflow/example_dags/example_complex.py took 0.086 seconds
[2024-10-18T23:51:47.093+0000] {processor.py:186} INFO - Started process (PID=2349) to work on /home/airflow/.local/lib/python3.12/site-packages/airflow/example_dags/example_complex.py
[2024-10-18T23:51:47.094+0000] {processor.py:914} INFO - Processing file /home/airflow/.local/lib/python3.12/site-packages/airflow/example_dags/example_complex.py for tasks to queue
[2024-10-18T23:51:47.097+0000] {logging_mixin.py:190} INFO - [2024-10-18T23:51:47.096+0000] {dagbag.py:588} INFO - Filling up the DagBag from /home/airflow/.local/lib/python3.12/site-packages/airflow/example_dags/example_complex.py
[2024-10-18T23:51:47.107+0000] {processor.py:925} INFO - DAG(s) 'example_complex' retrieved from /home/airflow/.local/lib/python3.12/site-packages/airflow/example_dags/example_complex.py
[2024-10-18T23:51:47.136+0000] {logging_mixin.py:190} INFO - [2024-10-18T23:51:47.136+0000] {dag.py:3239} INFO - Sync 1 DAGs
[2024-10-18T23:51:47.149+0000] {logging_mixin.py:190} INFO - [2024-10-18T23:51:47.149+0000] {dag.py:4180} INFO - Setting next_dagrun for example_complex to None, run_after=None
[2024-10-18T23:51:47.175+0000] {processor.py:208} INFO - Processing /home/airflow/.local/lib/python3.12/site-packages/airflow/example_dags/example_complex.py took 0.087 seconds
[2024-10-18T23:52:17.866+0000] {processor.py:186} INFO - Started process (PID=2411) to work on /home/airflow/.local/lib/python3.12/site-packages/airflow/example_dags/example_complex.py
[2024-10-18T23:52:17.868+0000] {processor.py:914} INFO - Processing file /home/airflow/.local/lib/python3.12/site-packages/airflow/example_dags/example_complex.py for tasks to queue
[2024-10-18T23:52:17.870+0000] {logging_mixin.py:190} INFO - [2024-10-18T23:52:17.870+0000] {dagbag.py:588} INFO - Filling up the DagBag from /home/airflow/.local/lib/python3.12/site-packages/airflow/example_dags/example_complex.py
[2024-10-18T23:52:17.881+0000] {processor.py:925} INFO - DAG(s) 'example_complex' retrieved from /home/airflow/.local/lib/python3.12/site-packages/airflow/example_dags/example_complex.py
[2024-10-18T23:52:17.914+0000] {logging_mixin.py:190} INFO - [2024-10-18T23:52:17.914+0000] {dag.py:3239} INFO - Sync 1 DAGs
[2024-10-18T23:52:17.930+0000] {logging_mixin.py:190} INFO - [2024-10-18T23:52:17.930+0000] {dag.py:4180} INFO - Setting next_dagrun for example_complex to None, run_after=None
[2024-10-18T23:52:17.952+0000] {processor.py:208} INFO - Processing /home/airflow/.local/lib/python3.12/site-packages/airflow/example_dags/example_complex.py took 0.092 seconds
[2024-10-18T23:52:48.347+0000] {processor.py:186} INFO - Started process (PID=2473) to work on /home/airflow/.local/lib/python3.12/site-packages/airflow/example_dags/example_complex.py
[2024-10-18T23:52:48.349+0000] {processor.py:914} INFO - Processing file /home/airflow/.local/lib/python3.12/site-packages/airflow/example_dags/example_complex.py for tasks to queue
[2024-10-18T23:52:48.353+0000] {logging_mixin.py:190} INFO - [2024-10-18T23:52:48.352+0000] {dagbag.py:588} INFO - Filling up the DagBag from /home/airflow/.local/lib/python3.12/site-packages/airflow/example_dags/example_complex.py
[2024-10-18T23:52:48.371+0000] {processor.py:925} INFO - DAG(s) 'example_complex' retrieved from /home/airflow/.local/lib/python3.12/site-packages/airflow/example_dags/example_complex.py
[2024-10-18T23:52:48.433+0000] {logging_mixin.py:190} INFO - [2024-10-18T23:52:48.432+0000] {dag.py:3239} INFO - Sync 1 DAGs
[2024-10-18T23:52:48.454+0000] {logging_mixin.py:190} INFO - [2024-10-18T23:52:48.453+0000] {dag.py:4180} INFO - Setting next_dagrun for example_complex to None, run_after=None
[2024-10-18T23:52:48.488+0000] {processor.py:208} INFO - Processing /home/airflow/.local/lib/python3.12/site-packages/airflow/example_dags/example_complex.py took 0.150 seconds
[2024-10-18T23:53:22.254+0000] {processor.py:186} INFO - Started process (PID=2522) to work on /home/airflow/.local/lib/python3.12/site-packages/airflow/example_dags/example_complex.py
[2024-10-18T23:53:22.268+0000] {processor.py:914} INFO - Processing file /home/airflow/.local/lib/python3.12/site-packages/airflow/example_dags/example_complex.py for tasks to queue
[2024-10-18T23:53:22.281+0000] {logging_mixin.py:190} INFO - [2024-10-18T23:53:22.280+0000] {dagbag.py:588} INFO - Filling up the DagBag from /home/airflow/.local/lib/python3.12/site-packages/airflow/example_dags/example_complex.py
[2024-10-18T23:53:22.338+0000] {processor.py:925} INFO - DAG(s) 'example_complex' retrieved from /home/airflow/.local/lib/python3.12/site-packages/airflow/example_dags/example_complex.py
[2024-10-18T23:53:22.452+0000] {logging_mixin.py:190} INFO - [2024-10-18T23:53:22.452+0000] {dag.py:3239} INFO - Sync 1 DAGs
[2024-10-18T23:53:22.526+0000] {logging_mixin.py:190} INFO - [2024-10-18T23:53:22.525+0000] {dag.py:4180} INFO - Setting next_dagrun for example_complex to None, run_after=None
[2024-10-18T23:53:22.589+0000] {processor.py:208} INFO - Processing /home/airflow/.local/lib/python3.12/site-packages/airflow/example_dags/example_complex.py took 0.358 seconds
[2024-10-18T23:53:53.375+0000] {processor.py:186} INFO - Started process (PID=2584) to work on /home/airflow/.local/lib/python3.12/site-packages/airflow/example_dags/example_complex.py
[2024-10-18T23:53:53.386+0000] {processor.py:914} INFO - Processing file /home/airflow/.local/lib/python3.12/site-packages/airflow/example_dags/example_complex.py for tasks to queue
[2024-10-18T23:53:53.395+0000] {logging_mixin.py:190} INFO - [2024-10-18T23:53:53.394+0000] {dagbag.py:588} INFO - Filling up the DagBag from /home/airflow/.local/lib/python3.12/site-packages/airflow/example_dags/example_complex.py
[2024-10-18T23:53:53.412+0000] {processor.py:925} INFO - DAG(s) 'example_complex' retrieved from /home/airflow/.local/lib/python3.12/site-packages/airflow/example_dags/example_complex.py
[2024-10-18T23:53:53.454+0000] {logging_mixin.py:190} INFO - [2024-10-18T23:53:53.454+0000] {dag.py:3239} INFO - Sync 1 DAGs
[2024-10-18T23:53:53.474+0000] {logging_mixin.py:190} INFO - [2024-10-18T23:53:53.474+0000] {dag.py:4180} INFO - Setting next_dagrun for example_complex to None, run_after=None
[2024-10-18T23:53:53.503+0000] {processor.py:208} INFO - Processing /home/airflow/.local/lib/python3.12/site-packages/airflow/example_dags/example_complex.py took 0.142 seconds
[2024-10-18T23:54:23.730+0000] {processor.py:186} INFO - Started process (PID=2646) to work on /home/airflow/.local/lib/python3.12/site-packages/airflow/example_dags/example_complex.py
[2024-10-18T23:54:23.733+0000] {processor.py:914} INFO - Processing file /home/airflow/.local/lib/python3.12/site-packages/airflow/example_dags/example_complex.py for tasks to queue
[2024-10-18T23:54:23.740+0000] {logging_mixin.py:190} INFO - [2024-10-18T23:54:23.739+0000] {dagbag.py:588} INFO - Filling up the DagBag from /home/airflow/.local/lib/python3.12/site-packages/airflow/example_dags/example_complex.py
[2024-10-18T23:54:23.783+0000] {processor.py:925} INFO - DAG(s) 'example_complex' retrieved from /home/airflow/.local/lib/python3.12/site-packages/airflow/example_dags/example_complex.py
[2024-10-18T23:54:23.878+0000] {logging_mixin.py:190} INFO - [2024-10-18T23:54:23.877+0000] {dag.py:3239} INFO - Sync 1 DAGs
[2024-10-18T23:54:23.925+0000] {logging_mixin.py:190} INFO - [2024-10-18T23:54:23.925+0000] {dag.py:4180} INFO - Setting next_dagrun for example_complex to None, run_after=None
[2024-10-18T23:54:23.978+0000] {processor.py:208} INFO - Processing /home/airflow/.local/lib/python3.12/site-packages/airflow/example_dags/example_complex.py took 0.264 seconds
[2024-10-18T23:54:54.187+0000] {processor.py:186} INFO - Started process (PID=2709) to work on /home/airflow/.local/lib/python3.12/site-packages/airflow/example_dags/example_complex.py
[2024-10-18T23:54:54.190+0000] {processor.py:914} INFO - Processing file /home/airflow/.local/lib/python3.12/site-packages/airflow/example_dags/example_complex.py for tasks to queue
[2024-10-18T23:54:54.196+0000] {logging_mixin.py:190} INFO - [2024-10-18T23:54:54.195+0000] {dagbag.py:588} INFO - Filling up the DagBag from /home/airflow/.local/lib/python3.12/site-packages/airflow/example_dags/example_complex.py
[2024-10-18T23:54:54.258+0000] {processor.py:925} INFO - DAG(s) 'example_complex' retrieved from /home/airflow/.local/lib/python3.12/site-packages/airflow/example_dags/example_complex.py
[2024-10-18T23:54:54.382+0000] {logging_mixin.py:190} INFO - [2024-10-18T23:54:54.382+0000] {dag.py:3239} INFO - Sync 1 DAGs
[2024-10-18T23:54:54.640+0000] {logging_mixin.py:190} INFO - [2024-10-18T23:54:54.640+0000] {dag.py:4180} INFO - Setting next_dagrun for example_complex to None, run_after=None
[2024-10-18T23:54:54.788+0000] {processor.py:208} INFO - Processing /home/airflow/.local/lib/python3.12/site-packages/airflow/example_dags/example_complex.py took 0.619 seconds
[2024-10-18T23:56:54.124+0000] {processor.py:186} INFO - Started process (PID=2789) to work on /home/airflow/.local/lib/python3.12/site-packages/airflow/example_dags/example_complex.py
[2024-10-18T23:56:54.153+0000] {processor.py:914} INFO - Processing file /home/airflow/.local/lib/python3.12/site-packages/airflow/example_dags/example_complex.py for tasks to queue
[2024-10-18T23:56:54.160+0000] {logging_mixin.py:190} INFO - [2024-10-18T23:56:54.159+0000] {dagbag.py:588} INFO - Filling up the DagBag from /home/airflow/.local/lib/python3.12/site-packages/airflow/example_dags/example_complex.py
[2024-10-18T23:56:54.208+0000] {processor.py:925} INFO - DAG(s) 'example_complex' retrieved from /home/airflow/.local/lib/python3.12/site-packages/airflow/example_dags/example_complex.py
[2024-10-18T23:56:54.351+0000] {logging_mixin.py:190} INFO - [2024-10-18T23:56:54.351+0000] {dag.py:3239} INFO - Sync 1 DAGs
[2024-10-18T23:56:54.395+0000] {logging_mixin.py:190} INFO - [2024-10-18T23:56:54.395+0000] {dag.py:4180} INFO - Setting next_dagrun for example_complex to None, run_after=None
[2024-10-18T23:56:54.451+0000] {processor.py:208} INFO - Processing /home/airflow/.local/lib/python3.12/site-packages/airflow/example_dags/example_complex.py took 0.352 seconds
[2024-10-18T23:57:25.233+0000] {processor.py:186} INFO - Started process (PID=2851) to work on /home/airflow/.local/lib/python3.12/site-packages/airflow/example_dags/example_complex.py
[2024-10-18T23:57:25.236+0000] {processor.py:914} INFO - Processing file /home/airflow/.local/lib/python3.12/site-packages/airflow/example_dags/example_complex.py for tasks to queue
[2024-10-18T23:57:25.239+0000] {logging_mixin.py:190} INFO - [2024-10-18T23:57:25.239+0000] {dagbag.py:588} INFO - Filling up the DagBag from /home/airflow/.local/lib/python3.12/site-packages/airflow/example_dags/example_complex.py
[2024-10-18T23:57:25.260+0000] {processor.py:925} INFO - DAG(s) 'example_complex' retrieved from /home/airflow/.local/lib/python3.12/site-packages/airflow/example_dags/example_complex.py
[2024-10-18T23:57:25.363+0000] {logging_mixin.py:190} INFO - [2024-10-18T23:57:25.362+0000] {dag.py:3239} INFO - Sync 1 DAGs
[2024-10-18T23:57:25.594+0000] {logging_mixin.py:190} INFO - [2024-10-18T23:57:25.594+0000] {dag.py:4180} INFO - Setting next_dagrun for example_complex to None, run_after=None
[2024-10-18T23:57:25.619+0000] {processor.py:208} INFO - Processing /home/airflow/.local/lib/python3.12/site-packages/airflow/example_dags/example_complex.py took 0.395 seconds
[2024-10-18T23:57:56.033+0000] {processor.py:186} INFO - Started process (PID=2913) to work on /home/airflow/.local/lib/python3.12/site-packages/airflow/example_dags/example_complex.py
[2024-10-18T23:57:56.035+0000] {processor.py:914} INFO - Processing file /home/airflow/.local/lib/python3.12/site-packages/airflow/example_dags/example_complex.py for tasks to queue
[2024-10-18T23:57:56.037+0000] {logging_mixin.py:190} INFO - [2024-10-18T23:57:56.037+0000] {dagbag.py:588} INFO - Filling up the DagBag from /home/airflow/.local/lib/python3.12/site-packages/airflow/example_dags/example_complex.py
[2024-10-18T23:57:56.052+0000] {processor.py:925} INFO - DAG(s) 'example_complex' retrieved from /home/airflow/.local/lib/python3.12/site-packages/airflow/example_dags/example_complex.py
[2024-10-18T23:57:56.081+0000] {logging_mixin.py:190} INFO - [2024-10-18T23:57:56.081+0000] {dag.py:3239} INFO - Sync 1 DAGs
[2024-10-18T23:57:56.095+0000] {logging_mixin.py:190} INFO - [2024-10-18T23:57:56.095+0000] {dag.py:4180} INFO - Setting next_dagrun for example_complex to None, run_after=None
[2024-10-18T23:57:56.283+0000] {processor.py:208} INFO - Processing /home/airflow/.local/lib/python3.12/site-packages/airflow/example_dags/example_complex.py took 0.255 seconds
[2024-10-18T23:58:26.479+0000] {processor.py:186} INFO - Started process (PID=2975) to work on /home/airflow/.local/lib/python3.12/site-packages/airflow/example_dags/example_complex.py
[2024-10-18T23:58:26.480+0000] {processor.py:914} INFO - Processing file /home/airflow/.local/lib/python3.12/site-packages/airflow/example_dags/example_complex.py for tasks to queue
[2024-10-18T23:58:26.482+0000] {logging_mixin.py:190} INFO - [2024-10-18T23:58:26.482+0000] {dagbag.py:588} INFO - Filling up the DagBag from /home/airflow/.local/lib/python3.12/site-packages/airflow/example_dags/example_complex.py
[2024-10-18T23:58:26.493+0000] {processor.py:925} INFO - DAG(s) 'example_complex' retrieved from /home/airflow/.local/lib/python3.12/site-packages/airflow/example_dags/example_complex.py
[2024-10-18T23:58:26.523+0000] {logging_mixin.py:190} INFO - [2024-10-18T23:58:26.523+0000] {dag.py:3239} INFO - Sync 1 DAGs
[2024-10-18T23:58:26.537+0000] {logging_mixin.py:190} INFO - [2024-10-18T23:58:26.537+0000] {dag.py:4180} INFO - Setting next_dagrun for example_complex to None, run_after=None
[2024-10-18T23:58:26.557+0000] {processor.py:208} INFO - Processing /home/airflow/.local/lib/python3.12/site-packages/airflow/example_dags/example_complex.py took 0.083 seconds
[2024-10-18T23:58:57.123+0000] {processor.py:186} INFO - Started process (PID=3037) to work on /home/airflow/.local/lib/python3.12/site-packages/airflow/example_dags/example_complex.py
[2024-10-18T23:58:57.124+0000] {processor.py:914} INFO - Processing file /home/airflow/.local/lib/python3.12/site-packages/airflow/example_dags/example_complex.py for tasks to queue
[2024-10-18T23:58:57.127+0000] {logging_mixin.py:190} INFO - [2024-10-18T23:58:57.127+0000] {dagbag.py:588} INFO - Filling up the DagBag from /home/airflow/.local/lib/python3.12/site-packages/airflow/example_dags/example_complex.py
[2024-10-18T23:58:57.139+0000] {processor.py:925} INFO - DAG(s) 'example_complex' retrieved from /home/airflow/.local/lib/python3.12/site-packages/airflow/example_dags/example_complex.py
[2024-10-18T23:58:57.170+0000] {logging_mixin.py:190} INFO - [2024-10-18T23:58:57.170+0000] {dag.py:3239} INFO - Sync 1 DAGs
[2024-10-18T23:58:57.185+0000] {logging_mixin.py:190} INFO - [2024-10-18T23:58:57.184+0000] {dag.py:4180} INFO - Setting next_dagrun for example_complex to None, run_after=None
[2024-10-18T23:58:57.207+0000] {processor.py:208} INFO - Processing /home/airflow/.local/lib/python3.12/site-packages/airflow/example_dags/example_complex.py took 0.089 seconds
[2024-10-18T23:59:27.667+0000] {processor.py:186} INFO - Started process (PID=3098) to work on /home/airflow/.local/lib/python3.12/site-packages/airflow/example_dags/example_complex.py
[2024-10-18T23:59:27.668+0000] {processor.py:914} INFO - Processing file /home/airflow/.local/lib/python3.12/site-packages/airflow/example_dags/example_complex.py for tasks to queue
[2024-10-18T23:59:27.671+0000] {logging_mixin.py:190} INFO - [2024-10-18T23:59:27.670+0000] {dagbag.py:588} INFO - Filling up the DagBag from /home/airflow/.local/lib/python3.12/site-packages/airflow/example_dags/example_complex.py
[2024-10-18T23:59:27.681+0000] {processor.py:925} INFO - DAG(s) 'example_complex' retrieved from /home/airflow/.local/lib/python3.12/site-packages/airflow/example_dags/example_complex.py
[2024-10-18T23:59:27.873+0000] {logging_mixin.py:190} INFO - [2024-10-18T23:59:27.873+0000] {dag.py:3239} INFO - Sync 1 DAGs
[2024-10-18T23:59:27.885+0000] {logging_mixin.py:190} INFO - [2024-10-18T23:59:27.885+0000] {dag.py:4180} INFO - Setting next_dagrun for example_complex to None, run_after=None
[2024-10-18T23:59:27.903+0000] {processor.py:208} INFO - Processing /home/airflow/.local/lib/python3.12/site-packages/airflow/example_dags/example_complex.py took 0.241 seconds
[2024-10-18T23:59:58.454+0000] {processor.py:186} INFO - Started process (PID=3160) to work on /home/airflow/.local/lib/python3.12/site-packages/airflow/example_dags/example_complex.py
[2024-10-18T23:59:58.456+0000] {processor.py:914} INFO - Processing file /home/airflow/.local/lib/python3.12/site-packages/airflow/example_dags/example_complex.py for tasks to queue
[2024-10-18T23:59:58.460+0000] {logging_mixin.py:190} INFO - [2024-10-18T23:59:58.459+0000] {dagbag.py:588} INFO - Filling up the DagBag from /home/airflow/.local/lib/python3.12/site-packages/airflow/example_dags/example_complex.py
[2024-10-18T23:59:58.483+0000] {processor.py:925} INFO - DAG(s) 'example_complex' retrieved from /home/airflow/.local/lib/python3.12/site-packages/airflow/example_dags/example_complex.py
[2024-10-18T23:59:58.546+0000] {logging_mixin.py:190} INFO - [2024-10-18T23:59:58.545+0000] {dag.py:3239} INFO - Sync 1 DAGs
[2024-10-18T23:59:58.577+0000] {logging_mixin.py:190} INFO - [2024-10-18T23:59:58.577+0000] {dag.py:4180} INFO - Setting next_dagrun for example_complex to None, run_after=None
[2024-10-18T23:59:58.619+0000] {processor.py:208} INFO - Processing /home/airflow/.local/lib/python3.12/site-packages/airflow/example_dags/example_complex.py took 0.173 seconds
