[2024-10-18T23:32:58.235+0000] {processor.py:186} INFO - Started process (PID=84) to work on /home/airflow/.local/lib/python3.12/site-packages/airflow/example_dags/example_nested_branch_dag.py
[2024-10-18T23:32:58.310+0000] {processor.py:914} INFO - Processing file /home/airflow/.local/lib/python3.12/site-packages/airflow/example_dags/example_nested_branch_dag.py for tasks to queue
[2024-10-18T23:32:58.334+0000] {logging_mixin.py:190} INFO - [2024-10-18T23:32:58.332+0000] {dagbag.py:588} INFO - Filling up the DagBag from /home/airflow/.local/lib/python3.12/site-packages/airflow/example_dags/example_nested_branch_dag.py
[2024-10-18T23:32:58.677+0000] {processor.py:925} INFO - DAG(s) 'example_nested_branch_dag' retrieved from /home/airflow/.local/lib/python3.12/site-packages/airflow/example_dags/example_nested_branch_dag.py
[2024-10-18T23:33:00.014+0000] {logging_mixin.py:190} INFO - [2024-10-18T23:33:00.011+0000] {override.py:1900} INFO - Created Permission View: can read on DAG:example_nested_branch_dag
[2024-10-18T23:33:00.054+0000] {logging_mixin.py:190} INFO - [2024-10-18T23:33:00.054+0000] {override.py:1900} INFO - Created Permission View: can edit on DAG:example_nested_branch_dag
[2024-10-18T23:33:00.080+0000] {logging_mixin.py:190} INFO - [2024-10-18T23:33:00.080+0000] {override.py:1900} INFO - Created Permission View: can delete on DAG:example_nested_branch_dag
[2024-10-18T23:33:00.104+0000] {logging_mixin.py:190} INFO - [2024-10-18T23:33:00.103+0000] {override.py:1900} INFO - Created Permission View: can read on DAG Run:example_nested_branch_dag
[2024-10-18T23:33:00.116+0000] {logging_mixin.py:190} INFO - [2024-10-18T23:33:00.115+0000] {override.py:1900} INFO - Created Permission View: can create on DAG Run:example_nested_branch_dag
[2024-10-18T23:33:00.129+0000] {logging_mixin.py:190} INFO - [2024-10-18T23:33:00.129+0000] {override.py:1900} INFO - Created Permission View: menu access on DAG Run:example_nested_branch_dag
[2024-10-18T23:33:00.221+0000] {logging_mixin.py:190} INFO - [2024-10-18T23:33:00.221+0000] {override.py:1900} INFO - Created Permission View: can delete on DAG Run:example_nested_branch_dag
[2024-10-18T23:33:00.227+0000] {logging_mixin.py:190} INFO - [2024-10-18T23:33:00.227+0000] {dag.py:3239} INFO - Sync 1 DAGs
[2024-10-18T23:33:00.347+0000] {logging_mixin.py:190} INFO - [2024-10-18T23:33:00.347+0000] {dag.py:3262} INFO - Creating ORM DAG for example_nested_branch_dag
[2024-10-18T23:33:00.621+0000] {logging_mixin.py:190} INFO - [2024-10-18T23:33:00.620+0000] {dag.py:4180} INFO - Setting next_dagrun for example_nested_branch_dag to 2024-10-17 00:00:00+00:00, run_after=2024-10-18 00:00:00+00:00
[2024-10-18T23:33:00.737+0000] {processor.py:208} INFO - Processing /home/airflow/.local/lib/python3.12/site-packages/airflow/example_dags/example_nested_branch_dag.py took 2.514 seconds
[2024-10-18T23:33:34.083+0000] {processor.py:186} INFO - Started process (PID=146) to work on /home/airflow/.local/lib/python3.12/site-packages/airflow/example_dags/example_nested_branch_dag.py
[2024-10-18T23:33:34.086+0000] {processor.py:914} INFO - Processing file /home/airflow/.local/lib/python3.12/site-packages/airflow/example_dags/example_nested_branch_dag.py for tasks to queue
[2024-10-18T23:33:34.092+0000] {logging_mixin.py:190} INFO - [2024-10-18T23:33:34.090+0000] {dagbag.py:588} INFO - Filling up the DagBag from /home/airflow/.local/lib/python3.12/site-packages/airflow/example_dags/example_nested_branch_dag.py
[2024-10-18T23:33:34.120+0000] {processor.py:925} INFO - DAG(s) 'example_nested_branch_dag' retrieved from /home/airflow/.local/lib/python3.12/site-packages/airflow/example_dags/example_nested_branch_dag.py
[2024-10-18T23:33:34.167+0000] {logging_mixin.py:190} INFO - [2024-10-18T23:33:34.167+0000] {dag.py:3239} INFO - Sync 1 DAGs
[2024-10-18T23:33:34.224+0000] {logging_mixin.py:190} INFO - [2024-10-18T23:33:34.223+0000] {dag.py:4180} INFO - Setting next_dagrun for example_nested_branch_dag to 2024-10-17 00:00:00+00:00, run_after=2024-10-18 00:00:00+00:00
[2024-10-18T23:33:34.263+0000] {processor.py:208} INFO - Processing /home/airflow/.local/lib/python3.12/site-packages/airflow/example_dags/example_nested_branch_dag.py took 0.200 seconds
[2024-10-18T23:34:04.380+0000] {processor.py:186} INFO - Started process (PID=208) to work on /home/airflow/.local/lib/python3.12/site-packages/airflow/example_dags/example_nested_branch_dag.py
[2024-10-18T23:34:04.382+0000] {processor.py:914} INFO - Processing file /home/airflow/.local/lib/python3.12/site-packages/airflow/example_dags/example_nested_branch_dag.py for tasks to queue
[2024-10-18T23:34:04.386+0000] {logging_mixin.py:190} INFO - [2024-10-18T23:34:04.385+0000] {dagbag.py:588} INFO - Filling up the DagBag from /home/airflow/.local/lib/python3.12/site-packages/airflow/example_dags/example_nested_branch_dag.py
[2024-10-18T23:34:04.402+0000] {processor.py:925} INFO - DAG(s) 'example_nested_branch_dag' retrieved from /home/airflow/.local/lib/python3.12/site-packages/airflow/example_dags/example_nested_branch_dag.py
[2024-10-18T23:34:04.433+0000] {logging_mixin.py:190} INFO - [2024-10-18T23:34:04.433+0000] {dag.py:3239} INFO - Sync 1 DAGs
[2024-10-18T23:34:04.469+0000] {logging_mixin.py:190} INFO - [2024-10-18T23:34:04.469+0000] {dag.py:4180} INFO - Setting next_dagrun for example_nested_branch_dag to 2024-10-17 00:00:00+00:00, run_after=2024-10-18 00:00:00+00:00
[2024-10-18T23:34:04.498+0000] {processor.py:208} INFO - Processing /home/airflow/.local/lib/python3.12/site-packages/airflow/example_dags/example_nested_branch_dag.py took 0.126 seconds
[2024-10-18T23:34:34.558+0000] {processor.py:186} INFO - Started process (PID=270) to work on /home/airflow/.local/lib/python3.12/site-packages/airflow/example_dags/example_nested_branch_dag.py
[2024-10-18T23:34:34.559+0000] {processor.py:914} INFO - Processing file /home/airflow/.local/lib/python3.12/site-packages/airflow/example_dags/example_nested_branch_dag.py for tasks to queue
[2024-10-18T23:34:34.562+0000] {logging_mixin.py:190} INFO - [2024-10-18T23:34:34.561+0000] {dagbag.py:588} INFO - Filling up the DagBag from /home/airflow/.local/lib/python3.12/site-packages/airflow/example_dags/example_nested_branch_dag.py
[2024-10-18T23:34:34.573+0000] {processor.py:925} INFO - DAG(s) 'example_nested_branch_dag' retrieved from /home/airflow/.local/lib/python3.12/site-packages/airflow/example_dags/example_nested_branch_dag.py
[2024-10-18T23:34:34.595+0000] {logging_mixin.py:190} INFO - [2024-10-18T23:34:34.595+0000] {dag.py:3239} INFO - Sync 1 DAGs
[2024-10-18T23:34:34.617+0000] {logging_mixin.py:190} INFO - [2024-10-18T23:34:34.617+0000] {dag.py:4180} INFO - Setting next_dagrun for example_nested_branch_dag to 2024-10-17 00:00:00+00:00, run_after=2024-10-18 00:00:00+00:00
[2024-10-18T23:34:34.637+0000] {processor.py:208} INFO - Processing /home/airflow/.local/lib/python3.12/site-packages/airflow/example_dags/example_nested_branch_dag.py took 0.085 seconds
[2024-10-18T23:35:05.474+0000] {processor.py:186} INFO - Started process (PID=332) to work on /home/airflow/.local/lib/python3.12/site-packages/airflow/example_dags/example_nested_branch_dag.py
[2024-10-18T23:35:05.478+0000] {processor.py:914} INFO - Processing file /home/airflow/.local/lib/python3.12/site-packages/airflow/example_dags/example_nested_branch_dag.py for tasks to queue
[2024-10-18T23:35:05.482+0000] {logging_mixin.py:190} INFO - [2024-10-18T23:35:05.481+0000] {dagbag.py:588} INFO - Filling up the DagBag from /home/airflow/.local/lib/python3.12/site-packages/airflow/example_dags/example_nested_branch_dag.py
[2024-10-18T23:35:05.510+0000] {processor.py:925} INFO - DAG(s) 'example_nested_branch_dag' retrieved from /home/airflow/.local/lib/python3.12/site-packages/airflow/example_dags/example_nested_branch_dag.py
[2024-10-18T23:35:05.552+0000] {logging_mixin.py:190} INFO - [2024-10-18T23:35:05.551+0000] {dag.py:3239} INFO - Sync 1 DAGs
[2024-10-18T23:35:05.601+0000] {logging_mixin.py:190} INFO - [2024-10-18T23:35:05.600+0000] {dag.py:4180} INFO - Setting next_dagrun for example_nested_branch_dag to 2024-10-17 00:00:00+00:00, run_after=2024-10-18 00:00:00+00:00
[2024-10-18T23:35:05.632+0000] {processor.py:208} INFO - Processing /home/airflow/.local/lib/python3.12/site-packages/airflow/example_dags/example_nested_branch_dag.py took 0.169 seconds
[2024-10-18T23:35:35.810+0000] {processor.py:186} INFO - Started process (PID=394) to work on /home/airflow/.local/lib/python3.12/site-packages/airflow/example_dags/example_nested_branch_dag.py
[2024-10-18T23:35:35.812+0000] {processor.py:914} INFO - Processing file /home/airflow/.local/lib/python3.12/site-packages/airflow/example_dags/example_nested_branch_dag.py for tasks to queue
[2024-10-18T23:35:35.815+0000] {logging_mixin.py:190} INFO - [2024-10-18T23:35:35.814+0000] {dagbag.py:588} INFO - Filling up the DagBag from /home/airflow/.local/lib/python3.12/site-packages/airflow/example_dags/example_nested_branch_dag.py
[2024-10-18T23:35:35.827+0000] {processor.py:925} INFO - DAG(s) 'example_nested_branch_dag' retrieved from /home/airflow/.local/lib/python3.12/site-packages/airflow/example_dags/example_nested_branch_dag.py
[2024-10-18T23:35:35.846+0000] {logging_mixin.py:190} INFO - [2024-10-18T23:35:35.845+0000] {dag.py:3239} INFO - Sync 1 DAGs
[2024-10-18T23:35:35.867+0000] {logging_mixin.py:190} INFO - [2024-10-18T23:35:35.867+0000] {dag.py:4180} INFO - Setting next_dagrun for example_nested_branch_dag to 2024-10-17 00:00:00+00:00, run_after=2024-10-18 00:00:00+00:00
[2024-10-18T23:35:35.896+0000] {processor.py:208} INFO - Processing /home/airflow/.local/lib/python3.12/site-packages/airflow/example_dags/example_nested_branch_dag.py took 0.094 seconds
[2024-10-18T23:36:07.006+0000] {processor.py:186} INFO - Started process (PID=462) to work on /home/airflow/.local/lib/python3.12/site-packages/airflow/example_dags/example_nested_branch_dag.py
[2024-10-18T23:36:07.008+0000] {processor.py:914} INFO - Processing file /home/airflow/.local/lib/python3.12/site-packages/airflow/example_dags/example_nested_branch_dag.py for tasks to queue
[2024-10-18T23:36:07.012+0000] {logging_mixin.py:190} INFO - [2024-10-18T23:36:07.011+0000] {dagbag.py:588} INFO - Filling up the DagBag from /home/airflow/.local/lib/python3.12/site-packages/airflow/example_dags/example_nested_branch_dag.py
[2024-10-18T23:36:07.033+0000] {processor.py:925} INFO - DAG(s) 'example_nested_branch_dag' retrieved from /home/airflow/.local/lib/python3.12/site-packages/airflow/example_dags/example_nested_branch_dag.py
[2024-10-18T23:36:07.295+0000] {logging_mixin.py:190} INFO - [2024-10-18T23:36:07.295+0000] {dag.py:3239} INFO - Sync 1 DAGs
[2024-10-18T23:36:07.388+0000] {logging_mixin.py:190} INFO - [2024-10-18T23:36:07.388+0000] {dag.py:4180} INFO - Setting next_dagrun for example_nested_branch_dag to 2024-10-17 00:00:00+00:00, run_after=2024-10-18 00:00:00+00:00
[2024-10-18T23:36:07.422+0000] {processor.py:208} INFO - Processing /home/airflow/.local/lib/python3.12/site-packages/airflow/example_dags/example_nested_branch_dag.py took 0.431 seconds
[2024-10-18T23:36:37.741+0000] {processor.py:186} INFO - Started process (PID=524) to work on /home/airflow/.local/lib/python3.12/site-packages/airflow/example_dags/example_nested_branch_dag.py
[2024-10-18T23:36:37.743+0000] {processor.py:914} INFO - Processing file /home/airflow/.local/lib/python3.12/site-packages/airflow/example_dags/example_nested_branch_dag.py for tasks to queue
[2024-10-18T23:36:37.746+0000] {logging_mixin.py:190} INFO - [2024-10-18T23:36:37.746+0000] {dagbag.py:588} INFO - Filling up the DagBag from /home/airflow/.local/lib/python3.12/site-packages/airflow/example_dags/example_nested_branch_dag.py
[2024-10-18T23:36:37.761+0000] {processor.py:925} INFO - DAG(s) 'example_nested_branch_dag' retrieved from /home/airflow/.local/lib/python3.12/site-packages/airflow/example_dags/example_nested_branch_dag.py
[2024-10-18T23:36:37.789+0000] {logging_mixin.py:190} INFO - [2024-10-18T23:36:37.789+0000] {dag.py:3239} INFO - Sync 1 DAGs
[2024-10-18T23:36:37.823+0000] {logging_mixin.py:190} INFO - [2024-10-18T23:36:37.823+0000] {dag.py:4180} INFO - Setting next_dagrun for example_nested_branch_dag to 2024-10-17 00:00:00+00:00, run_after=2024-10-18 00:00:00+00:00
[2024-10-18T23:36:37.857+0000] {processor.py:208} INFO - Processing /home/airflow/.local/lib/python3.12/site-packages/airflow/example_dags/example_nested_branch_dag.py took 0.123 seconds
[2024-10-18T23:37:08.800+0000] {processor.py:186} INFO - Started process (PID=586) to work on /home/airflow/.local/lib/python3.12/site-packages/airflow/example_dags/example_nested_branch_dag.py
[2024-10-18T23:37:08.802+0000] {processor.py:914} INFO - Processing file /home/airflow/.local/lib/python3.12/site-packages/airflow/example_dags/example_nested_branch_dag.py for tasks to queue
[2024-10-18T23:37:08.804+0000] {logging_mixin.py:190} INFO - [2024-10-18T23:37:08.804+0000] {dagbag.py:588} INFO - Filling up the DagBag from /home/airflow/.local/lib/python3.12/site-packages/airflow/example_dags/example_nested_branch_dag.py
[2024-10-18T23:37:08.814+0000] {processor.py:925} INFO - DAG(s) 'example_nested_branch_dag' retrieved from /home/airflow/.local/lib/python3.12/site-packages/airflow/example_dags/example_nested_branch_dag.py
[2024-10-18T23:37:08.834+0000] {logging_mixin.py:190} INFO - [2024-10-18T23:37:08.834+0000] {dag.py:3239} INFO - Sync 1 DAGs
[2024-10-18T23:37:08.856+0000] {logging_mixin.py:190} INFO - [2024-10-18T23:37:08.855+0000] {dag.py:4180} INFO - Setting next_dagrun for example_nested_branch_dag to 2024-10-17 00:00:00+00:00, run_after=2024-10-18 00:00:00+00:00
[2024-10-18T23:37:08.889+0000] {processor.py:208} INFO - Processing /home/airflow/.local/lib/python3.12/site-packages/airflow/example_dags/example_nested_branch_dag.py took 0.094 seconds
[2024-10-18T23:37:39.105+0000] {processor.py:186} INFO - Started process (PID=648) to work on /home/airflow/.local/lib/python3.12/site-packages/airflow/example_dags/example_nested_branch_dag.py
[2024-10-18T23:37:39.107+0000] {processor.py:914} INFO - Processing file /home/airflow/.local/lib/python3.12/site-packages/airflow/example_dags/example_nested_branch_dag.py for tasks to queue
[2024-10-18T23:37:39.110+0000] {logging_mixin.py:190} INFO - [2024-10-18T23:37:39.109+0000] {dagbag.py:588} INFO - Filling up the DagBag from /home/airflow/.local/lib/python3.12/site-packages/airflow/example_dags/example_nested_branch_dag.py
[2024-10-18T23:37:39.126+0000] {processor.py:925} INFO - DAG(s) 'example_nested_branch_dag' retrieved from /home/airflow/.local/lib/python3.12/site-packages/airflow/example_dags/example_nested_branch_dag.py
[2024-10-18T23:37:39.161+0000] {logging_mixin.py:190} INFO - [2024-10-18T23:37:39.160+0000] {dag.py:3239} INFO - Sync 1 DAGs
[2024-10-18T23:37:39.193+0000] {logging_mixin.py:190} INFO - [2024-10-18T23:37:39.193+0000] {dag.py:4180} INFO - Setting next_dagrun for example_nested_branch_dag to 2024-10-17 00:00:00+00:00, run_after=2024-10-18 00:00:00+00:00
[2024-10-18T23:37:39.229+0000] {processor.py:208} INFO - Processing /home/airflow/.local/lib/python3.12/site-packages/airflow/example_dags/example_nested_branch_dag.py took 0.132 seconds
[2024-10-18T23:38:09.314+0000] {processor.py:186} INFO - Started process (PID=710) to work on /home/airflow/.local/lib/python3.12/site-packages/airflow/example_dags/example_nested_branch_dag.py
[2024-10-18T23:38:09.315+0000] {processor.py:914} INFO - Processing file /home/airflow/.local/lib/python3.12/site-packages/airflow/example_dags/example_nested_branch_dag.py for tasks to queue
[2024-10-18T23:38:09.318+0000] {logging_mixin.py:190} INFO - [2024-10-18T23:38:09.317+0000] {dagbag.py:588} INFO - Filling up the DagBag from /home/airflow/.local/lib/python3.12/site-packages/airflow/example_dags/example_nested_branch_dag.py
[2024-10-18T23:38:09.328+0000] {processor.py:925} INFO - DAG(s) 'example_nested_branch_dag' retrieved from /home/airflow/.local/lib/python3.12/site-packages/airflow/example_dags/example_nested_branch_dag.py
[2024-10-18T23:38:09.349+0000] {logging_mixin.py:190} INFO - [2024-10-18T23:38:09.349+0000] {dag.py:3239} INFO - Sync 1 DAGs
[2024-10-18T23:38:09.377+0000] {logging_mixin.py:190} INFO - [2024-10-18T23:38:09.376+0000] {dag.py:4180} INFO - Setting next_dagrun for example_nested_branch_dag to 2024-10-17 00:00:00+00:00, run_after=2024-10-18 00:00:00+00:00
[2024-10-18T23:38:09.395+0000] {processor.py:208} INFO - Processing /home/airflow/.local/lib/python3.12/site-packages/airflow/example_dags/example_nested_branch_dag.py took 0.085 seconds
[2024-10-18T23:38:39.751+0000] {processor.py:186} INFO - Started process (PID=769) to work on /home/airflow/.local/lib/python3.12/site-packages/airflow/example_dags/example_nested_branch_dag.py
[2024-10-18T23:38:39.752+0000] {processor.py:914} INFO - Processing file /home/airflow/.local/lib/python3.12/site-packages/airflow/example_dags/example_nested_branch_dag.py for tasks to queue
[2024-10-18T23:38:39.755+0000] {logging_mixin.py:190} INFO - [2024-10-18T23:38:39.755+0000] {dagbag.py:588} INFO - Filling up the DagBag from /home/airflow/.local/lib/python3.12/site-packages/airflow/example_dags/example_nested_branch_dag.py
[2024-10-18T23:38:39.781+0000] {processor.py:925} INFO - DAG(s) 'example_nested_branch_dag' retrieved from /home/airflow/.local/lib/python3.12/site-packages/airflow/example_dags/example_nested_branch_dag.py
[2024-10-18T23:38:39.804+0000] {logging_mixin.py:190} INFO - [2024-10-18T23:38:39.804+0000] {dag.py:3239} INFO - Sync 1 DAGs
[2024-10-18T23:38:39.827+0000] {logging_mixin.py:190} INFO - [2024-10-18T23:38:39.827+0000] {dag.py:4180} INFO - Setting next_dagrun for example_nested_branch_dag to 2024-10-17 00:00:00+00:00, run_after=2024-10-18 00:00:00+00:00
[2024-10-18T23:38:39.845+0000] {processor.py:208} INFO - Processing /home/airflow/.local/lib/python3.12/site-packages/airflow/example_dags/example_nested_branch_dag.py took 0.107 seconds
[2024-10-18T23:39:10.509+0000] {processor.py:186} INFO - Started process (PID=830) to work on /home/airflow/.local/lib/python3.12/site-packages/airflow/example_dags/example_nested_branch_dag.py
[2024-10-18T23:39:10.510+0000] {processor.py:914} INFO - Processing file /home/airflow/.local/lib/python3.12/site-packages/airflow/example_dags/example_nested_branch_dag.py for tasks to queue
[2024-10-18T23:39:10.513+0000] {logging_mixin.py:190} INFO - [2024-10-18T23:39:10.512+0000] {dagbag.py:588} INFO - Filling up the DagBag from /home/airflow/.local/lib/python3.12/site-packages/airflow/example_dags/example_nested_branch_dag.py
[2024-10-18T23:39:10.525+0000] {processor.py:925} INFO - DAG(s) 'example_nested_branch_dag' retrieved from /home/airflow/.local/lib/python3.12/site-packages/airflow/example_dags/example_nested_branch_dag.py
[2024-10-18T23:39:10.545+0000] {logging_mixin.py:190} INFO - [2024-10-18T23:39:10.545+0000] {dag.py:3239} INFO - Sync 1 DAGs
[2024-10-18T23:39:10.568+0000] {logging_mixin.py:190} INFO - [2024-10-18T23:39:10.568+0000] {dag.py:4180} INFO - Setting next_dagrun for example_nested_branch_dag to 2024-10-17 00:00:00+00:00, run_after=2024-10-18 00:00:00+00:00
[2024-10-18T23:39:10.587+0000] {processor.py:208} INFO - Processing /home/airflow/.local/lib/python3.12/site-packages/airflow/example_dags/example_nested_branch_dag.py took 0.083 seconds
[2024-10-18T23:39:41.351+0000] {processor.py:186} INFO - Started process (PID=892) to work on /home/airflow/.local/lib/python3.12/site-packages/airflow/example_dags/example_nested_branch_dag.py
[2024-10-18T23:39:41.353+0000] {processor.py:914} INFO - Processing file /home/airflow/.local/lib/python3.12/site-packages/airflow/example_dags/example_nested_branch_dag.py for tasks to queue
[2024-10-18T23:39:41.355+0000] {logging_mixin.py:190} INFO - [2024-10-18T23:39:41.355+0000] {dagbag.py:588} INFO - Filling up the DagBag from /home/airflow/.local/lib/python3.12/site-packages/airflow/example_dags/example_nested_branch_dag.py
[2024-10-18T23:39:41.367+0000] {processor.py:925} INFO - DAG(s) 'example_nested_branch_dag' retrieved from /home/airflow/.local/lib/python3.12/site-packages/airflow/example_dags/example_nested_branch_dag.py
[2024-10-18T23:39:41.393+0000] {logging_mixin.py:190} INFO - [2024-10-18T23:39:41.392+0000] {dag.py:3239} INFO - Sync 1 DAGs
[2024-10-18T23:39:41.420+0000] {logging_mixin.py:190} INFO - [2024-10-18T23:39:41.420+0000] {dag.py:4180} INFO - Setting next_dagrun for example_nested_branch_dag to 2024-10-17 00:00:00+00:00, run_after=2024-10-18 00:00:00+00:00
[2024-10-18T23:39:41.446+0000] {processor.py:208} INFO - Processing /home/airflow/.local/lib/python3.12/site-packages/airflow/example_dags/example_nested_branch_dag.py took 0.101 seconds
[2024-10-18T23:40:11.917+0000] {processor.py:186} INFO - Started process (PID=954) to work on /home/airflow/.local/lib/python3.12/site-packages/airflow/example_dags/example_nested_branch_dag.py
[2024-10-18T23:40:11.919+0000] {processor.py:914} INFO - Processing file /home/airflow/.local/lib/python3.12/site-packages/airflow/example_dags/example_nested_branch_dag.py for tasks to queue
[2024-10-18T23:40:11.923+0000] {logging_mixin.py:190} INFO - [2024-10-18T23:40:11.923+0000] {dagbag.py:588} INFO - Filling up the DagBag from /home/airflow/.local/lib/python3.12/site-packages/airflow/example_dags/example_nested_branch_dag.py
[2024-10-18T23:40:11.943+0000] {processor.py:925} INFO - DAG(s) 'example_nested_branch_dag' retrieved from /home/airflow/.local/lib/python3.12/site-packages/airflow/example_dags/example_nested_branch_dag.py
[2024-10-18T23:40:11.979+0000] {logging_mixin.py:190} INFO - [2024-10-18T23:40:11.979+0000] {dag.py:3239} INFO - Sync 1 DAGs
[2024-10-18T23:40:12.023+0000] {logging_mixin.py:190} INFO - [2024-10-18T23:40:12.022+0000] {dag.py:4180} INFO - Setting next_dagrun for example_nested_branch_dag to 2024-10-17 00:00:00+00:00, run_after=2024-10-18 00:00:00+00:00
[2024-10-18T23:40:12.054+0000] {processor.py:208} INFO - Processing /home/airflow/.local/lib/python3.12/site-packages/airflow/example_dags/example_nested_branch_dag.py took 0.147 seconds
[2024-10-18T23:40:42.428+0000] {processor.py:186} INFO - Started process (PID=1016) to work on /home/airflow/.local/lib/python3.12/site-packages/airflow/example_dags/example_nested_branch_dag.py
[2024-10-18T23:40:42.430+0000] {processor.py:914} INFO - Processing file /home/airflow/.local/lib/python3.12/site-packages/airflow/example_dags/example_nested_branch_dag.py for tasks to queue
[2024-10-18T23:40:42.434+0000] {logging_mixin.py:190} INFO - [2024-10-18T23:40:42.433+0000] {dagbag.py:588} INFO - Filling up the DagBag from /home/airflow/.local/lib/python3.12/site-packages/airflow/example_dags/example_nested_branch_dag.py
[2024-10-18T23:40:42.450+0000] {processor.py:925} INFO - DAG(s) 'example_nested_branch_dag' retrieved from /home/airflow/.local/lib/python3.12/site-packages/airflow/example_dags/example_nested_branch_dag.py
[2024-10-18T23:40:42.481+0000] {logging_mixin.py:190} INFO - [2024-10-18T23:40:42.481+0000] {dag.py:3239} INFO - Sync 1 DAGs
[2024-10-18T23:40:42.520+0000] {logging_mixin.py:190} INFO - [2024-10-18T23:40:42.519+0000] {dag.py:4180} INFO - Setting next_dagrun for example_nested_branch_dag to 2024-10-17 00:00:00+00:00, run_after=2024-10-18 00:00:00+00:00
[2024-10-18T23:40:42.628+0000] {processor.py:208} INFO - Processing /home/airflow/.local/lib/python3.12/site-packages/airflow/example_dags/example_nested_branch_dag.py took 0.209 seconds
[2024-10-18T23:41:13.077+0000] {processor.py:186} INFO - Started process (PID=1078) to work on /home/airflow/.local/lib/python3.12/site-packages/airflow/example_dags/example_nested_branch_dag.py
[2024-10-18T23:41:13.079+0000] {processor.py:914} INFO - Processing file /home/airflow/.local/lib/python3.12/site-packages/airflow/example_dags/example_nested_branch_dag.py for tasks to queue
[2024-10-18T23:41:13.083+0000] {logging_mixin.py:190} INFO - [2024-10-18T23:41:13.083+0000] {dagbag.py:588} INFO - Filling up the DagBag from /home/airflow/.local/lib/python3.12/site-packages/airflow/example_dags/example_nested_branch_dag.py
[2024-10-18T23:41:13.105+0000] {processor.py:925} INFO - DAG(s) 'example_nested_branch_dag' retrieved from /home/airflow/.local/lib/python3.12/site-packages/airflow/example_dags/example_nested_branch_dag.py
[2024-10-18T23:41:13.142+0000] {logging_mixin.py:190} INFO - [2024-10-18T23:41:13.142+0000] {dag.py:3239} INFO - Sync 1 DAGs
[2024-10-18T23:41:13.190+0000] {logging_mixin.py:190} INFO - [2024-10-18T23:41:13.190+0000] {dag.py:4180} INFO - Setting next_dagrun for example_nested_branch_dag to 2024-10-17 00:00:00+00:00, run_after=2024-10-18 00:00:00+00:00
[2024-10-18T23:41:13.225+0000] {processor.py:208} INFO - Processing /home/airflow/.local/lib/python3.12/site-packages/airflow/example_dags/example_nested_branch_dag.py took 0.160 seconds
[2024-10-18T23:41:43.610+0000] {processor.py:186} INFO - Started process (PID=1140) to work on /home/airflow/.local/lib/python3.12/site-packages/airflow/example_dags/example_nested_branch_dag.py
[2024-10-18T23:41:43.618+0000] {processor.py:914} INFO - Processing file /home/airflow/.local/lib/python3.12/site-packages/airflow/example_dags/example_nested_branch_dag.py for tasks to queue
[2024-10-18T23:41:43.629+0000] {logging_mixin.py:190} INFO - [2024-10-18T23:41:43.628+0000] {dagbag.py:588} INFO - Filling up the DagBag from /home/airflow/.local/lib/python3.12/site-packages/airflow/example_dags/example_nested_branch_dag.py
[2024-10-18T23:41:43.653+0000] {processor.py:925} INFO - DAG(s) 'example_nested_branch_dag' retrieved from /home/airflow/.local/lib/python3.12/site-packages/airflow/example_dags/example_nested_branch_dag.py
[2024-10-18T23:41:43.732+0000] {logging_mixin.py:190} INFO - [2024-10-18T23:41:43.731+0000] {dag.py:3239} INFO - Sync 1 DAGs
[2024-10-18T23:41:43.792+0000] {logging_mixin.py:190} INFO - [2024-10-18T23:41:43.791+0000] {dag.py:4180} INFO - Setting next_dagrun for example_nested_branch_dag to 2024-10-17 00:00:00+00:00, run_after=2024-10-18 00:00:00+00:00
[2024-10-18T23:41:43.893+0000] {processor.py:208} INFO - Processing /home/airflow/.local/lib/python3.12/site-packages/airflow/example_dags/example_nested_branch_dag.py took 0.297 seconds
[2024-10-18T23:42:14.884+0000] {processor.py:186} INFO - Started process (PID=1202) to work on /home/airflow/.local/lib/python3.12/site-packages/airflow/example_dags/example_nested_branch_dag.py
[2024-10-18T23:42:14.885+0000] {processor.py:914} INFO - Processing file /home/airflow/.local/lib/python3.12/site-packages/airflow/example_dags/example_nested_branch_dag.py for tasks to queue
[2024-10-18T23:42:14.889+0000] {logging_mixin.py:190} INFO - [2024-10-18T23:42:14.888+0000] {dagbag.py:588} INFO - Filling up the DagBag from /home/airflow/.local/lib/python3.12/site-packages/airflow/example_dags/example_nested_branch_dag.py
[2024-10-18T23:42:14.904+0000] {processor.py:925} INFO - DAG(s) 'example_nested_branch_dag' retrieved from /home/airflow/.local/lib/python3.12/site-packages/airflow/example_dags/example_nested_branch_dag.py
[2024-10-18T23:42:14.926+0000] {logging_mixin.py:190} INFO - [2024-10-18T23:42:14.926+0000] {dag.py:3239} INFO - Sync 1 DAGs
[2024-10-18T23:42:14.957+0000] {logging_mixin.py:190} INFO - [2024-10-18T23:42:14.957+0000] {dag.py:4180} INFO - Setting next_dagrun for example_nested_branch_dag to 2024-10-17 00:00:00+00:00, run_after=2024-10-18 00:00:00+00:00
[2024-10-18T23:42:14.997+0000] {processor.py:208} INFO - Processing /home/airflow/.local/lib/python3.12/site-packages/airflow/example_dags/example_nested_branch_dag.py took 0.121 seconds
[2024-10-18T23:42:45.639+0000] {processor.py:186} INFO - Started process (PID=1264) to work on /home/airflow/.local/lib/python3.12/site-packages/airflow/example_dags/example_nested_branch_dag.py
[2024-10-18T23:42:45.641+0000] {processor.py:914} INFO - Processing file /home/airflow/.local/lib/python3.12/site-packages/airflow/example_dags/example_nested_branch_dag.py for tasks to queue
[2024-10-18T23:42:45.647+0000] {logging_mixin.py:190} INFO - [2024-10-18T23:42:45.647+0000] {dagbag.py:588} INFO - Filling up the DagBag from /home/airflow/.local/lib/python3.12/site-packages/airflow/example_dags/example_nested_branch_dag.py
[2024-10-18T23:42:45.679+0000] {processor.py:925} INFO - DAG(s) 'example_nested_branch_dag' retrieved from /home/airflow/.local/lib/python3.12/site-packages/airflow/example_dags/example_nested_branch_dag.py
[2024-10-18T23:42:45.739+0000] {logging_mixin.py:190} INFO - [2024-10-18T23:42:45.738+0000] {dag.py:3239} INFO - Sync 1 DAGs
[2024-10-18T23:42:45.820+0000] {logging_mixin.py:190} INFO - [2024-10-18T23:42:45.819+0000] {dag.py:4180} INFO - Setting next_dagrun for example_nested_branch_dag to 2024-10-17 00:00:00+00:00, run_after=2024-10-18 00:00:00+00:00
[2024-10-18T23:42:45.877+0000] {processor.py:208} INFO - Processing /home/airflow/.local/lib/python3.12/site-packages/airflow/example_dags/example_nested_branch_dag.py took 0.252 seconds
[2024-10-18T23:43:16.880+0000] {processor.py:186} INFO - Started process (PID=1325) to work on /home/airflow/.local/lib/python3.12/site-packages/airflow/example_dags/example_nested_branch_dag.py
[2024-10-18T23:43:16.883+0000] {processor.py:914} INFO - Processing file /home/airflow/.local/lib/python3.12/site-packages/airflow/example_dags/example_nested_branch_dag.py for tasks to queue
[2024-10-18T23:43:16.888+0000] {logging_mixin.py:190} INFO - [2024-10-18T23:43:16.887+0000] {dagbag.py:588} INFO - Filling up the DagBag from /home/airflow/.local/lib/python3.12/site-packages/airflow/example_dags/example_nested_branch_dag.py
[2024-10-18T23:43:16.906+0000] {processor.py:925} INFO - DAG(s) 'example_nested_branch_dag' retrieved from /home/airflow/.local/lib/python3.12/site-packages/airflow/example_dags/example_nested_branch_dag.py
[2024-10-18T23:43:16.938+0000] {logging_mixin.py:190} INFO - [2024-10-18T23:43:16.938+0000] {dag.py:3239} INFO - Sync 1 DAGs
[2024-10-18T23:43:16.978+0000] {logging_mixin.py:190} INFO - [2024-10-18T23:43:16.978+0000] {dag.py:4180} INFO - Setting next_dagrun for example_nested_branch_dag to 2024-10-17 00:00:00+00:00, run_after=2024-10-18 00:00:00+00:00
[2024-10-18T23:43:17.007+0000] {processor.py:208} INFO - Processing /home/airflow/.local/lib/python3.12/site-packages/airflow/example_dags/example_nested_branch_dag.py took 0.137 seconds
[2024-10-18T23:43:47.547+0000] {processor.py:186} INFO - Started process (PID=1387) to work on /home/airflow/.local/lib/python3.12/site-packages/airflow/example_dags/example_nested_branch_dag.py
[2024-10-18T23:43:47.549+0000] {processor.py:914} INFO - Processing file /home/airflow/.local/lib/python3.12/site-packages/airflow/example_dags/example_nested_branch_dag.py for tasks to queue
[2024-10-18T23:43:47.552+0000] {logging_mixin.py:190} INFO - [2024-10-18T23:43:47.551+0000] {dagbag.py:588} INFO - Filling up the DagBag from /home/airflow/.local/lib/python3.12/site-packages/airflow/example_dags/example_nested_branch_dag.py
[2024-10-18T23:43:47.564+0000] {processor.py:925} INFO - DAG(s) 'example_nested_branch_dag' retrieved from /home/airflow/.local/lib/python3.12/site-packages/airflow/example_dags/example_nested_branch_dag.py
[2024-10-18T23:43:47.590+0000] {logging_mixin.py:190} INFO - [2024-10-18T23:43:47.590+0000] {dag.py:3239} INFO - Sync 1 DAGs
[2024-10-18T23:43:47.615+0000] {logging_mixin.py:190} INFO - [2024-10-18T23:43:47.615+0000] {dag.py:4180} INFO - Setting next_dagrun for example_nested_branch_dag to 2024-10-17 00:00:00+00:00, run_after=2024-10-18 00:00:00+00:00
[2024-10-18T23:43:47.633+0000] {processor.py:208} INFO - Processing /home/airflow/.local/lib/python3.12/site-packages/airflow/example_dags/example_nested_branch_dag.py took 0.093 seconds
[2024-10-18T23:44:17.906+0000] {processor.py:186} INFO - Started process (PID=1449) to work on /home/airflow/.local/lib/python3.12/site-packages/airflow/example_dags/example_nested_branch_dag.py
[2024-10-18T23:44:17.908+0000] {processor.py:914} INFO - Processing file /home/airflow/.local/lib/python3.12/site-packages/airflow/example_dags/example_nested_branch_dag.py for tasks to queue
[2024-10-18T23:44:17.910+0000] {logging_mixin.py:190} INFO - [2024-10-18T23:44:17.910+0000] {dagbag.py:588} INFO - Filling up the DagBag from /home/airflow/.local/lib/python3.12/site-packages/airflow/example_dags/example_nested_branch_dag.py
[2024-10-18T23:44:17.922+0000] {processor.py:925} INFO - DAG(s) 'example_nested_branch_dag' retrieved from /home/airflow/.local/lib/python3.12/site-packages/airflow/example_dags/example_nested_branch_dag.py
[2024-10-18T23:44:17.945+0000] {logging_mixin.py:190} INFO - [2024-10-18T23:44:17.944+0000] {dag.py:3239} INFO - Sync 1 DAGs
[2024-10-18T23:44:17.966+0000] {logging_mixin.py:190} INFO - [2024-10-18T23:44:17.966+0000] {dag.py:4180} INFO - Setting next_dagrun for example_nested_branch_dag to 2024-10-17 00:00:00+00:00, run_after=2024-10-18 00:00:00+00:00
[2024-10-18T23:44:17.985+0000] {processor.py:208} INFO - Processing /home/airflow/.local/lib/python3.12/site-packages/airflow/example_dags/example_nested_branch_dag.py took 0.085 seconds
[2024-10-18T23:44:48.368+0000] {processor.py:186} INFO - Started process (PID=1510) to work on /home/airflow/.local/lib/python3.12/site-packages/airflow/example_dags/example_nested_branch_dag.py
[2024-10-18T23:44:48.369+0000] {processor.py:914} INFO - Processing file /home/airflow/.local/lib/python3.12/site-packages/airflow/example_dags/example_nested_branch_dag.py for tasks to queue
[2024-10-18T23:44:48.372+0000] {logging_mixin.py:190} INFO - [2024-10-18T23:44:48.371+0000] {dagbag.py:588} INFO - Filling up the DagBag from /home/airflow/.local/lib/python3.12/site-packages/airflow/example_dags/example_nested_branch_dag.py
[2024-10-18T23:44:48.382+0000] {processor.py:925} INFO - DAG(s) 'example_nested_branch_dag' retrieved from /home/airflow/.local/lib/python3.12/site-packages/airflow/example_dags/example_nested_branch_dag.py
[2024-10-18T23:44:48.403+0000] {logging_mixin.py:190} INFO - [2024-10-18T23:44:48.403+0000] {dag.py:3239} INFO - Sync 1 DAGs
[2024-10-18T23:44:48.427+0000] {logging_mixin.py:190} INFO - [2024-10-18T23:44:48.427+0000] {dag.py:4180} INFO - Setting next_dagrun for example_nested_branch_dag to 2024-10-17 00:00:00+00:00, run_after=2024-10-18 00:00:00+00:00
[2024-10-18T23:44:48.448+0000] {processor.py:208} INFO - Processing /home/airflow/.local/lib/python3.12/site-packages/airflow/example_dags/example_nested_branch_dag.py took 0.086 seconds
[2024-10-18T23:45:18.904+0000] {processor.py:186} INFO - Started process (PID=1572) to work on /home/airflow/.local/lib/python3.12/site-packages/airflow/example_dags/example_nested_branch_dag.py
[2024-10-18T23:45:18.906+0000] {processor.py:914} INFO - Processing file /home/airflow/.local/lib/python3.12/site-packages/airflow/example_dags/example_nested_branch_dag.py for tasks to queue
[2024-10-18T23:45:18.908+0000] {logging_mixin.py:190} INFO - [2024-10-18T23:45:18.908+0000] {dagbag.py:588} INFO - Filling up the DagBag from /home/airflow/.local/lib/python3.12/site-packages/airflow/example_dags/example_nested_branch_dag.py
[2024-10-18T23:45:18.919+0000] {processor.py:925} INFO - DAG(s) 'example_nested_branch_dag' retrieved from /home/airflow/.local/lib/python3.12/site-packages/airflow/example_dags/example_nested_branch_dag.py
[2024-10-18T23:45:18.940+0000] {logging_mixin.py:190} INFO - [2024-10-18T23:45:18.940+0000] {dag.py:3239} INFO - Sync 1 DAGs
[2024-10-18T23:45:18.966+0000] {logging_mixin.py:190} INFO - [2024-10-18T23:45:18.966+0000] {dag.py:4180} INFO - Setting next_dagrun for example_nested_branch_dag to 2024-10-17 00:00:00+00:00, run_after=2024-10-18 00:00:00+00:00
[2024-10-18T23:45:18.986+0000] {processor.py:208} INFO - Processing /home/airflow/.local/lib/python3.12/site-packages/airflow/example_dags/example_nested_branch_dag.py took 0.086 seconds
[2024-10-18T23:45:49.298+0000] {processor.py:186} INFO - Started process (PID=1629) to work on /home/airflow/.local/lib/python3.12/site-packages/airflow/example_dags/example_nested_branch_dag.py
[2024-10-18T23:45:49.299+0000] {processor.py:914} INFO - Processing file /home/airflow/.local/lib/python3.12/site-packages/airflow/example_dags/example_nested_branch_dag.py for tasks to queue
[2024-10-18T23:45:49.301+0000] {logging_mixin.py:190} INFO - [2024-10-18T23:45:49.301+0000] {dagbag.py:588} INFO - Filling up the DagBag from /home/airflow/.local/lib/python3.12/site-packages/airflow/example_dags/example_nested_branch_dag.py
[2024-10-18T23:45:49.311+0000] {processor.py:925} INFO - DAG(s) 'example_nested_branch_dag' retrieved from /home/airflow/.local/lib/python3.12/site-packages/airflow/example_dags/example_nested_branch_dag.py
[2024-10-18T23:45:49.332+0000] {logging_mixin.py:190} INFO - [2024-10-18T23:45:49.332+0000] {dag.py:3239} INFO - Sync 1 DAGs
[2024-10-18T23:45:49.353+0000] {logging_mixin.py:190} INFO - [2024-10-18T23:45:49.353+0000] {dag.py:4180} INFO - Setting next_dagrun for example_nested_branch_dag to 2024-10-17 00:00:00+00:00, run_after=2024-10-18 00:00:00+00:00
[2024-10-18T23:45:49.374+0000] {processor.py:208} INFO - Processing /home/airflow/.local/lib/python3.12/site-packages/airflow/example_dags/example_nested_branch_dag.py took 0.082 seconds
[2024-10-18T23:46:20.018+0000] {processor.py:186} INFO - Started process (PID=1691) to work on /home/airflow/.local/lib/python3.12/site-packages/airflow/example_dags/example_nested_branch_dag.py
[2024-10-18T23:46:20.019+0000] {processor.py:914} INFO - Processing file /home/airflow/.local/lib/python3.12/site-packages/airflow/example_dags/example_nested_branch_dag.py for tasks to queue
[2024-10-18T23:46:20.021+0000] {logging_mixin.py:190} INFO - [2024-10-18T23:46:20.021+0000] {dagbag.py:588} INFO - Filling up the DagBag from /home/airflow/.local/lib/python3.12/site-packages/airflow/example_dags/example_nested_branch_dag.py
[2024-10-18T23:46:20.031+0000] {processor.py:925} INFO - DAG(s) 'example_nested_branch_dag' retrieved from /home/airflow/.local/lib/python3.12/site-packages/airflow/example_dags/example_nested_branch_dag.py
[2024-10-18T23:46:20.052+0000] {logging_mixin.py:190} INFO - [2024-10-18T23:46:20.052+0000] {dag.py:3239} INFO - Sync 1 DAGs
[2024-10-18T23:46:20.073+0000] {logging_mixin.py:190} INFO - [2024-10-18T23:46:20.073+0000] {dag.py:4180} INFO - Setting next_dagrun for example_nested_branch_dag to 2024-10-17 00:00:00+00:00, run_after=2024-10-18 00:00:00+00:00
[2024-10-18T23:46:20.092+0000] {processor.py:208} INFO - Processing /home/airflow/.local/lib/python3.12/site-packages/airflow/example_dags/example_nested_branch_dag.py took 0.079 seconds
[2024-10-18T23:46:52.723+0000] {processor.py:186} INFO - Started process (PID=1744) to work on /home/airflow/.local/lib/python3.12/site-packages/airflow/example_dags/example_nested_branch_dag.py
[2024-10-18T23:46:52.724+0000] {processor.py:914} INFO - Processing file /home/airflow/.local/lib/python3.12/site-packages/airflow/example_dags/example_nested_branch_dag.py for tasks to queue
[2024-10-18T23:46:52.727+0000] {logging_mixin.py:190} INFO - [2024-10-18T23:46:52.726+0000] {dagbag.py:588} INFO - Filling up the DagBag from /home/airflow/.local/lib/python3.12/site-packages/airflow/example_dags/example_nested_branch_dag.py
[2024-10-18T23:46:52.737+0000] {processor.py:925} INFO - DAG(s) 'example_nested_branch_dag' retrieved from /home/airflow/.local/lib/python3.12/site-packages/airflow/example_dags/example_nested_branch_dag.py
[2024-10-18T23:46:52.758+0000] {logging_mixin.py:190} INFO - [2024-10-18T23:46:52.758+0000] {dag.py:3239} INFO - Sync 1 DAGs
[2024-10-18T23:46:52.780+0000] {logging_mixin.py:190} INFO - [2024-10-18T23:46:52.779+0000] {dag.py:4180} INFO - Setting next_dagrun for example_nested_branch_dag to 2024-10-17 00:00:00+00:00, run_after=2024-10-18 00:00:00+00:00
[2024-10-18T23:46:52.800+0000] {processor.py:208} INFO - Processing /home/airflow/.local/lib/python3.12/site-packages/airflow/example_dags/example_nested_branch_dag.py took 0.082 seconds
[2024-10-18T23:47:23.191+0000] {processor.py:186} INFO - Started process (PID=1802) to work on /home/airflow/.local/lib/python3.12/site-packages/airflow/example_dags/example_nested_branch_dag.py
[2024-10-18T23:47:23.192+0000] {processor.py:914} INFO - Processing file /home/airflow/.local/lib/python3.12/site-packages/airflow/example_dags/example_nested_branch_dag.py for tasks to queue
[2024-10-18T23:47:23.194+0000] {logging_mixin.py:190} INFO - [2024-10-18T23:47:23.194+0000] {dagbag.py:588} INFO - Filling up the DagBag from /home/airflow/.local/lib/python3.12/site-packages/airflow/example_dags/example_nested_branch_dag.py
[2024-10-18T23:47:23.204+0000] {processor.py:925} INFO - DAG(s) 'example_nested_branch_dag' retrieved from /home/airflow/.local/lib/python3.12/site-packages/airflow/example_dags/example_nested_branch_dag.py
[2024-10-18T23:47:23.229+0000] {logging_mixin.py:190} INFO - [2024-10-18T23:47:23.229+0000] {dag.py:3239} INFO - Sync 1 DAGs
[2024-10-18T23:47:23.254+0000] {logging_mixin.py:190} INFO - [2024-10-18T23:47:23.253+0000] {dag.py:4180} INFO - Setting next_dagrun for example_nested_branch_dag to 2024-10-17 00:00:00+00:00, run_after=2024-10-18 00:00:00+00:00
[2024-10-18T23:47:23.275+0000] {processor.py:208} INFO - Processing /home/airflow/.local/lib/python3.12/site-packages/airflow/example_dags/example_nested_branch_dag.py took 0.089 seconds
[2024-10-18T23:47:54.130+0000] {processor.py:186} INFO - Started process (PID=1864) to work on /home/airflow/.local/lib/python3.12/site-packages/airflow/example_dags/example_nested_branch_dag.py
[2024-10-18T23:47:54.134+0000] {processor.py:914} INFO - Processing file /home/airflow/.local/lib/python3.12/site-packages/airflow/example_dags/example_nested_branch_dag.py for tasks to queue
[2024-10-18T23:47:54.160+0000] {logging_mixin.py:190} INFO - [2024-10-18T23:47:54.154+0000] {dagbag.py:588} INFO - Filling up the DagBag from /home/airflow/.local/lib/python3.12/site-packages/airflow/example_dags/example_nested_branch_dag.py
[2024-10-18T23:47:54.256+0000] {processor.py:925} INFO - DAG(s) 'example_nested_branch_dag' retrieved from /home/airflow/.local/lib/python3.12/site-packages/airflow/example_dags/example_nested_branch_dag.py
[2024-10-18T23:47:54.299+0000] {logging_mixin.py:190} INFO - [2024-10-18T23:47:54.298+0000] {dag.py:3239} INFO - Sync 1 DAGs
[2024-10-18T23:47:54.355+0000] {logging_mixin.py:190} INFO - [2024-10-18T23:47:54.354+0000] {dag.py:4180} INFO - Setting next_dagrun for example_nested_branch_dag to 2024-10-17 00:00:00+00:00, run_after=2024-10-18 00:00:00+00:00
[2024-10-18T23:47:54.393+0000] {processor.py:208} INFO - Processing /home/airflow/.local/lib/python3.12/site-packages/airflow/example_dags/example_nested_branch_dag.py took 0.300 seconds
[2024-10-18T23:48:25.365+0000] {processor.py:186} INFO - Started process (PID=1926) to work on /home/airflow/.local/lib/python3.12/site-packages/airflow/example_dags/example_nested_branch_dag.py
[2024-10-18T23:48:25.367+0000] {processor.py:914} INFO - Processing file /home/airflow/.local/lib/python3.12/site-packages/airflow/example_dags/example_nested_branch_dag.py for tasks to queue
[2024-10-18T23:48:25.370+0000] {logging_mixin.py:190} INFO - [2024-10-18T23:48:25.370+0000] {dagbag.py:588} INFO - Filling up the DagBag from /home/airflow/.local/lib/python3.12/site-packages/airflow/example_dags/example_nested_branch_dag.py
[2024-10-18T23:48:25.383+0000] {processor.py:925} INFO - DAG(s) 'example_nested_branch_dag' retrieved from /home/airflow/.local/lib/python3.12/site-packages/airflow/example_dags/example_nested_branch_dag.py
[2024-10-18T23:48:25.416+0000] {logging_mixin.py:190} INFO - [2024-10-18T23:48:25.416+0000] {dag.py:3239} INFO - Sync 1 DAGs
[2024-10-18T23:48:25.467+0000] {logging_mixin.py:190} INFO - [2024-10-18T23:48:25.466+0000] {dag.py:4180} INFO - Setting next_dagrun for example_nested_branch_dag to 2024-10-17 00:00:00+00:00, run_after=2024-10-18 00:00:00+00:00
[2024-10-18T23:48:25.498+0000] {processor.py:208} INFO - Processing /home/airflow/.local/lib/python3.12/site-packages/airflow/example_dags/example_nested_branch_dag.py took 0.138 seconds
[2024-10-18T23:48:55.635+0000] {processor.py:186} INFO - Started process (PID=1988) to work on /home/airflow/.local/lib/python3.12/site-packages/airflow/example_dags/example_nested_branch_dag.py
[2024-10-18T23:48:55.636+0000] {processor.py:914} INFO - Processing file /home/airflow/.local/lib/python3.12/site-packages/airflow/example_dags/example_nested_branch_dag.py for tasks to queue
[2024-10-18T23:48:55.639+0000] {logging_mixin.py:190} INFO - [2024-10-18T23:48:55.639+0000] {dagbag.py:588} INFO - Filling up the DagBag from /home/airflow/.local/lib/python3.12/site-packages/airflow/example_dags/example_nested_branch_dag.py
[2024-10-18T23:48:55.652+0000] {processor.py:925} INFO - DAG(s) 'example_nested_branch_dag' retrieved from /home/airflow/.local/lib/python3.12/site-packages/airflow/example_dags/example_nested_branch_dag.py
[2024-10-18T23:48:55.680+0000] {logging_mixin.py:190} INFO - [2024-10-18T23:48:55.679+0000] {dag.py:3239} INFO - Sync 1 DAGs
[2024-10-18T23:48:55.707+0000] {logging_mixin.py:190} INFO - [2024-10-18T23:48:55.707+0000] {dag.py:4180} INFO - Setting next_dagrun for example_nested_branch_dag to 2024-10-17 00:00:00+00:00, run_after=2024-10-18 00:00:00+00:00
[2024-10-18T23:48:55.733+0000] {processor.py:208} INFO - Processing /home/airflow/.local/lib/python3.12/site-packages/airflow/example_dags/example_nested_branch_dag.py took 0.105 seconds
[2024-10-18T23:49:26.265+0000] {processor.py:186} INFO - Started process (PID=2050) to work on /home/airflow/.local/lib/python3.12/site-packages/airflow/example_dags/example_nested_branch_dag.py
[2024-10-18T23:49:26.267+0000] {processor.py:914} INFO - Processing file /home/airflow/.local/lib/python3.12/site-packages/airflow/example_dags/example_nested_branch_dag.py for tasks to queue
[2024-10-18T23:49:26.269+0000] {logging_mixin.py:190} INFO - [2024-10-18T23:49:26.269+0000] {dagbag.py:588} INFO - Filling up the DagBag from /home/airflow/.local/lib/python3.12/site-packages/airflow/example_dags/example_nested_branch_dag.py
[2024-10-18T23:49:26.280+0000] {processor.py:925} INFO - DAG(s) 'example_nested_branch_dag' retrieved from /home/airflow/.local/lib/python3.12/site-packages/airflow/example_dags/example_nested_branch_dag.py
[2024-10-18T23:49:26.305+0000] {logging_mixin.py:190} INFO - [2024-10-18T23:49:26.305+0000] {dag.py:3239} INFO - Sync 1 DAGs
[2024-10-18T23:49:26.330+0000] {logging_mixin.py:190} INFO - [2024-10-18T23:49:26.330+0000] {dag.py:4180} INFO - Setting next_dagrun for example_nested_branch_dag to 2024-10-17 00:00:00+00:00, run_after=2024-10-18 00:00:00+00:00
[2024-10-18T23:49:26.362+0000] {processor.py:208} INFO - Processing /home/airflow/.local/lib/python3.12/site-packages/airflow/example_dags/example_nested_branch_dag.py took 0.103 seconds
[2024-10-18T23:49:57.111+0000] {processor.py:186} INFO - Started process (PID=2112) to work on /home/airflow/.local/lib/python3.12/site-packages/airflow/example_dags/example_nested_branch_dag.py
[2024-10-18T23:49:57.112+0000] {processor.py:914} INFO - Processing file /home/airflow/.local/lib/python3.12/site-packages/airflow/example_dags/example_nested_branch_dag.py for tasks to queue
[2024-10-18T23:49:57.117+0000] {logging_mixin.py:190} INFO - [2024-10-18T23:49:57.116+0000] {dagbag.py:588} INFO - Filling up the DagBag from /home/airflow/.local/lib/python3.12/site-packages/airflow/example_dags/example_nested_branch_dag.py
[2024-10-18T23:49:57.133+0000] {processor.py:925} INFO - DAG(s) 'example_nested_branch_dag' retrieved from /home/airflow/.local/lib/python3.12/site-packages/airflow/example_dags/example_nested_branch_dag.py
[2024-10-18T23:49:57.164+0000] {logging_mixin.py:190} INFO - [2024-10-18T23:49:57.163+0000] {dag.py:3239} INFO - Sync 1 DAGs
[2024-10-18T23:49:57.200+0000] {logging_mixin.py:190} INFO - [2024-10-18T23:49:57.199+0000] {dag.py:4180} INFO - Setting next_dagrun for example_nested_branch_dag to 2024-10-17 00:00:00+00:00, run_after=2024-10-18 00:00:00+00:00
[2024-10-18T23:49:57.227+0000] {processor.py:208} INFO - Processing /home/airflow/.local/lib/python3.12/site-packages/airflow/example_dags/example_nested_branch_dag.py took 0.128 seconds
[2024-10-18T23:50:27.987+0000] {processor.py:186} INFO - Started process (PID=2174) to work on /home/airflow/.local/lib/python3.12/site-packages/airflow/example_dags/example_nested_branch_dag.py
[2024-10-18T23:50:27.991+0000] {processor.py:914} INFO - Processing file /home/airflow/.local/lib/python3.12/site-packages/airflow/example_dags/example_nested_branch_dag.py for tasks to queue
[2024-10-18T23:50:27.999+0000] {logging_mixin.py:190} INFO - [2024-10-18T23:50:27.997+0000] {dagbag.py:588} INFO - Filling up the DagBag from /home/airflow/.local/lib/python3.12/site-packages/airflow/example_dags/example_nested_branch_dag.py
[2024-10-18T23:50:28.043+0000] {processor.py:925} INFO - DAG(s) 'example_nested_branch_dag' retrieved from /home/airflow/.local/lib/python3.12/site-packages/airflow/example_dags/example_nested_branch_dag.py
[2024-10-18T23:50:28.103+0000] {logging_mixin.py:190} INFO - [2024-10-18T23:50:28.103+0000] {dag.py:3239} INFO - Sync 1 DAGs
[2024-10-18T23:50:28.157+0000] {logging_mixin.py:190} INFO - [2024-10-18T23:50:28.156+0000] {dag.py:4180} INFO - Setting next_dagrun for example_nested_branch_dag to 2024-10-17 00:00:00+00:00, run_after=2024-10-18 00:00:00+00:00
[2024-10-18T23:50:28.198+0000] {processor.py:208} INFO - Processing /home/airflow/.local/lib/python3.12/site-packages/airflow/example_dags/example_nested_branch_dag.py took 0.224 seconds
[2024-10-18T23:50:58.311+0000] {processor.py:186} INFO - Started process (PID=2236) to work on /home/airflow/.local/lib/python3.12/site-packages/airflow/example_dags/example_nested_branch_dag.py
[2024-10-18T23:50:58.312+0000] {processor.py:914} INFO - Processing file /home/airflow/.local/lib/python3.12/site-packages/airflow/example_dags/example_nested_branch_dag.py for tasks to queue
[2024-10-18T23:50:58.315+0000] {logging_mixin.py:190} INFO - [2024-10-18T23:50:58.315+0000] {dagbag.py:588} INFO - Filling up the DagBag from /home/airflow/.local/lib/python3.12/site-packages/airflow/example_dags/example_nested_branch_dag.py
[2024-10-18T23:50:58.327+0000] {processor.py:925} INFO - DAG(s) 'example_nested_branch_dag' retrieved from /home/airflow/.local/lib/python3.12/site-packages/airflow/example_dags/example_nested_branch_dag.py
[2024-10-18T23:50:58.349+0000] {logging_mixin.py:190} INFO - [2024-10-18T23:50:58.349+0000] {dag.py:3239} INFO - Sync 1 DAGs
[2024-10-18T23:50:58.372+0000] {logging_mixin.py:190} INFO - [2024-10-18T23:50:58.372+0000] {dag.py:4180} INFO - Setting next_dagrun for example_nested_branch_dag to 2024-10-17 00:00:00+00:00, run_after=2024-10-18 00:00:00+00:00
[2024-10-18T23:50:58.408+0000] {processor.py:208} INFO - Processing /home/airflow/.local/lib/python3.12/site-packages/airflow/example_dags/example_nested_branch_dag.py took 0.102 seconds
[2024-10-18T23:51:28.452+0000] {processor.py:186} INFO - Started process (PID=2299) to work on /home/airflow/.local/lib/python3.12/site-packages/airflow/example_dags/example_nested_branch_dag.py
[2024-10-18T23:51:28.453+0000] {processor.py:914} INFO - Processing file /home/airflow/.local/lib/python3.12/site-packages/airflow/example_dags/example_nested_branch_dag.py for tasks to queue
[2024-10-18T23:51:28.455+0000] {logging_mixin.py:190} INFO - [2024-10-18T23:51:28.455+0000] {dagbag.py:588} INFO - Filling up the DagBag from /home/airflow/.local/lib/python3.12/site-packages/airflow/example_dags/example_nested_branch_dag.py
[2024-10-18T23:51:28.466+0000] {processor.py:925} INFO - DAG(s) 'example_nested_branch_dag' retrieved from /home/airflow/.local/lib/python3.12/site-packages/airflow/example_dags/example_nested_branch_dag.py
[2024-10-18T23:51:28.489+0000] {logging_mixin.py:190} INFO - [2024-10-18T23:51:28.488+0000] {dag.py:3239} INFO - Sync 1 DAGs
[2024-10-18T23:51:28.514+0000] {logging_mixin.py:190} INFO - [2024-10-18T23:51:28.514+0000] {dag.py:4180} INFO - Setting next_dagrun for example_nested_branch_dag to 2024-10-17 00:00:00+00:00, run_after=2024-10-18 00:00:00+00:00
[2024-10-18T23:51:28.535+0000] {processor.py:208} INFO - Processing /home/airflow/.local/lib/python3.12/site-packages/airflow/example_dags/example_nested_branch_dag.py took 0.088 seconds
[2024-10-18T23:51:58.879+0000] {processor.py:186} INFO - Started process (PID=2361) to work on /home/airflow/.local/lib/python3.12/site-packages/airflow/example_dags/example_nested_branch_dag.py
[2024-10-18T23:51:58.880+0000] {processor.py:914} INFO - Processing file /home/airflow/.local/lib/python3.12/site-packages/airflow/example_dags/example_nested_branch_dag.py for tasks to queue
[2024-10-18T23:51:58.882+0000] {logging_mixin.py:190} INFO - [2024-10-18T23:51:58.882+0000] {dagbag.py:588} INFO - Filling up the DagBag from /home/airflow/.local/lib/python3.12/site-packages/airflow/example_dags/example_nested_branch_dag.py
[2024-10-18T23:51:58.897+0000] {processor.py:925} INFO - DAG(s) 'example_nested_branch_dag' retrieved from /home/airflow/.local/lib/python3.12/site-packages/airflow/example_dags/example_nested_branch_dag.py
[2024-10-18T23:51:58.919+0000] {logging_mixin.py:190} INFO - [2024-10-18T23:51:58.919+0000] {dag.py:3239} INFO - Sync 1 DAGs
[2024-10-18T23:51:58.941+0000] {logging_mixin.py:190} INFO - [2024-10-18T23:51:58.941+0000] {dag.py:4180} INFO - Setting next_dagrun for example_nested_branch_dag to 2024-10-17 00:00:00+00:00, run_after=2024-10-18 00:00:00+00:00
[2024-10-18T23:51:58.962+0000] {processor.py:208} INFO - Processing /home/airflow/.local/lib/python3.12/site-packages/airflow/example_dags/example_nested_branch_dag.py took 0.088 seconds
[2024-10-18T23:52:29.822+0000] {processor.py:186} INFO - Started process (PID=2423) to work on /home/airflow/.local/lib/python3.12/site-packages/airflow/example_dags/example_nested_branch_dag.py
[2024-10-18T23:52:29.824+0000] {processor.py:914} INFO - Processing file /home/airflow/.local/lib/python3.12/site-packages/airflow/example_dags/example_nested_branch_dag.py for tasks to queue
[2024-10-18T23:52:29.826+0000] {logging_mixin.py:190} INFO - [2024-10-18T23:52:29.826+0000] {dagbag.py:588} INFO - Filling up the DagBag from /home/airflow/.local/lib/python3.12/site-packages/airflow/example_dags/example_nested_branch_dag.py
[2024-10-18T23:52:29.837+0000] {processor.py:925} INFO - DAG(s) 'example_nested_branch_dag' retrieved from /home/airflow/.local/lib/python3.12/site-packages/airflow/example_dags/example_nested_branch_dag.py
[2024-10-18T23:52:29.862+0000] {logging_mixin.py:190} INFO - [2024-10-18T23:52:29.861+0000] {dag.py:3239} INFO - Sync 1 DAGs
[2024-10-18T23:52:29.888+0000] {logging_mixin.py:190} INFO - [2024-10-18T23:52:29.887+0000] {dag.py:4180} INFO - Setting next_dagrun for example_nested_branch_dag to 2024-10-17 00:00:00+00:00, run_after=2024-10-18 00:00:00+00:00
[2024-10-18T23:52:29.913+0000] {processor.py:208} INFO - Processing /home/airflow/.local/lib/python3.12/site-packages/airflow/example_dags/example_nested_branch_dag.py took 0.096 seconds
[2024-10-18T23:53:00.183+0000] {processor.py:186} INFO - Started process (PID=2485) to work on /home/airflow/.local/lib/python3.12/site-packages/airflow/example_dags/example_nested_branch_dag.py
[2024-10-18T23:53:00.185+0000] {processor.py:914} INFO - Processing file /home/airflow/.local/lib/python3.12/site-packages/airflow/example_dags/example_nested_branch_dag.py for tasks to queue
[2024-10-18T23:53:00.188+0000] {logging_mixin.py:190} INFO - [2024-10-18T23:53:00.188+0000] {dagbag.py:588} INFO - Filling up the DagBag from /home/airflow/.local/lib/python3.12/site-packages/airflow/example_dags/example_nested_branch_dag.py
[2024-10-18T23:53:00.200+0000] {processor.py:925} INFO - DAG(s) 'example_nested_branch_dag' retrieved from /home/airflow/.local/lib/python3.12/site-packages/airflow/example_dags/example_nested_branch_dag.py
[2024-10-18T23:53:00.223+0000] {logging_mixin.py:190} INFO - [2024-10-18T23:53:00.223+0000] {dag.py:3239} INFO - Sync 1 DAGs
[2024-10-18T23:53:00.250+0000] {logging_mixin.py:190} INFO - [2024-10-18T23:53:00.250+0000] {dag.py:4180} INFO - Setting next_dagrun for example_nested_branch_dag to 2024-10-17 00:00:00+00:00, run_after=2024-10-18 00:00:00+00:00
[2024-10-18T23:53:00.271+0000] {processor.py:208} INFO - Processing /home/airflow/.local/lib/python3.12/site-packages/airflow/example_dags/example_nested_branch_dag.py took 0.094 seconds
[2024-10-18T23:53:31.381+0000] {processor.py:186} INFO - Started process (PID=2547) to work on /home/airflow/.local/lib/python3.12/site-packages/airflow/example_dags/example_nested_branch_dag.py
[2024-10-18T23:53:31.385+0000] {processor.py:914} INFO - Processing file /home/airflow/.local/lib/python3.12/site-packages/airflow/example_dags/example_nested_branch_dag.py for tasks to queue
[2024-10-18T23:53:31.392+0000] {logging_mixin.py:190} INFO - [2024-10-18T23:53:31.391+0000] {dagbag.py:588} INFO - Filling up the DagBag from /home/airflow/.local/lib/python3.12/site-packages/airflow/example_dags/example_nested_branch_dag.py
[2024-10-18T23:53:31.446+0000] {processor.py:925} INFO - DAG(s) 'example_nested_branch_dag' retrieved from /home/airflow/.local/lib/python3.12/site-packages/airflow/example_dags/example_nested_branch_dag.py
[2024-10-18T23:53:31.535+0000] {logging_mixin.py:190} INFO - [2024-10-18T23:53:31.534+0000] {dag.py:3239} INFO - Sync 1 DAGs
[2024-10-18T23:53:31.671+0000] {logging_mixin.py:190} INFO - [2024-10-18T23:53:31.670+0000] {dag.py:4180} INFO - Setting next_dagrun for example_nested_branch_dag to 2024-10-17 00:00:00+00:00, run_after=2024-10-18 00:00:00+00:00
[2024-10-18T23:53:31.736+0000] {processor.py:208} INFO - Processing /home/airflow/.local/lib/python3.12/site-packages/airflow/example_dags/example_nested_branch_dag.py took 0.372 seconds
[2024-10-18T23:54:02.553+0000] {processor.py:186} INFO - Started process (PID=2609) to work on /home/airflow/.local/lib/python3.12/site-packages/airflow/example_dags/example_nested_branch_dag.py
[2024-10-18T23:54:02.556+0000] {processor.py:914} INFO - Processing file /home/airflow/.local/lib/python3.12/site-packages/airflow/example_dags/example_nested_branch_dag.py for tasks to queue
[2024-10-18T23:54:02.561+0000] {logging_mixin.py:190} INFO - [2024-10-18T23:54:02.560+0000] {dagbag.py:588} INFO - Filling up the DagBag from /home/airflow/.local/lib/python3.12/site-packages/airflow/example_dags/example_nested_branch_dag.py
[2024-10-18T23:54:02.583+0000] {processor.py:925} INFO - DAG(s) 'example_nested_branch_dag' retrieved from /home/airflow/.local/lib/python3.12/site-packages/airflow/example_dags/example_nested_branch_dag.py
[2024-10-18T23:54:02.625+0000] {logging_mixin.py:190} INFO - [2024-10-18T23:54:02.624+0000] {dag.py:3239} INFO - Sync 1 DAGs
[2024-10-18T23:54:02.669+0000] {logging_mixin.py:190} INFO - [2024-10-18T23:54:02.669+0000] {dag.py:4180} INFO - Setting next_dagrun for example_nested_branch_dag to 2024-10-17 00:00:00+00:00, run_after=2024-10-18 00:00:00+00:00
[2024-10-18T23:54:02.699+0000] {processor.py:208} INFO - Processing /home/airflow/.local/lib/python3.12/site-packages/airflow/example_dags/example_nested_branch_dag.py took 0.157 seconds
[2024-10-18T23:54:33.426+0000] {processor.py:186} INFO - Started process (PID=2671) to work on /home/airflow/.local/lib/python3.12/site-packages/airflow/example_dags/example_nested_branch_dag.py
[2024-10-18T23:54:33.429+0000] {processor.py:914} INFO - Processing file /home/airflow/.local/lib/python3.12/site-packages/airflow/example_dags/example_nested_branch_dag.py for tasks to queue
[2024-10-18T23:54:33.433+0000] {logging_mixin.py:190} INFO - [2024-10-18T23:54:33.433+0000] {dagbag.py:588} INFO - Filling up the DagBag from /home/airflow/.local/lib/python3.12/site-packages/airflow/example_dags/example_nested_branch_dag.py
[2024-10-18T23:54:33.450+0000] {processor.py:925} INFO - DAG(s) 'example_nested_branch_dag' retrieved from /home/airflow/.local/lib/python3.12/site-packages/airflow/example_dags/example_nested_branch_dag.py
[2024-10-18T23:54:33.484+0000] {logging_mixin.py:190} INFO - [2024-10-18T23:54:33.483+0000] {dag.py:3239} INFO - Sync 1 DAGs
[2024-10-18T23:54:33.528+0000] {logging_mixin.py:190} INFO - [2024-10-18T23:54:33.527+0000] {dag.py:4180} INFO - Setting next_dagrun for example_nested_branch_dag to 2024-10-17 00:00:00+00:00, run_after=2024-10-18 00:00:00+00:00
[2024-10-18T23:54:33.558+0000] {processor.py:208} INFO - Processing /home/airflow/.local/lib/python3.12/site-packages/airflow/example_dags/example_nested_branch_dag.py took 0.140 seconds
[2024-10-18T23:55:03.779+0000] {processor.py:186} INFO - Started process (PID=2734) to work on /home/airflow/.local/lib/python3.12/site-packages/airflow/example_dags/example_nested_branch_dag.py
[2024-10-18T23:55:03.781+0000] {processor.py:914} INFO - Processing file /home/airflow/.local/lib/python3.12/site-packages/airflow/example_dags/example_nested_branch_dag.py for tasks to queue
[2024-10-18T23:55:03.784+0000] {logging_mixin.py:190} INFO - [2024-10-18T23:55:03.784+0000] {dagbag.py:588} INFO - Filling up the DagBag from /home/airflow/.local/lib/python3.12/site-packages/airflow/example_dags/example_nested_branch_dag.py
[2024-10-18T23:55:03.800+0000] {processor.py:925} INFO - DAG(s) 'example_nested_branch_dag' retrieved from /home/airflow/.local/lib/python3.12/site-packages/airflow/example_dags/example_nested_branch_dag.py
[2024-10-18T23:55:03.831+0000] {logging_mixin.py:190} INFO - [2024-10-18T23:55:03.831+0000] {dag.py:3239} INFO - Sync 1 DAGs
[2024-10-18T23:55:03.871+0000] {logging_mixin.py:190} INFO - [2024-10-18T23:55:03.870+0000] {dag.py:4180} INFO - Setting next_dagrun for example_nested_branch_dag to 2024-10-17 00:00:00+00:00, run_after=2024-10-18 00:00:00+00:00
[2024-10-18T23:55:03.897+0000] {processor.py:208} INFO - Processing /home/airflow/.local/lib/python3.12/site-packages/airflow/example_dags/example_nested_branch_dag.py took 0.125 seconds
[2024-10-18T23:56:44.607+0000] {processor.py:186} INFO - Started process (PID=2771) to work on /home/airflow/.local/lib/python3.12/site-packages/airflow/example_dags/example_nested_branch_dag.py
[2024-10-18T23:56:44.610+0000] {processor.py:914} INFO - Processing file /home/airflow/.local/lib/python3.12/site-packages/airflow/example_dags/example_nested_branch_dag.py for tasks to queue
[2024-10-18T23:56:44.616+0000] {logging_mixin.py:190} INFO - [2024-10-18T23:56:44.615+0000] {dagbag.py:588} INFO - Filling up the DagBag from /home/airflow/.local/lib/python3.12/site-packages/airflow/example_dags/example_nested_branch_dag.py
[2024-10-18T23:56:44.646+0000] {processor.py:925} INFO - DAG(s) 'example_nested_branch_dag' retrieved from /home/airflow/.local/lib/python3.12/site-packages/airflow/example_dags/example_nested_branch_dag.py
[2024-10-18T23:56:44.705+0000] {logging_mixin.py:190} INFO - [2024-10-18T23:56:44.704+0000] {dag.py:3239} INFO - Sync 1 DAGs
[2024-10-18T23:56:45.267+0000] {logging_mixin.py:190} INFO - [2024-10-18T23:56:45.267+0000] {dag.py:4180} INFO - Setting next_dagrun for example_nested_branch_dag to 2024-10-17 00:00:00+00:00, run_after=2024-10-18 00:00:00+00:00
[2024-10-18T23:56:45.307+0000] {processor.py:208} INFO - Processing /home/airflow/.local/lib/python3.12/site-packages/airflow/example_dags/example_nested_branch_dag.py took 0.716 seconds
[2024-10-18T23:57:15.448+0000] {processor.py:186} INFO - Started process (PID=2834) to work on /home/airflow/.local/lib/python3.12/site-packages/airflow/example_dags/example_nested_branch_dag.py
[2024-10-18T23:57:15.450+0000] {processor.py:914} INFO - Processing file /home/airflow/.local/lib/python3.12/site-packages/airflow/example_dags/example_nested_branch_dag.py for tasks to queue
[2024-10-18T23:57:15.454+0000] {logging_mixin.py:190} INFO - [2024-10-18T23:57:15.454+0000] {dagbag.py:588} INFO - Filling up the DagBag from /home/airflow/.local/lib/python3.12/site-packages/airflow/example_dags/example_nested_branch_dag.py
[2024-10-18T23:57:15.473+0000] {processor.py:925} INFO - DAG(s) 'example_nested_branch_dag' retrieved from /home/airflow/.local/lib/python3.12/site-packages/airflow/example_dags/example_nested_branch_dag.py
[2024-10-18T23:57:15.508+0000] {logging_mixin.py:190} INFO - [2024-10-18T23:57:15.508+0000] {dag.py:3239} INFO - Sync 1 DAGs
[2024-10-18T23:57:15.545+0000] {logging_mixin.py:190} INFO - [2024-10-18T23:57:15.545+0000] {dag.py:4180} INFO - Setting next_dagrun for example_nested_branch_dag to 2024-10-17 00:00:00+00:00, run_after=2024-10-18 00:00:00+00:00
[2024-10-18T23:57:15.574+0000] {processor.py:208} INFO - Processing /home/airflow/.local/lib/python3.12/site-packages/airflow/example_dags/example_nested_branch_dag.py took 0.136 seconds
[2024-10-18T23:57:45.990+0000] {processor.py:186} INFO - Started process (PID=2896) to work on /home/airflow/.local/lib/python3.12/site-packages/airflow/example_dags/example_nested_branch_dag.py
[2024-10-18T23:57:45.992+0000] {processor.py:914} INFO - Processing file /home/airflow/.local/lib/python3.12/site-packages/airflow/example_dags/example_nested_branch_dag.py for tasks to queue
[2024-10-18T23:57:45.994+0000] {logging_mixin.py:190} INFO - [2024-10-18T23:57:45.994+0000] {dagbag.py:588} INFO - Filling up the DagBag from /home/airflow/.local/lib/python3.12/site-packages/airflow/example_dags/example_nested_branch_dag.py
[2024-10-18T23:57:46.004+0000] {processor.py:925} INFO - DAG(s) 'example_nested_branch_dag' retrieved from /home/airflow/.local/lib/python3.12/site-packages/airflow/example_dags/example_nested_branch_dag.py
[2024-10-18T23:57:46.025+0000] {logging_mixin.py:190} INFO - [2024-10-18T23:57:46.025+0000] {dag.py:3239} INFO - Sync 1 DAGs
[2024-10-18T23:57:46.045+0000] {logging_mixin.py:190} INFO - [2024-10-18T23:57:46.044+0000] {dag.py:4180} INFO - Setting next_dagrun for example_nested_branch_dag to 2024-10-17 00:00:00+00:00, run_after=2024-10-18 00:00:00+00:00
[2024-10-18T23:57:46.069+0000] {processor.py:208} INFO - Processing /home/airflow/.local/lib/python3.12/site-packages/airflow/example_dags/example_nested_branch_dag.py took 0.084 seconds
[2024-10-18T23:58:16.421+0000] {processor.py:186} INFO - Started process (PID=2958) to work on /home/airflow/.local/lib/python3.12/site-packages/airflow/example_dags/example_nested_branch_dag.py
[2024-10-18T23:58:16.423+0000] {processor.py:914} INFO - Processing file /home/airflow/.local/lib/python3.12/site-packages/airflow/example_dags/example_nested_branch_dag.py for tasks to queue
[2024-10-18T23:58:16.425+0000] {logging_mixin.py:190} INFO - [2024-10-18T23:58:16.425+0000] {dagbag.py:588} INFO - Filling up the DagBag from /home/airflow/.local/lib/python3.12/site-packages/airflow/example_dags/example_nested_branch_dag.py
[2024-10-18T23:58:16.437+0000] {processor.py:925} INFO - DAG(s) 'example_nested_branch_dag' retrieved from /home/airflow/.local/lib/python3.12/site-packages/airflow/example_dags/example_nested_branch_dag.py
[2024-10-18T23:58:16.457+0000] {logging_mixin.py:190} INFO - [2024-10-18T23:58:16.456+0000] {dag.py:3239} INFO - Sync 1 DAGs
[2024-10-18T23:58:16.481+0000] {logging_mixin.py:190} INFO - [2024-10-18T23:58:16.480+0000] {dag.py:4180} INFO - Setting next_dagrun for example_nested_branch_dag to 2024-10-17 00:00:00+00:00, run_after=2024-10-18 00:00:00+00:00
[2024-10-18T23:58:16.500+0000] {processor.py:208} INFO - Processing /home/airflow/.local/lib/python3.12/site-packages/airflow/example_dags/example_nested_branch_dag.py took 0.084 seconds
[2024-10-18T23:58:47.213+0000] {processor.py:186} INFO - Started process (PID=3019) to work on /home/airflow/.local/lib/python3.12/site-packages/airflow/example_dags/example_nested_branch_dag.py
[2024-10-18T23:58:47.215+0000] {processor.py:914} INFO - Processing file /home/airflow/.local/lib/python3.12/site-packages/airflow/example_dags/example_nested_branch_dag.py for tasks to queue
[2024-10-18T23:58:47.221+0000] {logging_mixin.py:190} INFO - [2024-10-18T23:58:47.219+0000] {dagbag.py:588} INFO - Filling up the DagBag from /home/airflow/.local/lib/python3.12/site-packages/airflow/example_dags/example_nested_branch_dag.py
[2024-10-18T23:58:47.269+0000] {processor.py:925} INFO - DAG(s) 'example_nested_branch_dag' retrieved from /home/airflow/.local/lib/python3.12/site-packages/airflow/example_dags/example_nested_branch_dag.py
[2024-10-18T23:58:47.350+0000] {logging_mixin.py:190} INFO - [2024-10-18T23:58:47.350+0000] {dag.py:3239} INFO - Sync 1 DAGs
[2024-10-18T23:58:47.432+0000] {logging_mixin.py:190} INFO - [2024-10-18T23:58:47.431+0000] {dag.py:4180} INFO - Setting next_dagrun for example_nested_branch_dag to 2024-10-17 00:00:00+00:00, run_after=2024-10-18 00:00:00+00:00
[2024-10-18T23:58:47.483+0000] {processor.py:208} INFO - Processing /home/airflow/.local/lib/python3.12/site-packages/airflow/example_dags/example_nested_branch_dag.py took 0.291 seconds
[2024-10-18T23:59:19.119+0000] {processor.py:186} INFO - Started process (PID=3080) to work on /home/airflow/.local/lib/python3.12/site-packages/airflow/example_dags/example_nested_branch_dag.py
[2024-10-18T23:59:19.120+0000] {processor.py:914} INFO - Processing file /home/airflow/.local/lib/python3.12/site-packages/airflow/example_dags/example_nested_branch_dag.py for tasks to queue
[2024-10-18T23:59:19.124+0000] {logging_mixin.py:190} INFO - [2024-10-18T23:59:19.123+0000] {dagbag.py:588} INFO - Filling up the DagBag from /home/airflow/.local/lib/python3.12/site-packages/airflow/example_dags/example_nested_branch_dag.py
[2024-10-18T23:59:19.139+0000] {processor.py:925} INFO - DAG(s) 'example_nested_branch_dag' retrieved from /home/airflow/.local/lib/python3.12/site-packages/airflow/example_dags/example_nested_branch_dag.py
[2024-10-18T23:59:19.170+0000] {logging_mixin.py:190} INFO - [2024-10-18T23:59:19.170+0000] {dag.py:3239} INFO - Sync 1 DAGs
[2024-10-18T23:59:19.440+0000] {logging_mixin.py:190} INFO - [2024-10-18T23:59:19.439+0000] {dag.py:4180} INFO - Setting next_dagrun for example_nested_branch_dag to 2024-10-17 00:00:00+00:00, run_after=2024-10-18 00:00:00+00:00
[2024-10-18T23:59:19.463+0000] {processor.py:208} INFO - Processing /home/airflow/.local/lib/python3.12/site-packages/airflow/example_dags/example_nested_branch_dag.py took 0.353 seconds
[2024-10-18T23:59:49.917+0000] {processor.py:186} INFO - Started process (PID=3142) to work on /home/airflow/.local/lib/python3.12/site-packages/airflow/example_dags/example_nested_branch_dag.py
[2024-10-18T23:59:49.918+0000] {processor.py:914} INFO - Processing file /home/airflow/.local/lib/python3.12/site-packages/airflow/example_dags/example_nested_branch_dag.py for tasks to queue
[2024-10-18T23:59:49.920+0000] {logging_mixin.py:190} INFO - [2024-10-18T23:59:49.920+0000] {dagbag.py:588} INFO - Filling up the DagBag from /home/airflow/.local/lib/python3.12/site-packages/airflow/example_dags/example_nested_branch_dag.py
[2024-10-18T23:59:49.931+0000] {processor.py:925} INFO - DAG(s) 'example_nested_branch_dag' retrieved from /home/airflow/.local/lib/python3.12/site-packages/airflow/example_dags/example_nested_branch_dag.py
[2024-10-18T23:59:49.954+0000] {logging_mixin.py:190} INFO - [2024-10-18T23:59:49.954+0000] {dag.py:3239} INFO - Sync 1 DAGs
[2024-10-18T23:59:49.983+0000] {logging_mixin.py:190} INFO - [2024-10-18T23:59:49.983+0000] {dag.py:4180} INFO - Setting next_dagrun for example_nested_branch_dag to 2024-10-17 00:00:00+00:00, run_after=2024-10-18 00:00:00+00:00
[2024-10-18T23:59:50.005+0000] {processor.py:208} INFO - Processing /home/airflow/.local/lib/python3.12/site-packages/airflow/example_dags/example_nested_branch_dag.py took 0.094 seconds
