[2024-10-18T23:33:12.705+0000] {processor.py:186} INFO - Started process (PID=119) to work on /home/airflow/.local/lib/python3.12/site-packages/airflow/example_dags/example_latest_only.py
[2024-10-18T23:33:12.706+0000] {processor.py:914} INFO - Processing file /home/airflow/.local/lib/python3.12/site-packages/airflow/example_dags/example_latest_only.py for tasks to queue
[2024-10-18T23:33:12.828+0000] {logging_mixin.py:190} INFO - [2024-10-18T23:33:12.827+0000] {dagbag.py:588} INFO - Filling up the DagBag from /home/airflow/.local/lib/python3.12/site-packages/airflow/example_dags/example_latest_only.py
[2024-10-18T23:33:12.854+0000] {processor.py:925} INFO - DAG(s) 'latest_only' retrieved from /home/airflow/.local/lib/python3.12/site-packages/airflow/example_dags/example_latest_only.py
[2024-10-18T23:33:13.192+0000] {logging_mixin.py:190} INFO - [2024-10-18T23:33:13.191+0000] {override.py:1900} INFO - Created Permission View: can read on DAG:latest_only
[2024-10-18T23:33:13.221+0000] {logging_mixin.py:190} INFO - [2024-10-18T23:33:13.220+0000] {override.py:1900} INFO - Created Permission View: can edit on DAG:latest_only
[2024-10-18T23:33:13.234+0000] {logging_mixin.py:190} INFO - [2024-10-18T23:33:13.234+0000] {override.py:1900} INFO - Created Permission View: can delete on DAG:latest_only
[2024-10-18T23:33:13.301+0000] {logging_mixin.py:190} INFO - [2024-10-18T23:33:13.300+0000] {override.py:1900} INFO - Created Permission View: can read on DAG Run:latest_only
[2024-10-18T23:33:13.317+0000] {logging_mixin.py:190} INFO - [2024-10-18T23:33:13.317+0000] {override.py:1900} INFO - Created Permission View: can create on DAG Run:latest_only
[2024-10-18T23:33:13.386+0000] {logging_mixin.py:190} INFO - [2024-10-18T23:33:13.385+0000] {override.py:1900} INFO - Created Permission View: menu access on DAG Run:latest_only
[2024-10-18T23:33:13.418+0000] {logging_mixin.py:190} INFO - [2024-10-18T23:33:13.417+0000] {override.py:1900} INFO - Created Permission View: can delete on DAG Run:latest_only
[2024-10-18T23:33:13.425+0000] {logging_mixin.py:190} INFO - [2024-10-18T23:33:13.422+0000] {dag.py:3239} INFO - Sync 1 DAGs
[2024-10-18T23:33:13.496+0000] {logging_mixin.py:190} INFO - [2024-10-18T23:33:13.496+0000] {dag.py:3262} INFO - Creating ORM DAG for latest_only
[2024-10-18T23:33:13.522+0000] {logging_mixin.py:190} INFO - [2024-10-18T23:33:13.522+0000] {dag.py:4180} INFO - Setting next_dagrun for latest_only to 2024-10-18 16:00:00+00:00, run_after=2024-10-18 20:00:00+00:00
[2024-10-18T23:33:13.762+0000] {processor.py:208} INFO - Processing /home/airflow/.local/lib/python3.12/site-packages/airflow/example_dags/example_latest_only.py took 1.066 seconds
[2024-10-18T23:33:44.141+0000] {processor.py:186} INFO - Started process (PID=181) to work on /home/airflow/.local/lib/python3.12/site-packages/airflow/example_dags/example_latest_only.py
[2024-10-18T23:33:44.143+0000] {processor.py:914} INFO - Processing file /home/airflow/.local/lib/python3.12/site-packages/airflow/example_dags/example_latest_only.py for tasks to queue
[2024-10-18T23:33:44.147+0000] {logging_mixin.py:190} INFO - [2024-10-18T23:33:44.147+0000] {dagbag.py:588} INFO - Filling up the DagBag from /home/airflow/.local/lib/python3.12/site-packages/airflow/example_dags/example_latest_only.py
[2024-10-18T23:33:44.164+0000] {processor.py:925} INFO - DAG(s) 'latest_only' retrieved from /home/airflow/.local/lib/python3.12/site-packages/airflow/example_dags/example_latest_only.py
[2024-10-18T23:33:44.222+0000] {logging_mixin.py:190} INFO - [2024-10-18T23:33:44.221+0000] {dag.py:3239} INFO - Sync 1 DAGs
[2024-10-18T23:33:44.269+0000] {logging_mixin.py:190} INFO - [2024-10-18T23:33:44.268+0000] {dag.py:4180} INFO - Setting next_dagrun for latest_only to 2024-10-18 16:00:00+00:00, run_after=2024-10-18 20:00:00+00:00
[2024-10-18T23:33:44.300+0000] {processor.py:208} INFO - Processing /home/airflow/.local/lib/python3.12/site-packages/airflow/example_dags/example_latest_only.py took 0.167 seconds
[2024-10-18T23:34:14.891+0000] {processor.py:186} INFO - Started process (PID=243) to work on /home/airflow/.local/lib/python3.12/site-packages/airflow/example_dags/example_latest_only.py
[2024-10-18T23:34:14.929+0000] {processor.py:914} INFO - Processing file /home/airflow/.local/lib/python3.12/site-packages/airflow/example_dags/example_latest_only.py for tasks to queue
[2024-10-18T23:34:14.933+0000] {logging_mixin.py:190} INFO - [2024-10-18T23:34:14.933+0000] {dagbag.py:588} INFO - Filling up the DagBag from /home/airflow/.local/lib/python3.12/site-packages/airflow/example_dags/example_latest_only.py
[2024-10-18T23:34:14.940+0000] {processor.py:925} INFO - DAG(s) 'latest_only' retrieved from /home/airflow/.local/lib/python3.12/site-packages/airflow/example_dags/example_latest_only.py
[2024-10-18T23:34:14.959+0000] {logging_mixin.py:190} INFO - [2024-10-18T23:34:14.959+0000] {dag.py:3239} INFO - Sync 1 DAGs
[2024-10-18T23:34:14.981+0000] {logging_mixin.py:190} INFO - [2024-10-18T23:34:14.980+0000] {dag.py:4180} INFO - Setting next_dagrun for latest_only to 2024-10-18 16:00:00+00:00, run_after=2024-10-18 20:00:00+00:00
[2024-10-18T23:34:15.055+0000] {processor.py:208} INFO - Processing /home/airflow/.local/lib/python3.12/site-packages/airflow/example_dags/example_latest_only.py took 0.169 seconds
[2024-10-18T23:34:45.446+0000] {processor.py:186} INFO - Started process (PID=305) to work on /home/airflow/.local/lib/python3.12/site-packages/airflow/example_dags/example_latest_only.py
[2024-10-18T23:34:45.447+0000] {processor.py:914} INFO - Processing file /home/airflow/.local/lib/python3.12/site-packages/airflow/example_dags/example_latest_only.py for tasks to queue
[2024-10-18T23:34:45.449+0000] {logging_mixin.py:190} INFO - [2024-10-18T23:34:45.449+0000] {dagbag.py:588} INFO - Filling up the DagBag from /home/airflow/.local/lib/python3.12/site-packages/airflow/example_dags/example_latest_only.py
[2024-10-18T23:34:45.455+0000] {processor.py:925} INFO - DAG(s) 'latest_only' retrieved from /home/airflow/.local/lib/python3.12/site-packages/airflow/example_dags/example_latest_only.py
[2024-10-18T23:34:45.475+0000] {logging_mixin.py:190} INFO - [2024-10-18T23:34:45.475+0000] {dag.py:3239} INFO - Sync 1 DAGs
[2024-10-18T23:34:45.496+0000] {logging_mixin.py:190} INFO - [2024-10-18T23:34:45.495+0000] {dag.py:4180} INFO - Setting next_dagrun for latest_only to 2024-10-18 16:00:00+00:00, run_after=2024-10-18 20:00:00+00:00
[2024-10-18T23:34:45.516+0000] {processor.py:208} INFO - Processing /home/airflow/.local/lib/python3.12/site-packages/airflow/example_dags/example_latest_only.py took 0.075 seconds
[2024-10-18T23:35:15.718+0000] {processor.py:186} INFO - Started process (PID=367) to work on /home/airflow/.local/lib/python3.12/site-packages/airflow/example_dags/example_latest_only.py
[2024-10-18T23:35:15.719+0000] {processor.py:914} INFO - Processing file /home/airflow/.local/lib/python3.12/site-packages/airflow/example_dags/example_latest_only.py for tasks to queue
[2024-10-18T23:35:15.721+0000] {logging_mixin.py:190} INFO - [2024-10-18T23:35:15.721+0000] {dagbag.py:588} INFO - Filling up the DagBag from /home/airflow/.local/lib/python3.12/site-packages/airflow/example_dags/example_latest_only.py
[2024-10-18T23:35:15.728+0000] {processor.py:925} INFO - DAG(s) 'latest_only' retrieved from /home/airflow/.local/lib/python3.12/site-packages/airflow/example_dags/example_latest_only.py
[2024-10-18T23:35:15.746+0000] {logging_mixin.py:190} INFO - [2024-10-18T23:35:15.746+0000] {dag.py:3239} INFO - Sync 1 DAGs
[2024-10-18T23:35:15.770+0000] {logging_mixin.py:190} INFO - [2024-10-18T23:35:15.770+0000] {dag.py:4180} INFO - Setting next_dagrun for latest_only to 2024-10-18 16:00:00+00:00, run_after=2024-10-18 20:00:00+00:00
[2024-10-18T23:35:15.793+0000] {processor.py:208} INFO - Processing /home/airflow/.local/lib/python3.12/site-packages/airflow/example_dags/example_latest_only.py took 0.080 seconds
[2024-10-18T23:35:49.766+0000] {processor.py:186} INFO - Started process (PID=429) to work on /home/airflow/.local/lib/python3.12/site-packages/airflow/example_dags/example_latest_only.py
[2024-10-18T23:35:49.767+0000] {processor.py:914} INFO - Processing file /home/airflow/.local/lib/python3.12/site-packages/airflow/example_dags/example_latest_only.py for tasks to queue
[2024-10-18T23:35:49.769+0000] {logging_mixin.py:190} INFO - [2024-10-18T23:35:49.769+0000] {dagbag.py:588} INFO - Filling up the DagBag from /home/airflow/.local/lib/python3.12/site-packages/airflow/example_dags/example_latest_only.py
[2024-10-18T23:35:49.776+0000] {processor.py:925} INFO - DAG(s) 'latest_only' retrieved from /home/airflow/.local/lib/python3.12/site-packages/airflow/example_dags/example_latest_only.py
[2024-10-18T23:35:49.795+0000] {logging_mixin.py:190} INFO - [2024-10-18T23:35:49.795+0000] {dag.py:3239} INFO - Sync 1 DAGs
[2024-10-18T23:35:49.818+0000] {logging_mixin.py:190} INFO - [2024-10-18T23:35:49.818+0000] {dag.py:4180} INFO - Setting next_dagrun for latest_only to 2024-10-18 16:00:00+00:00, run_after=2024-10-18 20:00:00+00:00
[2024-10-18T23:35:49.836+0000] {processor.py:208} INFO - Processing /home/airflow/.local/lib/python3.12/site-packages/airflow/example_dags/example_latest_only.py took 0.076 seconds
[2024-10-18T23:36:21.184+0000] {processor.py:186} INFO - Started process (PID=491) to work on /home/airflow/.local/lib/python3.12/site-packages/airflow/example_dags/example_latest_only.py
[2024-10-18T23:36:21.185+0000] {processor.py:914} INFO - Processing file /home/airflow/.local/lib/python3.12/site-packages/airflow/example_dags/example_latest_only.py for tasks to queue
[2024-10-18T23:36:21.189+0000] {logging_mixin.py:190} INFO - [2024-10-18T23:36:21.188+0000] {dagbag.py:588} INFO - Filling up the DagBag from /home/airflow/.local/lib/python3.12/site-packages/airflow/example_dags/example_latest_only.py
[2024-10-18T23:36:21.198+0000] {processor.py:925} INFO - DAG(s) 'latest_only' retrieved from /home/airflow/.local/lib/python3.12/site-packages/airflow/example_dags/example_latest_only.py
[2024-10-18T23:36:21.224+0000] {logging_mixin.py:190} INFO - [2024-10-18T23:36:21.224+0000] {dag.py:3239} INFO - Sync 1 DAGs
[2024-10-18T23:36:21.256+0000] {logging_mixin.py:190} INFO - [2024-10-18T23:36:21.256+0000] {dag.py:4180} INFO - Setting next_dagrun for latest_only to 2024-10-18 16:00:00+00:00, run_after=2024-10-18 20:00:00+00:00
[2024-10-18T23:36:21.283+0000] {processor.py:208} INFO - Processing /home/airflow/.local/lib/python3.12/site-packages/airflow/example_dags/example_latest_only.py took 0.108 seconds
[2024-10-18T23:36:53.971+0000] {processor.py:186} INFO - Started process (PID=553) to work on /home/airflow/.local/lib/python3.12/site-packages/airflow/example_dags/example_latest_only.py
[2024-10-18T23:36:53.973+0000] {processor.py:914} INFO - Processing file /home/airflow/.local/lib/python3.12/site-packages/airflow/example_dags/example_latest_only.py for tasks to queue
[2024-10-18T23:36:53.977+0000] {logging_mixin.py:190} INFO - [2024-10-18T23:36:53.976+0000] {dagbag.py:588} INFO - Filling up the DagBag from /home/airflow/.local/lib/python3.12/site-packages/airflow/example_dags/example_latest_only.py
[2024-10-18T23:36:53.992+0000] {processor.py:925} INFO - DAG(s) 'latest_only' retrieved from /home/airflow/.local/lib/python3.12/site-packages/airflow/example_dags/example_latest_only.py
[2024-10-18T23:36:54.028+0000] {logging_mixin.py:190} INFO - [2024-10-18T23:36:54.027+0000] {dag.py:3239} INFO - Sync 1 DAGs
[2024-10-18T23:36:54.077+0000] {logging_mixin.py:190} INFO - [2024-10-18T23:36:54.076+0000] {dag.py:4180} INFO - Setting next_dagrun for latest_only to 2024-10-18 16:00:00+00:00, run_after=2024-10-18 20:00:00+00:00
[2024-10-18T23:36:54.156+0000] {processor.py:208} INFO - Processing /home/airflow/.local/lib/python3.12/site-packages/airflow/example_dags/example_latest_only.py took 0.196 seconds
[2024-10-18T23:37:24.908+0000] {processor.py:186} INFO - Started process (PID=615) to work on /home/airflow/.local/lib/python3.12/site-packages/airflow/example_dags/example_latest_only.py
[2024-10-18T23:37:24.910+0000] {processor.py:914} INFO - Processing file /home/airflow/.local/lib/python3.12/site-packages/airflow/example_dags/example_latest_only.py for tasks to queue
[2024-10-18T23:37:24.912+0000] {logging_mixin.py:190} INFO - [2024-10-18T23:37:24.912+0000] {dagbag.py:588} INFO - Filling up the DagBag from /home/airflow/.local/lib/python3.12/site-packages/airflow/example_dags/example_latest_only.py
[2024-10-18T23:37:24.921+0000] {processor.py:925} INFO - DAG(s) 'latest_only' retrieved from /home/airflow/.local/lib/python3.12/site-packages/airflow/example_dags/example_latest_only.py
[2024-10-18T23:37:24.940+0000] {logging_mixin.py:190} INFO - [2024-10-18T23:37:24.940+0000] {dag.py:3239} INFO - Sync 1 DAGs
[2024-10-18T23:37:24.964+0000] {logging_mixin.py:190} INFO - [2024-10-18T23:37:24.963+0000] {dag.py:4180} INFO - Setting next_dagrun for latest_only to 2024-10-18 16:00:00+00:00, run_after=2024-10-18 20:00:00+00:00
[2024-10-18T23:37:24.984+0000] {processor.py:208} INFO - Processing /home/airflow/.local/lib/python3.12/site-packages/airflow/example_dags/example_latest_only.py took 0.083 seconds
[2024-10-18T23:37:55.415+0000] {processor.py:186} INFO - Started process (PID=677) to work on /home/airflow/.local/lib/python3.12/site-packages/airflow/example_dags/example_latest_only.py
[2024-10-18T23:37:55.416+0000] {processor.py:914} INFO - Processing file /home/airflow/.local/lib/python3.12/site-packages/airflow/example_dags/example_latest_only.py for tasks to queue
[2024-10-18T23:37:55.419+0000] {logging_mixin.py:190} INFO - [2024-10-18T23:37:55.418+0000] {dagbag.py:588} INFO - Filling up the DagBag from /home/airflow/.local/lib/python3.12/site-packages/airflow/example_dags/example_latest_only.py
[2024-10-18T23:37:55.426+0000] {processor.py:925} INFO - DAG(s) 'latest_only' retrieved from /home/airflow/.local/lib/python3.12/site-packages/airflow/example_dags/example_latest_only.py
[2024-10-18T23:37:55.446+0000] {logging_mixin.py:190} INFO - [2024-10-18T23:37:55.445+0000] {dag.py:3239} INFO - Sync 1 DAGs
[2024-10-18T23:37:55.470+0000] {logging_mixin.py:190} INFO - [2024-10-18T23:37:55.470+0000] {dag.py:4180} INFO - Setting next_dagrun for latest_only to 2024-10-18 16:00:00+00:00, run_after=2024-10-18 20:00:00+00:00
[2024-10-18T23:37:55.497+0000] {processor.py:208} INFO - Processing /home/airflow/.local/lib/python3.12/site-packages/airflow/example_dags/example_latest_only.py took 0.088 seconds
[2024-10-18T23:38:26.156+0000] {processor.py:186} INFO - Started process (PID=739) to work on /home/airflow/.local/lib/python3.12/site-packages/airflow/example_dags/example_latest_only.py
[2024-10-18T23:38:26.157+0000] {processor.py:914} INFO - Processing file /home/airflow/.local/lib/python3.12/site-packages/airflow/example_dags/example_latest_only.py for tasks to queue
[2024-10-18T23:38:26.160+0000] {logging_mixin.py:190} INFO - [2024-10-18T23:38:26.160+0000] {dagbag.py:588} INFO - Filling up the DagBag from /home/airflow/.local/lib/python3.12/site-packages/airflow/example_dags/example_latest_only.py
[2024-10-18T23:38:26.167+0000] {processor.py:925} INFO - DAG(s) 'latest_only' retrieved from /home/airflow/.local/lib/python3.12/site-packages/airflow/example_dags/example_latest_only.py
[2024-10-18T23:38:26.187+0000] {logging_mixin.py:190} INFO - [2024-10-18T23:38:26.187+0000] {dag.py:3239} INFO - Sync 1 DAGs
[2024-10-18T23:38:26.209+0000] {logging_mixin.py:190} INFO - [2024-10-18T23:38:26.209+0000] {dag.py:4180} INFO - Setting next_dagrun for latest_only to 2024-10-18 16:00:00+00:00, run_after=2024-10-18 20:00:00+00:00
[2024-10-18T23:38:26.229+0000] {processor.py:208} INFO - Processing /home/airflow/.local/lib/python3.12/site-packages/airflow/example_dags/example_latest_only.py took 0.078 seconds
[2024-10-18T23:38:56.908+0000] {processor.py:186} INFO - Started process (PID=801) to work on /home/airflow/.local/lib/python3.12/site-packages/airflow/example_dags/example_latest_only.py
[2024-10-18T23:38:56.909+0000] {processor.py:914} INFO - Processing file /home/airflow/.local/lib/python3.12/site-packages/airflow/example_dags/example_latest_only.py for tasks to queue
[2024-10-18T23:38:56.911+0000] {logging_mixin.py:190} INFO - [2024-10-18T23:38:56.911+0000] {dagbag.py:588} INFO - Filling up the DagBag from /home/airflow/.local/lib/python3.12/site-packages/airflow/example_dags/example_latest_only.py
[2024-10-18T23:38:56.918+0000] {processor.py:925} INFO - DAG(s) 'latest_only' retrieved from /home/airflow/.local/lib/python3.12/site-packages/airflow/example_dags/example_latest_only.py
[2024-10-18T23:38:56.940+0000] {logging_mixin.py:190} INFO - [2024-10-18T23:38:56.940+0000] {dag.py:3239} INFO - Sync 1 DAGs
[2024-10-18T23:38:56.967+0000] {logging_mixin.py:190} INFO - [2024-10-18T23:38:56.966+0000] {dag.py:4180} INFO - Setting next_dagrun for latest_only to 2024-10-18 16:00:00+00:00, run_after=2024-10-18 20:00:00+00:00
[2024-10-18T23:38:56.986+0000] {processor.py:208} INFO - Processing /home/airflow/.local/lib/python3.12/site-packages/airflow/example_dags/example_latest_only.py took 0.084 seconds
[2024-10-18T23:39:27.609+0000] {processor.py:186} INFO - Started process (PID=863) to work on /home/airflow/.local/lib/python3.12/site-packages/airflow/example_dags/example_latest_only.py
[2024-10-18T23:39:27.610+0000] {processor.py:914} INFO - Processing file /home/airflow/.local/lib/python3.12/site-packages/airflow/example_dags/example_latest_only.py for tasks to queue
[2024-10-18T23:39:27.613+0000] {logging_mixin.py:190} INFO - [2024-10-18T23:39:27.613+0000] {dagbag.py:588} INFO - Filling up the DagBag from /home/airflow/.local/lib/python3.12/site-packages/airflow/example_dags/example_latest_only.py
[2024-10-18T23:39:27.619+0000] {processor.py:925} INFO - DAG(s) 'latest_only' retrieved from /home/airflow/.local/lib/python3.12/site-packages/airflow/example_dags/example_latest_only.py
[2024-10-18T23:39:27.640+0000] {logging_mixin.py:190} INFO - [2024-10-18T23:39:27.640+0000] {dag.py:3239} INFO - Sync 1 DAGs
[2024-10-18T23:39:27.664+0000] {logging_mixin.py:190} INFO - [2024-10-18T23:39:27.664+0000] {dag.py:4180} INFO - Setting next_dagrun for latest_only to 2024-10-18 16:00:00+00:00, run_after=2024-10-18 20:00:00+00:00
[2024-10-18T23:39:27.682+0000] {processor.py:208} INFO - Processing /home/airflow/.local/lib/python3.12/site-packages/airflow/example_dags/example_latest_only.py took 0.077 seconds
[2024-10-18T23:40:00.045+0000] {processor.py:186} INFO - Started process (PID=925) to work on /home/airflow/.local/lib/python3.12/site-packages/airflow/example_dags/example_latest_only.py
[2024-10-18T23:40:00.049+0000] {processor.py:914} INFO - Processing file /home/airflow/.local/lib/python3.12/site-packages/airflow/example_dags/example_latest_only.py for tasks to queue
[2024-10-18T23:40:00.057+0000] {logging_mixin.py:190} INFO - [2024-10-18T23:40:00.055+0000] {dagbag.py:588} INFO - Filling up the DagBag from /home/airflow/.local/lib/python3.12/site-packages/airflow/example_dags/example_latest_only.py
[2024-10-18T23:40:00.074+0000] {processor.py:925} INFO - DAG(s) 'latest_only' retrieved from /home/airflow/.local/lib/python3.12/site-packages/airflow/example_dags/example_latest_only.py
[2024-10-18T23:40:00.116+0000] {logging_mixin.py:190} INFO - [2024-10-18T23:40:00.115+0000] {dag.py:3239} INFO - Sync 1 DAGs
[2024-10-18T23:40:00.168+0000] {logging_mixin.py:190} INFO - [2024-10-18T23:40:00.168+0000] {dag.py:4180} INFO - Setting next_dagrun for latest_only to 2024-10-18 16:00:00+00:00, run_after=2024-10-18 20:00:00+00:00
[2024-10-18T23:40:00.211+0000] {processor.py:208} INFO - Processing /home/airflow/.local/lib/python3.12/site-packages/airflow/example_dags/example_latest_only.py took 0.181 seconds
[2024-10-18T23:40:30.610+0000] {processor.py:186} INFO - Started process (PID=987) to work on /home/airflow/.local/lib/python3.12/site-packages/airflow/example_dags/example_latest_only.py
[2024-10-18T23:40:30.612+0000] {processor.py:914} INFO - Processing file /home/airflow/.local/lib/python3.12/site-packages/airflow/example_dags/example_latest_only.py for tasks to queue
[2024-10-18T23:40:30.615+0000] {logging_mixin.py:190} INFO - [2024-10-18T23:40:30.614+0000] {dagbag.py:588} INFO - Filling up the DagBag from /home/airflow/.local/lib/python3.12/site-packages/airflow/example_dags/example_latest_only.py
[2024-10-18T23:40:30.622+0000] {processor.py:925} INFO - DAG(s) 'latest_only' retrieved from /home/airflow/.local/lib/python3.12/site-packages/airflow/example_dags/example_latest_only.py
[2024-10-18T23:40:30.644+0000] {logging_mixin.py:190} INFO - [2024-10-18T23:40:30.644+0000] {dag.py:3239} INFO - Sync 1 DAGs
[2024-10-18T23:40:30.671+0000] {logging_mixin.py:190} INFO - [2024-10-18T23:40:30.671+0000] {dag.py:4180} INFO - Setting next_dagrun for latest_only to 2024-10-18 16:00:00+00:00, run_after=2024-10-18 20:00:00+00:00
[2024-10-18T23:40:30.696+0000] {processor.py:208} INFO - Processing /home/airflow/.local/lib/python3.12/site-packages/airflow/example_dags/example_latest_only.py took 0.092 seconds
[2024-10-18T23:41:01.115+0000] {processor.py:186} INFO - Started process (PID=1049) to work on /home/airflow/.local/lib/python3.12/site-packages/airflow/example_dags/example_latest_only.py
[2024-10-18T23:41:01.116+0000] {processor.py:914} INFO - Processing file /home/airflow/.local/lib/python3.12/site-packages/airflow/example_dags/example_latest_only.py for tasks to queue
[2024-10-18T23:41:01.120+0000] {logging_mixin.py:190} INFO - [2024-10-18T23:41:01.120+0000] {dagbag.py:588} INFO - Filling up the DagBag from /home/airflow/.local/lib/python3.12/site-packages/airflow/example_dags/example_latest_only.py
[2024-10-18T23:41:01.130+0000] {processor.py:925} INFO - DAG(s) 'latest_only' retrieved from /home/airflow/.local/lib/python3.12/site-packages/airflow/example_dags/example_latest_only.py
[2024-10-18T23:41:01.153+0000] {logging_mixin.py:190} INFO - [2024-10-18T23:41:01.153+0000] {dag.py:3239} INFO - Sync 1 DAGs
[2024-10-18T23:41:01.186+0000] {logging_mixin.py:190} INFO - [2024-10-18T23:41:01.186+0000] {dag.py:4180} INFO - Setting next_dagrun for latest_only to 2024-10-18 16:00:00+00:00, run_after=2024-10-18 20:00:00+00:00
[2024-10-18T23:41:01.209+0000] {processor.py:208} INFO - Processing /home/airflow/.local/lib/python3.12/site-packages/airflow/example_dags/example_latest_only.py took 0.103 seconds
[2024-10-18T23:41:31.721+0000] {processor.py:186} INFO - Started process (PID=1111) to work on /home/airflow/.local/lib/python3.12/site-packages/airflow/example_dags/example_latest_only.py
[2024-10-18T23:41:31.723+0000] {processor.py:914} INFO - Processing file /home/airflow/.local/lib/python3.12/site-packages/airflow/example_dags/example_latest_only.py for tasks to queue
[2024-10-18T23:41:31.726+0000] {logging_mixin.py:190} INFO - [2024-10-18T23:41:31.726+0000] {dagbag.py:588} INFO - Filling up the DagBag from /home/airflow/.local/lib/python3.12/site-packages/airflow/example_dags/example_latest_only.py
[2024-10-18T23:41:31.733+0000] {processor.py:925} INFO - DAG(s) 'latest_only' retrieved from /home/airflow/.local/lib/python3.12/site-packages/airflow/example_dags/example_latest_only.py
[2024-10-18T23:41:31.755+0000] {logging_mixin.py:190} INFO - [2024-10-18T23:41:31.755+0000] {dag.py:3239} INFO - Sync 1 DAGs
[2024-10-18T23:41:31.779+0000] {logging_mixin.py:190} INFO - [2024-10-18T23:41:31.779+0000] {dag.py:4180} INFO - Setting next_dagrun for latest_only to 2024-10-18 16:00:00+00:00, run_after=2024-10-18 20:00:00+00:00
[2024-10-18T23:41:31.799+0000] {processor.py:208} INFO - Processing /home/airflow/.local/lib/python3.12/site-packages/airflow/example_dags/example_latest_only.py took 0.083 seconds
[2024-10-18T23:42:03.374+0000] {processor.py:186} INFO - Started process (PID=1173) to work on /home/airflow/.local/lib/python3.12/site-packages/airflow/example_dags/example_latest_only.py
[2024-10-18T23:42:03.376+0000] {processor.py:914} INFO - Processing file /home/airflow/.local/lib/python3.12/site-packages/airflow/example_dags/example_latest_only.py for tasks to queue
[2024-10-18T23:42:03.379+0000] {logging_mixin.py:190} INFO - [2024-10-18T23:42:03.378+0000] {dagbag.py:588} INFO - Filling up the DagBag from /home/airflow/.local/lib/python3.12/site-packages/airflow/example_dags/example_latest_only.py
[2024-10-18T23:42:03.387+0000] {processor.py:925} INFO - DAG(s) 'latest_only' retrieved from /home/airflow/.local/lib/python3.12/site-packages/airflow/example_dags/example_latest_only.py
[2024-10-18T23:42:03.410+0000] {logging_mixin.py:190} INFO - [2024-10-18T23:42:03.410+0000] {dag.py:3239} INFO - Sync 1 DAGs
[2024-10-18T23:42:03.452+0000] {logging_mixin.py:190} INFO - [2024-10-18T23:42:03.452+0000] {dag.py:4180} INFO - Setting next_dagrun for latest_only to 2024-10-18 16:00:00+00:00, run_after=2024-10-18 20:00:00+00:00
[2024-10-18T23:42:03.480+0000] {processor.py:208} INFO - Processing /home/airflow/.local/lib/python3.12/site-packages/airflow/example_dags/example_latest_only.py took 0.114 seconds
[2024-10-18T23:42:42.311+0000] {processor.py:186} INFO - Started process (PID=1241) to work on /home/airflow/.local/lib/python3.12/site-packages/airflow/example_dags/example_latest_only.py
[2024-10-18T23:42:42.312+0000] {processor.py:914} INFO - Processing file /home/airflow/.local/lib/python3.12/site-packages/airflow/example_dags/example_latest_only.py for tasks to queue
[2024-10-18T23:42:42.323+0000] {logging_mixin.py:190} INFO - [2024-10-18T23:42:42.323+0000] {dagbag.py:588} INFO - Filling up the DagBag from /home/airflow/.local/lib/python3.12/site-packages/airflow/example_dags/example_latest_only.py
[2024-10-18T23:42:42.354+0000] {processor.py:925} INFO - DAG(s) 'latest_only' retrieved from /home/airflow/.local/lib/python3.12/site-packages/airflow/example_dags/example_latest_only.py
[2024-10-18T23:42:42.403+0000] {logging_mixin.py:190} INFO - [2024-10-18T23:42:42.403+0000] {dag.py:3239} INFO - Sync 1 DAGs
[2024-10-18T23:42:42.510+0000] {logging_mixin.py:190} INFO - [2024-10-18T23:42:42.509+0000] {dag.py:4180} INFO - Setting next_dagrun for latest_only to 2024-10-18 16:00:00+00:00, run_after=2024-10-18 20:00:00+00:00
[2024-10-18T23:42:42.581+0000] {processor.py:208} INFO - Processing /home/airflow/.local/lib/python3.12/site-packages/airflow/example_dags/example_latest_only.py took 0.310 seconds
[2024-10-18T23:43:13.173+0000] {processor.py:186} INFO - Started process (PID=1303) to work on /home/airflow/.local/lib/python3.12/site-packages/airflow/example_dags/example_latest_only.py
[2024-10-18T23:43:13.176+0000] {processor.py:914} INFO - Processing file /home/airflow/.local/lib/python3.12/site-packages/airflow/example_dags/example_latest_only.py for tasks to queue
[2024-10-18T23:43:13.181+0000] {logging_mixin.py:190} INFO - [2024-10-18T23:43:13.180+0000] {dagbag.py:588} INFO - Filling up the DagBag from /home/airflow/.local/lib/python3.12/site-packages/airflow/example_dags/example_latest_only.py
[2024-10-18T23:43:13.197+0000] {processor.py:925} INFO - DAG(s) 'latest_only' retrieved from /home/airflow/.local/lib/python3.12/site-packages/airflow/example_dags/example_latest_only.py
[2024-10-18T23:43:13.237+0000] {logging_mixin.py:190} INFO - [2024-10-18T23:43:13.236+0000] {dag.py:3239} INFO - Sync 1 DAGs
[2024-10-18T23:43:13.282+0000] {logging_mixin.py:190} INFO - [2024-10-18T23:43:13.281+0000] {dag.py:4180} INFO - Setting next_dagrun for latest_only to 2024-10-18 16:00:00+00:00, run_after=2024-10-18 20:00:00+00:00
[2024-10-18T23:43:13.325+0000] {processor.py:208} INFO - Processing /home/airflow/.local/lib/python3.12/site-packages/airflow/example_dags/example_latest_only.py took 0.163 seconds
[2024-10-18T23:43:44.053+0000] {processor.py:186} INFO - Started process (PID=1365) to work on /home/airflow/.local/lib/python3.12/site-packages/airflow/example_dags/example_latest_only.py
[2024-10-18T23:43:44.054+0000] {processor.py:914} INFO - Processing file /home/airflow/.local/lib/python3.12/site-packages/airflow/example_dags/example_latest_only.py for tasks to queue
[2024-10-18T23:43:44.056+0000] {logging_mixin.py:190} INFO - [2024-10-18T23:43:44.056+0000] {dagbag.py:588} INFO - Filling up the DagBag from /home/airflow/.local/lib/python3.12/site-packages/airflow/example_dags/example_latest_only.py
[2024-10-18T23:43:44.062+0000] {processor.py:925} INFO - DAG(s) 'latest_only' retrieved from /home/airflow/.local/lib/python3.12/site-packages/airflow/example_dags/example_latest_only.py
[2024-10-18T23:43:44.080+0000] {logging_mixin.py:190} INFO - [2024-10-18T23:43:44.080+0000] {dag.py:3239} INFO - Sync 1 DAGs
[2024-10-18T23:43:44.103+0000] {logging_mixin.py:190} INFO - [2024-10-18T23:43:44.103+0000] {dag.py:4180} INFO - Setting next_dagrun for latest_only to 2024-10-18 16:00:00+00:00, run_after=2024-10-18 20:00:00+00:00
[2024-10-18T23:43:44.135+0000] {processor.py:208} INFO - Processing /home/airflow/.local/lib/python3.12/site-packages/airflow/example_dags/example_latest_only.py took 0.088 seconds
[2024-10-18T23:44:15.151+0000] {processor.py:186} INFO - Started process (PID=1427) to work on /home/airflow/.local/lib/python3.12/site-packages/airflow/example_dags/example_latest_only.py
[2024-10-18T23:44:15.152+0000] {processor.py:914} INFO - Processing file /home/airflow/.local/lib/python3.12/site-packages/airflow/example_dags/example_latest_only.py for tasks to queue
[2024-10-18T23:44:15.154+0000] {logging_mixin.py:190} INFO - [2024-10-18T23:44:15.154+0000] {dagbag.py:588} INFO - Filling up the DagBag from /home/airflow/.local/lib/python3.12/site-packages/airflow/example_dags/example_latest_only.py
[2024-10-18T23:44:15.163+0000] {processor.py:925} INFO - DAG(s) 'latest_only' retrieved from /home/airflow/.local/lib/python3.12/site-packages/airflow/example_dags/example_latest_only.py
[2024-10-18T23:44:15.183+0000] {logging_mixin.py:190} INFO - [2024-10-18T23:44:15.183+0000] {dag.py:3239} INFO - Sync 1 DAGs
[2024-10-18T23:44:15.212+0000] {logging_mixin.py:190} INFO - [2024-10-18T23:44:15.212+0000] {dag.py:4180} INFO - Setting next_dagrun for latest_only to 2024-10-18 16:00:00+00:00, run_after=2024-10-18 20:00:00+00:00
[2024-10-18T23:44:15.233+0000] {processor.py:208} INFO - Processing /home/airflow/.local/lib/python3.12/site-packages/airflow/example_dags/example_latest_only.py took 0.089 seconds
[2024-10-18T23:44:46.086+0000] {processor.py:186} INFO - Started process (PID=1490) to work on /home/airflow/.local/lib/python3.12/site-packages/airflow/example_dags/example_latest_only.py
[2024-10-18T23:44:46.088+0000] {processor.py:914} INFO - Processing file /home/airflow/.local/lib/python3.12/site-packages/airflow/example_dags/example_latest_only.py for tasks to queue
[2024-10-18T23:44:46.091+0000] {logging_mixin.py:190} INFO - [2024-10-18T23:44:46.090+0000] {dagbag.py:588} INFO - Filling up the DagBag from /home/airflow/.local/lib/python3.12/site-packages/airflow/example_dags/example_latest_only.py
[2024-10-18T23:44:46.097+0000] {processor.py:925} INFO - DAG(s) 'latest_only' retrieved from /home/airflow/.local/lib/python3.12/site-packages/airflow/example_dags/example_latest_only.py
[2024-10-18T23:44:46.116+0000] {logging_mixin.py:190} INFO - [2024-10-18T23:44:46.116+0000] {dag.py:3239} INFO - Sync 1 DAGs
[2024-10-18T23:44:46.137+0000] {logging_mixin.py:190} INFO - [2024-10-18T23:44:46.137+0000] {dag.py:4180} INFO - Setting next_dagrun for latest_only to 2024-10-18 16:00:00+00:00, run_after=2024-10-18 20:00:00+00:00
[2024-10-18T23:44:46.158+0000] {processor.py:208} INFO - Processing /home/airflow/.local/lib/python3.12/site-packages/airflow/example_dags/example_latest_only.py took 0.077 seconds
[2024-10-18T23:45:16.826+0000] {processor.py:186} INFO - Started process (PID=1555) to work on /home/airflow/.local/lib/python3.12/site-packages/airflow/example_dags/example_latest_only.py
[2024-10-18T23:45:16.827+0000] {processor.py:914} INFO - Processing file /home/airflow/.local/lib/python3.12/site-packages/airflow/example_dags/example_latest_only.py for tasks to queue
[2024-10-18T23:45:16.830+0000] {logging_mixin.py:190} INFO - [2024-10-18T23:45:16.829+0000] {dagbag.py:588} INFO - Filling up the DagBag from /home/airflow/.local/lib/python3.12/site-packages/airflow/example_dags/example_latest_only.py
[2024-10-18T23:45:16.837+0000] {processor.py:925} INFO - DAG(s) 'latest_only' retrieved from /home/airflow/.local/lib/python3.12/site-packages/airflow/example_dags/example_latest_only.py
[2024-10-18T23:45:16.857+0000] {logging_mixin.py:190} INFO - [2024-10-18T23:45:16.857+0000] {dag.py:3239} INFO - Sync 1 DAGs
[2024-10-18T23:45:16.879+0000] {logging_mixin.py:190} INFO - [2024-10-18T23:45:16.879+0000] {dag.py:4180} INFO - Setting next_dagrun for latest_only to 2024-10-18 16:00:00+00:00, run_after=2024-10-18 20:00:00+00:00
[2024-10-18T23:45:16.899+0000] {processor.py:208} INFO - Processing /home/airflow/.local/lib/python3.12/site-packages/airflow/example_dags/example_latest_only.py took 0.079 seconds
[2024-10-18T23:45:47.645+0000] {processor.py:186} INFO - Started process (PID=1620) to work on /home/airflow/.local/lib/python3.12/site-packages/airflow/example_dags/example_latest_only.py
[2024-10-18T23:45:47.646+0000] {processor.py:914} INFO - Processing file /home/airflow/.local/lib/python3.12/site-packages/airflow/example_dags/example_latest_only.py for tasks to queue
[2024-10-18T23:45:47.648+0000] {logging_mixin.py:190} INFO - [2024-10-18T23:45:47.648+0000] {dagbag.py:588} INFO - Filling up the DagBag from /home/airflow/.local/lib/python3.12/site-packages/airflow/example_dags/example_latest_only.py
[2024-10-18T23:45:47.655+0000] {processor.py:925} INFO - DAG(s) 'latest_only' retrieved from /home/airflow/.local/lib/python3.12/site-packages/airflow/example_dags/example_latest_only.py
[2024-10-18T23:45:47.674+0000] {logging_mixin.py:190} INFO - [2024-10-18T23:45:47.674+0000] {dag.py:3239} INFO - Sync 1 DAGs
[2024-10-18T23:45:47.697+0000] {logging_mixin.py:190} INFO - [2024-10-18T23:45:47.696+0000] {dag.py:4180} INFO - Setting next_dagrun for latest_only to 2024-10-18 16:00:00+00:00, run_after=2024-10-18 20:00:00+00:00
[2024-10-18T23:45:47.717+0000] {processor.py:208} INFO - Processing /home/airflow/.local/lib/python3.12/site-packages/airflow/example_dags/example_latest_only.py took 0.078 seconds
[2024-10-18T23:46:18.399+0000] {processor.py:186} INFO - Started process (PID=1682) to work on /home/airflow/.local/lib/python3.12/site-packages/airflow/example_dags/example_latest_only.py
[2024-10-18T23:46:18.400+0000] {processor.py:914} INFO - Processing file /home/airflow/.local/lib/python3.12/site-packages/airflow/example_dags/example_latest_only.py for tasks to queue
[2024-10-18T23:46:18.403+0000] {logging_mixin.py:190} INFO - [2024-10-18T23:46:18.403+0000] {dagbag.py:588} INFO - Filling up the DagBag from /home/airflow/.local/lib/python3.12/site-packages/airflow/example_dags/example_latest_only.py
[2024-10-18T23:46:18.410+0000] {processor.py:925} INFO - DAG(s) 'latest_only' retrieved from /home/airflow/.local/lib/python3.12/site-packages/airflow/example_dags/example_latest_only.py
[2024-10-18T23:46:18.430+0000] {logging_mixin.py:190} INFO - [2024-10-18T23:46:18.430+0000] {dag.py:3239} INFO - Sync 1 DAGs
[2024-10-18T23:46:18.454+0000] {logging_mixin.py:190} INFO - [2024-10-18T23:46:18.453+0000] {dag.py:4180} INFO - Setting next_dagrun for latest_only to 2024-10-18 16:00:00+00:00, run_after=2024-10-18 20:00:00+00:00
[2024-10-18T23:46:18.473+0000] {processor.py:208} INFO - Processing /home/airflow/.local/lib/python3.12/site-packages/airflow/example_dags/example_latest_only.py took 0.080 seconds
[2024-10-18T23:46:53.068+0000] {processor.py:186} INFO - Started process (PID=1748) to work on /home/airflow/.local/lib/python3.12/site-packages/airflow/example_dags/example_latest_only.py
[2024-10-18T23:46:53.070+0000] {processor.py:914} INFO - Processing file /home/airflow/.local/lib/python3.12/site-packages/airflow/example_dags/example_latest_only.py for tasks to queue
[2024-10-18T23:46:53.072+0000] {logging_mixin.py:190} INFO - [2024-10-18T23:46:53.072+0000] {dagbag.py:588} INFO - Filling up the DagBag from /home/airflow/.local/lib/python3.12/site-packages/airflow/example_dags/example_latest_only.py
[2024-10-18T23:46:53.079+0000] {processor.py:925} INFO - DAG(s) 'latest_only' retrieved from /home/airflow/.local/lib/python3.12/site-packages/airflow/example_dags/example_latest_only.py
[2024-10-18T23:46:53.098+0000] {logging_mixin.py:190} INFO - [2024-10-18T23:46:53.098+0000] {dag.py:3239} INFO - Sync 1 DAGs
[2024-10-18T23:46:53.121+0000] {logging_mixin.py:190} INFO - [2024-10-18T23:46:53.121+0000] {dag.py:4180} INFO - Setting next_dagrun for latest_only to 2024-10-18 16:00:00+00:00, run_after=2024-10-18 20:00:00+00:00
[2024-10-18T23:46:53.141+0000] {processor.py:208} INFO - Processing /home/airflow/.local/lib/python3.12/site-packages/airflow/example_dags/example_latest_only.py took 0.078 seconds
[2024-10-18T23:47:23.981+0000] {processor.py:186} INFO - Started process (PID=1810) to work on /home/airflow/.local/lib/python3.12/site-packages/airflow/example_dags/example_latest_only.py
[2024-10-18T23:47:23.982+0000] {processor.py:914} INFO - Processing file /home/airflow/.local/lib/python3.12/site-packages/airflow/example_dags/example_latest_only.py for tasks to queue
[2024-10-18T23:47:23.985+0000] {logging_mixin.py:190} INFO - [2024-10-18T23:47:23.985+0000] {dagbag.py:588} INFO - Filling up the DagBag from /home/airflow/.local/lib/python3.12/site-packages/airflow/example_dags/example_latest_only.py
[2024-10-18T23:47:23.992+0000] {processor.py:925} INFO - DAG(s) 'latest_only' retrieved from /home/airflow/.local/lib/python3.12/site-packages/airflow/example_dags/example_latest_only.py
[2024-10-18T23:47:24.013+0000] {logging_mixin.py:190} INFO - [2024-10-18T23:47:24.013+0000] {dag.py:3239} INFO - Sync 1 DAGs
[2024-10-18T23:47:24.039+0000] {logging_mixin.py:190} INFO - [2024-10-18T23:47:24.039+0000] {dag.py:4180} INFO - Setting next_dagrun for latest_only to 2024-10-18 16:00:00+00:00, run_after=2024-10-18 20:00:00+00:00
[2024-10-18T23:47:24.059+0000] {processor.py:208} INFO - Processing /home/airflow/.local/lib/python3.12/site-packages/airflow/example_dags/example_latest_only.py took 0.084 seconds
[2024-10-18T23:47:56.176+0000] {processor.py:186} INFO - Started process (PID=1872) to work on /home/airflow/.local/lib/python3.12/site-packages/airflow/example_dags/example_latest_only.py
[2024-10-18T23:47:56.177+0000] {processor.py:914} INFO - Processing file /home/airflow/.local/lib/python3.12/site-packages/airflow/example_dags/example_latest_only.py for tasks to queue
[2024-10-18T23:47:56.181+0000] {logging_mixin.py:190} INFO - [2024-10-18T23:47:56.181+0000] {dagbag.py:588} INFO - Filling up the DagBag from /home/airflow/.local/lib/python3.12/site-packages/airflow/example_dags/example_latest_only.py
[2024-10-18T23:47:56.191+0000] {processor.py:925} INFO - DAG(s) 'latest_only' retrieved from /home/airflow/.local/lib/python3.12/site-packages/airflow/example_dags/example_latest_only.py
[2024-10-18T23:47:56.217+0000] {logging_mixin.py:190} INFO - [2024-10-18T23:47:56.217+0000] {dag.py:3239} INFO - Sync 1 DAGs
[2024-10-18T23:47:56.249+0000] {logging_mixin.py:190} INFO - [2024-10-18T23:47:56.249+0000] {dag.py:4180} INFO - Setting next_dagrun for latest_only to 2024-10-18 16:00:00+00:00, run_after=2024-10-18 20:00:00+00:00
[2024-10-18T23:47:56.275+0000] {processor.py:208} INFO - Processing /home/airflow/.local/lib/python3.12/site-packages/airflow/example_dags/example_latest_only.py took 0.108 seconds
[2024-10-18T23:48:31.560+0000] {processor.py:186} INFO - Started process (PID=1934) to work on /home/airflow/.local/lib/python3.12/site-packages/airflow/example_dags/example_latest_only.py
[2024-10-18T23:48:31.564+0000] {processor.py:914} INFO - Processing file /home/airflow/.local/lib/python3.12/site-packages/airflow/example_dags/example_latest_only.py for tasks to queue
[2024-10-18T23:48:31.571+0000] {logging_mixin.py:190} INFO - [2024-10-18T23:48:31.570+0000] {dagbag.py:588} INFO - Filling up the DagBag from /home/airflow/.local/lib/python3.12/site-packages/airflow/example_dags/example_latest_only.py
[2024-10-18T23:48:31.588+0000] {processor.py:925} INFO - DAG(s) 'latest_only' retrieved from /home/airflow/.local/lib/python3.12/site-packages/airflow/example_dags/example_latest_only.py
[2024-10-18T23:48:31.635+0000] {logging_mixin.py:190} INFO - [2024-10-18T23:48:31.634+0000] {dag.py:3239} INFO - Sync 1 DAGs
[2024-10-18T23:48:31.682+0000] {logging_mixin.py:190} INFO - [2024-10-18T23:48:31.681+0000] {dag.py:4180} INFO - Setting next_dagrun for latest_only to 2024-10-18 16:00:00+00:00, run_after=2024-10-18 20:00:00+00:00
[2024-10-18T23:48:31.719+0000] {processor.py:208} INFO - Processing /home/airflow/.local/lib/python3.12/site-packages/airflow/example_dags/example_latest_only.py took 0.172 seconds
[2024-10-18T23:49:02.812+0000] {processor.py:186} INFO - Started process (PID=1996) to work on /home/airflow/.local/lib/python3.12/site-packages/airflow/example_dags/example_latest_only.py
[2024-10-18T23:49:02.815+0000] {processor.py:914} INFO - Processing file /home/airflow/.local/lib/python3.12/site-packages/airflow/example_dags/example_latest_only.py for tasks to queue
[2024-10-18T23:49:02.819+0000] {logging_mixin.py:190} INFO - [2024-10-18T23:49:02.818+0000] {dagbag.py:588} INFO - Filling up the DagBag from /home/airflow/.local/lib/python3.12/site-packages/airflow/example_dags/example_latest_only.py
[2024-10-18T23:49:02.830+0000] {processor.py:925} INFO - DAG(s) 'latest_only' retrieved from /home/airflow/.local/lib/python3.12/site-packages/airflow/example_dags/example_latest_only.py
[2024-10-18T23:49:02.867+0000] {logging_mixin.py:190} INFO - [2024-10-18T23:49:02.867+0000] {dag.py:3239} INFO - Sync 1 DAGs
[2024-10-18T23:49:02.913+0000] {logging_mixin.py:190} INFO - [2024-10-18T23:49:02.913+0000] {dag.py:4180} INFO - Setting next_dagrun for latest_only to 2024-10-18 16:00:00+00:00, run_after=2024-10-18 20:00:00+00:00
[2024-10-18T23:49:02.952+0000] {processor.py:208} INFO - Processing /home/airflow/.local/lib/python3.12/site-packages/airflow/example_dags/example_latest_only.py took 0.162 seconds
[2024-10-18T23:49:33.412+0000] {processor.py:186} INFO - Started process (PID=2059) to work on /home/airflow/.local/lib/python3.12/site-packages/airflow/example_dags/example_latest_only.py
[2024-10-18T23:49:33.413+0000] {processor.py:914} INFO - Processing file /home/airflow/.local/lib/python3.12/site-packages/airflow/example_dags/example_latest_only.py for tasks to queue
[2024-10-18T23:49:33.416+0000] {logging_mixin.py:190} INFO - [2024-10-18T23:49:33.416+0000] {dagbag.py:588} INFO - Filling up the DagBag from /home/airflow/.local/lib/python3.12/site-packages/airflow/example_dags/example_latest_only.py
[2024-10-18T23:49:33.425+0000] {processor.py:925} INFO - DAG(s) 'latest_only' retrieved from /home/airflow/.local/lib/python3.12/site-packages/airflow/example_dags/example_latest_only.py
[2024-10-18T23:49:33.448+0000] {logging_mixin.py:190} INFO - [2024-10-18T23:49:33.448+0000] {dag.py:3239} INFO - Sync 1 DAGs
[2024-10-18T23:49:33.475+0000] {logging_mixin.py:190} INFO - [2024-10-18T23:49:33.475+0000] {dag.py:4180} INFO - Setting next_dagrun for latest_only to 2024-10-18 16:00:00+00:00, run_after=2024-10-18 20:00:00+00:00
[2024-10-18T23:49:33.511+0000] {processor.py:208} INFO - Processing /home/airflow/.local/lib/python3.12/site-packages/airflow/example_dags/example_latest_only.py took 0.106 seconds
[2024-10-18T23:50:04.219+0000] {processor.py:186} INFO - Started process (PID=2122) to work on /home/airflow/.local/lib/python3.12/site-packages/airflow/example_dags/example_latest_only.py
[2024-10-18T23:50:04.221+0000] {processor.py:914} INFO - Processing file /home/airflow/.local/lib/python3.12/site-packages/airflow/example_dags/example_latest_only.py for tasks to queue
[2024-10-18T23:50:04.223+0000] {logging_mixin.py:190} INFO - [2024-10-18T23:50:04.223+0000] {dagbag.py:588} INFO - Filling up the DagBag from /home/airflow/.local/lib/python3.12/site-packages/airflow/example_dags/example_latest_only.py
[2024-10-18T23:50:04.231+0000] {processor.py:925} INFO - DAG(s) 'latest_only' retrieved from /home/airflow/.local/lib/python3.12/site-packages/airflow/example_dags/example_latest_only.py
[2024-10-18T23:50:04.253+0000] {logging_mixin.py:190} INFO - [2024-10-18T23:50:04.252+0000] {dag.py:3239} INFO - Sync 1 DAGs
[2024-10-18T23:50:04.276+0000] {logging_mixin.py:190} INFO - [2024-10-18T23:50:04.276+0000] {dag.py:4180} INFO - Setting next_dagrun for latest_only to 2024-10-18 16:00:00+00:00, run_after=2024-10-18 20:00:00+00:00
[2024-10-18T23:50:04.299+0000] {processor.py:208} INFO - Processing /home/airflow/.local/lib/python3.12/site-packages/airflow/example_dags/example_latest_only.py took 0.086 seconds
[2024-10-18T23:50:35.910+0000] {processor.py:186} INFO - Started process (PID=2186) to work on /home/airflow/.local/lib/python3.12/site-packages/airflow/example_dags/example_latest_only.py
[2024-10-18T23:50:35.912+0000] {processor.py:914} INFO - Processing file /home/airflow/.local/lib/python3.12/site-packages/airflow/example_dags/example_latest_only.py for tasks to queue
[2024-10-18T23:50:35.917+0000] {logging_mixin.py:190} INFO - [2024-10-18T23:50:35.916+0000] {dagbag.py:588} INFO - Filling up the DagBag from /home/airflow/.local/lib/python3.12/site-packages/airflow/example_dags/example_latest_only.py
[2024-10-18T23:50:35.930+0000] {processor.py:925} INFO - DAG(s) 'latest_only' retrieved from /home/airflow/.local/lib/python3.12/site-packages/airflow/example_dags/example_latest_only.py
[2024-10-18T23:50:35.973+0000] {logging_mixin.py:190} INFO - [2024-10-18T23:50:35.973+0000] {dag.py:3239} INFO - Sync 1 DAGs
[2024-10-18T23:50:36.031+0000] {logging_mixin.py:190} INFO - [2024-10-18T23:50:36.031+0000] {dag.py:4180} INFO - Setting next_dagrun for latest_only to 2024-10-18 16:00:00+00:00, run_after=2024-10-18 20:00:00+00:00
[2024-10-18T23:50:36.073+0000] {processor.py:208} INFO - Processing /home/airflow/.local/lib/python3.12/site-packages/airflow/example_dags/example_latest_only.py took 0.176 seconds
[2024-10-18T23:51:06.174+0000] {processor.py:186} INFO - Started process (PID=2247) to work on /home/airflow/.local/lib/python3.12/site-packages/airflow/example_dags/example_latest_only.py
[2024-10-18T23:51:06.176+0000] {processor.py:914} INFO - Processing file /home/airflow/.local/lib/python3.12/site-packages/airflow/example_dags/example_latest_only.py for tasks to queue
[2024-10-18T23:51:06.178+0000] {logging_mixin.py:190} INFO - [2024-10-18T23:51:06.178+0000] {dagbag.py:588} INFO - Filling up the DagBag from /home/airflow/.local/lib/python3.12/site-packages/airflow/example_dags/example_latest_only.py
[2024-10-18T23:51:06.185+0000] {processor.py:925} INFO - DAG(s) 'latest_only' retrieved from /home/airflow/.local/lib/python3.12/site-packages/airflow/example_dags/example_latest_only.py
[2024-10-18T23:51:06.207+0000] {logging_mixin.py:190} INFO - [2024-10-18T23:51:06.207+0000] {dag.py:3239} INFO - Sync 1 DAGs
[2024-10-18T23:51:06.235+0000] {logging_mixin.py:190} INFO - [2024-10-18T23:51:06.235+0000] {dag.py:4180} INFO - Setting next_dagrun for latest_only to 2024-10-18 16:00:00+00:00, run_after=2024-10-18 20:00:00+00:00
[2024-10-18T23:51:06.259+0000] {processor.py:208} INFO - Processing /home/airflow/.local/lib/python3.12/site-packages/airflow/example_dags/example_latest_only.py took 0.090 seconds
[2024-10-18T23:51:36.610+0000] {processor.py:186} INFO - Started process (PID=2309) to work on /home/airflow/.local/lib/python3.12/site-packages/airflow/example_dags/example_latest_only.py
[2024-10-18T23:51:36.612+0000] {processor.py:914} INFO - Processing file /home/airflow/.local/lib/python3.12/site-packages/airflow/example_dags/example_latest_only.py for tasks to queue
[2024-10-18T23:51:36.616+0000] {logging_mixin.py:190} INFO - [2024-10-18T23:51:36.616+0000] {dagbag.py:588} INFO - Filling up the DagBag from /home/airflow/.local/lib/python3.12/site-packages/airflow/example_dags/example_latest_only.py
[2024-10-18T23:51:36.627+0000] {processor.py:925} INFO - DAG(s) 'latest_only' retrieved from /home/airflow/.local/lib/python3.12/site-packages/airflow/example_dags/example_latest_only.py
[2024-10-18T23:51:36.660+0000] {logging_mixin.py:190} INFO - [2024-10-18T23:51:36.660+0000] {dag.py:3239} INFO - Sync 1 DAGs
[2024-10-18T23:51:36.711+0000] {logging_mixin.py:190} INFO - [2024-10-18T23:51:36.710+0000] {dag.py:4180} INFO - Setting next_dagrun for latest_only to 2024-10-18 16:00:00+00:00, run_after=2024-10-18 20:00:00+00:00
[2024-10-18T23:51:36.746+0000] {processor.py:208} INFO - Processing /home/airflow/.local/lib/python3.12/site-packages/airflow/example_dags/example_latest_only.py took 0.145 seconds
[2024-10-18T23:52:07.891+0000] {processor.py:186} INFO - Started process (PID=2371) to work on /home/airflow/.local/lib/python3.12/site-packages/airflow/example_dags/example_latest_only.py
[2024-10-18T23:52:07.894+0000] {processor.py:914} INFO - Processing file /home/airflow/.local/lib/python3.12/site-packages/airflow/example_dags/example_latest_only.py for tasks to queue
[2024-10-18T23:52:08.002+0000] {logging_mixin.py:190} INFO - [2024-10-18T23:52:07.992+0000] {dagbag.py:588} INFO - Filling up the DagBag from /home/airflow/.local/lib/python3.12/site-packages/airflow/example_dags/example_latest_only.py
[2024-10-18T23:52:08.398+0000] {processor.py:925} INFO - DAG(s) 'latest_only' retrieved from /home/airflow/.local/lib/python3.12/site-packages/airflow/example_dags/example_latest_only.py
[2024-10-18T23:52:09.363+0000] {logging_mixin.py:190} INFO - [2024-10-18T23:52:09.361+0000] {dag.py:3239} INFO - Sync 1 DAGs
[2024-10-18T23:52:10.016+0000] {logging_mixin.py:190} INFO - [2024-10-18T23:52:10.015+0000] {dag.py:4180} INFO - Setting next_dagrun for latest_only to 2024-10-18 16:00:00+00:00, run_after=2024-10-18 20:00:00+00:00
[2024-10-18T23:52:10.166+0000] {processor.py:208} INFO - Processing /home/airflow/.local/lib/python3.12/site-packages/airflow/example_dags/example_latest_only.py took 2.420 seconds
[2024-10-18T23:52:40.474+0000] {processor.py:186} INFO - Started process (PID=2432) to work on /home/airflow/.local/lib/python3.12/site-packages/airflow/example_dags/example_latest_only.py
[2024-10-18T23:52:40.476+0000] {processor.py:914} INFO - Processing file /home/airflow/.local/lib/python3.12/site-packages/airflow/example_dags/example_latest_only.py for tasks to queue
[2024-10-18T23:52:40.478+0000] {logging_mixin.py:190} INFO - [2024-10-18T23:52:40.478+0000] {dagbag.py:588} INFO - Filling up the DagBag from /home/airflow/.local/lib/python3.12/site-packages/airflow/example_dags/example_latest_only.py
[2024-10-18T23:52:40.485+0000] {processor.py:925} INFO - DAG(s) 'latest_only' retrieved from /home/airflow/.local/lib/python3.12/site-packages/airflow/example_dags/example_latest_only.py
[2024-10-18T23:52:40.511+0000] {logging_mixin.py:190} INFO - [2024-10-18T23:52:40.511+0000] {dag.py:3239} INFO - Sync 1 DAGs
[2024-10-18T23:52:40.538+0000] {logging_mixin.py:190} INFO - [2024-10-18T23:52:40.537+0000] {dag.py:4180} INFO - Setting next_dagrun for latest_only to 2024-10-18 16:00:00+00:00, run_after=2024-10-18 20:00:00+00:00
[2024-10-18T23:52:40.561+0000] {processor.py:208} INFO - Processing /home/airflow/.local/lib/python3.12/site-packages/airflow/example_dags/example_latest_only.py took 0.093 seconds
[2024-10-18T23:53:11.123+0000] {processor.py:186} INFO - Started process (PID=2494) to work on /home/airflow/.local/lib/python3.12/site-packages/airflow/example_dags/example_latest_only.py
[2024-10-18T23:53:11.125+0000] {processor.py:914} INFO - Processing file /home/airflow/.local/lib/python3.12/site-packages/airflow/example_dags/example_latest_only.py for tasks to queue
[2024-10-18T23:53:11.129+0000] {logging_mixin.py:190} INFO - [2024-10-18T23:53:11.128+0000] {dagbag.py:588} INFO - Filling up the DagBag from /home/airflow/.local/lib/python3.12/site-packages/airflow/example_dags/example_latest_only.py
[2024-10-18T23:53:11.140+0000] {processor.py:925} INFO - DAG(s) 'latest_only' retrieved from /home/airflow/.local/lib/python3.12/site-packages/airflow/example_dags/example_latest_only.py
[2024-10-18T23:53:11.174+0000] {logging_mixin.py:190} INFO - [2024-10-18T23:53:11.173+0000] {dag.py:3239} INFO - Sync 1 DAGs
[2024-10-18T23:53:11.272+0000] {logging_mixin.py:190} INFO - [2024-10-18T23:53:11.272+0000] {dag.py:4180} INFO - Setting next_dagrun for latest_only to 2024-10-18 16:00:00+00:00, run_after=2024-10-18 20:00:00+00:00
[2024-10-18T23:53:11.357+0000] {processor.py:208} INFO - Processing /home/airflow/.local/lib/python3.12/site-packages/airflow/example_dags/example_latest_only.py took 0.243 seconds
[2024-10-18T23:53:42.169+0000] {processor.py:186} INFO - Started process (PID=2556) to work on /home/airflow/.local/lib/python3.12/site-packages/airflow/example_dags/example_latest_only.py
[2024-10-18T23:53:42.171+0000] {processor.py:914} INFO - Processing file /home/airflow/.local/lib/python3.12/site-packages/airflow/example_dags/example_latest_only.py for tasks to queue
[2024-10-18T23:53:42.179+0000] {logging_mixin.py:190} INFO - [2024-10-18T23:53:42.179+0000] {dagbag.py:588} INFO - Filling up the DagBag from /home/airflow/.local/lib/python3.12/site-packages/airflow/example_dags/example_latest_only.py
[2024-10-18T23:53:42.198+0000] {processor.py:925} INFO - DAG(s) 'latest_only' retrieved from /home/airflow/.local/lib/python3.12/site-packages/airflow/example_dags/example_latest_only.py
[2024-10-18T23:53:42.241+0000] {logging_mixin.py:190} INFO - [2024-10-18T23:53:42.240+0000] {dag.py:3239} INFO - Sync 1 DAGs
[2024-10-18T23:53:42.290+0000] {logging_mixin.py:190} INFO - [2024-10-18T23:53:42.289+0000] {dag.py:4180} INFO - Setting next_dagrun for latest_only to 2024-10-18 16:00:00+00:00, run_after=2024-10-18 20:00:00+00:00
[2024-10-18T23:53:42.319+0000] {processor.py:208} INFO - Processing /home/airflow/.local/lib/python3.12/site-packages/airflow/example_dags/example_latest_only.py took 0.159 seconds
[2024-10-18T23:54:12.435+0000] {processor.py:186} INFO - Started process (PID=2624) to work on /home/airflow/.local/lib/python3.12/site-packages/airflow/example_dags/example_latest_only.py
[2024-10-18T23:54:12.438+0000] {processor.py:914} INFO - Processing file /home/airflow/.local/lib/python3.12/site-packages/airflow/example_dags/example_latest_only.py for tasks to queue
[2024-10-18T23:54:12.441+0000] {logging_mixin.py:190} INFO - [2024-10-18T23:54:12.441+0000] {dagbag.py:588} INFO - Filling up the DagBag from /home/airflow/.local/lib/python3.12/site-packages/airflow/example_dags/example_latest_only.py
[2024-10-18T23:54:12.448+0000] {processor.py:925} INFO - DAG(s) 'latest_only' retrieved from /home/airflow/.local/lib/python3.12/site-packages/airflow/example_dags/example_latest_only.py
[2024-10-18T23:54:12.468+0000] {logging_mixin.py:190} INFO - [2024-10-18T23:54:12.468+0000] {dag.py:3239} INFO - Sync 1 DAGs
[2024-10-18T23:54:12.491+0000] {logging_mixin.py:190} INFO - [2024-10-18T23:54:12.491+0000] {dag.py:4180} INFO - Setting next_dagrun for latest_only to 2024-10-18 16:00:00+00:00, run_after=2024-10-18 20:00:00+00:00
[2024-10-18T23:54:12.511+0000] {processor.py:208} INFO - Processing /home/airflow/.local/lib/python3.12/site-packages/airflow/example_dags/example_latest_only.py took 0.081 seconds
[2024-10-18T23:54:46.281+0000] {processor.py:186} INFO - Started process (PID=2689) to work on /home/airflow/.local/lib/python3.12/site-packages/airflow/example_dags/example_latest_only.py
[2024-10-18T23:54:46.285+0000] {processor.py:914} INFO - Processing file /home/airflow/.local/lib/python3.12/site-packages/airflow/example_dags/example_latest_only.py for tasks to queue
[2024-10-18T23:54:46.291+0000] {logging_mixin.py:190} INFO - [2024-10-18T23:54:46.291+0000] {dagbag.py:588} INFO - Filling up the DagBag from /home/airflow/.local/lib/python3.12/site-packages/airflow/example_dags/example_latest_only.py
[2024-10-18T23:54:46.306+0000] {processor.py:925} INFO - DAG(s) 'latest_only' retrieved from /home/airflow/.local/lib/python3.12/site-packages/airflow/example_dags/example_latest_only.py
[2024-10-18T23:54:46.351+0000] {logging_mixin.py:190} INFO - [2024-10-18T23:54:46.350+0000] {dag.py:3239} INFO - Sync 1 DAGs
[2024-10-18T23:54:46.411+0000] {logging_mixin.py:190} INFO - [2024-10-18T23:54:46.411+0000] {dag.py:4180} INFO - Setting next_dagrun for latest_only to 2024-10-18 16:00:00+00:00, run_after=2024-10-18 20:00:00+00:00
[2024-10-18T23:54:46.826+0000] {processor.py:208} INFO - Processing /home/airflow/.local/lib/python3.12/site-packages/airflow/example_dags/example_latest_only.py took 0.558 seconds
[2024-10-18T23:55:17.165+0000] {processor.py:186} INFO - Started process (PID=2751) to work on /home/airflow/.local/lib/python3.12/site-packages/airflow/example_dags/example_latest_only.py
[2024-10-18T23:55:17.168+0000] {processor.py:914} INFO - Processing file /home/airflow/.local/lib/python3.12/site-packages/airflow/example_dags/example_latest_only.py for tasks to queue
[2024-10-18T23:55:17.173+0000] {logging_mixin.py:190} INFO - [2024-10-18T23:55:17.172+0000] {dagbag.py:588} INFO - Filling up the DagBag from /home/airflow/.local/lib/python3.12/site-packages/airflow/example_dags/example_latest_only.py
[2024-10-18T23:55:17.187+0000] {processor.py:925} INFO - DAG(s) 'latest_only' retrieved from /home/airflow/.local/lib/python3.12/site-packages/airflow/example_dags/example_latest_only.py
[2024-10-18T23:55:17.229+0000] {logging_mixin.py:190} INFO - [2024-10-18T23:55:17.228+0000] {dag.py:3239} INFO - Sync 1 DAGs
[2024-10-18T23:55:17.283+0000] {logging_mixin.py:190} INFO - [2024-10-18T23:55:17.283+0000] {dag.py:4180} INFO - Setting next_dagrun for latest_only to 2024-10-18 16:00:00+00:00, run_after=2024-10-18 20:00:00+00:00
[2024-10-18T23:55:17.329+0000] {processor.py:208} INFO - Processing /home/airflow/.local/lib/python3.12/site-packages/airflow/example_dags/example_latest_only.py took 0.178 seconds
[2024-10-18T23:56:56.790+0000] {processor.py:186} INFO - Started process (PID=2796) to work on /home/airflow/.local/lib/python3.12/site-packages/airflow/example_dags/example_latest_only.py
[2024-10-18T23:56:56.793+0000] {processor.py:914} INFO - Processing file /home/airflow/.local/lib/python3.12/site-packages/airflow/example_dags/example_latest_only.py for tasks to queue
[2024-10-18T23:56:56.800+0000] {logging_mixin.py:190} INFO - [2024-10-18T23:56:56.799+0000] {dagbag.py:588} INFO - Filling up the DagBag from /home/airflow/.local/lib/python3.12/site-packages/airflow/example_dags/example_latest_only.py
[2024-10-18T23:56:56.817+0000] {processor.py:925} INFO - DAG(s) 'latest_only' retrieved from /home/airflow/.local/lib/python3.12/site-packages/airflow/example_dags/example_latest_only.py
[2024-10-18T23:56:56.867+0000] {logging_mixin.py:190} INFO - [2024-10-18T23:56:56.866+0000] {dag.py:3239} INFO - Sync 1 DAGs
[2024-10-18T23:56:56.924+0000] {logging_mixin.py:190} INFO - [2024-10-18T23:56:56.924+0000] {dag.py:4180} INFO - Setting next_dagrun for latest_only to 2024-10-18 16:00:00+00:00, run_after=2024-10-18 20:00:00+00:00
[2024-10-18T23:56:56.975+0000] {processor.py:208} INFO - Processing /home/airflow/.local/lib/python3.12/site-packages/airflow/example_dags/example_latest_only.py took 0.198 seconds
[2024-10-18T23:57:27.982+0000] {processor.py:186} INFO - Started process (PID=2859) to work on /home/airflow/.local/lib/python3.12/site-packages/airflow/example_dags/example_latest_only.py
[2024-10-18T23:57:27.984+0000] {processor.py:914} INFO - Processing file /home/airflow/.local/lib/python3.12/site-packages/airflow/example_dags/example_latest_only.py for tasks to queue
[2024-10-18T23:57:27.987+0000] {logging_mixin.py:190} INFO - [2024-10-18T23:57:27.987+0000] {dagbag.py:588} INFO - Filling up the DagBag from /home/airflow/.local/lib/python3.12/site-packages/airflow/example_dags/example_latest_only.py
[2024-10-18T23:57:27.998+0000] {processor.py:925} INFO - DAG(s) 'latest_only' retrieved from /home/airflow/.local/lib/python3.12/site-packages/airflow/example_dags/example_latest_only.py
[2024-10-18T23:57:28.031+0000] {logging_mixin.py:190} INFO - [2024-10-18T23:57:28.030+0000] {dag.py:3239} INFO - Sync 1 DAGs
[2024-10-18T23:57:28.288+0000] {logging_mixin.py:190} INFO - [2024-10-18T23:57:28.288+0000] {dag.py:4180} INFO - Setting next_dagrun for latest_only to 2024-10-18 16:00:00+00:00, run_after=2024-10-18 20:00:00+00:00
[2024-10-18T23:57:28.314+0000] {processor.py:208} INFO - Processing /home/airflow/.local/lib/python3.12/site-packages/airflow/example_dags/example_latest_only.py took 0.340 seconds
[2024-10-18T23:57:58.513+0000] {processor.py:186} INFO - Started process (PID=2921) to work on /home/airflow/.local/lib/python3.12/site-packages/airflow/example_dags/example_latest_only.py
[2024-10-18T23:57:58.514+0000] {processor.py:914} INFO - Processing file /home/airflow/.local/lib/python3.12/site-packages/airflow/example_dags/example_latest_only.py for tasks to queue
[2024-10-18T23:57:58.517+0000] {logging_mixin.py:190} INFO - [2024-10-18T23:57:58.517+0000] {dagbag.py:588} INFO - Filling up the DagBag from /home/airflow/.local/lib/python3.12/site-packages/airflow/example_dags/example_latest_only.py
[2024-10-18T23:57:58.524+0000] {processor.py:925} INFO - DAG(s) 'latest_only' retrieved from /home/airflow/.local/lib/python3.12/site-packages/airflow/example_dags/example_latest_only.py
[2024-10-18T23:57:58.547+0000] {logging_mixin.py:190} INFO - [2024-10-18T23:57:58.547+0000] {dag.py:3239} INFO - Sync 1 DAGs
[2024-10-18T23:57:58.753+0000] {logging_mixin.py:190} INFO - [2024-10-18T23:57:58.753+0000] {dag.py:4180} INFO - Setting next_dagrun for latest_only to 2024-10-18 16:00:00+00:00, run_after=2024-10-18 20:00:00+00:00
[2024-10-18T23:57:58.772+0000] {processor.py:208} INFO - Processing /home/airflow/.local/lib/python3.12/site-packages/airflow/example_dags/example_latest_only.py took 0.266 seconds
[2024-10-18T23:58:29.606+0000] {processor.py:186} INFO - Started process (PID=2983) to work on /home/airflow/.local/lib/python3.12/site-packages/airflow/example_dags/example_latest_only.py
[2024-10-18T23:58:29.608+0000] {processor.py:914} INFO - Processing file /home/airflow/.local/lib/python3.12/site-packages/airflow/example_dags/example_latest_only.py for tasks to queue
[2024-10-18T23:58:29.612+0000] {logging_mixin.py:190} INFO - [2024-10-18T23:58:29.611+0000] {dagbag.py:588} INFO - Filling up the DagBag from /home/airflow/.local/lib/python3.12/site-packages/airflow/example_dags/example_latest_only.py
[2024-10-18T23:58:29.623+0000] {processor.py:925} INFO - DAG(s) 'latest_only' retrieved from /home/airflow/.local/lib/python3.12/site-packages/airflow/example_dags/example_latest_only.py
[2024-10-18T23:58:29.661+0000] {logging_mixin.py:190} INFO - [2024-10-18T23:58:29.661+0000] {dag.py:3239} INFO - Sync 1 DAGs
[2024-10-18T23:58:29.695+0000] {logging_mixin.py:190} INFO - [2024-10-18T23:58:29.695+0000] {dag.py:4180} INFO - Setting next_dagrun for latest_only to 2024-10-18 16:00:00+00:00, run_after=2024-10-18 20:00:00+00:00
[2024-10-18T23:58:29.988+0000] {processor.py:208} INFO - Processing /home/airflow/.local/lib/python3.12/site-packages/airflow/example_dags/example_latest_only.py took 0.391 seconds
[2024-10-18T23:59:00.378+0000] {processor.py:186} INFO - Started process (PID=3045) to work on /home/airflow/.local/lib/python3.12/site-packages/airflow/example_dags/example_latest_only.py
[2024-10-18T23:59:00.380+0000] {processor.py:914} INFO - Processing file /home/airflow/.local/lib/python3.12/site-packages/airflow/example_dags/example_latest_only.py for tasks to queue
[2024-10-18T23:59:00.385+0000] {logging_mixin.py:190} INFO - [2024-10-18T23:59:00.384+0000] {dagbag.py:588} INFO - Filling up the DagBag from /home/airflow/.local/lib/python3.12/site-packages/airflow/example_dags/example_latest_only.py
[2024-10-18T23:59:00.401+0000] {processor.py:925} INFO - DAG(s) 'latest_only' retrieved from /home/airflow/.local/lib/python3.12/site-packages/airflow/example_dags/example_latest_only.py
[2024-10-18T23:59:00.438+0000] {logging_mixin.py:190} INFO - [2024-10-18T23:59:00.437+0000] {dag.py:3239} INFO - Sync 1 DAGs
[2024-10-18T23:59:00.484+0000] {logging_mixin.py:190} INFO - [2024-10-18T23:59:00.483+0000] {dag.py:4180} INFO - Setting next_dagrun for latest_only to 2024-10-18 16:00:00+00:00, run_after=2024-10-18 20:00:00+00:00
[2024-10-18T23:59:00.520+0000] {processor.py:208} INFO - Processing /home/airflow/.local/lib/python3.12/site-packages/airflow/example_dags/example_latest_only.py took 0.152 seconds
[2024-10-18T23:59:31.170+0000] {processor.py:186} INFO - Started process (PID=3106) to work on /home/airflow/.local/lib/python3.12/site-packages/airflow/example_dags/example_latest_only.py
[2024-10-18T23:59:31.171+0000] {processor.py:914} INFO - Processing file /home/airflow/.local/lib/python3.12/site-packages/airflow/example_dags/example_latest_only.py for tasks to queue
[2024-10-18T23:59:31.173+0000] {logging_mixin.py:190} INFO - [2024-10-18T23:59:31.173+0000] {dagbag.py:588} INFO - Filling up the DagBag from /home/airflow/.local/lib/python3.12/site-packages/airflow/example_dags/example_latest_only.py
[2024-10-18T23:59:31.367+0000] {processor.py:925} INFO - DAG(s) 'latest_only' retrieved from /home/airflow/.local/lib/python3.12/site-packages/airflow/example_dags/example_latest_only.py
[2024-10-18T23:59:31.385+0000] {logging_mixin.py:190} INFO - [2024-10-18T23:59:31.384+0000] {dag.py:3239} INFO - Sync 1 DAGs
[2024-10-18T23:59:31.418+0000] {logging_mixin.py:190} INFO - [2024-10-18T23:59:31.417+0000] {dag.py:4180} INFO - Setting next_dagrun for latest_only to 2024-10-18 16:00:00+00:00, run_after=2024-10-18 20:00:00+00:00
[2024-10-18T23:59:31.437+0000] {processor.py:208} INFO - Processing /home/airflow/.local/lib/python3.12/site-packages/airflow/example_dags/example_latest_only.py took 0.272 seconds
