[2024-10-18T23:33:11.415+0000] {processor.py:186} INFO - Started process (PID=115) to work on /home/airflow/.local/lib/python3.12/site-packages/airflow/example_dags/example_external_task_marker_dag.py
[2024-10-18T23:33:11.417+0000] {processor.py:914} INFO - Processing file /home/airflow/.local/lib/python3.12/site-packages/airflow/example_dags/example_external_task_marker_dag.py for tasks to queue
[2024-10-18T23:33:11.422+0000] {logging_mixin.py:190} INFO - [2024-10-18T23:33:11.421+0000] {dagbag.py:588} INFO - Filling up the DagBag from /home/airflow/.local/lib/python3.12/site-packages/airflow/example_dags/example_external_task_marker_dag.py
[2024-10-18T23:33:11.441+0000] {processor.py:925} INFO - DAG(s) 'example_external_task_marker_parent', 'example_external_task_marker_child' retrieved from /home/airflow/.local/lib/python3.12/site-packages/airflow/example_dags/example_external_task_marker_dag.py
[2024-10-18T23:33:11.627+0000] {logging_mixin.py:190} INFO - [2024-10-18T23:33:11.626+0000] {override.py:1900} INFO - Created Permission View: can read on DAG:example_external_task_marker_parent
[2024-10-18T23:33:11.645+0000] {logging_mixin.py:190} INFO - [2024-10-18T23:33:11.644+0000] {override.py:1900} INFO - Created Permission View: can edit on DAG:example_external_task_marker_parent
[2024-10-18T23:33:11.655+0000] {logging_mixin.py:190} INFO - [2024-10-18T23:33:11.655+0000] {override.py:1900} INFO - Created Permission View: can delete on DAG:example_external_task_marker_parent
[2024-10-18T23:33:11.699+0000] {logging_mixin.py:190} INFO - [2024-10-18T23:33:11.699+0000] {override.py:1900} INFO - Created Permission View: can read on DAG Run:example_external_task_marker_parent
[2024-10-18T23:33:11.709+0000] {logging_mixin.py:190} INFO - [2024-10-18T23:33:11.709+0000] {override.py:1900} INFO - Created Permission View: can create on DAG Run:example_external_task_marker_parent
[2024-10-18T23:33:11.721+0000] {logging_mixin.py:190} INFO - [2024-10-18T23:33:11.720+0000] {override.py:1900} INFO - Created Permission View: menu access on DAG Run:example_external_task_marker_parent
[2024-10-18T23:33:11.732+0000] {logging_mixin.py:190} INFO - [2024-10-18T23:33:11.732+0000] {override.py:1900} INFO - Created Permission View: can delete on DAG Run:example_external_task_marker_parent
[2024-10-18T23:33:11.755+0000] {logging_mixin.py:190} INFO - [2024-10-18T23:33:11.755+0000] {override.py:1900} INFO - Created Permission View: can read on DAG:example_external_task_marker_child
[2024-10-18T23:33:11.767+0000] {logging_mixin.py:190} INFO - [2024-10-18T23:33:11.766+0000] {override.py:1900} INFO - Created Permission View: can edit on DAG:example_external_task_marker_child
[2024-10-18T23:33:11.777+0000] {logging_mixin.py:190} INFO - [2024-10-18T23:33:11.777+0000] {override.py:1900} INFO - Created Permission View: can delete on DAG:example_external_task_marker_child
[2024-10-18T23:33:11.790+0000] {logging_mixin.py:190} INFO - [2024-10-18T23:33:11.789+0000] {override.py:1900} INFO - Created Permission View: can read on DAG Run:example_external_task_marker_child
[2024-10-18T23:33:11.802+0000] {logging_mixin.py:190} INFO - [2024-10-18T23:33:11.801+0000] {override.py:1900} INFO - Created Permission View: can create on DAG Run:example_external_task_marker_child
[2024-10-18T23:33:11.812+0000] {logging_mixin.py:190} INFO - [2024-10-18T23:33:11.812+0000] {override.py:1900} INFO - Created Permission View: menu access on DAG Run:example_external_task_marker_child
[2024-10-18T23:33:11.828+0000] {logging_mixin.py:190} INFO - [2024-10-18T23:33:11.827+0000] {override.py:1900} INFO - Created Permission View: can delete on DAG Run:example_external_task_marker_child
[2024-10-18T23:33:11.829+0000] {logging_mixin.py:190} INFO - [2024-10-18T23:33:11.829+0000] {dag.py:3239} INFO - Sync 2 DAGs
[2024-10-18T23:33:11.854+0000] {logging_mixin.py:190} INFO - [2024-10-18T23:33:11.853+0000] {dag.py:3262} INFO - Creating ORM DAG for example_external_task_marker_child
[2024-10-18T23:33:11.855+0000] {logging_mixin.py:190} INFO - [2024-10-18T23:33:11.855+0000] {dag.py:3262} INFO - Creating ORM DAG for example_external_task_marker_parent
[2024-10-18T23:33:11.856+0000] {logging_mixin.py:190} INFO - [2024-10-18T23:33:11.856+0000] {dag.py:4180} INFO - Setting next_dagrun for example_external_task_marker_child to None, run_after=None
[2024-10-18T23:33:11.858+0000] {logging_mixin.py:190} INFO - [2024-10-18T23:33:11.857+0000] {dag.py:4180} INFO - Setting next_dagrun for example_external_task_marker_parent to None, run_after=None
[2024-10-18T23:33:11.887+0000] {processor.py:208} INFO - Processing /home/airflow/.local/lib/python3.12/site-packages/airflow/example_dags/example_external_task_marker_dag.py took 0.484 seconds
[2024-10-18T23:33:42.231+0000] {processor.py:186} INFO - Started process (PID=177) to work on /home/airflow/.local/lib/python3.12/site-packages/airflow/example_dags/example_external_task_marker_dag.py
[2024-10-18T23:33:42.233+0000] {processor.py:914} INFO - Processing file /home/airflow/.local/lib/python3.12/site-packages/airflow/example_dags/example_external_task_marker_dag.py for tasks to queue
[2024-10-18T23:33:42.236+0000] {logging_mixin.py:190} INFO - [2024-10-18T23:33:42.236+0000] {dagbag.py:588} INFO - Filling up the DagBag from /home/airflow/.local/lib/python3.12/site-packages/airflow/example_dags/example_external_task_marker_dag.py
[2024-10-18T23:33:42.251+0000] {processor.py:925} INFO - DAG(s) 'example_external_task_marker_parent', 'example_external_task_marker_child' retrieved from /home/airflow/.local/lib/python3.12/site-packages/airflow/example_dags/example_external_task_marker_dag.py
[2024-10-18T23:33:42.294+0000] {logging_mixin.py:190} INFO - [2024-10-18T23:33:42.294+0000] {dag.py:3239} INFO - Sync 2 DAGs
[2024-10-18T23:33:42.322+0000] {logging_mixin.py:190} INFO - [2024-10-18T23:33:42.322+0000] {dag.py:4180} INFO - Setting next_dagrun for example_external_task_marker_child to None, run_after=None
[2024-10-18T23:33:42.329+0000] {logging_mixin.py:190} INFO - [2024-10-18T23:33:42.329+0000] {dag.py:4180} INFO - Setting next_dagrun for example_external_task_marker_parent to None, run_after=None
[2024-10-18T23:33:42.375+0000] {processor.py:208} INFO - Processing /home/airflow/.local/lib/python3.12/site-packages/airflow/example_dags/example_external_task_marker_dag.py took 0.154 seconds
[2024-10-18T23:34:12.463+0000] {processor.py:186} INFO - Started process (PID=238) to work on /home/airflow/.local/lib/python3.12/site-packages/airflow/example_dags/example_external_task_marker_dag.py
[2024-10-18T23:34:12.464+0000] {processor.py:914} INFO - Processing file /home/airflow/.local/lib/python3.12/site-packages/airflow/example_dags/example_external_task_marker_dag.py for tasks to queue
[2024-10-18T23:34:12.467+0000] {logging_mixin.py:190} INFO - [2024-10-18T23:34:12.466+0000] {dagbag.py:588} INFO - Filling up the DagBag from /home/airflow/.local/lib/python3.12/site-packages/airflow/example_dags/example_external_task_marker_dag.py
[2024-10-18T23:34:12.475+0000] {processor.py:925} INFO - DAG(s) 'example_external_task_marker_child', 'example_external_task_marker_parent' retrieved from /home/airflow/.local/lib/python3.12/site-packages/airflow/example_dags/example_external_task_marker_dag.py
[2024-10-18T23:34:12.501+0000] {logging_mixin.py:190} INFO - [2024-10-18T23:34:12.501+0000] {dag.py:3239} INFO - Sync 2 DAGs
[2024-10-18T23:34:12.516+0000] {logging_mixin.py:190} INFO - [2024-10-18T23:34:12.515+0000] {dag.py:4180} INFO - Setting next_dagrun for example_external_task_marker_child to None, run_after=None
[2024-10-18T23:34:12.520+0000] {logging_mixin.py:190} INFO - [2024-10-18T23:34:12.520+0000] {dag.py:4180} INFO - Setting next_dagrun for example_external_task_marker_parent to None, run_after=None
[2024-10-18T23:34:12.537+0000] {processor.py:208} INFO - Processing /home/airflow/.local/lib/python3.12/site-packages/airflow/example_dags/example_external_task_marker_dag.py took 0.080 seconds
[2024-10-18T23:34:42.978+0000] {processor.py:186} INFO - Started process (PID=300) to work on /home/airflow/.local/lib/python3.12/site-packages/airflow/example_dags/example_external_task_marker_dag.py
[2024-10-18T23:34:42.979+0000] {processor.py:914} INFO - Processing file /home/airflow/.local/lib/python3.12/site-packages/airflow/example_dags/example_external_task_marker_dag.py for tasks to queue
[2024-10-18T23:34:42.985+0000] {logging_mixin.py:190} INFO - [2024-10-18T23:34:42.985+0000] {dagbag.py:588} INFO - Filling up the DagBag from /home/airflow/.local/lib/python3.12/site-packages/airflow/example_dags/example_external_task_marker_dag.py
[2024-10-18T23:34:42.994+0000] {processor.py:925} INFO - DAG(s) 'example_external_task_marker_parent', 'example_external_task_marker_child' retrieved from /home/airflow/.local/lib/python3.12/site-packages/airflow/example_dags/example_external_task_marker_dag.py
[2024-10-18T23:34:43.015+0000] {logging_mixin.py:190} INFO - [2024-10-18T23:34:43.015+0000] {dag.py:3239} INFO - Sync 2 DAGs
[2024-10-18T23:34:43.029+0000] {logging_mixin.py:190} INFO - [2024-10-18T23:34:43.029+0000] {dag.py:4180} INFO - Setting next_dagrun for example_external_task_marker_child to None, run_after=None
[2024-10-18T23:34:43.033+0000] {logging_mixin.py:190} INFO - [2024-10-18T23:34:43.033+0000] {dag.py:4180} INFO - Setting next_dagrun for example_external_task_marker_parent to None, run_after=None
[2024-10-18T23:34:43.065+0000] {processor.py:208} INFO - Processing /home/airflow/.local/lib/python3.12/site-packages/airflow/example_dags/example_external_task_marker_dag.py took 0.093 seconds
[2024-10-18T23:35:13.223+0000] {processor.py:186} INFO - Started process (PID=362) to work on /home/airflow/.local/lib/python3.12/site-packages/airflow/example_dags/example_external_task_marker_dag.py
[2024-10-18T23:35:13.224+0000] {processor.py:914} INFO - Processing file /home/airflow/.local/lib/python3.12/site-packages/airflow/example_dags/example_external_task_marker_dag.py for tasks to queue
[2024-10-18T23:35:13.227+0000] {logging_mixin.py:190} INFO - [2024-10-18T23:35:13.226+0000] {dagbag.py:588} INFO - Filling up the DagBag from /home/airflow/.local/lib/python3.12/site-packages/airflow/example_dags/example_external_task_marker_dag.py
[2024-10-18T23:35:13.234+0000] {processor.py:925} INFO - DAG(s) 'example_external_task_marker_child', 'example_external_task_marker_parent' retrieved from /home/airflow/.local/lib/python3.12/site-packages/airflow/example_dags/example_external_task_marker_dag.py
[2024-10-18T23:35:13.257+0000] {logging_mixin.py:190} INFO - [2024-10-18T23:35:13.257+0000] {dag.py:3239} INFO - Sync 2 DAGs
[2024-10-18T23:35:13.270+0000] {logging_mixin.py:190} INFO - [2024-10-18T23:35:13.270+0000] {dag.py:4180} INFO - Setting next_dagrun for example_external_task_marker_child to None, run_after=None
[2024-10-18T23:35:13.274+0000] {logging_mixin.py:190} INFO - [2024-10-18T23:35:13.274+0000] {dag.py:4180} INFO - Setting next_dagrun for example_external_task_marker_parent to None, run_after=None
[2024-10-18T23:35:13.291+0000] {processor.py:208} INFO - Processing /home/airflow/.local/lib/python3.12/site-packages/airflow/example_dags/example_external_task_marker_dag.py took 0.073 seconds
[2024-10-18T23:35:45.862+0000] {processor.py:186} INFO - Started process (PID=424) to work on /home/airflow/.local/lib/python3.12/site-packages/airflow/example_dags/example_external_task_marker_dag.py
[2024-10-18T23:35:45.863+0000] {processor.py:914} INFO - Processing file /home/airflow/.local/lib/python3.12/site-packages/airflow/example_dags/example_external_task_marker_dag.py for tasks to queue
[2024-10-18T23:35:45.866+0000] {logging_mixin.py:190} INFO - [2024-10-18T23:35:45.866+0000] {dagbag.py:588} INFO - Filling up the DagBag from /home/airflow/.local/lib/python3.12/site-packages/airflow/example_dags/example_external_task_marker_dag.py
[2024-10-18T23:35:45.874+0000] {processor.py:925} INFO - DAG(s) 'example_external_task_marker_parent', 'example_external_task_marker_child' retrieved from /home/airflow/.local/lib/python3.12/site-packages/airflow/example_dags/example_external_task_marker_dag.py
[2024-10-18T23:35:45.898+0000] {logging_mixin.py:190} INFO - [2024-10-18T23:35:45.898+0000] {dag.py:3239} INFO - Sync 2 DAGs
[2024-10-18T23:35:46.102+0000] {logging_mixin.py:190} INFO - [2024-10-18T23:35:46.101+0000] {dag.py:4180} INFO - Setting next_dagrun for example_external_task_marker_child to None, run_after=None
[2024-10-18T23:35:46.106+0000] {logging_mixin.py:190} INFO - [2024-10-18T23:35:46.106+0000] {dag.py:4180} INFO - Setting next_dagrun for example_external_task_marker_parent to None, run_after=None
[2024-10-18T23:35:47.274+0000] {processor.py:208} INFO - Processing /home/airflow/.local/lib/python3.12/site-packages/airflow/example_dags/example_external_task_marker_dag.py took 1.417 seconds
[2024-10-18T23:36:17.665+0000] {processor.py:186} INFO - Started process (PID=486) to work on /home/airflow/.local/lib/python3.12/site-packages/airflow/example_dags/example_external_task_marker_dag.py
[2024-10-18T23:36:17.667+0000] {processor.py:914} INFO - Processing file /home/airflow/.local/lib/python3.12/site-packages/airflow/example_dags/example_external_task_marker_dag.py for tasks to queue
[2024-10-18T23:36:17.674+0000] {logging_mixin.py:190} INFO - [2024-10-18T23:36:17.673+0000] {dagbag.py:588} INFO - Filling up the DagBag from /home/airflow/.local/lib/python3.12/site-packages/airflow/example_dags/example_external_task_marker_dag.py
[2024-10-18T23:36:17.709+0000] {processor.py:925} INFO - DAG(s) 'example_external_task_marker_parent', 'example_external_task_marker_child' retrieved from /home/airflow/.local/lib/python3.12/site-packages/airflow/example_dags/example_external_task_marker_dag.py
[2024-10-18T23:36:17.782+0000] {logging_mixin.py:190} INFO - [2024-10-18T23:36:17.782+0000] {dag.py:3239} INFO - Sync 2 DAGs
[2024-10-18T23:36:17.850+0000] {logging_mixin.py:190} INFO - [2024-10-18T23:36:17.849+0000] {dag.py:4180} INFO - Setting next_dagrun for example_external_task_marker_child to None, run_after=None
[2024-10-18T23:36:17.863+0000] {logging_mixin.py:190} INFO - [2024-10-18T23:36:17.862+0000] {dag.py:4180} INFO - Setting next_dagrun for example_external_task_marker_parent to None, run_after=None
[2024-10-18T23:36:17.921+0000] {processor.py:208} INFO - Processing /home/airflow/.local/lib/python3.12/site-packages/airflow/example_dags/example_external_task_marker_dag.py took 0.282 seconds
[2024-10-18T23:36:48.874+0000] {processor.py:186} INFO - Started process (PID=548) to work on /home/airflow/.local/lib/python3.12/site-packages/airflow/example_dags/example_external_task_marker_dag.py
[2024-10-18T23:36:48.879+0000] {processor.py:914} INFO - Processing file /home/airflow/.local/lib/python3.12/site-packages/airflow/example_dags/example_external_task_marker_dag.py for tasks to queue
[2024-10-18T23:36:48.886+0000] {logging_mixin.py:190} INFO - [2024-10-18T23:36:48.885+0000] {dagbag.py:588} INFO - Filling up the DagBag from /home/airflow/.local/lib/python3.12/site-packages/airflow/example_dags/example_external_task_marker_dag.py
[2024-10-18T23:36:48.918+0000] {processor.py:925} INFO - DAG(s) 'example_external_task_marker_parent', 'example_external_task_marker_child' retrieved from /home/airflow/.local/lib/python3.12/site-packages/airflow/example_dags/example_external_task_marker_dag.py
[2024-10-18T23:36:49.015+0000] {logging_mixin.py:190} INFO - [2024-10-18T23:36:49.007+0000] {dag.py:3239} INFO - Sync 2 DAGs
[2024-10-18T23:36:49.064+0000] {logging_mixin.py:190} INFO - [2024-10-18T23:36:49.064+0000] {dag.py:4180} INFO - Setting next_dagrun for example_external_task_marker_child to None, run_after=None
[2024-10-18T23:36:49.077+0000] {logging_mixin.py:190} INFO - [2024-10-18T23:36:49.076+0000] {dag.py:4180} INFO - Setting next_dagrun for example_external_task_marker_parent to None, run_after=None
[2024-10-18T23:36:49.132+0000] {processor.py:208} INFO - Processing /home/airflow/.local/lib/python3.12/site-packages/airflow/example_dags/example_external_task_marker_dag.py took 0.277 seconds
[2024-10-18T23:37:19.377+0000] {processor.py:186} INFO - Started process (PID=610) to work on /home/airflow/.local/lib/python3.12/site-packages/airflow/example_dags/example_external_task_marker_dag.py
[2024-10-18T23:37:19.379+0000] {processor.py:914} INFO - Processing file /home/airflow/.local/lib/python3.12/site-packages/airflow/example_dags/example_external_task_marker_dag.py for tasks to queue
[2024-10-18T23:37:19.381+0000] {logging_mixin.py:190} INFO - [2024-10-18T23:37:19.381+0000] {dagbag.py:588} INFO - Filling up the DagBag from /home/airflow/.local/lib/python3.12/site-packages/airflow/example_dags/example_external_task_marker_dag.py
[2024-10-18T23:37:19.389+0000] {processor.py:925} INFO - DAG(s) 'example_external_task_marker_parent', 'example_external_task_marker_child' retrieved from /home/airflow/.local/lib/python3.12/site-packages/airflow/example_dags/example_external_task_marker_dag.py
[2024-10-18T23:37:19.413+0000] {logging_mixin.py:190} INFO - [2024-10-18T23:37:19.413+0000] {dag.py:3239} INFO - Sync 2 DAGs
[2024-10-18T23:37:19.427+0000] {logging_mixin.py:190} INFO - [2024-10-18T23:37:19.426+0000] {dag.py:4180} INFO - Setting next_dagrun for example_external_task_marker_child to None, run_after=None
[2024-10-18T23:37:19.431+0000] {logging_mixin.py:190} INFO - [2024-10-18T23:37:19.431+0000] {dag.py:4180} INFO - Setting next_dagrun for example_external_task_marker_parent to None, run_after=None
[2024-10-18T23:37:19.447+0000] {processor.py:208} INFO - Processing /home/airflow/.local/lib/python3.12/site-packages/airflow/example_dags/example_external_task_marker_dag.py took 0.075 seconds
[2024-10-18T23:37:49.865+0000] {processor.py:186} INFO - Started process (PID=672) to work on /home/airflow/.local/lib/python3.12/site-packages/airflow/example_dags/example_external_task_marker_dag.py
[2024-10-18T23:37:49.866+0000] {processor.py:914} INFO - Processing file /home/airflow/.local/lib/python3.12/site-packages/airflow/example_dags/example_external_task_marker_dag.py for tasks to queue
[2024-10-18T23:37:49.869+0000] {logging_mixin.py:190} INFO - [2024-10-18T23:37:49.869+0000] {dagbag.py:588} INFO - Filling up the DagBag from /home/airflow/.local/lib/python3.12/site-packages/airflow/example_dags/example_external_task_marker_dag.py
[2024-10-18T23:37:49.877+0000] {processor.py:925} INFO - DAG(s) 'example_external_task_marker_child', 'example_external_task_marker_parent' retrieved from /home/airflow/.local/lib/python3.12/site-packages/airflow/example_dags/example_external_task_marker_dag.py
[2024-10-18T23:37:49.903+0000] {logging_mixin.py:190} INFO - [2024-10-18T23:37:49.903+0000] {dag.py:3239} INFO - Sync 2 DAGs
[2024-10-18T23:37:49.920+0000] {logging_mixin.py:190} INFO - [2024-10-18T23:37:49.920+0000] {dag.py:4180} INFO - Setting next_dagrun for example_external_task_marker_child to None, run_after=None
[2024-10-18T23:37:49.926+0000] {logging_mixin.py:190} INFO - [2024-10-18T23:37:49.926+0000] {dag.py:4180} INFO - Setting next_dagrun for example_external_task_marker_parent to None, run_after=None
[2024-10-18T23:37:49.949+0000] {processor.py:208} INFO - Processing /home/airflow/.local/lib/python3.12/site-packages/airflow/example_dags/example_external_task_marker_dag.py took 0.089 seconds
[2024-10-18T23:38:20.656+0000] {processor.py:186} INFO - Started process (PID=734) to work on /home/airflow/.local/lib/python3.12/site-packages/airflow/example_dags/example_external_task_marker_dag.py
[2024-10-18T23:38:20.657+0000] {processor.py:914} INFO - Processing file /home/airflow/.local/lib/python3.12/site-packages/airflow/example_dags/example_external_task_marker_dag.py for tasks to queue
[2024-10-18T23:38:20.660+0000] {logging_mixin.py:190} INFO - [2024-10-18T23:38:20.660+0000] {dagbag.py:588} INFO - Filling up the DagBag from /home/airflow/.local/lib/python3.12/site-packages/airflow/example_dags/example_external_task_marker_dag.py
[2024-10-18T23:38:20.670+0000] {processor.py:925} INFO - DAG(s) 'example_external_task_marker_parent', 'example_external_task_marker_child' retrieved from /home/airflow/.local/lib/python3.12/site-packages/airflow/example_dags/example_external_task_marker_dag.py
[2024-10-18T23:38:20.692+0000] {logging_mixin.py:190} INFO - [2024-10-18T23:38:20.692+0000] {dag.py:3239} INFO - Sync 2 DAGs
[2024-10-18T23:38:20.706+0000] {logging_mixin.py:190} INFO - [2024-10-18T23:38:20.706+0000] {dag.py:4180} INFO - Setting next_dagrun for example_external_task_marker_child to None, run_after=None
[2024-10-18T23:38:20.711+0000] {logging_mixin.py:190} INFO - [2024-10-18T23:38:20.711+0000] {dag.py:4180} INFO - Setting next_dagrun for example_external_task_marker_parent to None, run_after=None
[2024-10-18T23:38:20.728+0000] {processor.py:208} INFO - Processing /home/airflow/.local/lib/python3.12/site-packages/airflow/example_dags/example_external_task_marker_dag.py took 0.077 seconds
[2024-10-18T23:38:51.397+0000] {processor.py:186} INFO - Started process (PID=796) to work on /home/airflow/.local/lib/python3.12/site-packages/airflow/example_dags/example_external_task_marker_dag.py
[2024-10-18T23:38:51.398+0000] {processor.py:914} INFO - Processing file /home/airflow/.local/lib/python3.12/site-packages/airflow/example_dags/example_external_task_marker_dag.py for tasks to queue
[2024-10-18T23:38:51.401+0000] {logging_mixin.py:190} INFO - [2024-10-18T23:38:51.400+0000] {dagbag.py:588} INFO - Filling up the DagBag from /home/airflow/.local/lib/python3.12/site-packages/airflow/example_dags/example_external_task_marker_dag.py
[2024-10-18T23:38:51.410+0000] {processor.py:925} INFO - DAG(s) 'example_external_task_marker_parent', 'example_external_task_marker_child' retrieved from /home/airflow/.local/lib/python3.12/site-packages/airflow/example_dags/example_external_task_marker_dag.py
[2024-10-18T23:38:51.433+0000] {logging_mixin.py:190} INFO - [2024-10-18T23:38:51.433+0000] {dag.py:3239} INFO - Sync 2 DAGs
[2024-10-18T23:38:51.447+0000] {logging_mixin.py:190} INFO - [2024-10-18T23:38:51.447+0000] {dag.py:4180} INFO - Setting next_dagrun for example_external_task_marker_child to None, run_after=None
[2024-10-18T23:38:51.451+0000] {logging_mixin.py:190} INFO - [2024-10-18T23:38:51.451+0000] {dag.py:4180} INFO - Setting next_dagrun for example_external_task_marker_parent to None, run_after=None
[2024-10-18T23:38:51.469+0000] {processor.py:208} INFO - Processing /home/airflow/.local/lib/python3.12/site-packages/airflow/example_dags/example_external_task_marker_dag.py took 0.078 seconds
[2024-10-18T23:39:22.121+0000] {processor.py:186} INFO - Started process (PID=858) to work on /home/airflow/.local/lib/python3.12/site-packages/airflow/example_dags/example_external_task_marker_dag.py
[2024-10-18T23:39:22.123+0000] {processor.py:914} INFO - Processing file /home/airflow/.local/lib/python3.12/site-packages/airflow/example_dags/example_external_task_marker_dag.py for tasks to queue
[2024-10-18T23:39:22.125+0000] {logging_mixin.py:190} INFO - [2024-10-18T23:39:22.125+0000] {dagbag.py:588} INFO - Filling up the DagBag from /home/airflow/.local/lib/python3.12/site-packages/airflow/example_dags/example_external_task_marker_dag.py
[2024-10-18T23:39:22.132+0000] {processor.py:925} INFO - DAG(s) 'example_external_task_marker_parent', 'example_external_task_marker_child' retrieved from /home/airflow/.local/lib/python3.12/site-packages/airflow/example_dags/example_external_task_marker_dag.py
[2024-10-18T23:39:22.154+0000] {logging_mixin.py:190} INFO - [2024-10-18T23:39:22.154+0000] {dag.py:3239} INFO - Sync 2 DAGs
[2024-10-18T23:39:22.168+0000] {logging_mixin.py:190} INFO - [2024-10-18T23:39:22.167+0000] {dag.py:4180} INFO - Setting next_dagrun for example_external_task_marker_child to None, run_after=None
[2024-10-18T23:39:22.172+0000] {logging_mixin.py:190} INFO - [2024-10-18T23:39:22.172+0000] {dag.py:4180} INFO - Setting next_dagrun for example_external_task_marker_parent to None, run_after=None
[2024-10-18T23:39:22.190+0000] {processor.py:208} INFO - Processing /home/airflow/.local/lib/python3.12/site-packages/airflow/example_dags/example_external_task_marker_dag.py took 0.074 seconds
[2024-10-18T23:39:54.067+0000] {processor.py:186} INFO - Started process (PID=920) to work on /home/airflow/.local/lib/python3.12/site-packages/airflow/example_dags/example_external_task_marker_dag.py
[2024-10-18T23:39:54.072+0000] {processor.py:914} INFO - Processing file /home/airflow/.local/lib/python3.12/site-packages/airflow/example_dags/example_external_task_marker_dag.py for tasks to queue
[2024-10-18T23:39:54.079+0000] {logging_mixin.py:190} INFO - [2024-10-18T23:39:54.078+0000] {dagbag.py:588} INFO - Filling up the DagBag from /home/airflow/.local/lib/python3.12/site-packages/airflow/example_dags/example_external_task_marker_dag.py
[2024-10-18T23:39:54.103+0000] {processor.py:925} INFO - DAG(s) 'example_external_task_marker_parent', 'example_external_task_marker_child' retrieved from /home/airflow/.local/lib/python3.12/site-packages/airflow/example_dags/example_external_task_marker_dag.py
[2024-10-18T23:39:54.170+0000] {logging_mixin.py:190} INFO - [2024-10-18T23:39:54.170+0000] {dag.py:3239} INFO - Sync 2 DAGs
[2024-10-18T23:39:54.248+0000] {logging_mixin.py:190} INFO - [2024-10-18T23:39:54.247+0000] {dag.py:4180} INFO - Setting next_dagrun for example_external_task_marker_child to None, run_after=None
[2024-10-18T23:39:54.262+0000] {logging_mixin.py:190} INFO - [2024-10-18T23:39:54.262+0000] {dag.py:4180} INFO - Setting next_dagrun for example_external_task_marker_parent to None, run_after=None
[2024-10-18T23:39:54.306+0000] {processor.py:208} INFO - Processing /home/airflow/.local/lib/python3.12/site-packages/airflow/example_dags/example_external_task_marker_dag.py took 0.257 seconds
[2024-10-18T23:40:25.077+0000] {processor.py:186} INFO - Started process (PID=982) to work on /home/airflow/.local/lib/python3.12/site-packages/airflow/example_dags/example_external_task_marker_dag.py
[2024-10-18T23:40:25.078+0000] {processor.py:914} INFO - Processing file /home/airflow/.local/lib/python3.12/site-packages/airflow/example_dags/example_external_task_marker_dag.py for tasks to queue
[2024-10-18T23:40:25.081+0000] {logging_mixin.py:190} INFO - [2024-10-18T23:40:25.081+0000] {dagbag.py:588} INFO - Filling up the DagBag from /home/airflow/.local/lib/python3.12/site-packages/airflow/example_dags/example_external_task_marker_dag.py
[2024-10-18T23:40:25.088+0000] {processor.py:925} INFO - DAG(s) 'example_external_task_marker_parent', 'example_external_task_marker_child' retrieved from /home/airflow/.local/lib/python3.12/site-packages/airflow/example_dags/example_external_task_marker_dag.py
[2024-10-18T23:40:25.111+0000] {logging_mixin.py:190} INFO - [2024-10-18T23:40:25.111+0000] {dag.py:3239} INFO - Sync 2 DAGs
[2024-10-18T23:40:25.125+0000] {logging_mixin.py:190} INFO - [2024-10-18T23:40:25.125+0000] {dag.py:4180} INFO - Setting next_dagrun for example_external_task_marker_child to None, run_after=None
[2024-10-18T23:40:25.129+0000] {logging_mixin.py:190} INFO - [2024-10-18T23:40:25.129+0000] {dag.py:4180} INFO - Setting next_dagrun for example_external_task_marker_parent to None, run_after=None
[2024-10-18T23:40:25.146+0000] {processor.py:208} INFO - Processing /home/airflow/.local/lib/python3.12/site-packages/airflow/example_dags/example_external_task_marker_dag.py took 0.074 seconds
[2024-10-18T23:40:55.545+0000] {processor.py:186} INFO - Started process (PID=1044) to work on /home/airflow/.local/lib/python3.12/site-packages/airflow/example_dags/example_external_task_marker_dag.py
[2024-10-18T23:40:55.547+0000] {processor.py:914} INFO - Processing file /home/airflow/.local/lib/python3.12/site-packages/airflow/example_dags/example_external_task_marker_dag.py for tasks to queue
[2024-10-18T23:40:55.549+0000] {logging_mixin.py:190} INFO - [2024-10-18T23:40:55.549+0000] {dagbag.py:588} INFO - Filling up the DagBag from /home/airflow/.local/lib/python3.12/site-packages/airflow/example_dags/example_external_task_marker_dag.py
[2024-10-18T23:40:55.560+0000] {processor.py:925} INFO - DAG(s) 'example_external_task_marker_parent', 'example_external_task_marker_child' retrieved from /home/airflow/.local/lib/python3.12/site-packages/airflow/example_dags/example_external_task_marker_dag.py
[2024-10-18T23:40:55.591+0000] {logging_mixin.py:190} INFO - [2024-10-18T23:40:55.591+0000] {dag.py:3239} INFO - Sync 2 DAGs
[2024-10-18T23:40:55.613+0000] {logging_mixin.py:190} INFO - [2024-10-18T23:40:55.613+0000] {dag.py:4180} INFO - Setting next_dagrun for example_external_task_marker_child to None, run_after=None
[2024-10-18T23:40:55.619+0000] {logging_mixin.py:190} INFO - [2024-10-18T23:40:55.618+0000] {dag.py:4180} INFO - Setting next_dagrun for example_external_task_marker_parent to None, run_after=None
[2024-10-18T23:40:55.641+0000] {processor.py:208} INFO - Processing /home/airflow/.local/lib/python3.12/site-packages/airflow/example_dags/example_external_task_marker_dag.py took 0.105 seconds
[2024-10-18T23:41:26.156+0000] {processor.py:186} INFO - Started process (PID=1106) to work on /home/airflow/.local/lib/python3.12/site-packages/airflow/example_dags/example_external_task_marker_dag.py
[2024-10-18T23:41:26.158+0000] {processor.py:914} INFO - Processing file /home/airflow/.local/lib/python3.12/site-packages/airflow/example_dags/example_external_task_marker_dag.py for tasks to queue
[2024-10-18T23:41:26.161+0000] {logging_mixin.py:190} INFO - [2024-10-18T23:41:26.160+0000] {dagbag.py:588} INFO - Filling up the DagBag from /home/airflow/.local/lib/python3.12/site-packages/airflow/example_dags/example_external_task_marker_dag.py
[2024-10-18T23:41:26.169+0000] {processor.py:925} INFO - DAG(s) 'example_external_task_marker_child', 'example_external_task_marker_parent' retrieved from /home/airflow/.local/lib/python3.12/site-packages/airflow/example_dags/example_external_task_marker_dag.py
[2024-10-18T23:41:26.195+0000] {logging_mixin.py:190} INFO - [2024-10-18T23:41:26.195+0000] {dag.py:3239} INFO - Sync 2 DAGs
[2024-10-18T23:41:26.214+0000] {logging_mixin.py:190} INFO - [2024-10-18T23:41:26.213+0000] {dag.py:4180} INFO - Setting next_dagrun for example_external_task_marker_child to None, run_after=None
[2024-10-18T23:41:26.218+0000] {logging_mixin.py:190} INFO - [2024-10-18T23:41:26.218+0000] {dag.py:4180} INFO - Setting next_dagrun for example_external_task_marker_parent to None, run_after=None
[2024-10-18T23:41:26.241+0000] {processor.py:208} INFO - Processing /home/airflow/.local/lib/python3.12/site-packages/airflow/example_dags/example_external_task_marker_dag.py took 0.091 seconds
[2024-10-18T23:41:59.911+0000] {processor.py:186} INFO - Started process (PID=1168) to work on /home/airflow/.local/lib/python3.12/site-packages/airflow/example_dags/example_external_task_marker_dag.py
[2024-10-18T23:41:59.914+0000] {processor.py:914} INFO - Processing file /home/airflow/.local/lib/python3.12/site-packages/airflow/example_dags/example_external_task_marker_dag.py for tasks to queue
[2024-10-18T23:41:59.919+0000] {logging_mixin.py:190} INFO - [2024-10-18T23:41:59.918+0000] {dagbag.py:588} INFO - Filling up the DagBag from /home/airflow/.local/lib/python3.12/site-packages/airflow/example_dags/example_external_task_marker_dag.py
[2024-10-18T23:41:59.936+0000] {processor.py:925} INFO - DAG(s) 'example_external_task_marker_child', 'example_external_task_marker_parent' retrieved from /home/airflow/.local/lib/python3.12/site-packages/airflow/example_dags/example_external_task_marker_dag.py
[2024-10-18T23:41:59.975+0000] {logging_mixin.py:190} INFO - [2024-10-18T23:41:59.974+0000] {dag.py:3239} INFO - Sync 2 DAGs
[2024-10-18T23:42:00.010+0000] {logging_mixin.py:190} INFO - [2024-10-18T23:42:00.009+0000] {dag.py:4180} INFO - Setting next_dagrun for example_external_task_marker_child to None, run_after=None
[2024-10-18T23:42:00.018+0000] {logging_mixin.py:190} INFO - [2024-10-18T23:42:00.018+0000] {dag.py:4180} INFO - Setting next_dagrun for example_external_task_marker_parent to None, run_after=None
[2024-10-18T23:42:00.052+0000] {processor.py:208} INFO - Processing /home/airflow/.local/lib/python3.12/site-packages/airflow/example_dags/example_external_task_marker_dag.py took 0.154 seconds
[2024-10-18T23:42:40.940+0000] {processor.py:186} INFO - Started process (PID=1237) to work on /home/airflow/.local/lib/python3.12/site-packages/airflow/example_dags/example_external_task_marker_dag.py
[2024-10-18T23:42:40.942+0000] {processor.py:914} INFO - Processing file /home/airflow/.local/lib/python3.12/site-packages/airflow/example_dags/example_external_task_marker_dag.py for tasks to queue
[2024-10-18T23:42:40.944+0000] {logging_mixin.py:190} INFO - [2024-10-18T23:42:40.944+0000] {dagbag.py:588} INFO - Filling up the DagBag from /home/airflow/.local/lib/python3.12/site-packages/airflow/example_dags/example_external_task_marker_dag.py
[2024-10-18T23:42:40.954+0000] {processor.py:925} INFO - DAG(s) 'example_external_task_marker_parent', 'example_external_task_marker_child' retrieved from /home/airflow/.local/lib/python3.12/site-packages/airflow/example_dags/example_external_task_marker_dag.py
[2024-10-18T23:42:40.986+0000] {logging_mixin.py:190} INFO - [2024-10-18T23:42:40.985+0000] {dag.py:3239} INFO - Sync 2 DAGs
[2024-10-18T23:42:41.109+0000] {logging_mixin.py:190} INFO - [2024-10-18T23:42:41.108+0000] {dag.py:4180} INFO - Setting next_dagrun for example_external_task_marker_child to None, run_after=None
[2024-10-18T23:42:41.148+0000] {logging_mixin.py:190} INFO - [2024-10-18T23:42:41.148+0000] {dag.py:4180} INFO - Setting next_dagrun for example_external_task_marker_parent to None, run_after=None
[2024-10-18T23:42:41.217+0000] {processor.py:208} INFO - Processing /home/airflow/.local/lib/python3.12/site-packages/airflow/example_dags/example_external_task_marker_dag.py took 0.286 seconds
[2024-10-18T23:43:11.939+0000] {processor.py:186} INFO - Started process (PID=1298) to work on /home/airflow/.local/lib/python3.12/site-packages/airflow/example_dags/example_external_task_marker_dag.py
[2024-10-18T23:43:11.941+0000] {processor.py:914} INFO - Processing file /home/airflow/.local/lib/python3.12/site-packages/airflow/example_dags/example_external_task_marker_dag.py for tasks to queue
[2024-10-18T23:43:11.945+0000] {logging_mixin.py:190} INFO - [2024-10-18T23:43:11.944+0000] {dagbag.py:588} INFO - Filling up the DagBag from /home/airflow/.local/lib/python3.12/site-packages/airflow/example_dags/example_external_task_marker_dag.py
[2024-10-18T23:43:11.959+0000] {processor.py:925} INFO - DAG(s) 'example_external_task_marker_parent', 'example_external_task_marker_child' retrieved from /home/airflow/.local/lib/python3.12/site-packages/airflow/example_dags/example_external_task_marker_dag.py
[2024-10-18T23:43:12.013+0000] {logging_mixin.py:190} INFO - [2024-10-18T23:43:12.013+0000] {dag.py:3239} INFO - Sync 2 DAGs
[2024-10-18T23:43:12.053+0000] {logging_mixin.py:190} INFO - [2024-10-18T23:43:12.053+0000] {dag.py:4180} INFO - Setting next_dagrun for example_external_task_marker_child to None, run_after=None
[2024-10-18T23:43:12.059+0000] {logging_mixin.py:190} INFO - [2024-10-18T23:43:12.059+0000] {dag.py:4180} INFO - Setting next_dagrun for example_external_task_marker_parent to None, run_after=None
[2024-10-18T23:43:12.086+0000] {processor.py:208} INFO - Processing /home/airflow/.local/lib/python3.12/site-packages/airflow/example_dags/example_external_task_marker_dag.py took 0.158 seconds
[2024-10-18T23:43:43.449+0000] {processor.py:186} INFO - Started process (PID=1361) to work on /home/airflow/.local/lib/python3.12/site-packages/airflow/example_dags/example_external_task_marker_dag.py
[2024-10-18T23:43:43.450+0000] {processor.py:914} INFO - Processing file /home/airflow/.local/lib/python3.12/site-packages/airflow/example_dags/example_external_task_marker_dag.py for tasks to queue
[2024-10-18T23:43:43.453+0000] {logging_mixin.py:190} INFO - [2024-10-18T23:43:43.452+0000] {dagbag.py:588} INFO - Filling up the DagBag from /home/airflow/.local/lib/python3.12/site-packages/airflow/example_dags/example_external_task_marker_dag.py
[2024-10-18T23:43:43.461+0000] {processor.py:925} INFO - DAG(s) 'example_external_task_marker_parent', 'example_external_task_marker_child' retrieved from /home/airflow/.local/lib/python3.12/site-packages/airflow/example_dags/example_external_task_marker_dag.py
[2024-10-18T23:43:43.489+0000] {logging_mixin.py:190} INFO - [2024-10-18T23:43:43.488+0000] {dag.py:3239} INFO - Sync 2 DAGs
[2024-10-18T23:43:43.505+0000] {logging_mixin.py:190} INFO - [2024-10-18T23:43:43.505+0000] {dag.py:4180} INFO - Setting next_dagrun for example_external_task_marker_child to None, run_after=None
[2024-10-18T23:43:43.511+0000] {logging_mixin.py:190} INFO - [2024-10-18T23:43:43.511+0000] {dag.py:4180} INFO - Setting next_dagrun for example_external_task_marker_parent to None, run_after=None
[2024-10-18T23:43:43.735+0000] {processor.py:208} INFO - Processing /home/airflow/.local/lib/python3.12/site-packages/airflow/example_dags/example_external_task_marker_dag.py took 0.291 seconds
[2024-10-18T23:44:14.770+0000] {processor.py:186} INFO - Started process (PID=1423) to work on /home/airflow/.local/lib/python3.12/site-packages/airflow/example_dags/example_external_task_marker_dag.py
[2024-10-18T23:44:14.771+0000] {processor.py:914} INFO - Processing file /home/airflow/.local/lib/python3.12/site-packages/airflow/example_dags/example_external_task_marker_dag.py for tasks to queue
[2024-10-18T23:44:14.775+0000] {logging_mixin.py:190} INFO - [2024-10-18T23:44:14.775+0000] {dagbag.py:588} INFO - Filling up the DagBag from /home/airflow/.local/lib/python3.12/site-packages/airflow/example_dags/example_external_task_marker_dag.py
[2024-10-18T23:44:14.785+0000] {processor.py:925} INFO - DAG(s) 'example_external_task_marker_child', 'example_external_task_marker_parent' retrieved from /home/airflow/.local/lib/python3.12/site-packages/airflow/example_dags/example_external_task_marker_dag.py
[2024-10-18T23:44:14.813+0000] {logging_mixin.py:190} INFO - [2024-10-18T23:44:14.813+0000] {dag.py:3239} INFO - Sync 2 DAGs
[2024-10-18T23:44:14.831+0000] {logging_mixin.py:190} INFO - [2024-10-18T23:44:14.830+0000] {dag.py:4180} INFO - Setting next_dagrun for example_external_task_marker_child to None, run_after=None
[2024-10-18T23:44:14.837+0000] {logging_mixin.py:190} INFO - [2024-10-18T23:44:14.837+0000] {dag.py:4180} INFO - Setting next_dagrun for example_external_task_marker_parent to None, run_after=None
[2024-10-18T23:44:14.872+0000] {processor.py:208} INFO - Processing /home/airflow/.local/lib/python3.12/site-packages/airflow/example_dags/example_external_task_marker_dag.py took 0.110 seconds
[2024-10-18T23:44:45.839+0000] {processor.py:186} INFO - Started process (PID=1486) to work on /home/airflow/.local/lib/python3.12/site-packages/airflow/example_dags/example_external_task_marker_dag.py
[2024-10-18T23:44:45.840+0000] {processor.py:914} INFO - Processing file /home/airflow/.local/lib/python3.12/site-packages/airflow/example_dags/example_external_task_marker_dag.py for tasks to queue
[2024-10-18T23:44:45.843+0000] {logging_mixin.py:190} INFO - [2024-10-18T23:44:45.842+0000] {dagbag.py:588} INFO - Filling up the DagBag from /home/airflow/.local/lib/python3.12/site-packages/airflow/example_dags/example_external_task_marker_dag.py
[2024-10-18T23:44:45.852+0000] {processor.py:925} INFO - DAG(s) 'example_external_task_marker_parent', 'example_external_task_marker_child' retrieved from /home/airflow/.local/lib/python3.12/site-packages/airflow/example_dags/example_external_task_marker_dag.py
[2024-10-18T23:44:45.873+0000] {logging_mixin.py:190} INFO - [2024-10-18T23:44:45.872+0000] {dag.py:3239} INFO - Sync 2 DAGs
[2024-10-18T23:44:45.886+0000] {logging_mixin.py:190} INFO - [2024-10-18T23:44:45.886+0000] {dag.py:4180} INFO - Setting next_dagrun for example_external_task_marker_child to None, run_after=None
[2024-10-18T23:44:45.890+0000] {logging_mixin.py:190} INFO - [2024-10-18T23:44:45.890+0000] {dag.py:4180} INFO - Setting next_dagrun for example_external_task_marker_parent to None, run_after=None
[2024-10-18T23:44:45.907+0000] {processor.py:208} INFO - Processing /home/airflow/.local/lib/python3.12/site-packages/airflow/example_dags/example_external_task_marker_dag.py took 0.074 seconds
[2024-10-18T23:45:16.372+0000] {processor.py:186} INFO - Started process (PID=1548) to work on /home/airflow/.local/lib/python3.12/site-packages/airflow/example_dags/example_external_task_marker_dag.py
[2024-10-18T23:45:16.374+0000] {processor.py:914} INFO - Processing file /home/airflow/.local/lib/python3.12/site-packages/airflow/example_dags/example_external_task_marker_dag.py for tasks to queue
[2024-10-18T23:45:16.377+0000] {logging_mixin.py:190} INFO - [2024-10-18T23:45:16.376+0000] {dagbag.py:588} INFO - Filling up the DagBag from /home/airflow/.local/lib/python3.12/site-packages/airflow/example_dags/example_external_task_marker_dag.py
[2024-10-18T23:45:16.384+0000] {processor.py:925} INFO - DAG(s) 'example_external_task_marker_child', 'example_external_task_marker_parent' retrieved from /home/airflow/.local/lib/python3.12/site-packages/airflow/example_dags/example_external_task_marker_dag.py
[2024-10-18T23:45:16.409+0000] {logging_mixin.py:190} INFO - [2024-10-18T23:45:16.408+0000] {dag.py:3239} INFO - Sync 2 DAGs
[2024-10-18T23:45:16.422+0000] {logging_mixin.py:190} INFO - [2024-10-18T23:45:16.422+0000] {dag.py:4180} INFO - Setting next_dagrun for example_external_task_marker_child to None, run_after=None
[2024-10-18T23:45:16.426+0000] {logging_mixin.py:190} INFO - [2024-10-18T23:45:16.426+0000] {dag.py:4180} INFO - Setting next_dagrun for example_external_task_marker_parent to None, run_after=None
[2024-10-18T23:45:16.444+0000] {processor.py:208} INFO - Processing /home/airflow/.local/lib/python3.12/site-packages/airflow/example_dags/example_external_task_marker_dag.py took 0.077 seconds
[2024-10-18T23:45:47.211+0000] {processor.py:186} INFO - Started process (PID=1613) to work on /home/airflow/.local/lib/python3.12/site-packages/airflow/example_dags/example_external_task_marker_dag.py
[2024-10-18T23:45:47.212+0000] {processor.py:914} INFO - Processing file /home/airflow/.local/lib/python3.12/site-packages/airflow/example_dags/example_external_task_marker_dag.py for tasks to queue
[2024-10-18T23:45:47.214+0000] {logging_mixin.py:190} INFO - [2024-10-18T23:45:47.214+0000] {dagbag.py:588} INFO - Filling up the DagBag from /home/airflow/.local/lib/python3.12/site-packages/airflow/example_dags/example_external_task_marker_dag.py
[2024-10-18T23:45:47.222+0000] {processor.py:925} INFO - DAG(s) 'example_external_task_marker_parent', 'example_external_task_marker_child' retrieved from /home/airflow/.local/lib/python3.12/site-packages/airflow/example_dags/example_external_task_marker_dag.py
[2024-10-18T23:45:47.246+0000] {logging_mixin.py:190} INFO - [2024-10-18T23:45:47.245+0000] {dag.py:3239} INFO - Sync 2 DAGs
[2024-10-18T23:45:47.260+0000] {logging_mixin.py:190} INFO - [2024-10-18T23:45:47.260+0000] {dag.py:4180} INFO - Setting next_dagrun for example_external_task_marker_child to None, run_after=None
[2024-10-18T23:45:47.264+0000] {logging_mixin.py:190} INFO - [2024-10-18T23:45:47.264+0000] {dag.py:4180} INFO - Setting next_dagrun for example_external_task_marker_parent to None, run_after=None
[2024-10-18T23:45:47.280+0000] {processor.py:208} INFO - Processing /home/airflow/.local/lib/python3.12/site-packages/airflow/example_dags/example_external_task_marker_dag.py took 0.074 seconds
[2024-10-18T23:46:18.039+0000] {processor.py:186} INFO - Started process (PID=1677) to work on /home/airflow/.local/lib/python3.12/site-packages/airflow/example_dags/example_external_task_marker_dag.py
[2024-10-18T23:46:18.040+0000] {processor.py:914} INFO - Processing file /home/airflow/.local/lib/python3.12/site-packages/airflow/example_dags/example_external_task_marker_dag.py for tasks to queue
[2024-10-18T23:46:18.043+0000] {logging_mixin.py:190} INFO - [2024-10-18T23:46:18.042+0000] {dagbag.py:588} INFO - Filling up the DagBag from /home/airflow/.local/lib/python3.12/site-packages/airflow/example_dags/example_external_task_marker_dag.py
[2024-10-18T23:46:18.050+0000] {processor.py:925} INFO - DAG(s) 'example_external_task_marker_child', 'example_external_task_marker_parent' retrieved from /home/airflow/.local/lib/python3.12/site-packages/airflow/example_dags/example_external_task_marker_dag.py
[2024-10-18T23:46:18.075+0000] {logging_mixin.py:190} INFO - [2024-10-18T23:46:18.075+0000] {dag.py:3239} INFO - Sync 2 DAGs
[2024-10-18T23:46:18.098+0000] {logging_mixin.py:190} INFO - [2024-10-18T23:46:18.098+0000] {dag.py:4180} INFO - Setting next_dagrun for example_external_task_marker_child to None, run_after=None
[2024-10-18T23:46:18.103+0000] {logging_mixin.py:190} INFO - [2024-10-18T23:46:18.103+0000] {dag.py:4180} INFO - Setting next_dagrun for example_external_task_marker_parent to None, run_after=None
[2024-10-18T23:46:18.123+0000] {processor.py:208} INFO - Processing /home/airflow/.local/lib/python3.12/site-packages/airflow/example_dags/example_external_task_marker_dag.py took 0.089 seconds
[2024-10-18T23:46:52.308+0000] {processor.py:186} INFO - Started process (PID=1739) to work on /home/airflow/.local/lib/python3.12/site-packages/airflow/example_dags/example_external_task_marker_dag.py
[2024-10-18T23:46:52.309+0000] {processor.py:914} INFO - Processing file /home/airflow/.local/lib/python3.12/site-packages/airflow/example_dags/example_external_task_marker_dag.py for tasks to queue
[2024-10-18T23:46:52.312+0000] {logging_mixin.py:190} INFO - [2024-10-18T23:46:52.311+0000] {dagbag.py:588} INFO - Filling up the DagBag from /home/airflow/.local/lib/python3.12/site-packages/airflow/example_dags/example_external_task_marker_dag.py
[2024-10-18T23:46:52.320+0000] {processor.py:925} INFO - DAG(s) 'example_external_task_marker_child', 'example_external_task_marker_parent' retrieved from /home/airflow/.local/lib/python3.12/site-packages/airflow/example_dags/example_external_task_marker_dag.py
[2024-10-18T23:46:52.344+0000] {logging_mixin.py:190} INFO - [2024-10-18T23:46:52.344+0000] {dag.py:3239} INFO - Sync 2 DAGs
[2024-10-18T23:46:52.358+0000] {logging_mixin.py:190} INFO - [2024-10-18T23:46:52.358+0000] {dag.py:4180} INFO - Setting next_dagrun for example_external_task_marker_child to None, run_after=None
[2024-10-18T23:46:52.363+0000] {logging_mixin.py:190} INFO - [2024-10-18T23:46:52.362+0000] {dag.py:4180} INFO - Setting next_dagrun for example_external_task_marker_parent to None, run_after=None
[2024-10-18T23:46:52.382+0000] {processor.py:208} INFO - Processing /home/airflow/.local/lib/python3.12/site-packages/airflow/example_dags/example_external_task_marker_dag.py took 0.079 seconds
[2024-10-18T23:47:23.660+0000] {processor.py:186} INFO - Started process (PID=1806) to work on /home/airflow/.local/lib/python3.12/site-packages/airflow/example_dags/example_external_task_marker_dag.py
[2024-10-18T23:47:23.661+0000] {processor.py:914} INFO - Processing file /home/airflow/.local/lib/python3.12/site-packages/airflow/example_dags/example_external_task_marker_dag.py for tasks to queue
[2024-10-18T23:47:23.664+0000] {logging_mixin.py:190} INFO - [2024-10-18T23:47:23.664+0000] {dagbag.py:588} INFO - Filling up the DagBag from /home/airflow/.local/lib/python3.12/site-packages/airflow/example_dags/example_external_task_marker_dag.py
[2024-10-18T23:47:23.671+0000] {processor.py:925} INFO - DAG(s) 'example_external_task_marker_child', 'example_external_task_marker_parent' retrieved from /home/airflow/.local/lib/python3.12/site-packages/airflow/example_dags/example_external_task_marker_dag.py
[2024-10-18T23:47:23.695+0000] {logging_mixin.py:190} INFO - [2024-10-18T23:47:23.695+0000] {dag.py:3239} INFO - Sync 2 DAGs
[2024-10-18T23:47:23.709+0000] {logging_mixin.py:190} INFO - [2024-10-18T23:47:23.709+0000] {dag.py:4180} INFO - Setting next_dagrun for example_external_task_marker_child to None, run_after=None
[2024-10-18T23:47:23.713+0000] {logging_mixin.py:190} INFO - [2024-10-18T23:47:23.713+0000] {dag.py:4180} INFO - Setting next_dagrun for example_external_task_marker_parent to None, run_after=None
[2024-10-18T23:47:23.733+0000] {processor.py:208} INFO - Processing /home/airflow/.local/lib/python3.12/site-packages/airflow/example_dags/example_external_task_marker_dag.py took 0.078 seconds
[2024-10-18T23:47:55.767+0000] {processor.py:186} INFO - Started process (PID=1868) to work on /home/airflow/.local/lib/python3.12/site-packages/airflow/example_dags/example_external_task_marker_dag.py
[2024-10-18T23:47:55.769+0000] {processor.py:914} INFO - Processing file /home/airflow/.local/lib/python3.12/site-packages/airflow/example_dags/example_external_task_marker_dag.py for tasks to queue
[2024-10-18T23:47:55.773+0000] {logging_mixin.py:190} INFO - [2024-10-18T23:47:55.772+0000] {dagbag.py:588} INFO - Filling up the DagBag from /home/airflow/.local/lib/python3.12/site-packages/airflow/example_dags/example_external_task_marker_dag.py
[2024-10-18T23:47:55.787+0000] {processor.py:925} INFO - DAG(s) 'example_external_task_marker_parent', 'example_external_task_marker_child' retrieved from /home/airflow/.local/lib/python3.12/site-packages/airflow/example_dags/example_external_task_marker_dag.py
[2024-10-18T23:47:55.821+0000] {logging_mixin.py:190} INFO - [2024-10-18T23:47:55.821+0000] {dag.py:3239} INFO - Sync 2 DAGs
[2024-10-18T23:47:55.843+0000] {logging_mixin.py:190} INFO - [2024-10-18T23:47:55.843+0000] {dag.py:4180} INFO - Setting next_dagrun for example_external_task_marker_child to None, run_after=None
[2024-10-18T23:47:55.849+0000] {logging_mixin.py:190} INFO - [2024-10-18T23:47:55.849+0000] {dag.py:4180} INFO - Setting next_dagrun for example_external_task_marker_parent to None, run_after=None
[2024-10-18T23:47:55.872+0000] {processor.py:208} INFO - Processing /home/airflow/.local/lib/python3.12/site-packages/airflow/example_dags/example_external_task_marker_dag.py took 0.112 seconds
[2024-10-18T23:48:30.637+0000] {processor.py:186} INFO - Started process (PID=1930) to work on /home/airflow/.local/lib/python3.12/site-packages/airflow/example_dags/example_external_task_marker_dag.py
[2024-10-18T23:48:30.639+0000] {processor.py:914} INFO - Processing file /home/airflow/.local/lib/python3.12/site-packages/airflow/example_dags/example_external_task_marker_dag.py for tasks to queue
[2024-10-18T23:48:30.645+0000] {logging_mixin.py:190} INFO - [2024-10-18T23:48:30.645+0000] {dagbag.py:588} INFO - Filling up the DagBag from /home/airflow/.local/lib/python3.12/site-packages/airflow/example_dags/example_external_task_marker_dag.py
[2024-10-18T23:48:30.672+0000] {processor.py:925} INFO - DAG(s) 'example_external_task_marker_parent', 'example_external_task_marker_child' retrieved from /home/airflow/.local/lib/python3.12/site-packages/airflow/example_dags/example_external_task_marker_dag.py
[2024-10-18T23:48:30.741+0000] {logging_mixin.py:190} INFO - [2024-10-18T23:48:30.741+0000] {dag.py:3239} INFO - Sync 2 DAGs
[2024-10-18T23:48:30.783+0000] {logging_mixin.py:190} INFO - [2024-10-18T23:48:30.782+0000] {dag.py:4180} INFO - Setting next_dagrun for example_external_task_marker_child to None, run_after=None
[2024-10-18T23:48:30.791+0000] {logging_mixin.py:190} INFO - [2024-10-18T23:48:30.790+0000] {dag.py:4180} INFO - Setting next_dagrun for example_external_task_marker_parent to None, run_after=None
[2024-10-18T23:48:30.833+0000] {processor.py:208} INFO - Processing /home/airflow/.local/lib/python3.12/site-packages/airflow/example_dags/example_external_task_marker_dag.py took 0.214 seconds
[2024-10-18T23:49:01.592+0000] {processor.py:186} INFO - Started process (PID=1992) to work on /home/airflow/.local/lib/python3.12/site-packages/airflow/example_dags/example_external_task_marker_dag.py
[2024-10-18T23:49:01.595+0000] {processor.py:914} INFO - Processing file /home/airflow/.local/lib/python3.12/site-packages/airflow/example_dags/example_external_task_marker_dag.py for tasks to queue
[2024-10-18T23:49:01.598+0000] {logging_mixin.py:190} INFO - [2024-10-18T23:49:01.598+0000] {dagbag.py:588} INFO - Filling up the DagBag from /home/airflow/.local/lib/python3.12/site-packages/airflow/example_dags/example_external_task_marker_dag.py
[2024-10-18T23:49:01.608+0000] {processor.py:925} INFO - DAG(s) 'example_external_task_marker_child', 'example_external_task_marker_parent' retrieved from /home/airflow/.local/lib/python3.12/site-packages/airflow/example_dags/example_external_task_marker_dag.py
[2024-10-18T23:49:01.643+0000] {logging_mixin.py:190} INFO - [2024-10-18T23:49:01.642+0000] {dag.py:3239} INFO - Sync 2 DAGs
[2024-10-18T23:49:01.668+0000] {logging_mixin.py:190} INFO - [2024-10-18T23:49:01.668+0000] {dag.py:4180} INFO - Setting next_dagrun for example_external_task_marker_child to None, run_after=None
[2024-10-18T23:49:01.674+0000] {logging_mixin.py:190} INFO - [2024-10-18T23:49:01.673+0000] {dag.py:4180} INFO - Setting next_dagrun for example_external_task_marker_parent to None, run_after=None
[2024-10-18T23:49:01.697+0000] {processor.py:208} INFO - Processing /home/airflow/.local/lib/python3.12/site-packages/airflow/example_dags/example_external_task_marker_dag.py took 0.113 seconds
[2024-10-18T23:49:33.016+0000] {processor.py:186} INFO - Started process (PID=2054) to work on /home/airflow/.local/lib/python3.12/site-packages/airflow/example_dags/example_external_task_marker_dag.py
[2024-10-18T23:49:33.018+0000] {processor.py:914} INFO - Processing file /home/airflow/.local/lib/python3.12/site-packages/airflow/example_dags/example_external_task_marker_dag.py for tasks to queue
[2024-10-18T23:49:33.021+0000] {logging_mixin.py:190} INFO - [2024-10-18T23:49:33.021+0000] {dagbag.py:588} INFO - Filling up the DagBag from /home/airflow/.local/lib/python3.12/site-packages/airflow/example_dags/example_external_task_marker_dag.py
[2024-10-18T23:49:33.031+0000] {processor.py:925} INFO - DAG(s) 'example_external_task_marker_parent', 'example_external_task_marker_child' retrieved from /home/airflow/.local/lib/python3.12/site-packages/airflow/example_dags/example_external_task_marker_dag.py
[2024-10-18T23:49:33.060+0000] {logging_mixin.py:190} INFO - [2024-10-18T23:49:33.059+0000] {dag.py:3239} INFO - Sync 2 DAGs
[2024-10-18T23:49:33.077+0000] {logging_mixin.py:190} INFO - [2024-10-18T23:49:33.076+0000] {dag.py:4180} INFO - Setting next_dagrun for example_external_task_marker_child to None, run_after=None
[2024-10-18T23:49:33.082+0000] {logging_mixin.py:190} INFO - [2024-10-18T23:49:33.081+0000] {dag.py:4180} INFO - Setting next_dagrun for example_external_task_marker_parent to None, run_after=None
[2024-10-18T23:49:33.103+0000] {processor.py:208} INFO - Processing /home/airflow/.local/lib/python3.12/site-packages/airflow/example_dags/example_external_task_marker_dag.py took 0.094 seconds
[2024-10-18T23:50:03.840+0000] {processor.py:186} INFO - Started process (PID=2116) to work on /home/airflow/.local/lib/python3.12/site-packages/airflow/example_dags/example_external_task_marker_dag.py
[2024-10-18T23:50:03.842+0000] {processor.py:914} INFO - Processing file /home/airflow/.local/lib/python3.12/site-packages/airflow/example_dags/example_external_task_marker_dag.py for tasks to queue
[2024-10-18T23:50:03.844+0000] {logging_mixin.py:190} INFO - [2024-10-18T23:50:03.844+0000] {dagbag.py:588} INFO - Filling up the DagBag from /home/airflow/.local/lib/python3.12/site-packages/airflow/example_dags/example_external_task_marker_dag.py
[2024-10-18T23:50:03.854+0000] {processor.py:925} INFO - DAG(s) 'example_external_task_marker_parent', 'example_external_task_marker_child' retrieved from /home/airflow/.local/lib/python3.12/site-packages/airflow/example_dags/example_external_task_marker_dag.py
[2024-10-18T23:50:03.885+0000] {logging_mixin.py:190} INFO - [2024-10-18T23:50:03.885+0000] {dag.py:3239} INFO - Sync 2 DAGs
[2024-10-18T23:50:03.900+0000] {logging_mixin.py:190} INFO - [2024-10-18T23:50:03.900+0000] {dag.py:4180} INFO - Setting next_dagrun for example_external_task_marker_child to None, run_after=None
[2024-10-18T23:50:03.906+0000] {logging_mixin.py:190} INFO - [2024-10-18T23:50:03.905+0000] {dag.py:4180} INFO - Setting next_dagrun for example_external_task_marker_parent to None, run_after=None
[2024-10-18T23:50:03.926+0000] {processor.py:208} INFO - Processing /home/airflow/.local/lib/python3.12/site-packages/airflow/example_dags/example_external_task_marker_dag.py took 0.094 seconds
[2024-10-18T23:50:34.969+0000] {processor.py:186} INFO - Started process (PID=2180) to work on /home/airflow/.local/lib/python3.12/site-packages/airflow/example_dags/example_external_task_marker_dag.py
[2024-10-18T23:50:34.971+0000] {processor.py:914} INFO - Processing file /home/airflow/.local/lib/python3.12/site-packages/airflow/example_dags/example_external_task_marker_dag.py for tasks to queue
[2024-10-18T23:50:34.975+0000] {logging_mixin.py:190} INFO - [2024-10-18T23:50:34.975+0000] {dagbag.py:588} INFO - Filling up the DagBag from /home/airflow/.local/lib/python3.12/site-packages/airflow/example_dags/example_external_task_marker_dag.py
[2024-10-18T23:50:34.985+0000] {processor.py:925} INFO - DAG(s) 'example_external_task_marker_child', 'example_external_task_marker_parent' retrieved from /home/airflow/.local/lib/python3.12/site-packages/airflow/example_dags/example_external_task_marker_dag.py
[2024-10-18T23:50:35.017+0000] {logging_mixin.py:190} INFO - [2024-10-18T23:50:35.017+0000] {dag.py:3239} INFO - Sync 2 DAGs
[2024-10-18T23:50:35.041+0000] {logging_mixin.py:190} INFO - [2024-10-18T23:50:35.040+0000] {dag.py:4180} INFO - Setting next_dagrun for example_external_task_marker_child to None, run_after=None
[2024-10-18T23:50:35.047+0000] {logging_mixin.py:190} INFO - [2024-10-18T23:50:35.046+0000] {dag.py:4180} INFO - Setting next_dagrun for example_external_task_marker_parent to None, run_after=None
[2024-10-18T23:50:35.071+0000] {processor.py:208} INFO - Processing /home/airflow/.local/lib/python3.12/site-packages/airflow/example_dags/example_external_task_marker_dag.py took 0.109 seconds
[2024-10-18T23:51:05.620+0000] {processor.py:186} INFO - Started process (PID=2241) to work on /home/airflow/.local/lib/python3.12/site-packages/airflow/example_dags/example_external_task_marker_dag.py
[2024-10-18T23:51:05.630+0000] {processor.py:914} INFO - Processing file /home/airflow/.local/lib/python3.12/site-packages/airflow/example_dags/example_external_task_marker_dag.py for tasks to queue
[2024-10-18T23:51:05.633+0000] {logging_mixin.py:190} INFO - [2024-10-18T23:51:05.632+0000] {dagbag.py:588} INFO - Filling up the DagBag from /home/airflow/.local/lib/python3.12/site-packages/airflow/example_dags/example_external_task_marker_dag.py
[2024-10-18T23:51:05.641+0000] {processor.py:925} INFO - DAG(s) 'example_external_task_marker_parent', 'example_external_task_marker_child' retrieved from /home/airflow/.local/lib/python3.12/site-packages/airflow/example_dags/example_external_task_marker_dag.py
[2024-10-18T23:51:05.665+0000] {logging_mixin.py:190} INFO - [2024-10-18T23:51:05.665+0000] {dag.py:3239} INFO - Sync 2 DAGs
[2024-10-18T23:51:05.679+0000] {logging_mixin.py:190} INFO - [2024-10-18T23:51:05.679+0000] {dag.py:4180} INFO - Setting next_dagrun for example_external_task_marker_child to None, run_after=None
[2024-10-18T23:51:05.683+0000] {logging_mixin.py:190} INFO - [2024-10-18T23:51:05.683+0000] {dag.py:4180} INFO - Setting next_dagrun for example_external_task_marker_parent to None, run_after=None
[2024-10-18T23:51:05.701+0000] {processor.py:208} INFO - Processing /home/airflow/.local/lib/python3.12/site-packages/airflow/example_dags/example_external_task_marker_dag.py took 0.087 seconds
[2024-10-18T23:51:35.775+0000] {processor.py:186} INFO - Started process (PID=2303) to work on /home/airflow/.local/lib/python3.12/site-packages/airflow/example_dags/example_external_task_marker_dag.py
[2024-10-18T23:51:35.776+0000] {processor.py:914} INFO - Processing file /home/airflow/.local/lib/python3.12/site-packages/airflow/example_dags/example_external_task_marker_dag.py for tasks to queue
[2024-10-18T23:51:35.781+0000] {logging_mixin.py:190} INFO - [2024-10-18T23:51:35.780+0000] {dagbag.py:588} INFO - Filling up the DagBag from /home/airflow/.local/lib/python3.12/site-packages/airflow/example_dags/example_external_task_marker_dag.py
[2024-10-18T23:51:35.792+0000] {processor.py:925} INFO - DAG(s) 'example_external_task_marker_parent', 'example_external_task_marker_child' retrieved from /home/airflow/.local/lib/python3.12/site-packages/airflow/example_dags/example_external_task_marker_dag.py
[2024-10-18T23:51:35.822+0000] {logging_mixin.py:190} INFO - [2024-10-18T23:51:35.822+0000] {dag.py:3239} INFO - Sync 2 DAGs
[2024-10-18T23:51:35.841+0000] {logging_mixin.py:190} INFO - [2024-10-18T23:51:35.840+0000] {dag.py:4180} INFO - Setting next_dagrun for example_external_task_marker_child to None, run_after=None
[2024-10-18T23:51:35.847+0000] {logging_mixin.py:190} INFO - [2024-10-18T23:51:35.847+0000] {dag.py:4180} INFO - Setting next_dagrun for example_external_task_marker_parent to None, run_after=None
[2024-10-18T23:51:35.869+0000] {processor.py:208} INFO - Processing /home/airflow/.local/lib/python3.12/site-packages/airflow/example_dags/example_external_task_marker_dag.py took 0.101 seconds
[2024-10-18T23:52:06.182+0000] {processor.py:186} INFO - Started process (PID=2365) to work on /home/airflow/.local/lib/python3.12/site-packages/airflow/example_dags/example_external_task_marker_dag.py
[2024-10-18T23:52:06.184+0000] {processor.py:914} INFO - Processing file /home/airflow/.local/lib/python3.12/site-packages/airflow/example_dags/example_external_task_marker_dag.py for tasks to queue
[2024-10-18T23:52:06.186+0000] {logging_mixin.py:190} INFO - [2024-10-18T23:52:06.186+0000] {dagbag.py:588} INFO - Filling up the DagBag from /home/airflow/.local/lib/python3.12/site-packages/airflow/example_dags/example_external_task_marker_dag.py
[2024-10-18T23:52:06.196+0000] {processor.py:925} INFO - DAG(s) 'example_external_task_marker_parent', 'example_external_task_marker_child' retrieved from /home/airflow/.local/lib/python3.12/site-packages/airflow/example_dags/example_external_task_marker_dag.py
[2024-10-18T23:52:06.225+0000] {logging_mixin.py:190} INFO - [2024-10-18T23:52:06.225+0000] {dag.py:3239} INFO - Sync 2 DAGs
[2024-10-18T23:52:06.240+0000] {logging_mixin.py:190} INFO - [2024-10-18T23:52:06.240+0000] {dag.py:4180} INFO - Setting next_dagrun for example_external_task_marker_child to None, run_after=None
[2024-10-18T23:52:06.245+0000] {logging_mixin.py:190} INFO - [2024-10-18T23:52:06.245+0000] {dag.py:4180} INFO - Setting next_dagrun for example_external_task_marker_parent to None, run_after=None
[2024-10-18T23:52:06.264+0000] {processor.py:208} INFO - Processing /home/airflow/.local/lib/python3.12/site-packages/airflow/example_dags/example_external_task_marker_dag.py took 0.089 seconds
[2024-10-18T23:52:37.115+0000] {processor.py:186} INFO - Started process (PID=2427) to work on /home/airflow/.local/lib/python3.12/site-packages/airflow/example_dags/example_external_task_marker_dag.py
[2024-10-18T23:52:37.116+0000] {processor.py:914} INFO - Processing file /home/airflow/.local/lib/python3.12/site-packages/airflow/example_dags/example_external_task_marker_dag.py for tasks to queue
[2024-10-18T23:52:37.118+0000] {logging_mixin.py:190} INFO - [2024-10-18T23:52:37.118+0000] {dagbag.py:588} INFO - Filling up the DagBag from /home/airflow/.local/lib/python3.12/site-packages/airflow/example_dags/example_external_task_marker_dag.py
[2024-10-18T23:52:37.125+0000] {processor.py:925} INFO - DAG(s) 'example_external_task_marker_parent', 'example_external_task_marker_child' retrieved from /home/airflow/.local/lib/python3.12/site-packages/airflow/example_dags/example_external_task_marker_dag.py
[2024-10-18T23:52:37.150+0000] {logging_mixin.py:190} INFO - [2024-10-18T23:52:37.150+0000] {dag.py:3239} INFO - Sync 2 DAGs
[2024-10-18T23:52:37.164+0000] {logging_mixin.py:190} INFO - [2024-10-18T23:52:37.164+0000] {dag.py:4180} INFO - Setting next_dagrun for example_external_task_marker_child to None, run_after=None
[2024-10-18T23:52:37.169+0000] {logging_mixin.py:190} INFO - [2024-10-18T23:52:37.168+0000] {dag.py:4180} INFO - Setting next_dagrun for example_external_task_marker_parent to None, run_after=None
[2024-10-18T23:52:37.201+0000] {processor.py:208} INFO - Processing /home/airflow/.local/lib/python3.12/site-packages/airflow/example_dags/example_external_task_marker_dag.py took 0.092 seconds
[2024-10-18T23:53:07.534+0000] {processor.py:186} INFO - Started process (PID=2489) to work on /home/airflow/.local/lib/python3.12/site-packages/airflow/example_dags/example_external_task_marker_dag.py
[2024-10-18T23:53:07.536+0000] {processor.py:914} INFO - Processing file /home/airflow/.local/lib/python3.12/site-packages/airflow/example_dags/example_external_task_marker_dag.py for tasks to queue
[2024-10-18T23:53:07.541+0000] {logging_mixin.py:190} INFO - [2024-10-18T23:53:07.540+0000] {dagbag.py:588} INFO - Filling up the DagBag from /home/airflow/.local/lib/python3.12/site-packages/airflow/example_dags/example_external_task_marker_dag.py
[2024-10-18T23:53:07.557+0000] {processor.py:925} INFO - DAG(s) 'example_external_task_marker_parent', 'example_external_task_marker_child' retrieved from /home/airflow/.local/lib/python3.12/site-packages/airflow/example_dags/example_external_task_marker_dag.py
[2024-10-18T23:53:07.602+0000] {logging_mixin.py:190} INFO - [2024-10-18T23:53:07.602+0000] {dag.py:3239} INFO - Sync 2 DAGs
[2024-10-18T23:53:07.639+0000] {logging_mixin.py:190} INFO - [2024-10-18T23:53:07.636+0000] {dag.py:4180} INFO - Setting next_dagrun for example_external_task_marker_child to None, run_after=None
[2024-10-18T23:53:07.649+0000] {logging_mixin.py:190} INFO - [2024-10-18T23:53:07.649+0000] {dag.py:4180} INFO - Setting next_dagrun for example_external_task_marker_parent to None, run_after=None
[2024-10-18T23:53:07.686+0000] {processor.py:208} INFO - Processing /home/airflow/.local/lib/python3.12/site-packages/airflow/example_dags/example_external_task_marker_dag.py took 0.163 seconds
[2024-10-18T23:53:38.224+0000] {processor.py:186} INFO - Started process (PID=2551) to work on /home/airflow/.local/lib/python3.12/site-packages/airflow/example_dags/example_external_task_marker_dag.py
[2024-10-18T23:53:38.226+0000] {processor.py:914} INFO - Processing file /home/airflow/.local/lib/python3.12/site-packages/airflow/example_dags/example_external_task_marker_dag.py for tasks to queue
[2024-10-18T23:53:38.232+0000] {logging_mixin.py:190} INFO - [2024-10-18T23:53:38.231+0000] {dagbag.py:588} INFO - Filling up the DagBag from /home/airflow/.local/lib/python3.12/site-packages/airflow/example_dags/example_external_task_marker_dag.py
[2024-10-18T23:53:38.244+0000] {processor.py:925} INFO - DAG(s) 'example_external_task_marker_child', 'example_external_task_marker_parent' retrieved from /home/airflow/.local/lib/python3.12/site-packages/airflow/example_dags/example_external_task_marker_dag.py
[2024-10-18T23:53:38.286+0000] {logging_mixin.py:190} INFO - [2024-10-18T23:53:38.285+0000] {dag.py:3239} INFO - Sync 2 DAGs
[2024-10-18T23:53:38.316+0000] {logging_mixin.py:190} INFO - [2024-10-18T23:53:38.315+0000] {dag.py:4180} INFO - Setting next_dagrun for example_external_task_marker_child to None, run_after=None
[2024-10-18T23:53:38.324+0000] {logging_mixin.py:190} INFO - [2024-10-18T23:53:38.323+0000] {dag.py:4180} INFO - Setting next_dagrun for example_external_task_marker_parent to None, run_after=None
[2024-10-18T23:53:38.357+0000] {processor.py:208} INFO - Processing /home/airflow/.local/lib/python3.12/site-packages/airflow/example_dags/example_external_task_marker_dag.py took 0.145 seconds
[2024-10-18T23:54:08.909+0000] {processor.py:186} INFO - Started process (PID=2613) to work on /home/airflow/.local/lib/python3.12/site-packages/airflow/example_dags/example_external_task_marker_dag.py
[2024-10-18T23:54:08.911+0000] {processor.py:914} INFO - Processing file /home/airflow/.local/lib/python3.12/site-packages/airflow/example_dags/example_external_task_marker_dag.py for tasks to queue
[2024-10-18T23:54:08.914+0000] {logging_mixin.py:190} INFO - [2024-10-18T23:54:08.913+0000] {dagbag.py:588} INFO - Filling up the DagBag from /home/airflow/.local/lib/python3.12/site-packages/airflow/example_dags/example_external_task_marker_dag.py
[2024-10-18T23:54:08.923+0000] {processor.py:925} INFO - DAG(s) 'example_external_task_marker_parent', 'example_external_task_marker_child' retrieved from /home/airflow/.local/lib/python3.12/site-packages/airflow/example_dags/example_external_task_marker_dag.py
[2024-10-18T23:54:08.952+0000] {logging_mixin.py:190} INFO - [2024-10-18T23:54:08.952+0000] {dag.py:3239} INFO - Sync 2 DAGs
[2024-10-18T23:54:08.973+0000] {logging_mixin.py:190} INFO - [2024-10-18T23:54:08.972+0000] {dag.py:4180} INFO - Setting next_dagrun for example_external_task_marker_child to None, run_after=None
[2024-10-18T23:54:08.977+0000] {logging_mixin.py:190} INFO - [2024-10-18T23:54:08.977+0000] {dag.py:4180} INFO - Setting next_dagrun for example_external_task_marker_parent to None, run_after=None
[2024-10-18T23:54:08.997+0000] {processor.py:208} INFO - Processing /home/airflow/.local/lib/python3.12/site-packages/airflow/example_dags/example_external_task_marker_dag.py took 0.094 seconds
[2024-10-18T23:54:39.855+0000] {processor.py:186} INFO - Started process (PID=2675) to work on /home/airflow/.local/lib/python3.12/site-packages/airflow/example_dags/example_external_task_marker_dag.py
[2024-10-18T23:54:39.858+0000] {processor.py:914} INFO - Processing file /home/airflow/.local/lib/python3.12/site-packages/airflow/example_dags/example_external_task_marker_dag.py for tasks to queue
[2024-10-18T23:54:39.864+0000] {logging_mixin.py:190} INFO - [2024-10-18T23:54:39.863+0000] {dagbag.py:588} INFO - Filling up the DagBag from /home/airflow/.local/lib/python3.12/site-packages/airflow/example_dags/example_external_task_marker_dag.py
[2024-10-18T23:54:39.881+0000] {processor.py:925} INFO - DAG(s) 'example_external_task_marker_child', 'example_external_task_marker_parent' retrieved from /home/airflow/.local/lib/python3.12/site-packages/airflow/example_dags/example_external_task_marker_dag.py
[2024-10-18T23:54:40.095+0000] {logging_mixin.py:190} INFO - [2024-10-18T23:54:40.094+0000] {dag.py:3239} INFO - Sync 2 DAGs
[2024-10-18T23:54:40.176+0000] {logging_mixin.py:190} INFO - [2024-10-18T23:54:40.175+0000] {dag.py:4180} INFO - Setting next_dagrun for example_external_task_marker_child to None, run_after=None
[2024-10-18T23:54:40.195+0000] {logging_mixin.py:190} INFO - [2024-10-18T23:54:40.194+0000] {dag.py:4180} INFO - Setting next_dagrun for example_external_task_marker_parent to None, run_after=None
[2024-10-18T23:54:40.233+0000] {processor.py:208} INFO - Processing /home/airflow/.local/lib/python3.12/site-packages/airflow/example_dags/example_external_task_marker_dag.py took 0.414 seconds
[2024-10-18T23:55:10.420+0000] {processor.py:186} INFO - Started process (PID=2738) to work on /home/airflow/.local/lib/python3.12/site-packages/airflow/example_dags/example_external_task_marker_dag.py
[2024-10-18T23:55:10.423+0000] {processor.py:914} INFO - Processing file /home/airflow/.local/lib/python3.12/site-packages/airflow/example_dags/example_external_task_marker_dag.py for tasks to queue
[2024-10-18T23:55:10.429+0000] {logging_mixin.py:190} INFO - [2024-10-18T23:55:10.428+0000] {dagbag.py:588} INFO - Filling up the DagBag from /home/airflow/.local/lib/python3.12/site-packages/airflow/example_dags/example_external_task_marker_dag.py
[2024-10-18T23:55:10.448+0000] {processor.py:925} INFO - DAG(s) 'example_external_task_marker_parent', 'example_external_task_marker_child' retrieved from /home/airflow/.local/lib/python3.12/site-packages/airflow/example_dags/example_external_task_marker_dag.py
[2024-10-18T23:55:10.537+0000] {logging_mixin.py:190} INFO - [2024-10-18T23:55:10.536+0000] {dag.py:3239} INFO - Sync 2 DAGs
[2024-10-18T23:55:10.573+0000] {logging_mixin.py:190} INFO - [2024-10-18T23:55:10.572+0000] {dag.py:4180} INFO - Setting next_dagrun for example_external_task_marker_child to None, run_after=None
[2024-10-18T23:55:10.584+0000] {logging_mixin.py:190} INFO - [2024-10-18T23:55:10.584+0000] {dag.py:4180} INFO - Setting next_dagrun for example_external_task_marker_parent to None, run_after=None
[2024-10-18T23:55:10.624+0000] {processor.py:208} INFO - Processing /home/airflow/.local/lib/python3.12/site-packages/airflow/example_dags/example_external_task_marker_dag.py took 0.218 seconds
[2024-10-18T23:56:55.437+0000] {processor.py:186} INFO - Started process (PID=2792) to work on /home/airflow/.local/lib/python3.12/site-packages/airflow/example_dags/example_external_task_marker_dag.py
[2024-10-18T23:56:55.441+0000] {processor.py:914} INFO - Processing file /home/airflow/.local/lib/python3.12/site-packages/airflow/example_dags/example_external_task_marker_dag.py for tasks to queue
[2024-10-18T23:56:55.458+0000] {logging_mixin.py:190} INFO - [2024-10-18T23:56:55.456+0000] {dagbag.py:588} INFO - Filling up the DagBag from /home/airflow/.local/lib/python3.12/site-packages/airflow/example_dags/example_external_task_marker_dag.py
[2024-10-18T23:56:55.491+0000] {processor.py:925} INFO - DAG(s) 'example_external_task_marker_parent', 'example_external_task_marker_child' retrieved from /home/airflow/.local/lib/python3.12/site-packages/airflow/example_dags/example_external_task_marker_dag.py
[2024-10-18T23:56:55.587+0000] {logging_mixin.py:190} INFO - [2024-10-18T23:56:55.586+0000] {dag.py:3239} INFO - Sync 2 DAGs
[2024-10-18T23:56:55.638+0000] {logging_mixin.py:190} INFO - [2024-10-18T23:56:55.638+0000] {dag.py:4180} INFO - Setting next_dagrun for example_external_task_marker_child to None, run_after=None
[2024-10-18T23:56:55.654+0000] {logging_mixin.py:190} INFO - [2024-10-18T23:56:55.653+0000] {dag.py:4180} INFO - Setting next_dagrun for example_external_task_marker_parent to None, run_after=None
[2024-10-18T23:56:55.741+0000] {processor.py:208} INFO - Processing /home/airflow/.local/lib/python3.12/site-packages/airflow/example_dags/example_external_task_marker_dag.py took 0.333 seconds
[2024-10-18T23:57:26.071+0000] {processor.py:186} INFO - Started process (PID=2854) to work on /home/airflow/.local/lib/python3.12/site-packages/airflow/example_dags/example_external_task_marker_dag.py
[2024-10-18T23:57:26.073+0000] {processor.py:914} INFO - Processing file /home/airflow/.local/lib/python3.12/site-packages/airflow/example_dags/example_external_task_marker_dag.py for tasks to queue
[2024-10-18T23:57:26.076+0000] {logging_mixin.py:190} INFO - [2024-10-18T23:57:26.075+0000] {dagbag.py:588} INFO - Filling up the DagBag from /home/airflow/.local/lib/python3.12/site-packages/airflow/example_dags/example_external_task_marker_dag.py
[2024-10-18T23:57:26.086+0000] {processor.py:925} INFO - DAG(s) 'example_external_task_marker_parent', 'example_external_task_marker_child' retrieved from /home/airflow/.local/lib/python3.12/site-packages/airflow/example_dags/example_external_task_marker_dag.py
[2024-10-18T23:57:26.117+0000] {logging_mixin.py:190} INFO - [2024-10-18T23:57:26.117+0000] {dag.py:3239} INFO - Sync 2 DAGs
[2024-10-18T23:57:26.138+0000] {logging_mixin.py:190} INFO - [2024-10-18T23:57:26.138+0000] {dag.py:4180} INFO - Setting next_dagrun for example_external_task_marker_child to None, run_after=None
[2024-10-18T23:57:26.346+0000] {logging_mixin.py:190} INFO - [2024-10-18T23:57:26.345+0000] {dag.py:4180} INFO - Setting next_dagrun for example_external_task_marker_parent to None, run_after=None
[2024-10-18T23:57:26.369+0000] {processor.py:208} INFO - Processing /home/airflow/.local/lib/python3.12/site-packages/airflow/example_dags/example_external_task_marker_dag.py took 0.306 seconds
[2024-10-18T23:57:56.590+0000] {processor.py:186} INFO - Started process (PID=2916) to work on /home/airflow/.local/lib/python3.12/site-packages/airflow/example_dags/example_external_task_marker_dag.py
[2024-10-18T23:57:56.591+0000] {processor.py:914} INFO - Processing file /home/airflow/.local/lib/python3.12/site-packages/airflow/example_dags/example_external_task_marker_dag.py for tasks to queue
[2024-10-18T23:57:56.593+0000] {logging_mixin.py:190} INFO - [2024-10-18T23:57:56.593+0000] {dagbag.py:588} INFO - Filling up the DagBag from /home/airflow/.local/lib/python3.12/site-packages/airflow/example_dags/example_external_task_marker_dag.py
[2024-10-18T23:57:56.600+0000] {processor.py:925} INFO - DAG(s) 'example_external_task_marker_parent', 'example_external_task_marker_child' retrieved from /home/airflow/.local/lib/python3.12/site-packages/airflow/example_dags/example_external_task_marker_dag.py
[2024-10-18T23:57:56.624+0000] {logging_mixin.py:190} INFO - [2024-10-18T23:57:56.623+0000] {dag.py:3239} INFO - Sync 2 DAGs
[2024-10-18T23:57:56.637+0000] {logging_mixin.py:190} INFO - [2024-10-18T23:57:56.637+0000] {dag.py:4180} INFO - Setting next_dagrun for example_external_task_marker_child to None, run_after=None
[2024-10-18T23:57:56.642+0000] {logging_mixin.py:190} INFO - [2024-10-18T23:57:56.641+0000] {dag.py:4180} INFO - Setting next_dagrun for example_external_task_marker_parent to None, run_after=None
[2024-10-18T23:57:56.804+0000] {processor.py:208} INFO - Processing /home/airflow/.local/lib/python3.12/site-packages/airflow/example_dags/example_external_task_marker_dag.py took 0.219 seconds
[2024-10-18T23:58:27.718+0000] {processor.py:186} INFO - Started process (PID=2978) to work on /home/airflow/.local/lib/python3.12/site-packages/airflow/example_dags/example_external_task_marker_dag.py
[2024-10-18T23:58:27.719+0000] {processor.py:914} INFO - Processing file /home/airflow/.local/lib/python3.12/site-packages/airflow/example_dags/example_external_task_marker_dag.py for tasks to queue
[2024-10-18T23:58:27.721+0000] {logging_mixin.py:190} INFO - [2024-10-18T23:58:27.721+0000] {dagbag.py:588} INFO - Filling up the DagBag from /home/airflow/.local/lib/python3.12/site-packages/airflow/example_dags/example_external_task_marker_dag.py
[2024-10-18T23:58:27.729+0000] {processor.py:925} INFO - DAG(s) 'example_external_task_marker_parent', 'example_external_task_marker_child' retrieved from /home/airflow/.local/lib/python3.12/site-packages/airflow/example_dags/example_external_task_marker_dag.py
[2024-10-18T23:58:27.756+0000] {logging_mixin.py:190} INFO - [2024-10-18T23:58:27.756+0000] {dag.py:3239} INFO - Sync 2 DAGs
[2024-10-18T23:58:27.772+0000] {logging_mixin.py:190} INFO - [2024-10-18T23:58:27.771+0000] {dag.py:4180} INFO - Setting next_dagrun for example_external_task_marker_child to None, run_after=None
[2024-10-18T23:58:27.776+0000] {logging_mixin.py:190} INFO - [2024-10-18T23:58:27.776+0000] {dag.py:4180} INFO - Setting next_dagrun for example_external_task_marker_parent to None, run_after=None
[2024-10-18T23:58:27.794+0000] {processor.py:208} INFO - Processing /home/airflow/.local/lib/python3.12/site-packages/airflow/example_dags/example_external_task_marker_dag.py took 0.082 seconds
[2024-10-18T23:58:58.378+0000] {processor.py:186} INFO - Started process (PID=3040) to work on /home/airflow/.local/lib/python3.12/site-packages/airflow/example_dags/example_external_task_marker_dag.py
[2024-10-18T23:58:58.380+0000] {processor.py:914} INFO - Processing file /home/airflow/.local/lib/python3.12/site-packages/airflow/example_dags/example_external_task_marker_dag.py for tasks to queue
[2024-10-18T23:58:58.382+0000] {logging_mixin.py:190} INFO - [2024-10-18T23:58:58.382+0000] {dagbag.py:588} INFO - Filling up the DagBag from /home/airflow/.local/lib/python3.12/site-packages/airflow/example_dags/example_external_task_marker_dag.py
[2024-10-18T23:58:58.394+0000] {processor.py:925} INFO - DAG(s) 'example_external_task_marker_parent', 'example_external_task_marker_child' retrieved from /home/airflow/.local/lib/python3.12/site-packages/airflow/example_dags/example_external_task_marker_dag.py
[2024-10-18T23:58:58.431+0000] {logging_mixin.py:190} INFO - [2024-10-18T23:58:58.431+0000] {dag.py:3239} INFO - Sync 2 DAGs
[2024-10-18T23:58:58.451+0000] {logging_mixin.py:190} INFO - [2024-10-18T23:58:58.450+0000] {dag.py:4180} INFO - Setting next_dagrun for example_external_task_marker_child to None, run_after=None
[2024-10-18T23:58:58.457+0000] {logging_mixin.py:190} INFO - [2024-10-18T23:58:58.457+0000] {dag.py:4180} INFO - Setting next_dagrun for example_external_task_marker_parent to None, run_after=None
[2024-10-18T23:58:58.478+0000] {processor.py:208} INFO - Processing /home/airflow/.local/lib/python3.12/site-packages/airflow/example_dags/example_external_task_marker_dag.py took 0.106 seconds
[2024-10-18T23:59:29.243+0000] {processor.py:186} INFO - Started process (PID=3101) to work on /home/airflow/.local/lib/python3.12/site-packages/airflow/example_dags/example_external_task_marker_dag.py
[2024-10-18T23:59:29.244+0000] {processor.py:914} INFO - Processing file /home/airflow/.local/lib/python3.12/site-packages/airflow/example_dags/example_external_task_marker_dag.py for tasks to queue
[2024-10-18T23:59:29.246+0000] {logging_mixin.py:190} INFO - [2024-10-18T23:59:29.246+0000] {dagbag.py:588} INFO - Filling up the DagBag from /home/airflow/.local/lib/python3.12/site-packages/airflow/example_dags/example_external_task_marker_dag.py
[2024-10-18T23:59:29.253+0000] {processor.py:925} INFO - DAG(s) 'example_external_task_marker_parent', 'example_external_task_marker_child' retrieved from /home/airflow/.local/lib/python3.12/site-packages/airflow/example_dags/example_external_task_marker_dag.py
[2024-10-18T23:59:29.425+0000] {logging_mixin.py:190} INFO - [2024-10-18T23:59:29.425+0000] {dag.py:3239} INFO - Sync 2 DAGs
[2024-10-18T23:59:29.436+0000] {logging_mixin.py:190} INFO - [2024-10-18T23:59:29.435+0000] {dag.py:4180} INFO - Setting next_dagrun for example_external_task_marker_child to None, run_after=None
[2024-10-18T23:59:29.439+0000] {logging_mixin.py:190} INFO - [2024-10-18T23:59:29.439+0000] {dag.py:4180} INFO - Setting next_dagrun for example_external_task_marker_parent to None, run_after=None
[2024-10-18T23:59:29.465+0000] {processor.py:208} INFO - Processing /home/airflow/.local/lib/python3.12/site-packages/airflow/example_dags/example_external_task_marker_dag.py took 0.227 seconds
[2024-10-18T23:59:59.706+0000] {processor.py:186} INFO - Started process (PID=3163) to work on /home/airflow/.local/lib/python3.12/site-packages/airflow/example_dags/example_external_task_marker_dag.py
[2024-10-18T23:59:59.708+0000] {processor.py:914} INFO - Processing file /home/airflow/.local/lib/python3.12/site-packages/airflow/example_dags/example_external_task_marker_dag.py for tasks to queue
[2024-10-18T23:59:59.712+0000] {logging_mixin.py:190} INFO - [2024-10-18T23:59:59.711+0000] {dagbag.py:588} INFO - Filling up the DagBag from /home/airflow/.local/lib/python3.12/site-packages/airflow/example_dags/example_external_task_marker_dag.py
[2024-10-18T23:59:59.723+0000] {processor.py:925} INFO - DAG(s) 'example_external_task_marker_child', 'example_external_task_marker_parent' retrieved from /home/airflow/.local/lib/python3.12/site-packages/airflow/example_dags/example_external_task_marker_dag.py
[2024-10-18T23:59:59.760+0000] {logging_mixin.py:190} INFO - [2024-10-18T23:59:59.760+0000] {dag.py:3239} INFO - Sync 2 DAGs
[2024-10-18T23:59:59.799+0000] {logging_mixin.py:190} INFO - [2024-10-18T23:59:59.798+0000] {dag.py:4180} INFO - Setting next_dagrun for example_external_task_marker_child to None, run_after=None
[2024-10-18T23:59:59.817+0000] {logging_mixin.py:190} INFO - [2024-10-18T23:59:59.817+0000] {dag.py:4180} INFO - Setting next_dagrun for example_external_task_marker_parent to None, run_after=None
[2024-10-18T23:59:59.856+0000] {processor.py:208} INFO - Processing /home/airflow/.local/lib/python3.12/site-packages/airflow/example_dags/example_external_task_marker_dag.py took 0.158 seconds
