[2024-10-18T23:32:43.875+0000] {processor.py:186} INFO - Started process (PID=76) to work on /home/airflow/.local/lib/python3.12/site-packages/airflow/example_dags/example_latest_only_with_trigger.py
[2024-10-18T23:32:43.879+0000] {processor.py:914} INFO - Processing file /home/airflow/.local/lib/python3.12/site-packages/airflow/example_dags/example_latest_only_with_trigger.py for tasks to queue
[2024-10-18T23:32:43.947+0000] {logging_mixin.py:190} INFO - [2024-10-18T23:32:43.938+0000] {dagbag.py:588} INFO - Filling up the DagBag from /home/airflow/.local/lib/python3.12/site-packages/airflow/example_dags/example_latest_only_with_trigger.py
[2024-10-18T23:32:44.072+0000] {processor.py:925} INFO - DAG(s) 'latest_only_with_trigger' retrieved from /home/airflow/.local/lib/python3.12/site-packages/airflow/example_dags/example_latest_only_with_trigger.py
[2024-10-18T23:32:45.343+0000] {logging_mixin.py:190} INFO - [2024-10-18T23:32:45.325+0000] {override.py:1900} INFO - Created Permission View: can read on DAG:latest_only_with_trigger
[2024-10-18T23:32:45.380+0000] {logging_mixin.py:190} INFO - [2024-10-18T23:32:45.380+0000] {override.py:1900} INFO - Created Permission View: can edit on DAG:latest_only_with_trigger
[2024-10-18T23:32:45.394+0000] {logging_mixin.py:190} INFO - [2024-10-18T23:32:45.393+0000] {override.py:1900} INFO - Created Permission View: can delete on DAG:latest_only_with_trigger
[2024-10-18T23:32:45.444+0000] {logging_mixin.py:190} INFO - [2024-10-18T23:32:45.443+0000] {override.py:1900} INFO - Created Permission View: can read on DAG Run:latest_only_with_trigger
[2024-10-18T23:32:45.463+0000] {logging_mixin.py:190} INFO - [2024-10-18T23:32:45.462+0000] {override.py:1900} INFO - Created Permission View: can create on DAG Run:latest_only_with_trigger
[2024-10-18T23:32:45.483+0000] {logging_mixin.py:190} INFO - [2024-10-18T23:32:45.482+0000] {override.py:1900} INFO - Created Permission View: menu access on DAG Run:latest_only_with_trigger
[2024-10-18T23:32:45.499+0000] {logging_mixin.py:190} INFO - [2024-10-18T23:32:45.499+0000] {override.py:1900} INFO - Created Permission View: can delete on DAG Run:latest_only_with_trigger
[2024-10-18T23:32:45.501+0000] {logging_mixin.py:190} INFO - [2024-10-18T23:32:45.500+0000] {dag.py:3239} INFO - Sync 1 DAGs
[2024-10-18T23:32:45.660+0000] {logging_mixin.py:190} INFO - [2024-10-18T23:32:45.660+0000] {dag.py:3262} INFO - Creating ORM DAG for latest_only_with_trigger
[2024-10-18T23:32:45.807+0000] {logging_mixin.py:190} INFO - [2024-10-18T23:32:45.807+0000] {dag.py:4180} INFO - Setting next_dagrun for latest_only_with_trigger to 2024-10-18 16:00:00+00:00, run_after=2024-10-18 20:00:00+00:00
[2024-10-18T23:32:45.867+0000] {processor.py:208} INFO - Processing /home/airflow/.local/lib/python3.12/site-packages/airflow/example_dags/example_latest_only_with_trigger.py took 2.106 seconds
[2024-10-18T23:33:32.738+0000] {processor.py:186} INFO - Started process (PID=138) to work on /home/airflow/.local/lib/python3.12/site-packages/airflow/example_dags/example_latest_only_with_trigger.py
[2024-10-18T23:33:32.743+0000] {processor.py:914} INFO - Processing file /home/airflow/.local/lib/python3.12/site-packages/airflow/example_dags/example_latest_only_with_trigger.py for tasks to queue
[2024-10-18T23:33:32.749+0000] {logging_mixin.py:190} INFO - [2024-10-18T23:33:32.748+0000] {dagbag.py:588} INFO - Filling up the DagBag from /home/airflow/.local/lib/python3.12/site-packages/airflow/example_dags/example_latest_only_with_trigger.py
[2024-10-18T23:33:32.773+0000] {processor.py:925} INFO - DAG(s) 'latest_only_with_trigger' retrieved from /home/airflow/.local/lib/python3.12/site-packages/airflow/example_dags/example_latest_only_with_trigger.py
[2024-10-18T23:33:32.835+0000] {logging_mixin.py:190} INFO - [2024-10-18T23:33:32.834+0000] {dag.py:3239} INFO - Sync 1 DAGs
[2024-10-18T23:33:32.904+0000] {logging_mixin.py:190} INFO - [2024-10-18T23:33:32.903+0000] {dag.py:4180} INFO - Setting next_dagrun for latest_only_with_trigger to 2024-10-18 16:00:00+00:00, run_after=2024-10-18 20:00:00+00:00
[2024-10-18T23:33:32.953+0000] {processor.py:208} INFO - Processing /home/airflow/.local/lib/python3.12/site-packages/airflow/example_dags/example_latest_only_with_trigger.py took 0.238 seconds
[2024-10-18T23:34:03.462+0000] {processor.py:186} INFO - Started process (PID=200) to work on /home/airflow/.local/lib/python3.12/site-packages/airflow/example_dags/example_latest_only_with_trigger.py
[2024-10-18T23:34:03.464+0000] {processor.py:914} INFO - Processing file /home/airflow/.local/lib/python3.12/site-packages/airflow/example_dags/example_latest_only_with_trigger.py for tasks to queue
[2024-10-18T23:34:03.469+0000] {logging_mixin.py:190} INFO - [2024-10-18T23:34:03.468+0000] {dagbag.py:588} INFO - Filling up the DagBag from /home/airflow/.local/lib/python3.12/site-packages/airflow/example_dags/example_latest_only_with_trigger.py
[2024-10-18T23:34:03.484+0000] {processor.py:925} INFO - DAG(s) 'latest_only_with_trigger' retrieved from /home/airflow/.local/lib/python3.12/site-packages/airflow/example_dags/example_latest_only_with_trigger.py
[2024-10-18T23:34:03.529+0000] {logging_mixin.py:190} INFO - [2024-10-18T23:34:03.528+0000] {dag.py:3239} INFO - Sync 1 DAGs
[2024-10-18T23:34:03.579+0000] {logging_mixin.py:190} INFO - [2024-10-18T23:34:03.579+0000] {dag.py:4180} INFO - Setting next_dagrun for latest_only_with_trigger to 2024-10-18 16:00:00+00:00, run_after=2024-10-18 20:00:00+00:00
[2024-10-18T23:34:03.625+0000] {processor.py:208} INFO - Processing /home/airflow/.local/lib/python3.12/site-packages/airflow/example_dags/example_latest_only_with_trigger.py took 0.175 seconds
[2024-10-18T23:34:34.010+0000] {processor.py:186} INFO - Started process (PID=258) to work on /home/airflow/.local/lib/python3.12/site-packages/airflow/example_dags/example_latest_only_with_trigger.py
[2024-10-18T23:34:34.011+0000] {processor.py:914} INFO - Processing file /home/airflow/.local/lib/python3.12/site-packages/airflow/example_dags/example_latest_only_with_trigger.py for tasks to queue
[2024-10-18T23:34:34.014+0000] {logging_mixin.py:190} INFO - [2024-10-18T23:34:34.013+0000] {dagbag.py:588} INFO - Filling up the DagBag from /home/airflow/.local/lib/python3.12/site-packages/airflow/example_dags/example_latest_only_with_trigger.py
[2024-10-18T23:34:34.021+0000] {processor.py:925} INFO - DAG(s) 'latest_only_with_trigger' retrieved from /home/airflow/.local/lib/python3.12/site-packages/airflow/example_dags/example_latest_only_with_trigger.py
[2024-10-18T23:34:34.041+0000] {logging_mixin.py:190} INFO - [2024-10-18T23:34:34.040+0000] {dag.py:3239} INFO - Sync 1 DAGs
[2024-10-18T23:34:34.063+0000] {logging_mixin.py:190} INFO - [2024-10-18T23:34:34.063+0000] {dag.py:4180} INFO - Setting next_dagrun for latest_only_with_trigger to 2024-10-18 16:00:00+00:00, run_after=2024-10-18 20:00:00+00:00
[2024-10-18T23:34:34.097+0000] {processor.py:208} INFO - Processing /home/airflow/.local/lib/python3.12/site-packages/airflow/example_dags/example_latest_only_with_trigger.py took 0.093 seconds
[2024-10-18T23:35:04.628+0000] {processor.py:186} INFO - Started process (PID=320) to work on /home/airflow/.local/lib/python3.12/site-packages/airflow/example_dags/example_latest_only_with_trigger.py
[2024-10-18T23:35:04.630+0000] {processor.py:914} INFO - Processing file /home/airflow/.local/lib/python3.12/site-packages/airflow/example_dags/example_latest_only_with_trigger.py for tasks to queue
[2024-10-18T23:35:04.635+0000] {logging_mixin.py:190} INFO - [2024-10-18T23:35:04.634+0000] {dagbag.py:588} INFO - Filling up the DagBag from /home/airflow/.local/lib/python3.12/site-packages/airflow/example_dags/example_latest_only_with_trigger.py
[2024-10-18T23:35:04.645+0000] {processor.py:925} INFO - DAG(s) 'latest_only_with_trigger' retrieved from /home/airflow/.local/lib/python3.12/site-packages/airflow/example_dags/example_latest_only_with_trigger.py
[2024-10-18T23:35:04.671+0000] {logging_mixin.py:190} INFO - [2024-10-18T23:35:04.671+0000] {dag.py:3239} INFO - Sync 1 DAGs
[2024-10-18T23:35:04.704+0000] {logging_mixin.py:190} INFO - [2024-10-18T23:35:04.703+0000] {dag.py:4180} INFO - Setting next_dagrun for latest_only_with_trigger to 2024-10-18 16:00:00+00:00, run_after=2024-10-18 20:00:00+00:00
[2024-10-18T23:35:04.732+0000] {processor.py:208} INFO - Processing /home/airflow/.local/lib/python3.12/site-packages/airflow/example_dags/example_latest_only_with_trigger.py took 0.113 seconds
[2024-10-18T23:35:35.080+0000] {processor.py:186} INFO - Started process (PID=382) to work on /home/airflow/.local/lib/python3.12/site-packages/airflow/example_dags/example_latest_only_with_trigger.py
[2024-10-18T23:35:35.081+0000] {processor.py:914} INFO - Processing file /home/airflow/.local/lib/python3.12/site-packages/airflow/example_dags/example_latest_only_with_trigger.py for tasks to queue
[2024-10-18T23:35:35.084+0000] {logging_mixin.py:190} INFO - [2024-10-18T23:35:35.084+0000] {dagbag.py:588} INFO - Filling up the DagBag from /home/airflow/.local/lib/python3.12/site-packages/airflow/example_dags/example_latest_only_with_trigger.py
[2024-10-18T23:35:35.092+0000] {processor.py:925} INFO - DAG(s) 'latest_only_with_trigger' retrieved from /home/airflow/.local/lib/python3.12/site-packages/airflow/example_dags/example_latest_only_with_trigger.py
[2024-10-18T23:35:35.122+0000] {logging_mixin.py:190} INFO - [2024-10-18T23:35:35.121+0000] {dag.py:3239} INFO - Sync 1 DAGs
[2024-10-18T23:35:35.149+0000] {logging_mixin.py:190} INFO - [2024-10-18T23:35:35.149+0000] {dag.py:4180} INFO - Setting next_dagrun for latest_only_with_trigger to 2024-10-18 16:00:00+00:00, run_after=2024-10-18 20:00:00+00:00
[2024-10-18T23:35:35.173+0000] {processor.py:208} INFO - Processing /home/airflow/.local/lib/python3.12/site-packages/airflow/example_dags/example_latest_only_with_trigger.py took 0.100 seconds
[2024-10-18T23:36:05.937+0000] {processor.py:186} INFO - Started process (PID=444) to work on /home/airflow/.local/lib/python3.12/site-packages/airflow/example_dags/example_latest_only_with_trigger.py
[2024-10-18T23:36:05.938+0000] {processor.py:914} INFO - Processing file /home/airflow/.local/lib/python3.12/site-packages/airflow/example_dags/example_latest_only_with_trigger.py for tasks to queue
[2024-10-18T23:36:05.941+0000] {logging_mixin.py:190} INFO - [2024-10-18T23:36:05.941+0000] {dagbag.py:588} INFO - Filling up the DagBag from /home/airflow/.local/lib/python3.12/site-packages/airflow/example_dags/example_latest_only_with_trigger.py
[2024-10-18T23:36:05.949+0000] {processor.py:925} INFO - DAG(s) 'latest_only_with_trigger' retrieved from /home/airflow/.local/lib/python3.12/site-packages/airflow/example_dags/example_latest_only_with_trigger.py
[2024-10-18T23:36:05.973+0000] {logging_mixin.py:190} INFO - [2024-10-18T23:36:05.972+0000] {dag.py:3239} INFO - Sync 1 DAGs
[2024-10-18T23:36:06.005+0000] {logging_mixin.py:190} INFO - [2024-10-18T23:36:06.004+0000] {dag.py:4180} INFO - Setting next_dagrun for latest_only_with_trigger to 2024-10-18 16:00:00+00:00, run_after=2024-10-18 20:00:00+00:00
[2024-10-18T23:36:06.029+0000] {processor.py:208} INFO - Processing /home/airflow/.local/lib/python3.12/site-packages/airflow/example_dags/example_latest_only_with_trigger.py took 0.098 seconds
[2024-10-18T23:36:36.910+0000] {processor.py:186} INFO - Started process (PID=506) to work on /home/airflow/.local/lib/python3.12/site-packages/airflow/example_dags/example_latest_only_with_trigger.py
[2024-10-18T23:36:36.912+0000] {processor.py:914} INFO - Processing file /home/airflow/.local/lib/python3.12/site-packages/airflow/example_dags/example_latest_only_with_trigger.py for tasks to queue
[2024-10-18T23:36:36.915+0000] {logging_mixin.py:190} INFO - [2024-10-18T23:36:36.914+0000] {dagbag.py:588} INFO - Filling up the DagBag from /home/airflow/.local/lib/python3.12/site-packages/airflow/example_dags/example_latest_only_with_trigger.py
[2024-10-18T23:36:36.927+0000] {processor.py:925} INFO - DAG(s) 'latest_only_with_trigger' retrieved from /home/airflow/.local/lib/python3.12/site-packages/airflow/example_dags/example_latest_only_with_trigger.py
[2024-10-18T23:36:36.958+0000] {logging_mixin.py:190} INFO - [2024-10-18T23:36:36.958+0000] {dag.py:3239} INFO - Sync 1 DAGs
[2024-10-18T23:36:37.008+0000] {logging_mixin.py:190} INFO - [2024-10-18T23:36:37.008+0000] {dag.py:4180} INFO - Setting next_dagrun for latest_only_with_trigger to 2024-10-18 16:00:00+00:00, run_after=2024-10-18 20:00:00+00:00
[2024-10-18T23:36:37.035+0000] {processor.py:208} INFO - Processing /home/airflow/.local/lib/python3.12/site-packages/airflow/example_dags/example_latest_only_with_trigger.py took 0.137 seconds
[2024-10-18T23:37:07.214+0000] {processor.py:186} INFO - Started process (PID=568) to work on /home/airflow/.local/lib/python3.12/site-packages/airflow/example_dags/example_latest_only_with_trigger.py
[2024-10-18T23:37:07.215+0000] {processor.py:914} INFO - Processing file /home/airflow/.local/lib/python3.12/site-packages/airflow/example_dags/example_latest_only_with_trigger.py for tasks to queue
[2024-10-18T23:37:07.218+0000] {logging_mixin.py:190} INFO - [2024-10-18T23:37:07.218+0000] {dagbag.py:588} INFO - Filling up the DagBag from /home/airflow/.local/lib/python3.12/site-packages/airflow/example_dags/example_latest_only_with_trigger.py
[2024-10-18T23:37:07.226+0000] {processor.py:925} INFO - DAG(s) 'latest_only_with_trigger' retrieved from /home/airflow/.local/lib/python3.12/site-packages/airflow/example_dags/example_latest_only_with_trigger.py
[2024-10-18T23:37:07.246+0000] {logging_mixin.py:190} INFO - [2024-10-18T23:37:07.245+0000] {dag.py:3239} INFO - Sync 1 DAGs
[2024-10-18T23:37:07.270+0000] {logging_mixin.py:190} INFO - [2024-10-18T23:37:07.270+0000] {dag.py:4180} INFO - Setting next_dagrun for latest_only_with_trigger to 2024-10-18 16:00:00+00:00, run_after=2024-10-18 20:00:00+00:00
[2024-10-18T23:37:07.294+0000] {processor.py:208} INFO - Processing /home/airflow/.local/lib/python3.12/site-packages/airflow/example_dags/example_latest_only_with_trigger.py took 0.086 seconds
[2024-10-18T23:37:38.336+0000] {processor.py:186} INFO - Started process (PID=636) to work on /home/airflow/.local/lib/python3.12/site-packages/airflow/example_dags/example_latest_only_with_trigger.py
[2024-10-18T23:37:38.338+0000] {processor.py:914} INFO - Processing file /home/airflow/.local/lib/python3.12/site-packages/airflow/example_dags/example_latest_only_with_trigger.py for tasks to queue
[2024-10-18T23:37:38.341+0000] {logging_mixin.py:190} INFO - [2024-10-18T23:37:38.340+0000] {dagbag.py:588} INFO - Filling up the DagBag from /home/airflow/.local/lib/python3.12/site-packages/airflow/example_dags/example_latest_only_with_trigger.py
[2024-10-18T23:37:38.350+0000] {processor.py:925} INFO - DAG(s) 'latest_only_with_trigger' retrieved from /home/airflow/.local/lib/python3.12/site-packages/airflow/example_dags/example_latest_only_with_trigger.py
[2024-10-18T23:37:38.378+0000] {logging_mixin.py:190} INFO - [2024-10-18T23:37:38.377+0000] {dag.py:3239} INFO - Sync 1 DAGs
[2024-10-18T23:37:38.408+0000] {logging_mixin.py:190} INFO - [2024-10-18T23:37:38.408+0000] {dag.py:4180} INFO - Setting next_dagrun for latest_only_with_trigger to 2024-10-18 16:00:00+00:00, run_after=2024-10-18 20:00:00+00:00
[2024-10-18T23:37:38.432+0000] {processor.py:208} INFO - Processing /home/airflow/.local/lib/python3.12/site-packages/airflow/example_dags/example_latest_only_with_trigger.py took 0.105 seconds
[2024-10-18T23:38:08.666+0000] {processor.py:186} INFO - Started process (PID=698) to work on /home/airflow/.local/lib/python3.12/site-packages/airflow/example_dags/example_latest_only_with_trigger.py
[2024-10-18T23:38:08.667+0000] {processor.py:914} INFO - Processing file /home/airflow/.local/lib/python3.12/site-packages/airflow/example_dags/example_latest_only_with_trigger.py for tasks to queue
[2024-10-18T23:38:08.670+0000] {logging_mixin.py:190} INFO - [2024-10-18T23:38:08.669+0000] {dagbag.py:588} INFO - Filling up the DagBag from /home/airflow/.local/lib/python3.12/site-packages/airflow/example_dags/example_latest_only_with_trigger.py
[2024-10-18T23:38:08.677+0000] {processor.py:925} INFO - DAG(s) 'latest_only_with_trigger' retrieved from /home/airflow/.local/lib/python3.12/site-packages/airflow/example_dags/example_latest_only_with_trigger.py
[2024-10-18T23:38:08.696+0000] {logging_mixin.py:190} INFO - [2024-10-18T23:38:08.696+0000] {dag.py:3239} INFO - Sync 1 DAGs
[2024-10-18T23:38:08.719+0000] {logging_mixin.py:190} INFO - [2024-10-18T23:38:08.719+0000] {dag.py:4180} INFO - Setting next_dagrun for latest_only_with_trigger to 2024-10-18 16:00:00+00:00, run_after=2024-10-18 20:00:00+00:00
[2024-10-18T23:38:08.738+0000] {processor.py:208} INFO - Processing /home/airflow/.local/lib/python3.12/site-packages/airflow/example_dags/example_latest_only_with_trigger.py took 0.077 seconds
[2024-10-18T23:38:39.219+0000] {processor.py:186} INFO - Started process (PID=760) to work on /home/airflow/.local/lib/python3.12/site-packages/airflow/example_dags/example_latest_only_with_trigger.py
[2024-10-18T23:38:39.221+0000] {processor.py:914} INFO - Processing file /home/airflow/.local/lib/python3.12/site-packages/airflow/example_dags/example_latest_only_with_trigger.py for tasks to queue
[2024-10-18T23:38:39.223+0000] {logging_mixin.py:190} INFO - [2024-10-18T23:38:39.223+0000] {dagbag.py:588} INFO - Filling up the DagBag from /home/airflow/.local/lib/python3.12/site-packages/airflow/example_dags/example_latest_only_with_trigger.py
[2024-10-18T23:38:39.231+0000] {processor.py:925} INFO - DAG(s) 'latest_only_with_trigger' retrieved from /home/airflow/.local/lib/python3.12/site-packages/airflow/example_dags/example_latest_only_with_trigger.py
[2024-10-18T23:38:39.251+0000] {logging_mixin.py:190} INFO - [2024-10-18T23:38:39.251+0000] {dag.py:3239} INFO - Sync 1 DAGs
[2024-10-18T23:38:39.276+0000] {logging_mixin.py:190} INFO - [2024-10-18T23:38:39.275+0000] {dag.py:4180} INFO - Setting next_dagrun for latest_only_with_trigger to 2024-10-18 16:00:00+00:00, run_after=2024-10-18 20:00:00+00:00
[2024-10-18T23:38:39.301+0000] {processor.py:208} INFO - Processing /home/airflow/.local/lib/python3.12/site-packages/airflow/example_dags/example_latest_only_with_trigger.py took 0.088 seconds
[2024-10-18T23:39:10.073+0000] {processor.py:186} INFO - Started process (PID=822) to work on /home/airflow/.local/lib/python3.12/site-packages/airflow/example_dags/example_latest_only_with_trigger.py
[2024-10-18T23:39:10.074+0000] {processor.py:914} INFO - Processing file /home/airflow/.local/lib/python3.12/site-packages/airflow/example_dags/example_latest_only_with_trigger.py for tasks to queue
[2024-10-18T23:39:10.076+0000] {logging_mixin.py:190} INFO - [2024-10-18T23:39:10.076+0000] {dagbag.py:588} INFO - Filling up the DagBag from /home/airflow/.local/lib/python3.12/site-packages/airflow/example_dags/example_latest_only_with_trigger.py
[2024-10-18T23:39:10.083+0000] {processor.py:925} INFO - DAG(s) 'latest_only_with_trigger' retrieved from /home/airflow/.local/lib/python3.12/site-packages/airflow/example_dags/example_latest_only_with_trigger.py
[2024-10-18T23:39:10.103+0000] {logging_mixin.py:190} INFO - [2024-10-18T23:39:10.103+0000] {dag.py:3239} INFO - Sync 1 DAGs
[2024-10-18T23:39:10.126+0000] {logging_mixin.py:190} INFO - [2024-10-18T23:39:10.126+0000] {dag.py:4180} INFO - Setting next_dagrun for latest_only_with_trigger to 2024-10-18 16:00:00+00:00, run_after=2024-10-18 20:00:00+00:00
[2024-10-18T23:39:10.146+0000] {processor.py:208} INFO - Processing /home/airflow/.local/lib/python3.12/site-packages/airflow/example_dags/example_latest_only_with_trigger.py took 0.079 seconds
[2024-10-18T23:39:40.790+0000] {processor.py:186} INFO - Started process (PID=884) to work on /home/airflow/.local/lib/python3.12/site-packages/airflow/example_dags/example_latest_only_with_trigger.py
[2024-10-18T23:39:40.791+0000] {processor.py:914} INFO - Processing file /home/airflow/.local/lib/python3.12/site-packages/airflow/example_dags/example_latest_only_with_trigger.py for tasks to queue
[2024-10-18T23:39:40.793+0000] {logging_mixin.py:190} INFO - [2024-10-18T23:39:40.793+0000] {dagbag.py:588} INFO - Filling up the DagBag from /home/airflow/.local/lib/python3.12/site-packages/airflow/example_dags/example_latest_only_with_trigger.py
[2024-10-18T23:39:40.800+0000] {processor.py:925} INFO - DAG(s) 'latest_only_with_trigger' retrieved from /home/airflow/.local/lib/python3.12/site-packages/airflow/example_dags/example_latest_only_with_trigger.py
[2024-10-18T23:39:40.820+0000] {logging_mixin.py:190} INFO - [2024-10-18T23:39:40.820+0000] {dag.py:3239} INFO - Sync 1 DAGs
[2024-10-18T23:39:40.846+0000] {logging_mixin.py:190} INFO - [2024-10-18T23:39:40.846+0000] {dag.py:4180} INFO - Setting next_dagrun for latest_only_with_trigger to 2024-10-18 16:00:00+00:00, run_after=2024-10-18 20:00:00+00:00
[2024-10-18T23:39:40.865+0000] {processor.py:208} INFO - Processing /home/airflow/.local/lib/python3.12/site-packages/airflow/example_dags/example_latest_only_with_trigger.py took 0.090 seconds
[2024-10-18T23:40:11.262+0000] {processor.py:186} INFO - Started process (PID=946) to work on /home/airflow/.local/lib/python3.12/site-packages/airflow/example_dags/example_latest_only_with_trigger.py
[2024-10-18T23:40:11.264+0000] {processor.py:914} INFO - Processing file /home/airflow/.local/lib/python3.12/site-packages/airflow/example_dags/example_latest_only_with_trigger.py for tasks to queue
[2024-10-18T23:40:11.268+0000] {logging_mixin.py:190} INFO - [2024-10-18T23:40:11.268+0000] {dagbag.py:588} INFO - Filling up the DagBag from /home/airflow/.local/lib/python3.12/site-packages/airflow/example_dags/example_latest_only_with_trigger.py
[2024-10-18T23:40:11.280+0000] {processor.py:925} INFO - DAG(s) 'latest_only_with_trigger' retrieved from /home/airflow/.local/lib/python3.12/site-packages/airflow/example_dags/example_latest_only_with_trigger.py
[2024-10-18T23:40:11.306+0000] {logging_mixin.py:190} INFO - [2024-10-18T23:40:11.306+0000] {dag.py:3239} INFO - Sync 1 DAGs
[2024-10-18T23:40:11.339+0000] {logging_mixin.py:190} INFO - [2024-10-18T23:40:11.339+0000] {dag.py:4180} INFO - Setting next_dagrun for latest_only_with_trigger to 2024-10-18 16:00:00+00:00, run_after=2024-10-18 20:00:00+00:00
[2024-10-18T23:40:11.363+0000] {processor.py:208} INFO - Processing /home/airflow/.local/lib/python3.12/site-packages/airflow/example_dags/example_latest_only_with_trigger.py took 0.109 seconds
[2024-10-18T23:40:41.693+0000] {processor.py:186} INFO - Started process (PID=1008) to work on /home/airflow/.local/lib/python3.12/site-packages/airflow/example_dags/example_latest_only_with_trigger.py
[2024-10-18T23:40:41.695+0000] {processor.py:914} INFO - Processing file /home/airflow/.local/lib/python3.12/site-packages/airflow/example_dags/example_latest_only_with_trigger.py for tasks to queue
[2024-10-18T23:40:41.700+0000] {logging_mixin.py:190} INFO - [2024-10-18T23:40:41.699+0000] {dagbag.py:588} INFO - Filling up the DagBag from /home/airflow/.local/lib/python3.12/site-packages/airflow/example_dags/example_latest_only_with_trigger.py
[2024-10-18T23:40:41.712+0000] {processor.py:925} INFO - DAG(s) 'latest_only_with_trigger' retrieved from /home/airflow/.local/lib/python3.12/site-packages/airflow/example_dags/example_latest_only_with_trigger.py
[2024-10-18T23:40:41.742+0000] {logging_mixin.py:190} INFO - [2024-10-18T23:40:41.741+0000] {dag.py:3239} INFO - Sync 1 DAGs
[2024-10-18T23:40:41.774+0000] {logging_mixin.py:190} INFO - [2024-10-18T23:40:41.774+0000] {dag.py:4180} INFO - Setting next_dagrun for latest_only_with_trigger to 2024-10-18 16:00:00+00:00, run_after=2024-10-18 20:00:00+00:00
[2024-10-18T23:40:41.804+0000] {processor.py:208} INFO - Processing /home/airflow/.local/lib/python3.12/site-packages/airflow/example_dags/example_latest_only_with_trigger.py took 0.121 seconds
[2024-10-18T23:41:12.414+0000] {processor.py:186} INFO - Started process (PID=1070) to work on /home/airflow/.local/lib/python3.12/site-packages/airflow/example_dags/example_latest_only_with_trigger.py
[2024-10-18T23:41:12.415+0000] {processor.py:914} INFO - Processing file /home/airflow/.local/lib/python3.12/site-packages/airflow/example_dags/example_latest_only_with_trigger.py for tasks to queue
[2024-10-18T23:41:12.418+0000] {logging_mixin.py:190} INFO - [2024-10-18T23:41:12.418+0000] {dagbag.py:588} INFO - Filling up the DagBag from /home/airflow/.local/lib/python3.12/site-packages/airflow/example_dags/example_latest_only_with_trigger.py
[2024-10-18T23:41:12.427+0000] {processor.py:925} INFO - DAG(s) 'latest_only_with_trigger' retrieved from /home/airflow/.local/lib/python3.12/site-packages/airflow/example_dags/example_latest_only_with_trigger.py
[2024-10-18T23:41:12.451+0000] {logging_mixin.py:190} INFO - [2024-10-18T23:41:12.450+0000] {dag.py:3239} INFO - Sync 1 DAGs
[2024-10-18T23:41:12.487+0000] {logging_mixin.py:190} INFO - [2024-10-18T23:41:12.486+0000] {dag.py:4180} INFO - Setting next_dagrun for latest_only_with_trigger to 2024-10-18 16:00:00+00:00, run_after=2024-10-18 20:00:00+00:00
[2024-10-18T23:41:12.525+0000] {processor.py:208} INFO - Processing /home/airflow/.local/lib/python3.12/site-packages/airflow/example_dags/example_latest_only_with_trigger.py took 0.118 seconds
[2024-10-18T23:41:42.893+0000] {processor.py:186} INFO - Started process (PID=1132) to work on /home/airflow/.local/lib/python3.12/site-packages/airflow/example_dags/example_latest_only_with_trigger.py
[2024-10-18T23:41:42.895+0000] {processor.py:914} INFO - Processing file /home/airflow/.local/lib/python3.12/site-packages/airflow/example_dags/example_latest_only_with_trigger.py for tasks to queue
[2024-10-18T23:41:42.899+0000] {logging_mixin.py:190} INFO - [2024-10-18T23:41:42.898+0000] {dagbag.py:588} INFO - Filling up the DagBag from /home/airflow/.local/lib/python3.12/site-packages/airflow/example_dags/example_latest_only_with_trigger.py
[2024-10-18T23:41:42.916+0000] {processor.py:925} INFO - DAG(s) 'latest_only_with_trigger' retrieved from /home/airflow/.local/lib/python3.12/site-packages/airflow/example_dags/example_latest_only_with_trigger.py
[2024-10-18T23:41:42.944+0000] {logging_mixin.py:190} INFO - [2024-10-18T23:41:42.944+0000] {dag.py:3239} INFO - Sync 1 DAGs
[2024-10-18T23:41:42.979+0000] {logging_mixin.py:190} INFO - [2024-10-18T23:41:42.979+0000] {dag.py:4180} INFO - Setting next_dagrun for latest_only_with_trigger to 2024-10-18 16:00:00+00:00, run_after=2024-10-18 20:00:00+00:00
[2024-10-18T23:41:43.015+0000] {processor.py:208} INFO - Processing /home/airflow/.local/lib/python3.12/site-packages/airflow/example_dags/example_latest_only_with_trigger.py took 0.131 seconds
[2024-10-18T23:42:13.249+0000] {processor.py:186} INFO - Started process (PID=1194) to work on /home/airflow/.local/lib/python3.12/site-packages/airflow/example_dags/example_latest_only_with_trigger.py
[2024-10-18T23:42:13.250+0000] {processor.py:914} INFO - Processing file /home/airflow/.local/lib/python3.12/site-packages/airflow/example_dags/example_latest_only_with_trigger.py for tasks to queue
[2024-10-18T23:42:13.253+0000] {logging_mixin.py:190} INFO - [2024-10-18T23:42:13.253+0000] {dagbag.py:588} INFO - Filling up the DagBag from /home/airflow/.local/lib/python3.12/site-packages/airflow/example_dags/example_latest_only_with_trigger.py
[2024-10-18T23:42:13.263+0000] {processor.py:925} INFO - DAG(s) 'latest_only_with_trigger' retrieved from /home/airflow/.local/lib/python3.12/site-packages/airflow/example_dags/example_latest_only_with_trigger.py
[2024-10-18T23:42:13.292+0000] {logging_mixin.py:190} INFO - [2024-10-18T23:42:13.292+0000] {dag.py:3239} INFO - Sync 1 DAGs
[2024-10-18T23:42:13.324+0000] {logging_mixin.py:190} INFO - [2024-10-18T23:42:13.324+0000] {dag.py:4180} INFO - Setting next_dagrun for latest_only_with_trigger to 2024-10-18 16:00:00+00:00, run_after=2024-10-18 20:00:00+00:00
[2024-10-18T23:42:13.345+0000] {processor.py:208} INFO - Processing /home/airflow/.local/lib/python3.12/site-packages/airflow/example_dags/example_latest_only_with_trigger.py took 0.104 seconds
[2024-10-18T23:42:43.992+0000] {processor.py:186} INFO - Started process (PID=1249) to work on /home/airflow/.local/lib/python3.12/site-packages/airflow/example_dags/example_latest_only_with_trigger.py
[2024-10-18T23:42:43.993+0000] {processor.py:914} INFO - Processing file /home/airflow/.local/lib/python3.12/site-packages/airflow/example_dags/example_latest_only_with_trigger.py for tasks to queue
[2024-10-18T23:42:43.996+0000] {logging_mixin.py:190} INFO - [2024-10-18T23:42:43.996+0000] {dagbag.py:588} INFO - Filling up the DagBag from /home/airflow/.local/lib/python3.12/site-packages/airflow/example_dags/example_latest_only_with_trigger.py
[2024-10-18T23:42:44.004+0000] {processor.py:925} INFO - DAG(s) 'latest_only_with_trigger' retrieved from /home/airflow/.local/lib/python3.12/site-packages/airflow/example_dags/example_latest_only_with_trigger.py
[2024-10-18T23:42:44.079+0000] {logging_mixin.py:190} INFO - [2024-10-18T23:42:44.079+0000] {dag.py:3239} INFO - Sync 1 DAGs
[2024-10-18T23:42:44.145+0000] {logging_mixin.py:190} INFO - [2024-10-18T23:42:44.145+0000] {dag.py:4180} INFO - Setting next_dagrun for latest_only_with_trigger to 2024-10-18 16:00:00+00:00, run_after=2024-10-18 20:00:00+00:00
[2024-10-18T23:42:44.171+0000] {processor.py:208} INFO - Processing /home/airflow/.local/lib/python3.12/site-packages/airflow/example_dags/example_latest_only_with_trigger.py took 0.185 seconds
[2024-10-18T23:43:14.732+0000] {processor.py:186} INFO - Started process (PID=1307) to work on /home/airflow/.local/lib/python3.12/site-packages/airflow/example_dags/example_latest_only_with_trigger.py
[2024-10-18T23:43:14.734+0000] {processor.py:914} INFO - Processing file /home/airflow/.local/lib/python3.12/site-packages/airflow/example_dags/example_latest_only_with_trigger.py for tasks to queue
[2024-10-18T23:43:14.740+0000] {logging_mixin.py:190} INFO - [2024-10-18T23:43:14.739+0000] {dagbag.py:588} INFO - Filling up the DagBag from /home/airflow/.local/lib/python3.12/site-packages/airflow/example_dags/example_latest_only_with_trigger.py
[2024-10-18T23:43:14.755+0000] {processor.py:925} INFO - DAG(s) 'latest_only_with_trigger' retrieved from /home/airflow/.local/lib/python3.12/site-packages/airflow/example_dags/example_latest_only_with_trigger.py
[2024-10-18T23:43:14.786+0000] {logging_mixin.py:190} INFO - [2024-10-18T23:43:14.786+0000] {dag.py:3239} INFO - Sync 1 DAGs
[2024-10-18T23:43:14.837+0000] {logging_mixin.py:190} INFO - [2024-10-18T23:43:14.837+0000] {dag.py:4180} INFO - Setting next_dagrun for latest_only_with_trigger to 2024-10-18 16:00:00+00:00, run_after=2024-10-18 20:00:00+00:00
[2024-10-18T23:43:14.869+0000] {processor.py:208} INFO - Processing /home/airflow/.local/lib/python3.12/site-packages/airflow/example_dags/example_latest_only_with_trigger.py took 0.149 seconds
[2024-10-18T23:43:45.300+0000] {processor.py:186} INFO - Started process (PID=1369) to work on /home/airflow/.local/lib/python3.12/site-packages/airflow/example_dags/example_latest_only_with_trigger.py
[2024-10-18T23:43:45.301+0000] {processor.py:914} INFO - Processing file /home/airflow/.local/lib/python3.12/site-packages/airflow/example_dags/example_latest_only_with_trigger.py for tasks to queue
[2024-10-18T23:43:45.304+0000] {logging_mixin.py:190} INFO - [2024-10-18T23:43:45.303+0000] {dagbag.py:588} INFO - Filling up the DagBag from /home/airflow/.local/lib/python3.12/site-packages/airflow/example_dags/example_latest_only_with_trigger.py
[2024-10-18T23:43:45.311+0000] {processor.py:925} INFO - DAG(s) 'latest_only_with_trigger' retrieved from /home/airflow/.local/lib/python3.12/site-packages/airflow/example_dags/example_latest_only_with_trigger.py
[2024-10-18T23:43:45.330+0000] {logging_mixin.py:190} INFO - [2024-10-18T23:43:45.329+0000] {dag.py:3239} INFO - Sync 1 DAGs
[2024-10-18T23:43:45.352+0000] {logging_mixin.py:190} INFO - [2024-10-18T23:43:45.352+0000] {dag.py:4180} INFO - Setting next_dagrun for latest_only_with_trigger to 2024-10-18 16:00:00+00:00, run_after=2024-10-18 20:00:00+00:00
[2024-10-18T23:43:45.372+0000] {processor.py:208} INFO - Processing /home/airflow/.local/lib/python3.12/site-packages/airflow/example_dags/example_latest_only_with_trigger.py took 0.078 seconds
[2024-10-18T23:44:15.407+0000] {processor.py:186} INFO - Started process (PID=1431) to work on /home/airflow/.local/lib/python3.12/site-packages/airflow/example_dags/example_latest_only_with_trigger.py
[2024-10-18T23:44:15.408+0000] {processor.py:914} INFO - Processing file /home/airflow/.local/lib/python3.12/site-packages/airflow/example_dags/example_latest_only_with_trigger.py for tasks to queue
[2024-10-18T23:44:15.411+0000] {logging_mixin.py:190} INFO - [2024-10-18T23:44:15.410+0000] {dagbag.py:588} INFO - Filling up the DagBag from /home/airflow/.local/lib/python3.12/site-packages/airflow/example_dags/example_latest_only_with_trigger.py
[2024-10-18T23:44:15.418+0000] {processor.py:925} INFO - DAG(s) 'latest_only_with_trigger' retrieved from /home/airflow/.local/lib/python3.12/site-packages/airflow/example_dags/example_latest_only_with_trigger.py
[2024-10-18T23:44:15.439+0000] {logging_mixin.py:190} INFO - [2024-10-18T23:44:15.439+0000] {dag.py:3239} INFO - Sync 1 DAGs
[2024-10-18T23:44:15.466+0000] {logging_mixin.py:190} INFO - [2024-10-18T23:44:15.466+0000] {dag.py:4180} INFO - Setting next_dagrun for latest_only_with_trigger to 2024-10-18 16:00:00+00:00, run_after=2024-10-18 20:00:00+00:00
[2024-10-18T23:44:15.486+0000] {processor.py:208} INFO - Processing /home/airflow/.local/lib/python3.12/site-packages/airflow/example_dags/example_latest_only_with_trigger.py took 0.085 seconds
[2024-10-18T23:44:46.284+0000] {processor.py:186} INFO - Started process (PID=1493) to work on /home/airflow/.local/lib/python3.12/site-packages/airflow/example_dags/example_latest_only_with_trigger.py
[2024-10-18T23:44:46.285+0000] {processor.py:914} INFO - Processing file /home/airflow/.local/lib/python3.12/site-packages/airflow/example_dags/example_latest_only_with_trigger.py for tasks to queue
[2024-10-18T23:44:46.288+0000] {logging_mixin.py:190} INFO - [2024-10-18T23:44:46.288+0000] {dagbag.py:588} INFO - Filling up the DagBag from /home/airflow/.local/lib/python3.12/site-packages/airflow/example_dags/example_latest_only_with_trigger.py
[2024-10-18T23:44:46.295+0000] {processor.py:925} INFO - DAG(s) 'latest_only_with_trigger' retrieved from /home/airflow/.local/lib/python3.12/site-packages/airflow/example_dags/example_latest_only_with_trigger.py
[2024-10-18T23:44:46.315+0000] {logging_mixin.py:190} INFO - [2024-10-18T23:44:46.315+0000] {dag.py:3239} INFO - Sync 1 DAGs
[2024-10-18T23:44:46.336+0000] {logging_mixin.py:190} INFO - [2024-10-18T23:44:46.336+0000] {dag.py:4180} INFO - Setting next_dagrun for latest_only_with_trigger to 2024-10-18 16:00:00+00:00, run_after=2024-10-18 20:00:00+00:00
[2024-10-18T23:44:46.354+0000] {processor.py:208} INFO - Processing /home/airflow/.local/lib/python3.12/site-packages/airflow/example_dags/example_latest_only_with_trigger.py took 0.076 seconds
[2024-10-18T23:45:16.479+0000] {processor.py:186} INFO - Started process (PID=1550) to work on /home/airflow/.local/lib/python3.12/site-packages/airflow/example_dags/example_latest_only_with_trigger.py
[2024-10-18T23:45:16.480+0000] {processor.py:914} INFO - Processing file /home/airflow/.local/lib/python3.12/site-packages/airflow/example_dags/example_latest_only_with_trigger.py for tasks to queue
[2024-10-18T23:45:16.483+0000] {logging_mixin.py:190} INFO - [2024-10-18T23:45:16.482+0000] {dagbag.py:588} INFO - Filling up the DagBag from /home/airflow/.local/lib/python3.12/site-packages/airflow/example_dags/example_latest_only_with_trigger.py
[2024-10-18T23:45:16.490+0000] {processor.py:925} INFO - DAG(s) 'latest_only_with_trigger' retrieved from /home/airflow/.local/lib/python3.12/site-packages/airflow/example_dags/example_latest_only_with_trigger.py
[2024-10-18T23:45:16.511+0000] {logging_mixin.py:190} INFO - [2024-10-18T23:45:16.511+0000] {dag.py:3239} INFO - Sync 1 DAGs
[2024-10-18T23:45:16.534+0000] {logging_mixin.py:190} INFO - [2024-10-18T23:45:16.534+0000] {dag.py:4180} INFO - Setting next_dagrun for latest_only_with_trigger to 2024-10-18 16:00:00+00:00, run_after=2024-10-18 20:00:00+00:00
[2024-10-18T23:45:16.554+0000] {processor.py:208} INFO - Processing /home/airflow/.local/lib/python3.12/site-packages/airflow/example_dags/example_latest_only_with_trigger.py took 0.081 seconds
[2024-10-18T23:45:46.807+0000] {processor.py:186} INFO - Started process (PID=1608) to work on /home/airflow/.local/lib/python3.12/site-packages/airflow/example_dags/example_latest_only_with_trigger.py
[2024-10-18T23:45:46.808+0000] {processor.py:914} INFO - Processing file /home/airflow/.local/lib/python3.12/site-packages/airflow/example_dags/example_latest_only_with_trigger.py for tasks to queue
[2024-10-18T23:45:46.811+0000] {logging_mixin.py:190} INFO - [2024-10-18T23:45:46.810+0000] {dagbag.py:588} INFO - Filling up the DagBag from /home/airflow/.local/lib/python3.12/site-packages/airflow/example_dags/example_latest_only_with_trigger.py
[2024-10-18T23:45:46.818+0000] {processor.py:925} INFO - DAG(s) 'latest_only_with_trigger' retrieved from /home/airflow/.local/lib/python3.12/site-packages/airflow/example_dags/example_latest_only_with_trigger.py
[2024-10-18T23:45:46.838+0000] {logging_mixin.py:190} INFO - [2024-10-18T23:45:46.837+0000] {dag.py:3239} INFO - Sync 1 DAGs
[2024-10-18T23:45:46.859+0000] {logging_mixin.py:190} INFO - [2024-10-18T23:45:46.859+0000] {dag.py:4180} INFO - Setting next_dagrun for latest_only_with_trigger to 2024-10-18 16:00:00+00:00, run_after=2024-10-18 20:00:00+00:00
[2024-10-18T23:45:46.878+0000] {processor.py:208} INFO - Processing /home/airflow/.local/lib/python3.12/site-packages/airflow/example_dags/example_latest_only_with_trigger.py took 0.076 seconds
[2024-10-18T23:46:17.532+0000] {processor.py:186} INFO - Started process (PID=1670) to work on /home/airflow/.local/lib/python3.12/site-packages/airflow/example_dags/example_latest_only_with_trigger.py
[2024-10-18T23:46:17.533+0000] {processor.py:914} INFO - Processing file /home/airflow/.local/lib/python3.12/site-packages/airflow/example_dags/example_latest_only_with_trigger.py for tasks to queue
[2024-10-18T23:46:17.537+0000] {logging_mixin.py:190} INFO - [2024-10-18T23:46:17.536+0000] {dagbag.py:588} INFO - Filling up the DagBag from /home/airflow/.local/lib/python3.12/site-packages/airflow/example_dags/example_latest_only_with_trigger.py
[2024-10-18T23:46:17.546+0000] {processor.py:925} INFO - DAG(s) 'latest_only_with_trigger' retrieved from /home/airflow/.local/lib/python3.12/site-packages/airflow/example_dags/example_latest_only_with_trigger.py
[2024-10-18T23:46:17.565+0000] {logging_mixin.py:190} INFO - [2024-10-18T23:46:17.565+0000] {dag.py:3239} INFO - Sync 1 DAGs
[2024-10-18T23:46:17.587+0000] {logging_mixin.py:190} INFO - [2024-10-18T23:46:17.587+0000] {dag.py:4180} INFO - Setting next_dagrun for latest_only_with_trigger to 2024-10-18 16:00:00+00:00, run_after=2024-10-18 20:00:00+00:00
[2024-10-18T23:46:17.606+0000] {processor.py:208} INFO - Processing /home/airflow/.local/lib/python3.12/site-packages/airflow/example_dags/example_latest_only_with_trigger.py took 0.081 seconds
[2024-10-18T23:46:48.321+0000] {processor.py:186} INFO - Started process (PID=1732) to work on /home/airflow/.local/lib/python3.12/site-packages/airflow/example_dags/example_latest_only_with_trigger.py
[2024-10-18T23:46:48.322+0000] {processor.py:914} INFO - Processing file /home/airflow/.local/lib/python3.12/site-packages/airflow/example_dags/example_latest_only_with_trigger.py for tasks to queue
[2024-10-18T23:46:48.324+0000] {logging_mixin.py:190} INFO - [2024-10-18T23:46:48.324+0000] {dagbag.py:588} INFO - Filling up the DagBag from /home/airflow/.local/lib/python3.12/site-packages/airflow/example_dags/example_latest_only_with_trigger.py
[2024-10-18T23:46:48.332+0000] {processor.py:925} INFO - DAG(s) 'latest_only_with_trigger' retrieved from /home/airflow/.local/lib/python3.12/site-packages/airflow/example_dags/example_latest_only_with_trigger.py
[2024-10-18T23:46:48.352+0000] {logging_mixin.py:190} INFO - [2024-10-18T23:46:48.352+0000] {dag.py:3239} INFO - Sync 1 DAGs
[2024-10-18T23:46:48.380+0000] {logging_mixin.py:190} INFO - [2024-10-18T23:46:48.380+0000] {dag.py:4180} INFO - Setting next_dagrun for latest_only_with_trigger to 2024-10-18 16:00:00+00:00, run_after=2024-10-18 20:00:00+00:00
[2024-10-18T23:46:48.398+0000] {processor.py:208} INFO - Processing /home/airflow/.local/lib/python3.12/site-packages/airflow/example_dags/example_latest_only_with_trigger.py took 0.083 seconds
[2024-10-18T23:47:18.787+0000] {processor.py:186} INFO - Started process (PID=1794) to work on /home/airflow/.local/lib/python3.12/site-packages/airflow/example_dags/example_latest_only_with_trigger.py
[2024-10-18T23:47:18.788+0000] {processor.py:914} INFO - Processing file /home/airflow/.local/lib/python3.12/site-packages/airflow/example_dags/example_latest_only_with_trigger.py for tasks to queue
[2024-10-18T23:47:18.790+0000] {logging_mixin.py:190} INFO - [2024-10-18T23:47:18.790+0000] {dagbag.py:588} INFO - Filling up the DagBag from /home/airflow/.local/lib/python3.12/site-packages/airflow/example_dags/example_latest_only_with_trigger.py
[2024-10-18T23:47:18.799+0000] {processor.py:925} INFO - DAG(s) 'latest_only_with_trigger' retrieved from /home/airflow/.local/lib/python3.12/site-packages/airflow/example_dags/example_latest_only_with_trigger.py
[2024-10-18T23:47:18.820+0000] {logging_mixin.py:190} INFO - [2024-10-18T23:47:18.819+0000] {dag.py:3239} INFO - Sync 1 DAGs
[2024-10-18T23:47:18.853+0000] {logging_mixin.py:190} INFO - [2024-10-18T23:47:18.853+0000] {dag.py:4180} INFO - Setting next_dagrun for latest_only_with_trigger to 2024-10-18 16:00:00+00:00, run_after=2024-10-18 20:00:00+00:00
[2024-10-18T23:47:18.879+0000] {processor.py:208} INFO - Processing /home/airflow/.local/lib/python3.12/site-packages/airflow/example_dags/example_latest_only_with_trigger.py took 0.098 seconds
[2024-10-18T23:47:50.184+0000] {processor.py:186} INFO - Started process (PID=1856) to work on /home/airflow/.local/lib/python3.12/site-packages/airflow/example_dags/example_latest_only_with_trigger.py
[2024-10-18T23:47:50.186+0000] {processor.py:914} INFO - Processing file /home/airflow/.local/lib/python3.12/site-packages/airflow/example_dags/example_latest_only_with_trigger.py for tasks to queue
[2024-10-18T23:47:50.189+0000] {logging_mixin.py:190} INFO - [2024-10-18T23:47:50.189+0000] {dagbag.py:588} INFO - Filling up the DagBag from /home/airflow/.local/lib/python3.12/site-packages/airflow/example_dags/example_latest_only_with_trigger.py
[2024-10-18T23:47:50.200+0000] {processor.py:925} INFO - DAG(s) 'latest_only_with_trigger' retrieved from /home/airflow/.local/lib/python3.12/site-packages/airflow/example_dags/example_latest_only_with_trigger.py
[2024-10-18T23:47:50.268+0000] {logging_mixin.py:190} INFO - [2024-10-18T23:47:50.267+0000] {dag.py:3239} INFO - Sync 1 DAGs
[2024-10-18T23:47:50.307+0000] {logging_mixin.py:190} INFO - [2024-10-18T23:47:50.307+0000] {dag.py:4180} INFO - Setting next_dagrun for latest_only_with_trigger to 2024-10-18 16:00:00+00:00, run_after=2024-10-18 20:00:00+00:00
[2024-10-18T23:47:50.354+0000] {processor.py:208} INFO - Processing /home/airflow/.local/lib/python3.12/site-packages/airflow/example_dags/example_latest_only_with_trigger.py took 0.180 seconds
[2024-10-18T23:48:20.681+0000] {processor.py:186} INFO - Started process (PID=1918) to work on /home/airflow/.local/lib/python3.12/site-packages/airflow/example_dags/example_latest_only_with_trigger.py
[2024-10-18T23:48:20.682+0000] {processor.py:914} INFO - Processing file /home/airflow/.local/lib/python3.12/site-packages/airflow/example_dags/example_latest_only_with_trigger.py for tasks to queue
[2024-10-18T23:48:20.684+0000] {logging_mixin.py:190} INFO - [2024-10-18T23:48:20.684+0000] {dagbag.py:588} INFO - Filling up the DagBag from /home/airflow/.local/lib/python3.12/site-packages/airflow/example_dags/example_latest_only_with_trigger.py
[2024-10-18T23:48:20.691+0000] {processor.py:925} INFO - DAG(s) 'latest_only_with_trigger' retrieved from /home/airflow/.local/lib/python3.12/site-packages/airflow/example_dags/example_latest_only_with_trigger.py
[2024-10-18T23:48:20.715+0000] {logging_mixin.py:190} INFO - [2024-10-18T23:48:20.715+0000] {dag.py:3239} INFO - Sync 1 DAGs
[2024-10-18T23:48:20.739+0000] {logging_mixin.py:190} INFO - [2024-10-18T23:48:20.739+0000] {dag.py:4180} INFO - Setting next_dagrun for latest_only_with_trigger to 2024-10-18 16:00:00+00:00, run_after=2024-10-18 20:00:00+00:00
[2024-10-18T23:48:20.764+0000] {processor.py:208} INFO - Processing /home/airflow/.local/lib/python3.12/site-packages/airflow/example_dags/example_latest_only_with_trigger.py took 0.090 seconds
[2024-10-18T23:48:51.021+0000] {processor.py:186} INFO - Started process (PID=1980) to work on /home/airflow/.local/lib/python3.12/site-packages/airflow/example_dags/example_latest_only_with_trigger.py
[2024-10-18T23:48:51.022+0000] {processor.py:914} INFO - Processing file /home/airflow/.local/lib/python3.12/site-packages/airflow/example_dags/example_latest_only_with_trigger.py for tasks to queue
[2024-10-18T23:48:51.025+0000] {logging_mixin.py:190} INFO - [2024-10-18T23:48:51.025+0000] {dagbag.py:588} INFO - Filling up the DagBag from /home/airflow/.local/lib/python3.12/site-packages/airflow/example_dags/example_latest_only_with_trigger.py
[2024-10-18T23:48:51.035+0000] {processor.py:925} INFO - DAG(s) 'latest_only_with_trigger' retrieved from /home/airflow/.local/lib/python3.12/site-packages/airflow/example_dags/example_latest_only_with_trigger.py
[2024-10-18T23:48:51.058+0000] {logging_mixin.py:190} INFO - [2024-10-18T23:48:51.058+0000] {dag.py:3239} INFO - Sync 1 DAGs
[2024-10-18T23:48:51.084+0000] {logging_mixin.py:190} INFO - [2024-10-18T23:48:51.084+0000] {dag.py:4180} INFO - Setting next_dagrun for latest_only_with_trigger to 2024-10-18 16:00:00+00:00, run_after=2024-10-18 20:00:00+00:00
[2024-10-18T23:48:51.105+0000] {processor.py:208} INFO - Processing /home/airflow/.local/lib/python3.12/site-packages/airflow/example_dags/example_latest_only_with_trigger.py took 0.090 seconds
[2024-10-18T23:49:21.717+0000] {processor.py:186} INFO - Started process (PID=2042) to work on /home/airflow/.local/lib/python3.12/site-packages/airflow/example_dags/example_latest_only_with_trigger.py
[2024-10-18T23:49:21.718+0000] {processor.py:914} INFO - Processing file /home/airflow/.local/lib/python3.12/site-packages/airflow/example_dags/example_latest_only_with_trigger.py for tasks to queue
[2024-10-18T23:49:21.721+0000] {logging_mixin.py:190} INFO - [2024-10-18T23:49:21.721+0000] {dagbag.py:588} INFO - Filling up the DagBag from /home/airflow/.local/lib/python3.12/site-packages/airflow/example_dags/example_latest_only_with_trigger.py
[2024-10-18T23:49:21.730+0000] {processor.py:925} INFO - DAG(s) 'latest_only_with_trigger' retrieved from /home/airflow/.local/lib/python3.12/site-packages/airflow/example_dags/example_latest_only_with_trigger.py
[2024-10-18T23:49:21.756+0000] {logging_mixin.py:190} INFO - [2024-10-18T23:49:21.756+0000] {dag.py:3239} INFO - Sync 1 DAGs
[2024-10-18T23:49:21.785+0000] {logging_mixin.py:190} INFO - [2024-10-18T23:49:21.784+0000] {dag.py:4180} INFO - Setting next_dagrun for latest_only_with_trigger to 2024-10-18 16:00:00+00:00, run_after=2024-10-18 20:00:00+00:00
[2024-10-18T23:49:21.809+0000] {processor.py:208} INFO - Processing /home/airflow/.local/lib/python3.12/site-packages/airflow/example_dags/example_latest_only_with_trigger.py took 0.100 seconds
[2024-10-18T23:49:52.621+0000] {processor.py:186} INFO - Started process (PID=2104) to work on /home/airflow/.local/lib/python3.12/site-packages/airflow/example_dags/example_latest_only_with_trigger.py
[2024-10-18T23:49:52.623+0000] {processor.py:914} INFO - Processing file /home/airflow/.local/lib/python3.12/site-packages/airflow/example_dags/example_latest_only_with_trigger.py for tasks to queue
[2024-10-18T23:49:52.627+0000] {logging_mixin.py:190} INFO - [2024-10-18T23:49:52.626+0000] {dagbag.py:588} INFO - Filling up the DagBag from /home/airflow/.local/lib/python3.12/site-packages/airflow/example_dags/example_latest_only_with_trigger.py
[2024-10-18T23:49:52.637+0000] {processor.py:925} INFO - DAG(s) 'latest_only_with_trigger' retrieved from /home/airflow/.local/lib/python3.12/site-packages/airflow/example_dags/example_latest_only_with_trigger.py
[2024-10-18T23:49:52.664+0000] {logging_mixin.py:190} INFO - [2024-10-18T23:49:52.663+0000] {dag.py:3239} INFO - Sync 1 DAGs
[2024-10-18T23:49:52.696+0000] {logging_mixin.py:190} INFO - [2024-10-18T23:49:52.696+0000] {dag.py:4180} INFO - Setting next_dagrun for latest_only_with_trigger to 2024-10-18 16:00:00+00:00, run_after=2024-10-18 20:00:00+00:00
[2024-10-18T23:49:52.721+0000] {processor.py:208} INFO - Processing /home/airflow/.local/lib/python3.12/site-packages/airflow/example_dags/example_latest_only_with_trigger.py took 0.109 seconds
[2024-10-18T23:50:23.332+0000] {processor.py:186} INFO - Started process (PID=2166) to work on /home/airflow/.local/lib/python3.12/site-packages/airflow/example_dags/example_latest_only_with_trigger.py
[2024-10-18T23:50:23.334+0000] {processor.py:914} INFO - Processing file /home/airflow/.local/lib/python3.12/site-packages/airflow/example_dags/example_latest_only_with_trigger.py for tasks to queue
[2024-10-18T23:50:23.341+0000] {logging_mixin.py:190} INFO - [2024-10-18T23:50:23.340+0000] {dagbag.py:588} INFO - Filling up the DagBag from /home/airflow/.local/lib/python3.12/site-packages/airflow/example_dags/example_latest_only_with_trigger.py
[2024-10-18T23:50:23.359+0000] {processor.py:925} INFO - DAG(s) 'latest_only_with_trigger' retrieved from /home/airflow/.local/lib/python3.12/site-packages/airflow/example_dags/example_latest_only_with_trigger.py
[2024-10-18T23:50:23.397+0000] {logging_mixin.py:190} INFO - [2024-10-18T23:50:23.397+0000] {dag.py:3239} INFO - Sync 1 DAGs
[2024-10-18T23:50:23.448+0000] {logging_mixin.py:190} INFO - [2024-10-18T23:50:23.448+0000] {dag.py:4180} INFO - Setting next_dagrun for latest_only_with_trigger to 2024-10-18 16:00:00+00:00, run_after=2024-10-18 20:00:00+00:00
[2024-10-18T23:50:23.485+0000] {processor.py:208} INFO - Processing /home/airflow/.local/lib/python3.12/site-packages/airflow/example_dags/example_latest_only_with_trigger.py took 0.173 seconds
[2024-10-18T23:50:53.782+0000] {processor.py:186} INFO - Started process (PID=2228) to work on /home/airflow/.local/lib/python3.12/site-packages/airflow/example_dags/example_latest_only_with_trigger.py
[2024-10-18T23:50:53.784+0000] {processor.py:914} INFO - Processing file /home/airflow/.local/lib/python3.12/site-packages/airflow/example_dags/example_latest_only_with_trigger.py for tasks to queue
[2024-10-18T23:50:53.787+0000] {logging_mixin.py:190} INFO - [2024-10-18T23:50:53.787+0000] {dagbag.py:588} INFO - Filling up the DagBag from /home/airflow/.local/lib/python3.12/site-packages/airflow/example_dags/example_latest_only_with_trigger.py
[2024-10-18T23:50:53.795+0000] {processor.py:925} INFO - DAG(s) 'latest_only_with_trigger' retrieved from /home/airflow/.local/lib/python3.12/site-packages/airflow/example_dags/example_latest_only_with_trigger.py
[2024-10-18T23:50:53.816+0000] {logging_mixin.py:190} INFO - [2024-10-18T23:50:53.815+0000] {dag.py:3239} INFO - Sync 1 DAGs
[2024-10-18T23:50:53.840+0000] {logging_mixin.py:190} INFO - [2024-10-18T23:50:53.840+0000] {dag.py:4180} INFO - Setting next_dagrun for latest_only_with_trigger to 2024-10-18 16:00:00+00:00, run_after=2024-10-18 20:00:00+00:00
[2024-10-18T23:50:53.860+0000] {processor.py:208} INFO - Processing /home/airflow/.local/lib/python3.12/site-packages/airflow/example_dags/example_latest_only_with_trigger.py took 0.085 seconds
[2024-10-18T23:51:24.821+0000] {processor.py:186} INFO - Started process (PID=2291) to work on /home/airflow/.local/lib/python3.12/site-packages/airflow/example_dags/example_latest_only_with_trigger.py
[2024-10-18T23:51:24.822+0000] {processor.py:914} INFO - Processing file /home/airflow/.local/lib/python3.12/site-packages/airflow/example_dags/example_latest_only_with_trigger.py for tasks to queue
[2024-10-18T23:51:24.825+0000] {logging_mixin.py:190} INFO - [2024-10-18T23:51:24.824+0000] {dagbag.py:588} INFO - Filling up the DagBag from /home/airflow/.local/lib/python3.12/site-packages/airflow/example_dags/example_latest_only_with_trigger.py
[2024-10-18T23:51:24.833+0000] {processor.py:925} INFO - DAG(s) 'latest_only_with_trigger' retrieved from /home/airflow/.local/lib/python3.12/site-packages/airflow/example_dags/example_latest_only_with_trigger.py
[2024-10-18T23:51:24.853+0000] {logging_mixin.py:190} INFO - [2024-10-18T23:51:24.853+0000] {dag.py:3239} INFO - Sync 1 DAGs
[2024-10-18T23:51:24.876+0000] {logging_mixin.py:190} INFO - [2024-10-18T23:51:24.875+0000] {dag.py:4180} INFO - Setting next_dagrun for latest_only_with_trigger to 2024-10-18 16:00:00+00:00, run_after=2024-10-18 20:00:00+00:00
[2024-10-18T23:51:24.896+0000] {processor.py:208} INFO - Processing /home/airflow/.local/lib/python3.12/site-packages/airflow/example_dags/example_latest_only_with_trigger.py took 0.081 seconds
[2024-10-18T23:51:55.381+0000] {processor.py:186} INFO - Started process (PID=2353) to work on /home/airflow/.local/lib/python3.12/site-packages/airflow/example_dags/example_latest_only_with_trigger.py
[2024-10-18T23:51:55.382+0000] {processor.py:914} INFO - Processing file /home/airflow/.local/lib/python3.12/site-packages/airflow/example_dags/example_latest_only_with_trigger.py for tasks to queue
[2024-10-18T23:51:55.385+0000] {logging_mixin.py:190} INFO - [2024-10-18T23:51:55.385+0000] {dagbag.py:588} INFO - Filling up the DagBag from /home/airflow/.local/lib/python3.12/site-packages/airflow/example_dags/example_latest_only_with_trigger.py
[2024-10-18T23:51:55.392+0000] {processor.py:925} INFO - DAG(s) 'latest_only_with_trigger' retrieved from /home/airflow/.local/lib/python3.12/site-packages/airflow/example_dags/example_latest_only_with_trigger.py
[2024-10-18T23:51:55.412+0000] {logging_mixin.py:190} INFO - [2024-10-18T23:51:55.412+0000] {dag.py:3239} INFO - Sync 1 DAGs
[2024-10-18T23:51:55.435+0000] {logging_mixin.py:190} INFO - [2024-10-18T23:51:55.435+0000] {dag.py:4180} INFO - Setting next_dagrun for latest_only_with_trigger to 2024-10-18 16:00:00+00:00, run_after=2024-10-18 20:00:00+00:00
[2024-10-18T23:51:55.457+0000] {processor.py:208} INFO - Processing /home/airflow/.local/lib/python3.12/site-packages/airflow/example_dags/example_latest_only_with_trigger.py took 0.082 seconds
[2024-10-18T23:52:26.242+0000] {processor.py:186} INFO - Started process (PID=2415) to work on /home/airflow/.local/lib/python3.12/site-packages/airflow/example_dags/example_latest_only_with_trigger.py
[2024-10-18T23:52:26.244+0000] {processor.py:914} INFO - Processing file /home/airflow/.local/lib/python3.12/site-packages/airflow/example_dags/example_latest_only_with_trigger.py for tasks to queue
[2024-10-18T23:52:26.247+0000] {logging_mixin.py:190} INFO - [2024-10-18T23:52:26.246+0000] {dagbag.py:588} INFO - Filling up the DagBag from /home/airflow/.local/lib/python3.12/site-packages/airflow/example_dags/example_latest_only_with_trigger.py
[2024-10-18T23:52:26.256+0000] {processor.py:925} INFO - DAG(s) 'latest_only_with_trigger' retrieved from /home/airflow/.local/lib/python3.12/site-packages/airflow/example_dags/example_latest_only_with_trigger.py
[2024-10-18T23:52:26.282+0000] {logging_mixin.py:190} INFO - [2024-10-18T23:52:26.282+0000] {dag.py:3239} INFO - Sync 1 DAGs
[2024-10-18T23:52:26.314+0000] {logging_mixin.py:190} INFO - [2024-10-18T23:52:26.313+0000] {dag.py:4180} INFO - Setting next_dagrun for latest_only_with_trigger to 2024-10-18 16:00:00+00:00, run_after=2024-10-18 20:00:00+00:00
[2024-10-18T23:52:26.342+0000] {processor.py:208} INFO - Processing /home/airflow/.local/lib/python3.12/site-packages/airflow/example_dags/example_latest_only_with_trigger.py took 0.108 seconds
[2024-10-18T23:52:56.634+0000] {processor.py:186} INFO - Started process (PID=2477) to work on /home/airflow/.local/lib/python3.12/site-packages/airflow/example_dags/example_latest_only_with_trigger.py
[2024-10-18T23:52:56.635+0000] {processor.py:914} INFO - Processing file /home/airflow/.local/lib/python3.12/site-packages/airflow/example_dags/example_latest_only_with_trigger.py for tasks to queue
[2024-10-18T23:52:56.638+0000] {logging_mixin.py:190} INFO - [2024-10-18T23:52:56.638+0000] {dagbag.py:588} INFO - Filling up the DagBag from /home/airflow/.local/lib/python3.12/site-packages/airflow/example_dags/example_latest_only_with_trigger.py
[2024-10-18T23:52:56.653+0000] {processor.py:925} INFO - DAG(s) 'latest_only_with_trigger' retrieved from /home/airflow/.local/lib/python3.12/site-packages/airflow/example_dags/example_latest_only_with_trigger.py
[2024-10-18T23:52:56.687+0000] {logging_mixin.py:190} INFO - [2024-10-18T23:52:56.686+0000] {dag.py:3239} INFO - Sync 1 DAGs
[2024-10-18T23:52:56.745+0000] {logging_mixin.py:190} INFO - [2024-10-18T23:52:56.744+0000] {dag.py:4180} INFO - Setting next_dagrun for latest_only_with_trigger to 2024-10-18 16:00:00+00:00, run_after=2024-10-18 20:00:00+00:00
[2024-10-18T23:52:56.786+0000] {processor.py:208} INFO - Processing /home/airflow/.local/lib/python3.12/site-packages/airflow/example_dags/example_latest_only_with_trigger.py took 0.163 seconds
[2024-10-18T23:53:27.483+0000] {processor.py:186} INFO - Started process (PID=2539) to work on /home/airflow/.local/lib/python3.12/site-packages/airflow/example_dags/example_latest_only_with_trigger.py
[2024-10-18T23:53:27.487+0000] {processor.py:914} INFO - Processing file /home/airflow/.local/lib/python3.12/site-packages/airflow/example_dags/example_latest_only_with_trigger.py for tasks to queue
[2024-10-18T23:53:27.494+0000] {logging_mixin.py:190} INFO - [2024-10-18T23:53:27.493+0000] {dagbag.py:588} INFO - Filling up the DagBag from /home/airflow/.local/lib/python3.12/site-packages/airflow/example_dags/example_latest_only_with_trigger.py
[2024-10-18T23:53:27.535+0000] {processor.py:925} INFO - DAG(s) 'latest_only_with_trigger' retrieved from /home/airflow/.local/lib/python3.12/site-packages/airflow/example_dags/example_latest_only_with_trigger.py
[2024-10-18T23:53:27.602+0000] {logging_mixin.py:190} INFO - [2024-10-18T23:53:27.601+0000] {dag.py:3239} INFO - Sync 1 DAGs
[2024-10-18T23:53:27.722+0000] {logging_mixin.py:190} INFO - [2024-10-18T23:53:27.722+0000] {dag.py:4180} INFO - Setting next_dagrun for latest_only_with_trigger to 2024-10-18 16:00:00+00:00, run_after=2024-10-18 20:00:00+00:00
[2024-10-18T23:53:27.882+0000] {processor.py:208} INFO - Processing /home/airflow/.local/lib/python3.12/site-packages/airflow/example_dags/example_latest_only_with_trigger.py took 0.428 seconds
[2024-10-18T23:53:58.053+0000] {processor.py:186} INFO - Started process (PID=2601) to work on /home/airflow/.local/lib/python3.12/site-packages/airflow/example_dags/example_latest_only_with_trigger.py
[2024-10-18T23:53:58.057+0000] {processor.py:914} INFO - Processing file /home/airflow/.local/lib/python3.12/site-packages/airflow/example_dags/example_latest_only_with_trigger.py for tasks to queue
[2024-10-18T23:53:58.064+0000] {logging_mixin.py:190} INFO - [2024-10-18T23:53:58.063+0000] {dagbag.py:588} INFO - Filling up the DagBag from /home/airflow/.local/lib/python3.12/site-packages/airflow/example_dags/example_latest_only_with_trigger.py
[2024-10-18T23:53:58.087+0000] {processor.py:925} INFO - DAG(s) 'latest_only_with_trigger' retrieved from /home/airflow/.local/lib/python3.12/site-packages/airflow/example_dags/example_latest_only_with_trigger.py
[2024-10-18T23:53:58.152+0000] {logging_mixin.py:190} INFO - [2024-10-18T23:53:58.151+0000] {dag.py:3239} INFO - Sync 1 DAGs
[2024-10-18T23:53:58.225+0000] {logging_mixin.py:190} INFO - [2024-10-18T23:53:58.224+0000] {dag.py:4180} INFO - Setting next_dagrun for latest_only_with_trigger to 2024-10-18 16:00:00+00:00, run_after=2024-10-18 20:00:00+00:00
[2024-10-18T23:53:58.281+0000] {processor.py:208} INFO - Processing /home/airflow/.local/lib/python3.12/site-packages/airflow/example_dags/example_latest_only_with_trigger.py took 0.243 seconds
[2024-10-18T23:54:29.545+0000] {processor.py:186} INFO - Started process (PID=2663) to work on /home/airflow/.local/lib/python3.12/site-packages/airflow/example_dags/example_latest_only_with_trigger.py
[2024-10-18T23:54:29.547+0000] {processor.py:914} INFO - Processing file /home/airflow/.local/lib/python3.12/site-packages/airflow/example_dags/example_latest_only_with_trigger.py for tasks to queue
[2024-10-18T23:54:29.553+0000] {logging_mixin.py:190} INFO - [2024-10-18T23:54:29.553+0000] {dagbag.py:588} INFO - Filling up the DagBag from /home/airflow/.local/lib/python3.12/site-packages/airflow/example_dags/example_latest_only_with_trigger.py
[2024-10-18T23:54:29.567+0000] {processor.py:925} INFO - DAG(s) 'latest_only_with_trigger' retrieved from /home/airflow/.local/lib/python3.12/site-packages/airflow/example_dags/example_latest_only_with_trigger.py
[2024-10-18T23:54:29.620+0000] {logging_mixin.py:190} INFO - [2024-10-18T23:54:29.619+0000] {dag.py:3239} INFO - Sync 1 DAGs
[2024-10-18T23:54:29.672+0000] {logging_mixin.py:190} INFO - [2024-10-18T23:54:29.671+0000] {dag.py:4180} INFO - Setting next_dagrun for latest_only_with_trigger to 2024-10-18 16:00:00+00:00, run_after=2024-10-18 20:00:00+00:00
[2024-10-18T23:54:29.713+0000] {processor.py:208} INFO - Processing /home/airflow/.local/lib/python3.12/site-packages/airflow/example_dags/example_latest_only_with_trigger.py took 0.181 seconds
[2024-10-18T23:55:00.793+0000] {processor.py:186} INFO - Started process (PID=2726) to work on /home/airflow/.local/lib/python3.12/site-packages/airflow/example_dags/example_latest_only_with_trigger.py
[2024-10-18T23:55:00.806+0000] {processor.py:914} INFO - Processing file /home/airflow/.local/lib/python3.12/site-packages/airflow/example_dags/example_latest_only_with_trigger.py for tasks to queue
[2024-10-18T23:55:00.811+0000] {logging_mixin.py:190} INFO - [2024-10-18T23:55:00.810+0000] {dagbag.py:588} INFO - Filling up the DagBag from /home/airflow/.local/lib/python3.12/site-packages/airflow/example_dags/example_latest_only_with_trigger.py
[2024-10-18T23:55:00.825+0000] {processor.py:925} INFO - DAG(s) 'latest_only_with_trigger' retrieved from /home/airflow/.local/lib/python3.12/site-packages/airflow/example_dags/example_latest_only_with_trigger.py
[2024-10-18T23:55:00.867+0000] {logging_mixin.py:190} INFO - [2024-10-18T23:55:00.867+0000] {dag.py:3239} INFO - Sync 1 DAGs
[2024-10-18T23:55:00.921+0000] {logging_mixin.py:190} INFO - [2024-10-18T23:55:00.921+0000] {dag.py:4180} INFO - Setting next_dagrun for latest_only_with_trigger to 2024-10-18 16:00:00+00:00, run_after=2024-10-18 20:00:00+00:00
[2024-10-18T23:55:00.958+0000] {processor.py:208} INFO - Processing /home/airflow/.local/lib/python3.12/site-packages/airflow/example_dags/example_latest_only_with_trigger.py took 0.178 seconds
[2024-10-18T23:56:42.155+0000] {processor.py:186} INFO - Started process (PID=2763) to work on /home/airflow/.local/lib/python3.12/site-packages/airflow/example_dags/example_latest_only_with_trigger.py
[2024-10-18T23:56:42.157+0000] {processor.py:914} INFO - Processing file /home/airflow/.local/lib/python3.12/site-packages/airflow/example_dags/example_latest_only_with_trigger.py for tasks to queue
[2024-10-18T23:56:42.164+0000] {logging_mixin.py:190} INFO - [2024-10-18T23:56:42.163+0000] {dagbag.py:588} INFO - Filling up the DagBag from /home/airflow/.local/lib/python3.12/site-packages/airflow/example_dags/example_latest_only_with_trigger.py
[2024-10-18T23:56:42.193+0000] {processor.py:925} INFO - DAG(s) 'latest_only_with_trigger' retrieved from /home/airflow/.local/lib/python3.12/site-packages/airflow/example_dags/example_latest_only_with_trigger.py
[2024-10-18T23:56:42.240+0000] {logging_mixin.py:190} INFO - [2024-10-18T23:56:42.239+0000] {dag.py:3239} INFO - Sync 1 DAGs
[2024-10-18T23:56:42.745+0000] {logging_mixin.py:190} INFO - [2024-10-18T23:56:42.745+0000] {dag.py:4180} INFO - Setting next_dagrun for latest_only_with_trigger to 2024-10-18 16:00:00+00:00, run_after=2024-10-18 20:00:00+00:00
[2024-10-18T23:56:42.814+0000] {processor.py:208} INFO - Processing /home/airflow/.local/lib/python3.12/site-packages/airflow/example_dags/example_latest_only_with_trigger.py took 0.676 seconds
[2024-10-18T23:57:13.412+0000] {processor.py:186} INFO - Started process (PID=2826) to work on /home/airflow/.local/lib/python3.12/site-packages/airflow/example_dags/example_latest_only_with_trigger.py
[2024-10-18T23:57:13.414+0000] {processor.py:914} INFO - Processing file /home/airflow/.local/lib/python3.12/site-packages/airflow/example_dags/example_latest_only_with_trigger.py for tasks to queue
[2024-10-18T23:57:13.419+0000] {logging_mixin.py:190} INFO - [2024-10-18T23:57:13.419+0000] {dagbag.py:588} INFO - Filling up the DagBag from /home/airflow/.local/lib/python3.12/site-packages/airflow/example_dags/example_latest_only_with_trigger.py
[2024-10-18T23:57:13.435+0000] {processor.py:925} INFO - DAG(s) 'latest_only_with_trigger' retrieved from /home/airflow/.local/lib/python3.12/site-packages/airflow/example_dags/example_latest_only_with_trigger.py
[2024-10-18T23:57:13.481+0000] {logging_mixin.py:190} INFO - [2024-10-18T23:57:13.480+0000] {dag.py:3239} INFO - Sync 1 DAGs
[2024-10-18T23:57:13.532+0000] {logging_mixin.py:190} INFO - [2024-10-18T23:57:13.531+0000] {dag.py:4180} INFO - Setting next_dagrun for latest_only_with_trigger to 2024-10-18 16:00:00+00:00, run_after=2024-10-18 20:00:00+00:00
[2024-10-18T23:57:13.567+0000] {processor.py:208} INFO - Processing /home/airflow/.local/lib/python3.12/site-packages/airflow/example_dags/example_latest_only_with_trigger.py took 0.168 seconds
[2024-10-18T23:57:44.253+0000] {processor.py:186} INFO - Started process (PID=2887) to work on /home/airflow/.local/lib/python3.12/site-packages/airflow/example_dags/example_latest_only_with_trigger.py
[2024-10-18T23:57:44.254+0000] {processor.py:914} INFO - Processing file /home/airflow/.local/lib/python3.12/site-packages/airflow/example_dags/example_latest_only_with_trigger.py for tasks to queue
[2024-10-18T23:57:44.258+0000] {logging_mixin.py:190} INFO - [2024-10-18T23:57:44.257+0000] {dagbag.py:588} INFO - Filling up the DagBag from /home/airflow/.local/lib/python3.12/site-packages/airflow/example_dags/example_latest_only_with_trigger.py
[2024-10-18T23:57:44.268+0000] {processor.py:925} INFO - DAG(s) 'latest_only_with_trigger' retrieved from /home/airflow/.local/lib/python3.12/site-packages/airflow/example_dags/example_latest_only_with_trigger.py
[2024-10-18T23:57:44.296+0000] {logging_mixin.py:190} INFO - [2024-10-18T23:57:44.296+0000] {dag.py:3239} INFO - Sync 1 DAGs
[2024-10-18T23:57:44.334+0000] {logging_mixin.py:190} INFO - [2024-10-18T23:57:44.334+0000] {dag.py:4180} INFO - Setting next_dagrun for latest_only_with_trigger to 2024-10-18 16:00:00+00:00, run_after=2024-10-18 20:00:00+00:00
[2024-10-18T23:57:44.364+0000] {processor.py:208} INFO - Processing /home/airflow/.local/lib/python3.12/site-packages/airflow/example_dags/example_latest_only_with_trigger.py took 0.118 seconds
[2024-10-18T23:58:14.888+0000] {processor.py:186} INFO - Started process (PID=2949) to work on /home/airflow/.local/lib/python3.12/site-packages/airflow/example_dags/example_latest_only_with_trigger.py
[2024-10-18T23:58:14.890+0000] {processor.py:914} INFO - Processing file /home/airflow/.local/lib/python3.12/site-packages/airflow/example_dags/example_latest_only_with_trigger.py for tasks to queue
[2024-10-18T23:58:14.892+0000] {logging_mixin.py:190} INFO - [2024-10-18T23:58:14.892+0000] {dagbag.py:588} INFO - Filling up the DagBag from /home/airflow/.local/lib/python3.12/site-packages/airflow/example_dags/example_latest_only_with_trigger.py
[2024-10-18T23:58:14.900+0000] {processor.py:925} INFO - DAG(s) 'latest_only_with_trigger' retrieved from /home/airflow/.local/lib/python3.12/site-packages/airflow/example_dags/example_latest_only_with_trigger.py
[2024-10-18T23:58:14.934+0000] {logging_mixin.py:190} INFO - [2024-10-18T23:58:14.934+0000] {dag.py:3239} INFO - Sync 1 DAGs
[2024-10-18T23:58:14.971+0000] {logging_mixin.py:190} INFO - [2024-10-18T23:58:14.971+0000] {dag.py:4180} INFO - Setting next_dagrun for latest_only_with_trigger to 2024-10-18 16:00:00+00:00, run_after=2024-10-18 20:00:00+00:00
[2024-10-18T23:58:14.997+0000] {processor.py:208} INFO - Processing /home/airflow/.local/lib/python3.12/site-packages/airflow/example_dags/example_latest_only_with_trigger.py took 0.114 seconds
[2024-10-18T23:58:45.719+0000] {processor.py:186} INFO - Started process (PID=3011) to work on /home/airflow/.local/lib/python3.12/site-packages/airflow/example_dags/example_latest_only_with_trigger.py
[2024-10-18T23:58:45.720+0000] {processor.py:914} INFO - Processing file /home/airflow/.local/lib/python3.12/site-packages/airflow/example_dags/example_latest_only_with_trigger.py for tasks to queue
[2024-10-18T23:58:45.722+0000] {logging_mixin.py:190} INFO - [2024-10-18T23:58:45.722+0000] {dagbag.py:588} INFO - Filling up the DagBag from /home/airflow/.local/lib/python3.12/site-packages/airflow/example_dags/example_latest_only_with_trigger.py
[2024-10-18T23:58:45.731+0000] {processor.py:925} INFO - DAG(s) 'latest_only_with_trigger' retrieved from /home/airflow/.local/lib/python3.12/site-packages/airflow/example_dags/example_latest_only_with_trigger.py
[2024-10-18T23:58:45.915+0000] {logging_mixin.py:190} INFO - [2024-10-18T23:58:45.915+0000] {dag.py:3239} INFO - Sync 1 DAGs
[2024-10-18T23:58:45.947+0000] {logging_mixin.py:190} INFO - [2024-10-18T23:58:45.947+0000] {dag.py:4180} INFO - Setting next_dagrun for latest_only_with_trigger to 2024-10-18 16:00:00+00:00, run_after=2024-10-18 20:00:00+00:00
[2024-10-18T23:58:45.968+0000] {processor.py:208} INFO - Processing /home/airflow/.local/lib/python3.12/site-packages/airflow/example_dags/example_latest_only_with_trigger.py took 0.255 seconds
[2024-10-18T23:59:16.064+0000] {processor.py:186} INFO - Started process (PID=3072) to work on /home/airflow/.local/lib/python3.12/site-packages/airflow/example_dags/example_latest_only_with_trigger.py
[2024-10-18T23:59:16.066+0000] {processor.py:914} INFO - Processing file /home/airflow/.local/lib/python3.12/site-packages/airflow/example_dags/example_latest_only_with_trigger.py for tasks to queue
[2024-10-18T23:59:16.069+0000] {logging_mixin.py:190} INFO - [2024-10-18T23:59:16.069+0000] {dagbag.py:588} INFO - Filling up the DagBag from /home/airflow/.local/lib/python3.12/site-packages/airflow/example_dags/example_latest_only_with_trigger.py
[2024-10-18T23:59:16.081+0000] {processor.py:925} INFO - DAG(s) 'latest_only_with_trigger' retrieved from /home/airflow/.local/lib/python3.12/site-packages/airflow/example_dags/example_latest_only_with_trigger.py
[2024-10-18T23:59:16.108+0000] {logging_mixin.py:190} INFO - [2024-10-18T23:59:16.108+0000] {dag.py:3239} INFO - Sync 1 DAGs
[2024-10-18T23:59:16.410+0000] {logging_mixin.py:190} INFO - [2024-10-18T23:59:16.409+0000] {dag.py:4180} INFO - Setting next_dagrun for latest_only_with_trigger to 2024-10-18 16:00:00+00:00, run_after=2024-10-18 20:00:00+00:00
[2024-10-18T23:59:16.452+0000] {processor.py:208} INFO - Processing /home/airflow/.local/lib/python3.12/site-packages/airflow/example_dags/example_latest_only_with_trigger.py took 0.396 seconds
[2024-10-18T23:59:46.522+0000] {processor.py:186} INFO - Started process (PID=3134) to work on /home/airflow/.local/lib/python3.12/site-packages/airflow/example_dags/example_latest_only_with_trigger.py
[2024-10-18T23:59:46.523+0000] {processor.py:914} INFO - Processing file /home/airflow/.local/lib/python3.12/site-packages/airflow/example_dags/example_latest_only_with_trigger.py for tasks to queue
[2024-10-18T23:59:46.525+0000] {logging_mixin.py:190} INFO - [2024-10-18T23:59:46.525+0000] {dagbag.py:588} INFO - Filling up the DagBag from /home/airflow/.local/lib/python3.12/site-packages/airflow/example_dags/example_latest_only_with_trigger.py
[2024-10-18T23:59:46.534+0000] {processor.py:925} INFO - DAG(s) 'latest_only_with_trigger' retrieved from /home/airflow/.local/lib/python3.12/site-packages/airflow/example_dags/example_latest_only_with_trigger.py
[2024-10-18T23:59:46.557+0000] {logging_mixin.py:190} INFO - [2024-10-18T23:59:46.556+0000] {dag.py:3239} INFO - Sync 1 DAGs
[2024-10-18T23:59:46.581+0000] {logging_mixin.py:190} INFO - [2024-10-18T23:59:46.581+0000] {dag.py:4180} INFO - Setting next_dagrun for latest_only_with_trigger to 2024-10-18 16:00:00+00:00, run_after=2024-10-18 20:00:00+00:00
[2024-10-18T23:59:46.604+0000] {processor.py:208} INFO - Processing /home/airflow/.local/lib/python3.12/site-packages/airflow/example_dags/example_latest_only_with_trigger.py took 0.089 seconds
