[2024-10-18T23:33:23.547+0000] {processor.py:186} INFO - Started process (PID=123) to work on /home/airflow/.local/lib/python3.12/site-packages/airflow/example_dags/example_xcomargs.py
[2024-10-18T23:33:23.549+0000] {processor.py:914} INFO - Processing file /home/airflow/.local/lib/python3.12/site-packages/airflow/example_dags/example_xcomargs.py for tasks to queue
[2024-10-18T23:33:23.552+0000] {logging_mixin.py:190} INFO - [2024-10-18T23:33:23.551+0000] {dagbag.py:588} INFO - Filling up the DagBag from /home/airflow/.local/lib/python3.12/site-packages/airflow/example_dags/example_xcomargs.py
[2024-10-18T23:33:23.720+0000] {processor.py:925} INFO - DAG(s) 'example_xcom_args', 'example_xcom_args_with_operators' retrieved from /home/airflow/.local/lib/python3.12/site-packages/airflow/example_dags/example_xcomargs.py
[2024-10-18T23:33:24.048+0000] {logging_mixin.py:190} INFO - [2024-10-18T23:33:24.047+0000] {override.py:1900} INFO - Created Permission View: can read on DAG:example_xcom_args
[2024-10-18T23:33:24.084+0000] {logging_mixin.py:190} INFO - [2024-10-18T23:33:24.083+0000] {override.py:1900} INFO - Created Permission View: can edit on DAG:example_xcom_args
[2024-10-18T23:33:24.105+0000] {logging_mixin.py:190} INFO - [2024-10-18T23:33:24.104+0000] {override.py:1900} INFO - Created Permission View: can delete on DAG:example_xcom_args
[2024-10-18T23:33:24.130+0000] {logging_mixin.py:190} INFO - [2024-10-18T23:33:24.129+0000] {override.py:1900} INFO - Created Permission View: can read on DAG Run:example_xcom_args
[2024-10-18T23:33:24.152+0000] {logging_mixin.py:190} INFO - [2024-10-18T23:33:24.152+0000] {override.py:1900} INFO - Created Permission View: can create on DAG Run:example_xcom_args
[2024-10-18T23:33:24.171+0000] {logging_mixin.py:190} INFO - [2024-10-18T23:33:24.171+0000] {override.py:1900} INFO - Created Permission View: menu access on DAG Run:example_xcom_args
[2024-10-18T23:33:24.198+0000] {logging_mixin.py:190} INFO - [2024-10-18T23:33:24.197+0000] {override.py:1900} INFO - Created Permission View: can delete on DAG Run:example_xcom_args
[2024-10-18T23:33:24.223+0000] {logging_mixin.py:190} INFO - [2024-10-18T23:33:24.223+0000] {override.py:1900} INFO - Created Permission View: can read on DAG:example_xcom_args_with_operators
[2024-10-18T23:33:24.239+0000] {logging_mixin.py:190} INFO - [2024-10-18T23:33:24.239+0000] {override.py:1900} INFO - Created Permission View: can edit on DAG:example_xcom_args_with_operators
[2024-10-18T23:33:24.252+0000] {logging_mixin.py:190} INFO - [2024-10-18T23:33:24.251+0000] {override.py:1900} INFO - Created Permission View: can delete on DAG:example_xcom_args_with_operators
[2024-10-18T23:33:24.266+0000] {logging_mixin.py:190} INFO - [2024-10-18T23:33:24.265+0000] {override.py:1900} INFO - Created Permission View: can read on DAG Run:example_xcom_args_with_operators
[2024-10-18T23:33:24.284+0000] {logging_mixin.py:190} INFO - [2024-10-18T23:33:24.283+0000] {override.py:1900} INFO - Created Permission View: can create on DAG Run:example_xcom_args_with_operators
[2024-10-18T23:33:24.297+0000] {logging_mixin.py:190} INFO - [2024-10-18T23:33:24.297+0000] {override.py:1900} INFO - Created Permission View: menu access on DAG Run:example_xcom_args_with_operators
[2024-10-18T23:33:24.309+0000] {logging_mixin.py:190} INFO - [2024-10-18T23:33:24.308+0000] {override.py:1900} INFO - Created Permission View: can delete on DAG Run:example_xcom_args_with_operators
[2024-10-18T23:33:24.309+0000] {logging_mixin.py:190} INFO - [2024-10-18T23:33:24.309+0000] {dag.py:3239} INFO - Sync 2 DAGs
[2024-10-18T23:33:24.339+0000] {logging_mixin.py:190} INFO - [2024-10-18T23:33:24.339+0000] {dag.py:3262} INFO - Creating ORM DAG for example_xcom_args
[2024-10-18T23:33:24.341+0000] {logging_mixin.py:190} INFO - [2024-10-18T23:33:24.340+0000] {dag.py:3262} INFO - Creating ORM DAG for example_xcom_args_with_operators
[2024-10-18T23:33:24.342+0000] {logging_mixin.py:190} INFO - [2024-10-18T23:33:24.341+0000] {dag.py:4180} INFO - Setting next_dagrun for example_xcom_args to None, run_after=None
[2024-10-18T23:33:24.343+0000] {logging_mixin.py:190} INFO - [2024-10-18T23:33:24.342+0000] {dag.py:4180} INFO - Setting next_dagrun for example_xcom_args_with_operators to None, run_after=None
[2024-10-18T23:33:24.394+0000] {processor.py:208} INFO - Processing /home/airflow/.local/lib/python3.12/site-packages/airflow/example_dags/example_xcomargs.py took 0.856 seconds
[2024-10-18T23:33:54.648+0000] {processor.py:186} INFO - Started process (PID=185) to work on /home/airflow/.local/lib/python3.12/site-packages/airflow/example_dags/example_xcomargs.py
[2024-10-18T23:33:54.650+0000] {processor.py:914} INFO - Processing file /home/airflow/.local/lib/python3.12/site-packages/airflow/example_dags/example_xcomargs.py for tasks to queue
[2024-10-18T23:33:54.654+0000] {logging_mixin.py:190} INFO - [2024-10-18T23:33:54.653+0000] {dagbag.py:588} INFO - Filling up the DagBag from /home/airflow/.local/lib/python3.12/site-packages/airflow/example_dags/example_xcomargs.py
[2024-10-18T23:33:54.673+0000] {processor.py:925} INFO - DAG(s) 'example_xcom_args', 'example_xcom_args_with_operators' retrieved from /home/airflow/.local/lib/python3.12/site-packages/airflow/example_dags/example_xcomargs.py
[2024-10-18T23:33:54.715+0000] {logging_mixin.py:190} INFO - [2024-10-18T23:33:54.715+0000] {dag.py:3239} INFO - Sync 2 DAGs
[2024-10-18T23:33:54.757+0000] {logging_mixin.py:190} INFO - [2024-10-18T23:33:54.757+0000] {dag.py:4180} INFO - Setting next_dagrun for example_xcom_args to None, run_after=None
[2024-10-18T23:33:54.764+0000] {logging_mixin.py:190} INFO - [2024-10-18T23:33:54.764+0000] {dag.py:4180} INFO - Setting next_dagrun for example_xcom_args_with_operators to None, run_after=None
[2024-10-18T23:33:54.796+0000] {processor.py:208} INFO - Processing /home/airflow/.local/lib/python3.12/site-packages/airflow/example_dags/example_xcomargs.py took 0.156 seconds
[2024-10-18T23:34:25.338+0000] {processor.py:186} INFO - Started process (PID=247) to work on /home/airflow/.local/lib/python3.12/site-packages/airflow/example_dags/example_xcomargs.py
[2024-10-18T23:34:25.339+0000] {processor.py:914} INFO - Processing file /home/airflow/.local/lib/python3.12/site-packages/airflow/example_dags/example_xcomargs.py for tasks to queue
[2024-10-18T23:34:25.342+0000] {logging_mixin.py:190} INFO - [2024-10-18T23:34:25.342+0000] {dagbag.py:588} INFO - Filling up the DagBag from /home/airflow/.local/lib/python3.12/site-packages/airflow/example_dags/example_xcomargs.py
[2024-10-18T23:34:25.353+0000] {processor.py:925} INFO - DAG(s) 'example_xcom_args', 'example_xcom_args_with_operators' retrieved from /home/airflow/.local/lib/python3.12/site-packages/airflow/example_dags/example_xcomargs.py
[2024-10-18T23:34:25.377+0000] {logging_mixin.py:190} INFO - [2024-10-18T23:34:25.377+0000] {dag.py:3239} INFO - Sync 2 DAGs
[2024-10-18T23:34:25.392+0000] {logging_mixin.py:190} INFO - [2024-10-18T23:34:25.392+0000] {dag.py:4180} INFO - Setting next_dagrun for example_xcom_args to None, run_after=None
[2024-10-18T23:34:25.397+0000] {logging_mixin.py:190} INFO - [2024-10-18T23:34:25.396+0000] {dag.py:4180} INFO - Setting next_dagrun for example_xcom_args_with_operators to None, run_after=None
[2024-10-18T23:34:25.416+0000] {processor.py:208} INFO - Processing /home/airflow/.local/lib/python3.12/site-packages/airflow/example_dags/example_xcomargs.py took 0.083 seconds
[2024-10-18T23:34:55.752+0000] {processor.py:186} INFO - Started process (PID=309) to work on /home/airflow/.local/lib/python3.12/site-packages/airflow/example_dags/example_xcomargs.py
[2024-10-18T23:34:55.753+0000] {processor.py:914} INFO - Processing file /home/airflow/.local/lib/python3.12/site-packages/airflow/example_dags/example_xcomargs.py for tasks to queue
[2024-10-18T23:34:55.756+0000] {logging_mixin.py:190} INFO - [2024-10-18T23:34:55.756+0000] {dagbag.py:588} INFO - Filling up the DagBag from /home/airflow/.local/lib/python3.12/site-packages/airflow/example_dags/example_xcomargs.py
[2024-10-18T23:34:55.768+0000] {processor.py:925} INFO - DAG(s) 'example_xcom_args_with_operators', 'example_xcom_args' retrieved from /home/airflow/.local/lib/python3.12/site-packages/airflow/example_dags/example_xcomargs.py
[2024-10-18T23:34:55.792+0000] {logging_mixin.py:190} INFO - [2024-10-18T23:34:55.792+0000] {dag.py:3239} INFO - Sync 2 DAGs
[2024-10-18T23:34:55.805+0000] {logging_mixin.py:190} INFO - [2024-10-18T23:34:55.805+0000] {dag.py:4180} INFO - Setting next_dagrun for example_xcom_args to None, run_after=None
[2024-10-18T23:34:55.810+0000] {logging_mixin.py:190} INFO - [2024-10-18T23:34:55.810+0000] {dag.py:4180} INFO - Setting next_dagrun for example_xcom_args_with_operators to None, run_after=None
[2024-10-18T23:34:55.828+0000] {processor.py:208} INFO - Processing /home/airflow/.local/lib/python3.12/site-packages/airflow/example_dags/example_xcomargs.py took 0.082 seconds
[2024-10-18T23:35:26.013+0000] {processor.py:186} INFO - Started process (PID=371) to work on /home/airflow/.local/lib/python3.12/site-packages/airflow/example_dags/example_xcomargs.py
[2024-10-18T23:35:26.015+0000] {processor.py:914} INFO - Processing file /home/airflow/.local/lib/python3.12/site-packages/airflow/example_dags/example_xcomargs.py for tasks to queue
[2024-10-18T23:35:26.017+0000] {logging_mixin.py:190} INFO - [2024-10-18T23:35:26.017+0000] {dagbag.py:588} INFO - Filling up the DagBag from /home/airflow/.local/lib/python3.12/site-packages/airflow/example_dags/example_xcomargs.py
[2024-10-18T23:35:26.027+0000] {processor.py:925} INFO - DAG(s) 'example_xcom_args', 'example_xcom_args_with_operators' retrieved from /home/airflow/.local/lib/python3.12/site-packages/airflow/example_dags/example_xcomargs.py
[2024-10-18T23:35:26.051+0000] {logging_mixin.py:190} INFO - [2024-10-18T23:35:26.051+0000] {dag.py:3239} INFO - Sync 2 DAGs
[2024-10-18T23:35:26.065+0000] {logging_mixin.py:190} INFO - [2024-10-18T23:35:26.065+0000] {dag.py:4180} INFO - Setting next_dagrun for example_xcom_args to None, run_after=None
[2024-10-18T23:35:26.069+0000] {logging_mixin.py:190} INFO - [2024-10-18T23:35:26.069+0000] {dag.py:4180} INFO - Setting next_dagrun for example_xcom_args_with_operators to None, run_after=None
[2024-10-18T23:35:26.090+0000] {processor.py:208} INFO - Processing /home/airflow/.local/lib/python3.12/site-packages/airflow/example_dags/example_xcomargs.py took 0.082 seconds
[2024-10-18T23:35:57.086+0000] {processor.py:186} INFO - Started process (PID=433) to work on /home/airflow/.local/lib/python3.12/site-packages/airflow/example_dags/example_xcomargs.py
[2024-10-18T23:35:57.088+0000] {processor.py:914} INFO - Processing file /home/airflow/.local/lib/python3.12/site-packages/airflow/example_dags/example_xcomargs.py for tasks to queue
[2024-10-18T23:35:57.090+0000] {logging_mixin.py:190} INFO - [2024-10-18T23:35:57.090+0000] {dagbag.py:588} INFO - Filling up the DagBag from /home/airflow/.local/lib/python3.12/site-packages/airflow/example_dags/example_xcomargs.py
[2024-10-18T23:35:57.101+0000] {processor.py:925} INFO - DAG(s) 'example_xcom_args_with_operators', 'example_xcom_args' retrieved from /home/airflow/.local/lib/python3.12/site-packages/airflow/example_dags/example_xcomargs.py
[2024-10-18T23:35:57.125+0000] {logging_mixin.py:190} INFO - [2024-10-18T23:35:57.125+0000] {dag.py:3239} INFO - Sync 2 DAGs
[2024-10-18T23:35:57.140+0000] {logging_mixin.py:190} INFO - [2024-10-18T23:35:57.140+0000] {dag.py:4180} INFO - Setting next_dagrun for example_xcom_args to None, run_after=None
[2024-10-18T23:35:57.144+0000] {logging_mixin.py:190} INFO - [2024-10-18T23:35:57.144+0000] {dag.py:4180} INFO - Setting next_dagrun for example_xcom_args_with_operators to None, run_after=None
[2024-10-18T23:35:57.164+0000] {processor.py:208} INFO - Processing /home/airflow/.local/lib/python3.12/site-packages/airflow/example_dags/example_xcomargs.py took 0.084 seconds
[2024-10-18T23:36:29.160+0000] {processor.py:186} INFO - Started process (PID=495) to work on /home/airflow/.local/lib/python3.12/site-packages/airflow/example_dags/example_xcomargs.py
[2024-10-18T23:36:29.162+0000] {processor.py:914} INFO - Processing file /home/airflow/.local/lib/python3.12/site-packages/airflow/example_dags/example_xcomargs.py for tasks to queue
[2024-10-18T23:36:29.167+0000] {logging_mixin.py:190} INFO - [2024-10-18T23:36:29.166+0000] {dagbag.py:588} INFO - Filling up the DagBag from /home/airflow/.local/lib/python3.12/site-packages/airflow/example_dags/example_xcomargs.py
[2024-10-18T23:36:29.189+0000] {processor.py:925} INFO - DAG(s) 'example_xcom_args_with_operators', 'example_xcom_args' retrieved from /home/airflow/.local/lib/python3.12/site-packages/airflow/example_dags/example_xcomargs.py
[2024-10-18T23:36:29.261+0000] {logging_mixin.py:190} INFO - [2024-10-18T23:36:29.260+0000] {dag.py:3239} INFO - Sync 2 DAGs
[2024-10-18T23:36:29.347+0000] {logging_mixin.py:190} INFO - [2024-10-18T23:36:29.346+0000] {dag.py:4180} INFO - Setting next_dagrun for example_xcom_args to None, run_after=None
[2024-10-18T23:36:29.358+0000] {logging_mixin.py:190} INFO - [2024-10-18T23:36:29.358+0000] {dag.py:4180} INFO - Setting next_dagrun for example_xcom_args_with_operators to None, run_after=None
[2024-10-18T23:36:29.397+0000] {processor.py:208} INFO - Processing /home/airflow/.local/lib/python3.12/site-packages/airflow/example_dags/example_xcomargs.py took 0.248 seconds
[2024-10-18T23:36:59.512+0000] {processor.py:186} INFO - Started process (PID=557) to work on /home/airflow/.local/lib/python3.12/site-packages/airflow/example_dags/example_xcomargs.py
[2024-10-18T23:36:59.514+0000] {processor.py:914} INFO - Processing file /home/airflow/.local/lib/python3.12/site-packages/airflow/example_dags/example_xcomargs.py for tasks to queue
[2024-10-18T23:36:59.516+0000] {logging_mixin.py:190} INFO - [2024-10-18T23:36:59.516+0000] {dagbag.py:588} INFO - Filling up the DagBag from /home/airflow/.local/lib/python3.12/site-packages/airflow/example_dags/example_xcomargs.py
[2024-10-18T23:36:59.527+0000] {processor.py:925} INFO - DAG(s) 'example_xcom_args_with_operators', 'example_xcom_args' retrieved from /home/airflow/.local/lib/python3.12/site-packages/airflow/example_dags/example_xcomargs.py
[2024-10-18T23:36:59.551+0000] {logging_mixin.py:190} INFO - [2024-10-18T23:36:59.551+0000] {dag.py:3239} INFO - Sync 2 DAGs
[2024-10-18T23:36:59.565+0000] {logging_mixin.py:190} INFO - [2024-10-18T23:36:59.564+0000] {dag.py:4180} INFO - Setting next_dagrun for example_xcom_args to None, run_after=None
[2024-10-18T23:36:59.569+0000] {logging_mixin.py:190} INFO - [2024-10-18T23:36:59.569+0000] {dag.py:4180} INFO - Setting next_dagrun for example_xcom_args_with_operators to None, run_after=None
[2024-10-18T23:36:59.585+0000] {processor.py:208} INFO - Processing /home/airflow/.local/lib/python3.12/site-packages/airflow/example_dags/example_xcomargs.py took 0.078 seconds
[2024-10-18T23:37:30.382+0000] {processor.py:186} INFO - Started process (PID=619) to work on /home/airflow/.local/lib/python3.12/site-packages/airflow/example_dags/example_xcomargs.py
[2024-10-18T23:37:30.384+0000] {processor.py:914} INFO - Processing file /home/airflow/.local/lib/python3.12/site-packages/airflow/example_dags/example_xcomargs.py for tasks to queue
[2024-10-18T23:37:30.387+0000] {logging_mixin.py:190} INFO - [2024-10-18T23:37:30.387+0000] {dagbag.py:588} INFO - Filling up the DagBag from /home/airflow/.local/lib/python3.12/site-packages/airflow/example_dags/example_xcomargs.py
[2024-10-18T23:37:30.398+0000] {processor.py:925} INFO - DAG(s) 'example_xcom_args', 'example_xcom_args_with_operators' retrieved from /home/airflow/.local/lib/python3.12/site-packages/airflow/example_dags/example_xcomargs.py
[2024-10-18T23:37:30.426+0000] {logging_mixin.py:190} INFO - [2024-10-18T23:37:30.425+0000] {dag.py:3239} INFO - Sync 2 DAGs
[2024-10-18T23:37:30.440+0000] {logging_mixin.py:190} INFO - [2024-10-18T23:37:30.440+0000] {dag.py:4180} INFO - Setting next_dagrun for example_xcom_args to None, run_after=None
[2024-10-18T23:37:30.445+0000] {logging_mixin.py:190} INFO - [2024-10-18T23:37:30.444+0000] {dag.py:4180} INFO - Setting next_dagrun for example_xcom_args_with_operators to None, run_after=None
[2024-10-18T23:37:30.464+0000] {processor.py:208} INFO - Processing /home/airflow/.local/lib/python3.12/site-packages/airflow/example_dags/example_xcomargs.py took 0.090 seconds
[2024-10-18T23:38:00.788+0000] {processor.py:186} INFO - Started process (PID=681) to work on /home/airflow/.local/lib/python3.12/site-packages/airflow/example_dags/example_xcomargs.py
[2024-10-18T23:38:00.790+0000] {processor.py:914} INFO - Processing file /home/airflow/.local/lib/python3.12/site-packages/airflow/example_dags/example_xcomargs.py for tasks to queue
[2024-10-18T23:38:00.793+0000] {logging_mixin.py:190} INFO - [2024-10-18T23:38:00.793+0000] {dagbag.py:588} INFO - Filling up the DagBag from /home/airflow/.local/lib/python3.12/site-packages/airflow/example_dags/example_xcomargs.py
[2024-10-18T23:38:00.805+0000] {processor.py:925} INFO - DAG(s) 'example_xcom_args', 'example_xcom_args_with_operators' retrieved from /home/airflow/.local/lib/python3.12/site-packages/airflow/example_dags/example_xcomargs.py
[2024-10-18T23:38:00.831+0000] {logging_mixin.py:190} INFO - [2024-10-18T23:38:00.830+0000] {dag.py:3239} INFO - Sync 2 DAGs
[2024-10-18T23:38:00.945+0000] {logging_mixin.py:190} INFO - [2024-10-18T23:38:00.945+0000] {dag.py:4180} INFO - Setting next_dagrun for example_xcom_args to None, run_after=None
[2024-10-18T23:38:00.951+0000] {logging_mixin.py:190} INFO - [2024-10-18T23:38:00.951+0000] {dag.py:4180} INFO - Setting next_dagrun for example_xcom_args_with_operators to None, run_after=None
[2024-10-18T23:38:00.983+0000] {processor.py:208} INFO - Processing /home/airflow/.local/lib/python3.12/site-packages/airflow/example_dags/example_xcomargs.py took 0.201 seconds
[2024-10-18T23:38:31.470+0000] {processor.py:186} INFO - Started process (PID=743) to work on /home/airflow/.local/lib/python3.12/site-packages/airflow/example_dags/example_xcomargs.py
[2024-10-18T23:38:31.472+0000] {processor.py:914} INFO - Processing file /home/airflow/.local/lib/python3.12/site-packages/airflow/example_dags/example_xcomargs.py for tasks to queue
[2024-10-18T23:38:31.475+0000] {logging_mixin.py:190} INFO - [2024-10-18T23:38:31.475+0000] {dagbag.py:588} INFO - Filling up the DagBag from /home/airflow/.local/lib/python3.12/site-packages/airflow/example_dags/example_xcomargs.py
[2024-10-18T23:38:31.484+0000] {processor.py:925} INFO - DAG(s) 'example_xcom_args', 'example_xcom_args_with_operators' retrieved from /home/airflow/.local/lib/python3.12/site-packages/airflow/example_dags/example_xcomargs.py
[2024-10-18T23:38:31.507+0000] {logging_mixin.py:190} INFO - [2024-10-18T23:38:31.507+0000] {dag.py:3239} INFO - Sync 2 DAGs
[2024-10-18T23:38:31.520+0000] {logging_mixin.py:190} INFO - [2024-10-18T23:38:31.520+0000] {dag.py:4180} INFO - Setting next_dagrun for example_xcom_args to None, run_after=None
[2024-10-18T23:38:31.524+0000] {logging_mixin.py:190} INFO - [2024-10-18T23:38:31.524+0000] {dag.py:4180} INFO - Setting next_dagrun for example_xcom_args_with_operators to None, run_after=None
[2024-10-18T23:38:31.544+0000] {processor.py:208} INFO - Processing /home/airflow/.local/lib/python3.12/site-packages/airflow/example_dags/example_xcomargs.py took 0.079 seconds
[2024-10-18T23:39:02.345+0000] {processor.py:186} INFO - Started process (PID=805) to work on /home/airflow/.local/lib/python3.12/site-packages/airflow/example_dags/example_xcomargs.py
[2024-10-18T23:39:02.357+0000] {processor.py:914} INFO - Processing file /home/airflow/.local/lib/python3.12/site-packages/airflow/example_dags/example_xcomargs.py for tasks to queue
[2024-10-18T23:39:02.396+0000] {logging_mixin.py:190} INFO - [2024-10-18T23:39:02.395+0000] {dagbag.py:588} INFO - Filling up the DagBag from /home/airflow/.local/lib/python3.12/site-packages/airflow/example_dags/example_xcomargs.py
[2024-10-18T23:39:02.472+0000] {processor.py:925} INFO - DAG(s) 'example_xcom_args_with_operators', 'example_xcom_args' retrieved from /home/airflow/.local/lib/python3.12/site-packages/airflow/example_dags/example_xcomargs.py
[2024-10-18T23:39:02.496+0000] {logging_mixin.py:190} INFO - [2024-10-18T23:39:02.496+0000] {dag.py:3239} INFO - Sync 2 DAGs
[2024-10-18T23:39:02.514+0000] {logging_mixin.py:190} INFO - [2024-10-18T23:39:02.514+0000] {dag.py:4180} INFO - Setting next_dagrun for example_xcom_args to None, run_after=None
[2024-10-18T23:39:02.519+0000] {logging_mixin.py:190} INFO - [2024-10-18T23:39:02.518+0000] {dag.py:4180} INFO - Setting next_dagrun for example_xcom_args_with_operators to None, run_after=None
[2024-10-18T23:39:02.560+0000] {processor.py:208} INFO - Processing /home/airflow/.local/lib/python3.12/site-packages/airflow/example_dags/example_xcomargs.py took 0.246 seconds
[2024-10-18T23:39:32.903+0000] {processor.py:186} INFO - Started process (PID=867) to work on /home/airflow/.local/lib/python3.12/site-packages/airflow/example_dags/example_xcomargs.py
[2024-10-18T23:39:32.904+0000] {processor.py:914} INFO - Processing file /home/airflow/.local/lib/python3.12/site-packages/airflow/example_dags/example_xcomargs.py for tasks to queue
[2024-10-18T23:39:32.908+0000] {logging_mixin.py:190} INFO - [2024-10-18T23:39:32.908+0000] {dagbag.py:588} INFO - Filling up the DagBag from /home/airflow/.local/lib/python3.12/site-packages/airflow/example_dags/example_xcomargs.py
[2024-10-18T23:39:32.918+0000] {processor.py:925} INFO - DAG(s) 'example_xcom_args_with_operators', 'example_xcom_args' retrieved from /home/airflow/.local/lib/python3.12/site-packages/airflow/example_dags/example_xcomargs.py
[2024-10-18T23:39:32.944+0000] {logging_mixin.py:190} INFO - [2024-10-18T23:39:32.944+0000] {dag.py:3239} INFO - Sync 2 DAGs
[2024-10-18T23:39:32.959+0000] {logging_mixin.py:190} INFO - [2024-10-18T23:39:32.958+0000] {dag.py:4180} INFO - Setting next_dagrun for example_xcom_args to None, run_after=None
[2024-10-18T23:39:32.964+0000] {logging_mixin.py:190} INFO - [2024-10-18T23:39:32.964+0000] {dag.py:4180} INFO - Setting next_dagrun for example_xcom_args_with_operators to None, run_after=None
[2024-10-18T23:39:32.989+0000] {processor.py:208} INFO - Processing /home/airflow/.local/lib/python3.12/site-packages/airflow/example_dags/example_xcomargs.py took 0.092 seconds
[2024-10-18T23:40:03.484+0000] {processor.py:186} INFO - Started process (PID=929) to work on /home/airflow/.local/lib/python3.12/site-packages/airflow/example_dags/example_xcomargs.py
[2024-10-18T23:40:03.486+0000] {processor.py:914} INFO - Processing file /home/airflow/.local/lib/python3.12/site-packages/airflow/example_dags/example_xcomargs.py for tasks to queue
[2024-10-18T23:40:03.490+0000] {logging_mixin.py:190} INFO - [2024-10-18T23:40:03.490+0000] {dagbag.py:588} INFO - Filling up the DagBag from /home/airflow/.local/lib/python3.12/site-packages/airflow/example_dags/example_xcomargs.py
[2024-10-18T23:40:03.504+0000] {processor.py:925} INFO - DAG(s) 'example_xcom_args', 'example_xcom_args_with_operators' retrieved from /home/airflow/.local/lib/python3.12/site-packages/airflow/example_dags/example_xcomargs.py
[2024-10-18T23:40:03.535+0000] {logging_mixin.py:190} INFO - [2024-10-18T23:40:03.535+0000] {dag.py:3239} INFO - Sync 2 DAGs
[2024-10-18T23:40:03.555+0000] {logging_mixin.py:190} INFO - [2024-10-18T23:40:03.554+0000] {dag.py:4180} INFO - Setting next_dagrun for example_xcom_args to None, run_after=None
[2024-10-18T23:40:03.560+0000] {logging_mixin.py:190} INFO - [2024-10-18T23:40:03.559+0000] {dag.py:4180} INFO - Setting next_dagrun for example_xcom_args_with_operators to None, run_after=None
[2024-10-18T23:40:03.585+0000] {processor.py:208} INFO - Processing /home/airflow/.local/lib/python3.12/site-packages/airflow/example_dags/example_xcomargs.py took 0.108 seconds
[2024-10-18T23:40:33.980+0000] {processor.py:186} INFO - Started process (PID=991) to work on /home/airflow/.local/lib/python3.12/site-packages/airflow/example_dags/example_xcomargs.py
[2024-10-18T23:40:33.982+0000] {processor.py:914} INFO - Processing file /home/airflow/.local/lib/python3.12/site-packages/airflow/example_dags/example_xcomargs.py for tasks to queue
[2024-10-18T23:40:33.987+0000] {logging_mixin.py:190} INFO - [2024-10-18T23:40:33.987+0000] {dagbag.py:588} INFO - Filling up the DagBag from /home/airflow/.local/lib/python3.12/site-packages/airflow/example_dags/example_xcomargs.py
[2024-10-18T23:40:34.003+0000] {processor.py:925} INFO - DAG(s) 'example_xcom_args', 'example_xcom_args_with_operators' retrieved from /home/airflow/.local/lib/python3.12/site-packages/airflow/example_dags/example_xcomargs.py
[2024-10-18T23:40:34.044+0000] {logging_mixin.py:190} INFO - [2024-10-18T23:40:34.043+0000] {dag.py:3239} INFO - Sync 2 DAGs
[2024-10-18T23:40:34.070+0000] {logging_mixin.py:190} INFO - [2024-10-18T23:40:34.070+0000] {dag.py:4180} INFO - Setting next_dagrun for example_xcom_args to None, run_after=None
[2024-10-18T23:40:34.077+0000] {logging_mixin.py:190} INFO - [2024-10-18T23:40:34.077+0000] {dag.py:4180} INFO - Setting next_dagrun for example_xcom_args_with_operators to None, run_after=None
[2024-10-18T23:40:34.111+0000] {processor.py:208} INFO - Processing /home/airflow/.local/lib/python3.12/site-packages/airflow/example_dags/example_xcomargs.py took 0.140 seconds
[2024-10-18T23:41:04.543+0000] {processor.py:186} INFO - Started process (PID=1053) to work on /home/airflow/.local/lib/python3.12/site-packages/airflow/example_dags/example_xcomargs.py
[2024-10-18T23:41:04.545+0000] {processor.py:914} INFO - Processing file /home/airflow/.local/lib/python3.12/site-packages/airflow/example_dags/example_xcomargs.py for tasks to queue
[2024-10-18T23:41:04.550+0000] {logging_mixin.py:190} INFO - [2024-10-18T23:41:04.549+0000] {dagbag.py:588} INFO - Filling up the DagBag from /home/airflow/.local/lib/python3.12/site-packages/airflow/example_dags/example_xcomargs.py
[2024-10-18T23:41:04.568+0000] {processor.py:925} INFO - DAG(s) 'example_xcom_args', 'example_xcom_args_with_operators' retrieved from /home/airflow/.local/lib/python3.12/site-packages/airflow/example_dags/example_xcomargs.py
[2024-10-18T23:41:04.606+0000] {logging_mixin.py:190} INFO - [2024-10-18T23:41:04.605+0000] {dag.py:3239} INFO - Sync 2 DAGs
[2024-10-18T23:41:04.636+0000] {logging_mixin.py:190} INFO - [2024-10-18T23:41:04.635+0000] {dag.py:4180} INFO - Setting next_dagrun for example_xcom_args to None, run_after=None
[2024-10-18T23:41:04.645+0000] {logging_mixin.py:190} INFO - [2024-10-18T23:41:04.645+0000] {dag.py:4180} INFO - Setting next_dagrun for example_xcom_args_with_operators to None, run_after=None
[2024-10-18T23:41:04.683+0000] {processor.py:208} INFO - Processing /home/airflow/.local/lib/python3.12/site-packages/airflow/example_dags/example_xcomargs.py took 0.150 seconds
[2024-10-18T23:41:35.034+0000] {processor.py:186} INFO - Started process (PID=1115) to work on /home/airflow/.local/lib/python3.12/site-packages/airflow/example_dags/example_xcomargs.py
[2024-10-18T23:41:35.036+0000] {processor.py:914} INFO - Processing file /home/airflow/.local/lib/python3.12/site-packages/airflow/example_dags/example_xcomargs.py for tasks to queue
[2024-10-18T23:41:35.040+0000] {logging_mixin.py:190} INFO - [2024-10-18T23:41:35.040+0000] {dagbag.py:588} INFO - Filling up the DagBag from /home/airflow/.local/lib/python3.12/site-packages/airflow/example_dags/example_xcomargs.py
[2024-10-18T23:41:35.050+0000] {processor.py:925} INFO - DAG(s) 'example_xcom_args', 'example_xcom_args_with_operators' retrieved from /home/airflow/.local/lib/python3.12/site-packages/airflow/example_dags/example_xcomargs.py
[2024-10-18T23:41:35.074+0000] {logging_mixin.py:190} INFO - [2024-10-18T23:41:35.073+0000] {dag.py:3239} INFO - Sync 2 DAGs
[2024-10-18T23:41:35.087+0000] {logging_mixin.py:190} INFO - [2024-10-18T23:41:35.087+0000] {dag.py:4180} INFO - Setting next_dagrun for example_xcom_args to None, run_after=None
[2024-10-18T23:41:35.092+0000] {logging_mixin.py:190} INFO - [2024-10-18T23:41:35.092+0000] {dag.py:4180} INFO - Setting next_dagrun for example_xcom_args_with_operators to None, run_after=None
[2024-10-18T23:41:35.110+0000] {processor.py:208} INFO - Processing /home/airflow/.local/lib/python3.12/site-packages/airflow/example_dags/example_xcomargs.py took 0.082 seconds
[2024-10-18T23:42:06.931+0000] {processor.py:186} INFO - Started process (PID=1177) to work on /home/airflow/.local/lib/python3.12/site-packages/airflow/example_dags/example_xcomargs.py
[2024-10-18T23:42:07.049+0000] {processor.py:914} INFO - Processing file /home/airflow/.local/lib/python3.12/site-packages/airflow/example_dags/example_xcomargs.py for tasks to queue
[2024-10-18T23:42:07.054+0000] {logging_mixin.py:190} INFO - [2024-10-18T23:42:07.054+0000] {dagbag.py:588} INFO - Filling up the DagBag from /home/airflow/.local/lib/python3.12/site-packages/airflow/example_dags/example_xcomargs.py
[2024-10-18T23:42:07.244+0000] {processor.py:925} INFO - DAG(s) 'example_xcom_args_with_operators', 'example_xcom_args' retrieved from /home/airflow/.local/lib/python3.12/site-packages/airflow/example_dags/example_xcomargs.py
[2024-10-18T23:42:07.265+0000] {logging_mixin.py:190} INFO - [2024-10-18T23:42:07.265+0000] {dag.py:3239} INFO - Sync 2 DAGs
[2024-10-18T23:42:07.278+0000] {logging_mixin.py:190} INFO - [2024-10-18T23:42:07.278+0000] {dag.py:4180} INFO - Setting next_dagrun for example_xcom_args to None, run_after=None
[2024-10-18T23:42:07.282+0000] {logging_mixin.py:190} INFO - [2024-10-18T23:42:07.281+0000] {dag.py:4180} INFO - Setting next_dagrun for example_xcom_args_with_operators to None, run_after=None
[2024-10-18T23:42:08.850+0000] {processor.py:208} INFO - Processing /home/airflow/.local/lib/python3.12/site-packages/airflow/example_dags/example_xcomargs.py took 1.926 seconds
[2024-10-18T23:42:43.648+0000] {processor.py:186} INFO - Started process (PID=1245) to work on /home/airflow/.local/lib/python3.12/site-packages/airflow/example_dags/example_xcomargs.py
[2024-10-18T23:42:43.649+0000] {processor.py:914} INFO - Processing file /home/airflow/.local/lib/python3.12/site-packages/airflow/example_dags/example_xcomargs.py for tasks to queue
[2024-10-18T23:42:43.653+0000] {logging_mixin.py:190} INFO - [2024-10-18T23:42:43.653+0000] {dagbag.py:588} INFO - Filling up the DagBag from /home/airflow/.local/lib/python3.12/site-packages/airflow/example_dags/example_xcomargs.py
[2024-10-18T23:42:43.682+0000] {processor.py:925} INFO - DAG(s) 'example_xcom_args_with_operators', 'example_xcom_args' retrieved from /home/airflow/.local/lib/python3.12/site-packages/airflow/example_dags/example_xcomargs.py
[2024-10-18T23:42:43.743+0000] {logging_mixin.py:190} INFO - [2024-10-18T23:42:43.743+0000] {dag.py:3239} INFO - Sync 2 DAGs
[2024-10-18T23:42:43.764+0000] {logging_mixin.py:190} INFO - [2024-10-18T23:42:43.764+0000] {dag.py:4180} INFO - Setting next_dagrun for example_xcom_args to None, run_after=None
[2024-10-18T23:42:43.769+0000] {logging_mixin.py:190} INFO - [2024-10-18T23:42:43.769+0000] {dag.py:4180} INFO - Setting next_dagrun for example_xcom_args_with_operators to None, run_after=None
[2024-10-18T23:42:43.824+0000] {processor.py:208} INFO - Processing /home/airflow/.local/lib/python3.12/site-packages/airflow/example_dags/example_xcomargs.py took 0.182 seconds
[2024-10-18T23:43:15.371+0000] {processor.py:186} INFO - Started process (PID=1312) to work on /home/airflow/.local/lib/python3.12/site-packages/airflow/example_dags/example_xcomargs.py
[2024-10-18T23:43:15.373+0000] {processor.py:914} INFO - Processing file /home/airflow/.local/lib/python3.12/site-packages/airflow/example_dags/example_xcomargs.py for tasks to queue
[2024-10-18T23:43:15.377+0000] {logging_mixin.py:190} INFO - [2024-10-18T23:43:15.377+0000] {dagbag.py:588} INFO - Filling up the DagBag from /home/airflow/.local/lib/python3.12/site-packages/airflow/example_dags/example_xcomargs.py
[2024-10-18T23:43:15.396+0000] {processor.py:925} INFO - DAG(s) 'example_xcom_args_with_operators', 'example_xcom_args' retrieved from /home/airflow/.local/lib/python3.12/site-packages/airflow/example_dags/example_xcomargs.py
[2024-10-18T23:43:15.437+0000] {logging_mixin.py:190} INFO - [2024-10-18T23:43:15.437+0000] {dag.py:3239} INFO - Sync 2 DAGs
[2024-10-18T23:43:15.473+0000] {logging_mixin.py:190} INFO - [2024-10-18T23:43:15.472+0000] {dag.py:4180} INFO - Setting next_dagrun for example_xcom_args to None, run_after=None
[2024-10-18T23:43:15.481+0000] {logging_mixin.py:190} INFO - [2024-10-18T23:43:15.481+0000] {dag.py:4180} INFO - Setting next_dagrun for example_xcom_args_with_operators to None, run_after=None
[2024-10-18T23:43:15.511+0000] {processor.py:208} INFO - Processing /home/airflow/.local/lib/python3.12/site-packages/airflow/example_dags/example_xcomargs.py took 0.149 seconds
[2024-10-18T23:43:45.557+0000] {processor.py:186} INFO - Started process (PID=1374) to work on /home/airflow/.local/lib/python3.12/site-packages/airflow/example_dags/example_xcomargs.py
[2024-10-18T23:43:45.558+0000] {processor.py:914} INFO - Processing file /home/airflow/.local/lib/python3.12/site-packages/airflow/example_dags/example_xcomargs.py for tasks to queue
[2024-10-18T23:43:45.561+0000] {logging_mixin.py:190} INFO - [2024-10-18T23:43:45.560+0000] {dagbag.py:588} INFO - Filling up the DagBag from /home/airflow/.local/lib/python3.12/site-packages/airflow/example_dags/example_xcomargs.py
[2024-10-18T23:43:45.569+0000] {processor.py:925} INFO - DAG(s) 'example_xcom_args_with_operators', 'example_xcom_args' retrieved from /home/airflow/.local/lib/python3.12/site-packages/airflow/example_dags/example_xcomargs.py
[2024-10-18T23:43:45.594+0000] {logging_mixin.py:190} INFO - [2024-10-18T23:43:45.594+0000] {dag.py:3239} INFO - Sync 2 DAGs
[2024-10-18T23:43:45.609+0000] {logging_mixin.py:190} INFO - [2024-10-18T23:43:45.608+0000] {dag.py:4180} INFO - Setting next_dagrun for example_xcom_args to None, run_after=None
[2024-10-18T23:43:45.613+0000] {logging_mixin.py:190} INFO - [2024-10-18T23:43:45.612+0000] {dag.py:4180} INFO - Setting next_dagrun for example_xcom_args_with_operators to None, run_after=None
[2024-10-18T23:43:45.631+0000] {processor.py:208} INFO - Processing /home/airflow/.local/lib/python3.12/site-packages/airflow/example_dags/example_xcomargs.py took 0.079 seconds
[2024-10-18T23:44:15.673+0000] {processor.py:186} INFO - Started process (PID=1435) to work on /home/airflow/.local/lib/python3.12/site-packages/airflow/example_dags/example_xcomargs.py
[2024-10-18T23:44:15.674+0000] {processor.py:914} INFO - Processing file /home/airflow/.local/lib/python3.12/site-packages/airflow/example_dags/example_xcomargs.py for tasks to queue
[2024-10-18T23:44:15.678+0000] {logging_mixin.py:190} INFO - [2024-10-18T23:44:15.677+0000] {dagbag.py:588} INFO - Filling up the DagBag from /home/airflow/.local/lib/python3.12/site-packages/airflow/example_dags/example_xcomargs.py
[2024-10-18T23:44:15.690+0000] {processor.py:925} INFO - DAG(s) 'example_xcom_args', 'example_xcom_args_with_operators' retrieved from /home/airflow/.local/lib/python3.12/site-packages/airflow/example_dags/example_xcomargs.py
[2024-10-18T23:44:15.719+0000] {logging_mixin.py:190} INFO - [2024-10-18T23:44:15.719+0000] {dag.py:3239} INFO - Sync 2 DAGs
[2024-10-18T23:44:15.734+0000] {logging_mixin.py:190} INFO - [2024-10-18T23:44:15.734+0000] {dag.py:4180} INFO - Setting next_dagrun for example_xcom_args to None, run_after=None
[2024-10-18T23:44:15.739+0000] {logging_mixin.py:190} INFO - [2024-10-18T23:44:15.739+0000] {dag.py:4180} INFO - Setting next_dagrun for example_xcom_args_with_operators to None, run_after=None
[2024-10-18T23:44:15.757+0000] {processor.py:208} INFO - Processing /home/airflow/.local/lib/python3.12/site-packages/airflow/example_dags/example_xcomargs.py took 0.091 seconds
[2024-10-18T23:44:46.638+0000] {processor.py:186} INFO - Started process (PID=1498) to work on /home/airflow/.local/lib/python3.12/site-packages/airflow/example_dags/example_xcomargs.py
[2024-10-18T23:44:46.639+0000] {processor.py:914} INFO - Processing file /home/airflow/.local/lib/python3.12/site-packages/airflow/example_dags/example_xcomargs.py for tasks to queue
[2024-10-18T23:44:46.642+0000] {logging_mixin.py:190} INFO - [2024-10-18T23:44:46.641+0000] {dagbag.py:588} INFO - Filling up the DagBag from /home/airflow/.local/lib/python3.12/site-packages/airflow/example_dags/example_xcomargs.py
[2024-10-18T23:44:46.652+0000] {processor.py:925} INFO - DAG(s) 'example_xcom_args_with_operators', 'example_xcom_args' retrieved from /home/airflow/.local/lib/python3.12/site-packages/airflow/example_dags/example_xcomargs.py
[2024-10-18T23:44:46.676+0000] {logging_mixin.py:190} INFO - [2024-10-18T23:44:46.676+0000] {dag.py:3239} INFO - Sync 2 DAGs
[2024-10-18T23:44:46.689+0000] {logging_mixin.py:190} INFO - [2024-10-18T23:44:46.689+0000] {dag.py:4180} INFO - Setting next_dagrun for example_xcom_args to None, run_after=None
[2024-10-18T23:44:46.694+0000] {logging_mixin.py:190} INFO - [2024-10-18T23:44:46.693+0000] {dag.py:4180} INFO - Setting next_dagrun for example_xcom_args_with_operators to None, run_after=None
[2024-10-18T23:44:46.711+0000] {processor.py:208} INFO - Processing /home/airflow/.local/lib/python3.12/site-packages/airflow/example_dags/example_xcomargs.py took 0.078 seconds
[2024-10-18T23:45:17.277+0000] {processor.py:186} INFO - Started process (PID=1562) to work on /home/airflow/.local/lib/python3.12/site-packages/airflow/example_dags/example_xcomargs.py
[2024-10-18T23:45:17.278+0000] {processor.py:914} INFO - Processing file /home/airflow/.local/lib/python3.12/site-packages/airflow/example_dags/example_xcomargs.py for tasks to queue
[2024-10-18T23:45:17.281+0000] {logging_mixin.py:190} INFO - [2024-10-18T23:45:17.280+0000] {dagbag.py:588} INFO - Filling up the DagBag from /home/airflow/.local/lib/python3.12/site-packages/airflow/example_dags/example_xcomargs.py
[2024-10-18T23:45:17.290+0000] {processor.py:925} INFO - DAG(s) 'example_xcom_args_with_operators', 'example_xcom_args' retrieved from /home/airflow/.local/lib/python3.12/site-packages/airflow/example_dags/example_xcomargs.py
[2024-10-18T23:45:17.315+0000] {logging_mixin.py:190} INFO - [2024-10-18T23:45:17.315+0000] {dag.py:3239} INFO - Sync 2 DAGs
[2024-10-18T23:45:17.330+0000] {logging_mixin.py:190} INFO - [2024-10-18T23:45:17.330+0000] {dag.py:4180} INFO - Setting next_dagrun for example_xcom_args to None, run_after=None
[2024-10-18T23:45:17.334+0000] {logging_mixin.py:190} INFO - [2024-10-18T23:45:17.334+0000] {dag.py:4180} INFO - Setting next_dagrun for example_xcom_args_with_operators to None, run_after=None
[2024-10-18T23:45:17.354+0000] {processor.py:208} INFO - Processing /home/airflow/.local/lib/python3.12/site-packages/airflow/example_dags/example_xcomargs.py took 0.082 seconds
[2024-10-18T23:45:47.961+0000] {processor.py:186} INFO - Started process (PID=1624) to work on /home/airflow/.local/lib/python3.12/site-packages/airflow/example_dags/example_xcomargs.py
[2024-10-18T23:45:47.962+0000] {processor.py:914} INFO - Processing file /home/airflow/.local/lib/python3.12/site-packages/airflow/example_dags/example_xcomargs.py for tasks to queue
[2024-10-18T23:45:47.965+0000] {logging_mixin.py:190} INFO - [2024-10-18T23:45:47.965+0000] {dagbag.py:588} INFO - Filling up the DagBag from /home/airflow/.local/lib/python3.12/site-packages/airflow/example_dags/example_xcomargs.py
[2024-10-18T23:45:47.975+0000] {processor.py:925} INFO - DAG(s) 'example_xcom_args_with_operators', 'example_xcom_args' retrieved from /home/airflow/.local/lib/python3.12/site-packages/airflow/example_dags/example_xcomargs.py
[2024-10-18T23:45:48.001+0000] {logging_mixin.py:190} INFO - [2024-10-18T23:45:48.001+0000] {dag.py:3239} INFO - Sync 2 DAGs
[2024-10-18T23:45:48.015+0000] {logging_mixin.py:190} INFO - [2024-10-18T23:45:48.014+0000] {dag.py:4180} INFO - Setting next_dagrun for example_xcom_args to None, run_after=None
[2024-10-18T23:45:48.019+0000] {logging_mixin.py:190} INFO - [2024-10-18T23:45:48.018+0000] {dag.py:4180} INFO - Setting next_dagrun for example_xcom_args_with_operators to None, run_after=None
[2024-10-18T23:45:48.034+0000] {processor.py:208} INFO - Processing /home/airflow/.local/lib/python3.12/site-packages/airflow/example_dags/example_xcomargs.py took 0.079 seconds
[2024-10-18T23:46:18.689+0000] {processor.py:186} INFO - Started process (PID=1686) to work on /home/airflow/.local/lib/python3.12/site-packages/airflow/example_dags/example_xcomargs.py
[2024-10-18T23:46:18.690+0000] {processor.py:914} INFO - Processing file /home/airflow/.local/lib/python3.12/site-packages/airflow/example_dags/example_xcomargs.py for tasks to queue
[2024-10-18T23:46:18.693+0000] {logging_mixin.py:190} INFO - [2024-10-18T23:46:18.693+0000] {dagbag.py:588} INFO - Filling up the DagBag from /home/airflow/.local/lib/python3.12/site-packages/airflow/example_dags/example_xcomargs.py
[2024-10-18T23:46:18.702+0000] {processor.py:925} INFO - DAG(s) 'example_xcom_args_with_operators', 'example_xcom_args' retrieved from /home/airflow/.local/lib/python3.12/site-packages/airflow/example_dags/example_xcomargs.py
[2024-10-18T23:46:18.724+0000] {logging_mixin.py:190} INFO - [2024-10-18T23:46:18.724+0000] {dag.py:3239} INFO - Sync 2 DAGs
[2024-10-18T23:46:18.738+0000] {logging_mixin.py:190} INFO - [2024-10-18T23:46:18.738+0000] {dag.py:4180} INFO - Setting next_dagrun for example_xcom_args to None, run_after=None
[2024-10-18T23:46:18.742+0000] {logging_mixin.py:190} INFO - [2024-10-18T23:46:18.742+0000] {dag.py:4180} INFO - Setting next_dagrun for example_xcom_args_with_operators to None, run_after=None
[2024-10-18T23:46:18.759+0000] {processor.py:208} INFO - Processing /home/airflow/.local/lib/python3.12/site-packages/airflow/example_dags/example_xcomargs.py took 0.076 seconds
[2024-10-18T23:46:53.373+0000] {processor.py:186} INFO - Started process (PID=1752) to work on /home/airflow/.local/lib/python3.12/site-packages/airflow/example_dags/example_xcomargs.py
[2024-10-18T23:46:53.374+0000] {processor.py:914} INFO - Processing file /home/airflow/.local/lib/python3.12/site-packages/airflow/example_dags/example_xcomargs.py for tasks to queue
[2024-10-18T23:46:53.377+0000] {logging_mixin.py:190} INFO - [2024-10-18T23:46:53.376+0000] {dagbag.py:588} INFO - Filling up the DagBag from /home/airflow/.local/lib/python3.12/site-packages/airflow/example_dags/example_xcomargs.py
[2024-10-18T23:46:53.386+0000] {processor.py:925} INFO - DAG(s) 'example_xcom_args_with_operators', 'example_xcom_args' retrieved from /home/airflow/.local/lib/python3.12/site-packages/airflow/example_dags/example_xcomargs.py
[2024-10-18T23:46:53.409+0000] {logging_mixin.py:190} INFO - [2024-10-18T23:46:53.409+0000] {dag.py:3239} INFO - Sync 2 DAGs
[2024-10-18T23:46:53.423+0000] {logging_mixin.py:190} INFO - [2024-10-18T23:46:53.423+0000] {dag.py:4180} INFO - Setting next_dagrun for example_xcom_args to None, run_after=None
[2024-10-18T23:46:53.427+0000] {logging_mixin.py:190} INFO - [2024-10-18T23:46:53.427+0000] {dag.py:4180} INFO - Setting next_dagrun for example_xcom_args_with_operators to None, run_after=None
[2024-10-18T23:46:53.449+0000] {processor.py:208} INFO - Processing /home/airflow/.local/lib/python3.12/site-packages/airflow/example_dags/example_xcomargs.py took 0.082 seconds
[2024-10-18T23:47:24.243+0000] {processor.py:186} INFO - Started process (PID=1814) to work on /home/airflow/.local/lib/python3.12/site-packages/airflow/example_dags/example_xcomargs.py
[2024-10-18T23:47:24.244+0000] {processor.py:914} INFO - Processing file /home/airflow/.local/lib/python3.12/site-packages/airflow/example_dags/example_xcomargs.py for tasks to queue
[2024-10-18T23:47:24.247+0000] {logging_mixin.py:190} INFO - [2024-10-18T23:47:24.246+0000] {dagbag.py:588} INFO - Filling up the DagBag from /home/airflow/.local/lib/python3.12/site-packages/airflow/example_dags/example_xcomargs.py
[2024-10-18T23:47:24.256+0000] {processor.py:925} INFO - DAG(s) 'example_xcom_args', 'example_xcom_args_with_operators' retrieved from /home/airflow/.local/lib/python3.12/site-packages/airflow/example_dags/example_xcomargs.py
[2024-10-18T23:47:24.279+0000] {logging_mixin.py:190} INFO - [2024-10-18T23:47:24.279+0000] {dag.py:3239} INFO - Sync 2 DAGs
[2024-10-18T23:47:24.293+0000] {logging_mixin.py:190} INFO - [2024-10-18T23:47:24.293+0000] {dag.py:4180} INFO - Setting next_dagrun for example_xcom_args to None, run_after=None
[2024-10-18T23:47:24.297+0000] {logging_mixin.py:190} INFO - [2024-10-18T23:47:24.297+0000] {dag.py:4180} INFO - Setting next_dagrun for example_xcom_args_with_operators to None, run_after=None
[2024-10-18T23:47:24.315+0000] {processor.py:208} INFO - Processing /home/airflow/.local/lib/python3.12/site-packages/airflow/example_dags/example_xcomargs.py took 0.078 seconds
[2024-10-18T23:47:56.703+0000] {processor.py:186} INFO - Started process (PID=1876) to work on /home/airflow/.local/lib/python3.12/site-packages/airflow/example_dags/example_xcomargs.py
[2024-10-18T23:47:56.705+0000] {processor.py:914} INFO - Processing file /home/airflow/.local/lib/python3.12/site-packages/airflow/example_dags/example_xcomargs.py for tasks to queue
[2024-10-18T23:47:56.709+0000] {logging_mixin.py:190} INFO - [2024-10-18T23:47:56.708+0000] {dagbag.py:588} INFO - Filling up the DagBag from /home/airflow/.local/lib/python3.12/site-packages/airflow/example_dags/example_xcomargs.py
[2024-10-18T23:47:56.724+0000] {processor.py:925} INFO - DAG(s) 'example_xcom_args', 'example_xcom_args_with_operators' retrieved from /home/airflow/.local/lib/python3.12/site-packages/airflow/example_dags/example_xcomargs.py
[2024-10-18T23:47:56.756+0000] {logging_mixin.py:190} INFO - [2024-10-18T23:47:56.756+0000] {dag.py:3239} INFO - Sync 2 DAGs
[2024-10-18T23:47:56.775+0000] {logging_mixin.py:190} INFO - [2024-10-18T23:47:56.775+0000] {dag.py:4180} INFO - Setting next_dagrun for example_xcom_args to None, run_after=None
[2024-10-18T23:47:56.780+0000] {logging_mixin.py:190} INFO - [2024-10-18T23:47:56.780+0000] {dag.py:4180} INFO - Setting next_dagrun for example_xcom_args_with_operators to None, run_after=None
[2024-10-18T23:47:56.802+0000] {processor.py:208} INFO - Processing /home/airflow/.local/lib/python3.12/site-packages/airflow/example_dags/example_xcomargs.py took 0.107 seconds
[2024-10-18T23:48:33.305+0000] {processor.py:186} INFO - Started process (PID=1944) to work on /home/airflow/.local/lib/python3.12/site-packages/airflow/example_dags/example_xcomargs.py
[2024-10-18T23:48:33.306+0000] {processor.py:914} INFO - Processing file /home/airflow/.local/lib/python3.12/site-packages/airflow/example_dags/example_xcomargs.py for tasks to queue
[2024-10-18T23:48:33.311+0000] {logging_mixin.py:190} INFO - [2024-10-18T23:48:33.310+0000] {dagbag.py:588} INFO - Filling up the DagBag from /home/airflow/.local/lib/python3.12/site-packages/airflow/example_dags/example_xcomargs.py
[2024-10-18T23:48:33.334+0000] {processor.py:925} INFO - DAG(s) 'example_xcom_args', 'example_xcom_args_with_operators' retrieved from /home/airflow/.local/lib/python3.12/site-packages/airflow/example_dags/example_xcomargs.py
[2024-10-18T23:48:33.380+0000] {logging_mixin.py:190} INFO - [2024-10-18T23:48:33.380+0000] {dag.py:3239} INFO - Sync 2 DAGs
[2024-10-18T23:48:33.404+0000] {logging_mixin.py:190} INFO - [2024-10-18T23:48:33.404+0000] {dag.py:4180} INFO - Setting next_dagrun for example_xcom_args to None, run_after=None
[2024-10-18T23:48:33.413+0000] {logging_mixin.py:190} INFO - [2024-10-18T23:48:33.413+0000] {dag.py:4180} INFO - Setting next_dagrun for example_xcom_args_with_operators to None, run_after=None
[2024-10-18T23:48:33.441+0000] {processor.py:208} INFO - Processing /home/airflow/.local/lib/python3.12/site-packages/airflow/example_dags/example_xcomargs.py took 0.148 seconds
[2024-10-18T23:49:05.076+0000] {processor.py:186} INFO - Started process (PID=2006) to work on /home/airflow/.local/lib/python3.12/site-packages/airflow/example_dags/example_xcomargs.py
[2024-10-18T23:49:05.078+0000] {processor.py:914} INFO - Processing file /home/airflow/.local/lib/python3.12/site-packages/airflow/example_dags/example_xcomargs.py for tasks to queue
[2024-10-18T23:49:05.082+0000] {logging_mixin.py:190} INFO - [2024-10-18T23:49:05.081+0000] {dagbag.py:588} INFO - Filling up the DagBag from /home/airflow/.local/lib/python3.12/site-packages/airflow/example_dags/example_xcomargs.py
[2024-10-18T23:49:05.094+0000] {processor.py:925} INFO - DAG(s) 'example_xcom_args', 'example_xcom_args_with_operators' retrieved from /home/airflow/.local/lib/python3.12/site-packages/airflow/example_dags/example_xcomargs.py
[2024-10-18T23:49:05.124+0000] {logging_mixin.py:190} INFO - [2024-10-18T23:49:05.124+0000] {dag.py:3239} INFO - Sync 2 DAGs
[2024-10-18T23:49:05.143+0000] {logging_mixin.py:190} INFO - [2024-10-18T23:49:05.143+0000] {dag.py:4180} INFO - Setting next_dagrun for example_xcom_args to None, run_after=None
[2024-10-18T23:49:05.148+0000] {logging_mixin.py:190} INFO - [2024-10-18T23:49:05.148+0000] {dag.py:4180} INFO - Setting next_dagrun for example_xcom_args_with_operators to None, run_after=None
[2024-10-18T23:49:05.169+0000] {processor.py:208} INFO - Processing /home/airflow/.local/lib/python3.12/site-packages/airflow/example_dags/example_xcomargs.py took 0.100 seconds
[2024-10-18T23:49:35.456+0000] {processor.py:186} INFO - Started process (PID=2068) to work on /home/airflow/.local/lib/python3.12/site-packages/airflow/example_dags/example_xcomargs.py
[2024-10-18T23:49:35.457+0000] {processor.py:914} INFO - Processing file /home/airflow/.local/lib/python3.12/site-packages/airflow/example_dags/example_xcomargs.py for tasks to queue
[2024-10-18T23:49:35.461+0000] {logging_mixin.py:190} INFO - [2024-10-18T23:49:35.460+0000] {dagbag.py:588} INFO - Filling up the DagBag from /home/airflow/.local/lib/python3.12/site-packages/airflow/example_dags/example_xcomargs.py
[2024-10-18T23:49:35.471+0000] {processor.py:925} INFO - DAG(s) 'example_xcom_args', 'example_xcom_args_with_operators' retrieved from /home/airflow/.local/lib/python3.12/site-packages/airflow/example_dags/example_xcomargs.py
[2024-10-18T23:49:35.504+0000] {logging_mixin.py:190} INFO - [2024-10-18T23:49:35.503+0000] {dag.py:3239} INFO - Sync 2 DAGs
[2024-10-18T23:49:35.526+0000] {logging_mixin.py:190} INFO - [2024-10-18T23:49:35.526+0000] {dag.py:4180} INFO - Setting next_dagrun for example_xcom_args to None, run_after=None
[2024-10-18T23:49:35.533+0000] {logging_mixin.py:190} INFO - [2024-10-18T23:49:35.532+0000] {dag.py:4180} INFO - Setting next_dagrun for example_xcom_args_with_operators to None, run_after=None
[2024-10-18T23:49:35.556+0000] {processor.py:208} INFO - Processing /home/airflow/.local/lib/python3.12/site-packages/airflow/example_dags/example_xcomargs.py took 0.106 seconds
[2024-10-18T23:50:05.674+0000] {processor.py:186} INFO - Started process (PID=2129) to work on /home/airflow/.local/lib/python3.12/site-packages/airflow/example_dags/example_xcomargs.py
[2024-10-18T23:50:05.675+0000] {processor.py:914} INFO - Processing file /home/airflow/.local/lib/python3.12/site-packages/airflow/example_dags/example_xcomargs.py for tasks to queue
[2024-10-18T23:50:05.678+0000] {logging_mixin.py:190} INFO - [2024-10-18T23:50:05.678+0000] {dagbag.py:588} INFO - Filling up the DagBag from /home/airflow/.local/lib/python3.12/site-packages/airflow/example_dags/example_xcomargs.py
[2024-10-18T23:50:05.688+0000] {processor.py:925} INFO - DAG(s) 'example_xcom_args', 'example_xcom_args_with_operators' retrieved from /home/airflow/.local/lib/python3.12/site-packages/airflow/example_dags/example_xcomargs.py
[2024-10-18T23:50:05.713+0000] {logging_mixin.py:190} INFO - [2024-10-18T23:50:05.712+0000] {dag.py:3239} INFO - Sync 2 DAGs
[2024-10-18T23:50:05.726+0000] {logging_mixin.py:190} INFO - [2024-10-18T23:50:05.726+0000] {dag.py:4180} INFO - Setting next_dagrun for example_xcom_args to None, run_after=None
[2024-10-18T23:50:05.731+0000] {logging_mixin.py:190} INFO - [2024-10-18T23:50:05.730+0000] {dag.py:4180} INFO - Setting next_dagrun for example_xcom_args_with_operators to None, run_after=None
[2024-10-18T23:50:05.750+0000] {processor.py:208} INFO - Processing /home/airflow/.local/lib/python3.12/site-packages/airflow/example_dags/example_xcomargs.py took 0.082 seconds
[2024-10-18T23:50:36.777+0000] {processor.py:186} INFO - Started process (PID=2191) to work on /home/airflow/.local/lib/python3.12/site-packages/airflow/example_dags/example_xcomargs.py
[2024-10-18T23:50:36.779+0000] {processor.py:914} INFO - Processing file /home/airflow/.local/lib/python3.12/site-packages/airflow/example_dags/example_xcomargs.py for tasks to queue
[2024-10-18T23:50:36.783+0000] {logging_mixin.py:190} INFO - [2024-10-18T23:50:36.782+0000] {dagbag.py:588} INFO - Filling up the DagBag from /home/airflow/.local/lib/python3.12/site-packages/airflow/example_dags/example_xcomargs.py
[2024-10-18T23:50:36.800+0000] {processor.py:925} INFO - DAG(s) 'example_xcom_args_with_operators', 'example_xcom_args' retrieved from /home/airflow/.local/lib/python3.12/site-packages/airflow/example_dags/example_xcomargs.py
[2024-10-18T23:50:36.839+0000] {logging_mixin.py:190} INFO - [2024-10-18T23:50:36.838+0000] {dag.py:3239} INFO - Sync 2 DAGs
[2024-10-18T23:50:36.864+0000] {logging_mixin.py:190} INFO - [2024-10-18T23:50:36.864+0000] {dag.py:4180} INFO - Setting next_dagrun for example_xcom_args to None, run_after=None
[2024-10-18T23:50:36.871+0000] {logging_mixin.py:190} INFO - [2024-10-18T23:50:36.870+0000] {dag.py:4180} INFO - Setting next_dagrun for example_xcom_args_with_operators to None, run_after=None
[2024-10-18T23:50:36.901+0000] {processor.py:208} INFO - Processing /home/airflow/.local/lib/python3.12/site-packages/airflow/example_dags/example_xcomargs.py took 0.134 seconds
[2024-10-18T23:51:07.509+0000] {processor.py:186} INFO - Started process (PID=2253) to work on /home/airflow/.local/lib/python3.12/site-packages/airflow/example_dags/example_xcomargs.py
[2024-10-18T23:51:07.511+0000] {processor.py:914} INFO - Processing file /home/airflow/.local/lib/python3.12/site-packages/airflow/example_dags/example_xcomargs.py for tasks to queue
[2024-10-18T23:51:07.514+0000] {logging_mixin.py:190} INFO - [2024-10-18T23:51:07.514+0000] {dagbag.py:588} INFO - Filling up the DagBag from /home/airflow/.local/lib/python3.12/site-packages/airflow/example_dags/example_xcomargs.py
[2024-10-18T23:51:07.529+0000] {processor.py:925} INFO - DAG(s) 'example_xcom_args', 'example_xcom_args_with_operators' retrieved from /home/airflow/.local/lib/python3.12/site-packages/airflow/example_dags/example_xcomargs.py
[2024-10-18T23:51:07.563+0000] {logging_mixin.py:190} INFO - [2024-10-18T23:51:07.563+0000] {dag.py:3239} INFO - Sync 2 DAGs
[2024-10-18T23:51:07.584+0000] {logging_mixin.py:190} INFO - [2024-10-18T23:51:07.584+0000] {dag.py:4180} INFO - Setting next_dagrun for example_xcom_args to None, run_after=None
[2024-10-18T23:51:07.591+0000] {logging_mixin.py:190} INFO - [2024-10-18T23:51:07.590+0000] {dag.py:4180} INFO - Setting next_dagrun for example_xcom_args_with_operators to None, run_after=None
[2024-10-18T23:51:07.615+0000] {processor.py:208} INFO - Processing /home/airflow/.local/lib/python3.12/site-packages/airflow/example_dags/example_xcomargs.py took 0.114 seconds
[2024-10-18T23:51:38.034+0000] {processor.py:186} INFO - Started process (PID=2316) to work on /home/airflow/.local/lib/python3.12/site-packages/airflow/example_dags/example_xcomargs.py
[2024-10-18T23:51:38.036+0000] {processor.py:914} INFO - Processing file /home/airflow/.local/lib/python3.12/site-packages/airflow/example_dags/example_xcomargs.py for tasks to queue
[2024-10-18T23:51:38.040+0000] {logging_mixin.py:190} INFO - [2024-10-18T23:51:38.039+0000] {dagbag.py:588} INFO - Filling up the DagBag from /home/airflow/.local/lib/python3.12/site-packages/airflow/example_dags/example_xcomargs.py
[2024-10-18T23:51:38.059+0000] {processor.py:925} INFO - DAG(s) 'example_xcom_args_with_operators', 'example_xcom_args' retrieved from /home/airflow/.local/lib/python3.12/site-packages/airflow/example_dags/example_xcomargs.py
[2024-10-18T23:51:38.099+0000] {logging_mixin.py:190} INFO - [2024-10-18T23:51:38.098+0000] {dag.py:3239} INFO - Sync 2 DAGs
[2024-10-18T23:51:38.126+0000] {logging_mixin.py:190} INFO - [2024-10-18T23:51:38.125+0000] {dag.py:4180} INFO - Setting next_dagrun for example_xcom_args to None, run_after=None
[2024-10-18T23:51:38.132+0000] {logging_mixin.py:190} INFO - [2024-10-18T23:51:38.132+0000] {dag.py:4180} INFO - Setting next_dagrun for example_xcom_args_with_operators to None, run_after=None
[2024-10-18T23:51:38.162+0000] {processor.py:208} INFO - Processing /home/airflow/.local/lib/python3.12/site-packages/airflow/example_dags/example_xcomargs.py took 0.140 seconds
[2024-10-18T23:52:13.139+0000] {processor.py:186} INFO - Started process (PID=2384) to work on /home/airflow/.local/lib/python3.12/site-packages/airflow/example_dags/example_xcomargs.py
[2024-10-18T23:52:13.141+0000] {processor.py:914} INFO - Processing file /home/airflow/.local/lib/python3.12/site-packages/airflow/example_dags/example_xcomargs.py for tasks to queue
[2024-10-18T23:52:13.146+0000] {logging_mixin.py:190} INFO - [2024-10-18T23:52:13.146+0000] {dagbag.py:588} INFO - Filling up the DagBag from /home/airflow/.local/lib/python3.12/site-packages/airflow/example_dags/example_xcomargs.py
[2024-10-18T23:52:13.168+0000] {processor.py:925} INFO - DAG(s) 'example_xcom_args_with_operators', 'example_xcom_args' retrieved from /home/airflow/.local/lib/python3.12/site-packages/airflow/example_dags/example_xcomargs.py
[2024-10-18T23:52:13.206+0000] {logging_mixin.py:190} INFO - [2024-10-18T23:52:13.206+0000] {dag.py:3239} INFO - Sync 2 DAGs
[2024-10-18T23:52:13.234+0000] {logging_mixin.py:190} INFO - [2024-10-18T23:52:13.233+0000] {dag.py:4180} INFO - Setting next_dagrun for example_xcom_args to None, run_after=None
[2024-10-18T23:52:13.240+0000] {logging_mixin.py:190} INFO - [2024-10-18T23:52:13.240+0000] {dag.py:4180} INFO - Setting next_dagrun for example_xcom_args_with_operators to None, run_after=None
[2024-10-18T23:52:13.268+0000] {processor.py:208} INFO - Processing /home/airflow/.local/lib/python3.12/site-packages/airflow/example_dags/example_xcomargs.py took 0.139 seconds
[2024-10-18T23:52:44.680+0000] {processor.py:186} INFO - Started process (PID=2449) to work on /home/airflow/.local/lib/python3.12/site-packages/airflow/example_dags/example_xcomargs.py
[2024-10-18T23:52:44.682+0000] {processor.py:914} INFO - Processing file /home/airflow/.local/lib/python3.12/site-packages/airflow/example_dags/example_xcomargs.py for tasks to queue
[2024-10-18T23:52:44.687+0000] {logging_mixin.py:190} INFO - [2024-10-18T23:52:44.686+0000] {dagbag.py:588} INFO - Filling up the DagBag from /home/airflow/.local/lib/python3.12/site-packages/airflow/example_dags/example_xcomargs.py
[2024-10-18T23:52:44.708+0000] {processor.py:925} INFO - DAG(s) 'example_xcom_args_with_operators', 'example_xcom_args' retrieved from /home/airflow/.local/lib/python3.12/site-packages/airflow/example_dags/example_xcomargs.py
[2024-10-18T23:52:44.767+0000] {logging_mixin.py:190} INFO - [2024-10-18T23:52:44.766+0000] {dag.py:3239} INFO - Sync 2 DAGs
[2024-10-18T23:52:44.801+0000] {logging_mixin.py:190} INFO - [2024-10-18T23:52:44.801+0000] {dag.py:4180} INFO - Setting next_dagrun for example_xcom_args to None, run_after=None
[2024-10-18T23:52:44.810+0000] {logging_mixin.py:190} INFO - [2024-10-18T23:52:44.808+0000] {dag.py:4180} INFO - Setting next_dagrun for example_xcom_args_with_operators to None, run_after=None
[2024-10-18T23:52:44.853+0000] {processor.py:208} INFO - Processing /home/airflow/.local/lib/python3.12/site-packages/airflow/example_dags/example_xcomargs.py took 0.185 seconds
[2024-10-18T23:53:18.621+0000] {processor.py:186} INFO - Started process (PID=2511) to work on /home/airflow/.local/lib/python3.12/site-packages/airflow/example_dags/example_xcomargs.py
[2024-10-18T23:53:18.624+0000] {processor.py:914} INFO - Processing file /home/airflow/.local/lib/python3.12/site-packages/airflow/example_dags/example_xcomargs.py for tasks to queue
[2024-10-18T23:53:18.633+0000] {logging_mixin.py:190} INFO - [2024-10-18T23:53:18.632+0000] {dagbag.py:588} INFO - Filling up the DagBag from /home/airflow/.local/lib/python3.12/site-packages/airflow/example_dags/example_xcomargs.py
[2024-10-18T23:53:18.668+0000] {processor.py:925} INFO - DAG(s) 'example_xcom_args_with_operators', 'example_xcom_args' retrieved from /home/airflow/.local/lib/python3.12/site-packages/airflow/example_dags/example_xcomargs.py
[2024-10-18T23:53:18.749+0000] {logging_mixin.py:190} INFO - [2024-10-18T23:53:18.749+0000] {dag.py:3239} INFO - Sync 2 DAGs
[2024-10-18T23:53:18.803+0000] {logging_mixin.py:190} INFO - [2024-10-18T23:53:18.803+0000] {dag.py:4180} INFO - Setting next_dagrun for example_xcom_args to None, run_after=None
[2024-10-18T23:53:18.815+0000] {logging_mixin.py:190} INFO - [2024-10-18T23:53:18.814+0000] {dag.py:4180} INFO - Setting next_dagrun for example_xcom_args_with_operators to None, run_after=None
[2024-10-18T23:53:18.861+0000] {processor.py:208} INFO - Processing /home/airflow/.local/lib/python3.12/site-packages/airflow/example_dags/example_xcomargs.py took 0.258 seconds
[2024-10-18T23:53:49.450+0000] {processor.py:186} INFO - Started process (PID=2574) to work on /home/airflow/.local/lib/python3.12/site-packages/airflow/example_dags/example_xcomargs.py
[2024-10-18T23:53:49.452+0000] {processor.py:914} INFO - Processing file /home/airflow/.local/lib/python3.12/site-packages/airflow/example_dags/example_xcomargs.py for tasks to queue
[2024-10-18T23:53:49.456+0000] {logging_mixin.py:190} INFO - [2024-10-18T23:53:49.455+0000] {dagbag.py:588} INFO - Filling up the DagBag from /home/airflow/.local/lib/python3.12/site-packages/airflow/example_dags/example_xcomargs.py
[2024-10-18T23:53:49.469+0000] {processor.py:925} INFO - DAG(s) 'example_xcom_args_with_operators', 'example_xcom_args' retrieved from /home/airflow/.local/lib/python3.12/site-packages/airflow/example_dags/example_xcomargs.py
[2024-10-18T23:53:49.503+0000] {logging_mixin.py:190} INFO - [2024-10-18T23:53:49.502+0000] {dag.py:3239} INFO - Sync 2 DAGs
[2024-10-18T23:53:49.521+0000] {logging_mixin.py:190} INFO - [2024-10-18T23:53:49.521+0000] {dag.py:4180} INFO - Setting next_dagrun for example_xcom_args to None, run_after=None
[2024-10-18T23:53:49.527+0000] {logging_mixin.py:190} INFO - [2024-10-18T23:53:49.527+0000] {dag.py:4180} INFO - Setting next_dagrun for example_xcom_args_with_operators to None, run_after=None
[2024-10-18T23:53:49.553+0000] {processor.py:208} INFO - Processing /home/airflow/.local/lib/python3.12/site-packages/airflow/example_dags/example_xcomargs.py took 0.109 seconds
[2024-10-18T23:54:21.327+0000] {processor.py:186} INFO - Started process (PID=2639) to work on /home/airflow/.local/lib/python3.12/site-packages/airflow/example_dags/example_xcomargs.py
[2024-10-18T23:54:21.338+0000] {processor.py:914} INFO - Processing file /home/airflow/.local/lib/python3.12/site-packages/airflow/example_dags/example_xcomargs.py for tasks to queue
[2024-10-18T23:54:21.345+0000] {logging_mixin.py:190} INFO - [2024-10-18T23:54:21.344+0000] {dagbag.py:588} INFO - Filling up the DagBag from /home/airflow/.local/lib/python3.12/site-packages/airflow/example_dags/example_xcomargs.py
[2024-10-18T23:54:21.378+0000] {processor.py:925} INFO - DAG(s) 'example_xcom_args_with_operators', 'example_xcom_args' retrieved from /home/airflow/.local/lib/python3.12/site-packages/airflow/example_dags/example_xcomargs.py
[2024-10-18T23:54:21.441+0000] {logging_mixin.py:190} INFO - [2024-10-18T23:54:21.440+0000] {dag.py:3239} INFO - Sync 2 DAGs
[2024-10-18T23:54:21.486+0000] {logging_mixin.py:190} INFO - [2024-10-18T23:54:21.486+0000] {dag.py:4180} INFO - Setting next_dagrun for example_xcom_args to None, run_after=None
[2024-10-18T23:54:21.499+0000] {logging_mixin.py:190} INFO - [2024-10-18T23:54:21.498+0000] {dag.py:4180} INFO - Setting next_dagrun for example_xcom_args_with_operators to None, run_after=None
[2024-10-18T23:54:21.545+0000] {processor.py:208} INFO - Processing /home/airflow/.local/lib/python3.12/site-packages/airflow/example_dags/example_xcomargs.py took 0.242 seconds
[2024-10-18T23:54:52.345+0000] {processor.py:186} INFO - Started process (PID=2703) to work on /home/airflow/.local/lib/python3.12/site-packages/airflow/example_dags/example_xcomargs.py
[2024-10-18T23:54:52.347+0000] {processor.py:914} INFO - Processing file /home/airflow/.local/lib/python3.12/site-packages/airflow/example_dags/example_xcomargs.py for tasks to queue
[2024-10-18T23:54:52.354+0000] {logging_mixin.py:190} INFO - [2024-10-18T23:54:52.353+0000] {dagbag.py:588} INFO - Filling up the DagBag from /home/airflow/.local/lib/python3.12/site-packages/airflow/example_dags/example_xcomargs.py
[2024-10-18T23:54:52.381+0000] {processor.py:925} INFO - DAG(s) 'example_xcom_args_with_operators', 'example_xcom_args' retrieved from /home/airflow/.local/lib/python3.12/site-packages/airflow/example_dags/example_xcomargs.py
[2024-10-18T23:54:52.435+0000] {logging_mixin.py:190} INFO - [2024-10-18T23:54:52.435+0000] {dag.py:3239} INFO - Sync 2 DAGs
[2024-10-18T23:54:52.469+0000] {logging_mixin.py:190} INFO - [2024-10-18T23:54:52.468+0000] {dag.py:4180} INFO - Setting next_dagrun for example_xcom_args to None, run_after=None
[2024-10-18T23:54:52.476+0000] {logging_mixin.py:190} INFO - [2024-10-18T23:54:52.476+0000] {dag.py:4180} INFO - Setting next_dagrun for example_xcom_args_with_operators to None, run_after=None
[2024-10-18T23:54:52.511+0000] {processor.py:208} INFO - Processing /home/airflow/.local/lib/python3.12/site-packages/airflow/example_dags/example_xcomargs.py took 0.180 seconds
[2024-10-18T23:56:57.827+0000] {processor.py:186} INFO - Started process (PID=2800) to work on /home/airflow/.local/lib/python3.12/site-packages/airflow/example_dags/example_xcomargs.py
[2024-10-18T23:56:57.830+0000] {processor.py:914} INFO - Processing file /home/airflow/.local/lib/python3.12/site-packages/airflow/example_dags/example_xcomargs.py for tasks to queue
[2024-10-18T23:56:57.836+0000] {logging_mixin.py:190} INFO - [2024-10-18T23:56:57.835+0000] {dagbag.py:588} INFO - Filling up the DagBag from /home/airflow/.local/lib/python3.12/site-packages/airflow/example_dags/example_xcomargs.py
[2024-10-18T23:56:57.865+0000] {processor.py:925} INFO - DAG(s) 'example_xcom_args_with_operators', 'example_xcom_args' retrieved from /home/airflow/.local/lib/python3.12/site-packages/airflow/example_dags/example_xcomargs.py
[2024-10-18T23:56:57.923+0000] {logging_mixin.py:190} INFO - [2024-10-18T23:56:57.923+0000] {dag.py:3239} INFO - Sync 2 DAGs
[2024-10-18T23:56:57.963+0000] {logging_mixin.py:190} INFO - [2024-10-18T23:56:57.962+0000] {dag.py:4180} INFO - Setting next_dagrun for example_xcom_args to None, run_after=None
[2024-10-18T23:56:57.972+0000] {logging_mixin.py:190} INFO - [2024-10-18T23:56:57.972+0000] {dag.py:4180} INFO - Setting next_dagrun for example_xcom_args_with_operators to None, run_after=None
[2024-10-18T23:56:58.009+0000] {processor.py:208} INFO - Processing /home/airflow/.local/lib/python3.12/site-packages/airflow/example_dags/example_xcomargs.py took 0.201 seconds
[2024-10-18T23:57:29.168+0000] {processor.py:186} INFO - Started process (PID=2863) to work on /home/airflow/.local/lib/python3.12/site-packages/airflow/example_dags/example_xcomargs.py
[2024-10-18T23:57:29.171+0000] {processor.py:914} INFO - Processing file /home/airflow/.local/lib/python3.12/site-packages/airflow/example_dags/example_xcomargs.py for tasks to queue
[2024-10-18T23:57:29.175+0000] {logging_mixin.py:190} INFO - [2024-10-18T23:57:29.174+0000] {dagbag.py:588} INFO - Filling up the DagBag from /home/airflow/.local/lib/python3.12/site-packages/airflow/example_dags/example_xcomargs.py
[2024-10-18T23:57:29.192+0000] {processor.py:925} INFO - DAG(s) 'example_xcom_args_with_operators', 'example_xcom_args' retrieved from /home/airflow/.local/lib/python3.12/site-packages/airflow/example_dags/example_xcomargs.py
[2024-10-18T23:57:29.225+0000] {logging_mixin.py:190} INFO - [2024-10-18T23:57:29.225+0000] {dag.py:3239} INFO - Sync 2 DAGs
[2024-10-18T23:57:29.479+0000] {logging_mixin.py:190} INFO - [2024-10-18T23:57:29.479+0000] {dag.py:4180} INFO - Setting next_dagrun for example_xcom_args to None, run_after=None
[2024-10-18T23:57:29.485+0000] {logging_mixin.py:190} INFO - [2024-10-18T23:57:29.484+0000] {dag.py:4180} INFO - Setting next_dagrun for example_xcom_args_with_operators to None, run_after=None
[2024-10-18T23:57:29.509+0000] {processor.py:208} INFO - Processing /home/airflow/.local/lib/python3.12/site-packages/airflow/example_dags/example_xcomargs.py took 0.348 seconds
[2024-10-18T23:58:00.355+0000] {processor.py:186} INFO - Started process (PID=2925) to work on /home/airflow/.local/lib/python3.12/site-packages/airflow/example_dags/example_xcomargs.py
[2024-10-18T23:58:00.356+0000] {processor.py:914} INFO - Processing file /home/airflow/.local/lib/python3.12/site-packages/airflow/example_dags/example_xcomargs.py for tasks to queue
[2024-10-18T23:58:00.360+0000] {logging_mixin.py:190} INFO - [2024-10-18T23:58:00.360+0000] {dagbag.py:588} INFO - Filling up the DagBag from /home/airflow/.local/lib/python3.12/site-packages/airflow/example_dags/example_xcomargs.py
[2024-10-18T23:58:00.380+0000] {processor.py:925} INFO - DAG(s) 'example_xcom_args', 'example_xcom_args_with_operators' retrieved from /home/airflow/.local/lib/python3.12/site-packages/airflow/example_dags/example_xcomargs.py
[2024-10-18T23:58:00.419+0000] {logging_mixin.py:190} INFO - [2024-10-18T23:58:00.419+0000] {dag.py:3239} INFO - Sync 2 DAGs
[2024-10-18T23:58:00.688+0000] {logging_mixin.py:190} INFO - [2024-10-18T23:58:00.688+0000] {dag.py:4180} INFO - Setting next_dagrun for example_xcom_args to None, run_after=None
[2024-10-18T23:58:00.694+0000] {logging_mixin.py:190} INFO - [2024-10-18T23:58:00.693+0000] {dag.py:4180} INFO - Setting next_dagrun for example_xcom_args_with_operators to None, run_after=None
[2024-10-18T23:58:00.724+0000] {processor.py:208} INFO - Processing /home/airflow/.local/lib/python3.12/site-packages/airflow/example_dags/example_xcomargs.py took 0.379 seconds
[2024-10-18T23:58:31.427+0000] {processor.py:186} INFO - Started process (PID=2987) to work on /home/airflow/.local/lib/python3.12/site-packages/airflow/example_dags/example_xcomargs.py
[2024-10-18T23:58:31.428+0000] {processor.py:914} INFO - Processing file /home/airflow/.local/lib/python3.12/site-packages/airflow/example_dags/example_xcomargs.py for tasks to queue
[2024-10-18T23:58:31.431+0000] {logging_mixin.py:190} INFO - [2024-10-18T23:58:31.430+0000] {dagbag.py:588} INFO - Filling up the DagBag from /home/airflow/.local/lib/python3.12/site-packages/airflow/example_dags/example_xcomargs.py
[2024-10-18T23:58:31.442+0000] {processor.py:925} INFO - DAG(s) 'example_xcom_args', 'example_xcom_args_with_operators' retrieved from /home/airflow/.local/lib/python3.12/site-packages/airflow/example_dags/example_xcomargs.py
[2024-10-18T23:58:31.471+0000] {logging_mixin.py:190} INFO - [2024-10-18T23:58:31.470+0000] {dag.py:3239} INFO - Sync 2 DAGs
[2024-10-18T23:58:31.489+0000] {logging_mixin.py:190} INFO - [2024-10-18T23:58:31.489+0000] {dag.py:4180} INFO - Setting next_dagrun for example_xcom_args to None, run_after=None
[2024-10-18T23:58:31.495+0000] {logging_mixin.py:190} INFO - [2024-10-18T23:58:31.494+0000] {dag.py:4180} INFO - Setting next_dagrun for example_xcom_args_with_operators to None, run_after=None
[2024-10-18T23:58:31.515+0000] {processor.py:208} INFO - Processing /home/airflow/.local/lib/python3.12/site-packages/airflow/example_dags/example_xcomargs.py took 0.095 seconds
[2024-10-18T23:59:01.843+0000] {processor.py:186} INFO - Started process (PID=3049) to work on /home/airflow/.local/lib/python3.12/site-packages/airflow/example_dags/example_xcomargs.py
[2024-10-18T23:59:01.845+0000] {processor.py:914} INFO - Processing file /home/airflow/.local/lib/python3.12/site-packages/airflow/example_dags/example_xcomargs.py for tasks to queue
[2024-10-18T23:59:01.848+0000] {logging_mixin.py:190} INFO - [2024-10-18T23:59:01.848+0000] {dagbag.py:588} INFO - Filling up the DagBag from /home/airflow/.local/lib/python3.12/site-packages/airflow/example_dags/example_xcomargs.py
[2024-10-18T23:59:01.863+0000] {processor.py:925} INFO - DAG(s) 'example_xcom_args', 'example_xcom_args_with_operators' retrieved from /home/airflow/.local/lib/python3.12/site-packages/airflow/example_dags/example_xcomargs.py
[2024-10-18T23:59:01.896+0000] {logging_mixin.py:190} INFO - [2024-10-18T23:59:01.896+0000] {dag.py:3239} INFO - Sync 2 DAGs
[2024-10-18T23:59:01.918+0000] {logging_mixin.py:190} INFO - [2024-10-18T23:59:01.917+0000] {dag.py:4180} INFO - Setting next_dagrun for example_xcom_args to None, run_after=None
[2024-10-18T23:59:01.923+0000] {logging_mixin.py:190} INFO - [2024-10-18T23:59:01.923+0000] {dag.py:4180} INFO - Setting next_dagrun for example_xcom_args_with_operators to None, run_after=None
[2024-10-18T23:59:01.946+0000] {processor.py:208} INFO - Processing /home/airflow/.local/lib/python3.12/site-packages/airflow/example_dags/example_xcomargs.py took 0.111 seconds
[2024-10-18T23:59:32.864+0000] {processor.py:186} INFO - Started process (PID=3110) to work on /home/airflow/.local/lib/python3.12/site-packages/airflow/example_dags/example_xcomargs.py
[2024-10-18T23:59:32.865+0000] {processor.py:914} INFO - Processing file /home/airflow/.local/lib/python3.12/site-packages/airflow/example_dags/example_xcomargs.py for tasks to queue
[2024-10-18T23:59:32.868+0000] {logging_mixin.py:190} INFO - [2024-10-18T23:59:32.867+0000] {dagbag.py:588} INFO - Filling up the DagBag from /home/airflow/.local/lib/python3.12/site-packages/airflow/example_dags/example_xcomargs.py
[2024-10-18T23:59:33.047+0000] {processor.py:925} INFO - DAG(s) 'example_xcom_args_with_operators', 'example_xcom_args' retrieved from /home/airflow/.local/lib/python3.12/site-packages/airflow/example_dags/example_xcomargs.py
[2024-10-18T23:59:33.067+0000] {logging_mixin.py:190} INFO - [2024-10-18T23:59:33.067+0000] {dag.py:3239} INFO - Sync 2 DAGs
[2024-10-18T23:59:33.078+0000] {logging_mixin.py:190} INFO - [2024-10-18T23:59:33.078+0000] {dag.py:4180} INFO - Setting next_dagrun for example_xcom_args to None, run_after=None
[2024-10-18T23:59:33.082+0000] {logging_mixin.py:190} INFO - [2024-10-18T23:59:33.082+0000] {dag.py:4180} INFO - Setting next_dagrun for example_xcom_args_with_operators to None, run_after=None
[2024-10-18T23:59:33.099+0000] {processor.py:208} INFO - Processing /home/airflow/.local/lib/python3.12/site-packages/airflow/example_dags/example_xcomargs.py took 0.241 seconds
