[2024-10-18T23:32:55.757+0000] {processor.py:186} INFO - Started process (PID=82) to work on /home/airflow/.local/lib/python3.12/site-packages/airflow/example_dags/example_branch_python_dop_operator_3.py
[2024-10-18T23:32:55.764+0000] {processor.py:914} INFO - Processing file /home/airflow/.local/lib/python3.12/site-packages/airflow/example_dags/example_branch_python_dop_operator_3.py for tasks to queue
[2024-10-18T23:32:55.776+0000] {logging_mixin.py:190} INFO - [2024-10-18T23:32:55.775+0000] {dagbag.py:588} INFO - Filling up the DagBag from /home/airflow/.local/lib/python3.12/site-packages/airflow/example_dags/example_branch_python_dop_operator_3.py
[2024-10-18T23:32:55.986+0000] {processor.py:925} INFO - DAG(s) 'example_branch_dop_operator_v3' retrieved from /home/airflow/.local/lib/python3.12/site-packages/airflow/example_dags/example_branch_python_dop_operator_3.py
[2024-10-18T23:32:56.893+0000] {logging_mixin.py:190} INFO - [2024-10-18T23:32:56.892+0000] {override.py:1900} INFO - Created Permission View: can read on DAG:example_branch_dop_operator_v3
[2024-10-18T23:32:56.923+0000] {logging_mixin.py:190} INFO - [2024-10-18T23:32:56.922+0000] {override.py:1900} INFO - Created Permission View: can edit on DAG:example_branch_dop_operator_v3
[2024-10-18T23:32:56.946+0000] {logging_mixin.py:190} INFO - [2024-10-18T23:32:56.944+0000] {override.py:1900} INFO - Created Permission View: can delete on DAG:example_branch_dop_operator_v3
[2024-10-18T23:32:57.030+0000] {logging_mixin.py:190} INFO - [2024-10-18T23:32:57.029+0000] {override.py:1900} INFO - Created Permission View: can read on DAG Run:example_branch_dop_operator_v3
[2024-10-18T23:32:57.204+0000] {logging_mixin.py:190} INFO - [2024-10-18T23:32:57.204+0000] {override.py:1900} INFO - Created Permission View: can create on DAG Run:example_branch_dop_operator_v3
[2024-10-18T23:32:57.401+0000] {logging_mixin.py:190} INFO - [2024-10-18T23:32:57.400+0000] {override.py:1900} INFO - Created Permission View: menu access on DAG Run:example_branch_dop_operator_v3
[2024-10-18T23:32:57.430+0000] {logging_mixin.py:190} INFO - [2024-10-18T23:32:57.429+0000] {override.py:1900} INFO - Created Permission View: can delete on DAG Run:example_branch_dop_operator_v3
[2024-10-18T23:32:57.431+0000] {logging_mixin.py:190} INFO - [2024-10-18T23:32:57.431+0000] {dag.py:3239} INFO - Sync 1 DAGs
[2024-10-18T23:32:57.487+0000] {logging_mixin.py:190} INFO - [2024-10-18T23:32:57.486+0000] {dag.py:3262} INFO - Creating ORM DAG for example_branch_dop_operator_v3
[2024-10-18T23:32:58.018+0000] {logging_mixin.py:190} INFO - [2024-10-18T23:32:58.017+0000] {dag.py:4180} INFO - Setting next_dagrun for example_branch_dop_operator_v3 to 2024-10-18 23:31:00+00:00, run_after=2024-10-18 23:32:00+00:00
[2024-10-18T23:32:58.124+0000] {processor.py:208} INFO - Processing /home/airflow/.local/lib/python3.12/site-packages/airflow/example_dags/example_branch_python_dop_operator_3.py took 2.465 seconds
[2024-10-18T23:33:33.721+0000] {processor.py:186} INFO - Started process (PID=144) to work on /home/airflow/.local/lib/python3.12/site-packages/airflow/example_dags/example_branch_python_dop_operator_3.py
[2024-10-18T23:33:33.723+0000] {processor.py:914} INFO - Processing file /home/airflow/.local/lib/python3.12/site-packages/airflow/example_dags/example_branch_python_dop_operator_3.py for tasks to queue
[2024-10-18T23:33:33.730+0000] {logging_mixin.py:190} INFO - [2024-10-18T23:33:33.729+0000] {dagbag.py:588} INFO - Filling up the DagBag from /home/airflow/.local/lib/python3.12/site-packages/airflow/example_dags/example_branch_python_dop_operator_3.py
[2024-10-18T23:33:33.759+0000] {processor.py:925} INFO - DAG(s) 'example_branch_dop_operator_v3' retrieved from /home/airflow/.local/lib/python3.12/site-packages/airflow/example_dags/example_branch_python_dop_operator_3.py
[2024-10-18T23:33:33.838+0000] {logging_mixin.py:190} INFO - [2024-10-18T23:33:33.837+0000] {dag.py:3239} INFO - Sync 1 DAGs
[2024-10-18T23:33:33.938+0000] {logging_mixin.py:190} INFO - [2024-10-18T23:33:33.938+0000] {dag.py:4180} INFO - Setting next_dagrun for example_branch_dop_operator_v3 to 2024-10-18 23:32:00+00:00, run_after=2024-10-18 23:33:00+00:00
[2024-10-18T23:33:33.999+0000] {processor.py:208} INFO - Processing /home/airflow/.local/lib/python3.12/site-packages/airflow/example_dags/example_branch_python_dop_operator_3.py took 0.296 seconds
[2024-10-18T23:34:04.115+0000] {processor.py:186} INFO - Started process (PID=206) to work on /home/airflow/.local/lib/python3.12/site-packages/airflow/example_dags/example_branch_python_dop_operator_3.py
[2024-10-18T23:34:04.116+0000] {processor.py:914} INFO - Processing file /home/airflow/.local/lib/python3.12/site-packages/airflow/example_dags/example_branch_python_dop_operator_3.py for tasks to queue
[2024-10-18T23:34:04.120+0000] {logging_mixin.py:190} INFO - [2024-10-18T23:34:04.119+0000] {dagbag.py:588} INFO - Filling up the DagBag from /home/airflow/.local/lib/python3.12/site-packages/airflow/example_dags/example_branch_python_dop_operator_3.py
[2024-10-18T23:34:04.136+0000] {processor.py:925} INFO - DAG(s) 'example_branch_dop_operator_v3' retrieved from /home/airflow/.local/lib/python3.12/site-packages/airflow/example_dags/example_branch_python_dop_operator_3.py
[2024-10-18T23:34:04.167+0000] {logging_mixin.py:190} INFO - [2024-10-18T23:34:04.166+0000] {dag.py:3239} INFO - Sync 1 DAGs
[2024-10-18T23:34:04.211+0000] {logging_mixin.py:190} INFO - [2024-10-18T23:34:04.210+0000] {dag.py:4180} INFO - Setting next_dagrun for example_branch_dop_operator_v3 to 2024-10-18 23:33:00+00:00, run_after=2024-10-18 23:34:00+00:00
[2024-10-18T23:34:04.239+0000] {processor.py:208} INFO - Processing /home/airflow/.local/lib/python3.12/site-packages/airflow/example_dags/example_branch_python_dop_operator_3.py took 0.134 seconds
[2024-10-18T23:34:34.445+0000] {processor.py:186} INFO - Started process (PID=268) to work on /home/airflow/.local/lib/python3.12/site-packages/airflow/example_dags/example_branch_python_dop_operator_3.py
[2024-10-18T23:34:34.446+0000] {processor.py:914} INFO - Processing file /home/airflow/.local/lib/python3.12/site-packages/airflow/example_dags/example_branch_python_dop_operator_3.py for tasks to queue
[2024-10-18T23:34:34.449+0000] {logging_mixin.py:190} INFO - [2024-10-18T23:34:34.449+0000] {dagbag.py:588} INFO - Filling up the DagBag from /home/airflow/.local/lib/python3.12/site-packages/airflow/example_dags/example_branch_python_dop_operator_3.py
[2024-10-18T23:34:34.458+0000] {processor.py:925} INFO - DAG(s) 'example_branch_dop_operator_v3' retrieved from /home/airflow/.local/lib/python3.12/site-packages/airflow/example_dags/example_branch_python_dop_operator_3.py
[2024-10-18T23:34:34.478+0000] {logging_mixin.py:190} INFO - [2024-10-18T23:34:34.477+0000] {dag.py:3239} INFO - Sync 1 DAGs
[2024-10-18T23:34:34.500+0000] {logging_mixin.py:190} INFO - [2024-10-18T23:34:34.500+0000] {dag.py:4180} INFO - Setting next_dagrun for example_branch_dop_operator_v3 to 2024-10-18 23:33:00+00:00, run_after=2024-10-18 23:34:00+00:00
[2024-10-18T23:34:34.521+0000] {processor.py:208} INFO - Processing /home/airflow/.local/lib/python3.12/site-packages/airflow/example_dags/example_branch_python_dop_operator_3.py took 0.081 seconds
[2024-10-18T23:35:05.282+0000] {processor.py:186} INFO - Started process (PID=330) to work on /home/airflow/.local/lib/python3.12/site-packages/airflow/example_dags/example_branch_python_dop_operator_3.py
[2024-10-18T23:35:05.284+0000] {processor.py:914} INFO - Processing file /home/airflow/.local/lib/python3.12/site-packages/airflow/example_dags/example_branch_python_dop_operator_3.py for tasks to queue
[2024-10-18T23:35:05.290+0000] {logging_mixin.py:190} INFO - [2024-10-18T23:35:05.290+0000] {dagbag.py:588} INFO - Filling up the DagBag from /home/airflow/.local/lib/python3.12/site-packages/airflow/example_dags/example_branch_python_dop_operator_3.py
[2024-10-18T23:35:05.307+0000] {processor.py:925} INFO - DAG(s) 'example_branch_dop_operator_v3' retrieved from /home/airflow/.local/lib/python3.12/site-packages/airflow/example_dags/example_branch_python_dop_operator_3.py
[2024-10-18T23:35:05.343+0000] {logging_mixin.py:190} INFO - [2024-10-18T23:35:05.343+0000] {dag.py:3239} INFO - Sync 1 DAGs
[2024-10-18T23:35:05.385+0000] {logging_mixin.py:190} INFO - [2024-10-18T23:35:05.385+0000] {dag.py:4180} INFO - Setting next_dagrun for example_branch_dop_operator_v3 to 2024-10-18 23:34:00+00:00, run_after=2024-10-18 23:35:00+00:00
[2024-10-18T23:35:05.419+0000] {processor.py:208} INFO - Processing /home/airflow/.local/lib/python3.12/site-packages/airflow/example_dags/example_branch_python_dop_operator_3.py took 0.149 seconds
[2024-10-18T23:35:35.690+0000] {processor.py:186} INFO - Started process (PID=392) to work on /home/airflow/.local/lib/python3.12/site-packages/airflow/example_dags/example_branch_python_dop_operator_3.py
[2024-10-18T23:35:35.691+0000] {processor.py:914} INFO - Processing file /home/airflow/.local/lib/python3.12/site-packages/airflow/example_dags/example_branch_python_dop_operator_3.py for tasks to queue
[2024-10-18T23:35:35.693+0000] {logging_mixin.py:190} INFO - [2024-10-18T23:35:35.693+0000] {dagbag.py:588} INFO - Filling up the DagBag from /home/airflow/.local/lib/python3.12/site-packages/airflow/example_dags/example_branch_python_dop_operator_3.py
[2024-10-18T23:35:35.704+0000] {processor.py:925} INFO - DAG(s) 'example_branch_dop_operator_v3' retrieved from /home/airflow/.local/lib/python3.12/site-packages/airflow/example_dags/example_branch_python_dop_operator_3.py
[2024-10-18T23:35:35.749+0000] {logging_mixin.py:190} INFO - [2024-10-18T23:35:35.749+0000] {dag.py:3239} INFO - Sync 1 DAGs
[2024-10-18T23:35:35.779+0000] {logging_mixin.py:190} INFO - [2024-10-18T23:35:35.778+0000] {dag.py:4180} INFO - Setting next_dagrun for example_branch_dop_operator_v3 to 2024-10-18 23:34:00+00:00, run_after=2024-10-18 23:35:00+00:00
[2024-10-18T23:35:35.806+0000] {processor.py:208} INFO - Processing /home/airflow/.local/lib/python3.12/site-packages/airflow/example_dags/example_branch_python_dop_operator_3.py took 0.123 seconds
[2024-10-18T23:36:06.654+0000] {processor.py:186} INFO - Started process (PID=454) to work on /home/airflow/.local/lib/python3.12/site-packages/airflow/example_dags/example_branch_python_dop_operator_3.py
[2024-10-18T23:36:06.656+0000] {processor.py:914} INFO - Processing file /home/airflow/.local/lib/python3.12/site-packages/airflow/example_dags/example_branch_python_dop_operator_3.py for tasks to queue
[2024-10-18T23:36:06.661+0000] {logging_mixin.py:190} INFO - [2024-10-18T23:36:06.660+0000] {dagbag.py:588} INFO - Filling up the DagBag from /home/airflow/.local/lib/python3.12/site-packages/airflow/example_dags/example_branch_python_dop_operator_3.py
[2024-10-18T23:36:06.676+0000] {processor.py:925} INFO - DAG(s) 'example_branch_dop_operator_v3' retrieved from /home/airflow/.local/lib/python3.12/site-packages/airflow/example_dags/example_branch_python_dop_operator_3.py
[2024-10-18T23:36:06.726+0000] {logging_mixin.py:190} INFO - [2024-10-18T23:36:06.725+0000] {dag.py:3239} INFO - Sync 1 DAGs
[2024-10-18T23:36:06.774+0000] {logging_mixin.py:190} INFO - [2024-10-18T23:36:06.774+0000] {dag.py:4180} INFO - Setting next_dagrun for example_branch_dop_operator_v3 to 2024-10-18 23:35:00+00:00, run_after=2024-10-18 23:36:00+00:00
[2024-10-18T23:36:06.836+0000] {processor.py:208} INFO - Processing /home/airflow/.local/lib/python3.12/site-packages/airflow/example_dags/example_branch_python_dop_operator_3.py took 0.190 seconds
[2024-10-18T23:36:37.576+0000] {processor.py:186} INFO - Started process (PID=522) to work on /home/airflow/.local/lib/python3.12/site-packages/airflow/example_dags/example_branch_python_dop_operator_3.py
[2024-10-18T23:36:37.577+0000] {processor.py:914} INFO - Processing file /home/airflow/.local/lib/python3.12/site-packages/airflow/example_dags/example_branch_python_dop_operator_3.py for tasks to queue
[2024-10-18T23:36:37.581+0000] {logging_mixin.py:190} INFO - [2024-10-18T23:36:37.580+0000] {dagbag.py:588} INFO - Filling up the DagBag from /home/airflow/.local/lib/python3.12/site-packages/airflow/example_dags/example_branch_python_dop_operator_3.py
[2024-10-18T23:36:37.595+0000] {processor.py:925} INFO - DAG(s) 'example_branch_dop_operator_v3' retrieved from /home/airflow/.local/lib/python3.12/site-packages/airflow/example_dags/example_branch_python_dop_operator_3.py
[2024-10-18T23:36:37.621+0000] {logging_mixin.py:190} INFO - [2024-10-18T23:36:37.620+0000] {dag.py:3239} INFO - Sync 1 DAGs
[2024-10-18T23:36:37.660+0000] {logging_mixin.py:190} INFO - [2024-10-18T23:36:37.660+0000] {dag.py:4180} INFO - Setting next_dagrun for example_branch_dop_operator_v3 to 2024-10-18 23:35:00+00:00, run_after=2024-10-18 23:36:00+00:00
[2024-10-18T23:36:37.688+0000] {processor.py:208} INFO - Processing /home/airflow/.local/lib/python3.12/site-packages/airflow/example_dags/example_branch_python_dop_operator_3.py took 0.120 seconds
[2024-10-18T23:37:08.699+0000] {processor.py:186} INFO - Started process (PID=584) to work on /home/airflow/.local/lib/python3.12/site-packages/airflow/example_dags/example_branch_python_dop_operator_3.py
[2024-10-18T23:37:08.705+0000] {processor.py:914} INFO - Processing file /home/airflow/.local/lib/python3.12/site-packages/airflow/example_dags/example_branch_python_dop_operator_3.py for tasks to queue
[2024-10-18T23:37:08.708+0000] {logging_mixin.py:190} INFO - [2024-10-18T23:37:08.707+0000] {dagbag.py:588} INFO - Filling up the DagBag from /home/airflow/.local/lib/python3.12/site-packages/airflow/example_dags/example_branch_python_dop_operator_3.py
[2024-10-18T23:37:08.716+0000] {processor.py:925} INFO - DAG(s) 'example_branch_dop_operator_v3' retrieved from /home/airflow/.local/lib/python3.12/site-packages/airflow/example_dags/example_branch_python_dop_operator_3.py
[2024-10-18T23:37:08.737+0000] {logging_mixin.py:190} INFO - [2024-10-18T23:37:08.736+0000] {dag.py:3239} INFO - Sync 1 DAGs
[2024-10-18T23:37:08.760+0000] {logging_mixin.py:190} INFO - [2024-10-18T23:37:08.760+0000] {dag.py:4180} INFO - Setting next_dagrun for example_branch_dop_operator_v3 to 2024-10-18 23:36:00+00:00, run_after=2024-10-18 23:37:00+00:00
[2024-10-18T23:37:08.780+0000] {processor.py:208} INFO - Processing /home/airflow/.local/lib/python3.12/site-packages/airflow/example_dags/example_branch_python_dop_operator_3.py took 0.086 seconds
[2024-10-18T23:37:38.935+0000] {processor.py:186} INFO - Started process (PID=646) to work on /home/airflow/.local/lib/python3.12/site-packages/airflow/example_dags/example_branch_python_dop_operator_3.py
[2024-10-18T23:37:38.936+0000] {processor.py:914} INFO - Processing file /home/airflow/.local/lib/python3.12/site-packages/airflow/example_dags/example_branch_python_dop_operator_3.py for tasks to queue
[2024-10-18T23:37:38.939+0000] {logging_mixin.py:190} INFO - [2024-10-18T23:37:38.939+0000] {dagbag.py:588} INFO - Filling up the DagBag from /home/airflow/.local/lib/python3.12/site-packages/airflow/example_dags/example_branch_python_dop_operator_3.py
[2024-10-18T23:37:38.953+0000] {processor.py:925} INFO - DAG(s) 'example_branch_dop_operator_v3' retrieved from /home/airflow/.local/lib/python3.12/site-packages/airflow/example_dags/example_branch_python_dop_operator_3.py
[2024-10-18T23:37:38.982+0000] {logging_mixin.py:190} INFO - [2024-10-18T23:37:38.982+0000] {dag.py:3239} INFO - Sync 1 DAGs
[2024-10-18T23:37:39.018+0000] {logging_mixin.py:190} INFO - [2024-10-18T23:37:39.018+0000] {dag.py:4180} INFO - Setting next_dagrun for example_branch_dop_operator_v3 to 2024-10-18 23:36:00+00:00, run_after=2024-10-18 23:37:00+00:00
[2024-10-18T23:37:39.046+0000] {processor.py:208} INFO - Processing /home/airflow/.local/lib/python3.12/site-packages/airflow/example_dags/example_branch_python_dop_operator_3.py took 0.121 seconds
[2024-10-18T23:38:09.213+0000] {processor.py:186} INFO - Started process (PID=708) to work on /home/airflow/.local/lib/python3.12/site-packages/airflow/example_dags/example_branch_python_dop_operator_3.py
[2024-10-18T23:38:09.214+0000] {processor.py:914} INFO - Processing file /home/airflow/.local/lib/python3.12/site-packages/airflow/example_dags/example_branch_python_dop_operator_3.py for tasks to queue
[2024-10-18T23:38:09.217+0000] {logging_mixin.py:190} INFO - [2024-10-18T23:38:09.216+0000] {dagbag.py:588} INFO - Filling up the DagBag from /home/airflow/.local/lib/python3.12/site-packages/airflow/example_dags/example_branch_python_dop_operator_3.py
[2024-10-18T23:38:09.226+0000] {processor.py:925} INFO - DAG(s) 'example_branch_dop_operator_v3' retrieved from /home/airflow/.local/lib/python3.12/site-packages/airflow/example_dags/example_branch_python_dop_operator_3.py
[2024-10-18T23:38:09.245+0000] {logging_mixin.py:190} INFO - [2024-10-18T23:38:09.245+0000] {dag.py:3239} INFO - Sync 1 DAGs
[2024-10-18T23:38:09.269+0000] {logging_mixin.py:190} INFO - [2024-10-18T23:38:09.268+0000] {dag.py:4180} INFO - Setting next_dagrun for example_branch_dop_operator_v3 to 2024-10-18 23:37:00+00:00, run_after=2024-10-18 23:38:00+00:00
[2024-10-18T23:38:09.289+0000] {processor.py:208} INFO - Processing /home/airflow/.local/lib/python3.12/site-packages/airflow/example_dags/example_branch_python_dop_operator_3.py took 0.082 seconds
[2024-10-18T23:38:39.575+0000] {processor.py:186} INFO - Started process (PID=767) to work on /home/airflow/.local/lib/python3.12/site-packages/airflow/example_dags/example_branch_python_dop_operator_3.py
[2024-10-18T23:38:39.576+0000] {processor.py:914} INFO - Processing file /home/airflow/.local/lib/python3.12/site-packages/airflow/example_dags/example_branch_python_dop_operator_3.py for tasks to queue
[2024-10-18T23:38:39.579+0000] {logging_mixin.py:190} INFO - [2024-10-18T23:38:39.579+0000] {dagbag.py:588} INFO - Filling up the DagBag from /home/airflow/.local/lib/python3.12/site-packages/airflow/example_dags/example_branch_python_dop_operator_3.py
[2024-10-18T23:38:39.602+0000] {processor.py:925} INFO - DAG(s) 'example_branch_dop_operator_v3' retrieved from /home/airflow/.local/lib/python3.12/site-packages/airflow/example_dags/example_branch_python_dop_operator_3.py
[2024-10-18T23:38:39.635+0000] {logging_mixin.py:190} INFO - [2024-10-18T23:38:39.635+0000] {dag.py:3239} INFO - Sync 1 DAGs
[2024-10-18T23:38:39.674+0000] {logging_mixin.py:190} INFO - [2024-10-18T23:38:39.674+0000] {dag.py:4180} INFO - Setting next_dagrun for example_branch_dop_operator_v3 to 2024-10-18 23:37:00+00:00, run_after=2024-10-18 23:38:00+00:00
[2024-10-18T23:38:39.699+0000] {processor.py:208} INFO - Processing /home/airflow/.local/lib/python3.12/site-packages/airflow/example_dags/example_branch_python_dop_operator_3.py took 0.131 seconds
[2024-10-18T23:39:10.392+0000] {processor.py:186} INFO - Started process (PID=828) to work on /home/airflow/.local/lib/python3.12/site-packages/airflow/example_dags/example_branch_python_dop_operator_3.py
[2024-10-18T23:39:10.393+0000] {processor.py:914} INFO - Processing file /home/airflow/.local/lib/python3.12/site-packages/airflow/example_dags/example_branch_python_dop_operator_3.py for tasks to queue
[2024-10-18T23:39:10.396+0000] {logging_mixin.py:190} INFO - [2024-10-18T23:39:10.396+0000] {dagbag.py:588} INFO - Filling up the DagBag from /home/airflow/.local/lib/python3.12/site-packages/airflow/example_dags/example_branch_python_dop_operator_3.py
[2024-10-18T23:39:10.406+0000] {processor.py:925} INFO - DAG(s) 'example_branch_dop_operator_v3' retrieved from /home/airflow/.local/lib/python3.12/site-packages/airflow/example_dags/example_branch_python_dop_operator_3.py
[2024-10-18T23:39:10.428+0000] {logging_mixin.py:190} INFO - [2024-10-18T23:39:10.427+0000] {dag.py:3239} INFO - Sync 1 DAGs
[2024-10-18T23:39:10.453+0000] {logging_mixin.py:190} INFO - [2024-10-18T23:39:10.453+0000] {dag.py:4180} INFO - Setting next_dagrun for example_branch_dop_operator_v3 to 2024-10-18 23:38:00+00:00, run_after=2024-10-18 23:39:00+00:00
[2024-10-18T23:39:10.474+0000] {processor.py:208} INFO - Processing /home/airflow/.local/lib/python3.12/site-packages/airflow/example_dags/example_branch_python_dop_operator_3.py took 0.088 seconds
[2024-10-18T23:39:41.112+0000] {processor.py:186} INFO - Started process (PID=890) to work on /home/airflow/.local/lib/python3.12/site-packages/airflow/example_dags/example_branch_python_dop_operator_3.py
[2024-10-18T23:39:41.113+0000] {processor.py:914} INFO - Processing file /home/airflow/.local/lib/python3.12/site-packages/airflow/example_dags/example_branch_python_dop_operator_3.py for tasks to queue
[2024-10-18T23:39:41.116+0000] {logging_mixin.py:190} INFO - [2024-10-18T23:39:41.115+0000] {dagbag.py:588} INFO - Filling up the DagBag from /home/airflow/.local/lib/python3.12/site-packages/airflow/example_dags/example_branch_python_dop_operator_3.py
[2024-10-18T23:39:41.126+0000] {processor.py:925} INFO - DAG(s) 'example_branch_dop_operator_v3' retrieved from /home/airflow/.local/lib/python3.12/site-packages/airflow/example_dags/example_branch_python_dop_operator_3.py
[2024-10-18T23:39:41.147+0000] {logging_mixin.py:190} INFO - [2024-10-18T23:39:41.147+0000] {dag.py:3239} INFO - Sync 1 DAGs
[2024-10-18T23:39:41.174+0000] {logging_mixin.py:190} INFO - [2024-10-18T23:39:41.174+0000] {dag.py:4180} INFO - Setting next_dagrun for example_branch_dop_operator_v3 to 2024-10-18 23:38:00+00:00, run_after=2024-10-18 23:39:00+00:00
[2024-10-18T23:39:41.197+0000] {processor.py:208} INFO - Processing /home/airflow/.local/lib/python3.12/site-packages/airflow/example_dags/example_branch_python_dop_operator_3.py took 0.091 seconds
[2024-10-18T23:40:11.709+0000] {processor.py:186} INFO - Started process (PID=952) to work on /home/airflow/.local/lib/python3.12/site-packages/airflow/example_dags/example_branch_python_dop_operator_3.py
[2024-10-18T23:40:11.711+0000] {processor.py:914} INFO - Processing file /home/airflow/.local/lib/python3.12/site-packages/airflow/example_dags/example_branch_python_dop_operator_3.py for tasks to queue
[2024-10-18T23:40:11.716+0000] {logging_mixin.py:190} INFO - [2024-10-18T23:40:11.716+0000] {dagbag.py:588} INFO - Filling up the DagBag from /home/airflow/.local/lib/python3.12/site-packages/airflow/example_dags/example_branch_python_dop_operator_3.py
[2024-10-18T23:40:11.737+0000] {processor.py:925} INFO - DAG(s) 'example_branch_dop_operator_v3' retrieved from /home/airflow/.local/lib/python3.12/site-packages/airflow/example_dags/example_branch_python_dop_operator_3.py
[2024-10-18T23:40:11.771+0000] {logging_mixin.py:190} INFO - [2024-10-18T23:40:11.770+0000] {dag.py:3239} INFO - Sync 1 DAGs
[2024-10-18T23:40:11.824+0000] {logging_mixin.py:190} INFO - [2024-10-18T23:40:11.824+0000] {dag.py:4180} INFO - Setting next_dagrun for example_branch_dop_operator_v3 to 2024-10-18 23:39:00+00:00, run_after=2024-10-18 23:40:00+00:00
[2024-10-18T23:40:11.862+0000] {processor.py:208} INFO - Processing /home/airflow/.local/lib/python3.12/site-packages/airflow/example_dags/example_branch_python_dop_operator_3.py took 0.164 seconds
[2024-10-18T23:40:42.248+0000] {processor.py:186} INFO - Started process (PID=1014) to work on /home/airflow/.local/lib/python3.12/site-packages/airflow/example_dags/example_branch_python_dop_operator_3.py
[2024-10-18T23:40:42.250+0000] {processor.py:914} INFO - Processing file /home/airflow/.local/lib/python3.12/site-packages/airflow/example_dags/example_branch_python_dop_operator_3.py for tasks to queue
[2024-10-18T23:40:42.254+0000] {logging_mixin.py:190} INFO - [2024-10-18T23:40:42.254+0000] {dagbag.py:588} INFO - Filling up the DagBag from /home/airflow/.local/lib/python3.12/site-packages/airflow/example_dags/example_branch_python_dop_operator_3.py
[2024-10-18T23:40:42.271+0000] {processor.py:925} INFO - DAG(s) 'example_branch_dop_operator_v3' retrieved from /home/airflow/.local/lib/python3.12/site-packages/airflow/example_dags/example_branch_python_dop_operator_3.py
[2024-10-18T23:40:42.305+0000] {logging_mixin.py:190} INFO - [2024-10-18T23:40:42.304+0000] {dag.py:3239} INFO - Sync 1 DAGs
[2024-10-18T23:40:42.347+0000] {logging_mixin.py:190} INFO - [2024-10-18T23:40:42.346+0000] {dag.py:4180} INFO - Setting next_dagrun for example_branch_dop_operator_v3 to 2024-10-18 23:39:00+00:00, run_after=2024-10-18 23:40:00+00:00
[2024-10-18T23:40:42.376+0000] {processor.py:208} INFO - Processing /home/airflow/.local/lib/python3.12/site-packages/airflow/example_dags/example_branch_python_dop_operator_3.py took 0.138 seconds
[2024-10-18T23:41:12.891+0000] {processor.py:186} INFO - Started process (PID=1076) to work on /home/airflow/.local/lib/python3.12/site-packages/airflow/example_dags/example_branch_python_dop_operator_3.py
[2024-10-18T23:41:12.893+0000] {processor.py:914} INFO - Processing file /home/airflow/.local/lib/python3.12/site-packages/airflow/example_dags/example_branch_python_dop_operator_3.py for tasks to queue
[2024-10-18T23:41:12.897+0000] {logging_mixin.py:190} INFO - [2024-10-18T23:41:12.896+0000] {dagbag.py:588} INFO - Filling up the DagBag from /home/airflow/.local/lib/python3.12/site-packages/airflow/example_dags/example_branch_python_dop_operator_3.py
[2024-10-18T23:41:12.912+0000] {processor.py:925} INFO - DAG(s) 'example_branch_dop_operator_v3' retrieved from /home/airflow/.local/lib/python3.12/site-packages/airflow/example_dags/example_branch_python_dop_operator_3.py
[2024-10-18T23:41:12.940+0000] {logging_mixin.py:190} INFO - [2024-10-18T23:41:12.940+0000] {dag.py:3239} INFO - Sync 1 DAGs
[2024-10-18T23:41:12.985+0000] {logging_mixin.py:190} INFO - [2024-10-18T23:41:12.984+0000] {dag.py:4180} INFO - Setting next_dagrun for example_branch_dop_operator_v3 to 2024-10-18 23:40:00+00:00, run_after=2024-10-18 23:41:00+00:00
[2024-10-18T23:41:13.019+0000] {processor.py:208} INFO - Processing /home/airflow/.local/lib/python3.12/site-packages/airflow/example_dags/example_branch_python_dop_operator_3.py took 0.137 seconds
[2024-10-18T23:41:43.315+0000] {processor.py:186} INFO - Started process (PID=1138) to work on /home/airflow/.local/lib/python3.12/site-packages/airflow/example_dags/example_branch_python_dop_operator_3.py
[2024-10-18T23:41:43.316+0000] {processor.py:914} INFO - Processing file /home/airflow/.local/lib/python3.12/site-packages/airflow/example_dags/example_branch_python_dop_operator_3.py for tasks to queue
[2024-10-18T23:41:43.318+0000] {logging_mixin.py:190} INFO - [2024-10-18T23:41:43.318+0000] {dagbag.py:588} INFO - Filling up the DagBag from /home/airflow/.local/lib/python3.12/site-packages/airflow/example_dags/example_branch_python_dop_operator_3.py
[2024-10-18T23:41:43.328+0000] {processor.py:925} INFO - DAG(s) 'example_branch_dop_operator_v3' retrieved from /home/airflow/.local/lib/python3.12/site-packages/airflow/example_dags/example_branch_python_dop_operator_3.py
[2024-10-18T23:41:43.348+0000] {logging_mixin.py:190} INFO - [2024-10-18T23:41:43.348+0000] {dag.py:3239} INFO - Sync 1 DAGs
[2024-10-18T23:41:43.377+0000] {logging_mixin.py:190} INFO - [2024-10-18T23:41:43.377+0000] {dag.py:4180} INFO - Setting next_dagrun for example_branch_dop_operator_v3 to 2024-10-18 23:40:00+00:00, run_after=2024-10-18 23:41:00+00:00
[2024-10-18T23:41:43.407+0000] {processor.py:208} INFO - Processing /home/airflow/.local/lib/python3.12/site-packages/airflow/example_dags/example_branch_python_dop_operator_3.py took 0.099 seconds
[2024-10-18T23:42:13.728+0000] {processor.py:186} INFO - Started process (PID=1200) to work on /home/airflow/.local/lib/python3.12/site-packages/airflow/example_dags/example_branch_python_dop_operator_3.py
[2024-10-18T23:42:13.730+0000] {processor.py:914} INFO - Processing file /home/airflow/.local/lib/python3.12/site-packages/airflow/example_dags/example_branch_python_dop_operator_3.py for tasks to queue
[2024-10-18T23:42:13.733+0000] {logging_mixin.py:190} INFO - [2024-10-18T23:42:13.732+0000] {dagbag.py:588} INFO - Filling up the DagBag from /home/airflow/.local/lib/python3.12/site-packages/airflow/example_dags/example_branch_python_dop_operator_3.py
[2024-10-18T23:42:13.746+0000] {processor.py:925} INFO - DAG(s) 'example_branch_dop_operator_v3' retrieved from /home/airflow/.local/lib/python3.12/site-packages/airflow/example_dags/example_branch_python_dop_operator_3.py
[2024-10-18T23:42:13.770+0000] {logging_mixin.py:190} INFO - [2024-10-18T23:42:13.770+0000] {dag.py:3239} INFO - Sync 1 DAGs
[2024-10-18T23:42:13.802+0000] {logging_mixin.py:190} INFO - [2024-10-18T23:42:13.802+0000] {dag.py:4180} INFO - Setting next_dagrun for example_branch_dop_operator_v3 to 2024-10-18 23:41:00+00:00, run_after=2024-10-18 23:42:00+00:00
[2024-10-18T23:42:13.825+0000] {processor.py:208} INFO - Processing /home/airflow/.local/lib/python3.12/site-packages/airflow/example_dags/example_branch_python_dop_operator_3.py took 0.106 seconds
[2024-10-18T23:42:44.592+0000] {processor.py:186} INFO - Started process (PID=1255) to work on /home/airflow/.local/lib/python3.12/site-packages/airflow/example_dags/example_branch_python_dop_operator_3.py
[2024-10-18T23:42:44.595+0000] {processor.py:914} INFO - Processing file /home/airflow/.local/lib/python3.12/site-packages/airflow/example_dags/example_branch_python_dop_operator_3.py for tasks to queue
[2024-10-18T23:42:44.599+0000] {logging_mixin.py:190} INFO - [2024-10-18T23:42:44.599+0000] {dagbag.py:588} INFO - Filling up the DagBag from /home/airflow/.local/lib/python3.12/site-packages/airflow/example_dags/example_branch_python_dop_operator_3.py
[2024-10-18T23:42:44.623+0000] {processor.py:925} INFO - DAG(s) 'example_branch_dop_operator_v3' retrieved from /home/airflow/.local/lib/python3.12/site-packages/airflow/example_dags/example_branch_python_dop_operator_3.py
[2024-10-18T23:42:44.684+0000] {logging_mixin.py:190} INFO - [2024-10-18T23:42:44.684+0000] {dag.py:3239} INFO - Sync 1 DAGs
[2024-10-18T23:42:44.736+0000] {logging_mixin.py:190} INFO - [2024-10-18T23:42:44.736+0000] {dag.py:4180} INFO - Setting next_dagrun for example_branch_dop_operator_v3 to 2024-10-18 23:41:00+00:00, run_after=2024-10-18 23:42:00+00:00
[2024-10-18T23:42:44.770+0000] {processor.py:208} INFO - Processing /home/airflow/.local/lib/python3.12/site-packages/airflow/example_dags/example_branch_python_dop_operator_3.py took 0.187 seconds
[2024-10-18T23:43:15.851+0000] {processor.py:186} INFO - Started process (PID=1317) to work on /home/airflow/.local/lib/python3.12/site-packages/airflow/example_dags/example_branch_python_dop_operator_3.py
[2024-10-18T23:43:15.854+0000] {processor.py:914} INFO - Processing file /home/airflow/.local/lib/python3.12/site-packages/airflow/example_dags/example_branch_python_dop_operator_3.py for tasks to queue
[2024-10-18T23:43:15.859+0000] {logging_mixin.py:190} INFO - [2024-10-18T23:43:15.859+0000] {dagbag.py:588} INFO - Filling up the DagBag from /home/airflow/.local/lib/python3.12/site-packages/airflow/example_dags/example_branch_python_dop_operator_3.py
[2024-10-18T23:43:15.886+0000] {processor.py:925} INFO - DAG(s) 'example_branch_dop_operator_v3' retrieved from /home/airflow/.local/lib/python3.12/site-packages/airflow/example_dags/example_branch_python_dop_operator_3.py
[2024-10-18T23:43:15.939+0000] {logging_mixin.py:190} INFO - [2024-10-18T23:43:15.939+0000] {dag.py:3239} INFO - Sync 1 DAGs
[2024-10-18T23:43:16.004+0000] {logging_mixin.py:190} INFO - [2024-10-18T23:43:16.004+0000] {dag.py:4180} INFO - Setting next_dagrun for example_branch_dop_operator_v3 to 2024-10-18 23:42:00+00:00, run_after=2024-10-18 23:43:00+00:00
[2024-10-18T23:43:16.051+0000] {processor.py:208} INFO - Processing /home/airflow/.local/lib/python3.12/site-packages/airflow/example_dags/example_branch_python_dop_operator_3.py took 0.213 seconds
[2024-10-18T23:43:46.895+0000] {processor.py:186} INFO - Started process (PID=1379) to work on /home/airflow/.local/lib/python3.12/site-packages/airflow/example_dags/example_branch_python_dop_operator_3.py
[2024-10-18T23:43:46.898+0000] {processor.py:914} INFO - Processing file /home/airflow/.local/lib/python3.12/site-packages/airflow/example_dags/example_branch_python_dop_operator_3.py for tasks to queue
[2024-10-18T23:43:46.900+0000] {logging_mixin.py:190} INFO - [2024-10-18T23:43:46.900+0000] {dagbag.py:588} INFO - Filling up the DagBag from /home/airflow/.local/lib/python3.12/site-packages/airflow/example_dags/example_branch_python_dop_operator_3.py
[2024-10-18T23:43:46.911+0000] {processor.py:925} INFO - DAG(s) 'example_branch_dop_operator_v3' retrieved from /home/airflow/.local/lib/python3.12/site-packages/airflow/example_dags/example_branch_python_dop_operator_3.py
[2024-10-18T23:43:46.931+0000] {logging_mixin.py:190} INFO - [2024-10-18T23:43:46.930+0000] {dag.py:3239} INFO - Sync 1 DAGs
[2024-10-18T23:43:46.956+0000] {logging_mixin.py:190} INFO - [2024-10-18T23:43:46.955+0000] {dag.py:4180} INFO - Setting next_dagrun for example_branch_dop_operator_v3 to 2024-10-18 23:42:00+00:00, run_after=2024-10-18 23:43:00+00:00
[2024-10-18T23:43:46.976+0000] {processor.py:208} INFO - Processing /home/airflow/.local/lib/python3.12/site-packages/airflow/example_dags/example_branch_python_dop_operator_3.py took 0.088 seconds
[2024-10-18T23:44:17.217+0000] {processor.py:186} INFO - Started process (PID=1441) to work on /home/airflow/.local/lib/python3.12/site-packages/airflow/example_dags/example_branch_python_dop_operator_3.py
[2024-10-18T23:44:17.218+0000] {processor.py:914} INFO - Processing file /home/airflow/.local/lib/python3.12/site-packages/airflow/example_dags/example_branch_python_dop_operator_3.py for tasks to queue
[2024-10-18T23:44:17.220+0000] {logging_mixin.py:190} INFO - [2024-10-18T23:44:17.220+0000] {dagbag.py:588} INFO - Filling up the DagBag from /home/airflow/.local/lib/python3.12/site-packages/airflow/example_dags/example_branch_python_dop_operator_3.py
[2024-10-18T23:44:17.230+0000] {processor.py:925} INFO - DAG(s) 'example_branch_dop_operator_v3' retrieved from /home/airflow/.local/lib/python3.12/site-packages/airflow/example_dags/example_branch_python_dop_operator_3.py
[2024-10-18T23:44:17.249+0000] {logging_mixin.py:190} INFO - [2024-10-18T23:44:17.249+0000] {dag.py:3239} INFO - Sync 1 DAGs
[2024-10-18T23:44:17.273+0000] {logging_mixin.py:190} INFO - [2024-10-18T23:44:17.273+0000] {dag.py:4180} INFO - Setting next_dagrun for example_branch_dop_operator_v3 to 2024-10-18 23:43:00+00:00, run_after=2024-10-18 23:44:00+00:00
[2024-10-18T23:44:17.292+0000] {processor.py:208} INFO - Processing /home/airflow/.local/lib/python3.12/site-packages/airflow/example_dags/example_branch_python_dop_operator_3.py took 0.081 seconds
[2024-10-18T23:44:47.865+0000] {processor.py:186} INFO - Started process (PID=1503) to work on /home/airflow/.local/lib/python3.12/site-packages/airflow/example_dags/example_branch_python_dop_operator_3.py
[2024-10-18T23:44:47.866+0000] {processor.py:914} INFO - Processing file /home/airflow/.local/lib/python3.12/site-packages/airflow/example_dags/example_branch_python_dop_operator_3.py for tasks to queue
[2024-10-18T23:44:47.869+0000] {logging_mixin.py:190} INFO - [2024-10-18T23:44:47.869+0000] {dagbag.py:588} INFO - Filling up the DagBag from /home/airflow/.local/lib/python3.12/site-packages/airflow/example_dags/example_branch_python_dop_operator_3.py
[2024-10-18T23:44:47.878+0000] {processor.py:925} INFO - DAG(s) 'example_branch_dop_operator_v3' retrieved from /home/airflow/.local/lib/python3.12/site-packages/airflow/example_dags/example_branch_python_dop_operator_3.py
[2024-10-18T23:44:47.897+0000] {logging_mixin.py:190} INFO - [2024-10-18T23:44:47.897+0000] {dag.py:3239} INFO - Sync 1 DAGs
[2024-10-18T23:44:47.920+0000] {logging_mixin.py:190} INFO - [2024-10-18T23:44:47.920+0000] {dag.py:4180} INFO - Setting next_dagrun for example_branch_dop_operator_v3 to 2024-10-18 23:43:00+00:00, run_after=2024-10-18 23:44:00+00:00
[2024-10-18T23:44:47.940+0000] {processor.py:208} INFO - Processing /home/airflow/.local/lib/python3.12/site-packages/airflow/example_dags/example_branch_python_dop_operator_3.py took 0.080 seconds
[2024-10-18T23:45:18.406+0000] {processor.py:186} INFO - Started process (PID=1565) to work on /home/airflow/.local/lib/python3.12/site-packages/airflow/example_dags/example_branch_python_dop_operator_3.py
[2024-10-18T23:45:18.407+0000] {processor.py:914} INFO - Processing file /home/airflow/.local/lib/python3.12/site-packages/airflow/example_dags/example_branch_python_dop_operator_3.py for tasks to queue
[2024-10-18T23:45:18.409+0000] {logging_mixin.py:190} INFO - [2024-10-18T23:45:18.409+0000] {dagbag.py:588} INFO - Filling up the DagBag from /home/airflow/.local/lib/python3.12/site-packages/airflow/example_dags/example_branch_python_dop_operator_3.py
[2024-10-18T23:45:18.418+0000] {processor.py:925} INFO - DAG(s) 'example_branch_dop_operator_v3' retrieved from /home/airflow/.local/lib/python3.12/site-packages/airflow/example_dags/example_branch_python_dop_operator_3.py
[2024-10-18T23:45:18.437+0000] {logging_mixin.py:190} INFO - [2024-10-18T23:45:18.437+0000] {dag.py:3239} INFO - Sync 1 DAGs
[2024-10-18T23:45:18.464+0000] {logging_mixin.py:190} INFO - [2024-10-18T23:45:18.463+0000] {dag.py:4180} INFO - Setting next_dagrun for example_branch_dop_operator_v3 to 2024-10-18 23:44:00+00:00, run_after=2024-10-18 23:45:00+00:00
[2024-10-18T23:45:18.485+0000] {processor.py:208} INFO - Processing /home/airflow/.local/lib/python3.12/site-packages/airflow/example_dags/example_branch_python_dop_operator_3.py took 0.084 seconds
[2024-10-18T23:45:49.090+0000] {processor.py:186} INFO - Started process (PID=1627) to work on /home/airflow/.local/lib/python3.12/site-packages/airflow/example_dags/example_branch_python_dop_operator_3.py
[2024-10-18T23:45:49.091+0000] {processor.py:914} INFO - Processing file /home/airflow/.local/lib/python3.12/site-packages/airflow/example_dags/example_branch_python_dop_operator_3.py for tasks to queue
[2024-10-18T23:45:49.094+0000] {logging_mixin.py:190} INFO - [2024-10-18T23:45:49.093+0000] {dagbag.py:588} INFO - Filling up the DagBag from /home/airflow/.local/lib/python3.12/site-packages/airflow/example_dags/example_branch_python_dop_operator_3.py
[2024-10-18T23:45:49.103+0000] {processor.py:925} INFO - DAG(s) 'example_branch_dop_operator_v3' retrieved from /home/airflow/.local/lib/python3.12/site-packages/airflow/example_dags/example_branch_python_dop_operator_3.py
[2024-10-18T23:45:49.122+0000] {logging_mixin.py:190} INFO - [2024-10-18T23:45:49.122+0000] {dag.py:3239} INFO - Sync 1 DAGs
[2024-10-18T23:45:49.146+0000] {logging_mixin.py:190} INFO - [2024-10-18T23:45:49.145+0000] {dag.py:4180} INFO - Setting next_dagrun for example_branch_dop_operator_v3 to 2024-10-18 23:44:00+00:00, run_after=2024-10-18 23:45:00+00:00
[2024-10-18T23:45:49.165+0000] {processor.py:208} INFO - Processing /home/airflow/.local/lib/python3.12/site-packages/airflow/example_dags/example_branch_python_dop_operator_3.py took 0.080 seconds
[2024-10-18T23:46:19.813+0000] {processor.py:186} INFO - Started process (PID=1689) to work on /home/airflow/.local/lib/python3.12/site-packages/airflow/example_dags/example_branch_python_dop_operator_3.py
[2024-10-18T23:46:19.814+0000] {processor.py:914} INFO - Processing file /home/airflow/.local/lib/python3.12/site-packages/airflow/example_dags/example_branch_python_dop_operator_3.py for tasks to queue
[2024-10-18T23:46:19.817+0000] {logging_mixin.py:190} INFO - [2024-10-18T23:46:19.817+0000] {dagbag.py:588} INFO - Filling up the DagBag from /home/airflow/.local/lib/python3.12/site-packages/airflow/example_dags/example_branch_python_dop_operator_3.py
[2024-10-18T23:46:19.826+0000] {processor.py:925} INFO - DAG(s) 'example_branch_dop_operator_v3' retrieved from /home/airflow/.local/lib/python3.12/site-packages/airflow/example_dags/example_branch_python_dop_operator_3.py
[2024-10-18T23:46:19.845+0000] {logging_mixin.py:190} INFO - [2024-10-18T23:46:19.845+0000] {dag.py:3239} INFO - Sync 1 DAGs
[2024-10-18T23:46:19.868+0000] {logging_mixin.py:190} INFO - [2024-10-18T23:46:19.867+0000] {dag.py:4180} INFO - Setting next_dagrun for example_branch_dop_operator_v3 to 2024-10-18 23:45:00+00:00, run_after=2024-10-18 23:46:00+00:00
[2024-10-18T23:46:19.887+0000] {processor.py:208} INFO - Processing /home/airflow/.local/lib/python3.12/site-packages/airflow/example_dags/example_branch_python_dop_operator_3.py took 0.079 seconds
[2024-10-18T23:46:52.515+0000] {processor.py:186} INFO - Started process (PID=1742) to work on /home/airflow/.local/lib/python3.12/site-packages/airflow/example_dags/example_branch_python_dop_operator_3.py
[2024-10-18T23:46:52.515+0000] {processor.py:914} INFO - Processing file /home/airflow/.local/lib/python3.12/site-packages/airflow/example_dags/example_branch_python_dop_operator_3.py for tasks to queue
[2024-10-18T23:46:52.518+0000] {logging_mixin.py:190} INFO - [2024-10-18T23:46:52.517+0000] {dagbag.py:588} INFO - Filling up the DagBag from /home/airflow/.local/lib/python3.12/site-packages/airflow/example_dags/example_branch_python_dop_operator_3.py
[2024-10-18T23:46:52.527+0000] {processor.py:925} INFO - DAG(s) 'example_branch_dop_operator_v3' retrieved from /home/airflow/.local/lib/python3.12/site-packages/airflow/example_dags/example_branch_python_dop_operator_3.py
[2024-10-18T23:46:52.546+0000] {logging_mixin.py:190} INFO - [2024-10-18T23:46:52.546+0000] {dag.py:3239} INFO - Sync 1 DAGs
[2024-10-18T23:46:52.571+0000] {logging_mixin.py:190} INFO - [2024-10-18T23:46:52.570+0000] {dag.py:4180} INFO - Setting next_dagrun for example_branch_dop_operator_v3 to 2024-10-18 23:45:00+00:00, run_after=2024-10-18 23:46:00+00:00
[2024-10-18T23:46:52.591+0000] {processor.py:208} INFO - Processing /home/airflow/.local/lib/python3.12/site-packages/airflow/example_dags/example_branch_python_dop_operator_3.py took 0.081 seconds
[2024-10-18T23:47:23.078+0000] {processor.py:186} INFO - Started process (PID=1800) to work on /home/airflow/.local/lib/python3.12/site-packages/airflow/example_dags/example_branch_python_dop_operator_3.py
[2024-10-18T23:47:23.079+0000] {processor.py:914} INFO - Processing file /home/airflow/.local/lib/python3.12/site-packages/airflow/example_dags/example_branch_python_dop_operator_3.py for tasks to queue
[2024-10-18T23:47:23.081+0000] {logging_mixin.py:190} INFO - [2024-10-18T23:47:23.081+0000] {dagbag.py:588} INFO - Filling up the DagBag from /home/airflow/.local/lib/python3.12/site-packages/airflow/example_dags/example_branch_python_dop_operator_3.py
[2024-10-18T23:47:23.089+0000] {processor.py:925} INFO - DAG(s) 'example_branch_dop_operator_v3' retrieved from /home/airflow/.local/lib/python3.12/site-packages/airflow/example_dags/example_branch_python_dop_operator_3.py
[2024-10-18T23:47:23.107+0000] {logging_mixin.py:190} INFO - [2024-10-18T23:47:23.107+0000] {dag.py:3239} INFO - Sync 1 DAGs
[2024-10-18T23:47:23.129+0000] {logging_mixin.py:190} INFO - [2024-10-18T23:47:23.129+0000] {dag.py:4180} INFO - Setting next_dagrun for example_branch_dop_operator_v3 to 2024-10-18 23:46:00+00:00, run_after=2024-10-18 23:47:00+00:00
[2024-10-18T23:47:23.149+0000] {processor.py:208} INFO - Processing /home/airflow/.local/lib/python3.12/site-packages/airflow/example_dags/example_branch_python_dop_operator_3.py took 0.077 seconds
[2024-10-18T23:47:53.931+0000] {processor.py:186} INFO - Started process (PID=1862) to work on /home/airflow/.local/lib/python3.12/site-packages/airflow/example_dags/example_branch_python_dop_operator_3.py
[2024-10-18T23:47:53.933+0000] {processor.py:914} INFO - Processing file /home/airflow/.local/lib/python3.12/site-packages/airflow/example_dags/example_branch_python_dop_operator_3.py for tasks to queue
[2024-10-18T23:47:53.936+0000] {logging_mixin.py:190} INFO - [2024-10-18T23:47:53.936+0000] {dagbag.py:588} INFO - Filling up the DagBag from /home/airflow/.local/lib/python3.12/site-packages/airflow/example_dags/example_branch_python_dop_operator_3.py
[2024-10-18T23:47:53.952+0000] {processor.py:925} INFO - DAG(s) 'example_branch_dop_operator_v3' retrieved from /home/airflow/.local/lib/python3.12/site-packages/airflow/example_dags/example_branch_python_dop_operator_3.py
[2024-10-18T23:47:53.981+0000] {logging_mixin.py:190} INFO - [2024-10-18T23:47:53.980+0000] {dag.py:3239} INFO - Sync 1 DAGs
[2024-10-18T23:47:54.018+0000] {logging_mixin.py:190} INFO - [2024-10-18T23:47:54.017+0000] {dag.py:4180} INFO - Setting next_dagrun for example_branch_dop_operator_v3 to 2024-10-18 23:46:00+00:00, run_after=2024-10-18 23:47:00+00:00
[2024-10-18T23:47:54.047+0000] {processor.py:208} INFO - Processing /home/airflow/.local/lib/python3.12/site-packages/airflow/example_dags/example_branch_python_dop_operator_3.py took 0.125 seconds
[2024-10-18T23:48:24.211+0000] {processor.py:186} INFO - Started process (PID=1924) to work on /home/airflow/.local/lib/python3.12/site-packages/airflow/example_dags/example_branch_python_dop_operator_3.py
[2024-10-18T23:48:24.213+0000] {processor.py:914} INFO - Processing file /home/airflow/.local/lib/python3.12/site-packages/airflow/example_dags/example_branch_python_dop_operator_3.py for tasks to queue
[2024-10-18T23:48:24.217+0000] {logging_mixin.py:190} INFO - [2024-10-18T23:48:24.217+0000] {dagbag.py:588} INFO - Filling up the DagBag from /home/airflow/.local/lib/python3.12/site-packages/airflow/example_dags/example_branch_python_dop_operator_3.py
[2024-10-18T23:48:24.230+0000] {processor.py:925} INFO - DAG(s) 'example_branch_dop_operator_v3' retrieved from /home/airflow/.local/lib/python3.12/site-packages/airflow/example_dags/example_branch_python_dop_operator_3.py
[2024-10-18T23:48:24.256+0000] {logging_mixin.py:190} INFO - [2024-10-18T23:48:24.256+0000] {dag.py:3239} INFO - Sync 1 DAGs
[2024-10-18T23:48:24.299+0000] {logging_mixin.py:190} INFO - [2024-10-18T23:48:24.298+0000] {dag.py:4180} INFO - Setting next_dagrun for example_branch_dop_operator_v3 to 2024-10-18 23:47:00+00:00, run_after=2024-10-18 23:48:00+00:00
[2024-10-18T23:48:24.331+0000] {processor.py:208} INFO - Processing /home/airflow/.local/lib/python3.12/site-packages/airflow/example_dags/example_branch_python_dop_operator_3.py took 0.127 seconds
[2024-10-18T23:48:54.425+0000] {processor.py:186} INFO - Started process (PID=1986) to work on /home/airflow/.local/lib/python3.12/site-packages/airflow/example_dags/example_branch_python_dop_operator_3.py
[2024-10-18T23:48:54.426+0000] {processor.py:914} INFO - Processing file /home/airflow/.local/lib/python3.12/site-packages/airflow/example_dags/example_branch_python_dop_operator_3.py for tasks to queue
[2024-10-18T23:48:54.431+0000] {logging_mixin.py:190} INFO - [2024-10-18T23:48:54.430+0000] {dagbag.py:588} INFO - Filling up the DagBag from /home/airflow/.local/lib/python3.12/site-packages/airflow/example_dags/example_branch_python_dop_operator_3.py
[2024-10-18T23:48:54.446+0000] {processor.py:925} INFO - DAG(s) 'example_branch_dop_operator_v3' retrieved from /home/airflow/.local/lib/python3.12/site-packages/airflow/example_dags/example_branch_python_dop_operator_3.py
[2024-10-18T23:48:54.476+0000] {logging_mixin.py:190} INFO - [2024-10-18T23:48:54.475+0000] {dag.py:3239} INFO - Sync 1 DAGs
[2024-10-18T23:48:54.535+0000] {logging_mixin.py:190} INFO - [2024-10-18T23:48:54.534+0000] {dag.py:4180} INFO - Setting next_dagrun for example_branch_dop_operator_v3 to 2024-10-18 23:47:00+00:00, run_after=2024-10-18 23:48:00+00:00
[2024-10-18T23:48:54.580+0000] {processor.py:208} INFO - Processing /home/airflow/.local/lib/python3.12/site-packages/airflow/example_dags/example_branch_python_dop_operator_3.py took 0.162 seconds
[2024-10-18T23:49:25.235+0000] {processor.py:186} INFO - Started process (PID=2048) to work on /home/airflow/.local/lib/python3.12/site-packages/airflow/example_dags/example_branch_python_dop_operator_3.py
[2024-10-18T23:49:25.237+0000] {processor.py:914} INFO - Processing file /home/airflow/.local/lib/python3.12/site-packages/airflow/example_dags/example_branch_python_dop_operator_3.py for tasks to queue
[2024-10-18T23:49:25.239+0000] {logging_mixin.py:190} INFO - [2024-10-18T23:49:25.239+0000] {dagbag.py:588} INFO - Filling up the DagBag from /home/airflow/.local/lib/python3.12/site-packages/airflow/example_dags/example_branch_python_dop_operator_3.py
[2024-10-18T23:49:25.248+0000] {processor.py:925} INFO - DAG(s) 'example_branch_dop_operator_v3' retrieved from /home/airflow/.local/lib/python3.12/site-packages/airflow/example_dags/example_branch_python_dop_operator_3.py
[2024-10-18T23:49:25.266+0000] {logging_mixin.py:190} INFO - [2024-10-18T23:49:25.265+0000] {dag.py:3239} INFO - Sync 1 DAGs
[2024-10-18T23:49:25.292+0000] {logging_mixin.py:190} INFO - [2024-10-18T23:49:25.292+0000] {dag.py:4180} INFO - Setting next_dagrun for example_branch_dop_operator_v3 to 2024-10-18 23:48:00+00:00, run_after=2024-10-18 23:49:00+00:00
[2024-10-18T23:49:25.313+0000] {processor.py:208} INFO - Processing /home/airflow/.local/lib/python3.12/site-packages/airflow/example_dags/example_branch_python_dop_operator_3.py took 0.083 seconds
[2024-10-18T23:49:56.064+0000] {processor.py:186} INFO - Started process (PID=2110) to work on /home/airflow/.local/lib/python3.12/site-packages/airflow/example_dags/example_branch_python_dop_operator_3.py
[2024-10-18T23:49:56.066+0000] {processor.py:914} INFO - Processing file /home/airflow/.local/lib/python3.12/site-packages/airflow/example_dags/example_branch_python_dop_operator_3.py for tasks to queue
[2024-10-18T23:49:56.069+0000] {logging_mixin.py:190} INFO - [2024-10-18T23:49:56.069+0000] {dagbag.py:588} INFO - Filling up the DagBag from /home/airflow/.local/lib/python3.12/site-packages/airflow/example_dags/example_branch_python_dop_operator_3.py
[2024-10-18T23:49:56.083+0000] {processor.py:925} INFO - DAG(s) 'example_branch_dop_operator_v3' retrieved from /home/airflow/.local/lib/python3.12/site-packages/airflow/example_dags/example_branch_python_dop_operator_3.py
[2024-10-18T23:49:56.110+0000] {logging_mixin.py:190} INFO - [2024-10-18T23:49:56.110+0000] {dag.py:3239} INFO - Sync 1 DAGs
[2024-10-18T23:49:56.156+0000] {logging_mixin.py:190} INFO - [2024-10-18T23:49:56.155+0000] {dag.py:4180} INFO - Setting next_dagrun for example_branch_dop_operator_v3 to 2024-10-18 23:48:00+00:00, run_after=2024-10-18 23:49:00+00:00
[2024-10-18T23:49:56.190+0000] {processor.py:208} INFO - Processing /home/airflow/.local/lib/python3.12/site-packages/airflow/example_dags/example_branch_python_dop_operator_3.py took 0.136 seconds
[2024-10-18T23:50:26.909+0000] {processor.py:186} INFO - Started process (PID=2172) to work on /home/airflow/.local/lib/python3.12/site-packages/airflow/example_dags/example_branch_python_dop_operator_3.py
[2024-10-18T23:50:26.912+0000] {processor.py:914} INFO - Processing file /home/airflow/.local/lib/python3.12/site-packages/airflow/example_dags/example_branch_python_dop_operator_3.py for tasks to queue
[2024-10-18T23:50:26.918+0000] {logging_mixin.py:190} INFO - [2024-10-18T23:50:26.917+0000] {dagbag.py:588} INFO - Filling up the DagBag from /home/airflow/.local/lib/python3.12/site-packages/airflow/example_dags/example_branch_python_dop_operator_3.py
[2024-10-18T23:50:26.937+0000] {processor.py:925} INFO - DAG(s) 'example_branch_dop_operator_v3' retrieved from /home/airflow/.local/lib/python3.12/site-packages/airflow/example_dags/example_branch_python_dop_operator_3.py
[2024-10-18T23:50:26.973+0000] {logging_mixin.py:190} INFO - [2024-10-18T23:50:26.972+0000] {dag.py:3239} INFO - Sync 1 DAGs
[2024-10-18T23:50:27.028+0000] {logging_mixin.py:190} INFO - [2024-10-18T23:50:27.028+0000] {dag.py:4180} INFO - Setting next_dagrun for example_branch_dop_operator_v3 to 2024-10-18 23:49:00+00:00, run_after=2024-10-18 23:50:00+00:00
[2024-10-18T23:50:27.067+0000] {processor.py:208} INFO - Processing /home/airflow/.local/lib/python3.12/site-packages/airflow/example_dags/example_branch_python_dop_operator_3.py took 0.170 seconds
[2024-10-18T23:50:57.166+0000] {processor.py:186} INFO - Started process (PID=2234) to work on /home/airflow/.local/lib/python3.12/site-packages/airflow/example_dags/example_branch_python_dop_operator_3.py
[2024-10-18T23:50:57.169+0000] {processor.py:914} INFO - Processing file /home/airflow/.local/lib/python3.12/site-packages/airflow/example_dags/example_branch_python_dop_operator_3.py for tasks to queue
[2024-10-18T23:50:57.171+0000] {logging_mixin.py:190} INFO - [2024-10-18T23:50:57.171+0000] {dagbag.py:588} INFO - Filling up the DagBag from /home/airflow/.local/lib/python3.12/site-packages/airflow/example_dags/example_branch_python_dop_operator_3.py
[2024-10-18T23:50:57.183+0000] {processor.py:925} INFO - DAG(s) 'example_branch_dop_operator_v3' retrieved from /home/airflow/.local/lib/python3.12/site-packages/airflow/example_dags/example_branch_python_dop_operator_3.py
[2024-10-18T23:50:57.205+0000] {logging_mixin.py:190} INFO - [2024-10-18T23:50:57.205+0000] {dag.py:3239} INFO - Sync 1 DAGs
[2024-10-18T23:50:57.231+0000] {logging_mixin.py:190} INFO - [2024-10-18T23:50:57.231+0000] {dag.py:4180} INFO - Setting next_dagrun for example_branch_dop_operator_v3 to 2024-10-18 23:49:00+00:00, run_after=2024-10-18 23:50:00+00:00
[2024-10-18T23:50:57.255+0000] {processor.py:208} INFO - Processing /home/airflow/.local/lib/python3.12/site-packages/airflow/example_dags/example_branch_python_dop_operator_3.py took 0.096 seconds
[2024-10-18T23:51:28.204+0000] {processor.py:186} INFO - Started process (PID=2297) to work on /home/airflow/.local/lib/python3.12/site-packages/airflow/example_dags/example_branch_python_dop_operator_3.py
[2024-10-18T23:51:28.205+0000] {processor.py:914} INFO - Processing file /home/airflow/.local/lib/python3.12/site-packages/airflow/example_dags/example_branch_python_dop_operator_3.py for tasks to queue
[2024-10-18T23:51:28.208+0000] {logging_mixin.py:190} INFO - [2024-10-18T23:51:28.207+0000] {dagbag.py:588} INFO - Filling up the DagBag from /home/airflow/.local/lib/python3.12/site-packages/airflow/example_dags/example_branch_python_dop_operator_3.py
[2024-10-18T23:51:28.219+0000] {processor.py:925} INFO - DAG(s) 'example_branch_dop_operator_v3' retrieved from /home/airflow/.local/lib/python3.12/site-packages/airflow/example_dags/example_branch_python_dop_operator_3.py
[2024-10-18T23:51:28.240+0000] {logging_mixin.py:190} INFO - [2024-10-18T23:51:28.239+0000] {dag.py:3239} INFO - Sync 1 DAGs
[2024-10-18T23:51:28.266+0000] {logging_mixin.py:190} INFO - [2024-10-18T23:51:28.266+0000] {dag.py:4180} INFO - Setting next_dagrun for example_branch_dop_operator_v3 to 2024-10-18 23:50:00+00:00, run_after=2024-10-18 23:51:00+00:00
[2024-10-18T23:51:28.299+0000] {processor.py:208} INFO - Processing /home/airflow/.local/lib/python3.12/site-packages/airflow/example_dags/example_branch_python_dop_operator_3.py took 0.100 seconds
[2024-10-18T23:51:58.767+0000] {processor.py:186} INFO - Started process (PID=2359) to work on /home/airflow/.local/lib/python3.12/site-packages/airflow/example_dags/example_branch_python_dop_operator_3.py
[2024-10-18T23:51:58.768+0000] {processor.py:914} INFO - Processing file /home/airflow/.local/lib/python3.12/site-packages/airflow/example_dags/example_branch_python_dop_operator_3.py for tasks to queue
[2024-10-18T23:51:58.770+0000] {logging_mixin.py:190} INFO - [2024-10-18T23:51:58.770+0000] {dagbag.py:588} INFO - Filling up the DagBag from /home/airflow/.local/lib/python3.12/site-packages/airflow/example_dags/example_branch_python_dop_operator_3.py
[2024-10-18T23:51:58.780+0000] {processor.py:925} INFO - DAG(s) 'example_branch_dop_operator_v3' retrieved from /home/airflow/.local/lib/python3.12/site-packages/airflow/example_dags/example_branch_python_dop_operator_3.py
[2024-10-18T23:51:58.802+0000] {logging_mixin.py:190} INFO - [2024-10-18T23:51:58.802+0000] {dag.py:3239} INFO - Sync 1 DAGs
[2024-10-18T23:51:58.827+0000] {logging_mixin.py:190} INFO - [2024-10-18T23:51:58.827+0000] {dag.py:4180} INFO - Setting next_dagrun for example_branch_dop_operator_v3 to 2024-10-18 23:50:00+00:00, run_after=2024-10-18 23:51:00+00:00
[2024-10-18T23:51:58.849+0000] {processor.py:208} INFO - Processing /home/airflow/.local/lib/python3.12/site-packages/airflow/example_dags/example_branch_python_dop_operator_3.py took 0.088 seconds
[2024-10-18T23:52:29.697+0000] {processor.py:186} INFO - Started process (PID=2421) to work on /home/airflow/.local/lib/python3.12/site-packages/airflow/example_dags/example_branch_python_dop_operator_3.py
[2024-10-18T23:52:29.698+0000] {processor.py:914} INFO - Processing file /home/airflow/.local/lib/python3.12/site-packages/airflow/example_dags/example_branch_python_dop_operator_3.py for tasks to queue
[2024-10-18T23:52:29.700+0000] {logging_mixin.py:190} INFO - [2024-10-18T23:52:29.700+0000] {dagbag.py:588} INFO - Filling up the DagBag from /home/airflow/.local/lib/python3.12/site-packages/airflow/example_dags/example_branch_python_dop_operator_3.py
[2024-10-18T23:52:29.711+0000] {processor.py:925} INFO - DAG(s) 'example_branch_dop_operator_v3' retrieved from /home/airflow/.local/lib/python3.12/site-packages/airflow/example_dags/example_branch_python_dop_operator_3.py
[2024-10-18T23:52:29.732+0000] {logging_mixin.py:190} INFO - [2024-10-18T23:52:29.732+0000] {dag.py:3239} INFO - Sync 1 DAGs
[2024-10-18T23:52:29.757+0000] {logging_mixin.py:190} INFO - [2024-10-18T23:52:29.757+0000] {dag.py:4180} INFO - Setting next_dagrun for example_branch_dop_operator_v3 to 2024-10-18 23:51:00+00:00, run_after=2024-10-18 23:52:00+00:00
[2024-10-18T23:52:29.779+0000] {processor.py:208} INFO - Processing /home/airflow/.local/lib/python3.12/site-packages/airflow/example_dags/example_branch_python_dop_operator_3.py took 0.089 seconds
[2024-10-18T23:53:00.051+0000] {processor.py:186} INFO - Started process (PID=2483) to work on /home/airflow/.local/lib/python3.12/site-packages/airflow/example_dags/example_branch_python_dop_operator_3.py
[2024-10-18T23:53:00.053+0000] {processor.py:914} INFO - Processing file /home/airflow/.local/lib/python3.12/site-packages/airflow/example_dags/example_branch_python_dop_operator_3.py for tasks to queue
[2024-10-18T23:53:00.055+0000] {logging_mixin.py:190} INFO - [2024-10-18T23:53:00.055+0000] {dagbag.py:588} INFO - Filling up the DagBag from /home/airflow/.local/lib/python3.12/site-packages/airflow/example_dags/example_branch_python_dop_operator_3.py
[2024-10-18T23:53:00.066+0000] {processor.py:925} INFO - DAG(s) 'example_branch_dop_operator_v3' retrieved from /home/airflow/.local/lib/python3.12/site-packages/airflow/example_dags/example_branch_python_dop_operator_3.py
[2024-10-18T23:53:00.085+0000] {logging_mixin.py:190} INFO - [2024-10-18T23:53:00.085+0000] {dag.py:3239} INFO - Sync 1 DAGs
[2024-10-18T23:53:00.113+0000] {logging_mixin.py:190} INFO - [2024-10-18T23:53:00.113+0000] {dag.py:4180} INFO - Setting next_dagrun for example_branch_dop_operator_v3 to 2024-10-18 23:52:00+00:00, run_after=2024-10-18 23:53:00+00:00
[2024-10-18T23:53:00.135+0000] {processor.py:208} INFO - Processing /home/airflow/.local/lib/python3.12/site-packages/airflow/example_dags/example_branch_python_dop_operator_3.py took 0.089 seconds
[2024-10-18T23:53:30.989+0000] {processor.py:186} INFO - Started process (PID=2545) to work on /home/airflow/.local/lib/python3.12/site-packages/airflow/example_dags/example_branch_python_dop_operator_3.py
[2024-10-18T23:53:30.997+0000] {processor.py:914} INFO - Processing file /home/airflow/.local/lib/python3.12/site-packages/airflow/example_dags/example_branch_python_dop_operator_3.py for tasks to queue
[2024-10-18T23:53:31.005+0000] {logging_mixin.py:190} INFO - [2024-10-18T23:53:31.004+0000] {dagbag.py:588} INFO - Filling up the DagBag from /home/airflow/.local/lib/python3.12/site-packages/airflow/example_dags/example_branch_python_dop_operator_3.py
[2024-10-18T23:53:31.043+0000] {processor.py:925} INFO - DAG(s) 'example_branch_dop_operator_v3' retrieved from /home/airflow/.local/lib/python3.12/site-packages/airflow/example_dags/example_branch_python_dop_operator_3.py
[2024-10-18T23:53:31.113+0000] {logging_mixin.py:190} INFO - [2024-10-18T23:53:31.112+0000] {dag.py:3239} INFO - Sync 1 DAGs
[2024-10-18T23:53:31.185+0000] {logging_mixin.py:190} INFO - [2024-10-18T23:53:31.185+0000] {dag.py:4180} INFO - Setting next_dagrun for example_branch_dop_operator_v3 to 2024-10-18 23:52:00+00:00, run_after=2024-10-18 23:53:00+00:00
[2024-10-18T23:53:31.233+0000] {processor.py:208} INFO - Processing /home/airflow/.local/lib/python3.12/site-packages/airflow/example_dags/example_branch_python_dop_operator_3.py took 0.266 seconds
[2024-10-18T23:54:01.371+0000] {processor.py:186} INFO - Started process (PID=2608) to work on /home/airflow/.local/lib/python3.12/site-packages/airflow/example_dags/example_branch_python_dop_operator_3.py
[2024-10-18T23:54:01.374+0000] {processor.py:914} INFO - Processing file /home/airflow/.local/lib/python3.12/site-packages/airflow/example_dags/example_branch_python_dop_operator_3.py for tasks to queue
[2024-10-18T23:54:01.379+0000] {logging_mixin.py:190} INFO - [2024-10-18T23:54:01.378+0000] {dagbag.py:588} INFO - Filling up the DagBag from /home/airflow/.local/lib/python3.12/site-packages/airflow/example_dags/example_branch_python_dop_operator_3.py
[2024-10-18T23:54:01.397+0000] {processor.py:925} INFO - DAG(s) 'example_branch_dop_operator_v3' retrieved from /home/airflow/.local/lib/python3.12/site-packages/airflow/example_dags/example_branch_python_dop_operator_3.py
[2024-10-18T23:54:01.431+0000] {logging_mixin.py:190} INFO - [2024-10-18T23:54:01.430+0000] {dag.py:3239} INFO - Sync 1 DAGs
[2024-10-18T23:54:01.515+0000] {logging_mixin.py:190} INFO - [2024-10-18T23:54:01.514+0000] {dag.py:4180} INFO - Setting next_dagrun for example_branch_dop_operator_v3 to 2024-10-18 23:53:00+00:00, run_after=2024-10-18 23:54:00+00:00
[2024-10-18T23:54:01.560+0000] {processor.py:208} INFO - Processing /home/airflow/.local/lib/python3.12/site-packages/airflow/example_dags/example_branch_python_dop_operator_3.py took 0.201 seconds
[2024-10-18T23:54:32.197+0000] {processor.py:186} INFO - Started process (PID=2669) to work on /home/airflow/.local/lib/python3.12/site-packages/airflow/example_dags/example_branch_python_dop_operator_3.py
[2024-10-18T23:54:32.199+0000] {processor.py:914} INFO - Processing file /home/airflow/.local/lib/python3.12/site-packages/airflow/example_dags/example_branch_python_dop_operator_3.py for tasks to queue
[2024-10-18T23:54:32.203+0000] {logging_mixin.py:190} INFO - [2024-10-18T23:54:32.202+0000] {dagbag.py:588} INFO - Filling up the DagBag from /home/airflow/.local/lib/python3.12/site-packages/airflow/example_dags/example_branch_python_dop_operator_3.py
[2024-10-18T23:54:32.225+0000] {processor.py:925} INFO - DAG(s) 'example_branch_dop_operator_v3' retrieved from /home/airflow/.local/lib/python3.12/site-packages/airflow/example_dags/example_branch_python_dop_operator_3.py
[2024-10-18T23:54:32.269+0000] {logging_mixin.py:190} INFO - [2024-10-18T23:54:32.269+0000] {dag.py:3239} INFO - Sync 1 DAGs
[2024-10-18T23:54:32.334+0000] {logging_mixin.py:190} INFO - [2024-10-18T23:54:32.333+0000] {dag.py:4180} INFO - Setting next_dagrun for example_branch_dop_operator_v3 to 2024-10-18 23:53:00+00:00, run_after=2024-10-18 23:54:00+00:00
[2024-10-18T23:54:32.378+0000] {processor.py:208} INFO - Processing /home/airflow/.local/lib/python3.12/site-packages/airflow/example_dags/example_branch_python_dop_operator_3.py took 0.192 seconds
[2024-10-18T23:55:02.570+0000] {processor.py:186} INFO - Started process (PID=2733) to work on /home/airflow/.local/lib/python3.12/site-packages/airflow/example_dags/example_branch_python_dop_operator_3.py
[2024-10-18T23:55:02.572+0000] {processor.py:914} INFO - Processing file /home/airflow/.local/lib/python3.12/site-packages/airflow/example_dags/example_branch_python_dop_operator_3.py for tasks to queue
[2024-10-18T23:55:02.575+0000] {logging_mixin.py:190} INFO - [2024-10-18T23:55:02.575+0000] {dagbag.py:588} INFO - Filling up the DagBag from /home/airflow/.local/lib/python3.12/site-packages/airflow/example_dags/example_branch_python_dop_operator_3.py
[2024-10-18T23:55:02.590+0000] {processor.py:925} INFO - DAG(s) 'example_branch_dop_operator_v3' retrieved from /home/airflow/.local/lib/python3.12/site-packages/airflow/example_dags/example_branch_python_dop_operator_3.py
[2024-10-18T23:55:02.617+0000] {logging_mixin.py:190} INFO - [2024-10-18T23:55:02.617+0000] {dag.py:3239} INFO - Sync 1 DAGs
[2024-10-18T23:55:02.653+0000] {logging_mixin.py:190} INFO - [2024-10-18T23:55:02.652+0000] {dag.py:4180} INFO - Setting next_dagrun for example_branch_dop_operator_v3 to 2024-10-18 23:54:00+00:00, run_after=2024-10-18 23:55:00+00:00
[2024-10-18T23:55:02.679+0000] {processor.py:208} INFO - Processing /home/airflow/.local/lib/python3.12/site-packages/airflow/example_dags/example_branch_python_dop_operator_3.py took 0.117 seconds
[2024-10-18T23:56:43.896+0000] {processor.py:186} INFO - Started process (PID=2769) to work on /home/airflow/.local/lib/python3.12/site-packages/airflow/example_dags/example_branch_python_dop_operator_3.py
[2024-10-18T23:56:43.899+0000] {processor.py:914} INFO - Processing file /home/airflow/.local/lib/python3.12/site-packages/airflow/example_dags/example_branch_python_dop_operator_3.py for tasks to queue
[2024-10-18T23:56:43.906+0000] {logging_mixin.py:190} INFO - [2024-10-18T23:56:43.905+0000] {dagbag.py:588} INFO - Filling up the DagBag from /home/airflow/.local/lib/python3.12/site-packages/airflow/example_dags/example_branch_python_dop_operator_3.py
[2024-10-18T23:56:43.941+0000] {processor.py:925} INFO - DAG(s) 'example_branch_dop_operator_v3' retrieved from /home/airflow/.local/lib/python3.12/site-packages/airflow/example_dags/example_branch_python_dop_operator_3.py
[2024-10-18T23:56:44.000+0000] {logging_mixin.py:190} INFO - [2024-10-18T23:56:43.999+0000] {dag.py:3239} INFO - Sync 1 DAGs
[2024-10-18T23:56:44.083+0000] {logging_mixin.py:190} INFO - [2024-10-18T23:56:44.083+0000] {dag.py:4180} INFO - Setting next_dagrun for example_branch_dop_operator_v3 to 2024-10-18 23:55:00+00:00, run_after=2024-10-18 23:56:00+00:00
[2024-10-18T23:56:44.523+0000] {processor.py:208} INFO - Processing /home/airflow/.local/lib/python3.12/site-packages/airflow/example_dags/example_branch_python_dop_operator_3.py took 0.644 seconds
[2024-10-18T23:57:15.083+0000] {processor.py:186} INFO - Started process (PID=2832) to work on /home/airflow/.local/lib/python3.12/site-packages/airflow/example_dags/example_branch_python_dop_operator_3.py
[2024-10-18T23:57:15.085+0000] {processor.py:914} INFO - Processing file /home/airflow/.local/lib/python3.12/site-packages/airflow/example_dags/example_branch_python_dop_operator_3.py for tasks to queue
[2024-10-18T23:57:15.090+0000] {logging_mixin.py:190} INFO - [2024-10-18T23:57:15.089+0000] {dagbag.py:588} INFO - Filling up the DagBag from /home/airflow/.local/lib/python3.12/site-packages/airflow/example_dags/example_branch_python_dop_operator_3.py
[2024-10-18T23:57:15.108+0000] {processor.py:925} INFO - DAG(s) 'example_branch_dop_operator_v3' retrieved from /home/airflow/.local/lib/python3.12/site-packages/airflow/example_dags/example_branch_python_dop_operator_3.py
[2024-10-18T23:57:15.200+0000] {logging_mixin.py:190} INFO - [2024-10-18T23:57:15.200+0000] {dag.py:3239} INFO - Sync 1 DAGs
[2024-10-18T23:57:15.242+0000] {logging_mixin.py:190} INFO - [2024-10-18T23:57:15.241+0000] {dag.py:4180} INFO - Setting next_dagrun for example_branch_dop_operator_v3 to 2024-10-18 23:56:00+00:00, run_after=2024-10-18 23:57:00+00:00
[2024-10-18T23:57:15.280+0000] {processor.py:208} INFO - Processing /home/airflow/.local/lib/python3.12/site-packages/airflow/example_dags/example_branch_python_dop_operator_3.py took 0.208 seconds
[2024-10-18T23:57:45.776+0000] {processor.py:186} INFO - Started process (PID=2894) to work on /home/airflow/.local/lib/python3.12/site-packages/airflow/example_dags/example_branch_python_dop_operator_3.py
[2024-10-18T23:57:45.777+0000] {processor.py:914} INFO - Processing file /home/airflow/.local/lib/python3.12/site-packages/airflow/example_dags/example_branch_python_dop_operator_3.py for tasks to queue
[2024-10-18T23:57:45.779+0000] {logging_mixin.py:190} INFO - [2024-10-18T23:57:45.779+0000] {dagbag.py:588} INFO - Filling up the DagBag from /home/airflow/.local/lib/python3.12/site-packages/airflow/example_dags/example_branch_python_dop_operator_3.py
[2024-10-18T23:57:45.790+0000] {processor.py:925} INFO - DAG(s) 'example_branch_dop_operator_v3' retrieved from /home/airflow/.local/lib/python3.12/site-packages/airflow/example_dags/example_branch_python_dop_operator_3.py
[2024-10-18T23:57:45.810+0000] {logging_mixin.py:190} INFO - [2024-10-18T23:57:45.810+0000] {dag.py:3239} INFO - Sync 1 DAGs
[2024-10-18T23:57:45.834+0000] {logging_mixin.py:190} INFO - [2024-10-18T23:57:45.833+0000] {dag.py:4180} INFO - Setting next_dagrun for example_branch_dop_operator_v3 to 2024-10-18 23:56:00+00:00, run_after=2024-10-18 23:57:00+00:00
[2024-10-18T23:57:45.854+0000] {processor.py:208} INFO - Processing /home/airflow/.local/lib/python3.12/site-packages/airflow/example_dags/example_branch_python_dop_operator_3.py took 0.083 seconds
[2024-10-18T23:58:16.311+0000] {processor.py:186} INFO - Started process (PID=2956) to work on /home/airflow/.local/lib/python3.12/site-packages/airflow/example_dags/example_branch_python_dop_operator_3.py
[2024-10-18T23:58:16.312+0000] {processor.py:914} INFO - Processing file /home/airflow/.local/lib/python3.12/site-packages/airflow/example_dags/example_branch_python_dop_operator_3.py for tasks to queue
[2024-10-18T23:58:16.315+0000] {logging_mixin.py:190} INFO - [2024-10-18T23:58:16.314+0000] {dagbag.py:588} INFO - Filling up the DagBag from /home/airflow/.local/lib/python3.12/site-packages/airflow/example_dags/example_branch_python_dop_operator_3.py
[2024-10-18T23:58:16.325+0000] {processor.py:925} INFO - DAG(s) 'example_branch_dop_operator_v3' retrieved from /home/airflow/.local/lib/python3.12/site-packages/airflow/example_dags/example_branch_python_dop_operator_3.py
[2024-10-18T23:58:16.344+0000] {logging_mixin.py:190} INFO - [2024-10-18T23:58:16.344+0000] {dag.py:3239} INFO - Sync 1 DAGs
[2024-10-18T23:58:16.367+0000] {logging_mixin.py:190} INFO - [2024-10-18T23:58:16.367+0000] {dag.py:4180} INFO - Setting next_dagrun for example_branch_dop_operator_v3 to 2024-10-18 23:57:00+00:00, run_after=2024-10-18 23:58:00+00:00
[2024-10-18T23:58:16.386+0000] {processor.py:208} INFO - Processing /home/airflow/.local/lib/python3.12/site-packages/airflow/example_dags/example_branch_python_dop_operator_3.py took 0.081 seconds
[2024-10-18T23:58:46.656+0000] {processor.py:186} INFO - Started process (PID=3017) to work on /home/airflow/.local/lib/python3.12/site-packages/airflow/example_dags/example_branch_python_dop_operator_3.py
[2024-10-18T23:58:46.657+0000] {processor.py:914} INFO - Processing file /home/airflow/.local/lib/python3.12/site-packages/airflow/example_dags/example_branch_python_dop_operator_3.py for tasks to queue
[2024-10-18T23:58:46.664+0000] {logging_mixin.py:190} INFO - [2024-10-18T23:58:46.663+0000] {dagbag.py:588} INFO - Filling up the DagBag from /home/airflow/.local/lib/python3.12/site-packages/airflow/example_dags/example_branch_python_dop_operator_3.py
[2024-10-18T23:58:46.681+0000] {processor.py:925} INFO - DAG(s) 'example_branch_dop_operator_v3' retrieved from /home/airflow/.local/lib/python3.12/site-packages/airflow/example_dags/example_branch_python_dop_operator_3.py
[2024-10-18T23:58:46.715+0000] {logging_mixin.py:190} INFO - [2024-10-18T23:58:46.715+0000] {dag.py:3239} INFO - Sync 1 DAGs
[2024-10-18T23:58:46.761+0000] {logging_mixin.py:190} INFO - [2024-10-18T23:58:46.760+0000] {dag.py:4180} INFO - Setting next_dagrun for example_branch_dop_operator_v3 to 2024-10-18 23:57:00+00:00, run_after=2024-10-18 23:58:00+00:00
[2024-10-18T23:58:46.805+0000] {processor.py:208} INFO - Processing /home/airflow/.local/lib/python3.12/site-packages/airflow/example_dags/example_branch_python_dop_operator_3.py took 0.157 seconds
[2024-10-18T23:59:18.155+0000] {processor.py:186} INFO - Started process (PID=3078) to work on /home/airflow/.local/lib/python3.12/site-packages/airflow/example_dags/example_branch_python_dop_operator_3.py
[2024-10-18T23:59:18.157+0000] {processor.py:914} INFO - Processing file /home/airflow/.local/lib/python3.12/site-packages/airflow/example_dags/example_branch_python_dop_operator_3.py for tasks to queue
[2024-10-18T23:59:18.160+0000] {logging_mixin.py:190} INFO - [2024-10-18T23:59:18.160+0000] {dagbag.py:588} INFO - Filling up the DagBag from /home/airflow/.local/lib/python3.12/site-packages/airflow/example_dags/example_branch_python_dop_operator_3.py
[2024-10-18T23:59:18.190+0000] {processor.py:925} INFO - DAG(s) 'example_branch_dop_operator_v3' retrieved from /home/airflow/.local/lib/python3.12/site-packages/airflow/example_dags/example_branch_python_dop_operator_3.py
[2024-10-18T23:59:18.352+0000] {logging_mixin.py:190} INFO - [2024-10-18T23:59:18.352+0000] {dag.py:3239} INFO - Sync 1 DAGs
[2024-10-18T23:59:18.655+0000] {logging_mixin.py:190} INFO - [2024-10-18T23:59:18.655+0000] {dag.py:4180} INFO - Setting next_dagrun for example_branch_dop_operator_v3 to 2024-10-18 23:58:00+00:00, run_after=2024-10-18 23:59:00+00:00
[2024-10-18T23:59:18.684+0000] {processor.py:208} INFO - Processing /home/airflow/.local/lib/python3.12/site-packages/airflow/example_dags/example_branch_python_dop_operator_3.py took 0.541 seconds
[2024-10-18T23:59:48.902+0000] {processor.py:186} INFO - Started process (PID=3140) to work on /home/airflow/.local/lib/python3.12/site-packages/airflow/example_dags/example_branch_python_dop_operator_3.py
[2024-10-18T23:59:48.903+0000] {processor.py:914} INFO - Processing file /home/airflow/.local/lib/python3.12/site-packages/airflow/example_dags/example_branch_python_dop_operator_3.py for tasks to queue
[2024-10-18T23:59:48.905+0000] {logging_mixin.py:190} INFO - [2024-10-18T23:59:48.905+0000] {dagbag.py:588} INFO - Filling up the DagBag from /home/airflow/.local/lib/python3.12/site-packages/airflow/example_dags/example_branch_python_dop_operator_3.py
[2024-10-18T23:59:48.915+0000] {processor.py:925} INFO - DAG(s) 'example_branch_dop_operator_v3' retrieved from /home/airflow/.local/lib/python3.12/site-packages/airflow/example_dags/example_branch_python_dop_operator_3.py
[2024-10-18T23:59:48.936+0000] {logging_mixin.py:190} INFO - [2024-10-18T23:59:48.935+0000] {dag.py:3239} INFO - Sync 1 DAGs
[2024-10-18T23:59:48.962+0000] {logging_mixin.py:190} INFO - [2024-10-18T23:59:48.962+0000] {dag.py:4180} INFO - Setting next_dagrun for example_branch_dop_operator_v3 to 2024-10-18 23:58:00+00:00, run_after=2024-10-18 23:59:00+00:00
[2024-10-18T23:59:48.982+0000] {processor.py:208} INFO - Processing /home/airflow/.local/lib/python3.12/site-packages/airflow/example_dags/example_branch_python_dop_operator_3.py took 0.086 seconds
