[2024-10-18T23:33:08.389+0000] {processor.py:186} INFO - Started process (PID=108) to work on /home/airflow/.local/lib/python3.12/site-packages/airflow/example_dags/example_branch_operator.py
[2024-10-18T23:33:08.391+0000] {processor.py:914} INFO - Processing file /home/airflow/.local/lib/python3.12/site-packages/airflow/example_dags/example_branch_operator.py for tasks to queue
[2024-10-18T23:33:08.398+0000] {logging_mixin.py:190} INFO - [2024-10-18T23:33:08.397+0000] {dagbag.py:588} INFO - Filling up the DagBag from /home/airflow/.local/lib/python3.12/site-packages/airflow/example_dags/example_branch_operator.py
[2024-10-18T23:33:08.426+0000] {processor.py:925} INFO - DAG(s) 'example_branch_operator' retrieved from /home/airflow/.local/lib/python3.12/site-packages/airflow/example_dags/example_branch_operator.py
[2024-10-18T23:33:08.591+0000] {logging_mixin.py:190} INFO - [2024-10-18T23:33:08.590+0000] {override.py:1900} INFO - Created Permission View: can read on DAG:example_branch_operator
[2024-10-18T23:33:08.610+0000] {logging_mixin.py:190} INFO - [2024-10-18T23:33:08.610+0000] {override.py:1900} INFO - Created Permission View: can edit on DAG:example_branch_operator
[2024-10-18T23:33:08.620+0000] {logging_mixin.py:190} INFO - [2024-10-18T23:33:08.620+0000] {override.py:1900} INFO - Created Permission View: can delete on DAG:example_branch_operator
[2024-10-18T23:33:08.631+0000] {logging_mixin.py:190} INFO - [2024-10-18T23:33:08.631+0000] {override.py:1900} INFO - Created Permission View: can read on DAG Run:example_branch_operator
[2024-10-18T23:33:08.642+0000] {logging_mixin.py:190} INFO - [2024-10-18T23:33:08.641+0000] {override.py:1900} INFO - Created Permission View: can create on DAG Run:example_branch_operator
[2024-10-18T23:33:08.653+0000] {logging_mixin.py:190} INFO - [2024-10-18T23:33:08.653+0000] {override.py:1900} INFO - Created Permission View: menu access on DAG Run:example_branch_operator
[2024-10-18T23:33:08.664+0000] {logging_mixin.py:190} INFO - [2024-10-18T23:33:08.664+0000] {override.py:1900} INFO - Created Permission View: can delete on DAG Run:example_branch_operator
[2024-10-18T23:33:08.665+0000] {logging_mixin.py:190} INFO - [2024-10-18T23:33:08.665+0000] {dag.py:3239} INFO - Sync 1 DAGs
[2024-10-18T23:33:08.683+0000] {logging_mixin.py:190} INFO - [2024-10-18T23:33:08.683+0000] {dag.py:3262} INFO - Creating ORM DAG for example_branch_operator
[2024-10-18T23:33:08.701+0000] {logging_mixin.py:190} INFO - [2024-10-18T23:33:08.701+0000] {dag.py:4180} INFO - Setting next_dagrun for example_branch_operator to 2024-10-17 00:00:00+00:00, run_after=2024-10-18 00:00:00+00:00
[2024-10-18T23:33:08.726+0000] {processor.py:208} INFO - Processing /home/airflow/.local/lib/python3.12/site-packages/airflow/example_dags/example_branch_operator.py took 0.345 seconds
[2024-10-18T23:33:38.986+0000] {processor.py:186} INFO - Started process (PID=169) to work on /home/airflow/.local/lib/python3.12/site-packages/airflow/example_dags/example_branch_operator.py
[2024-10-18T23:33:38.987+0000] {processor.py:914} INFO - Processing file /home/airflow/.local/lib/python3.12/site-packages/airflow/example_dags/example_branch_operator.py for tasks to queue
[2024-10-18T23:33:38.990+0000] {logging_mixin.py:190} INFO - [2024-10-18T23:33:38.990+0000] {dagbag.py:588} INFO - Filling up the DagBag from /home/airflow/.local/lib/python3.12/site-packages/airflow/example_dags/example_branch_operator.py
[2024-10-18T23:33:39.012+0000] {processor.py:925} INFO - DAG(s) 'example_branch_operator' retrieved from /home/airflow/.local/lib/python3.12/site-packages/airflow/example_dags/example_branch_operator.py
[2024-10-18T23:33:39.054+0000] {logging_mixin.py:190} INFO - [2024-10-18T23:33:39.053+0000] {dag.py:3239} INFO - Sync 1 DAGs
[2024-10-18T23:33:39.088+0000] {logging_mixin.py:190} INFO - [2024-10-18T23:33:39.088+0000] {dag.py:4180} INFO - Setting next_dagrun for example_branch_operator to 2024-10-17 00:00:00+00:00, run_after=2024-10-18 00:00:00+00:00
[2024-10-18T23:33:39.117+0000] {processor.py:208} INFO - Processing /home/airflow/.local/lib/python3.12/site-packages/airflow/example_dags/example_branch_operator.py took 0.139 seconds
[2024-10-18T23:34:09.796+0000] {processor.py:186} INFO - Started process (PID=231) to work on /home/airflow/.local/lib/python3.12/site-packages/airflow/example_dags/example_branch_operator.py
[2024-10-18T23:34:09.797+0000] {processor.py:914} INFO - Processing file /home/airflow/.local/lib/python3.12/site-packages/airflow/example_dags/example_branch_operator.py for tasks to queue
[2024-10-18T23:34:09.799+0000] {logging_mixin.py:190} INFO - [2024-10-18T23:34:09.799+0000] {dagbag.py:588} INFO - Filling up the DagBag from /home/airflow/.local/lib/python3.12/site-packages/airflow/example_dags/example_branch_operator.py
[2024-10-18T23:34:09.815+0000] {processor.py:925} INFO - DAG(s) 'example_branch_operator' retrieved from /home/airflow/.local/lib/python3.12/site-packages/airflow/example_dags/example_branch_operator.py
[2024-10-18T23:34:09.841+0000] {logging_mixin.py:190} INFO - [2024-10-18T23:34:09.841+0000] {dag.py:3239} INFO - Sync 1 DAGs
[2024-10-18T23:34:09.863+0000] {logging_mixin.py:190} INFO - [2024-10-18T23:34:09.863+0000] {dag.py:4180} INFO - Setting next_dagrun for example_branch_operator to 2024-10-17 00:00:00+00:00, run_after=2024-10-18 00:00:00+00:00
[2024-10-18T23:34:10.027+0000] {processor.py:208} INFO - Processing /home/airflow/.local/lib/python3.12/site-packages/airflow/example_dags/example_branch_operator.py took 0.237 seconds
[2024-10-18T23:34:40.561+0000] {processor.py:186} INFO - Started process (PID=293) to work on /home/airflow/.local/lib/python3.12/site-packages/airflow/example_dags/example_branch_operator.py
[2024-10-18T23:34:40.562+0000] {processor.py:914} INFO - Processing file /home/airflow/.local/lib/python3.12/site-packages/airflow/example_dags/example_branch_operator.py for tasks to queue
[2024-10-18T23:34:40.564+0000] {logging_mixin.py:190} INFO - [2024-10-18T23:34:40.564+0000] {dagbag.py:588} INFO - Filling up the DagBag from /home/airflow/.local/lib/python3.12/site-packages/airflow/example_dags/example_branch_operator.py
[2024-10-18T23:34:40.582+0000] {processor.py:925} INFO - DAG(s) 'example_branch_operator' retrieved from /home/airflow/.local/lib/python3.12/site-packages/airflow/example_dags/example_branch_operator.py
[2024-10-18T23:34:40.609+0000] {logging_mixin.py:190} INFO - [2024-10-18T23:34:40.609+0000] {dag.py:3239} INFO - Sync 1 DAGs
[2024-10-18T23:34:40.632+0000] {logging_mixin.py:190} INFO - [2024-10-18T23:34:40.631+0000] {dag.py:4180} INFO - Setting next_dagrun for example_branch_operator to 2024-10-17 00:00:00+00:00, run_after=2024-10-18 00:00:00+00:00
[2024-10-18T23:34:40.652+0000] {processor.py:208} INFO - Processing /home/airflow/.local/lib/python3.12/site-packages/airflow/example_dags/example_branch_operator.py took 0.096 seconds
[2024-10-18T23:35:10.723+0000] {processor.py:186} INFO - Started process (PID=355) to work on /home/airflow/.local/lib/python3.12/site-packages/airflow/example_dags/example_branch_operator.py
[2024-10-18T23:35:10.725+0000] {processor.py:914} INFO - Processing file /home/airflow/.local/lib/python3.12/site-packages/airflow/example_dags/example_branch_operator.py for tasks to queue
[2024-10-18T23:35:10.728+0000] {logging_mixin.py:190} INFO - [2024-10-18T23:35:10.728+0000] {dagbag.py:588} INFO - Filling up the DagBag from /home/airflow/.local/lib/python3.12/site-packages/airflow/example_dags/example_branch_operator.py
[2024-10-18T23:35:10.743+0000] {processor.py:925} INFO - DAG(s) 'example_branch_operator' retrieved from /home/airflow/.local/lib/python3.12/site-packages/airflow/example_dags/example_branch_operator.py
[2024-10-18T23:35:10.771+0000] {logging_mixin.py:190} INFO - [2024-10-18T23:35:10.771+0000] {dag.py:3239} INFO - Sync 1 DAGs
[2024-10-18T23:35:10.796+0000] {logging_mixin.py:190} INFO - [2024-10-18T23:35:10.796+0000] {dag.py:4180} INFO - Setting next_dagrun for example_branch_operator to 2024-10-17 00:00:00+00:00, run_after=2024-10-18 00:00:00+00:00
[2024-10-18T23:35:10.816+0000] {processor.py:208} INFO - Processing /home/airflow/.local/lib/python3.12/site-packages/airflow/example_dags/example_branch_operator.py took 0.098 seconds
[2024-10-18T23:35:41.197+0000] {processor.py:186} INFO - Started process (PID=417) to work on /home/airflow/.local/lib/python3.12/site-packages/airflow/example_dags/example_branch_operator.py
[2024-10-18T23:35:41.198+0000] {processor.py:914} INFO - Processing file /home/airflow/.local/lib/python3.12/site-packages/airflow/example_dags/example_branch_operator.py for tasks to queue
[2024-10-18T23:35:41.201+0000] {logging_mixin.py:190} INFO - [2024-10-18T23:35:41.201+0000] {dagbag.py:588} INFO - Filling up the DagBag from /home/airflow/.local/lib/python3.12/site-packages/airflow/example_dags/example_branch_operator.py
[2024-10-18T23:35:41.218+0000] {processor.py:925} INFO - DAG(s) 'example_branch_operator' retrieved from /home/airflow/.local/lib/python3.12/site-packages/airflow/example_dags/example_branch_operator.py
[2024-10-18T23:35:41.247+0000] {logging_mixin.py:190} INFO - [2024-10-18T23:35:41.246+0000] {dag.py:3239} INFO - Sync 1 DAGs
[2024-10-18T23:35:41.270+0000] {logging_mixin.py:190} INFO - [2024-10-18T23:35:41.270+0000] {dag.py:4180} INFO - Setting next_dagrun for example_branch_operator to 2024-10-17 00:00:00+00:00, run_after=2024-10-18 00:00:00+00:00
[2024-10-18T23:35:41.288+0000] {processor.py:208} INFO - Processing /home/airflow/.local/lib/python3.12/site-packages/airflow/example_dags/example_branch_operator.py took 0.097 seconds
[2024-10-18T23:36:16.145+0000] {processor.py:186} INFO - Started process (PID=480) to work on /home/airflow/.local/lib/python3.12/site-packages/airflow/example_dags/example_branch_operator.py
[2024-10-18T23:36:16.146+0000] {processor.py:914} INFO - Processing file /home/airflow/.local/lib/python3.12/site-packages/airflow/example_dags/example_branch_operator.py for tasks to queue
[2024-10-18T23:36:16.149+0000] {logging_mixin.py:190} INFO - [2024-10-18T23:36:16.149+0000] {dagbag.py:588} INFO - Filling up the DagBag from /home/airflow/.local/lib/python3.12/site-packages/airflow/example_dags/example_branch_operator.py
[2024-10-18T23:36:16.198+0000] {processor.py:925} INFO - DAG(s) 'example_branch_operator' retrieved from /home/airflow/.local/lib/python3.12/site-packages/airflow/example_dags/example_branch_operator.py
[2024-10-18T23:36:16.302+0000] {logging_mixin.py:190} INFO - [2024-10-18T23:36:16.302+0000] {dag.py:3239} INFO - Sync 1 DAGs
[2024-10-18T23:36:16.387+0000] {logging_mixin.py:190} INFO - [2024-10-18T23:36:16.386+0000] {dag.py:4180} INFO - Setting next_dagrun for example_branch_operator to 2024-10-17 00:00:00+00:00, run_after=2024-10-18 00:00:00+00:00
[2024-10-18T23:36:16.583+0000] {processor.py:208} INFO - Processing /home/airflow/.local/lib/python3.12/site-packages/airflow/example_dags/example_branch_operator.py took 0.446 seconds
[2024-10-18T23:36:47.310+0000] {processor.py:186} INFO - Started process (PID=542) to work on /home/airflow/.local/lib/python3.12/site-packages/airflow/example_dags/example_branch_operator.py
[2024-10-18T23:36:47.313+0000] {processor.py:914} INFO - Processing file /home/airflow/.local/lib/python3.12/site-packages/airflow/example_dags/example_branch_operator.py for tasks to queue
[2024-10-18T23:36:47.318+0000] {logging_mixin.py:190} INFO - [2024-10-18T23:36:47.318+0000] {dagbag.py:588} INFO - Filling up the DagBag from /home/airflow/.local/lib/python3.12/site-packages/airflow/example_dags/example_branch_operator.py
[2024-10-18T23:36:47.357+0000] {processor.py:925} INFO - DAG(s) 'example_branch_operator' retrieved from /home/airflow/.local/lib/python3.12/site-packages/airflow/example_dags/example_branch_operator.py
[2024-10-18T23:36:47.545+0000] {logging_mixin.py:190} INFO - [2024-10-18T23:36:47.544+0000] {dag.py:3239} INFO - Sync 1 DAGs
[2024-10-18T23:36:47.780+0000] {logging_mixin.py:190} INFO - [2024-10-18T23:36:47.780+0000] {dag.py:4180} INFO - Setting next_dagrun for example_branch_operator to 2024-10-17 00:00:00+00:00, run_after=2024-10-18 00:00:00+00:00
[2024-10-18T23:36:47.908+0000] {processor.py:208} INFO - Processing /home/airflow/.local/lib/python3.12/site-packages/airflow/example_dags/example_branch_operator.py took 0.610 seconds
[2024-10-18T23:37:17.969+0000] {processor.py:186} INFO - Started process (PID=603) to work on /home/airflow/.local/lib/python3.12/site-packages/airflow/example_dags/example_branch_operator.py
[2024-10-18T23:37:17.970+0000] {processor.py:914} INFO - Processing file /home/airflow/.local/lib/python3.12/site-packages/airflow/example_dags/example_branch_operator.py for tasks to queue
[2024-10-18T23:37:17.972+0000] {logging_mixin.py:190} INFO - [2024-10-18T23:37:17.972+0000] {dagbag.py:588} INFO - Filling up the DagBag from /home/airflow/.local/lib/python3.12/site-packages/airflow/example_dags/example_branch_operator.py
[2024-10-18T23:37:17.987+0000] {processor.py:925} INFO - DAG(s) 'example_branch_operator' retrieved from /home/airflow/.local/lib/python3.12/site-packages/airflow/example_dags/example_branch_operator.py
[2024-10-18T23:37:18.014+0000] {logging_mixin.py:190} INFO - [2024-10-18T23:37:18.013+0000] {dag.py:3239} INFO - Sync 1 DAGs
[2024-10-18T23:37:18.035+0000] {logging_mixin.py:190} INFO - [2024-10-18T23:37:18.034+0000] {dag.py:4180} INFO - Setting next_dagrun for example_branch_operator to 2024-10-17 00:00:00+00:00, run_after=2024-10-18 00:00:00+00:00
[2024-10-18T23:37:18.070+0000] {processor.py:208} INFO - Processing /home/airflow/.local/lib/python3.12/site-packages/airflow/example_dags/example_branch_operator.py took 0.107 seconds
[2024-10-18T23:37:48.430+0000] {processor.py:186} INFO - Started process (PID=665) to work on /home/airflow/.local/lib/python3.12/site-packages/airflow/example_dags/example_branch_operator.py
[2024-10-18T23:37:48.432+0000] {processor.py:914} INFO - Processing file /home/airflow/.local/lib/python3.12/site-packages/airflow/example_dags/example_branch_operator.py for tasks to queue
[2024-10-18T23:37:48.434+0000] {logging_mixin.py:190} INFO - [2024-10-18T23:37:48.434+0000] {dagbag.py:588} INFO - Filling up the DagBag from /home/airflow/.local/lib/python3.12/site-packages/airflow/example_dags/example_branch_operator.py
[2024-10-18T23:37:48.450+0000] {processor.py:925} INFO - DAG(s) 'example_branch_operator' retrieved from /home/airflow/.local/lib/python3.12/site-packages/airflow/example_dags/example_branch_operator.py
[2024-10-18T23:37:48.481+0000] {logging_mixin.py:190} INFO - [2024-10-18T23:37:48.480+0000] {dag.py:3239} INFO - Sync 1 DAGs
[2024-10-18T23:37:48.505+0000] {logging_mixin.py:190} INFO - [2024-10-18T23:37:48.505+0000] {dag.py:4180} INFO - Setting next_dagrun for example_branch_operator to 2024-10-17 00:00:00+00:00, run_after=2024-10-18 00:00:00+00:00
[2024-10-18T23:37:48.530+0000] {processor.py:208} INFO - Processing /home/airflow/.local/lib/python3.12/site-packages/airflow/example_dags/example_branch_operator.py took 0.105 seconds
[2024-10-18T23:38:19.217+0000] {processor.py:186} INFO - Started process (PID=727) to work on /home/airflow/.local/lib/python3.12/site-packages/airflow/example_dags/example_branch_operator.py
[2024-10-18T23:38:19.219+0000] {processor.py:914} INFO - Processing file /home/airflow/.local/lib/python3.12/site-packages/airflow/example_dags/example_branch_operator.py for tasks to queue
[2024-10-18T23:38:19.221+0000] {logging_mixin.py:190} INFO - [2024-10-18T23:38:19.221+0000] {dagbag.py:588} INFO - Filling up the DagBag from /home/airflow/.local/lib/python3.12/site-packages/airflow/example_dags/example_branch_operator.py
[2024-10-18T23:38:19.237+0000] {processor.py:925} INFO - DAG(s) 'example_branch_operator' retrieved from /home/airflow/.local/lib/python3.12/site-packages/airflow/example_dags/example_branch_operator.py
[2024-10-18T23:38:19.265+0000] {logging_mixin.py:190} INFO - [2024-10-18T23:38:19.265+0000] {dag.py:3239} INFO - Sync 1 DAGs
[2024-10-18T23:38:19.285+0000] {logging_mixin.py:190} INFO - [2024-10-18T23:38:19.284+0000] {dag.py:4180} INFO - Setting next_dagrun for example_branch_operator to 2024-10-17 00:00:00+00:00, run_after=2024-10-18 00:00:00+00:00
[2024-10-18T23:38:19.315+0000] {processor.py:208} INFO - Processing /home/airflow/.local/lib/python3.12/site-packages/airflow/example_dags/example_branch_operator.py took 0.103 seconds
[2024-10-18T23:38:49.938+0000] {processor.py:186} INFO - Started process (PID=789) to work on /home/airflow/.local/lib/python3.12/site-packages/airflow/example_dags/example_branch_operator.py
[2024-10-18T23:38:49.940+0000] {processor.py:914} INFO - Processing file /home/airflow/.local/lib/python3.12/site-packages/airflow/example_dags/example_branch_operator.py for tasks to queue
[2024-10-18T23:38:49.943+0000] {logging_mixin.py:190} INFO - [2024-10-18T23:38:49.943+0000] {dagbag.py:588} INFO - Filling up the DagBag from /home/airflow/.local/lib/python3.12/site-packages/airflow/example_dags/example_branch_operator.py
[2024-10-18T23:38:49.961+0000] {processor.py:925} INFO - DAG(s) 'example_branch_operator' retrieved from /home/airflow/.local/lib/python3.12/site-packages/airflow/example_dags/example_branch_operator.py
[2024-10-18T23:38:49.990+0000] {logging_mixin.py:190} INFO - [2024-10-18T23:38:49.990+0000] {dag.py:3239} INFO - Sync 1 DAGs
[2024-10-18T23:38:50.011+0000] {logging_mixin.py:190} INFO - [2024-10-18T23:38:50.011+0000] {dag.py:4180} INFO - Setting next_dagrun for example_branch_operator to 2024-10-17 00:00:00+00:00, run_after=2024-10-18 00:00:00+00:00
[2024-10-18T23:38:50.028+0000] {processor.py:208} INFO - Processing /home/airflow/.local/lib/python3.12/site-packages/airflow/example_dags/example_branch_operator.py took 0.096 seconds
[2024-10-18T23:39:20.689+0000] {processor.py:186} INFO - Started process (PID=851) to work on /home/airflow/.local/lib/python3.12/site-packages/airflow/example_dags/example_branch_operator.py
[2024-10-18T23:39:20.690+0000] {processor.py:914} INFO - Processing file /home/airflow/.local/lib/python3.12/site-packages/airflow/example_dags/example_branch_operator.py for tasks to queue
[2024-10-18T23:39:20.692+0000] {logging_mixin.py:190} INFO - [2024-10-18T23:39:20.692+0000] {dagbag.py:588} INFO - Filling up the DagBag from /home/airflow/.local/lib/python3.12/site-packages/airflow/example_dags/example_branch_operator.py
[2024-10-18T23:39:20.710+0000] {processor.py:925} INFO - DAG(s) 'example_branch_operator' retrieved from /home/airflow/.local/lib/python3.12/site-packages/airflow/example_dags/example_branch_operator.py
[2024-10-18T23:39:20.738+0000] {logging_mixin.py:190} INFO - [2024-10-18T23:39:20.737+0000] {dag.py:3239} INFO - Sync 1 DAGs
[2024-10-18T23:39:20.759+0000] {logging_mixin.py:190} INFO - [2024-10-18T23:39:20.759+0000] {dag.py:4180} INFO - Setting next_dagrun for example_branch_operator to 2024-10-17 00:00:00+00:00, run_after=2024-10-18 00:00:00+00:00
[2024-10-18T23:39:20.781+0000] {processor.py:208} INFO - Processing /home/airflow/.local/lib/python3.12/site-packages/airflow/example_dags/example_branch_operator.py took 0.098 seconds
[2024-10-18T23:39:52.287+0000] {processor.py:186} INFO - Started process (PID=913) to work on /home/airflow/.local/lib/python3.12/site-packages/airflow/example_dags/example_branch_operator.py
[2024-10-18T23:39:52.291+0000] {processor.py:914} INFO - Processing file /home/airflow/.local/lib/python3.12/site-packages/airflow/example_dags/example_branch_operator.py for tasks to queue
[2024-10-18T23:39:52.296+0000] {logging_mixin.py:190} INFO - [2024-10-18T23:39:52.295+0000] {dagbag.py:588} INFO - Filling up the DagBag from /home/airflow/.local/lib/python3.12/site-packages/airflow/example_dags/example_branch_operator.py
[2024-10-18T23:39:52.328+0000] {processor.py:925} INFO - DAG(s) 'example_branch_operator' retrieved from /home/airflow/.local/lib/python3.12/site-packages/airflow/example_dags/example_branch_operator.py
[2024-10-18T23:39:52.386+0000] {logging_mixin.py:190} INFO - [2024-10-18T23:39:52.379+0000] {dag.py:3239} INFO - Sync 1 DAGs
[2024-10-18T23:39:52.430+0000] {logging_mixin.py:190} INFO - [2024-10-18T23:39:52.430+0000] {dag.py:4180} INFO - Setting next_dagrun for example_branch_operator to 2024-10-17 00:00:00+00:00, run_after=2024-10-18 00:00:00+00:00
[2024-10-18T23:39:52.470+0000] {processor.py:208} INFO - Processing /home/airflow/.local/lib/python3.12/site-packages/airflow/example_dags/example_branch_operator.py took 0.193 seconds
[2024-10-18T23:40:22.635+0000] {processor.py:186} INFO - Started process (PID=975) to work on /home/airflow/.local/lib/python3.12/site-packages/airflow/example_dags/example_branch_operator.py
[2024-10-18T23:40:22.636+0000] {processor.py:914} INFO - Processing file /home/airflow/.local/lib/python3.12/site-packages/airflow/example_dags/example_branch_operator.py for tasks to queue
[2024-10-18T23:40:22.639+0000] {logging_mixin.py:190} INFO - [2024-10-18T23:40:22.639+0000] {dagbag.py:588} INFO - Filling up the DagBag from /home/airflow/.local/lib/python3.12/site-packages/airflow/example_dags/example_branch_operator.py
[2024-10-18T23:40:22.659+0000] {processor.py:925} INFO - DAG(s) 'example_branch_operator' retrieved from /home/airflow/.local/lib/python3.12/site-packages/airflow/example_dags/example_branch_operator.py
[2024-10-18T23:40:22.689+0000] {logging_mixin.py:190} INFO - [2024-10-18T23:40:22.688+0000] {dag.py:3239} INFO - Sync 1 DAGs
[2024-10-18T23:40:22.714+0000] {logging_mixin.py:190} INFO - [2024-10-18T23:40:22.714+0000] {dag.py:4180} INFO - Setting next_dagrun for example_branch_operator to 2024-10-17 00:00:00+00:00, run_after=2024-10-18 00:00:00+00:00
[2024-10-18T23:40:22.736+0000] {processor.py:208} INFO - Processing /home/airflow/.local/lib/python3.12/site-packages/airflow/example_dags/example_branch_operator.py took 0.107 seconds
[2024-10-18T23:40:52.941+0000] {processor.py:186} INFO - Started process (PID=1037) to work on /home/airflow/.local/lib/python3.12/site-packages/airflow/example_dags/example_branch_operator.py
[2024-10-18T23:40:52.942+0000] {processor.py:914} INFO - Processing file /home/airflow/.local/lib/python3.12/site-packages/airflow/example_dags/example_branch_operator.py for tasks to queue
[2024-10-18T23:40:52.945+0000] {logging_mixin.py:190} INFO - [2024-10-18T23:40:52.945+0000] {dagbag.py:588} INFO - Filling up the DagBag from /home/airflow/.local/lib/python3.12/site-packages/airflow/example_dags/example_branch_operator.py
[2024-10-18T23:40:52.963+0000] {processor.py:925} INFO - DAG(s) 'example_branch_operator' retrieved from /home/airflow/.local/lib/python3.12/site-packages/airflow/example_dags/example_branch_operator.py
[2024-10-18T23:40:52.996+0000] {logging_mixin.py:190} INFO - [2024-10-18T23:40:52.996+0000] {dag.py:3239} INFO - Sync 1 DAGs
[2024-10-18T23:40:53.020+0000] {logging_mixin.py:190} INFO - [2024-10-18T23:40:53.020+0000] {dag.py:4180} INFO - Setting next_dagrun for example_branch_operator to 2024-10-17 00:00:00+00:00, run_after=2024-10-18 00:00:00+00:00
[2024-10-18T23:40:53.040+0000] {processor.py:208} INFO - Processing /home/airflow/.local/lib/python3.12/site-packages/airflow/example_dags/example_branch_operator.py took 0.105 seconds
[2024-10-18T23:41:23.619+0000] {processor.py:186} INFO - Started process (PID=1099) to work on /home/airflow/.local/lib/python3.12/site-packages/airflow/example_dags/example_branch_operator.py
[2024-10-18T23:41:23.621+0000] {processor.py:914} INFO - Processing file /home/airflow/.local/lib/python3.12/site-packages/airflow/example_dags/example_branch_operator.py for tasks to queue
[2024-10-18T23:41:23.626+0000] {logging_mixin.py:190} INFO - [2024-10-18T23:41:23.626+0000] {dagbag.py:588} INFO - Filling up the DagBag from /home/airflow/.local/lib/python3.12/site-packages/airflow/example_dags/example_branch_operator.py
[2024-10-18T23:41:23.658+0000] {processor.py:925} INFO - DAG(s) 'example_branch_operator' retrieved from /home/airflow/.local/lib/python3.12/site-packages/airflow/example_dags/example_branch_operator.py
[2024-10-18T23:41:23.707+0000] {logging_mixin.py:190} INFO - [2024-10-18T23:41:23.707+0000] {dag.py:3239} INFO - Sync 1 DAGs
[2024-10-18T23:41:23.747+0000] {logging_mixin.py:190} INFO - [2024-10-18T23:41:23.747+0000] {dag.py:4180} INFO - Setting next_dagrun for example_branch_operator to 2024-10-17 00:00:00+00:00, run_after=2024-10-18 00:00:00+00:00
[2024-10-18T23:41:23.777+0000] {processor.py:208} INFO - Processing /home/airflow/.local/lib/python3.12/site-packages/airflow/example_dags/example_branch_operator.py took 0.167 seconds
[2024-10-18T23:41:55.570+0000] {processor.py:186} INFO - Started process (PID=1161) to work on /home/airflow/.local/lib/python3.12/site-packages/airflow/example_dags/example_branch_operator.py
[2024-10-18T23:41:55.574+0000] {processor.py:914} INFO - Processing file /home/airflow/.local/lib/python3.12/site-packages/airflow/example_dags/example_branch_operator.py for tasks to queue
[2024-10-18T23:41:55.580+0000] {logging_mixin.py:190} INFO - [2024-10-18T23:41:55.579+0000] {dagbag.py:588} INFO - Filling up the DagBag from /home/airflow/.local/lib/python3.12/site-packages/airflow/example_dags/example_branch_operator.py
[2024-10-18T23:41:55.631+0000] {processor.py:925} INFO - DAG(s) 'example_branch_operator' retrieved from /home/airflow/.local/lib/python3.12/site-packages/airflow/example_dags/example_branch_operator.py
[2024-10-18T23:41:55.754+0000] {logging_mixin.py:190} INFO - [2024-10-18T23:41:55.753+0000] {dag.py:3239} INFO - Sync 1 DAGs
[2024-10-18T23:41:55.855+0000] {logging_mixin.py:190} INFO - [2024-10-18T23:41:55.855+0000] {dag.py:4180} INFO - Setting next_dagrun for example_branch_operator to 2024-10-17 00:00:00+00:00, run_after=2024-10-18 00:00:00+00:00
[2024-10-18T23:41:55.910+0000] {processor.py:208} INFO - Processing /home/airflow/.local/lib/python3.12/site-packages/airflow/example_dags/example_branch_operator.py took 0.359 seconds
[2024-10-18T23:42:26.534+0000] {processor.py:186} INFO - Started process (PID=1223) to work on /home/airflow/.local/lib/python3.12/site-packages/airflow/example_dags/example_branch_operator.py
[2024-10-18T23:42:26.536+0000] {processor.py:914} INFO - Processing file /home/airflow/.local/lib/python3.12/site-packages/airflow/example_dags/example_branch_operator.py for tasks to queue
[2024-10-18T23:42:26.539+0000] {logging_mixin.py:190} INFO - [2024-10-18T23:42:26.539+0000] {dagbag.py:588} INFO - Filling up the DagBag from /home/airflow/.local/lib/python3.12/site-packages/airflow/example_dags/example_branch_operator.py
[2024-10-18T23:42:26.564+0000] {processor.py:925} INFO - DAG(s) 'example_branch_operator' retrieved from /home/airflow/.local/lib/python3.12/site-packages/airflow/example_dags/example_branch_operator.py
[2024-10-18T23:42:26.605+0000] {logging_mixin.py:190} INFO - [2024-10-18T23:42:26.604+0000] {dag.py:3239} INFO - Sync 1 DAGs
[2024-10-18T23:42:26.637+0000] {logging_mixin.py:190} INFO - [2024-10-18T23:42:26.637+0000] {dag.py:4180} INFO - Setting next_dagrun for example_branch_operator to 2024-10-17 00:00:00+00:00, run_after=2024-10-18 00:00:00+00:00
[2024-10-18T23:42:26.696+0000] {processor.py:208} INFO - Processing /home/airflow/.local/lib/python3.12/site-packages/airflow/example_dags/example_branch_operator.py took 0.171 seconds
[2024-10-18T23:43:02.844+0000] {processor.py:186} INFO - Started process (PID=1285) to work on /home/airflow/.local/lib/python3.12/site-packages/airflow/example_dags/example_branch_operator.py
[2024-10-18T23:43:02.847+0000] {processor.py:914} INFO - Processing file /home/airflow/.local/lib/python3.12/site-packages/airflow/example_dags/example_branch_operator.py for tasks to queue
[2024-10-18T23:43:02.861+0000] {logging_mixin.py:190} INFO - [2024-10-18T23:43:02.860+0000] {dagbag.py:588} INFO - Filling up the DagBag from /home/airflow/.local/lib/python3.12/site-packages/airflow/example_dags/example_branch_operator.py
[2024-10-18T23:43:02.929+0000] {processor.py:925} INFO - DAG(s) 'example_branch_operator' retrieved from /home/airflow/.local/lib/python3.12/site-packages/airflow/example_dags/example_branch_operator.py
[2024-10-18T23:43:03.046+0000] {logging_mixin.py:190} INFO - [2024-10-18T23:43:03.045+0000] {dag.py:3239} INFO - Sync 1 DAGs
[2024-10-18T23:43:03.150+0000] {logging_mixin.py:190} INFO - [2024-10-18T23:43:03.149+0000] {dag.py:4180} INFO - Setting next_dagrun for example_branch_operator to 2024-10-17 00:00:00+00:00, run_after=2024-10-18 00:00:00+00:00
[2024-10-18T23:43:03.228+0000] {processor.py:208} INFO - Processing /home/airflow/.local/lib/python3.12/site-packages/airflow/example_dags/example_branch_operator.py took 0.416 seconds
[2024-10-18T23:43:33.300+0000] {processor.py:186} INFO - Started process (PID=1347) to work on /home/airflow/.local/lib/python3.12/site-packages/airflow/example_dags/example_branch_operator.py
[2024-10-18T23:43:33.301+0000] {processor.py:914} INFO - Processing file /home/airflow/.local/lib/python3.12/site-packages/airflow/example_dags/example_branch_operator.py for tasks to queue
[2024-10-18T23:43:33.303+0000] {logging_mixin.py:190} INFO - [2024-10-18T23:43:33.303+0000] {dagbag.py:588} INFO - Filling up the DagBag from /home/airflow/.local/lib/python3.12/site-packages/airflow/example_dags/example_branch_operator.py
[2024-10-18T23:43:33.318+0000] {processor.py:925} INFO - DAG(s) 'example_branch_operator' retrieved from /home/airflow/.local/lib/python3.12/site-packages/airflow/example_dags/example_branch_operator.py
[2024-10-18T23:43:33.345+0000] {logging_mixin.py:190} INFO - [2024-10-18T23:43:33.344+0000] {dag.py:3239} INFO - Sync 1 DAGs
[2024-10-18T23:43:33.369+0000] {logging_mixin.py:190} INFO - [2024-10-18T23:43:33.368+0000] {dag.py:4180} INFO - Setting next_dagrun for example_branch_operator to 2024-10-17 00:00:00+00:00, run_after=2024-10-18 00:00:00+00:00
[2024-10-18T23:43:33.404+0000] {processor.py:208} INFO - Processing /home/airflow/.local/lib/python3.12/site-packages/airflow/example_dags/example_branch_operator.py took 0.109 seconds
[2024-10-18T23:44:03.864+0000] {processor.py:186} INFO - Started process (PID=1409) to work on /home/airflow/.local/lib/python3.12/site-packages/airflow/example_dags/example_branch_operator.py
[2024-10-18T23:44:03.865+0000] {processor.py:914} INFO - Processing file /home/airflow/.local/lib/python3.12/site-packages/airflow/example_dags/example_branch_operator.py for tasks to queue
[2024-10-18T23:44:03.867+0000] {logging_mixin.py:190} INFO - [2024-10-18T23:44:03.867+0000] {dagbag.py:588} INFO - Filling up the DagBag from /home/airflow/.local/lib/python3.12/site-packages/airflow/example_dags/example_branch_operator.py
[2024-10-18T23:44:03.883+0000] {processor.py:925} INFO - DAG(s) 'example_branch_operator' retrieved from /home/airflow/.local/lib/python3.12/site-packages/airflow/example_dags/example_branch_operator.py
[2024-10-18T23:44:03.909+0000] {logging_mixin.py:190} INFO - [2024-10-18T23:44:03.909+0000] {dag.py:3239} INFO - Sync 1 DAGs
[2024-10-18T23:44:03.931+0000] {logging_mixin.py:190} INFO - [2024-10-18T23:44:03.930+0000] {dag.py:4180} INFO - Setting next_dagrun for example_branch_operator to 2024-10-17 00:00:00+00:00, run_after=2024-10-18 00:00:00+00:00
[2024-10-18T23:44:03.951+0000] {processor.py:208} INFO - Processing /home/airflow/.local/lib/python3.12/site-packages/airflow/example_dags/example_branch_operator.py took 0.093 seconds
[2024-10-18T23:44:34.101+0000] {processor.py:186} INFO - Started process (PID=1471) to work on /home/airflow/.local/lib/python3.12/site-packages/airflow/example_dags/example_branch_operator.py
[2024-10-18T23:44:34.102+0000] {processor.py:914} INFO - Processing file /home/airflow/.local/lib/python3.12/site-packages/airflow/example_dags/example_branch_operator.py for tasks to queue
[2024-10-18T23:44:34.105+0000] {logging_mixin.py:190} INFO - [2024-10-18T23:44:34.105+0000] {dagbag.py:588} INFO - Filling up the DagBag from /home/airflow/.local/lib/python3.12/site-packages/airflow/example_dags/example_branch_operator.py
[2024-10-18T23:44:34.133+0000] {processor.py:925} INFO - DAG(s) 'example_branch_operator' retrieved from /home/airflow/.local/lib/python3.12/site-packages/airflow/example_dags/example_branch_operator.py
[2024-10-18T23:44:34.171+0000] {logging_mixin.py:190} INFO - [2024-10-18T23:44:34.171+0000] {dag.py:3239} INFO - Sync 1 DAGs
[2024-10-18T23:44:34.193+0000] {logging_mixin.py:190} INFO - [2024-10-18T23:44:34.192+0000] {dag.py:4180} INFO - Setting next_dagrun for example_branch_operator to 2024-10-17 00:00:00+00:00, run_after=2024-10-18 00:00:00+00:00
[2024-10-18T23:44:34.210+0000] {processor.py:208} INFO - Processing /home/airflow/.local/lib/python3.12/site-packages/airflow/example_dags/example_branch_operator.py took 0.115 seconds
[2024-10-18T23:45:04.593+0000] {processor.py:186} INFO - Started process (PID=1533) to work on /home/airflow/.local/lib/python3.12/site-packages/airflow/example_dags/example_branch_operator.py
[2024-10-18T23:45:04.594+0000] {processor.py:914} INFO - Processing file /home/airflow/.local/lib/python3.12/site-packages/airflow/example_dags/example_branch_operator.py for tasks to queue
[2024-10-18T23:45:04.597+0000] {logging_mixin.py:190} INFO - [2024-10-18T23:45:04.596+0000] {dagbag.py:588} INFO - Filling up the DagBag from /home/airflow/.local/lib/python3.12/site-packages/airflow/example_dags/example_branch_operator.py
[2024-10-18T23:45:04.613+0000] {processor.py:925} INFO - DAG(s) 'example_branch_operator' retrieved from /home/airflow/.local/lib/python3.12/site-packages/airflow/example_dags/example_branch_operator.py
[2024-10-18T23:45:04.639+0000] {logging_mixin.py:190} INFO - [2024-10-18T23:45:04.639+0000] {dag.py:3239} INFO - Sync 1 DAGs
[2024-10-18T23:45:04.661+0000] {logging_mixin.py:190} INFO - [2024-10-18T23:45:04.660+0000] {dag.py:4180} INFO - Setting next_dagrun for example_branch_operator to 2024-10-17 00:00:00+00:00, run_after=2024-10-18 00:00:00+00:00
[2024-10-18T23:45:04.682+0000] {processor.py:208} INFO - Processing /home/airflow/.local/lib/python3.12/site-packages/airflow/example_dags/example_branch_operator.py took 0.093 seconds
[2024-10-18T23:45:35.252+0000] {processor.py:186} INFO - Started process (PID=1595) to work on /home/airflow/.local/lib/python3.12/site-packages/airflow/example_dags/example_branch_operator.py
[2024-10-18T23:45:35.253+0000] {processor.py:914} INFO - Processing file /home/airflow/.local/lib/python3.12/site-packages/airflow/example_dags/example_branch_operator.py for tasks to queue
[2024-10-18T23:45:35.255+0000] {logging_mixin.py:190} INFO - [2024-10-18T23:45:35.255+0000] {dagbag.py:588} INFO - Filling up the DagBag from /home/airflow/.local/lib/python3.12/site-packages/airflow/example_dags/example_branch_operator.py
[2024-10-18T23:45:35.272+0000] {processor.py:925} INFO - DAG(s) 'example_branch_operator' retrieved from /home/airflow/.local/lib/python3.12/site-packages/airflow/example_dags/example_branch_operator.py
[2024-10-18T23:45:35.300+0000] {logging_mixin.py:190} INFO - [2024-10-18T23:45:35.300+0000] {dag.py:3239} INFO - Sync 1 DAGs
[2024-10-18T23:45:35.323+0000] {logging_mixin.py:190} INFO - [2024-10-18T23:45:35.323+0000] {dag.py:4180} INFO - Setting next_dagrun for example_branch_operator to 2024-10-17 00:00:00+00:00, run_after=2024-10-18 00:00:00+00:00
[2024-10-18T23:45:35.343+0000] {processor.py:208} INFO - Processing /home/airflow/.local/lib/python3.12/site-packages/airflow/example_dags/example_branch_operator.py took 0.098 seconds
[2024-10-18T23:46:06.024+0000] {processor.py:186} INFO - Started process (PID=1657) to work on /home/airflow/.local/lib/python3.12/site-packages/airflow/example_dags/example_branch_operator.py
[2024-10-18T23:46:06.025+0000] {processor.py:914} INFO - Processing file /home/airflow/.local/lib/python3.12/site-packages/airflow/example_dags/example_branch_operator.py for tasks to queue
[2024-10-18T23:46:06.028+0000] {logging_mixin.py:190} INFO - [2024-10-18T23:46:06.027+0000] {dagbag.py:588} INFO - Filling up the DagBag from /home/airflow/.local/lib/python3.12/site-packages/airflow/example_dags/example_branch_operator.py
[2024-10-18T23:46:06.044+0000] {processor.py:925} INFO - DAG(s) 'example_branch_operator' retrieved from /home/airflow/.local/lib/python3.12/site-packages/airflow/example_dags/example_branch_operator.py
[2024-10-18T23:46:06.070+0000] {logging_mixin.py:190} INFO - [2024-10-18T23:46:06.070+0000] {dag.py:3239} INFO - Sync 1 DAGs
[2024-10-18T23:46:06.095+0000] {logging_mixin.py:190} INFO - [2024-10-18T23:46:06.094+0000] {dag.py:4180} INFO - Setting next_dagrun for example_branch_operator to 2024-10-17 00:00:00+00:00, run_after=2024-10-18 00:00:00+00:00
[2024-10-18T23:46:06.115+0000] {processor.py:208} INFO - Processing /home/airflow/.local/lib/python3.12/site-packages/airflow/example_dags/example_branch_operator.py took 0.096 seconds
[2024-10-18T23:46:36.805+0000] {processor.py:186} INFO - Started process (PID=1719) to work on /home/airflow/.local/lib/python3.12/site-packages/airflow/example_dags/example_branch_operator.py
[2024-10-18T23:46:36.806+0000] {processor.py:914} INFO - Processing file /home/airflow/.local/lib/python3.12/site-packages/airflow/example_dags/example_branch_operator.py for tasks to queue
[2024-10-18T23:46:36.809+0000] {logging_mixin.py:190} INFO - [2024-10-18T23:46:36.808+0000] {dagbag.py:588} INFO - Filling up the DagBag from /home/airflow/.local/lib/python3.12/site-packages/airflow/example_dags/example_branch_operator.py
[2024-10-18T23:46:36.825+0000] {processor.py:925} INFO - DAG(s) 'example_branch_operator' retrieved from /home/airflow/.local/lib/python3.12/site-packages/airflow/example_dags/example_branch_operator.py
[2024-10-18T23:46:36.852+0000] {logging_mixin.py:190} INFO - [2024-10-18T23:46:36.852+0000] {dag.py:3239} INFO - Sync 1 DAGs
[2024-10-18T23:46:36.874+0000] {logging_mixin.py:190} INFO - [2024-10-18T23:46:36.874+0000] {dag.py:4180} INFO - Setting next_dagrun for example_branch_operator to 2024-10-17 00:00:00+00:00, run_after=2024-10-18 00:00:00+00:00
[2024-10-18T23:46:36.895+0000] {processor.py:208} INFO - Processing /home/airflow/.local/lib/python3.12/site-packages/airflow/example_dags/example_branch_operator.py took 0.095 seconds
[2024-10-18T23:47:07.255+0000] {processor.py:186} INFO - Started process (PID=1781) to work on /home/airflow/.local/lib/python3.12/site-packages/airflow/example_dags/example_branch_operator.py
[2024-10-18T23:47:07.256+0000] {processor.py:914} INFO - Processing file /home/airflow/.local/lib/python3.12/site-packages/airflow/example_dags/example_branch_operator.py for tasks to queue
[2024-10-18T23:47:07.258+0000] {logging_mixin.py:190} INFO - [2024-10-18T23:47:07.258+0000] {dagbag.py:588} INFO - Filling up the DagBag from /home/airflow/.local/lib/python3.12/site-packages/airflow/example_dags/example_branch_operator.py
[2024-10-18T23:47:07.273+0000] {processor.py:925} INFO - DAG(s) 'example_branch_operator' retrieved from /home/airflow/.local/lib/python3.12/site-packages/airflow/example_dags/example_branch_operator.py
[2024-10-18T23:47:07.300+0000] {logging_mixin.py:190} INFO - [2024-10-18T23:47:07.300+0000] {dag.py:3239} INFO - Sync 1 DAGs
[2024-10-18T23:47:07.321+0000] {logging_mixin.py:190} INFO - [2024-10-18T23:47:07.321+0000] {dag.py:4180} INFO - Setting next_dagrun for example_branch_operator to 2024-10-17 00:00:00+00:00, run_after=2024-10-18 00:00:00+00:00
[2024-10-18T23:47:07.341+0000] {processor.py:208} INFO - Processing /home/airflow/.local/lib/python3.12/site-packages/airflow/example_dags/example_branch_operator.py took 0.092 seconds
[2024-10-18T23:47:37.711+0000] {processor.py:186} INFO - Started process (PID=1843) to work on /home/airflow/.local/lib/python3.12/site-packages/airflow/example_dags/example_branch_operator.py
[2024-10-18T23:47:37.712+0000] {processor.py:914} INFO - Processing file /home/airflow/.local/lib/python3.12/site-packages/airflow/example_dags/example_branch_operator.py for tasks to queue
[2024-10-18T23:47:37.716+0000] {logging_mixin.py:190} INFO - [2024-10-18T23:47:37.715+0000] {dagbag.py:588} INFO - Filling up the DagBag from /home/airflow/.local/lib/python3.12/site-packages/airflow/example_dags/example_branch_operator.py
[2024-10-18T23:47:37.739+0000] {processor.py:925} INFO - DAG(s) 'example_branch_operator' retrieved from /home/airflow/.local/lib/python3.12/site-packages/airflow/example_dags/example_branch_operator.py
[2024-10-18T23:47:37.771+0000] {logging_mixin.py:190} INFO - [2024-10-18T23:47:37.771+0000] {dag.py:3239} INFO - Sync 1 DAGs
[2024-10-18T23:47:37.798+0000] {logging_mixin.py:190} INFO - [2024-10-18T23:47:37.798+0000] {dag.py:4180} INFO - Setting next_dagrun for example_branch_operator to 2024-10-17 00:00:00+00:00, run_after=2024-10-18 00:00:00+00:00
[2024-10-18T23:47:37.820+0000] {processor.py:208} INFO - Processing /home/airflow/.local/lib/python3.12/site-packages/airflow/example_dags/example_branch_operator.py took 0.118 seconds
[2024-10-18T23:48:08.008+0000] {processor.py:186} INFO - Started process (PID=1905) to work on /home/airflow/.local/lib/python3.12/site-packages/airflow/example_dags/example_branch_operator.py
[2024-10-18T23:48:08.010+0000] {processor.py:914} INFO - Processing file /home/airflow/.local/lib/python3.12/site-packages/airflow/example_dags/example_branch_operator.py for tasks to queue
[2024-10-18T23:48:08.013+0000] {logging_mixin.py:190} INFO - [2024-10-18T23:48:08.013+0000] {dagbag.py:588} INFO - Filling up the DagBag from /home/airflow/.local/lib/python3.12/site-packages/airflow/example_dags/example_branch_operator.py
[2024-10-18T23:48:08.064+0000] {processor.py:925} INFO - DAG(s) 'example_branch_operator' retrieved from /home/airflow/.local/lib/python3.12/site-packages/airflow/example_dags/example_branch_operator.py
[2024-10-18T23:48:08.134+0000] {logging_mixin.py:190} INFO - [2024-10-18T23:48:08.133+0000] {dag.py:3239} INFO - Sync 1 DAGs
[2024-10-18T23:48:08.176+0000] {logging_mixin.py:190} INFO - [2024-10-18T23:48:08.175+0000] {dag.py:4180} INFO - Setting next_dagrun for example_branch_operator to 2024-10-17 00:00:00+00:00, run_after=2024-10-18 00:00:00+00:00
[2024-10-18T23:48:08.205+0000] {processor.py:208} INFO - Processing /home/airflow/.local/lib/python3.12/site-packages/airflow/example_dags/example_branch_operator.py took 0.208 seconds
[2024-10-18T23:48:38.372+0000] {processor.py:186} INFO - Started process (PID=1967) to work on /home/airflow/.local/lib/python3.12/site-packages/airflow/example_dags/example_branch_operator.py
[2024-10-18T23:48:38.373+0000] {processor.py:914} INFO - Processing file /home/airflow/.local/lib/python3.12/site-packages/airflow/example_dags/example_branch_operator.py for tasks to queue
[2024-10-18T23:48:38.376+0000] {logging_mixin.py:190} INFO - [2024-10-18T23:48:38.376+0000] {dagbag.py:588} INFO - Filling up the DagBag from /home/airflow/.local/lib/python3.12/site-packages/airflow/example_dags/example_branch_operator.py
[2024-10-18T23:48:38.404+0000] {processor.py:925} INFO - DAG(s) 'example_branch_operator' retrieved from /home/airflow/.local/lib/python3.12/site-packages/airflow/example_dags/example_branch_operator.py
[2024-10-18T23:48:38.445+0000] {logging_mixin.py:190} INFO - [2024-10-18T23:48:38.444+0000] {dag.py:3239} INFO - Sync 1 DAGs
[2024-10-18T23:48:38.484+0000] {logging_mixin.py:190} INFO - [2024-10-18T23:48:38.483+0000] {dag.py:4180} INFO - Setting next_dagrun for example_branch_operator to 2024-10-17 00:00:00+00:00, run_after=2024-10-18 00:00:00+00:00
[2024-10-18T23:48:38.517+0000] {processor.py:208} INFO - Processing /home/airflow/.local/lib/python3.12/site-packages/airflow/example_dags/example_branch_operator.py took 0.153 seconds
[2024-10-18T23:49:09.020+0000] {processor.py:186} INFO - Started process (PID=2029) to work on /home/airflow/.local/lib/python3.12/site-packages/airflow/example_dags/example_branch_operator.py
[2024-10-18T23:49:09.022+0000] {processor.py:914} INFO - Processing file /home/airflow/.local/lib/python3.12/site-packages/airflow/example_dags/example_branch_operator.py for tasks to queue
[2024-10-18T23:49:09.028+0000] {logging_mixin.py:190} INFO - [2024-10-18T23:49:09.028+0000] {dagbag.py:588} INFO - Filling up the DagBag from /home/airflow/.local/lib/python3.12/site-packages/airflow/example_dags/example_branch_operator.py
[2024-10-18T23:49:09.070+0000] {processor.py:925} INFO - DAG(s) 'example_branch_operator' retrieved from /home/airflow/.local/lib/python3.12/site-packages/airflow/example_dags/example_branch_operator.py
[2024-10-18T23:49:09.151+0000] {logging_mixin.py:190} INFO - [2024-10-18T23:49:09.150+0000] {dag.py:3239} INFO - Sync 1 DAGs
[2024-10-18T23:49:09.223+0000] {logging_mixin.py:190} INFO - [2024-10-18T23:49:09.223+0000] {dag.py:4180} INFO - Setting next_dagrun for example_branch_operator to 2024-10-17 00:00:00+00:00, run_after=2024-10-18 00:00:00+00:00
[2024-10-18T23:49:09.261+0000] {processor.py:208} INFO - Processing /home/airflow/.local/lib/python3.12/site-packages/airflow/example_dags/example_branch_operator.py took 0.254 seconds
[2024-10-18T23:49:40.079+0000] {processor.py:186} INFO - Started process (PID=2091) to work on /home/airflow/.local/lib/python3.12/site-packages/airflow/example_dags/example_branch_operator.py
[2024-10-18T23:49:40.080+0000] {processor.py:914} INFO - Processing file /home/airflow/.local/lib/python3.12/site-packages/airflow/example_dags/example_branch_operator.py for tasks to queue
[2024-10-18T23:49:40.083+0000] {logging_mixin.py:190} INFO - [2024-10-18T23:49:40.082+0000] {dagbag.py:588} INFO - Filling up the DagBag from /home/airflow/.local/lib/python3.12/site-packages/airflow/example_dags/example_branch_operator.py
[2024-10-18T23:49:40.100+0000] {processor.py:925} INFO - DAG(s) 'example_branch_operator' retrieved from /home/airflow/.local/lib/python3.12/site-packages/airflow/example_dags/example_branch_operator.py
[2024-10-18T23:49:40.128+0000] {logging_mixin.py:190} INFO - [2024-10-18T23:49:40.127+0000] {dag.py:3239} INFO - Sync 1 DAGs
[2024-10-18T23:49:40.150+0000] {logging_mixin.py:190} INFO - [2024-10-18T23:49:40.150+0000] {dag.py:4180} INFO - Setting next_dagrun for example_branch_operator to 2024-10-17 00:00:00+00:00, run_after=2024-10-18 00:00:00+00:00
[2024-10-18T23:49:40.173+0000] {processor.py:208} INFO - Processing /home/airflow/.local/lib/python3.12/site-packages/airflow/example_dags/example_branch_operator.py took 0.100 seconds
[2024-10-18T23:50:10.556+0000] {processor.py:186} INFO - Started process (PID=2153) to work on /home/airflow/.local/lib/python3.12/site-packages/airflow/example_dags/example_branch_operator.py
[2024-10-18T23:50:10.557+0000] {processor.py:914} INFO - Processing file /home/airflow/.local/lib/python3.12/site-packages/airflow/example_dags/example_branch_operator.py for tasks to queue
[2024-10-18T23:50:10.560+0000] {logging_mixin.py:190} INFO - [2024-10-18T23:50:10.559+0000] {dagbag.py:588} INFO - Filling up the DagBag from /home/airflow/.local/lib/python3.12/site-packages/airflow/example_dags/example_branch_operator.py
[2024-10-18T23:50:10.577+0000] {processor.py:925} INFO - DAG(s) 'example_branch_operator' retrieved from /home/airflow/.local/lib/python3.12/site-packages/airflow/example_dags/example_branch_operator.py
[2024-10-18T23:50:10.607+0000] {logging_mixin.py:190} INFO - [2024-10-18T23:50:10.606+0000] {dag.py:3239} INFO - Sync 1 DAGs
[2024-10-18T23:50:10.633+0000] {logging_mixin.py:190} INFO - [2024-10-18T23:50:10.633+0000] {dag.py:4180} INFO - Setting next_dagrun for example_branch_operator to 2024-10-17 00:00:00+00:00, run_after=2024-10-18 00:00:00+00:00
[2024-10-18T23:50:10.657+0000] {processor.py:208} INFO - Processing /home/airflow/.local/lib/python3.12/site-packages/airflow/example_dags/example_branch_operator.py took 0.106 seconds
[2024-10-18T23:50:41.150+0000] {processor.py:186} INFO - Started process (PID=2215) to work on /home/airflow/.local/lib/python3.12/site-packages/airflow/example_dags/example_branch_operator.py
[2024-10-18T23:50:41.151+0000] {processor.py:914} INFO - Processing file /home/airflow/.local/lib/python3.12/site-packages/airflow/example_dags/example_branch_operator.py for tasks to queue
[2024-10-18T23:50:41.154+0000] {logging_mixin.py:190} INFO - [2024-10-18T23:50:41.154+0000] {dagbag.py:588} INFO - Filling up the DagBag from /home/airflow/.local/lib/python3.12/site-packages/airflow/example_dags/example_branch_operator.py
[2024-10-18T23:50:41.178+0000] {processor.py:925} INFO - DAG(s) 'example_branch_operator' retrieved from /home/airflow/.local/lib/python3.12/site-packages/airflow/example_dags/example_branch_operator.py
[2024-10-18T23:50:41.216+0000] {logging_mixin.py:190} INFO - [2024-10-18T23:50:41.216+0000] {dag.py:3239} INFO - Sync 1 DAGs
[2024-10-18T23:50:41.249+0000] {logging_mixin.py:190} INFO - [2024-10-18T23:50:41.249+0000] {dag.py:4180} INFO - Setting next_dagrun for example_branch_operator to 2024-10-17 00:00:00+00:00, run_after=2024-10-18 00:00:00+00:00
[2024-10-18T23:50:41.278+0000] {processor.py:208} INFO - Processing /home/airflow/.local/lib/python3.12/site-packages/airflow/example_dags/example_branch_operator.py took 0.136 seconds
[2024-10-18T23:51:12.142+0000] {processor.py:186} INFO - Started process (PID=2284) to work on /home/airflow/.local/lib/python3.12/site-packages/airflow/example_dags/example_branch_operator.py
[2024-10-18T23:51:12.144+0000] {processor.py:914} INFO - Processing file /home/airflow/.local/lib/python3.12/site-packages/airflow/example_dags/example_branch_operator.py for tasks to queue
[2024-10-18T23:51:12.150+0000] {logging_mixin.py:190} INFO - [2024-10-18T23:51:12.150+0000] {dagbag.py:588} INFO - Filling up the DagBag from /home/airflow/.local/lib/python3.12/site-packages/airflow/example_dags/example_branch_operator.py
[2024-10-18T23:51:12.187+0000] {processor.py:925} INFO - DAG(s) 'example_branch_operator' retrieved from /home/airflow/.local/lib/python3.12/site-packages/airflow/example_dags/example_branch_operator.py
[2024-10-18T23:51:12.241+0000] {logging_mixin.py:190} INFO - [2024-10-18T23:51:12.240+0000] {dag.py:3239} INFO - Sync 1 DAGs
[2024-10-18T23:51:12.285+0000] {logging_mixin.py:190} INFO - [2024-10-18T23:51:12.285+0000] {dag.py:4180} INFO - Setting next_dagrun for example_branch_operator to 2024-10-17 00:00:00+00:00, run_after=2024-10-18 00:00:00+00:00
[2024-10-18T23:51:12.321+0000] {processor.py:208} INFO - Processing /home/airflow/.local/lib/python3.12/site-packages/airflow/example_dags/example_branch_operator.py took 0.192 seconds
[2024-10-18T23:51:42.728+0000] {processor.py:186} INFO - Started process (PID=2346) to work on /home/airflow/.local/lib/python3.12/site-packages/airflow/example_dags/example_branch_operator.py
[2024-10-18T23:51:42.730+0000] {processor.py:914} INFO - Processing file /home/airflow/.local/lib/python3.12/site-packages/airflow/example_dags/example_branch_operator.py for tasks to queue
[2024-10-18T23:51:42.733+0000] {logging_mixin.py:190} INFO - [2024-10-18T23:51:42.733+0000] {dagbag.py:588} INFO - Filling up the DagBag from /home/airflow/.local/lib/python3.12/site-packages/airflow/example_dags/example_branch_operator.py
[2024-10-18T23:51:42.760+0000] {processor.py:925} INFO - DAG(s) 'example_branch_operator' retrieved from /home/airflow/.local/lib/python3.12/site-packages/airflow/example_dags/example_branch_operator.py
[2024-10-18T23:51:42.810+0000] {logging_mixin.py:190} INFO - [2024-10-18T23:51:42.809+0000] {dag.py:3239} INFO - Sync 1 DAGs
[2024-10-18T23:51:42.855+0000] {logging_mixin.py:190} INFO - [2024-10-18T23:51:42.855+0000] {dag.py:4180} INFO - Setting next_dagrun for example_branch_operator to 2024-10-17 00:00:00+00:00, run_after=2024-10-18 00:00:00+00:00
[2024-10-18T23:51:42.894+0000] {processor.py:208} INFO - Processing /home/airflow/.local/lib/python3.12/site-packages/airflow/example_dags/example_branch_operator.py took 0.177 seconds
[2024-10-18T23:52:14.825+0000] {processor.py:186} INFO - Started process (PID=2398) to work on /home/airflow/.local/lib/python3.12/site-packages/airflow/example_dags/example_branch_operator.py
[2024-10-18T23:52:14.826+0000] {processor.py:914} INFO - Processing file /home/airflow/.local/lib/python3.12/site-packages/airflow/example_dags/example_branch_operator.py for tasks to queue
[2024-10-18T23:52:14.831+0000] {logging_mixin.py:190} INFO - [2024-10-18T23:52:14.831+0000] {dagbag.py:588} INFO - Filling up the DagBag from /home/airflow/.local/lib/python3.12/site-packages/airflow/example_dags/example_branch_operator.py
[2024-10-18T23:52:14.889+0000] {processor.py:925} INFO - DAG(s) 'example_branch_operator' retrieved from /home/airflow/.local/lib/python3.12/site-packages/airflow/example_dags/example_branch_operator.py
[2024-10-18T23:52:14.983+0000] {logging_mixin.py:190} INFO - [2024-10-18T23:52:14.982+0000] {dag.py:3239} INFO - Sync 1 DAGs
[2024-10-18T23:52:15.070+0000] {logging_mixin.py:190} INFO - [2024-10-18T23:52:15.069+0000] {dag.py:4180} INFO - Setting next_dagrun for example_branch_operator to 2024-10-17 00:00:00+00:00, run_after=2024-10-18 00:00:00+00:00
[2024-10-18T23:52:15.125+0000] {processor.py:208} INFO - Processing /home/airflow/.local/lib/python3.12/site-packages/airflow/example_dags/example_branch_operator.py took 0.316 seconds
[2024-10-18T23:52:46.034+0000] {processor.py:186} INFO - Started process (PID=2460) to work on /home/airflow/.local/lib/python3.12/site-packages/airflow/example_dags/example_branch_operator.py
[2024-10-18T23:52:46.038+0000] {processor.py:914} INFO - Processing file /home/airflow/.local/lib/python3.12/site-packages/airflow/example_dags/example_branch_operator.py for tasks to queue
[2024-10-18T23:52:46.044+0000] {logging_mixin.py:190} INFO - [2024-10-18T23:52:46.043+0000] {dagbag.py:588} INFO - Filling up the DagBag from /home/airflow/.local/lib/python3.12/site-packages/airflow/example_dags/example_branch_operator.py
[2024-10-18T23:52:46.087+0000] {processor.py:925} INFO - DAG(s) 'example_branch_operator' retrieved from /home/airflow/.local/lib/python3.12/site-packages/airflow/example_dags/example_branch_operator.py
[2024-10-18T23:52:46.146+0000] {logging_mixin.py:190} INFO - [2024-10-18T23:52:46.146+0000] {dag.py:3239} INFO - Sync 1 DAGs
[2024-10-18T23:52:46.193+0000] {logging_mixin.py:190} INFO - [2024-10-18T23:52:46.192+0000] {dag.py:4180} INFO - Setting next_dagrun for example_branch_operator to 2024-10-17 00:00:00+00:00, run_after=2024-10-18 00:00:00+00:00
[2024-10-18T23:52:46.243+0000] {processor.py:208} INFO - Processing /home/airflow/.local/lib/python3.12/site-packages/airflow/example_dags/example_branch_operator.py took 0.223 seconds
[2024-10-18T23:53:20.716+0000] {processor.py:186} INFO - Started process (PID=2519) to work on /home/airflow/.local/lib/python3.12/site-packages/airflow/example_dags/example_branch_operator.py
[2024-10-18T23:53:20.730+0000] {processor.py:914} INFO - Processing file /home/airflow/.local/lib/python3.12/site-packages/airflow/example_dags/example_branch_operator.py for tasks to queue
[2024-10-18T23:53:20.745+0000] {logging_mixin.py:190} INFO - [2024-10-18T23:53:20.744+0000] {dagbag.py:588} INFO - Filling up the DagBag from /home/airflow/.local/lib/python3.12/site-packages/airflow/example_dags/example_branch_operator.py
[2024-10-18T23:53:20.845+0000] {processor.py:925} INFO - DAG(s) 'example_branch_operator' retrieved from /home/airflow/.local/lib/python3.12/site-packages/airflow/example_dags/example_branch_operator.py
[2024-10-18T23:53:21.025+0000] {logging_mixin.py:190} INFO - [2024-10-18T23:53:21.024+0000] {dag.py:3239} INFO - Sync 1 DAGs
[2024-10-18T23:53:21.315+0000] {logging_mixin.py:190} INFO - [2024-10-18T23:53:21.314+0000] {dag.py:4180} INFO - Setting next_dagrun for example_branch_operator to 2024-10-17 00:00:00+00:00, run_after=2024-10-18 00:00:00+00:00
[2024-10-18T23:53:21.434+0000] {processor.py:208} INFO - Processing /home/airflow/.local/lib/python3.12/site-packages/airflow/example_dags/example_branch_operator.py took 0.752 seconds
[2024-10-18T23:53:52.087+0000] {processor.py:186} INFO - Started process (PID=2581) to work on /home/airflow/.local/lib/python3.12/site-packages/airflow/example_dags/example_branch_operator.py
[2024-10-18T23:53:52.088+0000] {processor.py:914} INFO - Processing file /home/airflow/.local/lib/python3.12/site-packages/airflow/example_dags/example_branch_operator.py for tasks to queue
[2024-10-18T23:53:52.091+0000] {logging_mixin.py:190} INFO - [2024-10-18T23:53:52.091+0000] {dagbag.py:588} INFO - Filling up the DagBag from /home/airflow/.local/lib/python3.12/site-packages/airflow/example_dags/example_branch_operator.py
[2024-10-18T23:53:52.109+0000] {processor.py:925} INFO - DAG(s) 'example_branch_operator' retrieved from /home/airflow/.local/lib/python3.12/site-packages/airflow/example_dags/example_branch_operator.py
[2024-10-18T23:53:52.137+0000] {logging_mixin.py:190} INFO - [2024-10-18T23:53:52.137+0000] {dag.py:3239} INFO - Sync 1 DAGs
[2024-10-18T23:53:52.164+0000] {logging_mixin.py:190} INFO - [2024-10-18T23:53:52.164+0000] {dag.py:4180} INFO - Setting next_dagrun for example_branch_operator to 2024-10-17 00:00:00+00:00, run_after=2024-10-18 00:00:00+00:00
[2024-10-18T23:53:52.190+0000] {processor.py:208} INFO - Processing /home/airflow/.local/lib/python3.12/site-packages/airflow/example_dags/example_branch_operator.py took 0.107 seconds
[2024-10-18T23:54:22.943+0000] {processor.py:186} INFO - Started process (PID=2643) to work on /home/airflow/.local/lib/python3.12/site-packages/airflow/example_dags/example_branch_operator.py
[2024-10-18T23:54:22.947+0000] {processor.py:914} INFO - Processing file /home/airflow/.local/lib/python3.12/site-packages/airflow/example_dags/example_branch_operator.py for tasks to queue
[2024-10-18T23:54:22.952+0000] {logging_mixin.py:190} INFO - [2024-10-18T23:54:22.952+0000] {dagbag.py:588} INFO - Filling up the DagBag from /home/airflow/.local/lib/python3.12/site-packages/airflow/example_dags/example_branch_operator.py
[2024-10-18T23:54:22.997+0000] {processor.py:925} INFO - DAG(s) 'example_branch_operator' retrieved from /home/airflow/.local/lib/python3.12/site-packages/airflow/example_dags/example_branch_operator.py
[2024-10-18T23:54:23.097+0000] {logging_mixin.py:190} INFO - [2024-10-18T23:54:23.096+0000] {dag.py:3239} INFO - Sync 1 DAGs
[2024-10-18T23:54:23.188+0000] {logging_mixin.py:190} INFO - [2024-10-18T23:54:23.187+0000] {dag.py:4180} INFO - Setting next_dagrun for example_branch_operator to 2024-10-17 00:00:00+00:00, run_after=2024-10-18 00:00:00+00:00
[2024-10-18T23:54:23.247+0000] {processor.py:208} INFO - Processing /home/airflow/.local/lib/python3.12/site-packages/airflow/example_dags/example_branch_operator.py took 0.318 seconds
[2024-10-18T23:54:53.730+0000] {processor.py:186} INFO - Started process (PID=2706) to work on /home/airflow/.local/lib/python3.12/site-packages/airflow/example_dags/example_branch_operator.py
[2024-10-18T23:54:53.733+0000] {processor.py:914} INFO - Processing file /home/airflow/.local/lib/python3.12/site-packages/airflow/example_dags/example_branch_operator.py for tasks to queue
[2024-10-18T23:54:53.737+0000] {logging_mixin.py:190} INFO - [2024-10-18T23:54:53.737+0000] {dagbag.py:588} INFO - Filling up the DagBag from /home/airflow/.local/lib/python3.12/site-packages/airflow/example_dags/example_branch_operator.py
[2024-10-18T23:54:53.771+0000] {processor.py:925} INFO - DAG(s) 'example_branch_operator' retrieved from /home/airflow/.local/lib/python3.12/site-packages/airflow/example_dags/example_branch_operator.py
[2024-10-18T23:54:53.826+0000] {logging_mixin.py:190} INFO - [2024-10-18T23:54:53.826+0000] {dag.py:3239} INFO - Sync 1 DAGs
[2024-10-18T23:54:53.878+0000] {logging_mixin.py:190} INFO - [2024-10-18T23:54:53.878+0000] {dag.py:4180} INFO - Setting next_dagrun for example_branch_operator to 2024-10-17 00:00:00+00:00, run_after=2024-10-18 00:00:00+00:00
[2024-10-18T23:54:53.924+0000] {processor.py:208} INFO - Processing /home/airflow/.local/lib/python3.12/site-packages/airflow/example_dags/example_branch_operator.py took 0.205 seconds
[2024-10-18T23:56:52.867+0000] {processor.py:186} INFO - Started process (PID=2785) to work on /home/airflow/.local/lib/python3.12/site-packages/airflow/example_dags/example_branch_operator.py
[2024-10-18T23:56:52.870+0000] {processor.py:914} INFO - Processing file /home/airflow/.local/lib/python3.12/site-packages/airflow/example_dags/example_branch_operator.py for tasks to queue
[2024-10-18T23:56:52.876+0000] {logging_mixin.py:190} INFO - [2024-10-18T23:56:52.875+0000] {dagbag.py:588} INFO - Filling up the DagBag from /home/airflow/.local/lib/python3.12/site-packages/airflow/example_dags/example_branch_operator.py
[2024-10-18T23:56:52.918+0000] {processor.py:925} INFO - DAG(s) 'example_branch_operator' retrieved from /home/airflow/.local/lib/python3.12/site-packages/airflow/example_dags/example_branch_operator.py
[2024-10-18T23:56:52.982+0000] {logging_mixin.py:190} INFO - [2024-10-18T23:56:52.982+0000] {dag.py:3239} INFO - Sync 1 DAGs
[2024-10-18T23:56:53.397+0000] {logging_mixin.py:190} INFO - [2024-10-18T23:56:53.397+0000] {dag.py:4180} INFO - Setting next_dagrun for example_branch_operator to 2024-10-17 00:00:00+00:00, run_after=2024-10-18 00:00:00+00:00
[2024-10-18T23:56:53.427+0000] {processor.py:208} INFO - Processing /home/airflow/.local/lib/python3.12/site-packages/airflow/example_dags/example_branch_operator.py took 0.570 seconds
[2024-10-18T23:57:23.537+0000] {processor.py:186} INFO - Started process (PID=2848) to work on /home/airflow/.local/lib/python3.12/site-packages/airflow/example_dags/example_branch_operator.py
[2024-10-18T23:57:23.540+0000] {processor.py:914} INFO - Processing file /home/airflow/.local/lib/python3.12/site-packages/airflow/example_dags/example_branch_operator.py for tasks to queue
[2024-10-18T23:57:23.544+0000] {logging_mixin.py:190} INFO - [2024-10-18T23:57:23.543+0000] {dagbag.py:588} INFO - Filling up the DagBag from /home/airflow/.local/lib/python3.12/site-packages/airflow/example_dags/example_branch_operator.py
[2024-10-18T23:57:23.581+0000] {processor.py:925} INFO - DAG(s) 'example_branch_operator' retrieved from /home/airflow/.local/lib/python3.12/site-packages/airflow/example_dags/example_branch_operator.py
[2024-10-18T23:57:23.630+0000] {logging_mixin.py:190} INFO - [2024-10-18T23:57:23.630+0000] {dag.py:3239} INFO - Sync 1 DAGs
[2024-10-18T23:57:23.889+0000] {logging_mixin.py:190} INFO - [2024-10-18T23:57:23.889+0000] {dag.py:4180} INFO - Setting next_dagrun for example_branch_operator to 2024-10-17 00:00:00+00:00, run_after=2024-10-18 00:00:00+00:00
[2024-10-18T23:57:23.914+0000] {processor.py:208} INFO - Processing /home/airflow/.local/lib/python3.12/site-packages/airflow/example_dags/example_branch_operator.py took 0.385 seconds
[2024-10-18T23:57:54.808+0000] {processor.py:186} INFO - Started process (PID=2910) to work on /home/airflow/.local/lib/python3.12/site-packages/airflow/example_dags/example_branch_operator.py
[2024-10-18T23:57:54.809+0000] {processor.py:914} INFO - Processing file /home/airflow/.local/lib/python3.12/site-packages/airflow/example_dags/example_branch_operator.py for tasks to queue
[2024-10-18T23:57:54.811+0000] {logging_mixin.py:190} INFO - [2024-10-18T23:57:54.811+0000] {dagbag.py:588} INFO - Filling up the DagBag from /home/airflow/.local/lib/python3.12/site-packages/airflow/example_dags/example_branch_operator.py
[2024-10-18T23:57:54.829+0000] {processor.py:925} INFO - DAG(s) 'example_branch_operator' retrieved from /home/airflow/.local/lib/python3.12/site-packages/airflow/example_dags/example_branch_operator.py
[2024-10-18T23:57:54.858+0000] {logging_mixin.py:190} INFO - [2024-10-18T23:57:54.858+0000] {dag.py:3239} INFO - Sync 1 DAGs
[2024-10-18T23:57:55.050+0000] {logging_mixin.py:190} INFO - [2024-10-18T23:57:55.050+0000] {dag.py:4180} INFO - Setting next_dagrun for example_branch_operator to 2024-10-17 00:00:00+00:00, run_after=2024-10-18 00:00:00+00:00
[2024-10-18T23:57:55.078+0000] {processor.py:208} INFO - Processing /home/airflow/.local/lib/python3.12/site-packages/airflow/example_dags/example_branch_operator.py took 0.275 seconds
[2024-10-18T23:58:25.341+0000] {processor.py:186} INFO - Started process (PID=2972) to work on /home/airflow/.local/lib/python3.12/site-packages/airflow/example_dags/example_branch_operator.py
[2024-10-18T23:58:25.342+0000] {processor.py:914} INFO - Processing file /home/airflow/.local/lib/python3.12/site-packages/airflow/example_dags/example_branch_operator.py for tasks to queue
[2024-10-18T23:58:25.344+0000] {logging_mixin.py:190} INFO - [2024-10-18T23:58:25.344+0000] {dagbag.py:588} INFO - Filling up the DagBag from /home/airflow/.local/lib/python3.12/site-packages/airflow/example_dags/example_branch_operator.py
[2024-10-18T23:58:25.360+0000] {processor.py:925} INFO - DAG(s) 'example_branch_operator' retrieved from /home/airflow/.local/lib/python3.12/site-packages/airflow/example_dags/example_branch_operator.py
[2024-10-18T23:58:25.390+0000] {logging_mixin.py:190} INFO - [2024-10-18T23:58:25.390+0000] {dag.py:3239} INFO - Sync 1 DAGs
[2024-10-18T23:58:25.414+0000] {logging_mixin.py:190} INFO - [2024-10-18T23:58:25.414+0000] {dag.py:4180} INFO - Setting next_dagrun for example_branch_operator to 2024-10-17 00:00:00+00:00, run_after=2024-10-18 00:00:00+00:00
[2024-10-18T23:58:25.435+0000] {processor.py:208} INFO - Processing /home/airflow/.local/lib/python3.12/site-packages/airflow/example_dags/example_branch_operator.py took 0.099 seconds
[2024-10-18T23:58:55.980+0000] {processor.py:186} INFO - Started process (PID=3034) to work on /home/airflow/.local/lib/python3.12/site-packages/airflow/example_dags/example_branch_operator.py
[2024-10-18T23:58:55.981+0000] {processor.py:914} INFO - Processing file /home/airflow/.local/lib/python3.12/site-packages/airflow/example_dags/example_branch_operator.py for tasks to queue
[2024-10-18T23:58:55.984+0000] {logging_mixin.py:190} INFO - [2024-10-18T23:58:55.983+0000] {dagbag.py:588} INFO - Filling up the DagBag from /home/airflow/.local/lib/python3.12/site-packages/airflow/example_dags/example_branch_operator.py
[2024-10-18T23:58:56.001+0000] {processor.py:925} INFO - DAG(s) 'example_branch_operator' retrieved from /home/airflow/.local/lib/python3.12/site-packages/airflow/example_dags/example_branch_operator.py
[2024-10-18T23:58:56.028+0000] {logging_mixin.py:190} INFO - [2024-10-18T23:58:56.028+0000] {dag.py:3239} INFO - Sync 1 DAGs
[2024-10-18T23:58:56.051+0000] {logging_mixin.py:190} INFO - [2024-10-18T23:58:56.051+0000] {dag.py:4180} INFO - Setting next_dagrun for example_branch_operator to 2024-10-17 00:00:00+00:00, run_after=2024-10-18 00:00:00+00:00
[2024-10-18T23:58:56.078+0000] {processor.py:208} INFO - Processing /home/airflow/.local/lib/python3.12/site-packages/airflow/example_dags/example_branch_operator.py took 0.103 seconds
[2024-10-18T23:59:26.362+0000] {processor.py:186} INFO - Started process (PID=3095) to work on /home/airflow/.local/lib/python3.12/site-packages/airflow/example_dags/example_branch_operator.py
[2024-10-18T23:59:26.363+0000] {processor.py:914} INFO - Processing file /home/airflow/.local/lib/python3.12/site-packages/airflow/example_dags/example_branch_operator.py for tasks to queue
[2024-10-18T23:59:26.365+0000] {logging_mixin.py:190} INFO - [2024-10-18T23:59:26.365+0000] {dagbag.py:588} INFO - Filling up the DagBag from /home/airflow/.local/lib/python3.12/site-packages/airflow/example_dags/example_branch_operator.py
[2024-10-18T23:59:26.386+0000] {processor.py:925} INFO - DAG(s) 'example_branch_operator' retrieved from /home/airflow/.local/lib/python3.12/site-packages/airflow/example_dags/example_branch_operator.py
[2024-10-18T23:59:26.557+0000] {logging_mixin.py:190} INFO - [2024-10-18T23:59:26.556+0000] {dag.py:3239} INFO - Sync 1 DAGs
[2024-10-18T23:59:26.577+0000] {logging_mixin.py:190} INFO - [2024-10-18T23:59:26.576+0000] {dag.py:4180} INFO - Setting next_dagrun for example_branch_operator to 2024-10-17 00:00:00+00:00, run_after=2024-10-18 00:00:00+00:00
[2024-10-18T23:59:26.594+0000] {processor.py:208} INFO - Processing /home/airflow/.local/lib/python3.12/site-packages/airflow/example_dags/example_branch_operator.py took 0.237 seconds
[2024-10-18T23:59:57.189+0000] {processor.py:186} INFO - Started process (PID=3157) to work on /home/airflow/.local/lib/python3.12/site-packages/airflow/example_dags/example_branch_operator.py
[2024-10-18T23:59:57.190+0000] {processor.py:914} INFO - Processing file /home/airflow/.local/lib/python3.12/site-packages/airflow/example_dags/example_branch_operator.py for tasks to queue
[2024-10-18T23:59:57.192+0000] {logging_mixin.py:190} INFO - [2024-10-18T23:59:57.192+0000] {dagbag.py:588} INFO - Filling up the DagBag from /home/airflow/.local/lib/python3.12/site-packages/airflow/example_dags/example_branch_operator.py
[2024-10-18T23:59:57.211+0000] {processor.py:925} INFO - DAG(s) 'example_branch_operator' retrieved from /home/airflow/.local/lib/python3.12/site-packages/airflow/example_dags/example_branch_operator.py
[2024-10-18T23:59:57.237+0000] {logging_mixin.py:190} INFO - [2024-10-18T23:59:57.237+0000] {dag.py:3239} INFO - Sync 1 DAGs
[2024-10-18T23:59:57.265+0000] {logging_mixin.py:190} INFO - [2024-10-18T23:59:57.264+0000] {dag.py:4180} INFO - Setting next_dagrun for example_branch_operator to 2024-10-17 00:00:00+00:00, run_after=2024-10-18 00:00:00+00:00
[2024-10-18T23:59:57.287+0000] {processor.py:208} INFO - Processing /home/airflow/.local/lib/python3.12/site-packages/airflow/example_dags/example_branch_operator.py took 0.103 seconds
