[2024-10-18T23:33:10.953+0000] {processor.py:186} INFO - Started process (PID=114) to work on /home/airflow/.local/lib/python3.12/site-packages/airflow/example_dags/example_bash_operator.py
[2024-10-18T23:33:10.955+0000] {processor.py:914} INFO - Processing file /home/airflow/.local/lib/python3.12/site-packages/airflow/example_dags/example_bash_operator.py for tasks to queue
[2024-10-18T23:33:10.960+0000] {logging_mixin.py:190} INFO - [2024-10-18T23:33:10.959+0000] {dagbag.py:588} INFO - Filling up the DagBag from /home/airflow/.local/lib/python3.12/site-packages/airflow/example_dags/example_bash_operator.py
[2024-10-18T23:33:10.990+0000] {processor.py:925} INFO - DAG(s) 'example_bash_operator' retrieved from /home/airflow/.local/lib/python3.12/site-packages/airflow/example_dags/example_bash_operator.py
[2024-10-18T23:33:11.200+0000] {logging_mixin.py:190} INFO - [2024-10-18T23:33:11.199+0000] {override.py:1900} INFO - Created Permission View: can read on DAG:example_bash_operator
[2024-10-18T23:33:11.216+0000] {logging_mixin.py:190} INFO - [2024-10-18T23:33:11.215+0000] {override.py:1900} INFO - Created Permission View: can edit on DAG:example_bash_operator
[2024-10-18T23:33:11.227+0000] {logging_mixin.py:190} INFO - [2024-10-18T23:33:11.226+0000] {override.py:1900} INFO - Created Permission View: can delete on DAG:example_bash_operator
[2024-10-18T23:33:11.253+0000] {logging_mixin.py:190} INFO - [2024-10-18T23:33:11.253+0000] {override.py:1900} INFO - Created Permission View: can read on DAG Run:example_bash_operator
[2024-10-18T23:33:11.264+0000] {logging_mixin.py:190} INFO - [2024-10-18T23:33:11.264+0000] {override.py:1900} INFO - Created Permission View: can create on DAG Run:example_bash_operator
[2024-10-18T23:33:11.275+0000] {logging_mixin.py:190} INFO - [2024-10-18T23:33:11.275+0000] {override.py:1900} INFO - Created Permission View: menu access on DAG Run:example_bash_operator
[2024-10-18T23:33:11.287+0000] {logging_mixin.py:190} INFO - [2024-10-18T23:33:11.286+0000] {override.py:1900} INFO - Created Permission View: can delete on DAG Run:example_bash_operator
[2024-10-18T23:33:11.288+0000] {logging_mixin.py:190} INFO - [2024-10-18T23:33:11.287+0000] {dag.py:3239} INFO - Sync 1 DAGs
[2024-10-18T23:33:11.307+0000] {logging_mixin.py:190} INFO - [2024-10-18T23:33:11.306+0000] {dag.py:3262} INFO - Creating ORM DAG for example_bash_operator
[2024-10-18T23:33:11.328+0000] {logging_mixin.py:190} INFO - [2024-10-18T23:33:11.328+0000] {dag.py:4180} INFO - Setting next_dagrun for example_bash_operator to 2024-10-17 00:00:00+00:00, run_after=2024-10-18 00:00:00+00:00
[2024-10-18T23:33:11.359+0000] {processor.py:208} INFO - Processing /home/airflow/.local/lib/python3.12/site-packages/airflow/example_dags/example_bash_operator.py took 0.419 seconds
[2024-10-18T23:33:41.993+0000] {processor.py:186} INFO - Started process (PID=176) to work on /home/airflow/.local/lib/python3.12/site-packages/airflow/example_dags/example_bash_operator.py
[2024-10-18T23:33:41.995+0000] {processor.py:914} INFO - Processing file /home/airflow/.local/lib/python3.12/site-packages/airflow/example_dags/example_bash_operator.py for tasks to queue
[2024-10-18T23:33:41.998+0000] {logging_mixin.py:190} INFO - [2024-10-18T23:33:41.998+0000] {dagbag.py:588} INFO - Filling up the DagBag from /home/airflow/.local/lib/python3.12/site-packages/airflow/example_dags/example_bash_operator.py
[2024-10-18T23:33:42.043+0000] {processor.py:925} INFO - DAG(s) 'example_bash_operator' retrieved from /home/airflow/.local/lib/python3.12/site-packages/airflow/example_dags/example_bash_operator.py
[2024-10-18T23:33:42.107+0000] {logging_mixin.py:190} INFO - [2024-10-18T23:33:42.107+0000] {dag.py:3239} INFO - Sync 1 DAGs
[2024-10-18T23:33:42.151+0000] {logging_mixin.py:190} INFO - [2024-10-18T23:33:42.151+0000] {dag.py:4180} INFO - Setting next_dagrun for example_bash_operator to 2024-10-17 00:00:00+00:00, run_after=2024-10-18 00:00:00+00:00
[2024-10-18T23:33:42.182+0000] {processor.py:208} INFO - Processing /home/airflow/.local/lib/python3.12/site-packages/airflow/example_dags/example_bash_operator.py took 0.198 seconds
[2024-10-18T23:34:12.331+0000] {processor.py:186} INFO - Started process (PID=237) to work on /home/airflow/.local/lib/python3.12/site-packages/airflow/example_dags/example_bash_operator.py
[2024-10-18T23:34:12.332+0000] {processor.py:914} INFO - Processing file /home/airflow/.local/lib/python3.12/site-packages/airflow/example_dags/example_bash_operator.py for tasks to queue
[2024-10-18T23:34:12.335+0000] {logging_mixin.py:190} INFO - [2024-10-18T23:34:12.334+0000] {dagbag.py:588} INFO - Filling up the DagBag from /home/airflow/.local/lib/python3.12/site-packages/airflow/example_dags/example_bash_operator.py
[2024-10-18T23:34:12.346+0000] {processor.py:925} INFO - DAG(s) 'example_bash_operator' retrieved from /home/airflow/.local/lib/python3.12/site-packages/airflow/example_dags/example_bash_operator.py
[2024-10-18T23:34:12.371+0000] {logging_mixin.py:190} INFO - [2024-10-18T23:34:12.371+0000] {dag.py:3239} INFO - Sync 1 DAGs
[2024-10-18T23:34:12.398+0000] {logging_mixin.py:190} INFO - [2024-10-18T23:34:12.398+0000] {dag.py:4180} INFO - Setting next_dagrun for example_bash_operator to 2024-10-17 00:00:00+00:00, run_after=2024-10-18 00:00:00+00:00
[2024-10-18T23:34:12.421+0000] {processor.py:208} INFO - Processing /home/airflow/.local/lib/python3.12/site-packages/airflow/example_dags/example_bash_operator.py took 0.095 seconds
[2024-10-18T23:34:42.977+0000] {processor.py:186} INFO - Started process (PID=299) to work on /home/airflow/.local/lib/python3.12/site-packages/airflow/example_dags/example_bash_operator.py
[2024-10-18T23:34:42.978+0000] {processor.py:914} INFO - Processing file /home/airflow/.local/lib/python3.12/site-packages/airflow/example_dags/example_bash_operator.py for tasks to queue
[2024-10-18T23:34:42.980+0000] {logging_mixin.py:190} INFO - [2024-10-18T23:34:42.980+0000] {dagbag.py:588} INFO - Filling up the DagBag from /home/airflow/.local/lib/python3.12/site-packages/airflow/example_dags/example_bash_operator.py
[2024-10-18T23:34:42.992+0000] {processor.py:925} INFO - DAG(s) 'example_bash_operator' retrieved from /home/airflow/.local/lib/python3.12/site-packages/airflow/example_dags/example_bash_operator.py
[2024-10-18T23:34:43.017+0000] {logging_mixin.py:190} INFO - [2024-10-18T23:34:43.017+0000] {dag.py:3239} INFO - Sync 1 DAGs
[2024-10-18T23:34:43.038+0000] {logging_mixin.py:190} INFO - [2024-10-18T23:34:43.038+0000] {dag.py:4180} INFO - Setting next_dagrun for example_bash_operator to 2024-10-17 00:00:00+00:00, run_after=2024-10-18 00:00:00+00:00
[2024-10-18T23:34:43.065+0000] {processor.py:208} INFO - Processing /home/airflow/.local/lib/python3.12/site-packages/airflow/example_dags/example_bash_operator.py took 0.093 seconds
[2024-10-18T23:35:13.223+0000] {processor.py:186} INFO - Started process (PID=361) to work on /home/airflow/.local/lib/python3.12/site-packages/airflow/example_dags/example_bash_operator.py
[2024-10-18T23:35:13.224+0000] {processor.py:914} INFO - Processing file /home/airflow/.local/lib/python3.12/site-packages/airflow/example_dags/example_bash_operator.py for tasks to queue
[2024-10-18T23:35:13.227+0000] {logging_mixin.py:190} INFO - [2024-10-18T23:35:13.226+0000] {dagbag.py:588} INFO - Filling up the DagBag from /home/airflow/.local/lib/python3.12/site-packages/airflow/example_dags/example_bash_operator.py
[2024-10-18T23:35:13.238+0000] {processor.py:925} INFO - DAG(s) 'example_bash_operator' retrieved from /home/airflow/.local/lib/python3.12/site-packages/airflow/example_dags/example_bash_operator.py
[2024-10-18T23:35:13.263+0000] {logging_mixin.py:190} INFO - [2024-10-18T23:35:13.263+0000] {dag.py:3239} INFO - Sync 1 DAGs
[2024-10-18T23:35:13.284+0000] {logging_mixin.py:190} INFO - [2024-10-18T23:35:13.284+0000] {dag.py:4180} INFO - Setting next_dagrun for example_bash_operator to 2024-10-17 00:00:00+00:00, run_after=2024-10-18 00:00:00+00:00
[2024-10-18T23:35:13.305+0000] {processor.py:208} INFO - Processing /home/airflow/.local/lib/python3.12/site-packages/airflow/example_dags/example_bash_operator.py took 0.087 seconds
[2024-10-18T23:35:45.849+0000] {processor.py:186} INFO - Started process (PID=423) to work on /home/airflow/.local/lib/python3.12/site-packages/airflow/example_dags/example_bash_operator.py
[2024-10-18T23:35:45.851+0000] {processor.py:914} INFO - Processing file /home/airflow/.local/lib/python3.12/site-packages/airflow/example_dags/example_bash_operator.py for tasks to queue
[2024-10-18T23:35:45.853+0000] {logging_mixin.py:190} INFO - [2024-10-18T23:35:45.853+0000] {dagbag.py:588} INFO - Filling up the DagBag from /home/airflow/.local/lib/python3.12/site-packages/airflow/example_dags/example_bash_operator.py
[2024-10-18T23:35:45.865+0000] {processor.py:925} INFO - DAG(s) 'example_bash_operator' retrieved from /home/airflow/.local/lib/python3.12/site-packages/airflow/example_dags/example_bash_operator.py
[2024-10-18T23:35:45.893+0000] {logging_mixin.py:190} INFO - [2024-10-18T23:35:45.893+0000] {dag.py:3239} INFO - Sync 1 DAGs
[2024-10-18T23:35:45.915+0000] {logging_mixin.py:190} INFO - [2024-10-18T23:35:45.915+0000] {dag.py:4180} INFO - Setting next_dagrun for example_bash_operator to 2024-10-17 00:00:00+00:00, run_after=2024-10-18 00:00:00+00:00
[2024-10-18T23:35:47.274+0000] {processor.py:208} INFO - Processing /home/airflow/.local/lib/python3.12/site-packages/airflow/example_dags/example_bash_operator.py took 1.430 seconds
[2024-10-18T23:36:17.504+0000] {processor.py:186} INFO - Started process (PID=485) to work on /home/airflow/.local/lib/python3.12/site-packages/airflow/example_dags/example_bash_operator.py
[2024-10-18T23:36:17.514+0000] {processor.py:914} INFO - Processing file /home/airflow/.local/lib/python3.12/site-packages/airflow/example_dags/example_bash_operator.py for tasks to queue
[2024-10-18T23:36:17.521+0000] {logging_mixin.py:190} INFO - [2024-10-18T23:36:17.521+0000] {dagbag.py:588} INFO - Filling up the DagBag from /home/airflow/.local/lib/python3.12/site-packages/airflow/example_dags/example_bash_operator.py
[2024-10-18T23:36:17.561+0000] {processor.py:925} INFO - DAG(s) 'example_bash_operator' retrieved from /home/airflow/.local/lib/python3.12/site-packages/airflow/example_dags/example_bash_operator.py
[2024-10-18T23:36:17.659+0000] {logging_mixin.py:190} INFO - [2024-10-18T23:36:17.658+0000] {dag.py:3239} INFO - Sync 1 DAGs
[2024-10-18T23:36:17.753+0000] {logging_mixin.py:190} INFO - [2024-10-18T23:36:17.752+0000] {dag.py:4180} INFO - Setting next_dagrun for example_bash_operator to 2024-10-17 00:00:00+00:00, run_after=2024-10-18 00:00:00+00:00
[2024-10-18T23:36:17.846+0000] {processor.py:208} INFO - Processing /home/airflow/.local/lib/python3.12/site-packages/airflow/example_dags/example_bash_operator.py took 0.351 seconds
[2024-10-18T23:36:48.692+0000] {processor.py:186} INFO - Started process (PID=547) to work on /home/airflow/.local/lib/python3.12/site-packages/airflow/example_dags/example_bash_operator.py
[2024-10-18T23:36:48.695+0000] {processor.py:914} INFO - Processing file /home/airflow/.local/lib/python3.12/site-packages/airflow/example_dags/example_bash_operator.py for tasks to queue
[2024-10-18T23:36:48.702+0000] {logging_mixin.py:190} INFO - [2024-10-18T23:36:48.701+0000] {dagbag.py:588} INFO - Filling up the DagBag from /home/airflow/.local/lib/python3.12/site-packages/airflow/example_dags/example_bash_operator.py
[2024-10-18T23:36:48.741+0000] {processor.py:925} INFO - DAG(s) 'example_bash_operator' retrieved from /home/airflow/.local/lib/python3.12/site-packages/airflow/example_dags/example_bash_operator.py
[2024-10-18T23:36:48.839+0000] {logging_mixin.py:190} INFO - [2024-10-18T23:36:48.838+0000] {dag.py:3239} INFO - Sync 1 DAGs
[2024-10-18T23:36:48.922+0000] {logging_mixin.py:190} INFO - [2024-10-18T23:36:48.922+0000] {dag.py:4180} INFO - Setting next_dagrun for example_bash_operator to 2024-10-17 00:00:00+00:00, run_after=2024-10-18 00:00:00+00:00
[2024-10-18T23:36:48.983+0000] {processor.py:208} INFO - Processing /home/airflow/.local/lib/python3.12/site-packages/airflow/example_dags/example_bash_operator.py took 0.310 seconds
[2024-10-18T23:37:19.322+0000] {processor.py:186} INFO - Started process (PID=609) to work on /home/airflow/.local/lib/python3.12/site-packages/airflow/example_dags/example_bash_operator.py
[2024-10-18T23:37:19.324+0000] {processor.py:914} INFO - Processing file /home/airflow/.local/lib/python3.12/site-packages/airflow/example_dags/example_bash_operator.py for tasks to queue
[2024-10-18T23:37:19.327+0000] {logging_mixin.py:190} INFO - [2024-10-18T23:37:19.326+0000] {dagbag.py:588} INFO - Filling up the DagBag from /home/airflow/.local/lib/python3.12/site-packages/airflow/example_dags/example_bash_operator.py
[2024-10-18T23:37:19.340+0000] {processor.py:925} INFO - DAG(s) 'example_bash_operator' retrieved from /home/airflow/.local/lib/python3.12/site-packages/airflow/example_dags/example_bash_operator.py
[2024-10-18T23:37:19.368+0000] {logging_mixin.py:190} INFO - [2024-10-18T23:37:19.368+0000] {dag.py:3239} INFO - Sync 1 DAGs
[2024-10-18T23:37:19.390+0000] {logging_mixin.py:190} INFO - [2024-10-18T23:37:19.390+0000] {dag.py:4180} INFO - Setting next_dagrun for example_bash_operator to 2024-10-17 00:00:00+00:00, run_after=2024-10-18 00:00:00+00:00
[2024-10-18T23:37:19.411+0000] {processor.py:208} INFO - Processing /home/airflow/.local/lib/python3.12/site-packages/airflow/example_dags/example_bash_operator.py took 0.094 seconds
[2024-10-18T23:37:49.815+0000] {processor.py:186} INFO - Started process (PID=671) to work on /home/airflow/.local/lib/python3.12/site-packages/airflow/example_dags/example_bash_operator.py
[2024-10-18T23:37:49.816+0000] {processor.py:914} INFO - Processing file /home/airflow/.local/lib/python3.12/site-packages/airflow/example_dags/example_bash_operator.py for tasks to queue
[2024-10-18T23:37:49.818+0000] {logging_mixin.py:190} INFO - [2024-10-18T23:37:49.818+0000] {dagbag.py:588} INFO - Filling up the DagBag from /home/airflow/.local/lib/python3.12/site-packages/airflow/example_dags/example_bash_operator.py
[2024-10-18T23:37:49.830+0000] {processor.py:925} INFO - DAG(s) 'example_bash_operator' retrieved from /home/airflow/.local/lib/python3.12/site-packages/airflow/example_dags/example_bash_operator.py
[2024-10-18T23:37:49.856+0000] {logging_mixin.py:190} INFO - [2024-10-18T23:37:49.856+0000] {dag.py:3239} INFO - Sync 1 DAGs
[2024-10-18T23:37:49.880+0000] {logging_mixin.py:190} INFO - [2024-10-18T23:37:49.879+0000] {dag.py:4180} INFO - Setting next_dagrun for example_bash_operator to 2024-10-17 00:00:00+00:00, run_after=2024-10-18 00:00:00+00:00
[2024-10-18T23:37:49.902+0000] {processor.py:208} INFO - Processing /home/airflow/.local/lib/python3.12/site-packages/airflow/example_dags/example_bash_operator.py took 0.093 seconds
[2024-10-18T23:38:20.616+0000] {processor.py:186} INFO - Started process (PID=733) to work on /home/airflow/.local/lib/python3.12/site-packages/airflow/example_dags/example_bash_operator.py
[2024-10-18T23:38:20.618+0000] {processor.py:914} INFO - Processing file /home/airflow/.local/lib/python3.12/site-packages/airflow/example_dags/example_bash_operator.py for tasks to queue
[2024-10-18T23:38:20.620+0000] {logging_mixin.py:190} INFO - [2024-10-18T23:38:20.620+0000] {dagbag.py:588} INFO - Filling up the DagBag from /home/airflow/.local/lib/python3.12/site-packages/airflow/example_dags/example_bash_operator.py
[2024-10-18T23:38:20.633+0000] {processor.py:925} INFO - DAG(s) 'example_bash_operator' retrieved from /home/airflow/.local/lib/python3.12/site-packages/airflow/example_dags/example_bash_operator.py
[2024-10-18T23:38:20.660+0000] {logging_mixin.py:190} INFO - [2024-10-18T23:38:20.660+0000] {dag.py:3239} INFO - Sync 1 DAGs
[2024-10-18T23:38:20.685+0000] {logging_mixin.py:190} INFO - [2024-10-18T23:38:20.684+0000] {dag.py:4180} INFO - Setting next_dagrun for example_bash_operator to 2024-10-17 00:00:00+00:00, run_after=2024-10-18 00:00:00+00:00
[2024-10-18T23:38:20.704+0000] {processor.py:208} INFO - Processing /home/airflow/.local/lib/python3.12/site-packages/airflow/example_dags/example_bash_operator.py took 0.094 seconds
[2024-10-18T23:38:51.356+0000] {processor.py:186} INFO - Started process (PID=795) to work on /home/airflow/.local/lib/python3.12/site-packages/airflow/example_dags/example_bash_operator.py
[2024-10-18T23:38:51.357+0000] {processor.py:914} INFO - Processing file /home/airflow/.local/lib/python3.12/site-packages/airflow/example_dags/example_bash_operator.py for tasks to queue
[2024-10-18T23:38:51.360+0000] {logging_mixin.py:190} INFO - [2024-10-18T23:38:51.360+0000] {dagbag.py:588} INFO - Filling up the DagBag from /home/airflow/.local/lib/python3.12/site-packages/airflow/example_dags/example_bash_operator.py
[2024-10-18T23:38:51.375+0000] {processor.py:925} INFO - DAG(s) 'example_bash_operator' retrieved from /home/airflow/.local/lib/python3.12/site-packages/airflow/example_dags/example_bash_operator.py
[2024-10-18T23:38:51.407+0000] {logging_mixin.py:190} INFO - [2024-10-18T23:38:51.407+0000] {dag.py:3239} INFO - Sync 1 DAGs
[2024-10-18T23:38:51.429+0000] {logging_mixin.py:190} INFO - [2024-10-18T23:38:51.429+0000] {dag.py:4180} INFO - Setting next_dagrun for example_bash_operator to 2024-10-17 00:00:00+00:00, run_after=2024-10-18 00:00:00+00:00
[2024-10-18T23:38:51.449+0000] {processor.py:208} INFO - Processing /home/airflow/.local/lib/python3.12/site-packages/airflow/example_dags/example_bash_operator.py took 0.099 seconds
[2024-10-18T23:39:22.088+0000] {processor.py:186} INFO - Started process (PID=857) to work on /home/airflow/.local/lib/python3.12/site-packages/airflow/example_dags/example_bash_operator.py
[2024-10-18T23:39:22.089+0000] {processor.py:914} INFO - Processing file /home/airflow/.local/lib/python3.12/site-packages/airflow/example_dags/example_bash_operator.py for tasks to queue
[2024-10-18T23:39:22.092+0000] {logging_mixin.py:190} INFO - [2024-10-18T23:39:22.092+0000] {dagbag.py:588} INFO - Filling up the DagBag from /home/airflow/.local/lib/python3.12/site-packages/airflow/example_dags/example_bash_operator.py
[2024-10-18T23:39:22.105+0000] {processor.py:925} INFO - DAG(s) 'example_bash_operator' retrieved from /home/airflow/.local/lib/python3.12/site-packages/airflow/example_dags/example_bash_operator.py
[2024-10-18T23:39:22.130+0000] {logging_mixin.py:190} INFO - [2024-10-18T23:39:22.130+0000] {dag.py:3239} INFO - Sync 1 DAGs
[2024-10-18T23:39:22.154+0000] {logging_mixin.py:190} INFO - [2024-10-18T23:39:22.154+0000] {dag.py:4180} INFO - Setting next_dagrun for example_bash_operator to 2024-10-17 00:00:00+00:00, run_after=2024-10-18 00:00:00+00:00
[2024-10-18T23:39:22.173+0000] {processor.py:208} INFO - Processing /home/airflow/.local/lib/python3.12/site-packages/airflow/example_dags/example_bash_operator.py took 0.090 seconds
[2024-10-18T23:39:53.947+0000] {processor.py:186} INFO - Started process (PID=919) to work on /home/airflow/.local/lib/python3.12/site-packages/airflow/example_dags/example_bash_operator.py
[2024-10-18T23:39:53.950+0000] {processor.py:914} INFO - Processing file /home/airflow/.local/lib/python3.12/site-packages/airflow/example_dags/example_bash_operator.py for tasks to queue
[2024-10-18T23:39:53.959+0000] {logging_mixin.py:190} INFO - [2024-10-18T23:39:53.958+0000] {dagbag.py:588} INFO - Filling up the DagBag from /home/airflow/.local/lib/python3.12/site-packages/airflow/example_dags/example_bash_operator.py
[2024-10-18T23:39:53.999+0000] {processor.py:925} INFO - DAG(s) 'example_bash_operator' retrieved from /home/airflow/.local/lib/python3.12/site-packages/airflow/example_dags/example_bash_operator.py
[2024-10-18T23:39:54.081+0000] {logging_mixin.py:190} INFO - [2024-10-18T23:39:54.080+0000] {dag.py:3239} INFO - Sync 1 DAGs
[2024-10-18T23:39:54.155+0000] {logging_mixin.py:190} INFO - [2024-10-18T23:39:54.155+0000] {dag.py:4180} INFO - Setting next_dagrun for example_bash_operator to 2024-10-17 00:00:00+00:00, run_after=2024-10-18 00:00:00+00:00
[2024-10-18T23:39:54.244+0000] {processor.py:208} INFO - Processing /home/airflow/.local/lib/python3.12/site-packages/airflow/example_dags/example_bash_operator.py took 0.317 seconds
[2024-10-18T23:40:25.076+0000] {processor.py:186} INFO - Started process (PID=981) to work on /home/airflow/.local/lib/python3.12/site-packages/airflow/example_dags/example_bash_operator.py
[2024-10-18T23:40:25.077+0000] {processor.py:914} INFO - Processing file /home/airflow/.local/lib/python3.12/site-packages/airflow/example_dags/example_bash_operator.py for tasks to queue
[2024-10-18T23:40:25.080+0000] {logging_mixin.py:190} INFO - [2024-10-18T23:40:25.079+0000] {dagbag.py:588} INFO - Filling up the DagBag from /home/airflow/.local/lib/python3.12/site-packages/airflow/example_dags/example_bash_operator.py
[2024-10-18T23:40:25.092+0000] {processor.py:925} INFO - DAG(s) 'example_bash_operator' retrieved from /home/airflow/.local/lib/python3.12/site-packages/airflow/example_dags/example_bash_operator.py
[2024-10-18T23:40:25.117+0000] {logging_mixin.py:190} INFO - [2024-10-18T23:40:25.117+0000] {dag.py:3239} INFO - Sync 1 DAGs
[2024-10-18T23:40:25.140+0000] {logging_mixin.py:190} INFO - [2024-10-18T23:40:25.140+0000] {dag.py:4180} INFO - Setting next_dagrun for example_bash_operator to 2024-10-17 00:00:00+00:00, run_after=2024-10-18 00:00:00+00:00
[2024-10-18T23:40:25.160+0000] {processor.py:208} INFO - Processing /home/airflow/.local/lib/python3.12/site-packages/airflow/example_dags/example_bash_operator.py took 0.089 seconds
[2024-10-18T23:40:55.543+0000] {processor.py:186} INFO - Started process (PID=1043) to work on /home/airflow/.local/lib/python3.12/site-packages/airflow/example_dags/example_bash_operator.py
[2024-10-18T23:40:55.545+0000] {processor.py:914} INFO - Processing file /home/airflow/.local/lib/python3.12/site-packages/airflow/example_dags/example_bash_operator.py for tasks to queue
[2024-10-18T23:40:55.549+0000] {logging_mixin.py:190} INFO - [2024-10-18T23:40:55.549+0000] {dagbag.py:588} INFO - Filling up the DagBag from /home/airflow/.local/lib/python3.12/site-packages/airflow/example_dags/example_bash_operator.py
[2024-10-18T23:40:55.564+0000] {processor.py:925} INFO - DAG(s) 'example_bash_operator' retrieved from /home/airflow/.local/lib/python3.12/site-packages/airflow/example_dags/example_bash_operator.py
[2024-10-18T23:40:55.605+0000] {logging_mixin.py:190} INFO - [2024-10-18T23:40:55.604+0000] {dag.py:3239} INFO - Sync 1 DAGs
[2024-10-18T23:40:55.634+0000] {logging_mixin.py:190} INFO - [2024-10-18T23:40:55.634+0000] {dag.py:4180} INFO - Setting next_dagrun for example_bash_operator to 2024-10-17 00:00:00+00:00, run_after=2024-10-18 00:00:00+00:00
[2024-10-18T23:40:55.659+0000] {processor.py:208} INFO - Processing /home/airflow/.local/lib/python3.12/site-packages/airflow/example_dags/example_bash_operator.py took 0.124 seconds
[2024-10-18T23:41:26.156+0000] {processor.py:186} INFO - Started process (PID=1105) to work on /home/airflow/.local/lib/python3.12/site-packages/airflow/example_dags/example_bash_operator.py
[2024-10-18T23:41:26.158+0000] {processor.py:914} INFO - Processing file /home/airflow/.local/lib/python3.12/site-packages/airflow/example_dags/example_bash_operator.py for tasks to queue
[2024-10-18T23:41:26.161+0000] {logging_mixin.py:190} INFO - [2024-10-18T23:41:26.161+0000] {dagbag.py:588} INFO - Filling up the DagBag from /home/airflow/.local/lib/python3.12/site-packages/airflow/example_dags/example_bash_operator.py
[2024-10-18T23:41:26.175+0000] {processor.py:925} INFO - DAG(s) 'example_bash_operator' retrieved from /home/airflow/.local/lib/python3.12/site-packages/airflow/example_dags/example_bash_operator.py
[2024-10-18T23:41:26.202+0000] {logging_mixin.py:190} INFO - [2024-10-18T23:41:26.202+0000] {dag.py:3239} INFO - Sync 1 DAGs
[2024-10-18T23:41:26.228+0000] {logging_mixin.py:190} INFO - [2024-10-18T23:41:26.227+0000] {dag.py:4180} INFO - Setting next_dagrun for example_bash_operator to 2024-10-17 00:00:00+00:00, run_after=2024-10-18 00:00:00+00:00
[2024-10-18T23:41:26.251+0000] {processor.py:208} INFO - Processing /home/airflow/.local/lib/python3.12/site-packages/airflow/example_dags/example_bash_operator.py took 0.101 seconds
[2024-10-18T23:41:59.876+0000] {processor.py:186} INFO - Started process (PID=1167) to work on /home/airflow/.local/lib/python3.12/site-packages/airflow/example_dags/example_bash_operator.py
[2024-10-18T23:41:59.878+0000] {processor.py:914} INFO - Processing file /home/airflow/.local/lib/python3.12/site-packages/airflow/example_dags/example_bash_operator.py for tasks to queue
[2024-10-18T23:41:59.884+0000] {logging_mixin.py:190} INFO - [2024-10-18T23:41:59.883+0000] {dagbag.py:588} INFO - Filling up the DagBag from /home/airflow/.local/lib/python3.12/site-packages/airflow/example_dags/example_bash_operator.py
[2024-10-18T23:41:59.909+0000] {processor.py:925} INFO - DAG(s) 'example_bash_operator' retrieved from /home/airflow/.local/lib/python3.12/site-packages/airflow/example_dags/example_bash_operator.py
[2024-10-18T23:41:59.957+0000] {logging_mixin.py:190} INFO - [2024-10-18T23:41:59.956+0000] {dag.py:3239} INFO - Sync 1 DAGs
[2024-10-18T23:42:00.008+0000] {logging_mixin.py:190} INFO - [2024-10-18T23:42:00.008+0000] {dag.py:4180} INFO - Setting next_dagrun for example_bash_operator to 2024-10-17 00:00:00+00:00, run_after=2024-10-18 00:00:00+00:00
[2024-10-18T23:42:00.047+0000] {processor.py:208} INFO - Processing /home/airflow/.local/lib/python3.12/site-packages/airflow/example_dags/example_bash_operator.py took 0.185 seconds
[2024-10-18T23:42:40.779+0000] {processor.py:186} INFO - Started process (PID=1229) to work on /home/airflow/.local/lib/python3.12/site-packages/airflow/example_dags/example_bash_operator.py
[2024-10-18T23:42:40.786+0000] {processor.py:914} INFO - Processing file /home/airflow/.local/lib/python3.12/site-packages/airflow/example_dags/example_bash_operator.py for tasks to queue
[2024-10-18T23:42:40.790+0000] {logging_mixin.py:190} INFO - [2024-10-18T23:42:40.789+0000] {dagbag.py:588} INFO - Filling up the DagBag from /home/airflow/.local/lib/python3.12/site-packages/airflow/example_dags/example_bash_operator.py
[2024-10-18T23:42:40.811+0000] {processor.py:925} INFO - DAG(s) 'example_bash_operator' retrieved from /home/airflow/.local/lib/python3.12/site-packages/airflow/example_dags/example_bash_operator.py
[2024-10-18T23:42:40.840+0000] {logging_mixin.py:190} INFO - [2024-10-18T23:42:40.840+0000] {dag.py:3239} INFO - Sync 1 DAGs
[2024-10-18T23:42:40.874+0000] {logging_mixin.py:190} INFO - [2024-10-18T23:42:40.874+0000] {dag.py:4180} INFO - Setting next_dagrun for example_bash_operator to 2024-10-17 00:00:00+00:00, run_after=2024-10-18 00:00:00+00:00
[2024-10-18T23:42:40.895+0000] {processor.py:208} INFO - Processing /home/airflow/.local/lib/python3.12/site-packages/airflow/example_dags/example_bash_operator.py took 0.123 seconds
[2024-10-18T23:43:11.735+0000] {processor.py:186} INFO - Started process (PID=1297) to work on /home/airflow/.local/lib/python3.12/site-packages/airflow/example_dags/example_bash_operator.py
[2024-10-18T23:43:11.737+0000] {processor.py:914} INFO - Processing file /home/airflow/.local/lib/python3.12/site-packages/airflow/example_dags/example_bash_operator.py for tasks to queue
[2024-10-18T23:43:11.741+0000] {logging_mixin.py:190} INFO - [2024-10-18T23:43:11.740+0000] {dagbag.py:588} INFO - Filling up the DagBag from /home/airflow/.local/lib/python3.12/site-packages/airflow/example_dags/example_bash_operator.py
[2024-10-18T23:43:11.759+0000] {processor.py:925} INFO - DAG(s) 'example_bash_operator' retrieved from /home/airflow/.local/lib/python3.12/site-packages/airflow/example_dags/example_bash_operator.py
[2024-10-18T23:43:11.809+0000] {logging_mixin.py:190} INFO - [2024-10-18T23:43:11.809+0000] {dag.py:3239} INFO - Sync 1 DAGs
[2024-10-18T23:43:11.855+0000] {logging_mixin.py:190} INFO - [2024-10-18T23:43:11.855+0000] {dag.py:4180} INFO - Setting next_dagrun for example_bash_operator to 2024-10-17 00:00:00+00:00, run_after=2024-10-18 00:00:00+00:00
[2024-10-18T23:43:11.889+0000] {processor.py:208} INFO - Processing /home/airflow/.local/lib/python3.12/site-packages/airflow/example_dags/example_bash_operator.py took 0.163 seconds
[2024-10-18T23:43:43.322+0000] {processor.py:186} INFO - Started process (PID=1360) to work on /home/airflow/.local/lib/python3.12/site-packages/airflow/example_dags/example_bash_operator.py
[2024-10-18T23:43:43.323+0000] {processor.py:914} INFO - Processing file /home/airflow/.local/lib/python3.12/site-packages/airflow/example_dags/example_bash_operator.py for tasks to queue
[2024-10-18T23:43:43.326+0000] {logging_mixin.py:190} INFO - [2024-10-18T23:43:43.326+0000] {dagbag.py:588} INFO - Filling up the DagBag from /home/airflow/.local/lib/python3.12/site-packages/airflow/example_dags/example_bash_operator.py
[2024-10-18T23:43:43.338+0000] {processor.py:925} INFO - DAG(s) 'example_bash_operator' retrieved from /home/airflow/.local/lib/python3.12/site-packages/airflow/example_dags/example_bash_operator.py
[2024-10-18T23:43:43.364+0000] {logging_mixin.py:190} INFO - [2024-10-18T23:43:43.363+0000] {dag.py:3239} INFO - Sync 1 DAGs
[2024-10-18T23:43:43.387+0000] {logging_mixin.py:190} INFO - [2024-10-18T23:43:43.387+0000] {dag.py:4180} INFO - Setting next_dagrun for example_bash_operator to 2024-10-17 00:00:00+00:00, run_after=2024-10-18 00:00:00+00:00
[2024-10-18T23:43:43.410+0000] {processor.py:208} INFO - Processing /home/airflow/.local/lib/python3.12/site-packages/airflow/example_dags/example_bash_operator.py took 0.094 seconds
[2024-10-18T23:44:14.710+0000] {processor.py:186} INFO - Started process (PID=1422) to work on /home/airflow/.local/lib/python3.12/site-packages/airflow/example_dags/example_bash_operator.py
[2024-10-18T23:44:14.711+0000] {processor.py:914} INFO - Processing file /home/airflow/.local/lib/python3.12/site-packages/airflow/example_dags/example_bash_operator.py for tasks to queue
[2024-10-18T23:44:14.715+0000] {logging_mixin.py:190} INFO - [2024-10-18T23:44:14.714+0000] {dagbag.py:588} INFO - Filling up the DagBag from /home/airflow/.local/lib/python3.12/site-packages/airflow/example_dags/example_bash_operator.py
[2024-10-18T23:44:14.731+0000] {processor.py:925} INFO - DAG(s) 'example_bash_operator' retrieved from /home/airflow/.local/lib/python3.12/site-packages/airflow/example_dags/example_bash_operator.py
[2024-10-18T23:44:14.769+0000] {logging_mixin.py:190} INFO - [2024-10-18T23:44:14.769+0000] {dag.py:3239} INFO - Sync 1 DAGs
[2024-10-18T23:44:14.799+0000] {logging_mixin.py:190} INFO - [2024-10-18T23:44:14.799+0000] {dag.py:4180} INFO - Setting next_dagrun for example_bash_operator to 2024-10-17 00:00:00+00:00, run_after=2024-10-18 00:00:00+00:00
[2024-10-18T23:44:14.821+0000] {processor.py:208} INFO - Processing /home/airflow/.local/lib/python3.12/site-packages/airflow/example_dags/example_bash_operator.py took 0.119 seconds
[2024-10-18T23:44:45.721+0000] {processor.py:186} INFO - Started process (PID=1485) to work on /home/airflow/.local/lib/python3.12/site-packages/airflow/example_dags/example_bash_operator.py
[2024-10-18T23:44:45.722+0000] {processor.py:914} INFO - Processing file /home/airflow/.local/lib/python3.12/site-packages/airflow/example_dags/example_bash_operator.py for tasks to queue
[2024-10-18T23:44:45.724+0000] {logging_mixin.py:190} INFO - [2024-10-18T23:44:45.724+0000] {dagbag.py:588} INFO - Filling up the DagBag from /home/airflow/.local/lib/python3.12/site-packages/airflow/example_dags/example_bash_operator.py
[2024-10-18T23:44:45.736+0000] {processor.py:925} INFO - DAG(s) 'example_bash_operator' retrieved from /home/airflow/.local/lib/python3.12/site-packages/airflow/example_dags/example_bash_operator.py
[2024-10-18T23:44:45.761+0000] {logging_mixin.py:190} INFO - [2024-10-18T23:44:45.760+0000] {dag.py:3239} INFO - Sync 1 DAGs
[2024-10-18T23:44:45.783+0000] {logging_mixin.py:190} INFO - [2024-10-18T23:44:45.783+0000] {dag.py:4180} INFO - Setting next_dagrun for example_bash_operator to 2024-10-17 00:00:00+00:00, run_after=2024-10-18 00:00:00+00:00
[2024-10-18T23:44:45.803+0000] {processor.py:208} INFO - Processing /home/airflow/.local/lib/python3.12/site-packages/airflow/example_dags/example_bash_operator.py took 0.087 seconds
[2024-10-18T23:45:16.258+0000] {processor.py:186} INFO - Started process (PID=1547) to work on /home/airflow/.local/lib/python3.12/site-packages/airflow/example_dags/example_bash_operator.py
[2024-10-18T23:45:16.259+0000] {processor.py:914} INFO - Processing file /home/airflow/.local/lib/python3.12/site-packages/airflow/example_dags/example_bash_operator.py for tasks to queue
[2024-10-18T23:45:16.262+0000] {logging_mixin.py:190} INFO - [2024-10-18T23:45:16.262+0000] {dagbag.py:588} INFO - Filling up the DagBag from /home/airflow/.local/lib/python3.12/site-packages/airflow/example_dags/example_bash_operator.py
[2024-10-18T23:45:16.274+0000] {processor.py:925} INFO - DAG(s) 'example_bash_operator' retrieved from /home/airflow/.local/lib/python3.12/site-packages/airflow/example_dags/example_bash_operator.py
[2024-10-18T23:45:16.299+0000] {logging_mixin.py:190} INFO - [2024-10-18T23:45:16.299+0000] {dag.py:3239} INFO - Sync 1 DAGs
[2024-10-18T23:45:16.320+0000] {logging_mixin.py:190} INFO - [2024-10-18T23:45:16.320+0000] {dag.py:4180} INFO - Setting next_dagrun for example_bash_operator to 2024-10-17 00:00:00+00:00, run_after=2024-10-18 00:00:00+00:00
[2024-10-18T23:45:16.340+0000] {processor.py:208} INFO - Processing /home/airflow/.local/lib/python3.12/site-packages/airflow/example_dags/example_bash_operator.py took 0.087 seconds
[2024-10-18T23:45:47.151+0000] {processor.py:186} INFO - Started process (PID=1612) to work on /home/airflow/.local/lib/python3.12/site-packages/airflow/example_dags/example_bash_operator.py
[2024-10-18T23:45:47.152+0000] {processor.py:914} INFO - Processing file /home/airflow/.local/lib/python3.12/site-packages/airflow/example_dags/example_bash_operator.py for tasks to queue
[2024-10-18T23:45:47.154+0000] {logging_mixin.py:190} INFO - [2024-10-18T23:45:47.154+0000] {dagbag.py:588} INFO - Filling up the DagBag from /home/airflow/.local/lib/python3.12/site-packages/airflow/example_dags/example_bash_operator.py
[2024-10-18T23:45:47.166+0000] {processor.py:925} INFO - DAG(s) 'example_bash_operator' retrieved from /home/airflow/.local/lib/python3.12/site-packages/airflow/example_dags/example_bash_operator.py
[2024-10-18T23:45:47.192+0000] {logging_mixin.py:190} INFO - [2024-10-18T23:45:47.192+0000] {dag.py:3239} INFO - Sync 1 DAGs
[2024-10-18T23:45:47.216+0000] {logging_mixin.py:190} INFO - [2024-10-18T23:45:47.216+0000] {dag.py:4180} INFO - Setting next_dagrun for example_bash_operator to 2024-10-17 00:00:00+00:00, run_after=2024-10-18 00:00:00+00:00
[2024-10-18T23:45:47.234+0000] {processor.py:208} INFO - Processing /home/airflow/.local/lib/python3.12/site-packages/airflow/example_dags/example_bash_operator.py took 0.088 seconds
[2024-10-18T23:46:17.976+0000] {processor.py:186} INFO - Started process (PID=1676) to work on /home/airflow/.local/lib/python3.12/site-packages/airflow/example_dags/example_bash_operator.py
[2024-10-18T23:46:17.977+0000] {processor.py:914} INFO - Processing file /home/airflow/.local/lib/python3.12/site-packages/airflow/example_dags/example_bash_operator.py for tasks to queue
[2024-10-18T23:46:17.979+0000] {logging_mixin.py:190} INFO - [2024-10-18T23:46:17.979+0000] {dagbag.py:588} INFO - Filling up the DagBag from /home/airflow/.local/lib/python3.12/site-packages/airflow/example_dags/example_bash_operator.py
[2024-10-18T23:46:17.992+0000] {processor.py:925} INFO - DAG(s) 'example_bash_operator' retrieved from /home/airflow/.local/lib/python3.12/site-packages/airflow/example_dags/example_bash_operator.py
[2024-10-18T23:46:18.019+0000] {logging_mixin.py:190} INFO - [2024-10-18T23:46:18.019+0000] {dag.py:3239} INFO - Sync 1 DAGs
[2024-10-18T23:46:18.043+0000] {logging_mixin.py:190} INFO - [2024-10-18T23:46:18.042+0000] {dag.py:4180} INFO - Setting next_dagrun for example_bash_operator to 2024-10-17 00:00:00+00:00, run_after=2024-10-18 00:00:00+00:00
[2024-10-18T23:46:18.062+0000] {processor.py:208} INFO - Processing /home/airflow/.local/lib/python3.12/site-packages/airflow/example_dags/example_bash_operator.py took 0.092 seconds
[2024-10-18T23:46:52.268+0000] {processor.py:186} INFO - Started process (PID=1738) to work on /home/airflow/.local/lib/python3.12/site-packages/airflow/example_dags/example_bash_operator.py
[2024-10-18T23:46:52.269+0000] {processor.py:914} INFO - Processing file /home/airflow/.local/lib/python3.12/site-packages/airflow/example_dags/example_bash_operator.py for tasks to queue
[2024-10-18T23:46:52.272+0000] {logging_mixin.py:190} INFO - [2024-10-18T23:46:52.272+0000] {dagbag.py:588} INFO - Filling up the DagBag from /home/airflow/.local/lib/python3.12/site-packages/airflow/example_dags/example_bash_operator.py
[2024-10-18T23:46:52.287+0000] {processor.py:925} INFO - DAG(s) 'example_bash_operator' retrieved from /home/airflow/.local/lib/python3.12/site-packages/airflow/example_dags/example_bash_operator.py
[2024-10-18T23:46:52.322+0000] {logging_mixin.py:190} INFO - [2024-10-18T23:46:52.321+0000] {dag.py:3239} INFO - Sync 1 DAGs
[2024-10-18T23:46:52.352+0000] {logging_mixin.py:190} INFO - [2024-10-18T23:46:52.352+0000] {dag.py:4180} INFO - Setting next_dagrun for example_bash_operator to 2024-10-17 00:00:00+00:00, run_after=2024-10-18 00:00:00+00:00
[2024-10-18T23:46:52.372+0000] {processor.py:208} INFO - Processing /home/airflow/.local/lib/python3.12/site-packages/airflow/example_dags/example_bash_operator.py took 0.110 seconds
[2024-10-18T23:47:23.539+0000] {processor.py:186} INFO - Started process (PID=1805) to work on /home/airflow/.local/lib/python3.12/site-packages/airflow/example_dags/example_bash_operator.py
[2024-10-18T23:47:23.540+0000] {processor.py:914} INFO - Processing file /home/airflow/.local/lib/python3.12/site-packages/airflow/example_dags/example_bash_operator.py for tasks to queue
[2024-10-18T23:47:23.543+0000] {logging_mixin.py:190} INFO - [2024-10-18T23:47:23.543+0000] {dagbag.py:588} INFO - Filling up the DagBag from /home/airflow/.local/lib/python3.12/site-packages/airflow/example_dags/example_bash_operator.py
[2024-10-18T23:47:23.558+0000] {processor.py:925} INFO - DAG(s) 'example_bash_operator' retrieved from /home/airflow/.local/lib/python3.12/site-packages/airflow/example_dags/example_bash_operator.py
[2024-10-18T23:47:23.583+0000] {logging_mixin.py:190} INFO - [2024-10-18T23:47:23.583+0000] {dag.py:3239} INFO - Sync 1 DAGs
[2024-10-18T23:47:23.606+0000] {logging_mixin.py:190} INFO - [2024-10-18T23:47:23.605+0000] {dag.py:4180} INFO - Setting next_dagrun for example_bash_operator to 2024-10-17 00:00:00+00:00, run_after=2024-10-18 00:00:00+00:00
[2024-10-18T23:47:23.627+0000] {processor.py:208} INFO - Processing /home/airflow/.local/lib/python3.12/site-packages/airflow/example_dags/example_bash_operator.py took 0.095 seconds
[2024-10-18T23:47:54.458+0000] {processor.py:186} INFO - Started process (PID=1866) to work on /home/airflow/.local/lib/python3.12/site-packages/airflow/example_dags/example_bash_operator.py
[2024-10-18T23:47:54.464+0000] {processor.py:914} INFO - Processing file /home/airflow/.local/lib/python3.12/site-packages/airflow/example_dags/example_bash_operator.py for tasks to queue
[2024-10-18T23:47:54.473+0000] {logging_mixin.py:190} INFO - [2024-10-18T23:47:54.473+0000] {dagbag.py:588} INFO - Filling up the DagBag from /home/airflow/.local/lib/python3.12/site-packages/airflow/example_dags/example_bash_operator.py
[2024-10-18T23:47:54.500+0000] {processor.py:925} INFO - DAG(s) 'example_bash_operator' retrieved from /home/airflow/.local/lib/python3.12/site-packages/airflow/example_dags/example_bash_operator.py
[2024-10-18T23:47:54.551+0000] {logging_mixin.py:190} INFO - [2024-10-18T23:47:54.550+0000] {dag.py:3239} INFO - Sync 1 DAGs
[2024-10-18T23:47:54.612+0000] {logging_mixin.py:190} INFO - [2024-10-18T23:47:54.611+0000] {dag.py:4180} INFO - Setting next_dagrun for example_bash_operator to 2024-10-17 00:00:00+00:00, run_after=2024-10-18 00:00:00+00:00
[2024-10-18T23:47:54.654+0000] {processor.py:208} INFO - Processing /home/airflow/.local/lib/python3.12/site-packages/airflow/example_dags/example_bash_operator.py took 0.207 seconds
[2024-10-18T23:48:25.366+0000] {processor.py:186} INFO - Started process (PID=1927) to work on /home/airflow/.local/lib/python3.12/site-packages/airflow/example_dags/example_bash_operator.py
[2024-10-18T23:48:25.367+0000] {processor.py:914} INFO - Processing file /home/airflow/.local/lib/python3.12/site-packages/airflow/example_dags/example_bash_operator.py for tasks to queue
[2024-10-18T23:48:25.370+0000] {logging_mixin.py:190} INFO - [2024-10-18T23:48:25.370+0000] {dagbag.py:588} INFO - Filling up the DagBag from /home/airflow/.local/lib/python3.12/site-packages/airflow/example_dags/example_bash_operator.py
[2024-10-18T23:48:25.388+0000] {processor.py:925} INFO - DAG(s) 'example_bash_operator' retrieved from /home/airflow/.local/lib/python3.12/site-packages/airflow/example_dags/example_bash_operator.py
[2024-10-18T23:48:25.450+0000] {logging_mixin.py:190} INFO - [2024-10-18T23:48:25.449+0000] {dag.py:3239} INFO - Sync 1 DAGs
[2024-10-18T23:48:25.494+0000] {logging_mixin.py:190} INFO - [2024-10-18T23:48:25.493+0000] {dag.py:4180} INFO - Setting next_dagrun for example_bash_operator to 2024-10-17 00:00:00+00:00, run_after=2024-10-18 00:00:00+00:00
[2024-10-18T23:48:25.527+0000] {processor.py:208} INFO - Processing /home/airflow/.local/lib/python3.12/site-packages/airflow/example_dags/example_bash_operator.py took 0.167 seconds
[2024-10-18T23:48:55.638+0000] {processor.py:186} INFO - Started process (PID=1989) to work on /home/airflow/.local/lib/python3.12/site-packages/airflow/example_dags/example_bash_operator.py
[2024-10-18T23:48:55.639+0000] {processor.py:914} INFO - Processing file /home/airflow/.local/lib/python3.12/site-packages/airflow/example_dags/example_bash_operator.py for tasks to queue
[2024-10-18T23:48:55.641+0000] {logging_mixin.py:190} INFO - [2024-10-18T23:48:55.641+0000] {dagbag.py:588} INFO - Filling up the DagBag from /home/airflow/.local/lib/python3.12/site-packages/airflow/example_dags/example_bash_operator.py
[2024-10-18T23:48:55.656+0000] {processor.py:925} INFO - DAG(s) 'example_bash_operator' retrieved from /home/airflow/.local/lib/python3.12/site-packages/airflow/example_dags/example_bash_operator.py
[2024-10-18T23:48:55.688+0000] {logging_mixin.py:190} INFO - [2024-10-18T23:48:55.688+0000] {dag.py:3239} INFO - Sync 1 DAGs
[2024-10-18T23:48:55.716+0000] {logging_mixin.py:190} INFO - [2024-10-18T23:48:55.716+0000] {dag.py:4180} INFO - Setting next_dagrun for example_bash_operator to 2024-10-17 00:00:00+00:00, run_after=2024-10-18 00:00:00+00:00
[2024-10-18T23:48:55.740+0000] {processor.py:208} INFO - Processing /home/airflow/.local/lib/python3.12/site-packages/airflow/example_dags/example_bash_operator.py took 0.111 seconds
[2024-10-18T23:49:26.265+0000] {processor.py:186} INFO - Started process (PID=2051) to work on /home/airflow/.local/lib/python3.12/site-packages/airflow/example_dags/example_bash_operator.py
[2024-10-18T23:49:26.267+0000] {processor.py:914} INFO - Processing file /home/airflow/.local/lib/python3.12/site-packages/airflow/example_dags/example_bash_operator.py for tasks to queue
[2024-10-18T23:49:26.269+0000] {logging_mixin.py:190} INFO - [2024-10-18T23:49:26.269+0000] {dagbag.py:588} INFO - Filling up the DagBag from /home/airflow/.local/lib/python3.12/site-packages/airflow/example_dags/example_bash_operator.py
[2024-10-18T23:49:26.282+0000] {processor.py:925} INFO - DAG(s) 'example_bash_operator' retrieved from /home/airflow/.local/lib/python3.12/site-packages/airflow/example_dags/example_bash_operator.py
[2024-10-18T23:49:26.309+0000] {logging_mixin.py:190} INFO - [2024-10-18T23:49:26.309+0000] {dag.py:3239} INFO - Sync 1 DAGs
[2024-10-18T23:49:26.335+0000] {logging_mixin.py:190} INFO - [2024-10-18T23:49:26.335+0000] {dag.py:4180} INFO - Setting next_dagrun for example_bash_operator to 2024-10-17 00:00:00+00:00, run_after=2024-10-18 00:00:00+00:00
[2024-10-18T23:49:26.363+0000] {processor.py:208} INFO - Processing /home/airflow/.local/lib/python3.12/site-packages/airflow/example_dags/example_bash_operator.py took 0.102 seconds
[2024-10-18T23:49:57.114+0000] {processor.py:186} INFO - Started process (PID=2113) to work on /home/airflow/.local/lib/python3.12/site-packages/airflow/example_dags/example_bash_operator.py
[2024-10-18T23:49:57.116+0000] {processor.py:914} INFO - Processing file /home/airflow/.local/lib/python3.12/site-packages/airflow/example_dags/example_bash_operator.py for tasks to queue
[2024-10-18T23:49:57.119+0000] {logging_mixin.py:190} INFO - [2024-10-18T23:49:57.118+0000] {dagbag.py:588} INFO - Filling up the DagBag from /home/airflow/.local/lib/python3.12/site-packages/airflow/example_dags/example_bash_operator.py
[2024-10-18T23:49:57.137+0000] {processor.py:925} INFO - DAG(s) 'example_bash_operator' retrieved from /home/airflow/.local/lib/python3.12/site-packages/airflow/example_dags/example_bash_operator.py
[2024-10-18T23:49:57.177+0000] {logging_mixin.py:190} INFO - [2024-10-18T23:49:57.177+0000] {dag.py:3239} INFO - Sync 1 DAGs
[2024-10-18T23:49:57.213+0000] {logging_mixin.py:190} INFO - [2024-10-18T23:49:57.213+0000] {dag.py:4180} INFO - Setting next_dagrun for example_bash_operator to 2024-10-17 00:00:00+00:00, run_after=2024-10-18 00:00:00+00:00
[2024-10-18T23:49:57.243+0000] {processor.py:208} INFO - Processing /home/airflow/.local/lib/python3.12/site-packages/airflow/example_dags/example_bash_operator.py took 0.145 seconds
[2024-10-18T23:50:27.994+0000] {processor.py:186} INFO - Started process (PID=2175) to work on /home/airflow/.local/lib/python3.12/site-packages/airflow/example_dags/example_bash_operator.py
[2024-10-18T23:50:27.997+0000] {processor.py:914} INFO - Processing file /home/airflow/.local/lib/python3.12/site-packages/airflow/example_dags/example_bash_operator.py for tasks to queue
[2024-10-18T23:50:28.003+0000] {logging_mixin.py:190} INFO - [2024-10-18T23:50:28.003+0000] {dagbag.py:588} INFO - Filling up the DagBag from /home/airflow/.local/lib/python3.12/site-packages/airflow/example_dags/example_bash_operator.py
[2024-10-18T23:50:28.049+0000] {processor.py:925} INFO - DAG(s) 'example_bash_operator' retrieved from /home/airflow/.local/lib/python3.12/site-packages/airflow/example_dags/example_bash_operator.py
[2024-10-18T23:50:28.117+0000] {logging_mixin.py:190} INFO - [2024-10-18T23:50:28.117+0000] {dag.py:3239} INFO - Sync 1 DAGs
[2024-10-18T23:50:28.168+0000] {logging_mixin.py:190} INFO - [2024-10-18T23:50:28.167+0000] {dag.py:4180} INFO - Setting next_dagrun for example_bash_operator to 2024-10-17 00:00:00+00:00, run_after=2024-10-18 00:00:00+00:00
[2024-10-18T23:50:28.213+0000] {processor.py:208} INFO - Processing /home/airflow/.local/lib/python3.12/site-packages/airflow/example_dags/example_bash_operator.py took 0.236 seconds
[2024-10-18T23:50:58.328+0000] {processor.py:186} INFO - Started process (PID=2237) to work on /home/airflow/.local/lib/python3.12/site-packages/airflow/example_dags/example_bash_operator.py
[2024-10-18T23:50:58.329+0000] {processor.py:914} INFO - Processing file /home/airflow/.local/lib/python3.12/site-packages/airflow/example_dags/example_bash_operator.py for tasks to queue
[2024-10-18T23:50:58.332+0000] {logging_mixin.py:190} INFO - [2024-10-18T23:50:58.332+0000] {dagbag.py:588} INFO - Filling up the DagBag from /home/airflow/.local/lib/python3.12/site-packages/airflow/example_dags/example_bash_operator.py
[2024-10-18T23:50:58.345+0000] {processor.py:925} INFO - DAG(s) 'example_bash_operator' retrieved from /home/airflow/.local/lib/python3.12/site-packages/airflow/example_dags/example_bash_operator.py
[2024-10-18T23:50:58.371+0000] {logging_mixin.py:190} INFO - [2024-10-18T23:50:58.370+0000] {dag.py:3239} INFO - Sync 1 DAGs
[2024-10-18T23:50:58.395+0000] {logging_mixin.py:190} INFO - [2024-10-18T23:50:58.395+0000] {dag.py:4180} INFO - Setting next_dagrun for example_bash_operator to 2024-10-17 00:00:00+00:00, run_after=2024-10-18 00:00:00+00:00
[2024-10-18T23:50:58.417+0000] {processor.py:208} INFO - Processing /home/airflow/.local/lib/python3.12/site-packages/airflow/example_dags/example_bash_operator.py took 0.096 seconds
[2024-10-18T23:51:28.579+0000] {processor.py:186} INFO - Started process (PID=2300) to work on /home/airflow/.local/lib/python3.12/site-packages/airflow/example_dags/example_bash_operator.py
[2024-10-18T23:51:28.580+0000] {processor.py:914} INFO - Processing file /home/airflow/.local/lib/python3.12/site-packages/airflow/example_dags/example_bash_operator.py for tasks to queue
[2024-10-18T23:51:28.582+0000] {logging_mixin.py:190} INFO - [2024-10-18T23:51:28.582+0000] {dagbag.py:588} INFO - Filling up the DagBag from /home/airflow/.local/lib/python3.12/site-packages/airflow/example_dags/example_bash_operator.py
[2024-10-18T23:51:28.596+0000] {processor.py:925} INFO - DAG(s) 'example_bash_operator' retrieved from /home/airflow/.local/lib/python3.12/site-packages/airflow/example_dags/example_bash_operator.py
[2024-10-18T23:51:28.624+0000] {logging_mixin.py:190} INFO - [2024-10-18T23:51:28.623+0000] {dag.py:3239} INFO - Sync 1 DAGs
[2024-10-18T23:51:28.649+0000] {logging_mixin.py:190} INFO - [2024-10-18T23:51:28.649+0000] {dag.py:4180} INFO - Setting next_dagrun for example_bash_operator to 2024-10-17 00:00:00+00:00, run_after=2024-10-18 00:00:00+00:00
[2024-10-18T23:51:28.672+0000] {processor.py:208} INFO - Processing /home/airflow/.local/lib/python3.12/site-packages/airflow/example_dags/example_bash_operator.py took 0.099 seconds
[2024-10-18T23:51:59.003+0000] {processor.py:186} INFO - Started process (PID=2362) to work on /home/airflow/.local/lib/python3.12/site-packages/airflow/example_dags/example_bash_operator.py
[2024-10-18T23:51:59.005+0000] {processor.py:914} INFO - Processing file /home/airflow/.local/lib/python3.12/site-packages/airflow/example_dags/example_bash_operator.py for tasks to queue
[2024-10-18T23:51:59.008+0000] {logging_mixin.py:190} INFO - [2024-10-18T23:51:59.007+0000] {dagbag.py:588} INFO - Filling up the DagBag from /home/airflow/.local/lib/python3.12/site-packages/airflow/example_dags/example_bash_operator.py
[2024-10-18T23:51:59.022+0000] {processor.py:925} INFO - DAG(s) 'example_bash_operator' retrieved from /home/airflow/.local/lib/python3.12/site-packages/airflow/example_dags/example_bash_operator.py
[2024-10-18T23:51:59.050+0000] {logging_mixin.py:190} INFO - [2024-10-18T23:51:59.049+0000] {dag.py:3239} INFO - Sync 1 DAGs
[2024-10-18T23:51:59.072+0000] {logging_mixin.py:190} INFO - [2024-10-18T23:51:59.072+0000] {dag.py:4180} INFO - Setting next_dagrun for example_bash_operator to 2024-10-17 00:00:00+00:00, run_after=2024-10-18 00:00:00+00:00
[2024-10-18T23:51:59.092+0000] {processor.py:208} INFO - Processing /home/airflow/.local/lib/python3.12/site-packages/airflow/example_dags/example_bash_operator.py took 0.095 seconds
[2024-10-18T23:52:29.942+0000] {processor.py:186} INFO - Started process (PID=2424) to work on /home/airflow/.local/lib/python3.12/site-packages/airflow/example_dags/example_bash_operator.py
[2024-10-18T23:52:29.944+0000] {processor.py:914} INFO - Processing file /home/airflow/.local/lib/python3.12/site-packages/airflow/example_dags/example_bash_operator.py for tasks to queue
[2024-10-18T23:52:29.947+0000] {logging_mixin.py:190} INFO - [2024-10-18T23:52:29.946+0000] {dagbag.py:588} INFO - Filling up the DagBag from /home/airflow/.local/lib/python3.12/site-packages/airflow/example_dags/example_bash_operator.py
[2024-10-18T23:52:29.959+0000] {processor.py:925} INFO - DAG(s) 'example_bash_operator' retrieved from /home/airflow/.local/lib/python3.12/site-packages/airflow/example_dags/example_bash_operator.py
[2024-10-18T23:52:29.987+0000] {logging_mixin.py:190} INFO - [2024-10-18T23:52:29.986+0000] {dag.py:3239} INFO - Sync 1 DAGs
[2024-10-18T23:52:30.009+0000] {logging_mixin.py:190} INFO - [2024-10-18T23:52:30.009+0000] {dag.py:4180} INFO - Setting next_dagrun for example_bash_operator to 2024-10-17 00:00:00+00:00, run_after=2024-10-18 00:00:00+00:00
[2024-10-18T23:52:30.031+0000] {processor.py:208} INFO - Processing /home/airflow/.local/lib/python3.12/site-packages/airflow/example_dags/example_bash_operator.py took 0.094 seconds
[2024-10-18T23:53:00.311+0000] {processor.py:186} INFO - Started process (PID=2486) to work on /home/airflow/.local/lib/python3.12/site-packages/airflow/example_dags/example_bash_operator.py
[2024-10-18T23:53:00.312+0000] {processor.py:914} INFO - Processing file /home/airflow/.local/lib/python3.12/site-packages/airflow/example_dags/example_bash_operator.py for tasks to queue
[2024-10-18T23:53:00.315+0000] {logging_mixin.py:190} INFO - [2024-10-18T23:53:00.314+0000] {dagbag.py:588} INFO - Filling up the DagBag from /home/airflow/.local/lib/python3.12/site-packages/airflow/example_dags/example_bash_operator.py
[2024-10-18T23:53:00.328+0000] {processor.py:925} INFO - DAG(s) 'example_bash_operator' retrieved from /home/airflow/.local/lib/python3.12/site-packages/airflow/example_dags/example_bash_operator.py
[2024-10-18T23:53:00.358+0000] {logging_mixin.py:190} INFO - [2024-10-18T23:53:00.358+0000] {dag.py:3239} INFO - Sync 1 DAGs
[2024-10-18T23:53:00.385+0000] {logging_mixin.py:190} INFO - [2024-10-18T23:53:00.384+0000] {dag.py:4180} INFO - Setting next_dagrun for example_bash_operator to 2024-10-17 00:00:00+00:00, run_after=2024-10-18 00:00:00+00:00
[2024-10-18T23:53:00.412+0000] {processor.py:208} INFO - Processing /home/airflow/.local/lib/python3.12/site-packages/airflow/example_dags/example_bash_operator.py took 0.107 seconds
[2024-10-18T23:53:31.844+0000] {processor.py:186} INFO - Started process (PID=2548) to work on /home/airflow/.local/lib/python3.12/site-packages/airflow/example_dags/example_bash_operator.py
[2024-10-18T23:53:31.847+0000] {processor.py:914} INFO - Processing file /home/airflow/.local/lib/python3.12/site-packages/airflow/example_dags/example_bash_operator.py for tasks to queue
[2024-10-18T23:53:31.858+0000] {logging_mixin.py:190} INFO - [2024-10-18T23:53:31.857+0000] {dagbag.py:588} INFO - Filling up the DagBag from /home/airflow/.local/lib/python3.12/site-packages/airflow/example_dags/example_bash_operator.py
[2024-10-18T23:53:31.897+0000] {processor.py:925} INFO - DAG(s) 'example_bash_operator' retrieved from /home/airflow/.local/lib/python3.12/site-packages/airflow/example_dags/example_bash_operator.py
[2024-10-18T23:53:32.011+0000] {logging_mixin.py:190} INFO - [2024-10-18T23:53:32.002+0000] {dag.py:3239} INFO - Sync 1 DAGs
[2024-10-18T23:53:32.112+0000] {logging_mixin.py:190} INFO - [2024-10-18T23:53:32.111+0000] {dag.py:4180} INFO - Setting next_dagrun for example_bash_operator to 2024-10-17 00:00:00+00:00, run_after=2024-10-18 00:00:00+00:00
[2024-10-18T23:53:32.210+0000] {processor.py:208} INFO - Processing /home/airflow/.local/lib/python3.12/site-packages/airflow/example_dags/example_bash_operator.py took 0.381 seconds
[2024-10-18T23:54:02.553+0000] {processor.py:186} INFO - Started process (PID=2610) to work on /home/airflow/.local/lib/python3.12/site-packages/airflow/example_dags/example_bash_operator.py
[2024-10-18T23:54:02.556+0000] {processor.py:914} INFO - Processing file /home/airflow/.local/lib/python3.12/site-packages/airflow/example_dags/example_bash_operator.py for tasks to queue
[2024-10-18T23:54:02.561+0000] {logging_mixin.py:190} INFO - [2024-10-18T23:54:02.560+0000] {dagbag.py:588} INFO - Filling up the DagBag from /home/airflow/.local/lib/python3.12/site-packages/airflow/example_dags/example_bash_operator.py
[2024-10-18T23:54:02.586+0000] {processor.py:925} INFO - DAG(s) 'example_bash_operator' retrieved from /home/airflow/.local/lib/python3.12/site-packages/airflow/example_dags/example_bash_operator.py
[2024-10-18T23:54:02.643+0000] {logging_mixin.py:190} INFO - [2024-10-18T23:54:02.643+0000] {dag.py:3239} INFO - Sync 1 DAGs
[2024-10-18T23:54:02.685+0000] {logging_mixin.py:190} INFO - [2024-10-18T23:54:02.685+0000] {dag.py:4180} INFO - Setting next_dagrun for example_bash_operator to 2024-10-17 00:00:00+00:00, run_after=2024-10-18 00:00:00+00:00
[2024-10-18T23:54:02.717+0000] {processor.py:208} INFO - Processing /home/airflow/.local/lib/python3.12/site-packages/airflow/example_dags/example_bash_operator.py took 0.173 seconds
[2024-10-18T23:54:33.429+0000] {processor.py:186} INFO - Started process (PID=2672) to work on /home/airflow/.local/lib/python3.12/site-packages/airflow/example_dags/example_bash_operator.py
[2024-10-18T23:54:33.431+0000] {processor.py:914} INFO - Processing file /home/airflow/.local/lib/python3.12/site-packages/airflow/example_dags/example_bash_operator.py for tasks to queue
[2024-10-18T23:54:33.435+0000] {logging_mixin.py:190} INFO - [2024-10-18T23:54:33.434+0000] {dagbag.py:588} INFO - Filling up the DagBag from /home/airflow/.local/lib/python3.12/site-packages/airflow/example_dags/example_bash_operator.py
[2024-10-18T23:54:33.455+0000] {processor.py:925} INFO - DAG(s) 'example_bash_operator' retrieved from /home/airflow/.local/lib/python3.12/site-packages/airflow/example_dags/example_bash_operator.py
[2024-10-18T23:54:33.506+0000] {logging_mixin.py:190} INFO - [2024-10-18T23:54:33.506+0000] {dag.py:3239} INFO - Sync 1 DAGs
[2024-10-18T23:54:33.543+0000] {logging_mixin.py:190} INFO - [2024-10-18T23:54:33.543+0000] {dag.py:4180} INFO - Setting next_dagrun for example_bash_operator to 2024-10-17 00:00:00+00:00, run_after=2024-10-18 00:00:00+00:00
[2024-10-18T23:54:34.800+0000] {processor.py:208} INFO - Processing /home/airflow/.local/lib/python3.12/site-packages/airflow/example_dags/example_bash_operator.py took 1.379 seconds
[2024-10-18T23:55:04.962+0000] {processor.py:186} INFO - Started process (PID=2735) to work on /home/airflow/.local/lib/python3.12/site-packages/airflow/example_dags/example_bash_operator.py
[2024-10-18T23:55:04.963+0000] {processor.py:914} INFO - Processing file /home/airflow/.local/lib/python3.12/site-packages/airflow/example_dags/example_bash_operator.py for tasks to queue
[2024-10-18T23:55:04.967+0000] {logging_mixin.py:190} INFO - [2024-10-18T23:55:04.966+0000] {dagbag.py:588} INFO - Filling up the DagBag from /home/airflow/.local/lib/python3.12/site-packages/airflow/example_dags/example_bash_operator.py
[2024-10-18T23:55:04.985+0000] {processor.py:925} INFO - DAG(s) 'example_bash_operator' retrieved from /home/airflow/.local/lib/python3.12/site-packages/airflow/example_dags/example_bash_operator.py
[2024-10-18T23:55:05.026+0000] {logging_mixin.py:190} INFO - [2024-10-18T23:55:05.025+0000] {dag.py:3239} INFO - Sync 1 DAGs
[2024-10-18T23:55:05.059+0000] {logging_mixin.py:190} INFO - [2024-10-18T23:55:05.059+0000] {dag.py:4180} INFO - Setting next_dagrun for example_bash_operator to 2024-10-17 00:00:00+00:00, run_after=2024-10-18 00:00:00+00:00
[2024-10-18T23:55:05.087+0000] {processor.py:208} INFO - Processing /home/airflow/.local/lib/python3.12/site-packages/airflow/example_dags/example_bash_operator.py took 0.133 seconds
[2024-10-18T23:56:54.904+0000] {processor.py:186} INFO - Started process (PID=2791) to work on /home/airflow/.local/lib/python3.12/site-packages/airflow/example_dags/example_bash_operator.py
[2024-10-18T23:56:54.921+0000] {processor.py:914} INFO - Processing file /home/airflow/.local/lib/python3.12/site-packages/airflow/example_dags/example_bash_operator.py for tasks to queue
[2024-10-18T23:56:54.931+0000] {logging_mixin.py:190} INFO - [2024-10-18T23:56:54.930+0000] {dagbag.py:588} INFO - Filling up the DagBag from /home/airflow/.local/lib/python3.12/site-packages/airflow/example_dags/example_bash_operator.py
[2024-10-18T23:56:54.976+0000] {processor.py:925} INFO - DAG(s) 'example_bash_operator' retrieved from /home/airflow/.local/lib/python3.12/site-packages/airflow/example_dags/example_bash_operator.py
[2024-10-18T23:56:55.075+0000] {logging_mixin.py:190} INFO - [2024-10-18T23:56:55.073+0000] {dag.py:3239} INFO - Sync 1 DAGs
[2024-10-18T23:56:55.187+0000] {logging_mixin.py:190} INFO - [2024-10-18T23:56:55.181+0000] {dag.py:4180} INFO - Setting next_dagrun for example_bash_operator to 2024-10-17 00:00:00+00:00, run_after=2024-10-18 00:00:00+00:00
[2024-10-18T23:56:55.255+0000] {processor.py:208} INFO - Processing /home/airflow/.local/lib/python3.12/site-packages/airflow/example_dags/example_bash_operator.py took 0.374 seconds
[2024-10-18T23:57:25.680+0000] {processor.py:186} INFO - Started process (PID=2853) to work on /home/airflow/.local/lib/python3.12/site-packages/airflow/example_dags/example_bash_operator.py
[2024-10-18T23:57:25.682+0000] {processor.py:914} INFO - Processing file /home/airflow/.local/lib/python3.12/site-packages/airflow/example_dags/example_bash_operator.py for tasks to queue
[2024-10-18T23:57:25.685+0000] {logging_mixin.py:190} INFO - [2024-10-18T23:57:25.685+0000] {dagbag.py:588} INFO - Filling up the DagBag from /home/airflow/.local/lib/python3.12/site-packages/airflow/example_dags/example_bash_operator.py
[2024-10-18T23:57:25.707+0000] {processor.py:925} INFO - DAG(s) 'example_bash_operator' retrieved from /home/airflow/.local/lib/python3.12/site-packages/airflow/example_dags/example_bash_operator.py
[2024-10-18T23:57:25.749+0000] {logging_mixin.py:190} INFO - [2024-10-18T23:57:25.749+0000] {dag.py:3239} INFO - Sync 1 DAGs
[2024-10-18T23:57:25.981+0000] {logging_mixin.py:190} INFO - [2024-10-18T23:57:25.981+0000] {dag.py:4180} INFO - Setting next_dagrun for example_bash_operator to 2024-10-17 00:00:00+00:00, run_after=2024-10-18 00:00:00+00:00
[2024-10-18T23:57:26.005+0000] {processor.py:208} INFO - Processing /home/airflow/.local/lib/python3.12/site-packages/airflow/example_dags/example_bash_operator.py took 0.333 seconds
[2024-10-18T23:57:56.320+0000] {processor.py:186} INFO - Started process (PID=2915) to work on /home/airflow/.local/lib/python3.12/site-packages/airflow/example_dags/example_bash_operator.py
[2024-10-18T23:57:56.321+0000] {processor.py:914} INFO - Processing file /home/airflow/.local/lib/python3.12/site-packages/airflow/example_dags/example_bash_operator.py for tasks to queue
[2024-10-18T23:57:56.323+0000] {logging_mixin.py:190} INFO - [2024-10-18T23:57:56.322+0000] {dagbag.py:588} INFO - Filling up the DagBag from /home/airflow/.local/lib/python3.12/site-packages/airflow/example_dags/example_bash_operator.py
[2024-10-18T23:57:56.334+0000] {processor.py:925} INFO - DAG(s) 'example_bash_operator' retrieved from /home/airflow/.local/lib/python3.12/site-packages/airflow/example_dags/example_bash_operator.py
[2024-10-18T23:57:56.360+0000] {logging_mixin.py:190} INFO - [2024-10-18T23:57:56.359+0000] {dag.py:3239} INFO - Sync 1 DAGs
[2024-10-18T23:57:56.527+0000] {logging_mixin.py:190} INFO - [2024-10-18T23:57:56.527+0000] {dag.py:4180} INFO - Setting next_dagrun for example_bash_operator to 2024-10-17 00:00:00+00:00, run_after=2024-10-18 00:00:00+00:00
[2024-10-18T23:57:56.545+0000] {processor.py:208} INFO - Processing /home/airflow/.local/lib/python3.12/site-packages/airflow/example_dags/example_bash_operator.py took 0.231 seconds
[2024-10-18T23:58:26.702+0000] {processor.py:186} INFO - Started process (PID=2977) to work on /home/airflow/.local/lib/python3.12/site-packages/airflow/example_dags/example_bash_operator.py
[2024-10-18T23:58:26.703+0000] {processor.py:914} INFO - Processing file /home/airflow/.local/lib/python3.12/site-packages/airflow/example_dags/example_bash_operator.py for tasks to queue
[2024-10-18T23:58:26.705+0000] {logging_mixin.py:190} INFO - [2024-10-18T23:58:26.705+0000] {dagbag.py:588} INFO - Filling up the DagBag from /home/airflow/.local/lib/python3.12/site-packages/airflow/example_dags/example_bash_operator.py
[2024-10-18T23:58:26.718+0000] {processor.py:925} INFO - DAG(s) 'example_bash_operator' retrieved from /home/airflow/.local/lib/python3.12/site-packages/airflow/example_dags/example_bash_operator.py
[2024-10-18T23:58:26.743+0000] {logging_mixin.py:190} INFO - [2024-10-18T23:58:26.743+0000] {dag.py:3239} INFO - Sync 1 DAGs
[2024-10-18T23:58:26.768+0000] {logging_mixin.py:190} INFO - [2024-10-18T23:58:26.768+0000] {dag.py:4180} INFO - Setting next_dagrun for example_bash_operator to 2024-10-17 00:00:00+00:00, run_after=2024-10-18 00:00:00+00:00
[2024-10-18T23:58:26.790+0000] {processor.py:208} INFO - Processing /home/airflow/.local/lib/python3.12/site-packages/airflow/example_dags/example_bash_operator.py took 0.093 seconds
[2024-10-18T23:58:57.248+0000] {processor.py:186} INFO - Started process (PID=3039) to work on /home/airflow/.local/lib/python3.12/site-packages/airflow/example_dags/example_bash_operator.py
[2024-10-18T23:58:57.249+0000] {processor.py:914} INFO - Processing file /home/airflow/.local/lib/python3.12/site-packages/airflow/example_dags/example_bash_operator.py for tasks to queue
[2024-10-18T23:58:57.251+0000] {logging_mixin.py:190} INFO - [2024-10-18T23:58:57.251+0000] {dagbag.py:588} INFO - Filling up the DagBag from /home/airflow/.local/lib/python3.12/site-packages/airflow/example_dags/example_bash_operator.py
[2024-10-18T23:58:57.266+0000] {processor.py:925} INFO - DAG(s) 'example_bash_operator' retrieved from /home/airflow/.local/lib/python3.12/site-packages/airflow/example_dags/example_bash_operator.py
[2024-10-18T23:58:57.298+0000] {logging_mixin.py:190} INFO - [2024-10-18T23:58:57.298+0000] {dag.py:3239} INFO - Sync 1 DAGs
[2024-10-18T23:58:57.324+0000] {logging_mixin.py:190} INFO - [2024-10-18T23:58:57.324+0000] {dag.py:4180} INFO - Setting next_dagrun for example_bash_operator to 2024-10-17 00:00:00+00:00, run_after=2024-10-18 00:00:00+00:00
[2024-10-18T23:58:57.346+0000] {processor.py:208} INFO - Processing /home/airflow/.local/lib/python3.12/site-packages/airflow/example_dags/example_bash_operator.py took 0.104 seconds
[2024-10-18T23:59:27.949+0000] {processor.py:186} INFO - Started process (PID=3100) to work on /home/airflow/.local/lib/python3.12/site-packages/airflow/example_dags/example_bash_operator.py
[2024-10-18T23:59:27.951+0000] {processor.py:914} INFO - Processing file /home/airflow/.local/lib/python3.12/site-packages/airflow/example_dags/example_bash_operator.py for tasks to queue
[2024-10-18T23:59:27.953+0000] {logging_mixin.py:190} INFO - [2024-10-18T23:59:27.953+0000] {dagbag.py:588} INFO - Filling up the DagBag from /home/airflow/.local/lib/python3.12/site-packages/airflow/example_dags/example_bash_operator.py
[2024-10-18T23:59:27.969+0000] {processor.py:925} INFO - DAG(s) 'example_bash_operator' retrieved from /home/airflow/.local/lib/python3.12/site-packages/airflow/example_dags/example_bash_operator.py
[2024-10-18T23:59:28.174+0000] {logging_mixin.py:190} INFO - [2024-10-18T23:59:28.174+0000] {dag.py:3239} INFO - Sync 1 DAGs
[2024-10-18T23:59:28.194+0000] {logging_mixin.py:190} INFO - [2024-10-18T23:59:28.194+0000] {dag.py:4180} INFO - Setting next_dagrun for example_bash_operator to 2024-10-17 00:00:00+00:00, run_after=2024-10-18 00:00:00+00:00
[2024-10-18T23:59:28.211+0000] {processor.py:208} INFO - Processing /home/airflow/.local/lib/python3.12/site-packages/airflow/example_dags/example_bash_operator.py took 0.268 seconds
[2024-10-18T23:59:58.692+0000] {processor.py:186} INFO - Started process (PID=3162) to work on /home/airflow/.local/lib/python3.12/site-packages/airflow/example_dags/example_bash_operator.py
[2024-10-18T23:59:58.694+0000] {processor.py:914} INFO - Processing file /home/airflow/.local/lib/python3.12/site-packages/airflow/example_dags/example_bash_operator.py for tasks to queue
[2024-10-18T23:59:58.699+0000] {logging_mixin.py:190} INFO - [2024-10-18T23:59:58.698+0000] {dagbag.py:588} INFO - Filling up the DagBag from /home/airflow/.local/lib/python3.12/site-packages/airflow/example_dags/example_bash_operator.py
[2024-10-18T23:59:58.721+0000] {processor.py:925} INFO - DAG(s) 'example_bash_operator' retrieved from /home/airflow/.local/lib/python3.12/site-packages/airflow/example_dags/example_bash_operator.py
[2024-10-18T23:59:58.769+0000] {logging_mixin.py:190} INFO - [2024-10-18T23:59:58.768+0000] {dag.py:3239} INFO - Sync 1 DAGs
[2024-10-18T23:59:58.807+0000] {logging_mixin.py:190} INFO - [2024-10-18T23:59:58.806+0000] {dag.py:4180} INFO - Setting next_dagrun for example_bash_operator to 2024-10-17 00:00:00+00:00, run_after=2024-10-18 00:00:00+00:00
[2024-10-18T23:59:58.847+0000] {processor.py:208} INFO - Processing /home/airflow/.local/lib/python3.12/site-packages/airflow/example_dags/example_bash_operator.py took 0.165 seconds
