[2024-10-18T23:32:56.959+0000] {processor.py:186} INFO - Started process (PID=83) to work on /home/airflow/.local/lib/python3.12/site-packages/airflow/example_dags/example_dynamic_task_mapping.py
[2024-10-18T23:32:56.988+0000] {processor.py:914} INFO - Processing file /home/airflow/.local/lib/python3.12/site-packages/airflow/example_dags/example_dynamic_task_mapping.py for tasks to queue
[2024-10-18T23:32:57.080+0000] {logging_mixin.py:190} INFO - [2024-10-18T23:32:57.076+0000] {dagbag.py:588} INFO - Filling up the DagBag from /home/airflow/.local/lib/python3.12/site-packages/airflow/example_dags/example_dynamic_task_mapping.py
[2024-10-18T23:32:57.473+0000] {processor.py:925} INFO - DAG(s) 'example_dynamic_task_mapping' retrieved from /home/airflow/.local/lib/python3.12/site-packages/airflow/example_dags/example_dynamic_task_mapping.py
[2024-10-18T23:32:58.956+0000] {logging_mixin.py:190} INFO - [2024-10-18T23:32:58.919+0000] {override.py:1900} INFO - Created Permission View: can read on DAG:example_dynamic_task_mapping
[2024-10-18T23:32:58.999+0000] {logging_mixin.py:190} INFO - [2024-10-18T23:32:58.998+0000] {override.py:1900} INFO - Created Permission View: can edit on DAG:example_dynamic_task_mapping
[2024-10-18T23:32:59.057+0000] {logging_mixin.py:190} INFO - [2024-10-18T23:32:59.056+0000] {override.py:1900} INFO - Created Permission View: can delete on DAG:example_dynamic_task_mapping
[2024-10-18T23:32:59.070+0000] {logging_mixin.py:190} INFO - [2024-10-18T23:32:59.070+0000] {override.py:1900} INFO - Created Permission View: can read on DAG Run:example_dynamic_task_mapping
[2024-10-18T23:32:59.118+0000] {logging_mixin.py:190} INFO - [2024-10-18T23:32:59.115+0000] {override.py:1900} INFO - Created Permission View: can create on DAG Run:example_dynamic_task_mapping
[2024-10-18T23:32:59.136+0000] {logging_mixin.py:190} INFO - [2024-10-18T23:32:59.135+0000] {override.py:1900} INFO - Created Permission View: menu access on DAG Run:example_dynamic_task_mapping
[2024-10-18T23:32:59.154+0000] {logging_mixin.py:190} INFO - [2024-10-18T23:32:59.154+0000] {override.py:1900} INFO - Created Permission View: can delete on DAG Run:example_dynamic_task_mapping
[2024-10-18T23:32:59.155+0000] {logging_mixin.py:190} INFO - [2024-10-18T23:32:59.155+0000] {dag.py:3239} INFO - Sync 1 DAGs
[2024-10-18T23:32:59.358+0000] {logging_mixin.py:190} INFO - [2024-10-18T23:32:59.357+0000] {dag.py:3262} INFO - Creating ORM DAG for example_dynamic_task_mapping
[2024-10-18T23:32:59.362+0000] {logging_mixin.py:190} INFO - [2024-10-18T23:32:59.362+0000] {dag.py:4180} INFO - Setting next_dagrun for example_dynamic_task_mapping to None, run_after=None
[2024-10-18T23:32:59.421+0000] {processor.py:208} INFO - Processing /home/airflow/.local/lib/python3.12/site-packages/airflow/example_dags/example_dynamic_task_mapping.py took 2.482 seconds
[2024-10-18T23:33:33.959+0000] {processor.py:186} INFO - Started process (PID=145) to work on /home/airflow/.local/lib/python3.12/site-packages/airflow/example_dags/example_dynamic_task_mapping.py
[2024-10-18T23:33:33.962+0000] {processor.py:914} INFO - Processing file /home/airflow/.local/lib/python3.12/site-packages/airflow/example_dags/example_dynamic_task_mapping.py for tasks to queue
[2024-10-18T23:33:33.968+0000] {logging_mixin.py:190} INFO - [2024-10-18T23:33:33.967+0000] {dagbag.py:588} INFO - Filling up the DagBag from /home/airflow/.local/lib/python3.12/site-packages/airflow/example_dags/example_dynamic_task_mapping.py
[2024-10-18T23:33:33.999+0000] {processor.py:925} INFO - DAG(s) 'example_dynamic_task_mapping' retrieved from /home/airflow/.local/lib/python3.12/site-packages/airflow/example_dags/example_dynamic_task_mapping.py
[2024-10-18T23:33:34.058+0000] {logging_mixin.py:190} INFO - [2024-10-18T23:33:34.057+0000] {dag.py:3239} INFO - Sync 1 DAGs
[2024-10-18T23:33:34.099+0000] {logging_mixin.py:190} INFO - [2024-10-18T23:33:34.099+0000] {dag.py:4180} INFO - Setting next_dagrun for example_dynamic_task_mapping to None, run_after=None
[2024-10-18T23:33:34.143+0000] {processor.py:208} INFO - Processing /home/airflow/.local/lib/python3.12/site-packages/airflow/example_dags/example_dynamic_task_mapping.py took 0.208 seconds
[2024-10-18T23:34:04.236+0000] {processor.py:186} INFO - Started process (PID=207) to work on /home/airflow/.local/lib/python3.12/site-packages/airflow/example_dags/example_dynamic_task_mapping.py
[2024-10-18T23:34:04.237+0000] {processor.py:914} INFO - Processing file /home/airflow/.local/lib/python3.12/site-packages/airflow/example_dags/example_dynamic_task_mapping.py for tasks to queue
[2024-10-18T23:34:04.241+0000] {logging_mixin.py:190} INFO - [2024-10-18T23:34:04.240+0000] {dagbag.py:588} INFO - Filling up the DagBag from /home/airflow/.local/lib/python3.12/site-packages/airflow/example_dags/example_dynamic_task_mapping.py
[2024-10-18T23:34:04.256+0000] {processor.py:925} INFO - DAG(s) 'example_dynamic_task_mapping' retrieved from /home/airflow/.local/lib/python3.12/site-packages/airflow/example_dags/example_dynamic_task_mapping.py
[2024-10-18T23:34:04.283+0000] {logging_mixin.py:190} INFO - [2024-10-18T23:34:04.283+0000] {dag.py:3239} INFO - Sync 1 DAGs
[2024-10-18T23:34:04.303+0000] {logging_mixin.py:190} INFO - [2024-10-18T23:34:04.302+0000] {dag.py:4180} INFO - Setting next_dagrun for example_dynamic_task_mapping to None, run_after=None
[2024-10-18T23:34:04.329+0000] {processor.py:208} INFO - Processing /home/airflow/.local/lib/python3.12/site-packages/airflow/example_dags/example_dynamic_task_mapping.py took 0.102 seconds
[2024-10-18T23:34:34.557+0000] {processor.py:186} INFO - Started process (PID=269) to work on /home/airflow/.local/lib/python3.12/site-packages/airflow/example_dags/example_dynamic_task_mapping.py
[2024-10-18T23:34:34.558+0000] {processor.py:914} INFO - Processing file /home/airflow/.local/lib/python3.12/site-packages/airflow/example_dags/example_dynamic_task_mapping.py for tasks to queue
[2024-10-18T23:34:34.560+0000] {logging_mixin.py:190} INFO - [2024-10-18T23:34:34.560+0000] {dagbag.py:588} INFO - Filling up the DagBag from /home/airflow/.local/lib/python3.12/site-packages/airflow/example_dags/example_dynamic_task_mapping.py
[2024-10-18T23:34:34.568+0000] {processor.py:925} INFO - DAG(s) 'example_dynamic_task_mapping' retrieved from /home/airflow/.local/lib/python3.12/site-packages/airflow/example_dags/example_dynamic_task_mapping.py
[2024-10-18T23:34:34.589+0000] {logging_mixin.py:190} INFO - [2024-10-18T23:34:34.589+0000] {dag.py:3239} INFO - Sync 1 DAGs
[2024-10-18T23:34:34.603+0000] {logging_mixin.py:190} INFO - [2024-10-18T23:34:34.602+0000] {dag.py:4180} INFO - Setting next_dagrun for example_dynamic_task_mapping to None, run_after=None
[2024-10-18T23:34:34.627+0000] {processor.py:208} INFO - Processing /home/airflow/.local/lib/python3.12/site-packages/airflow/example_dags/example_dynamic_task_mapping.py took 0.076 seconds
[2024-10-18T23:35:05.427+0000] {processor.py:186} INFO - Started process (PID=331) to work on /home/airflow/.local/lib/python3.12/site-packages/airflow/example_dags/example_dynamic_task_mapping.py
[2024-10-18T23:35:05.430+0000] {processor.py:914} INFO - Processing file /home/airflow/.local/lib/python3.12/site-packages/airflow/example_dags/example_dynamic_task_mapping.py for tasks to queue
[2024-10-18T23:35:05.435+0000] {logging_mixin.py:190} INFO - [2024-10-18T23:35:05.434+0000] {dagbag.py:588} INFO - Filling up the DagBag from /home/airflow/.local/lib/python3.12/site-packages/airflow/example_dags/example_dynamic_task_mapping.py
[2024-10-18T23:35:05.451+0000] {processor.py:925} INFO - DAG(s) 'example_dynamic_task_mapping' retrieved from /home/airflow/.local/lib/python3.12/site-packages/airflow/example_dags/example_dynamic_task_mapping.py
[2024-10-18T23:35:05.484+0000] {logging_mixin.py:190} INFO - [2024-10-18T23:35:05.484+0000] {dag.py:3239} INFO - Sync 1 DAGs
[2024-10-18T23:35:05.521+0000] {logging_mixin.py:190} INFO - [2024-10-18T23:35:05.520+0000] {dag.py:4180} INFO - Setting next_dagrun for example_dynamic_task_mapping to None, run_after=None
[2024-10-18T23:35:05.554+0000] {processor.py:208} INFO - Processing /home/airflow/.local/lib/python3.12/site-packages/airflow/example_dags/example_dynamic_task_mapping.py took 0.137 seconds
[2024-10-18T23:35:35.691+0000] {processor.py:186} INFO - Started process (PID=393) to work on /home/airflow/.local/lib/python3.12/site-packages/airflow/example_dags/example_dynamic_task_mapping.py
[2024-10-18T23:35:35.693+0000] {processor.py:914} INFO - Processing file /home/airflow/.local/lib/python3.12/site-packages/airflow/example_dags/example_dynamic_task_mapping.py for tasks to queue
[2024-10-18T23:35:35.695+0000] {logging_mixin.py:190} INFO - [2024-10-18T23:35:35.695+0000] {dagbag.py:588} INFO - Filling up the DagBag from /home/airflow/.local/lib/python3.12/site-packages/airflow/example_dags/example_dynamic_task_mapping.py
[2024-10-18T23:35:35.704+0000] {processor.py:925} INFO - DAG(s) 'example_dynamic_task_mapping' retrieved from /home/airflow/.local/lib/python3.12/site-packages/airflow/example_dags/example_dynamic_task_mapping.py
[2024-10-18T23:35:35.733+0000] {logging_mixin.py:190} INFO - [2024-10-18T23:35:35.733+0000] {dag.py:3239} INFO - Sync 1 DAGs
[2024-10-18T23:35:35.749+0000] {logging_mixin.py:190} INFO - [2024-10-18T23:35:35.749+0000] {dag.py:4180} INFO - Setting next_dagrun for example_dynamic_task_mapping to None, run_after=None
[2024-10-18T23:35:35.772+0000] {processor.py:208} INFO - Processing /home/airflow/.local/lib/python3.12/site-packages/airflow/example_dags/example_dynamic_task_mapping.py took 0.089 seconds
[2024-10-18T23:36:07.004+0000] {processor.py:186} INFO - Started process (PID=455) to work on /home/airflow/.local/lib/python3.12/site-packages/airflow/example_dags/example_dynamic_task_mapping.py
[2024-10-18T23:36:07.006+0000] {processor.py:914} INFO - Processing file /home/airflow/.local/lib/python3.12/site-packages/airflow/example_dags/example_dynamic_task_mapping.py for tasks to queue
[2024-10-18T23:36:07.011+0000] {logging_mixin.py:190} INFO - [2024-10-18T23:36:07.011+0000] {dagbag.py:588} INFO - Filling up the DagBag from /home/airflow/.local/lib/python3.12/site-packages/airflow/example_dags/example_dynamic_task_mapping.py
[2024-10-18T23:36:07.027+0000] {processor.py:925} INFO - DAG(s) 'example_dynamic_task_mapping' retrieved from /home/airflow/.local/lib/python3.12/site-packages/airflow/example_dags/example_dynamic_task_mapping.py
[2024-10-18T23:36:07.267+0000] {logging_mixin.py:190} INFO - [2024-10-18T23:36:07.266+0000] {dag.py:3239} INFO - Sync 1 DAGs
[2024-10-18T23:36:07.329+0000] {logging_mixin.py:190} INFO - [2024-10-18T23:36:07.328+0000] {dag.py:4180} INFO - Setting next_dagrun for example_dynamic_task_mapping to None, run_after=None
[2024-10-18T23:36:07.388+0000] {processor.py:208} INFO - Processing /home/airflow/.local/lib/python3.12/site-packages/airflow/example_dags/example_dynamic_task_mapping.py took 0.396 seconds
[2024-10-18T23:36:37.593+0000] {processor.py:186} INFO - Started process (PID=523) to work on /home/airflow/.local/lib/python3.12/site-packages/airflow/example_dags/example_dynamic_task_mapping.py
[2024-10-18T23:36:37.595+0000] {processor.py:914} INFO - Processing file /home/airflow/.local/lib/python3.12/site-packages/airflow/example_dags/example_dynamic_task_mapping.py for tasks to queue
[2024-10-18T23:36:37.599+0000] {logging_mixin.py:190} INFO - [2024-10-18T23:36:37.598+0000] {dagbag.py:588} INFO - Filling up the DagBag from /home/airflow/.local/lib/python3.12/site-packages/airflow/example_dags/example_dynamic_task_mapping.py
[2024-10-18T23:36:37.611+0000] {processor.py:925} INFO - DAG(s) 'example_dynamic_task_mapping' retrieved from /home/airflow/.local/lib/python3.12/site-packages/airflow/example_dags/example_dynamic_task_mapping.py
[2024-10-18T23:36:37.639+0000] {logging_mixin.py:190} INFO - [2024-10-18T23:36:37.639+0000] {dag.py:3239} INFO - Sync 1 DAGs
[2024-10-18T23:36:37.661+0000] {logging_mixin.py:190} INFO - [2024-10-18T23:36:37.660+0000] {dag.py:4180} INFO - Setting next_dagrun for example_dynamic_task_mapping to None, run_after=None
[2024-10-18T23:36:37.686+0000] {processor.py:208} INFO - Processing /home/airflow/.local/lib/python3.12/site-packages/airflow/example_dags/example_dynamic_task_mapping.py took 0.101 seconds
[2024-10-18T23:37:08.699+0000] {processor.py:186} INFO - Started process (PID=585) to work on /home/airflow/.local/lib/python3.12/site-packages/airflow/example_dags/example_dynamic_task_mapping.py
[2024-10-18T23:37:08.705+0000] {processor.py:914} INFO - Processing file /home/airflow/.local/lib/python3.12/site-packages/airflow/example_dags/example_dynamic_task_mapping.py for tasks to queue
[2024-10-18T23:37:08.708+0000] {logging_mixin.py:190} INFO - [2024-10-18T23:37:08.707+0000] {dagbag.py:588} INFO - Filling up the DagBag from /home/airflow/.local/lib/python3.12/site-packages/airflow/example_dags/example_dynamic_task_mapping.py
[2024-10-18T23:37:08.715+0000] {processor.py:925} INFO - DAG(s) 'example_dynamic_task_mapping' retrieved from /home/airflow/.local/lib/python3.12/site-packages/airflow/example_dags/example_dynamic_task_mapping.py
[2024-10-18T23:37:08.735+0000] {logging_mixin.py:190} INFO - [2024-10-18T23:37:08.735+0000] {dag.py:3239} INFO - Sync 1 DAGs
[2024-10-18T23:37:08.749+0000] {logging_mixin.py:190} INFO - [2024-10-18T23:37:08.749+0000] {dag.py:4180} INFO - Setting next_dagrun for example_dynamic_task_mapping to None, run_after=None
[2024-10-18T23:37:08.768+0000] {processor.py:208} INFO - Processing /home/airflow/.local/lib/python3.12/site-packages/airflow/example_dags/example_dynamic_task_mapping.py took 0.074 seconds
[2024-10-18T23:37:38.962+0000] {processor.py:186} INFO - Started process (PID=647) to work on /home/airflow/.local/lib/python3.12/site-packages/airflow/example_dags/example_dynamic_task_mapping.py
[2024-10-18T23:37:38.963+0000] {processor.py:914} INFO - Processing file /home/airflow/.local/lib/python3.12/site-packages/airflow/example_dags/example_dynamic_task_mapping.py for tasks to queue
[2024-10-18T23:37:38.966+0000] {logging_mixin.py:190} INFO - [2024-10-18T23:37:38.966+0000] {dagbag.py:588} INFO - Filling up the DagBag from /home/airflow/.local/lib/python3.12/site-packages/airflow/example_dags/example_dynamic_task_mapping.py
[2024-10-18T23:37:38.979+0000] {processor.py:925} INFO - DAG(s) 'example_dynamic_task_mapping' retrieved from /home/airflow/.local/lib/python3.12/site-packages/airflow/example_dags/example_dynamic_task_mapping.py
[2024-10-18T23:37:39.007+0000] {logging_mixin.py:190} INFO - [2024-10-18T23:37:39.007+0000] {dag.py:3239} INFO - Sync 1 DAGs
[2024-10-18T23:37:39.029+0000] {logging_mixin.py:190} INFO - [2024-10-18T23:37:39.029+0000] {dag.py:4180} INFO - Setting next_dagrun for example_dynamic_task_mapping to None, run_after=None
[2024-10-18T23:37:39.058+0000] {processor.py:208} INFO - Processing /home/airflow/.local/lib/python3.12/site-packages/airflow/example_dags/example_dynamic_task_mapping.py took 0.106 seconds
[2024-10-18T23:38:09.214+0000] {processor.py:186} INFO - Started process (PID=709) to work on /home/airflow/.local/lib/python3.12/site-packages/airflow/example_dags/example_dynamic_task_mapping.py
[2024-10-18T23:38:09.215+0000] {processor.py:914} INFO - Processing file /home/airflow/.local/lib/python3.12/site-packages/airflow/example_dags/example_dynamic_task_mapping.py for tasks to queue
[2024-10-18T23:38:09.218+0000] {logging_mixin.py:190} INFO - [2024-10-18T23:38:09.217+0000] {dagbag.py:588} INFO - Filling up the DagBag from /home/airflow/.local/lib/python3.12/site-packages/airflow/example_dags/example_dynamic_task_mapping.py
[2024-10-18T23:38:09.225+0000] {processor.py:925} INFO - DAG(s) 'example_dynamic_task_mapping' retrieved from /home/airflow/.local/lib/python3.12/site-packages/airflow/example_dags/example_dynamic_task_mapping.py
[2024-10-18T23:38:09.245+0000] {logging_mixin.py:190} INFO - [2024-10-18T23:38:09.245+0000] {dag.py:3239} INFO - Sync 1 DAGs
[2024-10-18T23:38:09.259+0000] {logging_mixin.py:190} INFO - [2024-10-18T23:38:09.258+0000] {dag.py:4180} INFO - Setting next_dagrun for example_dynamic_task_mapping to None, run_after=None
[2024-10-18T23:38:09.277+0000] {processor.py:208} INFO - Processing /home/airflow/.local/lib/python3.12/site-packages/airflow/example_dags/example_dynamic_task_mapping.py took 0.069 seconds
[2024-10-18T23:38:39.630+0000] {processor.py:186} INFO - Started process (PID=768) to work on /home/airflow/.local/lib/python3.12/site-packages/airflow/example_dags/example_dynamic_task_mapping.py
[2024-10-18T23:38:39.632+0000] {processor.py:914} INFO - Processing file /home/airflow/.local/lib/python3.12/site-packages/airflow/example_dags/example_dynamic_task_mapping.py for tasks to queue
[2024-10-18T23:38:39.635+0000] {logging_mixin.py:190} INFO - [2024-10-18T23:38:39.634+0000] {dagbag.py:588} INFO - Filling up the DagBag from /home/airflow/.local/lib/python3.12/site-packages/airflow/example_dags/example_dynamic_task_mapping.py
[2024-10-18T23:38:39.649+0000] {processor.py:925} INFO - DAG(s) 'example_dynamic_task_mapping' retrieved from /home/airflow/.local/lib/python3.12/site-packages/airflow/example_dags/example_dynamic_task_mapping.py
[2024-10-18T23:38:39.674+0000] {logging_mixin.py:190} INFO - [2024-10-18T23:38:39.674+0000] {dag.py:3239} INFO - Sync 1 DAGs
[2024-10-18T23:38:39.696+0000] {logging_mixin.py:190} INFO - [2024-10-18T23:38:39.695+0000] {dag.py:4180} INFO - Setting next_dagrun for example_dynamic_task_mapping to None, run_after=None
[2024-10-18T23:38:39.718+0000] {processor.py:208} INFO - Processing /home/airflow/.local/lib/python3.12/site-packages/airflow/example_dags/example_dynamic_task_mapping.py took 0.097 seconds
[2024-10-18T23:39:10.427+0000] {processor.py:186} INFO - Started process (PID=829) to work on /home/airflow/.local/lib/python3.12/site-packages/airflow/example_dags/example_dynamic_task_mapping.py
[2024-10-18T23:39:10.428+0000] {processor.py:914} INFO - Processing file /home/airflow/.local/lib/python3.12/site-packages/airflow/example_dags/example_dynamic_task_mapping.py for tasks to queue
[2024-10-18T23:39:10.431+0000] {logging_mixin.py:190} INFO - [2024-10-18T23:39:10.431+0000] {dagbag.py:588} INFO - Filling up the DagBag from /home/airflow/.local/lib/python3.12/site-packages/airflow/example_dags/example_dynamic_task_mapping.py
[2024-10-18T23:39:10.440+0000] {processor.py:925} INFO - DAG(s) 'example_dynamic_task_mapping' retrieved from /home/airflow/.local/lib/python3.12/site-packages/airflow/example_dags/example_dynamic_task_mapping.py
[2024-10-18T23:39:10.460+0000] {logging_mixin.py:190} INFO - [2024-10-18T23:39:10.459+0000] {dag.py:3239} INFO - Sync 1 DAGs
[2024-10-18T23:39:10.474+0000] {logging_mixin.py:190} INFO - [2024-10-18T23:39:10.474+0000] {dag.py:4180} INFO - Setting next_dagrun for example_dynamic_task_mapping to None, run_after=None
[2024-10-18T23:39:10.495+0000] {processor.py:208} INFO - Processing /home/airflow/.local/lib/python3.12/site-packages/airflow/example_dags/example_dynamic_task_mapping.py took 0.073 seconds
[2024-10-18T23:39:41.236+0000] {processor.py:186} INFO - Started process (PID=891) to work on /home/airflow/.local/lib/python3.12/site-packages/airflow/example_dags/example_dynamic_task_mapping.py
[2024-10-18T23:39:41.237+0000] {processor.py:914} INFO - Processing file /home/airflow/.local/lib/python3.12/site-packages/airflow/example_dags/example_dynamic_task_mapping.py for tasks to queue
[2024-10-18T23:39:41.240+0000] {logging_mixin.py:190} INFO - [2024-10-18T23:39:41.239+0000] {dagbag.py:588} INFO - Filling up the DagBag from /home/airflow/.local/lib/python3.12/site-packages/airflow/example_dags/example_dynamic_task_mapping.py
[2024-10-18T23:39:41.248+0000] {processor.py:925} INFO - DAG(s) 'example_dynamic_task_mapping' retrieved from /home/airflow/.local/lib/python3.12/site-packages/airflow/example_dags/example_dynamic_task_mapping.py
[2024-10-18T23:39:41.269+0000] {logging_mixin.py:190} INFO - [2024-10-18T23:39:41.269+0000] {dag.py:3239} INFO - Sync 1 DAGs
[2024-10-18T23:39:41.285+0000] {logging_mixin.py:190} INFO - [2024-10-18T23:39:41.285+0000] {dag.py:4180} INFO - Setting next_dagrun for example_dynamic_task_mapping to None, run_after=None
[2024-10-18T23:39:41.306+0000] {processor.py:208} INFO - Processing /home/airflow/.local/lib/python3.12/site-packages/airflow/example_dags/example_dynamic_task_mapping.py took 0.077 seconds
[2024-10-18T23:40:11.767+0000] {processor.py:186} INFO - Started process (PID=953) to work on /home/airflow/.local/lib/python3.12/site-packages/airflow/example_dags/example_dynamic_task_mapping.py
[2024-10-18T23:40:11.769+0000] {processor.py:914} INFO - Processing file /home/airflow/.local/lib/python3.12/site-packages/airflow/example_dags/example_dynamic_task_mapping.py for tasks to queue
[2024-10-18T23:40:11.773+0000] {logging_mixin.py:190} INFO - [2024-10-18T23:40:11.773+0000] {dagbag.py:588} INFO - Filling up the DagBag from /home/airflow/.local/lib/python3.12/site-packages/airflow/example_dags/example_dynamic_task_mapping.py
[2024-10-18T23:40:11.790+0000] {processor.py:925} INFO - DAG(s) 'example_dynamic_task_mapping' retrieved from /home/airflow/.local/lib/python3.12/site-packages/airflow/example_dags/example_dynamic_task_mapping.py
[2024-10-18T23:40:11.824+0000] {logging_mixin.py:190} INFO - [2024-10-18T23:40:11.824+0000] {dag.py:3239} INFO - Sync 1 DAGs
[2024-10-18T23:40:11.853+0000] {logging_mixin.py:190} INFO - [2024-10-18T23:40:11.853+0000] {dag.py:4180} INFO - Setting next_dagrun for example_dynamic_task_mapping to None, run_after=None
[2024-10-18T23:40:11.887+0000] {processor.py:208} INFO - Processing /home/airflow/.local/lib/python3.12/site-packages/airflow/example_dags/example_dynamic_task_mapping.py took 0.130 seconds
[2024-10-18T23:40:42.319+0000] {processor.py:186} INFO - Started process (PID=1015) to work on /home/airflow/.local/lib/python3.12/site-packages/airflow/example_dags/example_dynamic_task_mapping.py
[2024-10-18T23:40:42.321+0000] {processor.py:914} INFO - Processing file /home/airflow/.local/lib/python3.12/site-packages/airflow/example_dags/example_dynamic_task_mapping.py for tasks to queue
[2024-10-18T23:40:42.324+0000] {logging_mixin.py:190} INFO - [2024-10-18T23:40:42.324+0000] {dagbag.py:588} INFO - Filling up the DagBag from /home/airflow/.local/lib/python3.12/site-packages/airflow/example_dags/example_dynamic_task_mapping.py
[2024-10-18T23:40:42.338+0000] {processor.py:925} INFO - DAG(s) 'example_dynamic_task_mapping' retrieved from /home/airflow/.local/lib/python3.12/site-packages/airflow/example_dags/example_dynamic_task_mapping.py
[2024-10-18T23:40:42.366+0000] {logging_mixin.py:190} INFO - [2024-10-18T23:40:42.366+0000] {dag.py:3239} INFO - Sync 1 DAGs
[2024-10-18T23:40:42.388+0000] {logging_mixin.py:190} INFO - [2024-10-18T23:40:42.388+0000] {dag.py:4180} INFO - Setting next_dagrun for example_dynamic_task_mapping to None, run_after=None
[2024-10-18T23:40:42.416+0000] {processor.py:208} INFO - Processing /home/airflow/.local/lib/python3.12/site-packages/airflow/example_dags/example_dynamic_task_mapping.py took 0.108 seconds
[2024-10-18T23:41:12.949+0000] {processor.py:186} INFO - Started process (PID=1077) to work on /home/airflow/.local/lib/python3.12/site-packages/airflow/example_dags/example_dynamic_task_mapping.py
[2024-10-18T23:41:12.951+0000] {processor.py:914} INFO - Processing file /home/airflow/.local/lib/python3.12/site-packages/airflow/example_dags/example_dynamic_task_mapping.py for tasks to queue
[2024-10-18T23:41:12.954+0000] {logging_mixin.py:190} INFO - [2024-10-18T23:41:12.954+0000] {dagbag.py:588} INFO - Filling up the DagBag from /home/airflow/.local/lib/python3.12/site-packages/airflow/example_dags/example_dynamic_task_mapping.py
[2024-10-18T23:41:12.966+0000] {processor.py:925} INFO - DAG(s) 'example_dynamic_task_mapping' retrieved from /home/airflow/.local/lib/python3.12/site-packages/airflow/example_dags/example_dynamic_task_mapping.py
[2024-10-18T23:41:12.997+0000] {logging_mixin.py:190} INFO - [2024-10-18T23:41:12.997+0000] {dag.py:3239} INFO - Sync 1 DAGs
[2024-10-18T23:41:13.029+0000] {logging_mixin.py:190} INFO - [2024-10-18T23:41:13.029+0000] {dag.py:4180} INFO - Setting next_dagrun for example_dynamic_task_mapping to None, run_after=None
[2024-10-18T23:41:13.067+0000] {processor.py:208} INFO - Processing /home/airflow/.local/lib/python3.12/site-packages/airflow/example_dags/example_dynamic_task_mapping.py took 0.127 seconds
[2024-10-18T23:41:43.356+0000] {processor.py:186} INFO - Started process (PID=1139) to work on /home/airflow/.local/lib/python3.12/site-packages/airflow/example_dags/example_dynamic_task_mapping.py
[2024-10-18T23:41:43.357+0000] {processor.py:914} INFO - Processing file /home/airflow/.local/lib/python3.12/site-packages/airflow/example_dags/example_dynamic_task_mapping.py for tasks to queue
[2024-10-18T23:41:43.360+0000] {logging_mixin.py:190} INFO - [2024-10-18T23:41:43.359+0000] {dagbag.py:588} INFO - Filling up the DagBag from /home/airflow/.local/lib/python3.12/site-packages/airflow/example_dags/example_dynamic_task_mapping.py
[2024-10-18T23:41:43.369+0000] {processor.py:925} INFO - DAG(s) 'example_dynamic_task_mapping' retrieved from /home/airflow/.local/lib/python3.12/site-packages/airflow/example_dags/example_dynamic_task_mapping.py
[2024-10-18T23:41:43.398+0000] {logging_mixin.py:190} INFO - [2024-10-18T23:41:43.398+0000] {dag.py:3239} INFO - Sync 1 DAGs
[2024-10-18T23:41:43.434+0000] {logging_mixin.py:190} INFO - [2024-10-18T23:41:43.433+0000] {dag.py:4180} INFO - Setting next_dagrun for example_dynamic_task_mapping to None, run_after=None
[2024-10-18T23:41:43.515+0000] {processor.py:208} INFO - Processing /home/airflow/.local/lib/python3.12/site-packages/airflow/example_dags/example_dynamic_task_mapping.py took 0.166 seconds
[2024-10-18T23:42:13.812+0000] {processor.py:186} INFO - Started process (PID=1201) to work on /home/airflow/.local/lib/python3.12/site-packages/airflow/example_dags/example_dynamic_task_mapping.py
[2024-10-18T23:42:13.813+0000] {processor.py:914} INFO - Processing file /home/airflow/.local/lib/python3.12/site-packages/airflow/example_dags/example_dynamic_task_mapping.py for tasks to queue
[2024-10-18T23:42:13.816+0000] {logging_mixin.py:190} INFO - [2024-10-18T23:42:13.816+0000] {dagbag.py:588} INFO - Filling up the DagBag from /home/airflow/.local/lib/python3.12/site-packages/airflow/example_dags/example_dynamic_task_mapping.py
[2024-10-18T23:42:13.826+0000] {processor.py:925} INFO - DAG(s) 'example_dynamic_task_mapping' retrieved from /home/airflow/.local/lib/python3.12/site-packages/airflow/example_dags/example_dynamic_task_mapping.py
[2024-10-18T23:42:13.851+0000] {logging_mixin.py:190} INFO - [2024-10-18T23:42:13.851+0000] {dag.py:3239} INFO - Sync 1 DAGs
[2024-10-18T23:42:13.866+0000] {logging_mixin.py:190} INFO - [2024-10-18T23:42:13.866+0000] {dag.py:4180} INFO - Setting next_dagrun for example_dynamic_task_mapping to None, run_after=None
[2024-10-18T23:42:13.883+0000] {processor.py:208} INFO - Processing /home/airflow/.local/lib/python3.12/site-packages/airflow/example_dags/example_dynamic_task_mapping.py took 0.078 seconds
[2024-10-18T23:42:45.594+0000] {processor.py:186} INFO - Started process (PID=1263) to work on /home/airflow/.local/lib/python3.12/site-packages/airflow/example_dags/example_dynamic_task_mapping.py
[2024-10-18T23:42:45.596+0000] {processor.py:914} INFO - Processing file /home/airflow/.local/lib/python3.12/site-packages/airflow/example_dags/example_dynamic_task_mapping.py for tasks to queue
[2024-10-18T23:42:45.602+0000] {logging_mixin.py:190} INFO - [2024-10-18T23:42:45.601+0000] {dagbag.py:588} INFO - Filling up the DagBag from /home/airflow/.local/lib/python3.12/site-packages/airflow/example_dags/example_dynamic_task_mapping.py
[2024-10-18T23:42:45.622+0000] {processor.py:925} INFO - DAG(s) 'example_dynamic_task_mapping' retrieved from /home/airflow/.local/lib/python3.12/site-packages/airflow/example_dags/example_dynamic_task_mapping.py
[2024-10-18T23:42:45.665+0000] {logging_mixin.py:190} INFO - [2024-10-18T23:42:45.664+0000] {dag.py:3239} INFO - Sync 1 DAGs
[2024-10-18T23:42:45.708+0000] {logging_mixin.py:190} INFO - [2024-10-18T23:42:45.708+0000] {dag.py:4180} INFO - Setting next_dagrun for example_dynamic_task_mapping to None, run_after=None
[2024-10-18T23:42:45.763+0000] {processor.py:208} INFO - Processing /home/airflow/.local/lib/python3.12/site-packages/airflow/example_dags/example_dynamic_task_mapping.py took 0.186 seconds
[2024-10-18T23:43:16.798+0000] {processor.py:186} INFO - Started process (PID=1324) to work on /home/airflow/.local/lib/python3.12/site-packages/airflow/example_dags/example_dynamic_task_mapping.py
[2024-10-18T23:43:16.801+0000] {processor.py:914} INFO - Processing file /home/airflow/.local/lib/python3.12/site-packages/airflow/example_dags/example_dynamic_task_mapping.py for tasks to queue
[2024-10-18T23:43:16.806+0000] {logging_mixin.py:190} INFO - [2024-10-18T23:43:16.805+0000] {dagbag.py:588} INFO - Filling up the DagBag from /home/airflow/.local/lib/python3.12/site-packages/airflow/example_dags/example_dynamic_task_mapping.py
[2024-10-18T23:43:16.829+0000] {processor.py:925} INFO - DAG(s) 'example_dynamic_task_mapping' retrieved from /home/airflow/.local/lib/python3.12/site-packages/airflow/example_dags/example_dynamic_task_mapping.py
[2024-10-18T23:43:16.865+0000] {logging_mixin.py:190} INFO - [2024-10-18T23:43:16.864+0000] {dag.py:3239} INFO - Sync 1 DAGs
[2024-10-18T23:43:16.890+0000] {logging_mixin.py:190} INFO - [2024-10-18T23:43:16.890+0000] {dag.py:4180} INFO - Setting next_dagrun for example_dynamic_task_mapping to None, run_after=None
[2024-10-18T23:43:16.923+0000] {processor.py:208} INFO - Processing /home/airflow/.local/lib/python3.12/site-packages/airflow/example_dags/example_dynamic_task_mapping.py took 0.135 seconds
[2024-10-18T23:43:47.517+0000] {processor.py:186} INFO - Started process (PID=1386) to work on /home/airflow/.local/lib/python3.12/site-packages/airflow/example_dags/example_dynamic_task_mapping.py
[2024-10-18T23:43:47.518+0000] {processor.py:914} INFO - Processing file /home/airflow/.local/lib/python3.12/site-packages/airflow/example_dags/example_dynamic_task_mapping.py for tasks to queue
[2024-10-18T23:43:47.522+0000] {logging_mixin.py:190} INFO - [2024-10-18T23:43:47.522+0000] {dagbag.py:588} INFO - Filling up the DagBag from /home/airflow/.local/lib/python3.12/site-packages/airflow/example_dags/example_dynamic_task_mapping.py
[2024-10-18T23:43:47.531+0000] {processor.py:925} INFO - DAG(s) 'example_dynamic_task_mapping' retrieved from /home/airflow/.local/lib/python3.12/site-packages/airflow/example_dags/example_dynamic_task_mapping.py
[2024-10-18T23:43:47.551+0000] {logging_mixin.py:190} INFO - [2024-10-18T23:43:47.551+0000] {dag.py:3239} INFO - Sync 1 DAGs
[2024-10-18T23:43:47.567+0000] {logging_mixin.py:190} INFO - [2024-10-18T23:43:47.567+0000] {dag.py:4180} INFO - Setting next_dagrun for example_dynamic_task_mapping to None, run_after=None
[2024-10-18T23:43:47.590+0000] {processor.py:208} INFO - Processing /home/airflow/.local/lib/python3.12/site-packages/airflow/example_dags/example_dynamic_task_mapping.py took 0.080 seconds
[2024-10-18T23:44:17.848+0000] {processor.py:186} INFO - Started process (PID=1448) to work on /home/airflow/.local/lib/python3.12/site-packages/airflow/example_dags/example_dynamic_task_mapping.py
[2024-10-18T23:44:17.849+0000] {processor.py:914} INFO - Processing file /home/airflow/.local/lib/python3.12/site-packages/airflow/example_dags/example_dynamic_task_mapping.py for tasks to queue
[2024-10-18T23:44:17.851+0000] {logging_mixin.py:190} INFO - [2024-10-18T23:44:17.851+0000] {dagbag.py:588} INFO - Filling up the DagBag from /home/airflow/.local/lib/python3.12/site-packages/airflow/example_dags/example_dynamic_task_mapping.py
[2024-10-18T23:44:17.859+0000] {processor.py:925} INFO - DAG(s) 'example_dynamic_task_mapping' retrieved from /home/airflow/.local/lib/python3.12/site-packages/airflow/example_dags/example_dynamic_task_mapping.py
[2024-10-18T23:44:17.879+0000] {logging_mixin.py:190} INFO - [2024-10-18T23:44:17.878+0000] {dag.py:3239} INFO - Sync 1 DAGs
[2024-10-18T23:44:17.893+0000] {logging_mixin.py:190} INFO - [2024-10-18T23:44:17.893+0000] {dag.py:4180} INFO - Setting next_dagrun for example_dynamic_task_mapping to None, run_after=None
[2024-10-18T23:44:17.914+0000] {processor.py:208} INFO - Processing /home/airflow/.local/lib/python3.12/site-packages/airflow/example_dags/example_dynamic_task_mapping.py took 0.071 seconds
[2024-10-18T23:44:48.343+0000] {processor.py:186} INFO - Started process (PID=1509) to work on /home/airflow/.local/lib/python3.12/site-packages/airflow/example_dags/example_dynamic_task_mapping.py
[2024-10-18T23:44:48.344+0000] {processor.py:914} INFO - Processing file /home/airflow/.local/lib/python3.12/site-packages/airflow/example_dags/example_dynamic_task_mapping.py for tasks to queue
[2024-10-18T23:44:48.347+0000] {logging_mixin.py:190} INFO - [2024-10-18T23:44:48.347+0000] {dagbag.py:588} INFO - Filling up the DagBag from /home/airflow/.local/lib/python3.12/site-packages/airflow/example_dags/example_dynamic_task_mapping.py
[2024-10-18T23:44:48.355+0000] {processor.py:925} INFO - DAG(s) 'example_dynamic_task_mapping' retrieved from /home/airflow/.local/lib/python3.12/site-packages/airflow/example_dags/example_dynamic_task_mapping.py
[2024-10-18T23:44:48.374+0000] {logging_mixin.py:190} INFO - [2024-10-18T23:44:48.374+0000] {dag.py:3239} INFO - Sync 1 DAGs
[2024-10-18T23:44:48.387+0000] {logging_mixin.py:190} INFO - [2024-10-18T23:44:48.387+0000] {dag.py:4180} INFO - Setting next_dagrun for example_dynamic_task_mapping to None, run_after=None
[2024-10-18T23:44:48.406+0000] {processor.py:208} INFO - Processing /home/airflow/.local/lib/python3.12/site-packages/airflow/example_dags/example_dynamic_task_mapping.py took 0.071 seconds
[2024-10-18T23:45:18.877+0000] {processor.py:186} INFO - Started process (PID=1571) to work on /home/airflow/.local/lib/python3.12/site-packages/airflow/example_dags/example_dynamic_task_mapping.py
[2024-10-18T23:45:18.879+0000] {processor.py:914} INFO - Processing file /home/airflow/.local/lib/python3.12/site-packages/airflow/example_dags/example_dynamic_task_mapping.py for tasks to queue
[2024-10-18T23:45:18.881+0000] {logging_mixin.py:190} INFO - [2024-10-18T23:45:18.881+0000] {dagbag.py:588} INFO - Filling up the DagBag from /home/airflow/.local/lib/python3.12/site-packages/airflow/example_dags/example_dynamic_task_mapping.py
[2024-10-18T23:45:18.889+0000] {processor.py:925} INFO - DAG(s) 'example_dynamic_task_mapping' retrieved from /home/airflow/.local/lib/python3.12/site-packages/airflow/example_dags/example_dynamic_task_mapping.py
[2024-10-18T23:45:18.910+0000] {logging_mixin.py:190} INFO - [2024-10-18T23:45:18.909+0000] {dag.py:3239} INFO - Sync 1 DAGs
[2024-10-18T23:45:18.922+0000] {logging_mixin.py:190} INFO - [2024-10-18T23:45:18.922+0000] {dag.py:4180} INFO - Setting next_dagrun for example_dynamic_task_mapping to None, run_after=None
[2024-10-18T23:45:18.942+0000] {processor.py:208} INFO - Processing /home/airflow/.local/lib/python3.12/site-packages/airflow/example_dags/example_dynamic_task_mapping.py took 0.071 seconds
[2024-10-18T23:45:49.198+0000] {processor.py:186} INFO - Started process (PID=1628) to work on /home/airflow/.local/lib/python3.12/site-packages/airflow/example_dags/example_dynamic_task_mapping.py
[2024-10-18T23:45:49.199+0000] {processor.py:914} INFO - Processing file /home/airflow/.local/lib/python3.12/site-packages/airflow/example_dags/example_dynamic_task_mapping.py for tasks to queue
[2024-10-18T23:45:49.201+0000] {logging_mixin.py:190} INFO - [2024-10-18T23:45:49.201+0000] {dagbag.py:588} INFO - Filling up the DagBag from /home/airflow/.local/lib/python3.12/site-packages/airflow/example_dags/example_dynamic_task_mapping.py
[2024-10-18T23:45:49.208+0000] {processor.py:925} INFO - DAG(s) 'example_dynamic_task_mapping' retrieved from /home/airflow/.local/lib/python3.12/site-packages/airflow/example_dags/example_dynamic_task_mapping.py
[2024-10-18T23:45:49.227+0000] {logging_mixin.py:190} INFO - [2024-10-18T23:45:49.227+0000] {dag.py:3239} INFO - Sync 1 DAGs
[2024-10-18T23:45:49.239+0000] {logging_mixin.py:190} INFO - [2024-10-18T23:45:49.239+0000] {dag.py:4180} INFO - Setting next_dagrun for example_dynamic_task_mapping to None, run_after=None
[2024-10-18T23:45:49.258+0000] {processor.py:208} INFO - Processing /home/airflow/.local/lib/python3.12/site-packages/airflow/example_dags/example_dynamic_task_mapping.py took 0.065 seconds
[2024-10-18T23:46:19.919+0000] {processor.py:186} INFO - Started process (PID=1690) to work on /home/airflow/.local/lib/python3.12/site-packages/airflow/example_dags/example_dynamic_task_mapping.py
[2024-10-18T23:46:19.920+0000] {processor.py:914} INFO - Processing file /home/airflow/.local/lib/python3.12/site-packages/airflow/example_dags/example_dynamic_task_mapping.py for tasks to queue
[2024-10-18T23:46:19.923+0000] {logging_mixin.py:190} INFO - [2024-10-18T23:46:19.922+0000] {dagbag.py:588} INFO - Filling up the DagBag from /home/airflow/.local/lib/python3.12/site-packages/airflow/example_dags/example_dynamic_task_mapping.py
[2024-10-18T23:46:19.929+0000] {processor.py:925} INFO - DAG(s) 'example_dynamic_task_mapping' retrieved from /home/airflow/.local/lib/python3.12/site-packages/airflow/example_dags/example_dynamic_task_mapping.py
[2024-10-18T23:46:19.947+0000] {logging_mixin.py:190} INFO - [2024-10-18T23:46:19.947+0000] {dag.py:3239} INFO - Sync 1 DAGs
[2024-10-18T23:46:19.960+0000] {logging_mixin.py:190} INFO - [2024-10-18T23:46:19.959+0000] {dag.py:4180} INFO - Setting next_dagrun for example_dynamic_task_mapping to None, run_after=None
[2024-10-18T23:46:19.979+0000] {processor.py:208} INFO - Processing /home/airflow/.local/lib/python3.12/site-packages/airflow/example_dags/example_dynamic_task_mapping.py took 0.065 seconds
[2024-10-18T23:46:52.624+0000] {processor.py:186} INFO - Started process (PID=1743) to work on /home/airflow/.local/lib/python3.12/site-packages/airflow/example_dags/example_dynamic_task_mapping.py
[2024-10-18T23:46:52.625+0000] {processor.py:914} INFO - Processing file /home/airflow/.local/lib/python3.12/site-packages/airflow/example_dags/example_dynamic_task_mapping.py for tasks to queue
[2024-10-18T23:46:52.627+0000] {logging_mixin.py:190} INFO - [2024-10-18T23:46:52.627+0000] {dagbag.py:588} INFO - Filling up the DagBag from /home/airflow/.local/lib/python3.12/site-packages/airflow/example_dags/example_dynamic_task_mapping.py
[2024-10-18T23:46:52.635+0000] {processor.py:925} INFO - DAG(s) 'example_dynamic_task_mapping' retrieved from /home/airflow/.local/lib/python3.12/site-packages/airflow/example_dags/example_dynamic_task_mapping.py
[2024-10-18T23:46:52.655+0000] {logging_mixin.py:190} INFO - [2024-10-18T23:46:52.655+0000] {dag.py:3239} INFO - Sync 1 DAGs
[2024-10-18T23:46:52.667+0000] {logging_mixin.py:190} INFO - [2024-10-18T23:46:52.667+0000] {dag.py:4180} INFO - Setting next_dagrun for example_dynamic_task_mapping to None, run_after=None
[2024-10-18T23:46:52.684+0000] {processor.py:208} INFO - Processing /home/airflow/.local/lib/python3.12/site-packages/airflow/example_dags/example_dynamic_task_mapping.py took 0.066 seconds
[2024-10-18T23:47:23.190+0000] {processor.py:186} INFO - Started process (PID=1801) to work on /home/airflow/.local/lib/python3.12/site-packages/airflow/example_dags/example_dynamic_task_mapping.py
[2024-10-18T23:47:23.191+0000] {processor.py:914} INFO - Processing file /home/airflow/.local/lib/python3.12/site-packages/airflow/example_dags/example_dynamic_task_mapping.py for tasks to queue
[2024-10-18T23:47:23.193+0000] {logging_mixin.py:190} INFO - [2024-10-18T23:47:23.193+0000] {dagbag.py:588} INFO - Filling up the DagBag from /home/airflow/.local/lib/python3.12/site-packages/airflow/example_dags/example_dynamic_task_mapping.py
[2024-10-18T23:47:23.201+0000] {processor.py:925} INFO - DAG(s) 'example_dynamic_task_mapping' retrieved from /home/airflow/.local/lib/python3.12/site-packages/airflow/example_dags/example_dynamic_task_mapping.py
[2024-10-18T23:47:23.225+0000] {logging_mixin.py:190} INFO - [2024-10-18T23:47:23.225+0000] {dag.py:3239} INFO - Sync 1 DAGs
[2024-10-18T23:47:23.241+0000] {logging_mixin.py:190} INFO - [2024-10-18T23:47:23.241+0000] {dag.py:4180} INFO - Setting next_dagrun for example_dynamic_task_mapping to None, run_after=None
[2024-10-18T23:47:23.261+0000] {processor.py:208} INFO - Processing /home/airflow/.local/lib/python3.12/site-packages/airflow/example_dags/example_dynamic_task_mapping.py took 0.076 seconds
[2024-10-18T23:47:53.960+0000] {processor.py:186} INFO - Started process (PID=1863) to work on /home/airflow/.local/lib/python3.12/site-packages/airflow/example_dags/example_dynamic_task_mapping.py
[2024-10-18T23:47:53.962+0000] {processor.py:914} INFO - Processing file /home/airflow/.local/lib/python3.12/site-packages/airflow/example_dags/example_dynamic_task_mapping.py for tasks to queue
[2024-10-18T23:47:53.965+0000] {logging_mixin.py:190} INFO - [2024-10-18T23:47:53.965+0000] {dagbag.py:588} INFO - Filling up the DagBag from /home/airflow/.local/lib/python3.12/site-packages/airflow/example_dags/example_dynamic_task_mapping.py
[2024-10-18T23:47:53.979+0000] {processor.py:925} INFO - DAG(s) 'example_dynamic_task_mapping' retrieved from /home/airflow/.local/lib/python3.12/site-packages/airflow/example_dags/example_dynamic_task_mapping.py
[2024-10-18T23:47:54.009+0000] {logging_mixin.py:190} INFO - [2024-10-18T23:47:54.009+0000] {dag.py:3239} INFO - Sync 1 DAGs
[2024-10-18T23:47:54.035+0000] {logging_mixin.py:190} INFO - [2024-10-18T23:47:54.035+0000] {dag.py:4180} INFO - Setting next_dagrun for example_dynamic_task_mapping to None, run_after=None
[2024-10-18T23:47:54.059+0000] {processor.py:208} INFO - Processing /home/airflow/.local/lib/python3.12/site-packages/airflow/example_dags/example_dynamic_task_mapping.py took 0.107 seconds
[2024-10-18T23:48:24.214+0000] {processor.py:186} INFO - Started process (PID=1925) to work on /home/airflow/.local/lib/python3.12/site-packages/airflow/example_dags/example_dynamic_task_mapping.py
[2024-10-18T23:48:24.216+0000] {processor.py:914} INFO - Processing file /home/airflow/.local/lib/python3.12/site-packages/airflow/example_dags/example_dynamic_task_mapping.py for tasks to queue
[2024-10-18T23:48:24.219+0000] {logging_mixin.py:190} INFO - [2024-10-18T23:48:24.219+0000] {dagbag.py:588} INFO - Filling up the DagBag from /home/airflow/.local/lib/python3.12/site-packages/airflow/example_dags/example_dynamic_task_mapping.py
[2024-10-18T23:48:24.232+0000] {processor.py:925} INFO - DAG(s) 'example_dynamic_task_mapping' retrieved from /home/airflow/.local/lib/python3.12/site-packages/airflow/example_dags/example_dynamic_task_mapping.py
[2024-10-18T23:48:24.257+0000] {logging_mixin.py:190} INFO - [2024-10-18T23:48:24.257+0000] {dag.py:3239} INFO - Sync 1 DAGs
[2024-10-18T23:48:24.282+0000] {logging_mixin.py:190} INFO - [2024-10-18T23:48:24.282+0000] {dag.py:4180} INFO - Setting next_dagrun for example_dynamic_task_mapping to None, run_after=None
[2024-10-18T23:48:24.310+0000] {processor.py:208} INFO - Processing /home/airflow/.local/lib/python3.12/site-packages/airflow/example_dags/example_dynamic_task_mapping.py took 0.104 seconds
[2024-10-18T23:48:54.452+0000] {processor.py:186} INFO - Started process (PID=1987) to work on /home/airflow/.local/lib/python3.12/site-packages/airflow/example_dags/example_dynamic_task_mapping.py
[2024-10-18T23:48:54.454+0000] {processor.py:914} INFO - Processing file /home/airflow/.local/lib/python3.12/site-packages/airflow/example_dags/example_dynamic_task_mapping.py for tasks to queue
[2024-10-18T23:48:54.458+0000] {logging_mixin.py:190} INFO - [2024-10-18T23:48:54.458+0000] {dagbag.py:588} INFO - Filling up the DagBag from /home/airflow/.local/lib/python3.12/site-packages/airflow/example_dags/example_dynamic_task_mapping.py
[2024-10-18T23:48:54.470+0000] {processor.py:925} INFO - DAG(s) 'example_dynamic_task_mapping' retrieved from /home/airflow/.local/lib/python3.12/site-packages/airflow/example_dags/example_dynamic_task_mapping.py
[2024-10-18T23:48:54.508+0000] {logging_mixin.py:190} INFO - [2024-10-18T23:48:54.499+0000] {dag.py:3239} INFO - Sync 1 DAGs
[2024-10-18T23:48:54.552+0000] {logging_mixin.py:190} INFO - [2024-10-18T23:48:54.551+0000] {dag.py:4180} INFO - Setting next_dagrun for example_dynamic_task_mapping to None, run_after=None
[2024-10-18T23:48:54.593+0000] {processor.py:208} INFO - Processing /home/airflow/.local/lib/python3.12/site-packages/airflow/example_dags/example_dynamic_task_mapping.py took 0.149 seconds
[2024-10-18T23:49:25.246+0000] {processor.py:186} INFO - Started process (PID=2049) to work on /home/airflow/.local/lib/python3.12/site-packages/airflow/example_dags/example_dynamic_task_mapping.py
[2024-10-18T23:49:25.247+0000] {processor.py:914} INFO - Processing file /home/airflow/.local/lib/python3.12/site-packages/airflow/example_dags/example_dynamic_task_mapping.py for tasks to queue
[2024-10-18T23:49:25.249+0000] {logging_mixin.py:190} INFO - [2024-10-18T23:49:25.249+0000] {dagbag.py:588} INFO - Filling up the DagBag from /home/airflow/.local/lib/python3.12/site-packages/airflow/example_dags/example_dynamic_task_mapping.py
[2024-10-18T23:49:25.257+0000] {processor.py:925} INFO - DAG(s) 'example_dynamic_task_mapping' retrieved from /home/airflow/.local/lib/python3.12/site-packages/airflow/example_dags/example_dynamic_task_mapping.py
[2024-10-18T23:49:25.276+0000] {logging_mixin.py:190} INFO - [2024-10-18T23:49:25.276+0000] {dag.py:3239} INFO - Sync 1 DAGs
[2024-10-18T23:49:25.292+0000] {logging_mixin.py:190} INFO - [2024-10-18T23:49:25.291+0000] {dag.py:4180} INFO - Setting next_dagrun for example_dynamic_task_mapping to None, run_after=None
[2024-10-18T23:49:25.311+0000] {processor.py:208} INFO - Processing /home/airflow/.local/lib/python3.12/site-packages/airflow/example_dags/example_dynamic_task_mapping.py took 0.071 seconds
[2024-10-18T23:49:56.084+0000] {processor.py:186} INFO - Started process (PID=2111) to work on /home/airflow/.local/lib/python3.12/site-packages/airflow/example_dags/example_dynamic_task_mapping.py
[2024-10-18T23:49:56.085+0000] {processor.py:914} INFO - Processing file /home/airflow/.local/lib/python3.12/site-packages/airflow/example_dags/example_dynamic_task_mapping.py for tasks to queue
[2024-10-18T23:49:56.090+0000] {logging_mixin.py:190} INFO - [2024-10-18T23:49:56.090+0000] {dagbag.py:588} INFO - Filling up the DagBag from /home/airflow/.local/lib/python3.12/site-packages/airflow/example_dags/example_dynamic_task_mapping.py
[2024-10-18T23:49:56.103+0000] {processor.py:925} INFO - DAG(s) 'example_dynamic_task_mapping' retrieved from /home/airflow/.local/lib/python3.12/site-packages/airflow/example_dags/example_dynamic_task_mapping.py
[2024-10-18T23:49:56.132+0000] {logging_mixin.py:190} INFO - [2024-10-18T23:49:56.132+0000] {dag.py:3239} INFO - Sync 1 DAGs
[2024-10-18T23:49:56.158+0000] {logging_mixin.py:190} INFO - [2024-10-18T23:49:56.158+0000] {dag.py:4180} INFO - Setting next_dagrun for example_dynamic_task_mapping to None, run_after=None
[2024-10-18T23:49:56.190+0000] {processor.py:208} INFO - Processing /home/airflow/.local/lib/python3.12/site-packages/airflow/example_dags/example_dynamic_task_mapping.py took 0.113 seconds
[2024-10-18T23:50:26.941+0000] {processor.py:186} INFO - Started process (PID=2173) to work on /home/airflow/.local/lib/python3.12/site-packages/airflow/example_dags/example_dynamic_task_mapping.py
[2024-10-18T23:50:26.945+0000] {processor.py:914} INFO - Processing file /home/airflow/.local/lib/python3.12/site-packages/airflow/example_dags/example_dynamic_task_mapping.py for tasks to queue
[2024-10-18T23:50:26.949+0000] {logging_mixin.py:190} INFO - [2024-10-18T23:50:26.949+0000] {dagbag.py:588} INFO - Filling up the DagBag from /home/airflow/.local/lib/python3.12/site-packages/airflow/example_dags/example_dynamic_task_mapping.py
[2024-10-18T23:50:26.965+0000] {processor.py:925} INFO - DAG(s) 'example_dynamic_task_mapping' retrieved from /home/airflow/.local/lib/python3.12/site-packages/airflow/example_dags/example_dynamic_task_mapping.py
[2024-10-18T23:50:27.000+0000] {logging_mixin.py:190} INFO - [2024-10-18T23:50:26.999+0000] {dag.py:3239} INFO - Sync 1 DAGs
[2024-10-18T23:50:27.032+0000] {logging_mixin.py:190} INFO - [2024-10-18T23:50:27.031+0000] {dag.py:4180} INFO - Setting next_dagrun for example_dynamic_task_mapping to None, run_after=None
[2024-10-18T23:50:27.070+0000] {processor.py:208} INFO - Processing /home/airflow/.local/lib/python3.12/site-packages/airflow/example_dags/example_dynamic_task_mapping.py took 0.138 seconds
[2024-10-18T23:50:57.175+0000] {processor.py:186} INFO - Started process (PID=2235) to work on /home/airflow/.local/lib/python3.12/site-packages/airflow/example_dags/example_dynamic_task_mapping.py
[2024-10-18T23:50:57.177+0000] {processor.py:914} INFO - Processing file /home/airflow/.local/lib/python3.12/site-packages/airflow/example_dags/example_dynamic_task_mapping.py for tasks to queue
[2024-10-18T23:50:57.181+0000] {logging_mixin.py:190} INFO - [2024-10-18T23:50:57.179+0000] {dagbag.py:588} INFO - Filling up the DagBag from /home/airflow/.local/lib/python3.12/site-packages/airflow/example_dags/example_dynamic_task_mapping.py
[2024-10-18T23:50:57.190+0000] {processor.py:925} INFO - DAG(s) 'example_dynamic_task_mapping' retrieved from /home/airflow/.local/lib/python3.12/site-packages/airflow/example_dags/example_dynamic_task_mapping.py
[2024-10-18T23:50:57.214+0000] {logging_mixin.py:190} INFO - [2024-10-18T23:50:57.214+0000] {dag.py:3239} INFO - Sync 1 DAGs
[2024-10-18T23:50:57.229+0000] {logging_mixin.py:190} INFO - [2024-10-18T23:50:57.229+0000] {dag.py:4180} INFO - Setting next_dagrun for example_dynamic_task_mapping to None, run_after=None
[2024-10-18T23:50:57.255+0000] {processor.py:208} INFO - Processing /home/airflow/.local/lib/python3.12/site-packages/airflow/example_dags/example_dynamic_task_mapping.py took 0.086 seconds
[2024-10-18T23:51:28.340+0000] {processor.py:186} INFO - Started process (PID=2298) to work on /home/airflow/.local/lib/python3.12/site-packages/airflow/example_dags/example_dynamic_task_mapping.py
[2024-10-18T23:51:28.341+0000] {processor.py:914} INFO - Processing file /home/airflow/.local/lib/python3.12/site-packages/airflow/example_dags/example_dynamic_task_mapping.py for tasks to queue
[2024-10-18T23:51:28.343+0000] {logging_mixin.py:190} INFO - [2024-10-18T23:51:28.343+0000] {dagbag.py:588} INFO - Filling up the DagBag from /home/airflow/.local/lib/python3.12/site-packages/airflow/example_dags/example_dynamic_task_mapping.py
[2024-10-18T23:51:28.352+0000] {processor.py:925} INFO - DAG(s) 'example_dynamic_task_mapping' retrieved from /home/airflow/.local/lib/python3.12/site-packages/airflow/example_dags/example_dynamic_task_mapping.py
[2024-10-18T23:51:28.372+0000] {logging_mixin.py:190} INFO - [2024-10-18T23:51:28.372+0000] {dag.py:3239} INFO - Sync 1 DAGs
[2024-10-18T23:51:28.386+0000] {logging_mixin.py:190} INFO - [2024-10-18T23:51:28.386+0000] {dag.py:4180} INFO - Setting next_dagrun for example_dynamic_task_mapping to None, run_after=None
[2024-10-18T23:51:28.410+0000] {processor.py:208} INFO - Processing /home/airflow/.local/lib/python3.12/site-packages/airflow/example_dags/example_dynamic_task_mapping.py took 0.076 seconds
[2024-10-18T23:51:58.767+0000] {processor.py:186} INFO - Started process (PID=2360) to work on /home/airflow/.local/lib/python3.12/site-packages/airflow/example_dags/example_dynamic_task_mapping.py
[2024-10-18T23:51:58.768+0000] {processor.py:914} INFO - Processing file /home/airflow/.local/lib/python3.12/site-packages/airflow/example_dags/example_dynamic_task_mapping.py for tasks to queue
[2024-10-18T23:51:58.770+0000] {logging_mixin.py:190} INFO - [2024-10-18T23:51:58.770+0000] {dagbag.py:588} INFO - Filling up the DagBag from /home/airflow/.local/lib/python3.12/site-packages/airflow/example_dags/example_dynamic_task_mapping.py
[2024-10-18T23:51:58.778+0000] {processor.py:925} INFO - DAG(s) 'example_dynamic_task_mapping' retrieved from /home/airflow/.local/lib/python3.12/site-packages/airflow/example_dags/example_dynamic_task_mapping.py
[2024-10-18T23:51:58.802+0000] {logging_mixin.py:190} INFO - [2024-10-18T23:51:58.801+0000] {dag.py:3239} INFO - Sync 1 DAGs
[2024-10-18T23:51:58.816+0000] {logging_mixin.py:190} INFO - [2024-10-18T23:51:58.816+0000] {dag.py:4180} INFO - Setting next_dagrun for example_dynamic_task_mapping to None, run_after=None
[2024-10-18T23:51:58.840+0000] {processor.py:208} INFO - Processing /home/airflow/.local/lib/python3.12/site-packages/airflow/example_dags/example_dynamic_task_mapping.py took 0.079 seconds
[2024-10-18T23:52:29.822+0000] {processor.py:186} INFO - Started process (PID=2422) to work on /home/airflow/.local/lib/python3.12/site-packages/airflow/example_dags/example_dynamic_task_mapping.py
[2024-10-18T23:52:29.823+0000] {processor.py:914} INFO - Processing file /home/airflow/.local/lib/python3.12/site-packages/airflow/example_dags/example_dynamic_task_mapping.py for tasks to queue
[2024-10-18T23:52:29.826+0000] {logging_mixin.py:190} INFO - [2024-10-18T23:52:29.826+0000] {dagbag.py:588} INFO - Filling up the DagBag from /home/airflow/.local/lib/python3.12/site-packages/airflow/example_dags/example_dynamic_task_mapping.py
[2024-10-18T23:52:29.835+0000] {processor.py:925} INFO - DAG(s) 'example_dynamic_task_mapping' retrieved from /home/airflow/.local/lib/python3.12/site-packages/airflow/example_dags/example_dynamic_task_mapping.py
[2024-10-18T23:52:29.858+0000] {logging_mixin.py:190} INFO - [2024-10-18T23:52:29.857+0000] {dag.py:3239} INFO - Sync 1 DAGs
[2024-10-18T23:52:29.873+0000] {logging_mixin.py:190} INFO - [2024-10-18T23:52:29.873+0000] {dag.py:4180} INFO - Setting next_dagrun for example_dynamic_task_mapping to None, run_after=None
[2024-10-18T23:52:29.901+0000] {processor.py:208} INFO - Processing /home/airflow/.local/lib/python3.12/site-packages/airflow/example_dags/example_dynamic_task_mapping.py took 0.084 seconds
[2024-10-18T23:53:00.072+0000] {processor.py:186} INFO - Started process (PID=2484) to work on /home/airflow/.local/lib/python3.12/site-packages/airflow/example_dags/example_dynamic_task_mapping.py
[2024-10-18T23:53:00.073+0000] {processor.py:914} INFO - Processing file /home/airflow/.local/lib/python3.12/site-packages/airflow/example_dags/example_dynamic_task_mapping.py for tasks to queue
[2024-10-18T23:53:00.076+0000] {logging_mixin.py:190} INFO - [2024-10-18T23:53:00.076+0000] {dagbag.py:588} INFO - Filling up the DagBag from /home/airflow/.local/lib/python3.12/site-packages/airflow/example_dags/example_dynamic_task_mapping.py
[2024-10-18T23:53:00.085+0000] {processor.py:925} INFO - DAG(s) 'example_dynamic_task_mapping' retrieved from /home/airflow/.local/lib/python3.12/site-packages/airflow/example_dags/example_dynamic_task_mapping.py
[2024-10-18T23:53:00.105+0000] {logging_mixin.py:190} INFO - [2024-10-18T23:53:00.105+0000] {dag.py:3239} INFO - Sync 1 DAGs
[2024-10-18T23:53:00.122+0000] {logging_mixin.py:190} INFO - [2024-10-18T23:53:00.122+0000] {dag.py:4180} INFO - Setting next_dagrun for example_dynamic_task_mapping to None, run_after=None
[2024-10-18T23:53:00.144+0000] {processor.py:208} INFO - Processing /home/airflow/.local/lib/python3.12/site-packages/airflow/example_dags/example_dynamic_task_mapping.py took 0.078 seconds
[2024-10-18T23:53:31.036+0000] {processor.py:186} INFO - Started process (PID=2546) to work on /home/airflow/.local/lib/python3.12/site-packages/airflow/example_dags/example_dynamic_task_mapping.py
[2024-10-18T23:53:31.042+0000] {processor.py:914} INFO - Processing file /home/airflow/.local/lib/python3.12/site-packages/airflow/example_dags/example_dynamic_task_mapping.py for tasks to queue
[2024-10-18T23:53:31.050+0000] {logging_mixin.py:190} INFO - [2024-10-18T23:53:31.049+0000] {dagbag.py:588} INFO - Filling up the DagBag from /home/airflow/.local/lib/python3.12/site-packages/airflow/example_dags/example_dynamic_task_mapping.py
[2024-10-18T23:53:31.086+0000] {processor.py:925} INFO - DAG(s) 'example_dynamic_task_mapping' retrieved from /home/airflow/.local/lib/python3.12/site-packages/airflow/example_dags/example_dynamic_task_mapping.py
[2024-10-18T23:53:31.149+0000] {logging_mixin.py:190} INFO - [2024-10-18T23:53:31.148+0000] {dag.py:3239} INFO - Sync 1 DAGs
[2024-10-18T23:53:31.188+0000] {logging_mixin.py:190} INFO - [2024-10-18T23:53:31.187+0000] {dag.py:4180} INFO - Setting next_dagrun for example_dynamic_task_mapping to None, run_after=None
[2024-10-18T23:53:31.230+0000] {processor.py:208} INFO - Processing /home/airflow/.local/lib/python3.12/site-packages/airflow/example_dags/example_dynamic_task_mapping.py took 0.217 seconds
[2024-10-18T23:54:01.340+0000] {processor.py:186} INFO - Started process (PID=2607) to work on /home/airflow/.local/lib/python3.12/site-packages/airflow/example_dags/example_dynamic_task_mapping.py
[2024-10-18T23:54:01.343+0000] {processor.py:914} INFO - Processing file /home/airflow/.local/lib/python3.12/site-packages/airflow/example_dags/example_dynamic_task_mapping.py for tasks to queue
[2024-10-18T23:54:01.348+0000] {logging_mixin.py:190} INFO - [2024-10-18T23:54:01.347+0000] {dagbag.py:588} INFO - Filling up the DagBag from /home/airflow/.local/lib/python3.12/site-packages/airflow/example_dags/example_dynamic_task_mapping.py
[2024-10-18T23:54:01.363+0000] {processor.py:925} INFO - DAG(s) 'example_dynamic_task_mapping' retrieved from /home/airflow/.local/lib/python3.12/site-packages/airflow/example_dags/example_dynamic_task_mapping.py
[2024-10-18T23:54:01.400+0000] {logging_mixin.py:190} INFO - [2024-10-18T23:54:01.399+0000] {dag.py:3239} INFO - Sync 1 DAGs
[2024-10-18T23:54:01.429+0000] {logging_mixin.py:190} INFO - [2024-10-18T23:54:01.428+0000] {dag.py:4180} INFO - Setting next_dagrun for example_dynamic_task_mapping to None, run_after=None
[2024-10-18T23:54:01.465+0000] {processor.py:208} INFO - Processing /home/airflow/.local/lib/python3.12/site-packages/airflow/example_dags/example_dynamic_task_mapping.py took 0.136 seconds
[2024-10-18T23:54:32.211+0000] {processor.py:186} INFO - Started process (PID=2670) to work on /home/airflow/.local/lib/python3.12/site-packages/airflow/example_dags/example_dynamic_task_mapping.py
[2024-10-18T23:54:32.214+0000] {processor.py:914} INFO - Processing file /home/airflow/.local/lib/python3.12/site-packages/airflow/example_dags/example_dynamic_task_mapping.py for tasks to queue
[2024-10-18T23:54:32.223+0000] {logging_mixin.py:190} INFO - [2024-10-18T23:54:32.221+0000] {dagbag.py:588} INFO - Filling up the DagBag from /home/airflow/.local/lib/python3.12/site-packages/airflow/example_dags/example_dynamic_task_mapping.py
[2024-10-18T23:54:32.241+0000] {processor.py:925} INFO - DAG(s) 'example_dynamic_task_mapping' retrieved from /home/airflow/.local/lib/python3.12/site-packages/airflow/example_dags/example_dynamic_task_mapping.py
[2024-10-18T23:54:32.283+0000] {logging_mixin.py:190} INFO - [2024-10-18T23:54:32.283+0000] {dag.py:3239} INFO - Sync 1 DAGs
[2024-10-18T23:54:32.318+0000] {logging_mixin.py:190} INFO - [2024-10-18T23:54:32.317+0000] {dag.py:4180} INFO - Setting next_dagrun for example_dynamic_task_mapping to None, run_after=None
[2024-10-18T23:54:32.358+0000] {processor.py:208} INFO - Processing /home/airflow/.local/lib/python3.12/site-packages/airflow/example_dags/example_dynamic_task_mapping.py took 0.159 seconds
[2024-10-18T23:55:02.420+0000] {processor.py:186} INFO - Started process (PID=2732) to work on /home/airflow/.local/lib/python3.12/site-packages/airflow/example_dags/example_dynamic_task_mapping.py
[2024-10-18T23:55:02.422+0000] {processor.py:914} INFO - Processing file /home/airflow/.local/lib/python3.12/site-packages/airflow/example_dags/example_dynamic_task_mapping.py for tasks to queue
[2024-10-18T23:55:02.426+0000] {logging_mixin.py:190} INFO - [2024-10-18T23:55:02.425+0000] {dagbag.py:588} INFO - Filling up the DagBag from /home/airflow/.local/lib/python3.12/site-packages/airflow/example_dags/example_dynamic_task_mapping.py
[2024-10-18T23:55:02.442+0000] {processor.py:925} INFO - DAG(s) 'example_dynamic_task_mapping' retrieved from /home/airflow/.local/lib/python3.12/site-packages/airflow/example_dags/example_dynamic_task_mapping.py
[2024-10-18T23:55:02.472+0000] {logging_mixin.py:190} INFO - [2024-10-18T23:55:02.471+0000] {dag.py:3239} INFO - Sync 1 DAGs
[2024-10-18T23:55:02.491+0000] {logging_mixin.py:190} INFO - [2024-10-18T23:55:02.490+0000] {dag.py:4180} INFO - Setting next_dagrun for example_dynamic_task_mapping to None, run_after=None
[2024-10-18T23:55:02.517+0000] {processor.py:208} INFO - Processing /home/airflow/.local/lib/python3.12/site-packages/airflow/example_dags/example_dynamic_task_mapping.py took 0.105 seconds
[2024-10-18T23:56:44.485+0000] {processor.py:186} INFO - Started process (PID=2770) to work on /home/airflow/.local/lib/python3.12/site-packages/airflow/example_dags/example_dynamic_task_mapping.py
[2024-10-18T23:56:44.487+0000] {processor.py:914} INFO - Processing file /home/airflow/.local/lib/python3.12/site-packages/airflow/example_dags/example_dynamic_task_mapping.py for tasks to queue
[2024-10-18T23:56:44.494+0000] {logging_mixin.py:190} INFO - [2024-10-18T23:56:44.493+0000] {dagbag.py:588} INFO - Filling up the DagBag from /home/airflow/.local/lib/python3.12/site-packages/airflow/example_dags/example_dynamic_task_mapping.py
[2024-10-18T23:56:44.518+0000] {processor.py:925} INFO - DAG(s) 'example_dynamic_task_mapping' retrieved from /home/airflow/.local/lib/python3.12/site-packages/airflow/example_dags/example_dynamic_task_mapping.py
[2024-10-18T23:56:44.571+0000] {logging_mixin.py:190} INFO - [2024-10-18T23:56:44.570+0000] {dag.py:3239} INFO - Sync 1 DAGs
[2024-10-18T23:56:44.613+0000] {logging_mixin.py:190} INFO - [2024-10-18T23:56:44.613+0000] {dag.py:4180} INFO - Setting next_dagrun for example_dynamic_task_mapping to None, run_after=None
[2024-10-18T23:56:45.108+0000] {processor.py:208} INFO - Processing /home/airflow/.local/lib/python3.12/site-packages/airflow/example_dags/example_dynamic_task_mapping.py took 0.637 seconds
[2024-10-18T23:57:15.286+0000] {processor.py:186} INFO - Started process (PID=2833) to work on /home/airflow/.local/lib/python3.12/site-packages/airflow/example_dags/example_dynamic_task_mapping.py
[2024-10-18T23:57:15.288+0000] {processor.py:914} INFO - Processing file /home/airflow/.local/lib/python3.12/site-packages/airflow/example_dags/example_dynamic_task_mapping.py for tasks to queue
[2024-10-18T23:57:15.293+0000] {logging_mixin.py:190} INFO - [2024-10-18T23:57:15.293+0000] {dagbag.py:588} INFO - Filling up the DagBag from /home/airflow/.local/lib/python3.12/site-packages/airflow/example_dags/example_dynamic_task_mapping.py
[2024-10-18T23:57:15.308+0000] {processor.py:925} INFO - DAG(s) 'example_dynamic_task_mapping' retrieved from /home/airflow/.local/lib/python3.12/site-packages/airflow/example_dags/example_dynamic_task_mapping.py
[2024-10-18T23:57:15.338+0000] {logging_mixin.py:190} INFO - [2024-10-18T23:57:15.338+0000] {dag.py:3239} INFO - Sync 1 DAGs
[2024-10-18T23:57:15.361+0000] {logging_mixin.py:190} INFO - [2024-10-18T23:57:15.361+0000] {dag.py:4180} INFO - Setting next_dagrun for example_dynamic_task_mapping to None, run_after=None
[2024-10-18T23:57:15.389+0000] {processor.py:208} INFO - Processing /home/airflow/.local/lib/python3.12/site-packages/airflow/example_dags/example_dynamic_task_mapping.py took 0.113 seconds
[2024-10-18T23:57:45.888+0000] {processor.py:186} INFO - Started process (PID=2895) to work on /home/airflow/.local/lib/python3.12/site-packages/airflow/example_dags/example_dynamic_task_mapping.py
[2024-10-18T23:57:45.889+0000] {processor.py:914} INFO - Processing file /home/airflow/.local/lib/python3.12/site-packages/airflow/example_dags/example_dynamic_task_mapping.py for tasks to queue
[2024-10-18T23:57:45.891+0000] {logging_mixin.py:190} INFO - [2024-10-18T23:57:45.891+0000] {dagbag.py:588} INFO - Filling up the DagBag from /home/airflow/.local/lib/python3.12/site-packages/airflow/example_dags/example_dynamic_task_mapping.py
[2024-10-18T23:57:45.899+0000] {processor.py:925} INFO - DAG(s) 'example_dynamic_task_mapping' retrieved from /home/airflow/.local/lib/python3.12/site-packages/airflow/example_dags/example_dynamic_task_mapping.py
[2024-10-18T23:57:45.918+0000] {logging_mixin.py:190} INFO - [2024-10-18T23:57:45.918+0000] {dag.py:3239} INFO - Sync 1 DAGs
[2024-10-18T23:57:45.931+0000] {logging_mixin.py:190} INFO - [2024-10-18T23:57:45.931+0000] {dag.py:4180} INFO - Setting next_dagrun for example_dynamic_task_mapping to None, run_after=None
[2024-10-18T23:57:45.949+0000] {processor.py:208} INFO - Processing /home/airflow/.local/lib/python3.12/site-packages/airflow/example_dags/example_dynamic_task_mapping.py took 0.066 seconds
[2024-10-18T23:58:16.409+0000] {processor.py:186} INFO - Started process (PID=2957) to work on /home/airflow/.local/lib/python3.12/site-packages/airflow/example_dags/example_dynamic_task_mapping.py
[2024-10-18T23:58:16.410+0000] {processor.py:914} INFO - Processing file /home/airflow/.local/lib/python3.12/site-packages/airflow/example_dags/example_dynamic_task_mapping.py for tasks to queue
[2024-10-18T23:58:16.413+0000] {logging_mixin.py:190} INFO - [2024-10-18T23:58:16.412+0000] {dagbag.py:588} INFO - Filling up the DagBag from /home/airflow/.local/lib/python3.12/site-packages/airflow/example_dags/example_dynamic_task_mapping.py
[2024-10-18T23:58:16.422+0000] {processor.py:925} INFO - DAG(s) 'example_dynamic_task_mapping' retrieved from /home/airflow/.local/lib/python3.12/site-packages/airflow/example_dags/example_dynamic_task_mapping.py
[2024-10-18T23:58:16.440+0000] {logging_mixin.py:190} INFO - [2024-10-18T23:58:16.440+0000] {dag.py:3239} INFO - Sync 1 DAGs
[2024-10-18T23:58:16.453+0000] {logging_mixin.py:190} INFO - [2024-10-18T23:58:16.453+0000] {dag.py:4180} INFO - Setting next_dagrun for example_dynamic_task_mapping to None, run_after=None
[2024-10-18T23:58:16.472+0000] {processor.py:208} INFO - Processing /home/airflow/.local/lib/python3.12/site-packages/airflow/example_dags/example_dynamic_task_mapping.py took 0.070 seconds
[2024-10-18T23:58:46.877+0000] {processor.py:186} INFO - Started process (PID=3018) to work on /home/airflow/.local/lib/python3.12/site-packages/airflow/example_dags/example_dynamic_task_mapping.py
[2024-10-18T23:58:46.880+0000] {processor.py:914} INFO - Processing file /home/airflow/.local/lib/python3.12/site-packages/airflow/example_dags/example_dynamic_task_mapping.py for tasks to queue
[2024-10-18T23:58:46.885+0000] {logging_mixin.py:190} INFO - [2024-10-18T23:58:46.884+0000] {dagbag.py:588} INFO - Filling up the DagBag from /home/airflow/.local/lib/python3.12/site-packages/airflow/example_dags/example_dynamic_task_mapping.py
[2024-10-18T23:58:46.911+0000] {processor.py:925} INFO - DAG(s) 'example_dynamic_task_mapping' retrieved from /home/airflow/.local/lib/python3.12/site-packages/airflow/example_dags/example_dynamic_task_mapping.py
[2024-10-18T23:58:46.964+0000] {logging_mixin.py:190} INFO - [2024-10-18T23:58:46.963+0000] {dag.py:3239} INFO - Sync 1 DAGs
[2024-10-18T23:58:46.995+0000] {logging_mixin.py:190} INFO - [2024-10-18T23:58:46.994+0000] {dag.py:4180} INFO - Setting next_dagrun for example_dynamic_task_mapping to None, run_after=None
[2024-10-18T23:58:47.030+0000] {processor.py:208} INFO - Processing /home/airflow/.local/lib/python3.12/site-packages/airflow/example_dags/example_dynamic_task_mapping.py took 0.164 seconds
[2024-10-18T23:59:18.753+0000] {processor.py:186} INFO - Started process (PID=3079) to work on /home/airflow/.local/lib/python3.12/site-packages/airflow/example_dags/example_dynamic_task_mapping.py
[2024-10-18T23:59:18.755+0000] {processor.py:914} INFO - Processing file /home/airflow/.local/lib/python3.12/site-packages/airflow/example_dags/example_dynamic_task_mapping.py for tasks to queue
[2024-10-18T23:59:18.759+0000] {logging_mixin.py:190} INFO - [2024-10-18T23:59:18.758+0000] {dagbag.py:588} INFO - Filling up the DagBag from /home/airflow/.local/lib/python3.12/site-packages/airflow/example_dags/example_dynamic_task_mapping.py
[2024-10-18T23:59:18.773+0000] {processor.py:925} INFO - DAG(s) 'example_dynamic_task_mapping' retrieved from /home/airflow/.local/lib/python3.12/site-packages/airflow/example_dags/example_dynamic_task_mapping.py
[2024-10-18T23:59:18.805+0000] {logging_mixin.py:190} INFO - [2024-10-18T23:59:18.805+0000] {dag.py:3239} INFO - Sync 1 DAGs
[2024-10-18T23:59:19.035+0000] {logging_mixin.py:190} INFO - [2024-10-18T23:59:19.035+0000] {dag.py:4180} INFO - Setting next_dagrun for example_dynamic_task_mapping to None, run_after=None
[2024-10-18T23:59:19.058+0000] {processor.py:208} INFO - Processing /home/airflow/.local/lib/python3.12/site-packages/airflow/example_dags/example_dynamic_task_mapping.py took 0.316 seconds
[2024-10-18T23:59:49.916+0000] {processor.py:186} INFO - Started process (PID=3141) to work on /home/airflow/.local/lib/python3.12/site-packages/airflow/example_dags/example_dynamic_task_mapping.py
[2024-10-18T23:59:49.918+0000] {processor.py:914} INFO - Processing file /home/airflow/.local/lib/python3.12/site-packages/airflow/example_dags/example_dynamic_task_mapping.py for tasks to queue
[2024-10-18T23:59:49.920+0000] {logging_mixin.py:190} INFO - [2024-10-18T23:59:49.920+0000] {dagbag.py:588} INFO - Filling up the DagBag from /home/airflow/.local/lib/python3.12/site-packages/airflow/example_dags/example_dynamic_task_mapping.py
[2024-10-18T23:59:49.928+0000] {processor.py:925} INFO - DAG(s) 'example_dynamic_task_mapping' retrieved from /home/airflow/.local/lib/python3.12/site-packages/airflow/example_dags/example_dynamic_task_mapping.py
[2024-10-18T23:59:49.948+0000] {logging_mixin.py:190} INFO - [2024-10-18T23:59:49.948+0000] {dag.py:3239} INFO - Sync 1 DAGs
[2024-10-18T23:59:49.962+0000] {logging_mixin.py:190} INFO - [2024-10-18T23:59:49.962+0000] {dag.py:4180} INFO - Setting next_dagrun for example_dynamic_task_mapping to None, run_after=None
[2024-10-18T23:59:49.984+0000] {processor.py:208} INFO - Processing /home/airflow/.local/lib/python3.12/site-packages/airflow/example_dags/example_dynamic_task_mapping.py took 0.073 seconds
