[2024-10-18T23:32:53.159+0000] {processor.py:186} INFO - Started process (PID=81) to work on /home/airflow/.local/lib/python3.12/site-packages/airflow/example_dags/example_sensors.py
[2024-10-18T23:32:53.230+0000] {processor.py:914} INFO - Processing file /home/airflow/.local/lib/python3.12/site-packages/airflow/example_dags/example_sensors.py for tasks to queue
[2024-10-18T23:32:54.205+0000] {logging_mixin.py:190} INFO - [2024-10-18T23:32:54.148+0000] {dagbag.py:588} INFO - Filling up the DagBag from /home/airflow/.local/lib/python3.12/site-packages/airflow/example_dags/example_sensors.py
[2024-10-18T23:32:54.766+0000] {processor.py:925} INFO - DAG(s) 'example_sensors' retrieved from /home/airflow/.local/lib/python3.12/site-packages/airflow/example_dags/example_sensors.py
[2024-10-18T23:32:56.262+0000] {logging_mixin.py:190} INFO - [2024-10-18T23:32:56.260+0000] {override.py:1900} INFO - Created Permission View: can read on DAG:example_sensors
[2024-10-18T23:32:56.322+0000] {logging_mixin.py:190} INFO - [2024-10-18T23:32:56.322+0000] {override.py:1900} INFO - Created Permission View: can edit on DAG:example_sensors
[2024-10-18T23:32:56.436+0000] {logging_mixin.py:190} INFO - [2024-10-18T23:32:56.436+0000] {override.py:1900} INFO - Created Permission View: can delete on DAG:example_sensors
[2024-10-18T23:32:56.614+0000] {logging_mixin.py:190} INFO - [2024-10-18T23:32:56.613+0000] {override.py:1900} INFO - Created Permission View: can read on DAG Run:example_sensors
[2024-10-18T23:32:56.669+0000] {logging_mixin.py:190} INFO - [2024-10-18T23:32:56.668+0000] {override.py:1900} INFO - Created Permission View: can create on DAG Run:example_sensors
[2024-10-18T23:32:56.684+0000] {logging_mixin.py:190} INFO - [2024-10-18T23:32:56.683+0000] {override.py:1900} INFO - Created Permission View: menu access on DAG Run:example_sensors
[2024-10-18T23:32:56.698+0000] {logging_mixin.py:190} INFO - [2024-10-18T23:32:56.698+0000] {override.py:1900} INFO - Created Permission View: can delete on DAG Run:example_sensors
[2024-10-18T23:32:56.700+0000] {logging_mixin.py:190} INFO - [2024-10-18T23:32:56.699+0000] {dag.py:3239} INFO - Sync 1 DAGs
[2024-10-18T23:32:56.775+0000] {logging_mixin.py:190} INFO - [2024-10-18T23:32:56.775+0000] {dag.py:3262} INFO - Creating ORM DAG for example_sensors
[2024-10-18T23:32:56.783+0000] {logging_mixin.py:190} INFO - [2024-10-18T23:32:56.782+0000] {dag.py:4180} INFO - Setting next_dagrun for example_sensors to None, run_after=None
[2024-10-18T23:32:56.842+0000] {processor.py:208} INFO - Processing /home/airflow/.local/lib/python3.12/site-packages/airflow/example_dags/example_sensors.py took 3.845 seconds
[2024-10-18T23:33:33.609+0000] {processor.py:186} INFO - Started process (PID=143) to work on /home/airflow/.local/lib/python3.12/site-packages/airflow/example_dags/example_sensors.py
[2024-10-18T23:33:33.612+0000] {processor.py:914} INFO - Processing file /home/airflow/.local/lib/python3.12/site-packages/airflow/example_dags/example_sensors.py for tasks to queue
[2024-10-18T23:33:33.617+0000] {logging_mixin.py:190} INFO - [2024-10-18T23:33:33.616+0000] {dagbag.py:588} INFO - Filling up the DagBag from /home/airflow/.local/lib/python3.12/site-packages/airflow/example_dags/example_sensors.py
[2024-10-18T23:33:33.648+0000] {processor.py:925} INFO - DAG(s) 'example_sensors' retrieved from /home/airflow/.local/lib/python3.12/site-packages/airflow/example_dags/example_sensors.py
[2024-10-18T23:33:33.724+0000] {logging_mixin.py:190} INFO - [2024-10-18T23:33:33.723+0000] {dag.py:3239} INFO - Sync 1 DAGs
[2024-10-18T23:33:33.773+0000] {logging_mixin.py:190} INFO - [2024-10-18T23:33:33.772+0000] {dag.py:4180} INFO - Setting next_dagrun for example_sensors to None, run_after=None
[2024-10-18T23:33:33.850+0000] {processor.py:208} INFO - Processing /home/airflow/.local/lib/python3.12/site-packages/airflow/example_dags/example_sensors.py took 0.253 seconds
[2024-10-18T23:34:04.067+0000] {processor.py:186} INFO - Started process (PID=205) to work on /home/airflow/.local/lib/python3.12/site-packages/airflow/example_dags/example_sensors.py
[2024-10-18T23:34:04.069+0000] {processor.py:914} INFO - Processing file /home/airflow/.local/lib/python3.12/site-packages/airflow/example_dags/example_sensors.py for tasks to queue
[2024-10-18T23:34:04.073+0000] {logging_mixin.py:190} INFO - [2024-10-18T23:34:04.073+0000] {dagbag.py:588} INFO - Filling up the DagBag from /home/airflow/.local/lib/python3.12/site-packages/airflow/example_dags/example_sensors.py
[2024-10-18T23:34:04.094+0000] {processor.py:925} INFO - DAG(s) 'example_sensors' retrieved from /home/airflow/.local/lib/python3.12/site-packages/airflow/example_dags/example_sensors.py
[2024-10-18T23:34:04.136+0000] {logging_mixin.py:190} INFO - [2024-10-18T23:34:04.135+0000] {dag.py:3239} INFO - Sync 1 DAGs
[2024-10-18T23:34:04.159+0000] {logging_mixin.py:190} INFO - [2024-10-18T23:34:04.159+0000] {dag.py:4180} INFO - Setting next_dagrun for example_sensors to None, run_after=None
[2024-10-18T23:34:04.187+0000] {processor.py:208} INFO - Processing /home/airflow/.local/lib/python3.12/site-packages/airflow/example_dags/example_sensors.py took 0.129 seconds
[2024-10-18T23:34:34.423+0000] {processor.py:186} INFO - Started process (PID=267) to work on /home/airflow/.local/lib/python3.12/site-packages/airflow/example_dags/example_sensors.py
[2024-10-18T23:34:34.425+0000] {processor.py:914} INFO - Processing file /home/airflow/.local/lib/python3.12/site-packages/airflow/example_dags/example_sensors.py for tasks to queue
[2024-10-18T23:34:34.427+0000] {logging_mixin.py:190} INFO - [2024-10-18T23:34:34.427+0000] {dagbag.py:588} INFO - Filling up the DagBag from /home/airflow/.local/lib/python3.12/site-packages/airflow/example_dags/example_sensors.py
[2024-10-18T23:34:34.437+0000] {processor.py:925} INFO - DAG(s) 'example_sensors' retrieved from /home/airflow/.local/lib/python3.12/site-packages/airflow/example_dags/example_sensors.py
[2024-10-18T23:34:34.461+0000] {logging_mixin.py:190} INFO - [2024-10-18T23:34:34.460+0000] {dag.py:3239} INFO - Sync 1 DAGs
[2024-10-18T23:34:34.474+0000] {logging_mixin.py:190} INFO - [2024-10-18T23:34:34.474+0000] {dag.py:4180} INFO - Setting next_dagrun for example_sensors to None, run_after=None
[2024-10-18T23:34:34.508+0000] {processor.py:208} INFO - Processing /home/airflow/.local/lib/python3.12/site-packages/airflow/example_dags/example_sensors.py took 0.090 seconds
[2024-10-18T23:35:05.250+0000] {processor.py:186} INFO - Started process (PID=329) to work on /home/airflow/.local/lib/python3.12/site-packages/airflow/example_dags/example_sensors.py
[2024-10-18T23:35:05.252+0000] {processor.py:914} INFO - Processing file /home/airflow/.local/lib/python3.12/site-packages/airflow/example_dags/example_sensors.py for tasks to queue
[2024-10-18T23:35:05.256+0000] {logging_mixin.py:190} INFO - [2024-10-18T23:35:05.255+0000] {dagbag.py:588} INFO - Filling up the DagBag from /home/airflow/.local/lib/python3.12/site-packages/airflow/example_dags/example_sensors.py
[2024-10-18T23:35:05.275+0000] {processor.py:925} INFO - DAG(s) 'example_sensors' retrieved from /home/airflow/.local/lib/python3.12/site-packages/airflow/example_dags/example_sensors.py
[2024-10-18T23:35:05.318+0000] {logging_mixin.py:190} INFO - [2024-10-18T23:35:05.318+0000] {dag.py:3239} INFO - Sync 1 DAGs
[2024-10-18T23:35:05.345+0000] {logging_mixin.py:190} INFO - [2024-10-18T23:35:05.344+0000] {dag.py:4180} INFO - Setting next_dagrun for example_sensors to None, run_after=None
[2024-10-18T23:35:05.375+0000] {processor.py:208} INFO - Processing /home/airflow/.local/lib/python3.12/site-packages/airflow/example_dags/example_sensors.py took 0.137 seconds
[2024-10-18T23:35:35.459+0000] {processor.py:186} INFO - Started process (PID=387) to work on /home/airflow/.local/lib/python3.12/site-packages/airflow/example_dags/example_sensors.py
[2024-10-18T23:35:35.460+0000] {processor.py:914} INFO - Processing file /home/airflow/.local/lib/python3.12/site-packages/airflow/example_dags/example_sensors.py for tasks to queue
[2024-10-18T23:35:35.463+0000] {logging_mixin.py:190} INFO - [2024-10-18T23:35:35.462+0000] {dagbag.py:588} INFO - Filling up the DagBag from /home/airflow/.local/lib/python3.12/site-packages/airflow/example_dags/example_sensors.py
[2024-10-18T23:35:35.477+0000] {processor.py:925} INFO - DAG(s) 'example_sensors' retrieved from /home/airflow/.local/lib/python3.12/site-packages/airflow/example_dags/example_sensors.py
[2024-10-18T23:35:35.503+0000] {logging_mixin.py:190} INFO - [2024-10-18T23:35:35.502+0000] {dag.py:3239} INFO - Sync 1 DAGs
[2024-10-18T23:35:35.517+0000] {logging_mixin.py:190} INFO - [2024-10-18T23:35:35.516+0000] {dag.py:4180} INFO - Setting next_dagrun for example_sensors to None, run_after=None
[2024-10-18T23:35:35.536+0000] {processor.py:208} INFO - Processing /home/airflow/.local/lib/python3.12/site-packages/airflow/example_dags/example_sensors.py took 0.085 seconds
[2024-10-18T23:36:06.281+0000] {processor.py:186} INFO - Started process (PID=449) to work on /home/airflow/.local/lib/python3.12/site-packages/airflow/example_dags/example_sensors.py
[2024-10-18T23:36:06.283+0000] {processor.py:914} INFO - Processing file /home/airflow/.local/lib/python3.12/site-packages/airflow/example_dags/example_sensors.py for tasks to queue
[2024-10-18T23:36:06.286+0000] {logging_mixin.py:190} INFO - [2024-10-18T23:36:06.285+0000] {dagbag.py:588} INFO - Filling up the DagBag from /home/airflow/.local/lib/python3.12/site-packages/airflow/example_dags/example_sensors.py
[2024-10-18T23:36:06.300+0000] {processor.py:925} INFO - DAG(s) 'example_sensors' retrieved from /home/airflow/.local/lib/python3.12/site-packages/airflow/example_dags/example_sensors.py
[2024-10-18T23:36:06.364+0000] {logging_mixin.py:190} INFO - [2024-10-18T23:36:06.364+0000] {dag.py:3239} INFO - Sync 1 DAGs
[2024-10-18T23:36:06.388+0000] {logging_mixin.py:190} INFO - [2024-10-18T23:36:06.388+0000] {dag.py:4180} INFO - Setting next_dagrun for example_sensors to None, run_after=None
[2024-10-18T23:36:06.414+0000] {processor.py:208} INFO - Processing /home/airflow/.local/lib/python3.12/site-packages/airflow/example_dags/example_sensors.py took 0.141 seconds
[2024-10-18T23:36:37.267+0000] {processor.py:186} INFO - Started process (PID=517) to work on /home/airflow/.local/lib/python3.12/site-packages/airflow/example_dags/example_sensors.py
[2024-10-18T23:36:37.269+0000] {processor.py:914} INFO - Processing file /home/airflow/.local/lib/python3.12/site-packages/airflow/example_dags/example_sensors.py for tasks to queue
[2024-10-18T23:36:37.274+0000] {logging_mixin.py:190} INFO - [2024-10-18T23:36:37.274+0000] {dagbag.py:588} INFO - Filling up the DagBag from /home/airflow/.local/lib/python3.12/site-packages/airflow/example_dags/example_sensors.py
[2024-10-18T23:36:37.294+0000] {processor.py:925} INFO - DAG(s) 'example_sensors' retrieved from /home/airflow/.local/lib/python3.12/site-packages/airflow/example_dags/example_sensors.py
[2024-10-18T23:36:37.332+0000] {logging_mixin.py:190} INFO - [2024-10-18T23:36:37.332+0000] {dag.py:3239} INFO - Sync 1 DAGs
[2024-10-18T23:36:37.353+0000] {logging_mixin.py:190} INFO - [2024-10-18T23:36:37.353+0000] {dag.py:4180} INFO - Setting next_dagrun for example_sensors to None, run_after=None
[2024-10-18T23:36:37.380+0000] {processor.py:208} INFO - Processing /home/airflow/.local/lib/python3.12/site-packages/airflow/example_dags/example_sensors.py took 0.123 seconds
[2024-10-18T23:37:07.461+0000] {processor.py:186} INFO - Started process (PID=579) to work on /home/airflow/.local/lib/python3.12/site-packages/airflow/example_dags/example_sensors.py
[2024-10-18T23:37:07.462+0000] {processor.py:914} INFO - Processing file /home/airflow/.local/lib/python3.12/site-packages/airflow/example_dags/example_sensors.py for tasks to queue
[2024-10-18T23:37:07.465+0000] {logging_mixin.py:190} INFO - [2024-10-18T23:37:07.465+0000] {dagbag.py:588} INFO - Filling up the DagBag from /home/airflow/.local/lib/python3.12/site-packages/airflow/example_dags/example_sensors.py
[2024-10-18T23:37:07.475+0000] {processor.py:925} INFO - DAG(s) 'example_sensors' retrieved from /home/airflow/.local/lib/python3.12/site-packages/airflow/example_dags/example_sensors.py
[2024-10-18T23:37:07.502+0000] {logging_mixin.py:190} INFO - [2024-10-18T23:37:07.501+0000] {dag.py:3239} INFO - Sync 1 DAGs
[2024-10-18T23:37:07.516+0000] {logging_mixin.py:190} INFO - [2024-10-18T23:37:07.515+0000] {dag.py:4180} INFO - Setting next_dagrun for example_sensors to None, run_after=None
[2024-10-18T23:37:07.535+0000] {processor.py:208} INFO - Processing /home/airflow/.local/lib/python3.12/site-packages/airflow/example_dags/example_sensors.py took 0.080 seconds
[2024-10-18T23:37:38.643+0000] {processor.py:186} INFO - Started process (PID=641) to work on /home/airflow/.local/lib/python3.12/site-packages/airflow/example_dags/example_sensors.py
[2024-10-18T23:37:38.645+0000] {processor.py:914} INFO - Processing file /home/airflow/.local/lib/python3.12/site-packages/airflow/example_dags/example_sensors.py for tasks to queue
[2024-10-18T23:37:38.649+0000] {logging_mixin.py:190} INFO - [2024-10-18T23:37:38.648+0000] {dagbag.py:588} INFO - Filling up the DagBag from /home/airflow/.local/lib/python3.12/site-packages/airflow/example_dags/example_sensors.py
[2024-10-18T23:37:38.661+0000] {processor.py:925} INFO - DAG(s) 'example_sensors' retrieved from /home/airflow/.local/lib/python3.12/site-packages/airflow/example_dags/example_sensors.py
[2024-10-18T23:37:38.694+0000] {logging_mixin.py:190} INFO - [2024-10-18T23:37:38.694+0000] {dag.py:3239} INFO - Sync 1 DAGs
[2024-10-18T23:37:38.710+0000] {logging_mixin.py:190} INFO - [2024-10-18T23:37:38.710+0000] {dag.py:4180} INFO - Setting next_dagrun for example_sensors to None, run_after=None
[2024-10-18T23:37:38.736+0000] {processor.py:208} INFO - Processing /home/airflow/.local/lib/python3.12/site-packages/airflow/example_dags/example_sensors.py took 0.101 seconds
[2024-10-18T23:38:08.915+0000] {processor.py:186} INFO - Started process (PID=703) to work on /home/airflow/.local/lib/python3.12/site-packages/airflow/example_dags/example_sensors.py
[2024-10-18T23:38:08.916+0000] {processor.py:914} INFO - Processing file /home/airflow/.local/lib/python3.12/site-packages/airflow/example_dags/example_sensors.py for tasks to queue
[2024-10-18T23:38:08.919+0000] {logging_mixin.py:190} INFO - [2024-10-18T23:38:08.918+0000] {dagbag.py:588} INFO - Filling up the DagBag from /home/airflow/.local/lib/python3.12/site-packages/airflow/example_dags/example_sensors.py
[2024-10-18T23:38:08.929+0000] {processor.py:925} INFO - DAG(s) 'example_sensors' retrieved from /home/airflow/.local/lib/python3.12/site-packages/airflow/example_dags/example_sensors.py
[2024-10-18T23:38:08.953+0000] {logging_mixin.py:190} INFO - [2024-10-18T23:38:08.953+0000] {dag.py:3239} INFO - Sync 1 DAGs
[2024-10-18T23:38:08.966+0000] {logging_mixin.py:190} INFO - [2024-10-18T23:38:08.966+0000] {dag.py:4180} INFO - Setting next_dagrun for example_sensors to None, run_after=None
[2024-10-18T23:38:08.985+0000] {processor.py:208} INFO - Processing /home/airflow/.local/lib/python3.12/site-packages/airflow/example_dags/example_sensors.py took 0.075 seconds
[2024-10-18T23:38:39.455+0000] {processor.py:186} INFO - Started process (PID=765) to work on /home/airflow/.local/lib/python3.12/site-packages/airflow/example_dags/example_sensors.py
[2024-10-18T23:38:39.456+0000] {processor.py:914} INFO - Processing file /home/airflow/.local/lib/python3.12/site-packages/airflow/example_dags/example_sensors.py for tasks to queue
[2024-10-18T23:38:39.458+0000] {logging_mixin.py:190} INFO - [2024-10-18T23:38:39.458+0000] {dagbag.py:588} INFO - Filling up the DagBag from /home/airflow/.local/lib/python3.12/site-packages/airflow/example_dags/example_sensors.py
[2024-10-18T23:38:39.469+0000] {processor.py:925} INFO - DAG(s) 'example_sensors' retrieved from /home/airflow/.local/lib/python3.12/site-packages/airflow/example_dags/example_sensors.py
[2024-10-18T23:38:39.495+0000] {logging_mixin.py:190} INFO - [2024-10-18T23:38:39.495+0000] {dag.py:3239} INFO - Sync 1 DAGs
[2024-10-18T23:38:39.510+0000] {logging_mixin.py:190} INFO - [2024-10-18T23:38:39.510+0000] {dag.py:4180} INFO - Setting next_dagrun for example_sensors to None, run_after=None
[2024-10-18T23:38:39.531+0000] {processor.py:208} INFO - Processing /home/airflow/.local/lib/python3.12/site-packages/airflow/example_dags/example_sensors.py took 0.083 seconds
[2024-10-18T23:39:10.313+0000] {processor.py:186} INFO - Started process (PID=827) to work on /home/airflow/.local/lib/python3.12/site-packages/airflow/example_dags/example_sensors.py
[2024-10-18T23:39:10.315+0000] {processor.py:914} INFO - Processing file /home/airflow/.local/lib/python3.12/site-packages/airflow/example_dags/example_sensors.py for tasks to queue
[2024-10-18T23:39:10.317+0000] {logging_mixin.py:190} INFO - [2024-10-18T23:39:10.317+0000] {dagbag.py:588} INFO - Filling up the DagBag from /home/airflow/.local/lib/python3.12/site-packages/airflow/example_dags/example_sensors.py
[2024-10-18T23:39:10.328+0000] {processor.py:925} INFO - DAG(s) 'example_sensors' retrieved from /home/airflow/.local/lib/python3.12/site-packages/airflow/example_dags/example_sensors.py
[2024-10-18T23:39:10.354+0000] {logging_mixin.py:190} INFO - [2024-10-18T23:39:10.354+0000] {dag.py:3239} INFO - Sync 1 DAGs
[2024-10-18T23:39:10.368+0000] {logging_mixin.py:190} INFO - [2024-10-18T23:39:10.368+0000] {dag.py:4180} INFO - Setting next_dagrun for example_sensors to None, run_after=None
[2024-10-18T23:39:10.390+0000] {processor.py:208} INFO - Processing /home/airflow/.local/lib/python3.12/site-packages/airflow/example_dags/example_sensors.py took 0.082 seconds
[2024-10-18T23:39:41.112+0000] {processor.py:186} INFO - Started process (PID=889) to work on /home/airflow/.local/lib/python3.12/site-packages/airflow/example_dags/example_sensors.py
[2024-10-18T23:39:41.113+0000] {processor.py:914} INFO - Processing file /home/airflow/.local/lib/python3.12/site-packages/airflow/example_dags/example_sensors.py for tasks to queue
[2024-10-18T23:39:41.116+0000] {logging_mixin.py:190} INFO - [2024-10-18T23:39:41.115+0000] {dagbag.py:588} INFO - Filling up the DagBag from /home/airflow/.local/lib/python3.12/site-packages/airflow/example_dags/example_sensors.py
[2024-10-18T23:39:41.128+0000] {processor.py:925} INFO - DAG(s) 'example_sensors' retrieved from /home/airflow/.local/lib/python3.12/site-packages/airflow/example_dags/example_sensors.py
[2024-10-18T23:39:41.155+0000] {logging_mixin.py:190} INFO - [2024-10-18T23:39:41.155+0000] {dag.py:3239} INFO - Sync 1 DAGs
[2024-10-18T23:39:41.170+0000] {logging_mixin.py:190} INFO - [2024-10-18T23:39:41.170+0000] {dag.py:4180} INFO - Setting next_dagrun for example_sensors to None, run_after=None
[2024-10-18T23:39:41.190+0000] {processor.py:208} INFO - Processing /home/airflow/.local/lib/python3.12/site-packages/airflow/example_dags/example_sensors.py took 0.084 seconds
[2024-10-18T23:40:11.585+0000] {processor.py:186} INFO - Started process (PID=951) to work on /home/airflow/.local/lib/python3.12/site-packages/airflow/example_dags/example_sensors.py
[2024-10-18T23:40:11.586+0000] {processor.py:914} INFO - Processing file /home/airflow/.local/lib/python3.12/site-packages/airflow/example_dags/example_sensors.py for tasks to queue
[2024-10-18T23:40:11.590+0000] {logging_mixin.py:190} INFO - [2024-10-18T23:40:11.590+0000] {dagbag.py:588} INFO - Filling up the DagBag from /home/airflow/.local/lib/python3.12/site-packages/airflow/example_dags/example_sensors.py
[2024-10-18T23:40:11.610+0000] {processor.py:925} INFO - DAG(s) 'example_sensors' retrieved from /home/airflow/.local/lib/python3.12/site-packages/airflow/example_dags/example_sensors.py
[2024-10-18T23:40:11.653+0000] {logging_mixin.py:190} INFO - [2024-10-18T23:40:11.653+0000] {dag.py:3239} INFO - Sync 1 DAGs
[2024-10-18T23:40:11.683+0000] {logging_mixin.py:190} INFO - [2024-10-18T23:40:11.682+0000] {dag.py:4180} INFO - Setting next_dagrun for example_sensors to None, run_after=None
[2024-10-18T23:40:11.715+0000] {processor.py:208} INFO - Processing /home/airflow/.local/lib/python3.12/site-packages/airflow/example_dags/example_sensors.py took 0.140 seconds
[2024-10-18T23:40:42.124+0000] {processor.py:186} INFO - Started process (PID=1013) to work on /home/airflow/.local/lib/python3.12/site-packages/airflow/example_dags/example_sensors.py
[2024-10-18T23:40:42.126+0000] {processor.py:914} INFO - Processing file /home/airflow/.local/lib/python3.12/site-packages/airflow/example_dags/example_sensors.py for tasks to queue
[2024-10-18T23:40:42.131+0000] {logging_mixin.py:190} INFO - [2024-10-18T23:40:42.131+0000] {dagbag.py:588} INFO - Filling up the DagBag from /home/airflow/.local/lib/python3.12/site-packages/airflow/example_dags/example_sensors.py
[2024-10-18T23:40:42.150+0000] {processor.py:925} INFO - DAG(s) 'example_sensors' retrieved from /home/airflow/.local/lib/python3.12/site-packages/airflow/example_dags/example_sensors.py
[2024-10-18T23:40:42.201+0000] {logging_mixin.py:190} INFO - [2024-10-18T23:40:42.200+0000] {dag.py:3239} INFO - Sync 1 DAGs
[2024-10-18T23:40:42.232+0000] {logging_mixin.py:190} INFO - [2024-10-18T23:40:42.232+0000] {dag.py:4180} INFO - Setting next_dagrun for example_sensors to None, run_after=None
[2024-10-18T23:40:42.267+0000] {processor.py:208} INFO - Processing /home/airflow/.local/lib/python3.12/site-packages/airflow/example_dags/example_sensors.py took 0.153 seconds
[2024-10-18T23:41:12.793+0000] {processor.py:186} INFO - Started process (PID=1075) to work on /home/airflow/.local/lib/python3.12/site-packages/airflow/example_dags/example_sensors.py
[2024-10-18T23:41:12.795+0000] {processor.py:914} INFO - Processing file /home/airflow/.local/lib/python3.12/site-packages/airflow/example_dags/example_sensors.py for tasks to queue
[2024-10-18T23:41:12.798+0000] {logging_mixin.py:190} INFO - [2024-10-18T23:41:12.798+0000] {dagbag.py:588} INFO - Filling up the DagBag from /home/airflow/.local/lib/python3.12/site-packages/airflow/example_dags/example_sensors.py
[2024-10-18T23:41:12.814+0000] {processor.py:925} INFO - DAG(s) 'example_sensors' retrieved from /home/airflow/.local/lib/python3.12/site-packages/airflow/example_dags/example_sensors.py
[2024-10-18T23:41:12.854+0000] {logging_mixin.py:190} INFO - [2024-10-18T23:41:12.854+0000] {dag.py:3239} INFO - Sync 1 DAGs
[2024-10-18T23:41:12.878+0000] {logging_mixin.py:190} INFO - [2024-10-18T23:41:12.877+0000] {dag.py:4180} INFO - Setting next_dagrun for example_sensors to None, run_after=None
[2024-10-18T23:41:12.905+0000] {processor.py:208} INFO - Processing /home/airflow/.local/lib/python3.12/site-packages/airflow/example_dags/example_sensors.py took 0.121 seconds
[2024-10-18T23:41:43.245+0000] {processor.py:186} INFO - Started process (PID=1137) to work on /home/airflow/.local/lib/python3.12/site-packages/airflow/example_dags/example_sensors.py
[2024-10-18T23:41:43.247+0000] {processor.py:914} INFO - Processing file /home/airflow/.local/lib/python3.12/site-packages/airflow/example_dags/example_sensors.py for tasks to queue
[2024-10-18T23:41:43.250+0000] {logging_mixin.py:190} INFO - [2024-10-18T23:41:43.249+0000] {dagbag.py:588} INFO - Filling up the DagBag from /home/airflow/.local/lib/python3.12/site-packages/airflow/example_dags/example_sensors.py
[2024-10-18T23:41:43.261+0000] {processor.py:925} INFO - DAG(s) 'example_sensors' retrieved from /home/airflow/.local/lib/python3.12/site-packages/airflow/example_dags/example_sensors.py
[2024-10-18T23:41:43.289+0000] {logging_mixin.py:190} INFO - [2024-10-18T23:41:43.288+0000] {dag.py:3239} INFO - Sync 1 DAGs
[2024-10-18T23:41:43.305+0000] {logging_mixin.py:190} INFO - [2024-10-18T23:41:43.305+0000] {dag.py:4180} INFO - Setting next_dagrun for example_sensors to None, run_after=None
[2024-10-18T23:41:43.323+0000] {processor.py:208} INFO - Processing /home/airflow/.local/lib/python3.12/site-packages/airflow/example_dags/example_sensors.py took 0.084 seconds
[2024-10-18T23:42:13.683+0000] {processor.py:186} INFO - Started process (PID=1199) to work on /home/airflow/.local/lib/python3.12/site-packages/airflow/example_dags/example_sensors.py
[2024-10-18T23:42:13.684+0000] {processor.py:914} INFO - Processing file /home/airflow/.local/lib/python3.12/site-packages/airflow/example_dags/example_sensors.py for tasks to queue
[2024-10-18T23:42:13.689+0000] {logging_mixin.py:190} INFO - [2024-10-18T23:42:13.688+0000] {dagbag.py:588} INFO - Filling up the DagBag from /home/airflow/.local/lib/python3.12/site-packages/airflow/example_dags/example_sensors.py
[2024-10-18T23:42:13.706+0000] {processor.py:925} INFO - DAG(s) 'example_sensors' retrieved from /home/airflow/.local/lib/python3.12/site-packages/airflow/example_dags/example_sensors.py
[2024-10-18T23:42:13.735+0000] {logging_mixin.py:190} INFO - [2024-10-18T23:42:13.735+0000] {dag.py:3239} INFO - Sync 1 DAGs
[2024-10-18T23:42:13.754+0000] {logging_mixin.py:190} INFO - [2024-10-18T23:42:13.753+0000] {dag.py:4180} INFO - Setting next_dagrun for example_sensors to None, run_after=None
[2024-10-18T23:42:13.775+0000] {processor.py:208} INFO - Processing /home/airflow/.local/lib/python3.12/site-packages/airflow/example_dags/example_sensors.py took 0.100 seconds
[2024-10-18T23:42:44.482+0000] {processor.py:186} INFO - Started process (PID=1254) to work on /home/airflow/.local/lib/python3.12/site-packages/airflow/example_dags/example_sensors.py
[2024-10-18T23:42:44.484+0000] {processor.py:914} INFO - Processing file /home/airflow/.local/lib/python3.12/site-packages/airflow/example_dags/example_sensors.py for tasks to queue
[2024-10-18T23:42:44.487+0000] {logging_mixin.py:190} INFO - [2024-10-18T23:42:44.487+0000] {dagbag.py:588} INFO - Filling up the DagBag from /home/airflow/.local/lib/python3.12/site-packages/airflow/example_dags/example_sensors.py
[2024-10-18T23:42:44.515+0000] {processor.py:925} INFO - DAG(s) 'example_sensors' retrieved from /home/airflow/.local/lib/python3.12/site-packages/airflow/example_dags/example_sensors.py
[2024-10-18T23:42:44.577+0000] {logging_mixin.py:190} INFO - [2024-10-18T23:42:44.576+0000] {dag.py:3239} INFO - Sync 1 DAGs
[2024-10-18T23:42:44.604+0000] {logging_mixin.py:190} INFO - [2024-10-18T23:42:44.603+0000] {dag.py:4180} INFO - Setting next_dagrun for example_sensors to None, run_after=None
[2024-10-18T23:42:44.643+0000] {processor.py:208} INFO - Processing /home/airflow/.local/lib/python3.12/site-packages/airflow/example_dags/example_sensors.py took 0.170 seconds
[2024-10-18T23:43:15.780+0000] {processor.py:186} INFO - Started process (PID=1316) to work on /home/airflow/.local/lib/python3.12/site-packages/airflow/example_dags/example_sensors.py
[2024-10-18T23:43:15.782+0000] {processor.py:914} INFO - Processing file /home/airflow/.local/lib/python3.12/site-packages/airflow/example_dags/example_sensors.py for tasks to queue
[2024-10-18T23:43:15.787+0000] {logging_mixin.py:190} INFO - [2024-10-18T23:43:15.786+0000] {dagbag.py:588} INFO - Filling up the DagBag from /home/airflow/.local/lib/python3.12/site-packages/airflow/example_dags/example_sensors.py
[2024-10-18T23:43:15.817+0000] {processor.py:925} INFO - DAG(s) 'example_sensors' retrieved from /home/airflow/.local/lib/python3.12/site-packages/airflow/example_dags/example_sensors.py
[2024-10-18T23:43:15.881+0000] {logging_mixin.py:190} INFO - [2024-10-18T23:43:15.881+0000] {dag.py:3239} INFO - Sync 1 DAGs
[2024-10-18T23:43:15.918+0000] {logging_mixin.py:190} INFO - [2024-10-18T23:43:15.918+0000] {dag.py:4180} INFO - Setting next_dagrun for example_sensors to None, run_after=None
[2024-10-18T23:43:15.961+0000] {processor.py:208} INFO - Processing /home/airflow/.local/lib/python3.12/site-packages/airflow/example_dags/example_sensors.py took 0.195 seconds
[2024-10-18T23:43:46.894+0000] {processor.py:186} INFO - Started process (PID=1378) to work on /home/airflow/.local/lib/python3.12/site-packages/airflow/example_dags/example_sensors.py
[2024-10-18T23:43:46.895+0000] {processor.py:914} INFO - Processing file /home/airflow/.local/lib/python3.12/site-packages/airflow/example_dags/example_sensors.py for tasks to queue
[2024-10-18T23:43:46.899+0000] {logging_mixin.py:190} INFO - [2024-10-18T23:43:46.899+0000] {dagbag.py:588} INFO - Filling up the DagBag from /home/airflow/.local/lib/python3.12/site-packages/airflow/example_dags/example_sensors.py
[2024-10-18T23:43:46.910+0000] {processor.py:925} INFO - DAG(s) 'example_sensors' retrieved from /home/airflow/.local/lib/python3.12/site-packages/airflow/example_dags/example_sensors.py
[2024-10-18T23:43:46.936+0000] {logging_mixin.py:190} INFO - [2024-10-18T23:43:46.936+0000] {dag.py:3239} INFO - Sync 1 DAGs
[2024-10-18T23:43:46.951+0000] {logging_mixin.py:190} INFO - [2024-10-18T23:43:46.951+0000] {dag.py:4180} INFO - Setting next_dagrun for example_sensors to None, run_after=None
[2024-10-18T23:43:46.972+0000] {processor.py:208} INFO - Processing /home/airflow/.local/lib/python3.12/site-packages/airflow/example_dags/example_sensors.py took 0.085 seconds
[2024-10-18T23:44:17.217+0000] {processor.py:186} INFO - Started process (PID=1440) to work on /home/airflow/.local/lib/python3.12/site-packages/airflow/example_dags/example_sensors.py
[2024-10-18T23:44:17.218+0000] {processor.py:914} INFO - Processing file /home/airflow/.local/lib/python3.12/site-packages/airflow/example_dags/example_sensors.py for tasks to queue
[2024-10-18T23:44:17.220+0000] {logging_mixin.py:190} INFO - [2024-10-18T23:44:17.220+0000] {dagbag.py:588} INFO - Filling up the DagBag from /home/airflow/.local/lib/python3.12/site-packages/airflow/example_dags/example_sensors.py
[2024-10-18T23:44:17.230+0000] {processor.py:925} INFO - DAG(s) 'example_sensors' retrieved from /home/airflow/.local/lib/python3.12/site-packages/airflow/example_dags/example_sensors.py
[2024-10-18T23:44:17.255+0000] {logging_mixin.py:190} INFO - [2024-10-18T23:44:17.254+0000] {dag.py:3239} INFO - Sync 1 DAGs
[2024-10-18T23:44:17.267+0000] {logging_mixin.py:190} INFO - [2024-10-18T23:44:17.267+0000] {dag.py:4180} INFO - Setting next_dagrun for example_sensors to None, run_after=None
[2024-10-18T23:44:17.287+0000] {processor.py:208} INFO - Processing /home/airflow/.local/lib/python3.12/site-packages/airflow/example_dags/example_sensors.py took 0.076 seconds
[2024-10-18T23:44:47.865+0000] {processor.py:186} INFO - Started process (PID=1502) to work on /home/airflow/.local/lib/python3.12/site-packages/airflow/example_dags/example_sensors.py
[2024-10-18T23:44:47.866+0000] {processor.py:914} INFO - Processing file /home/airflow/.local/lib/python3.12/site-packages/airflow/example_dags/example_sensors.py for tasks to queue
[2024-10-18T23:44:47.869+0000] {logging_mixin.py:190} INFO - [2024-10-18T23:44:47.869+0000] {dagbag.py:588} INFO - Filling up the DagBag from /home/airflow/.local/lib/python3.12/site-packages/airflow/example_dags/example_sensors.py
[2024-10-18T23:44:47.878+0000] {processor.py:925} INFO - DAG(s) 'example_sensors' retrieved from /home/airflow/.local/lib/python3.12/site-packages/airflow/example_dags/example_sensors.py
[2024-10-18T23:44:47.902+0000] {logging_mixin.py:190} INFO - [2024-10-18T23:44:47.902+0000] {dag.py:3239} INFO - Sync 1 DAGs
[2024-10-18T23:44:47.914+0000] {logging_mixin.py:190} INFO - [2024-10-18T23:44:47.914+0000] {dag.py:4180} INFO - Setting next_dagrun for example_sensors to None, run_after=None
[2024-10-18T23:44:47.936+0000] {processor.py:208} INFO - Processing /home/airflow/.local/lib/python3.12/site-packages/airflow/example_dags/example_sensors.py took 0.075 seconds
[2024-10-18T23:45:18.406+0000] {processor.py:186} INFO - Started process (PID=1564) to work on /home/airflow/.local/lib/python3.12/site-packages/airflow/example_dags/example_sensors.py
[2024-10-18T23:45:18.407+0000] {processor.py:914} INFO - Processing file /home/airflow/.local/lib/python3.12/site-packages/airflow/example_dags/example_sensors.py for tasks to queue
[2024-10-18T23:45:18.409+0000] {logging_mixin.py:190} INFO - [2024-10-18T23:45:18.409+0000] {dagbag.py:588} INFO - Filling up the DagBag from /home/airflow/.local/lib/python3.12/site-packages/airflow/example_dags/example_sensors.py
[2024-10-18T23:45:18.419+0000] {processor.py:925} INFO - DAG(s) 'example_sensors' retrieved from /home/airflow/.local/lib/python3.12/site-packages/airflow/example_dags/example_sensors.py
[2024-10-18T23:45:18.442+0000] {logging_mixin.py:190} INFO - [2024-10-18T23:45:18.442+0000] {dag.py:3239} INFO - Sync 1 DAGs
[2024-10-18T23:45:18.458+0000] {logging_mixin.py:190} INFO - [2024-10-18T23:45:18.458+0000] {dag.py:4180} INFO - Setting next_dagrun for example_sensors to None, run_after=None
[2024-10-18T23:45:18.479+0000] {processor.py:208} INFO - Processing /home/airflow/.local/lib/python3.12/site-packages/airflow/example_dags/example_sensors.py took 0.079 seconds
[2024-10-18T23:45:49.090+0000] {processor.py:186} INFO - Started process (PID=1626) to work on /home/airflow/.local/lib/python3.12/site-packages/airflow/example_dags/example_sensors.py
[2024-10-18T23:45:49.091+0000] {processor.py:914} INFO - Processing file /home/airflow/.local/lib/python3.12/site-packages/airflow/example_dags/example_sensors.py for tasks to queue
[2024-10-18T23:45:49.094+0000] {logging_mixin.py:190} INFO - [2024-10-18T23:45:49.093+0000] {dagbag.py:588} INFO - Filling up the DagBag from /home/airflow/.local/lib/python3.12/site-packages/airflow/example_dags/example_sensors.py
[2024-10-18T23:45:49.104+0000] {processor.py:925} INFO - DAG(s) 'example_sensors' retrieved from /home/airflow/.local/lib/python3.12/site-packages/airflow/example_dags/example_sensors.py
[2024-10-18T23:45:49.127+0000] {logging_mixin.py:190} INFO - [2024-10-18T23:45:49.127+0000] {dag.py:3239} INFO - Sync 1 DAGs
[2024-10-18T23:45:49.140+0000] {logging_mixin.py:190} INFO - [2024-10-18T23:45:49.140+0000] {dag.py:4180} INFO - Setting next_dagrun for example_sensors to None, run_after=None
[2024-10-18T23:45:49.162+0000] {processor.py:208} INFO - Processing /home/airflow/.local/lib/python3.12/site-packages/airflow/example_dags/example_sensors.py took 0.077 seconds
[2024-10-18T23:46:19.815+0000] {processor.py:186} INFO - Started process (PID=1688) to work on /home/airflow/.local/lib/python3.12/site-packages/airflow/example_dags/example_sensors.py
[2024-10-18T23:46:19.816+0000] {processor.py:914} INFO - Processing file /home/airflow/.local/lib/python3.12/site-packages/airflow/example_dags/example_sensors.py for tasks to queue
[2024-10-18T23:46:19.819+0000] {logging_mixin.py:190} INFO - [2024-10-18T23:46:19.818+0000] {dagbag.py:588} INFO - Filling up the DagBag from /home/airflow/.local/lib/python3.12/site-packages/airflow/example_dags/example_sensors.py
[2024-10-18T23:46:19.829+0000] {processor.py:925} INFO - DAG(s) 'example_sensors' retrieved from /home/airflow/.local/lib/python3.12/site-packages/airflow/example_dags/example_sensors.py
[2024-10-18T23:46:19.852+0000] {logging_mixin.py:190} INFO - [2024-10-18T23:46:19.852+0000] {dag.py:3239} INFO - Sync 1 DAGs
[2024-10-18T23:46:19.865+0000] {logging_mixin.py:190} INFO - [2024-10-18T23:46:19.864+0000] {dag.py:4180} INFO - Setting next_dagrun for example_sensors to None, run_after=None
[2024-10-18T23:46:19.884+0000] {processor.py:208} INFO - Processing /home/airflow/.local/lib/python3.12/site-packages/airflow/example_dags/example_sensors.py took 0.076 seconds
[2024-10-18T23:46:52.513+0000] {processor.py:186} INFO - Started process (PID=1741) to work on /home/airflow/.local/lib/python3.12/site-packages/airflow/example_dags/example_sensors.py
[2024-10-18T23:46:52.514+0000] {processor.py:914} INFO - Processing file /home/airflow/.local/lib/python3.12/site-packages/airflow/example_dags/example_sensors.py for tasks to queue
[2024-10-18T23:46:52.517+0000] {logging_mixin.py:190} INFO - [2024-10-18T23:46:52.516+0000] {dagbag.py:588} INFO - Filling up the DagBag from /home/airflow/.local/lib/python3.12/site-packages/airflow/example_dags/example_sensors.py
[2024-10-18T23:46:52.527+0000] {processor.py:925} INFO - DAG(s) 'example_sensors' retrieved from /home/airflow/.local/lib/python3.12/site-packages/airflow/example_dags/example_sensors.py
[2024-10-18T23:46:52.552+0000] {logging_mixin.py:190} INFO - [2024-10-18T23:46:52.552+0000] {dag.py:3239} INFO - Sync 1 DAGs
[2024-10-18T23:46:52.565+0000] {logging_mixin.py:190} INFO - [2024-10-18T23:46:52.565+0000] {dag.py:4180} INFO - Setting next_dagrun for example_sensors to None, run_after=None
[2024-10-18T23:46:52.585+0000] {processor.py:208} INFO - Processing /home/airflow/.local/lib/python3.12/site-packages/airflow/example_dags/example_sensors.py took 0.077 seconds
[2024-10-18T23:47:22.979+0000] {processor.py:186} INFO - Started process (PID=1799) to work on /home/airflow/.local/lib/python3.12/site-packages/airflow/example_dags/example_sensors.py
[2024-10-18T23:47:22.980+0000] {processor.py:914} INFO - Processing file /home/airflow/.local/lib/python3.12/site-packages/airflow/example_dags/example_sensors.py for tasks to queue
[2024-10-18T23:47:22.982+0000] {logging_mixin.py:190} INFO - [2024-10-18T23:47:22.982+0000] {dagbag.py:588} INFO - Filling up the DagBag from /home/airflow/.local/lib/python3.12/site-packages/airflow/example_dags/example_sensors.py
[2024-10-18T23:47:22.992+0000] {processor.py:925} INFO - DAG(s) 'example_sensors' retrieved from /home/airflow/.local/lib/python3.12/site-packages/airflow/example_dags/example_sensors.py
[2024-10-18T23:47:23.016+0000] {logging_mixin.py:190} INFO - [2024-10-18T23:47:23.016+0000] {dag.py:3239} INFO - Sync 1 DAGs
[2024-10-18T23:47:23.030+0000] {logging_mixin.py:190} INFO - [2024-10-18T23:47:23.030+0000] {dag.py:4180} INFO - Setting next_dagrun for example_sensors to None, run_after=None
[2024-10-18T23:47:23.050+0000] {processor.py:208} INFO - Processing /home/airflow/.local/lib/python3.12/site-packages/airflow/example_dags/example_sensors.py took 0.076 seconds
[2024-10-18T23:47:53.781+0000] {processor.py:186} INFO - Started process (PID=1861) to work on /home/airflow/.local/lib/python3.12/site-packages/airflow/example_dags/example_sensors.py
[2024-10-18T23:47:53.783+0000] {processor.py:914} INFO - Processing file /home/airflow/.local/lib/python3.12/site-packages/airflow/example_dags/example_sensors.py for tasks to queue
[2024-10-18T23:47:53.787+0000] {logging_mixin.py:190} INFO - [2024-10-18T23:47:53.786+0000] {dagbag.py:588} INFO - Filling up the DagBag from /home/airflow/.local/lib/python3.12/site-packages/airflow/example_dags/example_sensors.py
[2024-10-18T23:47:53.808+0000] {processor.py:925} INFO - DAG(s) 'example_sensors' retrieved from /home/airflow/.local/lib/python3.12/site-packages/airflow/example_dags/example_sensors.py
[2024-10-18T23:47:53.853+0000] {logging_mixin.py:190} INFO - [2024-10-18T23:47:53.853+0000] {dag.py:3239} INFO - Sync 1 DAGs
[2024-10-18T23:47:53.876+0000] {logging_mixin.py:190} INFO - [2024-10-18T23:47:53.875+0000] {dag.py:4180} INFO - Setting next_dagrun for example_sensors to None, run_after=None
[2024-10-18T23:47:53.914+0000] {processor.py:208} INFO - Processing /home/airflow/.local/lib/python3.12/site-packages/airflow/example_dags/example_sensors.py took 0.144 seconds
[2024-10-18T23:48:24.066+0000] {processor.py:186} INFO - Started process (PID=1923) to work on /home/airflow/.local/lib/python3.12/site-packages/airflow/example_dags/example_sensors.py
[2024-10-18T23:48:24.067+0000] {processor.py:914} INFO - Processing file /home/airflow/.local/lib/python3.12/site-packages/airflow/example_dags/example_sensors.py for tasks to queue
[2024-10-18T23:48:24.071+0000] {logging_mixin.py:190} INFO - [2024-10-18T23:48:24.071+0000] {dagbag.py:588} INFO - Filling up the DagBag from /home/airflow/.local/lib/python3.12/site-packages/airflow/example_dags/example_sensors.py
[2024-10-18T23:48:24.086+0000] {processor.py:925} INFO - DAG(s) 'example_sensors' retrieved from /home/airflow/.local/lib/python3.12/site-packages/airflow/example_dags/example_sensors.py
[2024-10-18T23:48:24.120+0000] {logging_mixin.py:190} INFO - [2024-10-18T23:48:24.120+0000] {dag.py:3239} INFO - Sync 1 DAGs
[2024-10-18T23:48:24.139+0000] {logging_mixin.py:190} INFO - [2024-10-18T23:48:24.138+0000] {dag.py:4180} INFO - Setting next_dagrun for example_sensors to None, run_after=None
[2024-10-18T23:48:24.166+0000] {processor.py:208} INFO - Processing /home/airflow/.local/lib/python3.12/site-packages/airflow/example_dags/example_sensors.py took 0.107 seconds
[2024-10-18T23:48:54.311+0000] {processor.py:186} INFO - Started process (PID=1985) to work on /home/airflow/.local/lib/python3.12/site-packages/airflow/example_dags/example_sensors.py
[2024-10-18T23:48:54.313+0000] {processor.py:914} INFO - Processing file /home/airflow/.local/lib/python3.12/site-packages/airflow/example_dags/example_sensors.py for tasks to queue
[2024-10-18T23:48:54.315+0000] {logging_mixin.py:190} INFO - [2024-10-18T23:48:54.315+0000] {dagbag.py:588} INFO - Filling up the DagBag from /home/airflow/.local/lib/python3.12/site-packages/airflow/example_dags/example_sensors.py
[2024-10-18T23:48:54.330+0000] {processor.py:925} INFO - DAG(s) 'example_sensors' retrieved from /home/airflow/.local/lib/python3.12/site-packages/airflow/example_dags/example_sensors.py
[2024-10-18T23:48:54.361+0000] {logging_mixin.py:190} INFO - [2024-10-18T23:48:54.361+0000] {dag.py:3239} INFO - Sync 1 DAGs
[2024-10-18T23:48:54.378+0000] {logging_mixin.py:190} INFO - [2024-10-18T23:48:54.378+0000] {dag.py:4180} INFO - Setting next_dagrun for example_sensors to None, run_after=None
[2024-10-18T23:48:54.408+0000] {processor.py:208} INFO - Processing /home/airflow/.local/lib/python3.12/site-packages/airflow/example_dags/example_sensors.py took 0.104 seconds
[2024-10-18T23:49:25.099+0000] {processor.py:186} INFO - Started process (PID=2047) to work on /home/airflow/.local/lib/python3.12/site-packages/airflow/example_dags/example_sensors.py
[2024-10-18T23:49:25.121+0000] {processor.py:914} INFO - Processing file /home/airflow/.local/lib/python3.12/site-packages/airflow/example_dags/example_sensors.py for tasks to queue
[2024-10-18T23:49:25.124+0000] {logging_mixin.py:190} INFO - [2024-10-18T23:49:25.124+0000] {dagbag.py:588} INFO - Filling up the DagBag from /home/airflow/.local/lib/python3.12/site-packages/airflow/example_dags/example_sensors.py
[2024-10-18T23:49:25.137+0000] {processor.py:925} INFO - DAG(s) 'example_sensors' retrieved from /home/airflow/.local/lib/python3.12/site-packages/airflow/example_dags/example_sensors.py
[2024-10-18T23:49:25.163+0000] {logging_mixin.py:190} INFO - [2024-10-18T23:49:25.163+0000] {dag.py:3239} INFO - Sync 1 DAGs
[2024-10-18T23:49:25.180+0000] {logging_mixin.py:190} INFO - [2024-10-18T23:49:25.180+0000] {dag.py:4180} INFO - Setting next_dagrun for example_sensors to None, run_after=None
[2024-10-18T23:49:25.209+0000] {processor.py:208} INFO - Processing /home/airflow/.local/lib/python3.12/site-packages/airflow/example_dags/example_sensors.py took 0.115 seconds
[2024-10-18T23:49:55.943+0000] {processor.py:186} INFO - Started process (PID=2109) to work on /home/airflow/.local/lib/python3.12/site-packages/airflow/example_dags/example_sensors.py
[2024-10-18T23:49:55.945+0000] {processor.py:914} INFO - Processing file /home/airflow/.local/lib/python3.12/site-packages/airflow/example_dags/example_sensors.py for tasks to queue
[2024-10-18T23:49:55.948+0000] {logging_mixin.py:190} INFO - [2024-10-18T23:49:55.947+0000] {dagbag.py:588} INFO - Filling up the DagBag from /home/airflow/.local/lib/python3.12/site-packages/airflow/example_dags/example_sensors.py
[2024-10-18T23:49:55.960+0000] {processor.py:925} INFO - DAG(s) 'example_sensors' retrieved from /home/airflow/.local/lib/python3.12/site-packages/airflow/example_dags/example_sensors.py
[2024-10-18T23:49:55.990+0000] {logging_mixin.py:190} INFO - [2024-10-18T23:49:55.989+0000] {dag.py:3239} INFO - Sync 1 DAGs
[2024-10-18T23:49:56.009+0000] {logging_mixin.py:190} INFO - [2024-10-18T23:49:56.008+0000] {dag.py:4180} INFO - Setting next_dagrun for example_sensors to None, run_after=None
[2024-10-18T23:49:56.039+0000] {processor.py:208} INFO - Processing /home/airflow/.local/lib/python3.12/site-packages/airflow/example_dags/example_sensors.py took 0.102 seconds
[2024-10-18T23:50:26.745+0000] {processor.py:186} INFO - Started process (PID=2171) to work on /home/airflow/.local/lib/python3.12/site-packages/airflow/example_dags/example_sensors.py
[2024-10-18T23:50:26.747+0000] {processor.py:914} INFO - Processing file /home/airflow/.local/lib/python3.12/site-packages/airflow/example_dags/example_sensors.py for tasks to queue
[2024-10-18T23:50:26.753+0000] {logging_mixin.py:190} INFO - [2024-10-18T23:50:26.752+0000] {dagbag.py:588} INFO - Filling up the DagBag from /home/airflow/.local/lib/python3.12/site-packages/airflow/example_dags/example_sensors.py
[2024-10-18T23:50:26.774+0000] {processor.py:925} INFO - DAG(s) 'example_sensors' retrieved from /home/airflow/.local/lib/python3.12/site-packages/airflow/example_dags/example_sensors.py
[2024-10-18T23:50:26.821+0000] {logging_mixin.py:190} INFO - [2024-10-18T23:50:26.820+0000] {dag.py:3239} INFO - Sync 1 DAGs
[2024-10-18T23:50:26.848+0000] {logging_mixin.py:190} INFO - [2024-10-18T23:50:26.848+0000] {dag.py:4180} INFO - Setting next_dagrun for example_sensors to None, run_after=None
[2024-10-18T23:50:26.886+0000] {processor.py:208} INFO - Processing /home/airflow/.local/lib/python3.12/site-packages/airflow/example_dags/example_sensors.py took 0.150 seconds
[2024-10-18T23:50:57.039+0000] {processor.py:186} INFO - Started process (PID=2233) to work on /home/airflow/.local/lib/python3.12/site-packages/airflow/example_dags/example_sensors.py
[2024-10-18T23:50:57.040+0000] {processor.py:914} INFO - Processing file /home/airflow/.local/lib/python3.12/site-packages/airflow/example_dags/example_sensors.py for tasks to queue
[2024-10-18T23:50:57.043+0000] {logging_mixin.py:190} INFO - [2024-10-18T23:50:57.042+0000] {dagbag.py:588} INFO - Filling up the DagBag from /home/airflow/.local/lib/python3.12/site-packages/airflow/example_dags/example_sensors.py
[2024-10-18T23:50:57.055+0000] {processor.py:925} INFO - DAG(s) 'example_sensors' retrieved from /home/airflow/.local/lib/python3.12/site-packages/airflow/example_dags/example_sensors.py
[2024-10-18T23:50:57.084+0000] {logging_mixin.py:190} INFO - [2024-10-18T23:50:57.084+0000] {dag.py:3239} INFO - Sync 1 DAGs
[2024-10-18T23:50:57.104+0000] {logging_mixin.py:190} INFO - [2024-10-18T23:50:57.103+0000] {dag.py:4180} INFO - Setting next_dagrun for example_sensors to None, run_after=None
[2024-10-18T23:50:57.130+0000] {processor.py:208} INFO - Processing /home/airflow/.local/lib/python3.12/site-packages/airflow/example_dags/example_sensors.py took 0.099 seconds
[2024-10-18T23:51:28.079+0000] {processor.py:186} INFO - Started process (PID=2296) to work on /home/airflow/.local/lib/python3.12/site-packages/airflow/example_dags/example_sensors.py
[2024-10-18T23:51:28.080+0000] {processor.py:914} INFO - Processing file /home/airflow/.local/lib/python3.12/site-packages/airflow/example_dags/example_sensors.py for tasks to queue
[2024-10-18T23:51:28.083+0000] {logging_mixin.py:190} INFO - [2024-10-18T23:51:28.083+0000] {dagbag.py:588} INFO - Filling up the DagBag from /home/airflow/.local/lib/python3.12/site-packages/airflow/example_dags/example_sensors.py
[2024-10-18T23:51:28.094+0000] {processor.py:925} INFO - DAG(s) 'example_sensors' retrieved from /home/airflow/.local/lib/python3.12/site-packages/airflow/example_dags/example_sensors.py
[2024-10-18T23:51:28.120+0000] {logging_mixin.py:190} INFO - [2024-10-18T23:51:28.120+0000] {dag.py:3239} INFO - Sync 1 DAGs
[2024-10-18T23:51:28.134+0000] {logging_mixin.py:190} INFO - [2024-10-18T23:51:28.134+0000] {dag.py:4180} INFO - Setting next_dagrun for example_sensors to None, run_after=None
[2024-10-18T23:51:28.162+0000] {processor.py:208} INFO - Processing /home/airflow/.local/lib/python3.12/site-packages/airflow/example_dags/example_sensors.py took 0.089 seconds
[2024-10-18T23:51:58.645+0000] {processor.py:186} INFO - Started process (PID=2358) to work on /home/airflow/.local/lib/python3.12/site-packages/airflow/example_dags/example_sensors.py
[2024-10-18T23:51:58.646+0000] {processor.py:914} INFO - Processing file /home/airflow/.local/lib/python3.12/site-packages/airflow/example_dags/example_sensors.py for tasks to queue
[2024-10-18T23:51:58.649+0000] {logging_mixin.py:190} INFO - [2024-10-18T23:51:58.648+0000] {dagbag.py:588} INFO - Filling up the DagBag from /home/airflow/.local/lib/python3.12/site-packages/airflow/example_dags/example_sensors.py
[2024-10-18T23:51:58.659+0000] {processor.py:925} INFO - DAG(s) 'example_sensors' retrieved from /home/airflow/.local/lib/python3.12/site-packages/airflow/example_dags/example_sensors.py
[2024-10-18T23:51:58.684+0000] {logging_mixin.py:190} INFO - [2024-10-18T23:51:58.684+0000] {dag.py:3239} INFO - Sync 1 DAGs
[2024-10-18T23:51:58.698+0000] {logging_mixin.py:190} INFO - [2024-10-18T23:51:58.697+0000] {dag.py:4180} INFO - Setting next_dagrun for example_sensors to None, run_after=None
[2024-10-18T23:51:58.728+0000] {processor.py:208} INFO - Processing /home/airflow/.local/lib/python3.12/site-packages/airflow/example_dags/example_sensors.py took 0.088 seconds
[2024-10-18T23:52:29.591+0000] {processor.py:186} INFO - Started process (PID=2420) to work on /home/airflow/.local/lib/python3.12/site-packages/airflow/example_dags/example_sensors.py
[2024-10-18T23:52:29.592+0000] {processor.py:914} INFO - Processing file /home/airflow/.local/lib/python3.12/site-packages/airflow/example_dags/example_sensors.py for tasks to queue
[2024-10-18T23:52:29.594+0000] {logging_mixin.py:190} INFO - [2024-10-18T23:52:29.594+0000] {dagbag.py:588} INFO - Filling up the DagBag from /home/airflow/.local/lib/python3.12/site-packages/airflow/example_dags/example_sensors.py
[2024-10-18T23:52:29.605+0000] {processor.py:925} INFO - DAG(s) 'example_sensors' retrieved from /home/airflow/.local/lib/python3.12/site-packages/airflow/example_dags/example_sensors.py
[2024-10-18T23:52:29.631+0000] {logging_mixin.py:190} INFO - [2024-10-18T23:52:29.631+0000] {dag.py:3239} INFO - Sync 1 DAGs
[2024-10-18T23:52:29.644+0000] {logging_mixin.py:190} INFO - [2024-10-18T23:52:29.644+0000] {dag.py:4180} INFO - Setting next_dagrun for example_sensors to None, run_after=None
[2024-10-18T23:52:29.667+0000] {processor.py:208} INFO - Processing /home/airflow/.local/lib/python3.12/site-packages/airflow/example_dags/example_sensors.py took 0.081 seconds
[2024-10-18T23:52:59.948+0000] {processor.py:186} INFO - Started process (PID=2482) to work on /home/airflow/.local/lib/python3.12/site-packages/airflow/example_dags/example_sensors.py
[2024-10-18T23:52:59.950+0000] {processor.py:914} INFO - Processing file /home/airflow/.local/lib/python3.12/site-packages/airflow/example_dags/example_sensors.py for tasks to queue
[2024-10-18T23:52:59.953+0000] {logging_mixin.py:190} INFO - [2024-10-18T23:52:59.953+0000] {dagbag.py:588} INFO - Filling up the DagBag from /home/airflow/.local/lib/python3.12/site-packages/airflow/example_dags/example_sensors.py
[2024-10-18T23:52:59.964+0000] {processor.py:925} INFO - DAG(s) 'example_sensors' retrieved from /home/airflow/.local/lib/python3.12/site-packages/airflow/example_dags/example_sensors.py
[2024-10-18T23:52:59.992+0000] {logging_mixin.py:190} INFO - [2024-10-18T23:52:59.992+0000] {dag.py:3239} INFO - Sync 1 DAGs
[2024-10-18T23:53:00.007+0000] {logging_mixin.py:190} INFO - [2024-10-18T23:53:00.007+0000] {dag.py:4180} INFO - Setting next_dagrun for example_sensors to None, run_after=None
[2024-10-18T23:53:00.034+0000] {processor.py:208} INFO - Processing /home/airflow/.local/lib/python3.12/site-packages/airflow/example_dags/example_sensors.py took 0.092 seconds
[2024-10-18T23:53:30.593+0000] {processor.py:186} INFO - Started process (PID=2544) to work on /home/airflow/.local/lib/python3.12/site-packages/airflow/example_dags/example_sensors.py
[2024-10-18T23:53:30.602+0000] {processor.py:914} INFO - Processing file /home/airflow/.local/lib/python3.12/site-packages/airflow/example_dags/example_sensors.py for tasks to queue
[2024-10-18T23:53:30.621+0000] {logging_mixin.py:190} INFO - [2024-10-18T23:53:30.612+0000] {dagbag.py:588} INFO - Filling up the DagBag from /home/airflow/.local/lib/python3.12/site-packages/airflow/example_dags/example_sensors.py
[2024-10-18T23:53:30.698+0000] {processor.py:925} INFO - DAG(s) 'example_sensors' retrieved from /home/airflow/.local/lib/python3.12/site-packages/airflow/example_dags/example_sensors.py
[2024-10-18T23:53:30.828+0000] {logging_mixin.py:190} INFO - [2024-10-18T23:53:30.828+0000] {dag.py:3239} INFO - Sync 1 DAGs
[2024-10-18T23:53:30.868+0000] {logging_mixin.py:190} INFO - [2024-10-18T23:53:30.867+0000] {dag.py:4180} INFO - Setting next_dagrun for example_sensors to None, run_after=None
[2024-10-18T23:53:30.929+0000] {processor.py:208} INFO - Processing /home/airflow/.local/lib/python3.12/site-packages/airflow/example_dags/example_sensors.py took 0.352 seconds
[2024-10-18T23:54:01.149+0000] {processor.py:186} INFO - Started process (PID=2606) to work on /home/airflow/.local/lib/python3.12/site-packages/airflow/example_dags/example_sensors.py
[2024-10-18T23:54:01.152+0000] {processor.py:914} INFO - Processing file /home/airflow/.local/lib/python3.12/site-packages/airflow/example_dags/example_sensors.py for tasks to queue
[2024-10-18T23:54:01.158+0000] {logging_mixin.py:190} INFO - [2024-10-18T23:54:01.157+0000] {dagbag.py:588} INFO - Filling up the DagBag from /home/airflow/.local/lib/python3.12/site-packages/airflow/example_dags/example_sensors.py
[2024-10-18T23:54:01.179+0000] {processor.py:925} INFO - DAG(s) 'example_sensors' retrieved from /home/airflow/.local/lib/python3.12/site-packages/airflow/example_dags/example_sensors.py
[2024-10-18T23:54:01.235+0000] {logging_mixin.py:190} INFO - [2024-10-18T23:54:01.234+0000] {dag.py:3239} INFO - Sync 1 DAGs
[2024-10-18T23:54:01.269+0000] {logging_mixin.py:190} INFO - [2024-10-18T23:54:01.268+0000] {dag.py:4180} INFO - Setting next_dagrun for example_sensors to None, run_after=None
[2024-10-18T23:54:01.312+0000] {processor.py:208} INFO - Processing /home/airflow/.local/lib/python3.12/site-packages/airflow/example_dags/example_sensors.py took 0.175 seconds
[2024-10-18T23:54:32.023+0000] {processor.py:186} INFO - Started process (PID=2668) to work on /home/airflow/.local/lib/python3.12/site-packages/airflow/example_dags/example_sensors.py
[2024-10-18T23:54:32.024+0000] {processor.py:914} INFO - Processing file /home/airflow/.local/lib/python3.12/site-packages/airflow/example_dags/example_sensors.py for tasks to queue
[2024-10-18T23:54:32.028+0000] {logging_mixin.py:190} INFO - [2024-10-18T23:54:32.027+0000] {dagbag.py:588} INFO - Filling up the DagBag from /home/airflow/.local/lib/python3.12/site-packages/airflow/example_dags/example_sensors.py
[2024-10-18T23:54:32.043+0000] {processor.py:925} INFO - DAG(s) 'example_sensors' retrieved from /home/airflow/.local/lib/python3.12/site-packages/airflow/example_dags/example_sensors.py
[2024-10-18T23:54:32.086+0000] {logging_mixin.py:190} INFO - [2024-10-18T23:54:32.086+0000] {dag.py:3239} INFO - Sync 1 DAGs
[2024-10-18T23:54:32.112+0000] {logging_mixin.py:190} INFO - [2024-10-18T23:54:32.112+0000] {dag.py:4180} INFO - Setting next_dagrun for example_sensors to None, run_after=None
[2024-10-18T23:54:32.146+0000] {processor.py:208} INFO - Processing /home/airflow/.local/lib/python3.12/site-packages/airflow/example_dags/example_sensors.py took 0.132 seconds
[2024-10-18T23:55:02.266+0000] {processor.py:186} INFO - Started process (PID=2731) to work on /home/airflow/.local/lib/python3.12/site-packages/airflow/example_dags/example_sensors.py
[2024-10-18T23:55:02.268+0000] {processor.py:914} INFO - Processing file /home/airflow/.local/lib/python3.12/site-packages/airflow/example_dags/example_sensors.py for tasks to queue
[2024-10-18T23:55:02.271+0000] {logging_mixin.py:190} INFO - [2024-10-18T23:55:02.270+0000] {dagbag.py:588} INFO - Filling up the DagBag from /home/airflow/.local/lib/python3.12/site-packages/airflow/example_dags/example_sensors.py
[2024-10-18T23:55:02.286+0000] {processor.py:925} INFO - DAG(s) 'example_sensors' retrieved from /home/airflow/.local/lib/python3.12/site-packages/airflow/example_dags/example_sensors.py
[2024-10-18T23:55:02.321+0000] {logging_mixin.py:190} INFO - [2024-10-18T23:55:02.321+0000] {dag.py:3239} INFO - Sync 1 DAGs
[2024-10-18T23:55:02.341+0000] {logging_mixin.py:190} INFO - [2024-10-18T23:55:02.340+0000] {dag.py:4180} INFO - Setting next_dagrun for example_sensors to None, run_after=None
[2024-10-18T23:55:02.370+0000] {processor.py:208} INFO - Processing /home/airflow/.local/lib/python3.12/site-packages/airflow/example_dags/example_sensors.py took 0.110 seconds
[2024-10-18T23:56:43.808+0000] {processor.py:186} INFO - Started process (PID=2768) to work on /home/airflow/.local/lib/python3.12/site-packages/airflow/example_dags/example_sensors.py
[2024-10-18T23:56:43.810+0000] {processor.py:914} INFO - Processing file /home/airflow/.local/lib/python3.12/site-packages/airflow/example_dags/example_sensors.py for tasks to queue
[2024-10-18T23:56:43.818+0000] {logging_mixin.py:190} INFO - [2024-10-18T23:56:43.816+0000] {dagbag.py:588} INFO - Filling up the DagBag from /home/airflow/.local/lib/python3.12/site-packages/airflow/example_dags/example_sensors.py
[2024-10-18T23:56:43.853+0000] {processor.py:925} INFO - DAG(s) 'example_sensors' retrieved from /home/airflow/.local/lib/python3.12/site-packages/airflow/example_dags/example_sensors.py
[2024-10-18T23:56:43.934+0000] {logging_mixin.py:190} INFO - [2024-10-18T23:56:43.933+0000] {dag.py:3239} INFO - Sync 1 DAGs
[2024-10-18T23:56:43.982+0000] {logging_mixin.py:190} INFO - [2024-10-18T23:56:43.982+0000] {dag.py:4180} INFO - Setting next_dagrun for example_sensors to None, run_after=None
[2024-10-18T23:56:44.407+0000] {processor.py:208} INFO - Processing /home/airflow/.local/lib/python3.12/site-packages/airflow/example_dags/example_sensors.py took 0.616 seconds
[2024-10-18T23:57:15.098+0000] {processor.py:186} INFO - Started process (PID=2831) to work on /home/airflow/.local/lib/python3.12/site-packages/airflow/example_dags/example_sensors.py
[2024-10-18T23:57:15.100+0000] {processor.py:914} INFO - Processing file /home/airflow/.local/lib/python3.12/site-packages/airflow/example_dags/example_sensors.py for tasks to queue
[2024-10-18T23:57:15.104+0000] {logging_mixin.py:190} INFO - [2024-10-18T23:57:15.103+0000] {dagbag.py:588} INFO - Filling up the DagBag from /home/airflow/.local/lib/python3.12/site-packages/airflow/example_dags/example_sensors.py
[2024-10-18T23:57:15.125+0000] {processor.py:925} INFO - DAG(s) 'example_sensors' retrieved from /home/airflow/.local/lib/python3.12/site-packages/airflow/example_dags/example_sensors.py
[2024-10-18T23:57:15.169+0000] {logging_mixin.py:190} INFO - [2024-10-18T23:57:15.169+0000] {dag.py:3239} INFO - Sync 1 DAGs
[2024-10-18T23:57:15.198+0000] {logging_mixin.py:190} INFO - [2024-10-18T23:57:15.198+0000] {dag.py:4180} INFO - Setting next_dagrun for example_sensors to None, run_after=None
[2024-10-18T23:57:15.230+0000] {processor.py:208} INFO - Processing /home/airflow/.local/lib/python3.12/site-packages/airflow/example_dags/example_sensors.py took 0.158 seconds
[2024-10-18T23:57:45.775+0000] {processor.py:186} INFO - Started process (PID=2893) to work on /home/airflow/.local/lib/python3.12/site-packages/airflow/example_dags/example_sensors.py
[2024-10-18T23:57:45.777+0000] {processor.py:914} INFO - Processing file /home/airflow/.local/lib/python3.12/site-packages/airflow/example_dags/example_sensors.py for tasks to queue
[2024-10-18T23:57:45.779+0000] {logging_mixin.py:190} INFO - [2024-10-18T23:57:45.779+0000] {dagbag.py:588} INFO - Filling up the DagBag from /home/airflow/.local/lib/python3.12/site-packages/airflow/example_dags/example_sensors.py
[2024-10-18T23:57:45.790+0000] {processor.py:925} INFO - DAG(s) 'example_sensors' retrieved from /home/airflow/.local/lib/python3.12/site-packages/airflow/example_dags/example_sensors.py
[2024-10-18T23:57:45.815+0000] {logging_mixin.py:190} INFO - [2024-10-18T23:57:45.815+0000] {dag.py:3239} INFO - Sync 1 DAGs
[2024-10-18T23:57:45.829+0000] {logging_mixin.py:190} INFO - [2024-10-18T23:57:45.828+0000] {dag.py:4180} INFO - Setting next_dagrun for example_sensors to None, run_after=None
[2024-10-18T23:57:45.849+0000] {processor.py:208} INFO - Processing /home/airflow/.local/lib/python3.12/site-packages/airflow/example_dags/example_sensors.py took 0.079 seconds
[2024-10-18T23:58:16.303+0000] {processor.py:186} INFO - Started process (PID=2955) to work on /home/airflow/.local/lib/python3.12/site-packages/airflow/example_dags/example_sensors.py
[2024-10-18T23:58:16.304+0000] {processor.py:914} INFO - Processing file /home/airflow/.local/lib/python3.12/site-packages/airflow/example_dags/example_sensors.py for tasks to queue
[2024-10-18T23:58:16.307+0000] {logging_mixin.py:190} INFO - [2024-10-18T23:58:16.306+0000] {dagbag.py:588} INFO - Filling up the DagBag from /home/airflow/.local/lib/python3.12/site-packages/airflow/example_dags/example_sensors.py
[2024-10-18T23:58:16.317+0000] {processor.py:925} INFO - DAG(s) 'example_sensors' retrieved from /home/airflow/.local/lib/python3.12/site-packages/airflow/example_dags/example_sensors.py
[2024-10-18T23:58:16.343+0000] {logging_mixin.py:190} INFO - [2024-10-18T23:58:16.343+0000] {dag.py:3239} INFO - Sync 1 DAGs
[2024-10-18T23:58:16.357+0000] {logging_mixin.py:190} INFO - [2024-10-18T23:58:16.357+0000] {dag.py:4180} INFO - Setting next_dagrun for example_sensors to None, run_after=None
[2024-10-18T23:58:16.375+0000] {processor.py:208} INFO - Processing /home/airflow/.local/lib/python3.12/site-packages/airflow/example_dags/example_sensors.py took 0.079 seconds
[2024-10-18T23:58:46.655+0000] {processor.py:186} INFO - Started process (PID=3016) to work on /home/airflow/.local/lib/python3.12/site-packages/airflow/example_dags/example_sensors.py
[2024-10-18T23:58:46.657+0000] {processor.py:914} INFO - Processing file /home/airflow/.local/lib/python3.12/site-packages/airflow/example_dags/example_sensors.py for tasks to queue
[2024-10-18T23:58:46.664+0000] {logging_mixin.py:190} INFO - [2024-10-18T23:58:46.663+0000] {dagbag.py:588} INFO - Filling up the DagBag from /home/airflow/.local/lib/python3.12/site-packages/airflow/example_dags/example_sensors.py
[2024-10-18T23:58:46.684+0000] {processor.py:925} INFO - DAG(s) 'example_sensors' retrieved from /home/airflow/.local/lib/python3.12/site-packages/airflow/example_dags/example_sensors.py
[2024-10-18T23:58:46.728+0000] {logging_mixin.py:190} INFO - [2024-10-18T23:58:46.728+0000] {dag.py:3239} INFO - Sync 1 DAGs
[2024-10-18T23:58:46.752+0000] {logging_mixin.py:190} INFO - [2024-10-18T23:58:46.751+0000] {dag.py:4180} INFO - Setting next_dagrun for example_sensors to None, run_after=None
[2024-10-18T23:58:46.790+0000] {processor.py:208} INFO - Processing /home/airflow/.local/lib/python3.12/site-packages/airflow/example_dags/example_sensors.py took 0.145 seconds
[2024-10-18T23:59:17.672+0000] {processor.py:186} INFO - Started process (PID=3077) to work on /home/airflow/.local/lib/python3.12/site-packages/airflow/example_dags/example_sensors.py
[2024-10-18T23:59:17.674+0000] {processor.py:914} INFO - Processing file /home/airflow/.local/lib/python3.12/site-packages/airflow/example_dags/example_sensors.py for tasks to queue
[2024-10-18T23:59:17.679+0000] {logging_mixin.py:190} INFO - [2024-10-18T23:59:17.678+0000] {dagbag.py:588} INFO - Filling up the DagBag from /home/airflow/.local/lib/python3.12/site-packages/airflow/example_dags/example_sensors.py
[2024-10-18T23:59:17.700+0000] {processor.py:925} INFO - DAG(s) 'example_sensors' retrieved from /home/airflow/.local/lib/python3.12/site-packages/airflow/example_dags/example_sensors.py
[2024-10-18T23:59:17.758+0000] {logging_mixin.py:190} INFO - [2024-10-18T23:59:17.757+0000] {dag.py:3239} INFO - Sync 1 DAGs
[2024-10-18T23:59:18.055+0000] {logging_mixin.py:190} INFO - [2024-10-18T23:59:18.055+0000] {dag.py:4180} INFO - Setting next_dagrun for example_sensors to None, run_after=None
[2024-10-18T23:59:18.088+0000] {processor.py:208} INFO - Processing /home/airflow/.local/lib/python3.12/site-packages/airflow/example_dags/example_sensors.py took 0.426 seconds
[2024-10-18T23:59:48.799+0000] {processor.py:186} INFO - Started process (PID=3139) to work on /home/airflow/.local/lib/python3.12/site-packages/airflow/example_dags/example_sensors.py
[2024-10-18T23:59:48.800+0000] {processor.py:914} INFO - Processing file /home/airflow/.local/lib/python3.12/site-packages/airflow/example_dags/example_sensors.py for tasks to queue
[2024-10-18T23:59:48.803+0000] {logging_mixin.py:190} INFO - [2024-10-18T23:59:48.803+0000] {dagbag.py:588} INFO - Filling up the DagBag from /home/airflow/.local/lib/python3.12/site-packages/airflow/example_dags/example_sensors.py
[2024-10-18T23:59:48.814+0000] {processor.py:925} INFO - DAG(s) 'example_sensors' retrieved from /home/airflow/.local/lib/python3.12/site-packages/airflow/example_dags/example_sensors.py
[2024-10-18T23:59:48.837+0000] {logging_mixin.py:190} INFO - [2024-10-18T23:59:48.837+0000] {dag.py:3239} INFO - Sync 1 DAGs
[2024-10-18T23:59:48.851+0000] {logging_mixin.py:190} INFO - [2024-10-18T23:59:48.851+0000] {dag.py:4180} INFO - Setting next_dagrun for example_sensors to None, run_after=None
[2024-10-18T23:59:48.872+0000] {processor.py:208} INFO - Processing /home/airflow/.local/lib/python3.12/site-packages/airflow/example_dags/example_sensors.py took 0.078 seconds
