[2024-10-18T23:33:29.223+0000] {processor.py:186} INFO - Started process (PID=127) to work on /home/airflow/.local/lib/python3.12/site-packages/airflow/example_dags/example_display_name.py
[2024-10-18T23:33:29.237+0000] {processor.py:914} INFO - Processing file /home/airflow/.local/lib/python3.12/site-packages/airflow/example_dags/example_display_name.py for tasks to queue
[2024-10-18T23:33:29.286+0000] {logging_mixin.py:190} INFO - [2024-10-18T23:33:29.274+0000] {dagbag.py:588} INFO - Filling up the DagBag from /home/airflow/.local/lib/python3.12/site-packages/airflow/example_dags/example_display_name.py
[2024-10-18T23:33:29.426+0000] {processor.py:925} INFO - DAG(s) 'example_display_name' retrieved from /home/airflow/.local/lib/python3.12/site-packages/airflow/example_dags/example_display_name.py
[2024-10-18T23:33:30.240+0000] {logging_mixin.py:190} INFO - [2024-10-18T23:33:30.238+0000] {override.py:1900} INFO - Created Permission View: can read on DAG:example_display_name
[2024-10-18T23:33:30.287+0000] {logging_mixin.py:190} INFO - [2024-10-18T23:33:30.286+0000] {override.py:1900} INFO - Created Permission View: can edit on DAG:example_display_name
[2024-10-18T23:33:30.306+0000] {logging_mixin.py:190} INFO - [2024-10-18T23:33:30.305+0000] {override.py:1900} INFO - Created Permission View: can delete on DAG:example_display_name
[2024-10-18T23:33:30.343+0000] {logging_mixin.py:190} INFO - [2024-10-18T23:33:30.343+0000] {override.py:1900} INFO - Created Permission View: can read on DAG Run:example_display_name
[2024-10-18T23:33:30.388+0000] {logging_mixin.py:190} INFO - [2024-10-18T23:33:30.387+0000] {override.py:1900} INFO - Created Permission View: can create on DAG Run:example_display_name
[2024-10-18T23:33:30.429+0000] {logging_mixin.py:190} INFO - [2024-10-18T23:33:30.428+0000] {override.py:1900} INFO - Created Permission View: menu access on DAG Run:example_display_name
[2024-10-18T23:33:30.452+0000] {logging_mixin.py:190} INFO - [2024-10-18T23:33:30.451+0000] {override.py:1900} INFO - Created Permission View: can delete on DAG Run:example_display_name
[2024-10-18T23:33:30.458+0000] {logging_mixin.py:190} INFO - [2024-10-18T23:33:30.457+0000] {dag.py:3239} INFO - Sync 1 DAGs
[2024-10-18T23:33:30.596+0000] {logging_mixin.py:190} INFO - [2024-10-18T23:33:30.595+0000] {dag.py:3262} INFO - Creating ORM DAG for example_display_name
[2024-10-18T23:33:30.598+0000] {logging_mixin.py:190} INFO - [2024-10-18T23:33:30.598+0000] {dag.py:4180} INFO - Setting next_dagrun for example_display_name to None, run_after=None
[2024-10-18T23:33:30.656+0000] {processor.py:208} INFO - Processing /home/airflow/.local/lib/python3.12/site-packages/airflow/example_dags/example_display_name.py took 1.494 seconds
[2024-10-18T23:34:00.991+0000] {processor.py:186} INFO - Started process (PID=189) to work on /home/airflow/.local/lib/python3.12/site-packages/airflow/example_dags/example_display_name.py
[2024-10-18T23:34:00.992+0000] {processor.py:914} INFO - Processing file /home/airflow/.local/lib/python3.12/site-packages/airflow/example_dags/example_display_name.py for tasks to queue
[2024-10-18T23:34:00.996+0000] {logging_mixin.py:190} INFO - [2024-10-18T23:34:00.996+0000] {dagbag.py:588} INFO - Filling up the DagBag from /home/airflow/.local/lib/python3.12/site-packages/airflow/example_dags/example_display_name.py
[2024-10-18T23:34:01.007+0000] {processor.py:925} INFO - DAG(s) 'example_display_name' retrieved from /home/airflow/.local/lib/python3.12/site-packages/airflow/example_dags/example_display_name.py
[2024-10-18T23:34:01.039+0000] {logging_mixin.py:190} INFO - [2024-10-18T23:34:01.039+0000] {dag.py:3239} INFO - Sync 1 DAGs
[2024-10-18T23:34:01.071+0000] {logging_mixin.py:190} INFO - [2024-10-18T23:34:01.071+0000] {dag.py:4180} INFO - Setting next_dagrun for example_display_name to None, run_after=None
[2024-10-18T23:34:01.116+0000] {processor.py:208} INFO - Processing /home/airflow/.local/lib/python3.12/site-packages/airflow/example_dags/example_display_name.py took 0.135 seconds
[2024-10-18T23:34:31.585+0000] {processor.py:186} INFO - Started process (PID=251) to work on /home/airflow/.local/lib/python3.12/site-packages/airflow/example_dags/example_display_name.py
[2024-10-18T23:34:31.586+0000] {processor.py:914} INFO - Processing file /home/airflow/.local/lib/python3.12/site-packages/airflow/example_dags/example_display_name.py for tasks to queue
[2024-10-18T23:34:31.588+0000] {logging_mixin.py:190} INFO - [2024-10-18T23:34:31.588+0000] {dagbag.py:588} INFO - Filling up the DagBag from /home/airflow/.local/lib/python3.12/site-packages/airflow/example_dags/example_display_name.py
[2024-10-18T23:34:31.596+0000] {processor.py:925} INFO - DAG(s) 'example_display_name' retrieved from /home/airflow/.local/lib/python3.12/site-packages/airflow/example_dags/example_display_name.py
[2024-10-18T23:34:31.614+0000] {logging_mixin.py:190} INFO - [2024-10-18T23:34:31.614+0000] {dag.py:3239} INFO - Sync 1 DAGs
[2024-10-18T23:34:31.627+0000] {logging_mixin.py:190} INFO - [2024-10-18T23:34:31.627+0000] {dag.py:4180} INFO - Setting next_dagrun for example_display_name to None, run_after=None
[2024-10-18T23:34:31.647+0000] {processor.py:208} INFO - Processing /home/airflow/.local/lib/python3.12/site-packages/airflow/example_dags/example_display_name.py took 0.067 seconds
[2024-10-18T23:35:02.053+0000] {processor.py:186} INFO - Started process (PID=313) to work on /home/airflow/.local/lib/python3.12/site-packages/airflow/example_dags/example_display_name.py
[2024-10-18T23:35:02.054+0000] {processor.py:914} INFO - Processing file /home/airflow/.local/lib/python3.12/site-packages/airflow/example_dags/example_display_name.py for tasks to queue
[2024-10-18T23:35:02.057+0000] {logging_mixin.py:190} INFO - [2024-10-18T23:35:02.057+0000] {dagbag.py:588} INFO - Filling up the DagBag from /home/airflow/.local/lib/python3.12/site-packages/airflow/example_dags/example_display_name.py
[2024-10-18T23:35:02.070+0000] {processor.py:925} INFO - DAG(s) 'example_display_name' retrieved from /home/airflow/.local/lib/python3.12/site-packages/airflow/example_dags/example_display_name.py
[2024-10-18T23:35:02.102+0000] {logging_mixin.py:190} INFO - [2024-10-18T23:35:02.101+0000] {dag.py:3239} INFO - Sync 1 DAGs
[2024-10-18T23:35:02.122+0000] {logging_mixin.py:190} INFO - [2024-10-18T23:35:02.122+0000] {dag.py:4180} INFO - Setting next_dagrun for example_display_name to None, run_after=None
[2024-10-18T23:35:02.156+0000] {processor.py:208} INFO - Processing /home/airflow/.local/lib/python3.12/site-packages/airflow/example_dags/example_display_name.py took 0.113 seconds
[2024-10-18T23:35:32.301+0000] {processor.py:186} INFO - Started process (PID=374) to work on /home/airflow/.local/lib/python3.12/site-packages/airflow/example_dags/example_display_name.py
[2024-10-18T23:35:32.303+0000] {processor.py:914} INFO - Processing file /home/airflow/.local/lib/python3.12/site-packages/airflow/example_dags/example_display_name.py for tasks to queue
[2024-10-18T23:35:32.305+0000] {logging_mixin.py:190} INFO - [2024-10-18T23:35:32.305+0000] {dagbag.py:588} INFO - Filling up the DagBag from /home/airflow/.local/lib/python3.12/site-packages/airflow/example_dags/example_display_name.py
[2024-10-18T23:35:32.312+0000] {processor.py:925} INFO - DAG(s) 'example_display_name' retrieved from /home/airflow/.local/lib/python3.12/site-packages/airflow/example_dags/example_display_name.py
[2024-10-18T23:35:32.329+0000] {logging_mixin.py:190} INFO - [2024-10-18T23:35:32.329+0000] {dag.py:3239} INFO - Sync 1 DAGs
[2024-10-18T23:35:32.343+0000] {logging_mixin.py:190} INFO - [2024-10-18T23:35:32.343+0000] {dag.py:4180} INFO - Setting next_dagrun for example_display_name to None, run_after=None
[2024-10-18T23:35:32.362+0000] {processor.py:208} INFO - Processing /home/airflow/.local/lib/python3.12/site-packages/airflow/example_dags/example_display_name.py took 0.065 seconds
[2024-10-18T23:36:03.325+0000] {processor.py:186} INFO - Started process (PID=436) to work on /home/airflow/.local/lib/python3.12/site-packages/airflow/example_dags/example_display_name.py
[2024-10-18T23:36:03.326+0000] {processor.py:914} INFO - Processing file /home/airflow/.local/lib/python3.12/site-packages/airflow/example_dags/example_display_name.py for tasks to queue
[2024-10-18T23:36:03.328+0000] {logging_mixin.py:190} INFO - [2024-10-18T23:36:03.328+0000] {dagbag.py:588} INFO - Filling up the DagBag from /home/airflow/.local/lib/python3.12/site-packages/airflow/example_dags/example_display_name.py
[2024-10-18T23:36:03.335+0000] {processor.py:925} INFO - DAG(s) 'example_display_name' retrieved from /home/airflow/.local/lib/python3.12/site-packages/airflow/example_dags/example_display_name.py
[2024-10-18T23:36:03.354+0000] {logging_mixin.py:190} INFO - [2024-10-18T23:36:03.353+0000] {dag.py:3239} INFO - Sync 1 DAGs
[2024-10-18T23:36:03.368+0000] {logging_mixin.py:190} INFO - [2024-10-18T23:36:03.368+0000] {dag.py:4180} INFO - Setting next_dagrun for example_display_name to None, run_after=None
[2024-10-18T23:36:03.387+0000] {processor.py:208} INFO - Processing /home/airflow/.local/lib/python3.12/site-packages/airflow/example_dags/example_display_name.py took 0.068 seconds
[2024-10-18T23:36:33.770+0000] {processor.py:186} INFO - Started process (PID=498) to work on /home/airflow/.local/lib/python3.12/site-packages/airflow/example_dags/example_display_name.py
[2024-10-18T23:36:33.780+0000] {processor.py:914} INFO - Processing file /home/airflow/.local/lib/python3.12/site-packages/airflow/example_dags/example_display_name.py for tasks to queue
[2024-10-18T23:36:33.791+0000] {logging_mixin.py:190} INFO - [2024-10-18T23:36:33.790+0000] {dagbag.py:588} INFO - Filling up the DagBag from /home/airflow/.local/lib/python3.12/site-packages/airflow/example_dags/example_display_name.py
[2024-10-18T23:36:33.813+0000] {processor.py:925} INFO - DAG(s) 'example_display_name' retrieved from /home/airflow/.local/lib/python3.12/site-packages/airflow/example_dags/example_display_name.py
[2024-10-18T23:36:33.855+0000] {logging_mixin.py:190} INFO - [2024-10-18T23:36:33.855+0000] {dag.py:3239} INFO - Sync 1 DAGs
[2024-10-18T23:36:33.884+0000] {logging_mixin.py:190} INFO - [2024-10-18T23:36:33.882+0000] {dag.py:4180} INFO - Setting next_dagrun for example_display_name to None, run_after=None
[2024-10-18T23:36:33.943+0000] {processor.py:208} INFO - Processing /home/airflow/.local/lib/python3.12/site-packages/airflow/example_dags/example_display_name.py took 0.280 seconds
[2024-10-18T23:37:04.787+0000] {processor.py:186} INFO - Started process (PID=560) to work on /home/airflow/.local/lib/python3.12/site-packages/airflow/example_dags/example_display_name.py
[2024-10-18T23:37:04.788+0000] {processor.py:914} INFO - Processing file /home/airflow/.local/lib/python3.12/site-packages/airflow/example_dags/example_display_name.py for tasks to queue
[2024-10-18T23:37:04.791+0000] {logging_mixin.py:190} INFO - [2024-10-18T23:37:04.790+0000] {dagbag.py:588} INFO - Filling up the DagBag from /home/airflow/.local/lib/python3.12/site-packages/airflow/example_dags/example_display_name.py
[2024-10-18T23:37:04.797+0000] {processor.py:925} INFO - DAG(s) 'example_display_name' retrieved from /home/airflow/.local/lib/python3.12/site-packages/airflow/example_dags/example_display_name.py
[2024-10-18T23:37:04.817+0000] {logging_mixin.py:190} INFO - [2024-10-18T23:37:04.816+0000] {dag.py:3239} INFO - Sync 1 DAGs
[2024-10-18T23:37:04.830+0000] {logging_mixin.py:190} INFO - [2024-10-18T23:37:04.829+0000] {dag.py:4180} INFO - Setting next_dagrun for example_display_name to None, run_after=None
[2024-10-18T23:37:04.861+0000] {processor.py:208} INFO - Processing /home/airflow/.local/lib/python3.12/site-packages/airflow/example_dags/example_display_name.py took 0.079 seconds
[2024-10-18T23:37:35.651+0000] {processor.py:186} INFO - Started process (PID=622) to work on /home/airflow/.local/lib/python3.12/site-packages/airflow/example_dags/example_display_name.py
[2024-10-18T23:37:35.653+0000] {processor.py:914} INFO - Processing file /home/airflow/.local/lib/python3.12/site-packages/airflow/example_dags/example_display_name.py for tasks to queue
[2024-10-18T23:37:35.656+0000] {logging_mixin.py:190} INFO - [2024-10-18T23:37:35.656+0000] {dagbag.py:588} INFO - Filling up the DagBag from /home/airflow/.local/lib/python3.12/site-packages/airflow/example_dags/example_display_name.py
[2024-10-18T23:37:35.667+0000] {processor.py:925} INFO - DAG(s) 'example_display_name' retrieved from /home/airflow/.local/lib/python3.12/site-packages/airflow/example_dags/example_display_name.py
[2024-10-18T23:37:35.691+0000] {logging_mixin.py:190} INFO - [2024-10-18T23:37:35.690+0000] {dag.py:3239} INFO - Sync 1 DAGs
[2024-10-18T23:37:35.704+0000] {logging_mixin.py:190} INFO - [2024-10-18T23:37:35.704+0000] {dag.py:4180} INFO - Setting next_dagrun for example_display_name to None, run_after=None
[2024-10-18T23:37:35.830+0000] {processor.py:208} INFO - Processing /home/airflow/.local/lib/python3.12/site-packages/airflow/example_dags/example_display_name.py took 0.186 seconds
[2024-10-18T23:38:06.166+0000] {processor.py:186} INFO - Started process (PID=684) to work on /home/airflow/.local/lib/python3.12/site-packages/airflow/example_dags/example_display_name.py
[2024-10-18T23:38:06.168+0000] {processor.py:914} INFO - Processing file /home/airflow/.local/lib/python3.12/site-packages/airflow/example_dags/example_display_name.py for tasks to queue
[2024-10-18T23:38:06.170+0000] {logging_mixin.py:190} INFO - [2024-10-18T23:38:06.170+0000] {dagbag.py:588} INFO - Filling up the DagBag from /home/airflow/.local/lib/python3.12/site-packages/airflow/example_dags/example_display_name.py
[2024-10-18T23:38:06.177+0000] {processor.py:925} INFO - DAG(s) 'example_display_name' retrieved from /home/airflow/.local/lib/python3.12/site-packages/airflow/example_dags/example_display_name.py
[2024-10-18T23:38:06.195+0000] {logging_mixin.py:190} INFO - [2024-10-18T23:38:06.195+0000] {dag.py:3239} INFO - Sync 1 DAGs
[2024-10-18T23:38:06.207+0000] {logging_mixin.py:190} INFO - [2024-10-18T23:38:06.207+0000] {dag.py:4180} INFO - Setting next_dagrun for example_display_name to None, run_after=None
[2024-10-18T23:38:06.240+0000] {processor.py:208} INFO - Processing /home/airflow/.local/lib/python3.12/site-packages/airflow/example_dags/example_display_name.py took 0.080 seconds
[2024-10-18T23:38:36.771+0000] {processor.py:186} INFO - Started process (PID=746) to work on /home/airflow/.local/lib/python3.12/site-packages/airflow/example_dags/example_display_name.py
[2024-10-18T23:38:36.772+0000] {processor.py:914} INFO - Processing file /home/airflow/.local/lib/python3.12/site-packages/airflow/example_dags/example_display_name.py for tasks to queue
[2024-10-18T23:38:36.777+0000] {logging_mixin.py:190} INFO - [2024-10-18T23:38:36.776+0000] {dagbag.py:588} INFO - Filling up the DagBag from /home/airflow/.local/lib/python3.12/site-packages/airflow/example_dags/example_display_name.py
[2024-10-18T23:38:36.795+0000] {processor.py:925} INFO - DAG(s) 'example_display_name' retrieved from /home/airflow/.local/lib/python3.12/site-packages/airflow/example_dags/example_display_name.py
[2024-10-18T23:38:36.826+0000] {logging_mixin.py:190} INFO - [2024-10-18T23:38:36.825+0000] {dag.py:3239} INFO - Sync 1 DAGs
[2024-10-18T23:38:36.854+0000] {logging_mixin.py:190} INFO - [2024-10-18T23:38:36.854+0000] {dag.py:4180} INFO - Setting next_dagrun for example_display_name to None, run_after=None
[2024-10-18T23:38:36.887+0000] {processor.py:208} INFO - Processing /home/airflow/.local/lib/python3.12/site-packages/airflow/example_dags/example_display_name.py took 0.124 seconds
[2024-10-18T23:39:07.660+0000] {processor.py:186} INFO - Started process (PID=814) to work on /home/airflow/.local/lib/python3.12/site-packages/airflow/example_dags/example_display_name.py
[2024-10-18T23:39:07.661+0000] {processor.py:914} INFO - Processing file /home/airflow/.local/lib/python3.12/site-packages/airflow/example_dags/example_display_name.py for tasks to queue
[2024-10-18T23:39:07.664+0000] {logging_mixin.py:190} INFO - [2024-10-18T23:39:07.663+0000] {dagbag.py:588} INFO - Filling up the DagBag from /home/airflow/.local/lib/python3.12/site-packages/airflow/example_dags/example_display_name.py
[2024-10-18T23:39:07.670+0000] {processor.py:925} INFO - DAG(s) 'example_display_name' retrieved from /home/airflow/.local/lib/python3.12/site-packages/airflow/example_dags/example_display_name.py
[2024-10-18T23:39:07.691+0000] {logging_mixin.py:190} INFO - [2024-10-18T23:39:07.690+0000] {dag.py:3239} INFO - Sync 1 DAGs
[2024-10-18T23:39:07.703+0000] {logging_mixin.py:190} INFO - [2024-10-18T23:39:07.703+0000] {dag.py:4180} INFO - Setting next_dagrun for example_display_name to None, run_after=None
[2024-10-18T23:39:07.723+0000] {processor.py:208} INFO - Processing /home/airflow/.local/lib/python3.12/site-packages/airflow/example_dags/example_display_name.py took 0.068 seconds
[2024-10-18T23:39:38.198+0000] {processor.py:186} INFO - Started process (PID=876) to work on /home/airflow/.local/lib/python3.12/site-packages/airflow/example_dags/example_display_name.py
[2024-10-18T23:39:38.199+0000] {processor.py:914} INFO - Processing file /home/airflow/.local/lib/python3.12/site-packages/airflow/example_dags/example_display_name.py for tasks to queue
[2024-10-18T23:39:38.202+0000] {logging_mixin.py:190} INFO - [2024-10-18T23:39:38.201+0000] {dagbag.py:588} INFO - Filling up the DagBag from /home/airflow/.local/lib/python3.12/site-packages/airflow/example_dags/example_display_name.py
[2024-10-18T23:39:38.211+0000] {processor.py:925} INFO - DAG(s) 'example_display_name' retrieved from /home/airflow/.local/lib/python3.12/site-packages/airflow/example_dags/example_display_name.py
[2024-10-18T23:39:38.236+0000] {logging_mixin.py:190} INFO - [2024-10-18T23:39:38.235+0000] {dag.py:3239} INFO - Sync 1 DAGs
[2024-10-18T23:39:38.253+0000] {logging_mixin.py:190} INFO - [2024-10-18T23:39:38.253+0000] {dag.py:4180} INFO - Setting next_dagrun for example_display_name to None, run_after=None
[2024-10-18T23:39:38.275+0000] {processor.py:208} INFO - Processing /home/airflow/.local/lib/python3.12/site-packages/airflow/example_dags/example_display_name.py took 0.083 seconds
[2024-10-18T23:40:08.686+0000] {processor.py:186} INFO - Started process (PID=938) to work on /home/airflow/.local/lib/python3.12/site-packages/airflow/example_dags/example_display_name.py
[2024-10-18T23:40:08.688+0000] {processor.py:914} INFO - Processing file /home/airflow/.local/lib/python3.12/site-packages/airflow/example_dags/example_display_name.py for tasks to queue
[2024-10-18T23:40:08.694+0000] {logging_mixin.py:190} INFO - [2024-10-18T23:40:08.693+0000] {dagbag.py:588} INFO - Filling up the DagBag from /home/airflow/.local/lib/python3.12/site-packages/airflow/example_dags/example_display_name.py
[2024-10-18T23:40:08.703+0000] {processor.py:925} INFO - DAG(s) 'example_display_name' retrieved from /home/airflow/.local/lib/python3.12/site-packages/airflow/example_dags/example_display_name.py
[2024-10-18T23:40:08.740+0000] {logging_mixin.py:190} INFO - [2024-10-18T23:40:08.740+0000] {dag.py:3239} INFO - Sync 1 DAGs
[2024-10-18T23:40:08.761+0000] {logging_mixin.py:190} INFO - [2024-10-18T23:40:08.761+0000] {dag.py:4180} INFO - Setting next_dagrun for example_display_name to None, run_after=None
[2024-10-18T23:40:08.789+0000] {processor.py:208} INFO - Processing /home/airflow/.local/lib/python3.12/site-packages/airflow/example_dags/example_display_name.py took 0.111 seconds
[2024-10-18T23:40:39.218+0000] {processor.py:186} INFO - Started process (PID=1000) to work on /home/airflow/.local/lib/python3.12/site-packages/airflow/example_dags/example_display_name.py
[2024-10-18T23:40:39.219+0000] {processor.py:914} INFO - Processing file /home/airflow/.local/lib/python3.12/site-packages/airflow/example_dags/example_display_name.py for tasks to queue
[2024-10-18T23:40:39.222+0000] {logging_mixin.py:190} INFO - [2024-10-18T23:40:39.222+0000] {dagbag.py:588} INFO - Filling up the DagBag from /home/airflow/.local/lib/python3.12/site-packages/airflow/example_dags/example_display_name.py
[2024-10-18T23:40:39.229+0000] {processor.py:925} INFO - DAG(s) 'example_display_name' retrieved from /home/airflow/.local/lib/python3.12/site-packages/airflow/example_dags/example_display_name.py
[2024-10-18T23:40:39.251+0000] {logging_mixin.py:190} INFO - [2024-10-18T23:40:39.250+0000] {dag.py:3239} INFO - Sync 1 DAGs
[2024-10-18T23:40:39.267+0000] {logging_mixin.py:190} INFO - [2024-10-18T23:40:39.266+0000] {dag.py:4180} INFO - Setting next_dagrun for example_display_name to None, run_after=None
[2024-10-18T23:40:39.292+0000] {processor.py:208} INFO - Processing /home/airflow/.local/lib/python3.12/site-packages/airflow/example_dags/example_display_name.py took 0.080 seconds
[2024-10-18T23:41:09.992+0000] {processor.py:186} INFO - Started process (PID=1062) to work on /home/airflow/.local/lib/python3.12/site-packages/airflow/example_dags/example_display_name.py
[2024-10-18T23:41:09.994+0000] {processor.py:914} INFO - Processing file /home/airflow/.local/lib/python3.12/site-packages/airflow/example_dags/example_display_name.py for tasks to queue
[2024-10-18T23:41:09.998+0000] {logging_mixin.py:190} INFO - [2024-10-18T23:41:09.998+0000] {dagbag.py:588} INFO - Filling up the DagBag from /home/airflow/.local/lib/python3.12/site-packages/airflow/example_dags/example_display_name.py
[2024-10-18T23:41:10.010+0000] {processor.py:925} INFO - DAG(s) 'example_display_name' retrieved from /home/airflow/.local/lib/python3.12/site-packages/airflow/example_dags/example_display_name.py
[2024-10-18T23:41:10.039+0000] {logging_mixin.py:190} INFO - [2024-10-18T23:41:10.038+0000] {dag.py:3239} INFO - Sync 1 DAGs
[2024-10-18T23:41:10.058+0000] {logging_mixin.py:190} INFO - [2024-10-18T23:41:10.058+0000] {dag.py:4180} INFO - Setting next_dagrun for example_display_name to None, run_after=None
[2024-10-18T23:41:10.088+0000] {processor.py:208} INFO - Processing /home/airflow/.local/lib/python3.12/site-packages/airflow/example_dags/example_display_name.py took 0.104 seconds
[2024-10-18T23:41:40.297+0000] {processor.py:186} INFO - Started process (PID=1124) to work on /home/airflow/.local/lib/python3.12/site-packages/airflow/example_dags/example_display_name.py
[2024-10-18T23:41:40.298+0000] {processor.py:914} INFO - Processing file /home/airflow/.local/lib/python3.12/site-packages/airflow/example_dags/example_display_name.py for tasks to queue
[2024-10-18T23:41:40.301+0000] {logging_mixin.py:190} INFO - [2024-10-18T23:41:40.301+0000] {dagbag.py:588} INFO - Filling up the DagBag from /home/airflow/.local/lib/python3.12/site-packages/airflow/example_dags/example_display_name.py
[2024-10-18T23:41:40.309+0000] {processor.py:925} INFO - DAG(s) 'example_display_name' retrieved from /home/airflow/.local/lib/python3.12/site-packages/airflow/example_dags/example_display_name.py
[2024-10-18T23:41:40.328+0000] {logging_mixin.py:190} INFO - [2024-10-18T23:41:40.327+0000] {dag.py:3239} INFO - Sync 1 DAGs
[2024-10-18T23:41:40.341+0000] {logging_mixin.py:190} INFO - [2024-10-18T23:41:40.341+0000] {dag.py:4180} INFO - Setting next_dagrun for example_display_name to None, run_after=None
[2024-10-18T23:41:40.361+0000] {processor.py:208} INFO - Processing /home/airflow/.local/lib/python3.12/site-packages/airflow/example_dags/example_display_name.py took 0.070 seconds
[2024-10-18T23:42:11.659+0000] {processor.py:186} INFO - Started process (PID=1186) to work on /home/airflow/.local/lib/python3.12/site-packages/airflow/example_dags/example_display_name.py
[2024-10-18T23:42:11.919+0000] {processor.py:914} INFO - Processing file /home/airflow/.local/lib/python3.12/site-packages/airflow/example_dags/example_display_name.py for tasks to queue
[2024-10-18T23:42:11.923+0000] {logging_mixin.py:190} INFO - [2024-10-18T23:42:11.922+0000] {dagbag.py:588} INFO - Filling up the DagBag from /home/airflow/.local/lib/python3.12/site-packages/airflow/example_dags/example_display_name.py
[2024-10-18T23:42:11.931+0000] {processor.py:925} INFO - DAG(s) 'example_display_name' retrieved from /home/airflow/.local/lib/python3.12/site-packages/airflow/example_dags/example_display_name.py
[2024-10-18T23:42:11.949+0000] {logging_mixin.py:190} INFO - [2024-10-18T23:42:11.949+0000] {dag.py:3239} INFO - Sync 1 DAGs
[2024-10-18T23:42:11.963+0000] {logging_mixin.py:190} INFO - [2024-10-18T23:42:11.962+0000] {dag.py:4180} INFO - Setting next_dagrun for example_display_name to None, run_after=None
[2024-10-18T23:42:12.285+0000] {processor.py:208} INFO - Processing /home/airflow/.local/lib/python3.12/site-packages/airflow/example_dags/example_display_name.py took 0.631 seconds
[2024-10-18T23:42:44.945+0000] {processor.py:186} INFO - Started process (PID=1258) to work on /home/airflow/.local/lib/python3.12/site-packages/airflow/example_dags/example_display_name.py
[2024-10-18T23:42:44.947+0000] {processor.py:914} INFO - Processing file /home/airflow/.local/lib/python3.12/site-packages/airflow/example_dags/example_display_name.py for tasks to queue
[2024-10-18T23:42:44.951+0000] {logging_mixin.py:190} INFO - [2024-10-18T23:42:44.950+0000] {dagbag.py:588} INFO - Filling up the DagBag from /home/airflow/.local/lib/python3.12/site-packages/airflow/example_dags/example_display_name.py
[2024-10-18T23:42:44.961+0000] {processor.py:925} INFO - DAG(s) 'example_display_name' retrieved from /home/airflow/.local/lib/python3.12/site-packages/airflow/example_dags/example_display_name.py
[2024-10-18T23:42:45.031+0000] {logging_mixin.py:190} INFO - [2024-10-18T23:42:45.030+0000] {dag.py:3239} INFO - Sync 1 DAGs
[2024-10-18T23:42:45.104+0000] {logging_mixin.py:190} INFO - [2024-10-18T23:42:45.103+0000] {dag.py:4180} INFO - Setting next_dagrun for example_display_name to None, run_after=None
[2024-10-18T23:42:45.149+0000] {processor.py:208} INFO - Processing /home/airflow/.local/lib/python3.12/site-packages/airflow/example_dags/example_display_name.py took 0.212 seconds
[2024-10-18T23:43:16.280+0000] {processor.py:186} INFO - Started process (PID=1320) to work on /home/airflow/.local/lib/python3.12/site-packages/airflow/example_dags/example_display_name.py
[2024-10-18T23:43:16.288+0000] {processor.py:914} INFO - Processing file /home/airflow/.local/lib/python3.12/site-packages/airflow/example_dags/example_display_name.py for tasks to queue
[2024-10-18T23:43:16.294+0000] {logging_mixin.py:190} INFO - [2024-10-18T23:43:16.293+0000] {dagbag.py:588} INFO - Filling up the DagBag from /home/airflow/.local/lib/python3.12/site-packages/airflow/example_dags/example_display_name.py
[2024-10-18T23:43:16.307+0000] {processor.py:925} INFO - DAG(s) 'example_display_name' retrieved from /home/airflow/.local/lib/python3.12/site-packages/airflow/example_dags/example_display_name.py
[2024-10-18T23:43:16.342+0000] {logging_mixin.py:190} INFO - [2024-10-18T23:43:16.341+0000] {dag.py:3239} INFO - Sync 1 DAGs
[2024-10-18T23:43:16.378+0000] {logging_mixin.py:190} INFO - [2024-10-18T23:43:16.377+0000] {dag.py:4180} INFO - Setting next_dagrun for example_display_name to None, run_after=None
[2024-10-18T23:43:16.418+0000] {processor.py:208} INFO - Processing /home/airflow/.local/lib/python3.12/site-packages/airflow/example_dags/example_display_name.py took 0.153 seconds
[2024-10-18T23:43:47.144+0000] {processor.py:186} INFO - Started process (PID=1382) to work on /home/airflow/.local/lib/python3.12/site-packages/airflow/example_dags/example_display_name.py
[2024-10-18T23:43:47.145+0000] {processor.py:914} INFO - Processing file /home/airflow/.local/lib/python3.12/site-packages/airflow/example_dags/example_display_name.py for tasks to queue
[2024-10-18T23:43:47.148+0000] {logging_mixin.py:190} INFO - [2024-10-18T23:43:47.148+0000] {dagbag.py:588} INFO - Filling up the DagBag from /home/airflow/.local/lib/python3.12/site-packages/airflow/example_dags/example_display_name.py
[2024-10-18T23:43:47.155+0000] {processor.py:925} INFO - DAG(s) 'example_display_name' retrieved from /home/airflow/.local/lib/python3.12/site-packages/airflow/example_dags/example_display_name.py
[2024-10-18T23:43:47.179+0000] {logging_mixin.py:190} INFO - [2024-10-18T23:43:47.179+0000] {dag.py:3239} INFO - Sync 1 DAGs
[2024-10-18T23:43:47.197+0000] {logging_mixin.py:190} INFO - [2024-10-18T23:43:47.197+0000] {dag.py:4180} INFO - Setting next_dagrun for example_display_name to None, run_after=None
[2024-10-18T23:43:47.223+0000] {processor.py:208} INFO - Processing /home/airflow/.local/lib/python3.12/site-packages/airflow/example_dags/example_display_name.py took 0.084 seconds
[2024-10-18T23:44:17.449+0000] {processor.py:186} INFO - Started process (PID=1443) to work on /home/airflow/.local/lib/python3.12/site-packages/airflow/example_dags/example_display_name.py
[2024-10-18T23:44:17.450+0000] {processor.py:914} INFO - Processing file /home/airflow/.local/lib/python3.12/site-packages/airflow/example_dags/example_display_name.py for tasks to queue
[2024-10-18T23:44:17.453+0000] {logging_mixin.py:190} INFO - [2024-10-18T23:44:17.453+0000] {dagbag.py:588} INFO - Filling up the DagBag from /home/airflow/.local/lib/python3.12/site-packages/airflow/example_dags/example_display_name.py
[2024-10-18T23:44:17.460+0000] {processor.py:925} INFO - DAG(s) 'example_display_name' retrieved from /home/airflow/.local/lib/python3.12/site-packages/airflow/example_dags/example_display_name.py
[2024-10-18T23:44:17.481+0000] {logging_mixin.py:190} INFO - [2024-10-18T23:44:17.481+0000] {dag.py:3239} INFO - Sync 1 DAGs
[2024-10-18T23:44:17.501+0000] {logging_mixin.py:190} INFO - [2024-10-18T23:44:17.501+0000] {dag.py:4180} INFO - Setting next_dagrun for example_display_name to None, run_after=None
[2024-10-18T23:44:17.522+0000] {processor.py:208} INFO - Processing /home/airflow/.local/lib/python3.12/site-packages/airflow/example_dags/example_display_name.py took 0.078 seconds
[2024-10-18T23:44:48.097+0000] {processor.py:186} INFO - Started process (PID=1506) to work on /home/airflow/.local/lib/python3.12/site-packages/airflow/example_dags/example_display_name.py
[2024-10-18T23:44:48.098+0000] {processor.py:914} INFO - Processing file /home/airflow/.local/lib/python3.12/site-packages/airflow/example_dags/example_display_name.py for tasks to queue
[2024-10-18T23:44:48.100+0000] {logging_mixin.py:190} INFO - [2024-10-18T23:44:48.100+0000] {dagbag.py:588} INFO - Filling up the DagBag from /home/airflow/.local/lib/python3.12/site-packages/airflow/example_dags/example_display_name.py
[2024-10-18T23:44:48.107+0000] {processor.py:925} INFO - DAG(s) 'example_display_name' retrieved from /home/airflow/.local/lib/python3.12/site-packages/airflow/example_dags/example_display_name.py
[2024-10-18T23:44:48.126+0000] {logging_mixin.py:190} INFO - [2024-10-18T23:44:48.125+0000] {dag.py:3239} INFO - Sync 1 DAGs
[2024-10-18T23:44:48.138+0000] {logging_mixin.py:190} INFO - [2024-10-18T23:44:48.138+0000] {dag.py:4180} INFO - Setting next_dagrun for example_display_name to None, run_after=None
[2024-10-18T23:44:48.157+0000] {processor.py:208} INFO - Processing /home/airflow/.local/lib/python3.12/site-packages/airflow/example_dags/example_display_name.py took 0.066 seconds
[2024-10-18T23:45:18.636+0000] {processor.py:186} INFO - Started process (PID=1568) to work on /home/airflow/.local/lib/python3.12/site-packages/airflow/example_dags/example_display_name.py
[2024-10-18T23:45:18.637+0000] {processor.py:914} INFO - Processing file /home/airflow/.local/lib/python3.12/site-packages/airflow/example_dags/example_display_name.py for tasks to queue
[2024-10-18T23:45:18.640+0000] {logging_mixin.py:190} INFO - [2024-10-18T23:45:18.640+0000] {dagbag.py:588} INFO - Filling up the DagBag from /home/airflow/.local/lib/python3.12/site-packages/airflow/example_dags/example_display_name.py
[2024-10-18T23:45:18.646+0000] {processor.py:925} INFO - DAG(s) 'example_display_name' retrieved from /home/airflow/.local/lib/python3.12/site-packages/airflow/example_dags/example_display_name.py
[2024-10-18T23:45:18.665+0000] {logging_mixin.py:190} INFO - [2024-10-18T23:45:18.665+0000] {dag.py:3239} INFO - Sync 1 DAGs
[2024-10-18T23:45:18.681+0000] {logging_mixin.py:190} INFO - [2024-10-18T23:45:18.681+0000] {dag.py:4180} INFO - Setting next_dagrun for example_display_name to None, run_after=None
[2024-10-18T23:45:18.703+0000] {processor.py:208} INFO - Processing /home/airflow/.local/lib/python3.12/site-packages/airflow/example_dags/example_display_name.py took 0.072 seconds
[2024-10-18T23:45:49.652+0000] {processor.py:186} INFO - Started process (PID=1632) to work on /home/airflow/.local/lib/python3.12/site-packages/airflow/example_dags/example_display_name.py
[2024-10-18T23:45:49.653+0000] {processor.py:914} INFO - Processing file /home/airflow/.local/lib/python3.12/site-packages/airflow/example_dags/example_display_name.py for tasks to queue
[2024-10-18T23:45:49.655+0000] {logging_mixin.py:190} INFO - [2024-10-18T23:45:49.655+0000] {dagbag.py:588} INFO - Filling up the DagBag from /home/airflow/.local/lib/python3.12/site-packages/airflow/example_dags/example_display_name.py
[2024-10-18T23:45:49.662+0000] {processor.py:925} INFO - DAG(s) 'example_display_name' retrieved from /home/airflow/.local/lib/python3.12/site-packages/airflow/example_dags/example_display_name.py
[2024-10-18T23:45:49.681+0000] {logging_mixin.py:190} INFO - [2024-10-18T23:45:49.681+0000] {dag.py:3239} INFO - Sync 1 DAGs
[2024-10-18T23:45:49.694+0000] {logging_mixin.py:190} INFO - [2024-10-18T23:45:49.694+0000] {dag.py:4180} INFO - Setting next_dagrun for example_display_name to None, run_after=None
[2024-10-18T23:45:49.713+0000] {processor.py:208} INFO - Processing /home/airflow/.local/lib/python3.12/site-packages/airflow/example_dags/example_display_name.py took 0.066 seconds
[2024-10-18T23:46:20.366+0000] {processor.py:186} INFO - Started process (PID=1694) to work on /home/airflow/.local/lib/python3.12/site-packages/airflow/example_dags/example_display_name.py
[2024-10-18T23:46:20.367+0000] {processor.py:914} INFO - Processing file /home/airflow/.local/lib/python3.12/site-packages/airflow/example_dags/example_display_name.py for tasks to queue
[2024-10-18T23:46:20.370+0000] {logging_mixin.py:190} INFO - [2024-10-18T23:46:20.369+0000] {dagbag.py:588} INFO - Filling up the DagBag from /home/airflow/.local/lib/python3.12/site-packages/airflow/example_dags/example_display_name.py
[2024-10-18T23:46:20.377+0000] {processor.py:925} INFO - DAG(s) 'example_display_name' retrieved from /home/airflow/.local/lib/python3.12/site-packages/airflow/example_dags/example_display_name.py
[2024-10-18T23:46:20.397+0000] {logging_mixin.py:190} INFO - [2024-10-18T23:46:20.397+0000] {dag.py:3239} INFO - Sync 1 DAGs
[2024-10-18T23:46:20.410+0000] {logging_mixin.py:190} INFO - [2024-10-18T23:46:20.409+0000] {dag.py:4180} INFO - Setting next_dagrun for example_display_name to None, run_after=None
[2024-10-18T23:46:20.430+0000] {processor.py:208} INFO - Processing /home/airflow/.local/lib/python3.12/site-packages/airflow/example_dags/example_display_name.py took 0.069 seconds
[2024-10-18T23:46:53.708+0000] {processor.py:186} INFO - Started process (PID=1756) to work on /home/airflow/.local/lib/python3.12/site-packages/airflow/example_dags/example_display_name.py
[2024-10-18T23:46:53.710+0000] {processor.py:914} INFO - Processing file /home/airflow/.local/lib/python3.12/site-packages/airflow/example_dags/example_display_name.py for tasks to queue
[2024-10-18T23:46:53.713+0000] {logging_mixin.py:190} INFO - [2024-10-18T23:46:53.712+0000] {dagbag.py:588} INFO - Filling up the DagBag from /home/airflow/.local/lib/python3.12/site-packages/airflow/example_dags/example_display_name.py
[2024-10-18T23:46:53.719+0000] {processor.py:925} INFO - DAG(s) 'example_display_name' retrieved from /home/airflow/.local/lib/python3.12/site-packages/airflow/example_dags/example_display_name.py
[2024-10-18T23:46:53.738+0000] {logging_mixin.py:190} INFO - [2024-10-18T23:46:53.738+0000] {dag.py:3239} INFO - Sync 1 DAGs
[2024-10-18T23:46:53.752+0000] {logging_mixin.py:190} INFO - [2024-10-18T23:46:53.752+0000] {dag.py:4180} INFO - Setting next_dagrun for example_display_name to None, run_after=None
[2024-10-18T23:46:53.773+0000] {processor.py:208} INFO - Processing /home/airflow/.local/lib/python3.12/site-packages/airflow/example_dags/example_display_name.py took 0.070 seconds
[2024-10-18T23:47:24.589+0000] {processor.py:186} INFO - Started process (PID=1818) to work on /home/airflow/.local/lib/python3.12/site-packages/airflow/example_dags/example_display_name.py
[2024-10-18T23:47:24.592+0000] {processor.py:914} INFO - Processing file /home/airflow/.local/lib/python3.12/site-packages/airflow/example_dags/example_display_name.py for tasks to queue
[2024-10-18T23:47:24.595+0000] {logging_mixin.py:190} INFO - [2024-10-18T23:47:24.595+0000] {dagbag.py:588} INFO - Filling up the DagBag from /home/airflow/.local/lib/python3.12/site-packages/airflow/example_dags/example_display_name.py
[2024-10-18T23:47:24.604+0000] {processor.py:925} INFO - DAG(s) 'example_display_name' retrieved from /home/airflow/.local/lib/python3.12/site-packages/airflow/example_dags/example_display_name.py
[2024-10-18T23:47:24.625+0000] {logging_mixin.py:190} INFO - [2024-10-18T23:47:24.625+0000] {dag.py:3239} INFO - Sync 1 DAGs
[2024-10-18T23:47:24.639+0000] {logging_mixin.py:190} INFO - [2024-10-18T23:47:24.639+0000] {dag.py:4180} INFO - Setting next_dagrun for example_display_name to None, run_after=None
[2024-10-18T23:47:24.660+0000] {processor.py:208} INFO - Processing /home/airflow/.local/lib/python3.12/site-packages/airflow/example_dags/example_display_name.py took 0.078 seconds
[2024-10-18T23:47:56.994+0000] {processor.py:186} INFO - Started process (PID=1879) to work on /home/airflow/.local/lib/python3.12/site-packages/airflow/example_dags/example_display_name.py
[2024-10-18T23:47:56.997+0000] {processor.py:914} INFO - Processing file /home/airflow/.local/lib/python3.12/site-packages/airflow/example_dags/example_display_name.py for tasks to queue
[2024-10-18T23:47:57.000+0000] {logging_mixin.py:190} INFO - [2024-10-18T23:47:57.000+0000] {dagbag.py:588} INFO - Filling up the DagBag from /home/airflow/.local/lib/python3.12/site-packages/airflow/example_dags/example_display_name.py
[2024-10-18T23:47:57.014+0000] {processor.py:925} INFO - DAG(s) 'example_display_name' retrieved from /home/airflow/.local/lib/python3.12/site-packages/airflow/example_dags/example_display_name.py
[2024-10-18T23:47:57.041+0000] {logging_mixin.py:190} INFO - [2024-10-18T23:47:57.041+0000] {dag.py:3239} INFO - Sync 1 DAGs
[2024-10-18T23:47:57.062+0000] {logging_mixin.py:190} INFO - [2024-10-18T23:47:57.061+0000] {dag.py:4180} INFO - Setting next_dagrun for example_display_name to None, run_after=None
[2024-10-18T23:47:57.097+0000] {processor.py:208} INFO - Processing /home/airflow/.local/lib/python3.12/site-packages/airflow/example_dags/example_display_name.py took 0.113 seconds
[2024-10-18T23:48:33.829+0000] {processor.py:186} INFO - Started process (PID=1948) to work on /home/airflow/.local/lib/python3.12/site-packages/airflow/example_dags/example_display_name.py
[2024-10-18T23:48:33.831+0000] {processor.py:914} INFO - Processing file /home/airflow/.local/lib/python3.12/site-packages/airflow/example_dags/example_display_name.py for tasks to queue
[2024-10-18T23:48:33.835+0000] {logging_mixin.py:190} INFO - [2024-10-18T23:48:33.834+0000] {dagbag.py:588} INFO - Filling up the DagBag from /home/airflow/.local/lib/python3.12/site-packages/airflow/example_dags/example_display_name.py
[2024-10-18T23:48:33.845+0000] {processor.py:925} INFO - DAG(s) 'example_display_name' retrieved from /home/airflow/.local/lib/python3.12/site-packages/airflow/example_dags/example_display_name.py
[2024-10-18T23:48:33.874+0000] {logging_mixin.py:190} INFO - [2024-10-18T23:48:33.874+0000] {dag.py:3239} INFO - Sync 1 DAGs
[2024-10-18T23:48:33.898+0000] {logging_mixin.py:190} INFO - [2024-10-18T23:48:33.898+0000] {dag.py:4180} INFO - Setting next_dagrun for example_display_name to None, run_after=None
[2024-10-18T23:48:33.933+0000] {processor.py:208} INFO - Processing /home/airflow/.local/lib/python3.12/site-packages/airflow/example_dags/example_display_name.py took 0.111 seconds
[2024-10-18T23:49:05.481+0000] {processor.py:186} INFO - Started process (PID=2010) to work on /home/airflow/.local/lib/python3.12/site-packages/airflow/example_dags/example_display_name.py
[2024-10-18T23:49:05.483+0000] {processor.py:914} INFO - Processing file /home/airflow/.local/lib/python3.12/site-packages/airflow/example_dags/example_display_name.py for tasks to queue
[2024-10-18T23:49:05.486+0000] {logging_mixin.py:190} INFO - [2024-10-18T23:49:05.486+0000] {dagbag.py:588} INFO - Filling up the DagBag from /home/airflow/.local/lib/python3.12/site-packages/airflow/example_dags/example_display_name.py
[2024-10-18T23:49:05.497+0000] {processor.py:925} INFO - DAG(s) 'example_display_name' retrieved from /home/airflow/.local/lib/python3.12/site-packages/airflow/example_dags/example_display_name.py
[2024-10-18T23:49:05.525+0000] {logging_mixin.py:190} INFO - [2024-10-18T23:49:05.525+0000] {dag.py:3239} INFO - Sync 1 DAGs
[2024-10-18T23:49:05.546+0000] {logging_mixin.py:190} INFO - [2024-10-18T23:49:05.546+0000] {dag.py:4180} INFO - Setting next_dagrun for example_display_name to None, run_after=None
[2024-10-18T23:49:05.574+0000] {processor.py:208} INFO - Processing /home/airflow/.local/lib/python3.12/site-packages/airflow/example_dags/example_display_name.py took 0.101 seconds
[2024-10-18T23:49:35.770+0000] {processor.py:186} INFO - Started process (PID=2071) to work on /home/airflow/.local/lib/python3.12/site-packages/airflow/example_dags/example_display_name.py
[2024-10-18T23:49:35.772+0000] {processor.py:914} INFO - Processing file /home/airflow/.local/lib/python3.12/site-packages/airflow/example_dags/example_display_name.py for tasks to queue
[2024-10-18T23:49:35.775+0000] {logging_mixin.py:190} INFO - [2024-10-18T23:49:35.774+0000] {dagbag.py:588} INFO - Filling up the DagBag from /home/airflow/.local/lib/python3.12/site-packages/airflow/example_dags/example_display_name.py
[2024-10-18T23:49:35.782+0000] {processor.py:925} INFO - DAG(s) 'example_display_name' retrieved from /home/airflow/.local/lib/python3.12/site-packages/airflow/example_dags/example_display_name.py
[2024-10-18T23:49:35.803+0000] {logging_mixin.py:190} INFO - [2024-10-18T23:49:35.803+0000] {dag.py:3239} INFO - Sync 1 DAGs
[2024-10-18T23:49:35.819+0000] {logging_mixin.py:190} INFO - [2024-10-18T23:49:35.819+0000] {dag.py:4180} INFO - Setting next_dagrun for example_display_name to None, run_after=None
[2024-10-18T23:49:35.838+0000] {processor.py:208} INFO - Processing /home/airflow/.local/lib/python3.12/site-packages/airflow/example_dags/example_display_name.py took 0.075 seconds
[2024-10-18T23:50:06.065+0000] {processor.py:186} INFO - Started process (PID=2133) to work on /home/airflow/.local/lib/python3.12/site-packages/airflow/example_dags/example_display_name.py
[2024-10-18T23:50:06.066+0000] {processor.py:914} INFO - Processing file /home/airflow/.local/lib/python3.12/site-packages/airflow/example_dags/example_display_name.py for tasks to queue
[2024-10-18T23:50:06.069+0000] {logging_mixin.py:190} INFO - [2024-10-18T23:50:06.068+0000] {dagbag.py:588} INFO - Filling up the DagBag from /home/airflow/.local/lib/python3.12/site-packages/airflow/example_dags/example_display_name.py
[2024-10-18T23:50:06.076+0000] {processor.py:925} INFO - DAG(s) 'example_display_name' retrieved from /home/airflow/.local/lib/python3.12/site-packages/airflow/example_dags/example_display_name.py
[2024-10-18T23:50:06.095+0000] {logging_mixin.py:190} INFO - [2024-10-18T23:50:06.095+0000] {dag.py:3239} INFO - Sync 1 DAGs
[2024-10-18T23:50:06.111+0000] {logging_mixin.py:190} INFO - [2024-10-18T23:50:06.111+0000] {dag.py:4180} INFO - Setting next_dagrun for example_display_name to None, run_after=None
[2024-10-18T23:50:06.131+0000] {processor.py:208} INFO - Processing /home/airflow/.local/lib/python3.12/site-packages/airflow/example_dags/example_display_name.py took 0.072 seconds
[2024-10-18T23:50:37.323+0000] {processor.py:186} INFO - Started process (PID=2195) to work on /home/airflow/.local/lib/python3.12/site-packages/airflow/example_dags/example_display_name.py
[2024-10-18T23:50:37.326+0000] {processor.py:914} INFO - Processing file /home/airflow/.local/lib/python3.12/site-packages/airflow/example_dags/example_display_name.py for tasks to queue
[2024-10-18T23:50:37.330+0000] {logging_mixin.py:190} INFO - [2024-10-18T23:50:37.330+0000] {dagbag.py:588} INFO - Filling up the DagBag from /home/airflow/.local/lib/python3.12/site-packages/airflow/example_dags/example_display_name.py
[2024-10-18T23:50:37.343+0000] {processor.py:925} INFO - DAG(s) 'example_display_name' retrieved from /home/airflow/.local/lib/python3.12/site-packages/airflow/example_dags/example_display_name.py
[2024-10-18T23:50:37.377+0000] {logging_mixin.py:190} INFO - [2024-10-18T23:50:37.377+0000] {dag.py:3239} INFO - Sync 1 DAGs
[2024-10-18T23:50:37.407+0000] {logging_mixin.py:190} INFO - [2024-10-18T23:50:37.406+0000] {dag.py:4180} INFO - Setting next_dagrun for example_display_name to None, run_after=None
[2024-10-18T23:50:37.438+0000] {processor.py:208} INFO - Processing /home/airflow/.local/lib/python3.12/site-packages/airflow/example_dags/example_display_name.py took 0.128 seconds
[2024-10-18T23:51:07.731+0000] {processor.py:186} INFO - Started process (PID=2256) to work on /home/airflow/.local/lib/python3.12/site-packages/airflow/example_dags/example_display_name.py
[2024-10-18T23:51:07.733+0000] {processor.py:914} INFO - Processing file /home/airflow/.local/lib/python3.12/site-packages/airflow/example_dags/example_display_name.py for tasks to queue
[2024-10-18T23:51:07.739+0000] {logging_mixin.py:190} INFO - [2024-10-18T23:51:07.738+0000] {dagbag.py:588} INFO - Filling up the DagBag from /home/airflow/.local/lib/python3.12/site-packages/airflow/example_dags/example_display_name.py
[2024-10-18T23:51:07.752+0000] {processor.py:925} INFO - DAG(s) 'example_display_name' retrieved from /home/airflow/.local/lib/python3.12/site-packages/airflow/example_dags/example_display_name.py
[2024-10-18T23:51:07.792+0000] {logging_mixin.py:190} INFO - [2024-10-18T23:51:07.791+0000] {dag.py:3239} INFO - Sync 1 DAGs
[2024-10-18T23:51:07.820+0000] {logging_mixin.py:190} INFO - [2024-10-18T23:51:07.819+0000] {dag.py:4180} INFO - Setting next_dagrun for example_display_name to None, run_after=None
[2024-10-18T23:51:07.857+0000] {processor.py:208} INFO - Processing /home/airflow/.local/lib/python3.12/site-packages/airflow/example_dags/example_display_name.py took 0.140 seconds
[2024-10-18T23:51:38.317+0000] {processor.py:186} INFO - Started process (PID=2319) to work on /home/airflow/.local/lib/python3.12/site-packages/airflow/example_dags/example_display_name.py
[2024-10-18T23:51:38.319+0000] {processor.py:914} INFO - Processing file /home/airflow/.local/lib/python3.12/site-packages/airflow/example_dags/example_display_name.py for tasks to queue
[2024-10-18T23:51:38.323+0000] {logging_mixin.py:190} INFO - [2024-10-18T23:51:38.322+0000] {dagbag.py:588} INFO - Filling up the DagBag from /home/airflow/.local/lib/python3.12/site-packages/airflow/example_dags/example_display_name.py
[2024-10-18T23:51:38.337+0000] {processor.py:925} INFO - DAG(s) 'example_display_name' retrieved from /home/airflow/.local/lib/python3.12/site-packages/airflow/example_dags/example_display_name.py
[2024-10-18T23:51:38.380+0000] {logging_mixin.py:190} INFO - [2024-10-18T23:51:38.378+0000] {dag.py:3239} INFO - Sync 1 DAGs
[2024-10-18T23:51:38.408+0000] {logging_mixin.py:190} INFO - [2024-10-18T23:51:38.407+0000] {dag.py:4180} INFO - Setting next_dagrun for example_display_name to None, run_after=None
[2024-10-18T23:51:38.445+0000] {processor.py:208} INFO - Processing /home/airflow/.local/lib/python3.12/site-packages/airflow/example_dags/example_display_name.py took 0.141 seconds
[2024-10-18T23:52:13.484+0000] {processor.py:186} INFO - Started process (PID=2387) to work on /home/airflow/.local/lib/python3.12/site-packages/airflow/example_dags/example_display_name.py
[2024-10-18T23:52:13.486+0000] {processor.py:914} INFO - Processing file /home/airflow/.local/lib/python3.12/site-packages/airflow/example_dags/example_display_name.py for tasks to queue
[2024-10-18T23:52:13.494+0000] {logging_mixin.py:190} INFO - [2024-10-18T23:52:13.493+0000] {dagbag.py:588} INFO - Filling up the DagBag from /home/airflow/.local/lib/python3.12/site-packages/airflow/example_dags/example_display_name.py
[2024-10-18T23:52:13.512+0000] {processor.py:925} INFO - DAG(s) 'example_display_name' retrieved from /home/airflow/.local/lib/python3.12/site-packages/airflow/example_dags/example_display_name.py
[2024-10-18T23:52:13.553+0000] {logging_mixin.py:190} INFO - [2024-10-18T23:52:13.552+0000] {dag.py:3239} INFO - Sync 1 DAGs
[2024-10-18T23:52:13.584+0000] {logging_mixin.py:190} INFO - [2024-10-18T23:52:13.583+0000] {dag.py:4180} INFO - Setting next_dagrun for example_display_name to None, run_after=None
[2024-10-18T23:52:13.621+0000] {processor.py:208} INFO - Processing /home/airflow/.local/lib/python3.12/site-packages/airflow/example_dags/example_display_name.py took 0.151 seconds
[2024-10-18T23:52:45.103+0000] {processor.py:186} INFO - Started process (PID=2452) to work on /home/airflow/.local/lib/python3.12/site-packages/airflow/example_dags/example_display_name.py
[2024-10-18T23:52:45.105+0000] {processor.py:914} INFO - Processing file /home/airflow/.local/lib/python3.12/site-packages/airflow/example_dags/example_display_name.py for tasks to queue
[2024-10-18T23:52:45.110+0000] {logging_mixin.py:190} INFO - [2024-10-18T23:52:45.110+0000] {dagbag.py:588} INFO - Filling up the DagBag from /home/airflow/.local/lib/python3.12/site-packages/airflow/example_dags/example_display_name.py
[2024-10-18T23:52:45.127+0000] {processor.py:925} INFO - DAG(s) 'example_display_name' retrieved from /home/airflow/.local/lib/python3.12/site-packages/airflow/example_dags/example_display_name.py
[2024-10-18T23:52:45.171+0000] {logging_mixin.py:190} INFO - [2024-10-18T23:52:45.169+0000] {dag.py:3239} INFO - Sync 1 DAGs
[2024-10-18T23:52:45.209+0000] {logging_mixin.py:190} INFO - [2024-10-18T23:52:45.207+0000] {dag.py:4180} INFO - Setting next_dagrun for example_display_name to None, run_after=None
[2024-10-18T23:52:45.252+0000] {processor.py:208} INFO - Processing /home/airflow/.local/lib/python3.12/site-packages/airflow/example_dags/example_display_name.py took 0.163 seconds
[2024-10-18T23:53:23.860+0000] {processor.py:186} INFO - Started process (PID=2527) to work on /home/airflow/.local/lib/python3.12/site-packages/airflow/example_dags/example_display_name.py
[2024-10-18T23:53:23.864+0000] {processor.py:914} INFO - Processing file /home/airflow/.local/lib/python3.12/site-packages/airflow/example_dags/example_display_name.py for tasks to queue
[2024-10-18T23:53:23.871+0000] {logging_mixin.py:190} INFO - [2024-10-18T23:53:23.870+0000] {dagbag.py:588} INFO - Filling up the DagBag from /home/airflow/.local/lib/python3.12/site-packages/airflow/example_dags/example_display_name.py
[2024-10-18T23:53:23.899+0000] {processor.py:925} INFO - DAG(s) 'example_display_name' retrieved from /home/airflow/.local/lib/python3.12/site-packages/airflow/example_dags/example_display_name.py
[2024-10-18T23:53:23.951+0000] {logging_mixin.py:190} INFO - [2024-10-18T23:53:23.951+0000] {dag.py:3239} INFO - Sync 1 DAGs
[2024-10-18T23:53:23.993+0000] {logging_mixin.py:190} INFO - [2024-10-18T23:53:23.992+0000] {dag.py:4180} INFO - Setting next_dagrun for example_display_name to None, run_after=None
[2024-10-18T23:53:24.049+0000] {processor.py:208} INFO - Processing /home/airflow/.local/lib/python3.12/site-packages/airflow/example_dags/example_display_name.py took 0.211 seconds
[2024-10-18T23:53:54.567+0000] {processor.py:186} INFO - Started process (PID=2588) to work on /home/airflow/.local/lib/python3.12/site-packages/airflow/example_dags/example_display_name.py
[2024-10-18T23:53:54.568+0000] {processor.py:914} INFO - Processing file /home/airflow/.local/lib/python3.12/site-packages/airflow/example_dags/example_display_name.py for tasks to queue
[2024-10-18T23:53:54.572+0000] {logging_mixin.py:190} INFO - [2024-10-18T23:53:54.572+0000] {dagbag.py:588} INFO - Filling up the DagBag from /home/airflow/.local/lib/python3.12/site-packages/airflow/example_dags/example_display_name.py
[2024-10-18T23:53:54.585+0000] {processor.py:925} INFO - DAG(s) 'example_display_name' retrieved from /home/airflow/.local/lib/python3.12/site-packages/airflow/example_dags/example_display_name.py
[2024-10-18T23:53:54.614+0000] {logging_mixin.py:190} INFO - [2024-10-18T23:53:54.613+0000] {dag.py:3239} INFO - Sync 1 DAGs
[2024-10-18T23:53:54.637+0000] {logging_mixin.py:190} INFO - [2024-10-18T23:53:54.637+0000] {dag.py:4180} INFO - Setting next_dagrun for example_display_name to None, run_after=None
[2024-10-18T23:53:54.666+0000] {processor.py:208} INFO - Processing /home/airflow/.local/lib/python3.12/site-packages/airflow/example_dags/example_display_name.py took 0.108 seconds
[2024-10-18T23:54:25.078+0000] {processor.py:186} INFO - Started process (PID=2649) to work on /home/airflow/.local/lib/python3.12/site-packages/airflow/example_dags/example_display_name.py
[2024-10-18T23:54:25.081+0000] {processor.py:914} INFO - Processing file /home/airflow/.local/lib/python3.12/site-packages/airflow/example_dags/example_display_name.py for tasks to queue
[2024-10-18T23:54:25.087+0000] {logging_mixin.py:190} INFO - [2024-10-18T23:54:25.086+0000] {dagbag.py:588} INFO - Filling up the DagBag from /home/airflow/.local/lib/python3.12/site-packages/airflow/example_dags/example_display_name.py
[2024-10-18T23:54:25.111+0000] {processor.py:925} INFO - DAG(s) 'example_display_name' retrieved from /home/airflow/.local/lib/python3.12/site-packages/airflow/example_dags/example_display_name.py
[2024-10-18T23:54:25.167+0000] {logging_mixin.py:190} INFO - [2024-10-18T23:54:25.167+0000] {dag.py:3239} INFO - Sync 1 DAGs
[2024-10-18T23:54:25.209+0000] {logging_mixin.py:190} INFO - [2024-10-18T23:54:25.208+0000] {dag.py:4180} INFO - Setting next_dagrun for example_display_name to None, run_after=None
[2024-10-18T23:54:25.265+0000] {processor.py:208} INFO - Processing /home/airflow/.local/lib/python3.12/site-packages/airflow/example_dags/example_display_name.py took 0.203 seconds
[2024-10-18T23:54:55.418+0000] {processor.py:186} INFO - Started process (PID=2712) to work on /home/airflow/.local/lib/python3.12/site-packages/airflow/example_dags/example_display_name.py
[2024-10-18T23:54:55.421+0000] {processor.py:914} INFO - Processing file /home/airflow/.local/lib/python3.12/site-packages/airflow/example_dags/example_display_name.py for tasks to queue
[2024-10-18T23:54:55.425+0000] {logging_mixin.py:190} INFO - [2024-10-18T23:54:55.424+0000] {dagbag.py:588} INFO - Filling up the DagBag from /home/airflow/.local/lib/python3.12/site-packages/airflow/example_dags/example_display_name.py
[2024-10-18T23:54:55.444+0000] {processor.py:925} INFO - DAG(s) 'example_display_name' retrieved from /home/airflow/.local/lib/python3.12/site-packages/airflow/example_dags/example_display_name.py
[2024-10-18T23:54:55.550+0000] {logging_mixin.py:190} INFO - [2024-10-18T23:54:55.550+0000] {dag.py:3239} INFO - Sync 1 DAGs
[2024-10-18T23:54:55.633+0000] {logging_mixin.py:190} INFO - [2024-10-18T23:54:55.632+0000] {dag.py:4180} INFO - Setting next_dagrun for example_display_name to None, run_after=None
[2024-10-18T23:54:55.773+0000] {processor.py:208} INFO - Processing /home/airflow/.local/lib/python3.12/site-packages/airflow/example_dags/example_display_name.py took 0.367 seconds
[2024-10-18T23:56:58.423+0000] {processor.py:186} INFO - Started process (PID=2804) to work on /home/airflow/.local/lib/python3.12/site-packages/airflow/example_dags/example_display_name.py
[2024-10-18T23:56:58.426+0000] {processor.py:914} INFO - Processing file /home/airflow/.local/lib/python3.12/site-packages/airflow/example_dags/example_display_name.py for tasks to queue
[2024-10-18T23:56:58.431+0000] {logging_mixin.py:190} INFO - [2024-10-18T23:56:58.430+0000] {dagbag.py:588} INFO - Filling up the DagBag from /home/airflow/.local/lib/python3.12/site-packages/airflow/example_dags/example_display_name.py
[2024-10-18T23:56:58.450+0000] {processor.py:925} INFO - DAG(s) 'example_display_name' retrieved from /home/airflow/.local/lib/python3.12/site-packages/airflow/example_dags/example_display_name.py
[2024-10-18T23:56:58.493+0000] {logging_mixin.py:190} INFO - [2024-10-18T23:56:58.493+0000] {dag.py:3239} INFO - Sync 1 DAGs
[2024-10-18T23:56:58.523+0000] {logging_mixin.py:190} INFO - [2024-10-18T23:56:58.522+0000] {dag.py:4180} INFO - Setting next_dagrun for example_display_name to None, run_after=None
[2024-10-18T23:56:58.563+0000] {processor.py:208} INFO - Processing /home/airflow/.local/lib/python3.12/site-packages/airflow/example_dags/example_display_name.py took 0.151 seconds
[2024-10-18T23:57:30.050+0000] {processor.py:186} INFO - Started process (PID=2867) to work on /home/airflow/.local/lib/python3.12/site-packages/airflow/example_dags/example_display_name.py
[2024-10-18T23:57:30.052+0000] {processor.py:914} INFO - Processing file /home/airflow/.local/lib/python3.12/site-packages/airflow/example_dags/example_display_name.py for tasks to queue
[2024-10-18T23:57:30.056+0000] {logging_mixin.py:190} INFO - [2024-10-18T23:57:30.055+0000] {dagbag.py:588} INFO - Filling up the DagBag from /home/airflow/.local/lib/python3.12/site-packages/airflow/example_dags/example_display_name.py
[2024-10-18T23:57:30.068+0000] {processor.py:925} INFO - DAG(s) 'example_display_name' retrieved from /home/airflow/.local/lib/python3.12/site-packages/airflow/example_dags/example_display_name.py
[2024-10-18T23:57:30.098+0000] {logging_mixin.py:190} INFO - [2024-10-18T23:57:30.098+0000] {dag.py:3239} INFO - Sync 1 DAGs
[2024-10-18T23:57:30.123+0000] {logging_mixin.py:190} INFO - [2024-10-18T23:57:30.123+0000] {dag.py:4180} INFO - Setting next_dagrun for example_display_name to None, run_after=None
[2024-10-18T23:57:30.167+0000] {processor.py:208} INFO - Processing /home/airflow/.local/lib/python3.12/site-packages/airflow/example_dags/example_display_name.py took 0.125 seconds
[2024-10-18T23:58:01.303+0000] {processor.py:186} INFO - Started process (PID=2929) to work on /home/airflow/.local/lib/python3.12/site-packages/airflow/example_dags/example_display_name.py
[2024-10-18T23:58:01.305+0000] {processor.py:914} INFO - Processing file /home/airflow/.local/lib/python3.12/site-packages/airflow/example_dags/example_display_name.py for tasks to queue
[2024-10-18T23:58:01.309+0000] {logging_mixin.py:190} INFO - [2024-10-18T23:58:01.308+0000] {dagbag.py:588} INFO - Filling up the DagBag from /home/airflow/.local/lib/python3.12/site-packages/airflow/example_dags/example_display_name.py
[2024-10-18T23:58:01.324+0000] {processor.py:925} INFO - DAG(s) 'example_display_name' retrieved from /home/airflow/.local/lib/python3.12/site-packages/airflow/example_dags/example_display_name.py
[2024-10-18T23:58:01.363+0000] {logging_mixin.py:190} INFO - [2024-10-18T23:58:01.363+0000] {dag.py:3239} INFO - Sync 1 DAGs
[2024-10-18T23:58:01.633+0000] {logging_mixin.py:190} INFO - [2024-10-18T23:58:01.633+0000] {dag.py:4180} INFO - Setting next_dagrun for example_display_name to None, run_after=None
[2024-10-18T23:58:01.663+0000] {processor.py:208} INFO - Processing /home/airflow/.local/lib/python3.12/site-packages/airflow/example_dags/example_display_name.py took 0.370 seconds
[2024-10-18T23:58:31.932+0000] {processor.py:186} INFO - Started process (PID=2991) to work on /home/airflow/.local/lib/python3.12/site-packages/airflow/example_dags/example_display_name.py
[2024-10-18T23:58:31.933+0000] {processor.py:914} INFO - Processing file /home/airflow/.local/lib/python3.12/site-packages/airflow/example_dags/example_display_name.py for tasks to queue
[2024-10-18T23:58:31.936+0000] {logging_mixin.py:190} INFO - [2024-10-18T23:58:31.936+0000] {dagbag.py:588} INFO - Filling up the DagBag from /home/airflow/.local/lib/python3.12/site-packages/airflow/example_dags/example_display_name.py
[2024-10-18T23:58:31.947+0000] {processor.py:925} INFO - DAG(s) 'example_display_name' retrieved from /home/airflow/.local/lib/python3.12/site-packages/airflow/example_dags/example_display_name.py
[2024-10-18T23:58:31.977+0000] {logging_mixin.py:190} INFO - [2024-10-18T23:58:31.977+0000] {dag.py:3239} INFO - Sync 1 DAGs
[2024-10-18T23:58:31.996+0000] {logging_mixin.py:190} INFO - [2024-10-18T23:58:31.996+0000] {dag.py:4180} INFO - Setting next_dagrun for example_display_name to None, run_after=None
[2024-10-18T23:58:32.020+0000] {processor.py:208} INFO - Processing /home/airflow/.local/lib/python3.12/site-packages/airflow/example_dags/example_display_name.py took 0.096 seconds
[2024-10-18T23:59:02.678+0000] {processor.py:186} INFO - Started process (PID=3053) to work on /home/airflow/.local/lib/python3.12/site-packages/airflow/example_dags/example_display_name.py
[2024-10-18T23:59:02.680+0000] {processor.py:914} INFO - Processing file /home/airflow/.local/lib/python3.12/site-packages/airflow/example_dags/example_display_name.py for tasks to queue
[2024-10-18T23:59:02.686+0000] {logging_mixin.py:190} INFO - [2024-10-18T23:59:02.685+0000] {dagbag.py:588} INFO - Filling up the DagBag from /home/airflow/.local/lib/python3.12/site-packages/airflow/example_dags/example_display_name.py
[2024-10-18T23:59:02.704+0000] {processor.py:925} INFO - DAG(s) 'example_display_name' retrieved from /home/airflow/.local/lib/python3.12/site-packages/airflow/example_dags/example_display_name.py
[2024-10-18T23:59:02.758+0000] {logging_mixin.py:190} INFO - [2024-10-18T23:59:02.758+0000] {dag.py:3239} INFO - Sync 1 DAGs
[2024-10-18T23:59:02.788+0000] {logging_mixin.py:190} INFO - [2024-10-18T23:59:02.787+0000] {dag.py:4180} INFO - Setting next_dagrun for example_display_name to None, run_after=None
[2024-10-18T23:59:02.826+0000] {processor.py:208} INFO - Processing /home/airflow/.local/lib/python3.12/site-packages/airflow/example_dags/example_display_name.py took 0.160 seconds
[2024-10-18T23:59:33.492+0000] {processor.py:186} INFO - Started process (PID=3114) to work on /home/airflow/.local/lib/python3.12/site-packages/airflow/example_dags/example_display_name.py
[2024-10-18T23:59:33.493+0000] {processor.py:914} INFO - Processing file /home/airflow/.local/lib/python3.12/site-packages/airflow/example_dags/example_display_name.py for tasks to queue
[2024-10-18T23:59:33.496+0000] {logging_mixin.py:190} INFO - [2024-10-18T23:59:33.495+0000] {dagbag.py:588} INFO - Filling up the DagBag from /home/airflow/.local/lib/python3.12/site-packages/airflow/example_dags/example_display_name.py
[2024-10-18T23:59:33.503+0000] {processor.py:925} INFO - DAG(s) 'example_display_name' retrieved from /home/airflow/.local/lib/python3.12/site-packages/airflow/example_dags/example_display_name.py
[2024-10-18T23:59:33.521+0000] {logging_mixin.py:190} INFO - [2024-10-18T23:59:33.521+0000] {dag.py:3239} INFO - Sync 1 DAGs
[2024-10-18T23:59:33.534+0000] {logging_mixin.py:190} INFO - [2024-10-18T23:59:33.534+0000] {dag.py:4180} INFO - Setting next_dagrun for example_display_name to None, run_after=None
[2024-10-18T23:59:33.554+0000] {processor.py:208} INFO - Processing /home/airflow/.local/lib/python3.12/site-packages/airflow/example_dags/example_display_name.py took 0.067 seconds
