[2024-10-18T23:33:07.379+0000] {processor.py:186} INFO - Started process (PID=103) to work on /home/airflow/.local/lib/python3.12/site-packages/airflow/example_dags/example_skip_dag.py
[2024-10-18T23:33:07.380+0000] {processor.py:914} INFO - Processing file /home/airflow/.local/lib/python3.12/site-packages/airflow/example_dags/example_skip_dag.py for tasks to queue
[2024-10-18T23:33:07.384+0000] {logging_mixin.py:190} INFO - [2024-10-18T23:33:07.383+0000] {dagbag.py:588} INFO - Filling up the DagBag from /home/airflow/.local/lib/python3.12/site-packages/airflow/example_dags/example_skip_dag.py
[2024-10-18T23:33:07.400+0000] {processor.py:925} INFO - DAG(s) 'example_skip_dag' retrieved from /home/airflow/.local/lib/python3.12/site-packages/airflow/example_dags/example_skip_dag.py
[2024-10-18T23:33:07.555+0000] {logging_mixin.py:190} INFO - [2024-10-18T23:33:07.554+0000] {override.py:1900} INFO - Created Permission View: can read on DAG:example_skip_dag
[2024-10-18T23:33:07.570+0000] {logging_mixin.py:190} INFO - [2024-10-18T23:33:07.570+0000] {override.py:1900} INFO - Created Permission View: can edit on DAG:example_skip_dag
[2024-10-18T23:33:07.580+0000] {logging_mixin.py:190} INFO - [2024-10-18T23:33:07.579+0000] {override.py:1900} INFO - Created Permission View: can delete on DAG:example_skip_dag
[2024-10-18T23:33:07.591+0000] {logging_mixin.py:190} INFO - [2024-10-18T23:33:07.590+0000] {override.py:1900} INFO - Created Permission View: can read on DAG Run:example_skip_dag
[2024-10-18T23:33:07.600+0000] {logging_mixin.py:190} INFO - [2024-10-18T23:33:07.600+0000] {override.py:1900} INFO - Created Permission View: can create on DAG Run:example_skip_dag
[2024-10-18T23:33:07.610+0000] {logging_mixin.py:190} INFO - [2024-10-18T23:33:07.609+0000] {override.py:1900} INFO - Created Permission View: menu access on DAG Run:example_skip_dag
[2024-10-18T23:33:07.619+0000] {logging_mixin.py:190} INFO - [2024-10-18T23:33:07.619+0000] {override.py:1900} INFO - Created Permission View: can delete on DAG Run:example_skip_dag
[2024-10-18T23:33:07.620+0000] {logging_mixin.py:190} INFO - [2024-10-18T23:33:07.620+0000] {dag.py:3239} INFO - Sync 1 DAGs
[2024-10-18T23:33:07.640+0000] {logging_mixin.py:190} INFO - [2024-10-18T23:33:07.639+0000] {dag.py:3262} INFO - Creating ORM DAG for example_skip_dag
[2024-10-18T23:33:07.653+0000] {logging_mixin.py:190} INFO - [2024-10-18T23:33:07.653+0000] {dag.py:4180} INFO - Setting next_dagrun for example_skip_dag to 2024-10-17 00:00:00+00:00, run_after=2024-10-18 00:00:00+00:00
[2024-10-18T23:33:07.676+0000] {processor.py:208} INFO - Processing /home/airflow/.local/lib/python3.12/site-packages/airflow/example_dags/example_skip_dag.py took 0.304 seconds
[2024-10-18T23:33:37.807+0000] {processor.py:186} INFO - Started process (PID=165) to work on /home/airflow/.local/lib/python3.12/site-packages/airflow/example_dags/example_skip_dag.py
[2024-10-18T23:33:37.809+0000] {processor.py:914} INFO - Processing file /home/airflow/.local/lib/python3.12/site-packages/airflow/example_dags/example_skip_dag.py for tasks to queue
[2024-10-18T23:33:37.813+0000] {logging_mixin.py:190} INFO - [2024-10-18T23:33:37.812+0000] {dagbag.py:588} INFO - Filling up the DagBag from /home/airflow/.local/lib/python3.12/site-packages/airflow/example_dags/example_skip_dag.py
[2024-10-18T23:33:37.823+0000] {processor.py:925} INFO - DAG(s) 'example_skip_dag' retrieved from /home/airflow/.local/lib/python3.12/site-packages/airflow/example_dags/example_skip_dag.py
[2024-10-18T23:33:37.853+0000] {logging_mixin.py:190} INFO - [2024-10-18T23:33:37.852+0000] {dag.py:3239} INFO - Sync 1 DAGs
[2024-10-18T23:33:37.882+0000] {logging_mixin.py:190} INFO - [2024-10-18T23:33:37.882+0000] {dag.py:4180} INFO - Setting next_dagrun for example_skip_dag to 2024-10-17 00:00:00+00:00, run_after=2024-10-18 00:00:00+00:00
[2024-10-18T23:33:37.907+0000] {processor.py:208} INFO - Processing /home/airflow/.local/lib/python3.12/site-packages/airflow/example_dags/example_skip_dag.py took 0.109 seconds
[2024-10-18T23:34:08.372+0000] {processor.py:186} INFO - Started process (PID=227) to work on /home/airflow/.local/lib/python3.12/site-packages/airflow/example_dags/example_skip_dag.py
[2024-10-18T23:34:08.374+0000] {processor.py:914} INFO - Processing file /home/airflow/.local/lib/python3.12/site-packages/airflow/example_dags/example_skip_dag.py for tasks to queue
[2024-10-18T23:34:08.378+0000] {logging_mixin.py:190} INFO - [2024-10-18T23:34:08.377+0000] {dagbag.py:588} INFO - Filling up the DagBag from /home/airflow/.local/lib/python3.12/site-packages/airflow/example_dags/example_skip_dag.py
[2024-10-18T23:34:08.387+0000] {processor.py:925} INFO - DAG(s) 'example_skip_dag' retrieved from /home/airflow/.local/lib/python3.12/site-packages/airflow/example_dags/example_skip_dag.py
[2024-10-18T23:34:08.414+0000] {logging_mixin.py:190} INFO - [2024-10-18T23:34:08.414+0000] {dag.py:3239} INFO - Sync 1 DAGs
[2024-10-18T23:34:08.444+0000] {logging_mixin.py:190} INFO - [2024-10-18T23:34:08.444+0000] {dag.py:4180} INFO - Setting next_dagrun for example_skip_dag to 2024-10-17 00:00:00+00:00, run_after=2024-10-18 00:00:00+00:00
[2024-10-18T23:34:08.468+0000] {processor.py:208} INFO - Processing /home/airflow/.local/lib/python3.12/site-packages/airflow/example_dags/example_skip_dag.py took 0.105 seconds
[2024-10-18T23:34:39.338+0000] {processor.py:186} INFO - Started process (PID=289) to work on /home/airflow/.local/lib/python3.12/site-packages/airflow/example_dags/example_skip_dag.py
[2024-10-18T23:34:39.339+0000] {processor.py:914} INFO - Processing file /home/airflow/.local/lib/python3.12/site-packages/airflow/example_dags/example_skip_dag.py for tasks to queue
[2024-10-18T23:34:39.343+0000] {logging_mixin.py:190} INFO - [2024-10-18T23:34:39.343+0000] {dagbag.py:588} INFO - Filling up the DagBag from /home/airflow/.local/lib/python3.12/site-packages/airflow/example_dags/example_skip_dag.py
[2024-10-18T23:34:39.353+0000] {processor.py:925} INFO - DAG(s) 'example_skip_dag' retrieved from /home/airflow/.local/lib/python3.12/site-packages/airflow/example_dags/example_skip_dag.py
[2024-10-18T23:34:39.387+0000] {logging_mixin.py:190} INFO - [2024-10-18T23:34:39.387+0000] {dag.py:3239} INFO - Sync 1 DAGs
[2024-10-18T23:34:39.418+0000] {logging_mixin.py:190} INFO - [2024-10-18T23:34:39.417+0000] {dag.py:4180} INFO - Setting next_dagrun for example_skip_dag to 2024-10-17 00:00:00+00:00, run_after=2024-10-18 00:00:00+00:00
[2024-10-18T23:34:39.568+0000] {processor.py:208} INFO - Processing /home/airflow/.local/lib/python3.12/site-packages/airflow/example_dags/example_skip_dag.py took 0.244 seconds
[2024-10-18T23:35:10.509+0000] {processor.py:186} INFO - Started process (PID=351) to work on /home/airflow/.local/lib/python3.12/site-packages/airflow/example_dags/example_skip_dag.py
[2024-10-18T23:35:10.510+0000] {processor.py:914} INFO - Processing file /home/airflow/.local/lib/python3.12/site-packages/airflow/example_dags/example_skip_dag.py for tasks to queue
[2024-10-18T23:35:10.513+0000] {logging_mixin.py:190} INFO - [2024-10-18T23:35:10.512+0000] {dagbag.py:588} INFO - Filling up the DagBag from /home/airflow/.local/lib/python3.12/site-packages/airflow/example_dags/example_skip_dag.py
[2024-10-18T23:35:10.519+0000] {processor.py:925} INFO - DAG(s) 'example_skip_dag' retrieved from /home/airflow/.local/lib/python3.12/site-packages/airflow/example_dags/example_skip_dag.py
[2024-10-18T23:35:10.539+0000] {logging_mixin.py:190} INFO - [2024-10-18T23:35:10.539+0000] {dag.py:3239} INFO - Sync 1 DAGs
[2024-10-18T23:35:10.563+0000] {logging_mixin.py:190} INFO - [2024-10-18T23:35:10.563+0000] {dag.py:4180} INFO - Setting next_dagrun for example_skip_dag to 2024-10-17 00:00:00+00:00, run_after=2024-10-18 00:00:00+00:00
[2024-10-18T23:35:10.585+0000] {processor.py:208} INFO - Processing /home/airflow/.local/lib/python3.12/site-packages/airflow/example_dags/example_skip_dag.py took 0.081 seconds
[2024-10-18T23:35:40.986+0000] {processor.py:186} INFO - Started process (PID=413) to work on /home/airflow/.local/lib/python3.12/site-packages/airflow/example_dags/example_skip_dag.py
[2024-10-18T23:35:40.988+0000] {processor.py:914} INFO - Processing file /home/airflow/.local/lib/python3.12/site-packages/airflow/example_dags/example_skip_dag.py for tasks to queue
[2024-10-18T23:35:40.990+0000] {logging_mixin.py:190} INFO - [2024-10-18T23:35:40.990+0000] {dagbag.py:588} INFO - Filling up the DagBag from /home/airflow/.local/lib/python3.12/site-packages/airflow/example_dags/example_skip_dag.py
[2024-10-18T23:35:40.998+0000] {processor.py:925} INFO - DAG(s) 'example_skip_dag' retrieved from /home/airflow/.local/lib/python3.12/site-packages/airflow/example_dags/example_skip_dag.py
[2024-10-18T23:35:41.017+0000] {logging_mixin.py:190} INFO - [2024-10-18T23:35:41.017+0000] {dag.py:3239} INFO - Sync 1 DAGs
[2024-10-18T23:35:41.040+0000] {logging_mixin.py:190} INFO - [2024-10-18T23:35:41.040+0000] {dag.py:4180} INFO - Setting next_dagrun for example_skip_dag to 2024-10-17 00:00:00+00:00, run_after=2024-10-18 00:00:00+00:00
[2024-10-18T23:35:41.059+0000] {processor.py:208} INFO - Processing /home/airflow/.local/lib/python3.12/site-packages/airflow/example_dags/example_skip_dag.py took 0.079 seconds
[2024-10-18T23:36:15.783+0000] {processor.py:186} INFO - Started process (PID=475) to work on /home/airflow/.local/lib/python3.12/site-packages/airflow/example_dags/example_skip_dag.py
[2024-10-18T23:36:15.785+0000] {processor.py:914} INFO - Processing file /home/airflow/.local/lib/python3.12/site-packages/airflow/example_dags/example_skip_dag.py for tasks to queue
[2024-10-18T23:36:15.788+0000] {logging_mixin.py:190} INFO - [2024-10-18T23:36:15.788+0000] {dagbag.py:588} INFO - Filling up the DagBag from /home/airflow/.local/lib/python3.12/site-packages/airflow/example_dags/example_skip_dag.py
[2024-10-18T23:36:15.797+0000] {processor.py:925} INFO - DAG(s) 'example_skip_dag' retrieved from /home/airflow/.local/lib/python3.12/site-packages/airflow/example_dags/example_skip_dag.py
[2024-10-18T23:36:15.821+0000] {logging_mixin.py:190} INFO - [2024-10-18T23:36:15.820+0000] {dag.py:3239} INFO - Sync 1 DAGs
[2024-10-18T23:36:15.852+0000] {logging_mixin.py:190} INFO - [2024-10-18T23:36:15.851+0000] {dag.py:4180} INFO - Setting next_dagrun for example_skip_dag to 2024-10-17 00:00:00+00:00, run_after=2024-10-18 00:00:00+00:00
[2024-10-18T23:36:15.873+0000] {processor.py:208} INFO - Processing /home/airflow/.local/lib/python3.12/site-packages/airflow/example_dags/example_skip_dag.py took 0.096 seconds
[2024-10-18T23:36:46.805+0000] {processor.py:186} INFO - Started process (PID=537) to work on /home/airflow/.local/lib/python3.12/site-packages/airflow/example_dags/example_skip_dag.py
[2024-10-18T23:36:46.807+0000] {processor.py:914} INFO - Processing file /home/airflow/.local/lib/python3.12/site-packages/airflow/example_dags/example_skip_dag.py for tasks to queue
[2024-10-18T23:36:46.810+0000] {logging_mixin.py:190} INFO - [2024-10-18T23:36:46.810+0000] {dagbag.py:588} INFO - Filling up the DagBag from /home/airflow/.local/lib/python3.12/site-packages/airflow/example_dags/example_skip_dag.py
[2024-10-18T23:36:46.821+0000] {processor.py:925} INFO - DAG(s) 'example_skip_dag' retrieved from /home/airflow/.local/lib/python3.12/site-packages/airflow/example_dags/example_skip_dag.py
[2024-10-18T23:36:46.852+0000] {logging_mixin.py:190} INFO - [2024-10-18T23:36:46.852+0000] {dag.py:3239} INFO - Sync 1 DAGs
[2024-10-18T23:36:46.886+0000] {logging_mixin.py:190} INFO - [2024-10-18T23:36:46.886+0000] {dag.py:4180} INFO - Setting next_dagrun for example_skip_dag to 2024-10-17 00:00:00+00:00, run_after=2024-10-18 00:00:00+00:00
[2024-10-18T23:36:46.916+0000] {processor.py:208} INFO - Processing /home/airflow/.local/lib/python3.12/site-packages/airflow/example_dags/example_skip_dag.py took 0.119 seconds
[2024-10-18T23:37:17.662+0000] {processor.py:186} INFO - Started process (PID=599) to work on /home/airflow/.local/lib/python3.12/site-packages/airflow/example_dags/example_skip_dag.py
[2024-10-18T23:37:17.664+0000] {processor.py:914} INFO - Processing file /home/airflow/.local/lib/python3.12/site-packages/airflow/example_dags/example_skip_dag.py for tasks to queue
[2024-10-18T23:37:17.666+0000] {logging_mixin.py:190} INFO - [2024-10-18T23:37:17.666+0000] {dagbag.py:588} INFO - Filling up the DagBag from /home/airflow/.local/lib/python3.12/site-packages/airflow/example_dags/example_skip_dag.py
[2024-10-18T23:37:17.675+0000] {processor.py:925} INFO - DAG(s) 'example_skip_dag' retrieved from /home/airflow/.local/lib/python3.12/site-packages/airflow/example_dags/example_skip_dag.py
[2024-10-18T23:37:17.700+0000] {logging_mixin.py:190} INFO - [2024-10-18T23:37:17.700+0000] {dag.py:3239} INFO - Sync 1 DAGs
[2024-10-18T23:37:17.726+0000] {logging_mixin.py:190} INFO - [2024-10-18T23:37:17.725+0000] {dag.py:4180} INFO - Setting next_dagrun for example_skip_dag to 2024-10-17 00:00:00+00:00, run_after=2024-10-18 00:00:00+00:00
[2024-10-18T23:37:17.745+0000] {processor.py:208} INFO - Processing /home/airflow/.local/lib/python3.12/site-packages/airflow/example_dags/example_skip_dag.py took 0.089 seconds
[2024-10-18T23:37:48.221+0000] {processor.py:186} INFO - Started process (PID=661) to work on /home/airflow/.local/lib/python3.12/site-packages/airflow/example_dags/example_skip_dag.py
[2024-10-18T23:37:48.223+0000] {processor.py:914} INFO - Processing file /home/airflow/.local/lib/python3.12/site-packages/airflow/example_dags/example_skip_dag.py for tasks to queue
[2024-10-18T23:37:48.225+0000] {logging_mixin.py:190} INFO - [2024-10-18T23:37:48.225+0000] {dagbag.py:588} INFO - Filling up the DagBag from /home/airflow/.local/lib/python3.12/site-packages/airflow/example_dags/example_skip_dag.py
[2024-10-18T23:37:48.233+0000] {processor.py:925} INFO - DAG(s) 'example_skip_dag' retrieved from /home/airflow/.local/lib/python3.12/site-packages/airflow/example_dags/example_skip_dag.py
[2024-10-18T23:37:48.255+0000] {logging_mixin.py:190} INFO - [2024-10-18T23:37:48.255+0000] {dag.py:3239} INFO - Sync 1 DAGs
[2024-10-18T23:37:48.277+0000] {logging_mixin.py:190} INFO - [2024-10-18T23:37:48.277+0000] {dag.py:4180} INFO - Setting next_dagrun for example_skip_dag to 2024-10-17 00:00:00+00:00, run_after=2024-10-18 00:00:00+00:00
[2024-10-18T23:37:48.296+0000] {processor.py:208} INFO - Processing /home/airflow/.local/lib/python3.12/site-packages/airflow/example_dags/example_skip_dag.py took 0.080 seconds
[2024-10-18T23:38:19.001+0000] {processor.py:186} INFO - Started process (PID=723) to work on /home/airflow/.local/lib/python3.12/site-packages/airflow/example_dags/example_skip_dag.py
[2024-10-18T23:38:19.003+0000] {processor.py:914} INFO - Processing file /home/airflow/.local/lib/python3.12/site-packages/airflow/example_dags/example_skip_dag.py for tasks to queue
[2024-10-18T23:38:19.005+0000] {logging_mixin.py:190} INFO - [2024-10-18T23:38:19.005+0000] {dagbag.py:588} INFO - Filling up the DagBag from /home/airflow/.local/lib/python3.12/site-packages/airflow/example_dags/example_skip_dag.py
[2024-10-18T23:38:19.013+0000] {processor.py:925} INFO - DAG(s) 'example_skip_dag' retrieved from /home/airflow/.local/lib/python3.12/site-packages/airflow/example_dags/example_skip_dag.py
[2024-10-18T23:38:19.035+0000] {logging_mixin.py:190} INFO - [2024-10-18T23:38:19.034+0000] {dag.py:3239} INFO - Sync 1 DAGs
[2024-10-18T23:38:19.055+0000] {logging_mixin.py:190} INFO - [2024-10-18T23:38:19.055+0000] {dag.py:4180} INFO - Setting next_dagrun for example_skip_dag to 2024-10-17 00:00:00+00:00, run_after=2024-10-18 00:00:00+00:00
[2024-10-18T23:38:19.075+0000] {processor.py:208} INFO - Processing /home/airflow/.local/lib/python3.12/site-packages/airflow/example_dags/example_skip_dag.py took 0.080 seconds
[2024-10-18T23:38:49.699+0000] {processor.py:186} INFO - Started process (PID=785) to work on /home/airflow/.local/lib/python3.12/site-packages/airflow/example_dags/example_skip_dag.py
[2024-10-18T23:38:49.700+0000] {processor.py:914} INFO - Processing file /home/airflow/.local/lib/python3.12/site-packages/airflow/example_dags/example_skip_dag.py for tasks to queue
[2024-10-18T23:38:49.703+0000] {logging_mixin.py:190} INFO - [2024-10-18T23:38:49.703+0000] {dagbag.py:588} INFO - Filling up the DagBag from /home/airflow/.local/lib/python3.12/site-packages/airflow/example_dags/example_skip_dag.py
[2024-10-18T23:38:49.711+0000] {processor.py:925} INFO - DAG(s) 'example_skip_dag' retrieved from /home/airflow/.local/lib/python3.12/site-packages/airflow/example_dags/example_skip_dag.py
[2024-10-18T23:38:49.734+0000] {logging_mixin.py:190} INFO - [2024-10-18T23:38:49.733+0000] {dag.py:3239} INFO - Sync 1 DAGs
[2024-10-18T23:38:49.760+0000] {logging_mixin.py:190} INFO - [2024-10-18T23:38:49.760+0000] {dag.py:4180} INFO - Setting next_dagrun for example_skip_dag to 2024-10-17 00:00:00+00:00, run_after=2024-10-18 00:00:00+00:00
[2024-10-18T23:38:49.784+0000] {processor.py:208} INFO - Processing /home/airflow/.local/lib/python3.12/site-packages/airflow/example_dags/example_skip_dag.py took 0.091 seconds
[2024-10-18T23:39:20.476+0000] {processor.py:186} INFO - Started process (PID=847) to work on /home/airflow/.local/lib/python3.12/site-packages/airflow/example_dags/example_skip_dag.py
[2024-10-18T23:39:20.477+0000] {processor.py:914} INFO - Processing file /home/airflow/.local/lib/python3.12/site-packages/airflow/example_dags/example_skip_dag.py for tasks to queue
[2024-10-18T23:39:20.479+0000] {logging_mixin.py:190} INFO - [2024-10-18T23:39:20.479+0000] {dagbag.py:588} INFO - Filling up the DagBag from /home/airflow/.local/lib/python3.12/site-packages/airflow/example_dags/example_skip_dag.py
[2024-10-18T23:39:20.487+0000] {processor.py:925} INFO - DAG(s) 'example_skip_dag' retrieved from /home/airflow/.local/lib/python3.12/site-packages/airflow/example_dags/example_skip_dag.py
[2024-10-18T23:39:20.509+0000] {logging_mixin.py:190} INFO - [2024-10-18T23:39:20.508+0000] {dag.py:3239} INFO - Sync 1 DAGs
[2024-10-18T23:39:20.535+0000] {logging_mixin.py:190} INFO - [2024-10-18T23:39:20.535+0000] {dag.py:4180} INFO - Setting next_dagrun for example_skip_dag to 2024-10-17 00:00:00+00:00, run_after=2024-10-18 00:00:00+00:00
[2024-10-18T23:39:20.555+0000] {processor.py:208} INFO - Processing /home/airflow/.local/lib/python3.12/site-packages/airflow/example_dags/example_skip_dag.py took 0.085 seconds
[2024-10-18T23:39:51.878+0000] {processor.py:186} INFO - Started process (PID=909) to work on /home/airflow/.local/lib/python3.12/site-packages/airflow/example_dags/example_skip_dag.py
[2024-10-18T23:39:51.880+0000] {processor.py:914} INFO - Processing file /home/airflow/.local/lib/python3.12/site-packages/airflow/example_dags/example_skip_dag.py for tasks to queue
[2024-10-18T23:39:51.883+0000] {logging_mixin.py:190} INFO - [2024-10-18T23:39:51.883+0000] {dagbag.py:588} INFO - Filling up the DagBag from /home/airflow/.local/lib/python3.12/site-packages/airflow/example_dags/example_skip_dag.py
[2024-10-18T23:39:51.897+0000] {processor.py:925} INFO - DAG(s) 'example_skip_dag' retrieved from /home/airflow/.local/lib/python3.12/site-packages/airflow/example_dags/example_skip_dag.py
[2024-10-18T23:39:51.934+0000] {logging_mixin.py:190} INFO - [2024-10-18T23:39:51.933+0000] {dag.py:3239} INFO - Sync 1 DAGs
[2024-10-18T23:39:51.989+0000] {logging_mixin.py:190} INFO - [2024-10-18T23:39:51.989+0000] {dag.py:4180} INFO - Setting next_dagrun for example_skip_dag to 2024-10-17 00:00:00+00:00, run_after=2024-10-18 00:00:00+00:00
[2024-10-18T23:39:52.042+0000] {processor.py:208} INFO - Processing /home/airflow/.local/lib/python3.12/site-packages/airflow/example_dags/example_skip_dag.py took 0.178 seconds
[2024-10-18T23:40:22.412+0000] {processor.py:186} INFO - Started process (PID=971) to work on /home/airflow/.local/lib/python3.12/site-packages/airflow/example_dags/example_skip_dag.py
[2024-10-18T23:40:22.413+0000] {processor.py:914} INFO - Processing file /home/airflow/.local/lib/python3.12/site-packages/airflow/example_dags/example_skip_dag.py for tasks to queue
[2024-10-18T23:40:22.416+0000] {logging_mixin.py:190} INFO - [2024-10-18T23:40:22.415+0000] {dagbag.py:588} INFO - Filling up the DagBag from /home/airflow/.local/lib/python3.12/site-packages/airflow/example_dags/example_skip_dag.py
[2024-10-18T23:40:22.423+0000] {processor.py:925} INFO - DAG(s) 'example_skip_dag' retrieved from /home/airflow/.local/lib/python3.12/site-packages/airflow/example_dags/example_skip_dag.py
[2024-10-18T23:40:22.460+0000] {logging_mixin.py:190} INFO - [2024-10-18T23:40:22.460+0000] {dag.py:3239} INFO - Sync 1 DAGs
[2024-10-18T23:40:22.484+0000] {logging_mixin.py:190} INFO - [2024-10-18T23:40:22.484+0000] {dag.py:4180} INFO - Setting next_dagrun for example_skip_dag to 2024-10-17 00:00:00+00:00, run_after=2024-10-18 00:00:00+00:00
[2024-10-18T23:40:22.503+0000] {processor.py:208} INFO - Processing /home/airflow/.local/lib/python3.12/site-packages/airflow/example_dags/example_skip_dag.py took 0.097 seconds
[2024-10-18T23:40:52.727+0000] {processor.py:186} INFO - Started process (PID=1033) to work on /home/airflow/.local/lib/python3.12/site-packages/airflow/example_dags/example_skip_dag.py
[2024-10-18T23:40:52.728+0000] {processor.py:914} INFO - Processing file /home/airflow/.local/lib/python3.12/site-packages/airflow/example_dags/example_skip_dag.py for tasks to queue
[2024-10-18T23:40:52.731+0000] {logging_mixin.py:190} INFO - [2024-10-18T23:40:52.730+0000] {dagbag.py:588} INFO - Filling up the DagBag from /home/airflow/.local/lib/python3.12/site-packages/airflow/example_dags/example_skip_dag.py
[2024-10-18T23:40:52.739+0000] {processor.py:925} INFO - DAG(s) 'example_skip_dag' retrieved from /home/airflow/.local/lib/python3.12/site-packages/airflow/example_dags/example_skip_dag.py
[2024-10-18T23:40:52.761+0000] {logging_mixin.py:190} INFO - [2024-10-18T23:40:52.760+0000] {dag.py:3239} INFO - Sync 1 DAGs
[2024-10-18T23:40:52.783+0000] {logging_mixin.py:190} INFO - [2024-10-18T23:40:52.783+0000] {dag.py:4180} INFO - Setting next_dagrun for example_skip_dag to 2024-10-17 00:00:00+00:00, run_after=2024-10-18 00:00:00+00:00
[2024-10-18T23:40:52.803+0000] {processor.py:208} INFO - Processing /home/airflow/.local/lib/python3.12/site-packages/airflow/example_dags/example_skip_dag.py took 0.082 seconds
[2024-10-18T23:41:23.313+0000] {processor.py:186} INFO - Started process (PID=1095) to work on /home/airflow/.local/lib/python3.12/site-packages/airflow/example_dags/example_skip_dag.py
[2024-10-18T23:41:23.315+0000] {processor.py:914} INFO - Processing file /home/airflow/.local/lib/python3.12/site-packages/airflow/example_dags/example_skip_dag.py for tasks to queue
[2024-10-18T23:41:23.319+0000] {logging_mixin.py:190} INFO - [2024-10-18T23:41:23.318+0000] {dagbag.py:588} INFO - Filling up the DagBag from /home/airflow/.local/lib/python3.12/site-packages/airflow/example_dags/example_skip_dag.py
[2024-10-18T23:41:23.330+0000] {processor.py:925} INFO - DAG(s) 'example_skip_dag' retrieved from /home/airflow/.local/lib/python3.12/site-packages/airflow/example_dags/example_skip_dag.py
[2024-10-18T23:41:23.360+0000] {logging_mixin.py:190} INFO - [2024-10-18T23:41:23.360+0000] {dag.py:3239} INFO - Sync 1 DAGs
[2024-10-18T23:41:23.392+0000] {logging_mixin.py:190} INFO - [2024-10-18T23:41:23.392+0000] {dag.py:4180} INFO - Setting next_dagrun for example_skip_dag to 2024-10-17 00:00:00+00:00, run_after=2024-10-18 00:00:00+00:00
[2024-10-18T23:41:23.418+0000] {processor.py:208} INFO - Processing /home/airflow/.local/lib/python3.12/site-packages/airflow/example_dags/example_skip_dag.py took 0.114 seconds
[2024-10-18T23:41:54.585+0000] {processor.py:186} INFO - Started process (PID=1157) to work on /home/airflow/.local/lib/python3.12/site-packages/airflow/example_dags/example_skip_dag.py
[2024-10-18T23:41:54.587+0000] {processor.py:914} INFO - Processing file /home/airflow/.local/lib/python3.12/site-packages/airflow/example_dags/example_skip_dag.py for tasks to queue
[2024-10-18T23:41:54.594+0000] {logging_mixin.py:190} INFO - [2024-10-18T23:41:54.593+0000] {dagbag.py:588} INFO - Filling up the DagBag from /home/airflow/.local/lib/python3.12/site-packages/airflow/example_dags/example_skip_dag.py
[2024-10-18T23:41:54.620+0000] {processor.py:925} INFO - DAG(s) 'example_skip_dag' retrieved from /home/airflow/.local/lib/python3.12/site-packages/airflow/example_dags/example_skip_dag.py
[2024-10-18T23:41:54.700+0000] {logging_mixin.py:190} INFO - [2024-10-18T23:41:54.699+0000] {dag.py:3239} INFO - Sync 1 DAGs
[2024-10-18T23:41:54.784+0000] {logging_mixin.py:190} INFO - [2024-10-18T23:41:54.781+0000] {dag.py:4180} INFO - Setting next_dagrun for example_skip_dag to 2024-10-17 00:00:00+00:00, run_after=2024-10-18 00:00:00+00:00
[2024-10-18T23:41:54.895+0000] {processor.py:208} INFO - Processing /home/airflow/.local/lib/python3.12/site-packages/airflow/example_dags/example_skip_dag.py took 0.326 seconds
[2024-10-18T23:42:26.155+0000] {processor.py:186} INFO - Started process (PID=1219) to work on /home/airflow/.local/lib/python3.12/site-packages/airflow/example_dags/example_skip_dag.py
[2024-10-18T23:42:26.186+0000] {processor.py:914} INFO - Processing file /home/airflow/.local/lib/python3.12/site-packages/airflow/example_dags/example_skip_dag.py for tasks to queue
[2024-10-18T23:42:26.189+0000] {logging_mixin.py:190} INFO - [2024-10-18T23:42:26.189+0000] {dagbag.py:588} INFO - Filling up the DagBag from /home/airflow/.local/lib/python3.12/site-packages/airflow/example_dags/example_skip_dag.py
[2024-10-18T23:42:26.199+0000] {processor.py:925} INFO - DAG(s) 'example_skip_dag' retrieved from /home/airflow/.local/lib/python3.12/site-packages/airflow/example_dags/example_skip_dag.py
[2024-10-18T23:42:26.237+0000] {logging_mixin.py:190} INFO - [2024-10-18T23:42:26.237+0000] {dag.py:3239} INFO - Sync 1 DAGs
[2024-10-18T23:42:26.300+0000] {logging_mixin.py:190} INFO - [2024-10-18T23:42:26.300+0000] {dag.py:4180} INFO - Setting next_dagrun for example_skip_dag to 2024-10-17 00:00:00+00:00, run_after=2024-10-18 00:00:00+00:00
[2024-10-18T23:42:26.332+0000] {processor.py:208} INFO - Processing /home/airflow/.local/lib/python3.12/site-packages/airflow/example_dags/example_skip_dag.py took 0.185 seconds
[2024-10-18T23:43:01.578+0000] {processor.py:186} INFO - Started process (PID=1281) to work on /home/airflow/.local/lib/python3.12/site-packages/airflow/example_dags/example_skip_dag.py
[2024-10-18T23:43:01.592+0000] {processor.py:914} INFO - Processing file /home/airflow/.local/lib/python3.12/site-packages/airflow/example_dags/example_skip_dag.py for tasks to queue
[2024-10-18T23:43:01.610+0000] {logging_mixin.py:190} INFO - [2024-10-18T23:43:01.609+0000] {dagbag.py:588} INFO - Filling up the DagBag from /home/airflow/.local/lib/python3.12/site-packages/airflow/example_dags/example_skip_dag.py
[2024-10-18T23:43:01.651+0000] {processor.py:925} INFO - DAG(s) 'example_skip_dag' retrieved from /home/airflow/.local/lib/python3.12/site-packages/airflow/example_dags/example_skip_dag.py
[2024-10-18T23:43:01.801+0000] {logging_mixin.py:190} INFO - [2024-10-18T23:43:01.800+0000] {dag.py:3239} INFO - Sync 1 DAGs
[2024-10-18T23:43:01.979+0000] {logging_mixin.py:190} INFO - [2024-10-18T23:43:01.978+0000] {dag.py:4180} INFO - Setting next_dagrun for example_skip_dag to 2024-10-17 00:00:00+00:00, run_after=2024-10-18 00:00:00+00:00
[2024-10-18T23:43:02.079+0000] {processor.py:208} INFO - Processing /home/airflow/.local/lib/python3.12/site-packages/airflow/example_dags/example_skip_dag.py took 0.537 seconds
[2024-10-18T23:43:33.078+0000] {processor.py:186} INFO - Started process (PID=1343) to work on /home/airflow/.local/lib/python3.12/site-packages/airflow/example_dags/example_skip_dag.py
[2024-10-18T23:43:33.079+0000] {processor.py:914} INFO - Processing file /home/airflow/.local/lib/python3.12/site-packages/airflow/example_dags/example_skip_dag.py for tasks to queue
[2024-10-18T23:43:33.081+0000] {logging_mixin.py:190} INFO - [2024-10-18T23:43:33.081+0000] {dagbag.py:588} INFO - Filling up the DagBag from /home/airflow/.local/lib/python3.12/site-packages/airflow/example_dags/example_skip_dag.py
[2024-10-18T23:43:33.088+0000] {processor.py:925} INFO - DAG(s) 'example_skip_dag' retrieved from /home/airflow/.local/lib/python3.12/site-packages/airflow/example_dags/example_skip_dag.py
[2024-10-18T23:43:33.109+0000] {logging_mixin.py:190} INFO - [2024-10-18T23:43:33.109+0000] {dag.py:3239} INFO - Sync 1 DAGs
[2024-10-18T23:43:33.131+0000] {logging_mixin.py:190} INFO - [2024-10-18T23:43:33.131+0000] {dag.py:4180} INFO - Setting next_dagrun for example_skip_dag to 2024-10-17 00:00:00+00:00, run_after=2024-10-18 00:00:00+00:00
[2024-10-18T23:43:33.160+0000] {processor.py:208} INFO - Processing /home/airflow/.local/lib/python3.12/site-packages/airflow/example_dags/example_skip_dag.py took 0.088 seconds
[2024-10-18T23:44:03.651+0000] {processor.py:186} INFO - Started process (PID=1405) to work on /home/airflow/.local/lib/python3.12/site-packages/airflow/example_dags/example_skip_dag.py
[2024-10-18T23:44:03.652+0000] {processor.py:914} INFO - Processing file /home/airflow/.local/lib/python3.12/site-packages/airflow/example_dags/example_skip_dag.py for tasks to queue
[2024-10-18T23:44:03.655+0000] {logging_mixin.py:190} INFO - [2024-10-18T23:44:03.655+0000] {dagbag.py:588} INFO - Filling up the DagBag from /home/airflow/.local/lib/python3.12/site-packages/airflow/example_dags/example_skip_dag.py
[2024-10-18T23:44:03.662+0000] {processor.py:925} INFO - DAG(s) 'example_skip_dag' retrieved from /home/airflow/.local/lib/python3.12/site-packages/airflow/example_dags/example_skip_dag.py
[2024-10-18T23:44:03.683+0000] {logging_mixin.py:190} INFO - [2024-10-18T23:44:03.683+0000] {dag.py:3239} INFO - Sync 1 DAGs
[2024-10-18T23:44:03.704+0000] {logging_mixin.py:190} INFO - [2024-10-18T23:44:03.704+0000] {dag.py:4180} INFO - Setting next_dagrun for example_skip_dag to 2024-10-17 00:00:00+00:00, run_after=2024-10-18 00:00:00+00:00
[2024-10-18T23:44:03.724+0000] {processor.py:208} INFO - Processing /home/airflow/.local/lib/python3.12/site-packages/airflow/example_dags/example_skip_dag.py took 0.078 seconds
[2024-10-18T23:44:33.895+0000] {processor.py:186} INFO - Started process (PID=1467) to work on /home/airflow/.local/lib/python3.12/site-packages/airflow/example_dags/example_skip_dag.py
[2024-10-18T23:44:33.896+0000] {processor.py:914} INFO - Processing file /home/airflow/.local/lib/python3.12/site-packages/airflow/example_dags/example_skip_dag.py for tasks to queue
[2024-10-18T23:44:33.900+0000] {logging_mixin.py:190} INFO - [2024-10-18T23:44:33.900+0000] {dagbag.py:588} INFO - Filling up the DagBag from /home/airflow/.local/lib/python3.12/site-packages/airflow/example_dags/example_skip_dag.py
[2024-10-18T23:44:33.910+0000] {processor.py:925} INFO - DAG(s) 'example_skip_dag' retrieved from /home/airflow/.local/lib/python3.12/site-packages/airflow/example_dags/example_skip_dag.py
[2024-10-18T23:44:33.932+0000] {logging_mixin.py:190} INFO - [2024-10-18T23:44:33.931+0000] {dag.py:3239} INFO - Sync 1 DAGs
[2024-10-18T23:44:33.953+0000] {logging_mixin.py:190} INFO - [2024-10-18T23:44:33.953+0000] {dag.py:4180} INFO - Setting next_dagrun for example_skip_dag to 2024-10-17 00:00:00+00:00, run_after=2024-10-18 00:00:00+00:00
[2024-10-18T23:44:33.972+0000] {processor.py:208} INFO - Processing /home/airflow/.local/lib/python3.12/site-packages/airflow/example_dags/example_skip_dag.py took 0.084 seconds
[2024-10-18T23:45:04.384+0000] {processor.py:186} INFO - Started process (PID=1529) to work on /home/airflow/.local/lib/python3.12/site-packages/airflow/example_dags/example_skip_dag.py
[2024-10-18T23:45:04.385+0000] {processor.py:914} INFO - Processing file /home/airflow/.local/lib/python3.12/site-packages/airflow/example_dags/example_skip_dag.py for tasks to queue
[2024-10-18T23:45:04.387+0000] {logging_mixin.py:190} INFO - [2024-10-18T23:45:04.387+0000] {dagbag.py:588} INFO - Filling up the DagBag from /home/airflow/.local/lib/python3.12/site-packages/airflow/example_dags/example_skip_dag.py
[2024-10-18T23:45:04.394+0000] {processor.py:925} INFO - DAG(s) 'example_skip_dag' retrieved from /home/airflow/.local/lib/python3.12/site-packages/airflow/example_dags/example_skip_dag.py
[2024-10-18T23:45:04.415+0000] {logging_mixin.py:190} INFO - [2024-10-18T23:45:04.414+0000] {dag.py:3239} INFO - Sync 1 DAGs
[2024-10-18T23:45:04.435+0000] {logging_mixin.py:190} INFO - [2024-10-18T23:45:04.435+0000] {dag.py:4180} INFO - Setting next_dagrun for example_skip_dag to 2024-10-17 00:00:00+00:00, run_after=2024-10-18 00:00:00+00:00
[2024-10-18T23:45:04.455+0000] {processor.py:208} INFO - Processing /home/airflow/.local/lib/python3.12/site-packages/airflow/example_dags/example_skip_dag.py took 0.076 seconds
[2024-10-18T23:45:35.016+0000] {processor.py:186} INFO - Started process (PID=1591) to work on /home/airflow/.local/lib/python3.12/site-packages/airflow/example_dags/example_skip_dag.py
[2024-10-18T23:45:35.018+0000] {processor.py:914} INFO - Processing file /home/airflow/.local/lib/python3.12/site-packages/airflow/example_dags/example_skip_dag.py for tasks to queue
[2024-10-18T23:45:35.020+0000] {logging_mixin.py:190} INFO - [2024-10-18T23:45:35.020+0000] {dagbag.py:588} INFO - Filling up the DagBag from /home/airflow/.local/lib/python3.12/site-packages/airflow/example_dags/example_skip_dag.py
[2024-10-18T23:45:35.028+0000] {processor.py:925} INFO - DAG(s) 'example_skip_dag' retrieved from /home/airflow/.local/lib/python3.12/site-packages/airflow/example_dags/example_skip_dag.py
[2024-10-18T23:45:35.049+0000] {logging_mixin.py:190} INFO - [2024-10-18T23:45:35.048+0000] {dag.py:3239} INFO - Sync 1 DAGs
[2024-10-18T23:45:35.070+0000] {logging_mixin.py:190} INFO - [2024-10-18T23:45:35.070+0000] {dag.py:4180} INFO - Setting next_dagrun for example_skip_dag to 2024-10-17 00:00:00+00:00, run_after=2024-10-18 00:00:00+00:00
[2024-10-18T23:45:35.088+0000] {processor.py:208} INFO - Processing /home/airflow/.local/lib/python3.12/site-packages/airflow/example_dags/example_skip_dag.py took 0.077 seconds
[2024-10-18T23:46:05.817+0000] {processor.py:186} INFO - Started process (PID=1653) to work on /home/airflow/.local/lib/python3.12/site-packages/airflow/example_dags/example_skip_dag.py
[2024-10-18T23:46:05.818+0000] {processor.py:914} INFO - Processing file /home/airflow/.local/lib/python3.12/site-packages/airflow/example_dags/example_skip_dag.py for tasks to queue
[2024-10-18T23:46:05.820+0000] {logging_mixin.py:190} INFO - [2024-10-18T23:46:05.820+0000] {dagbag.py:588} INFO - Filling up the DagBag from /home/airflow/.local/lib/python3.12/site-packages/airflow/example_dags/example_skip_dag.py
[2024-10-18T23:46:05.827+0000] {processor.py:925} INFO - DAG(s) 'example_skip_dag' retrieved from /home/airflow/.local/lib/python3.12/site-packages/airflow/example_dags/example_skip_dag.py
[2024-10-18T23:46:05.848+0000] {logging_mixin.py:190} INFO - [2024-10-18T23:46:05.848+0000] {dag.py:3239} INFO - Sync 1 DAGs
[2024-10-18T23:46:05.869+0000] {logging_mixin.py:190} INFO - [2024-10-18T23:46:05.869+0000] {dag.py:4180} INFO - Setting next_dagrun for example_skip_dag to 2024-10-17 00:00:00+00:00, run_after=2024-10-18 00:00:00+00:00
[2024-10-18T23:46:05.891+0000] {processor.py:208} INFO - Processing /home/airflow/.local/lib/python3.12/site-packages/airflow/example_dags/example_skip_dag.py took 0.079 seconds
[2024-10-18T23:46:36.594+0000] {processor.py:186} INFO - Started process (PID=1715) to work on /home/airflow/.local/lib/python3.12/site-packages/airflow/example_dags/example_skip_dag.py
[2024-10-18T23:46:36.595+0000] {processor.py:914} INFO - Processing file /home/airflow/.local/lib/python3.12/site-packages/airflow/example_dags/example_skip_dag.py for tasks to queue
[2024-10-18T23:46:36.598+0000] {logging_mixin.py:190} INFO - [2024-10-18T23:46:36.597+0000] {dagbag.py:588} INFO - Filling up the DagBag from /home/airflow/.local/lib/python3.12/site-packages/airflow/example_dags/example_skip_dag.py
[2024-10-18T23:46:36.606+0000] {processor.py:925} INFO - DAG(s) 'example_skip_dag' retrieved from /home/airflow/.local/lib/python3.12/site-packages/airflow/example_dags/example_skip_dag.py
[2024-10-18T23:46:36.628+0000] {logging_mixin.py:190} INFO - [2024-10-18T23:46:36.628+0000] {dag.py:3239} INFO - Sync 1 DAGs
[2024-10-18T23:46:36.650+0000] {logging_mixin.py:190} INFO - [2024-10-18T23:46:36.650+0000] {dag.py:4180} INFO - Setting next_dagrun for example_skip_dag to 2024-10-17 00:00:00+00:00, run_after=2024-10-18 00:00:00+00:00
[2024-10-18T23:46:36.669+0000] {processor.py:208} INFO - Processing /home/airflow/.local/lib/python3.12/site-packages/airflow/example_dags/example_skip_dag.py took 0.080 seconds
[2024-10-18T23:47:07.040+0000] {processor.py:186} INFO - Started process (PID=1777) to work on /home/airflow/.local/lib/python3.12/site-packages/airflow/example_dags/example_skip_dag.py
[2024-10-18T23:47:07.041+0000] {processor.py:914} INFO - Processing file /home/airflow/.local/lib/python3.12/site-packages/airflow/example_dags/example_skip_dag.py for tasks to queue
[2024-10-18T23:47:07.044+0000] {logging_mixin.py:190} INFO - [2024-10-18T23:47:07.044+0000] {dagbag.py:588} INFO - Filling up the DagBag from /home/airflow/.local/lib/python3.12/site-packages/airflow/example_dags/example_skip_dag.py
[2024-10-18T23:47:07.052+0000] {processor.py:925} INFO - DAG(s) 'example_skip_dag' retrieved from /home/airflow/.local/lib/python3.12/site-packages/airflow/example_dags/example_skip_dag.py
[2024-10-18T23:47:07.075+0000] {logging_mixin.py:190} INFO - [2024-10-18T23:47:07.074+0000] {dag.py:3239} INFO - Sync 1 DAGs
[2024-10-18T23:47:07.095+0000] {logging_mixin.py:190} INFO - [2024-10-18T23:47:07.095+0000] {dag.py:4180} INFO - Setting next_dagrun for example_skip_dag to 2024-10-17 00:00:00+00:00, run_after=2024-10-18 00:00:00+00:00
[2024-10-18T23:47:07.114+0000] {processor.py:208} INFO - Processing /home/airflow/.local/lib/python3.12/site-packages/airflow/example_dags/example_skip_dag.py took 0.080 seconds
[2024-10-18T23:47:37.476+0000] {processor.py:186} INFO - Started process (PID=1839) to work on /home/airflow/.local/lib/python3.12/site-packages/airflow/example_dags/example_skip_dag.py
[2024-10-18T23:47:37.478+0000] {processor.py:914} INFO - Processing file /home/airflow/.local/lib/python3.12/site-packages/airflow/example_dags/example_skip_dag.py for tasks to queue
[2024-10-18T23:47:37.481+0000] {logging_mixin.py:190} INFO - [2024-10-18T23:47:37.481+0000] {dagbag.py:588} INFO - Filling up the DagBag from /home/airflow/.local/lib/python3.12/site-packages/airflow/example_dags/example_skip_dag.py
[2024-10-18T23:47:37.489+0000] {processor.py:925} INFO - DAG(s) 'example_skip_dag' retrieved from /home/airflow/.local/lib/python3.12/site-packages/airflow/example_dags/example_skip_dag.py
[2024-10-18T23:47:37.511+0000] {logging_mixin.py:190} INFO - [2024-10-18T23:47:37.511+0000] {dag.py:3239} INFO - Sync 1 DAGs
[2024-10-18T23:47:37.539+0000] {logging_mixin.py:190} INFO - [2024-10-18T23:47:37.539+0000] {dag.py:4180} INFO - Setting next_dagrun for example_skip_dag to 2024-10-17 00:00:00+00:00, run_after=2024-10-18 00:00:00+00:00
[2024-10-18T23:47:37.561+0000] {processor.py:208} INFO - Processing /home/airflow/.local/lib/python3.12/site-packages/airflow/example_dags/example_skip_dag.py took 0.092 seconds
[2024-10-18T23:48:07.726+0000] {processor.py:186} INFO - Started process (PID=1901) to work on /home/airflow/.local/lib/python3.12/site-packages/airflow/example_dags/example_skip_dag.py
[2024-10-18T23:48:07.728+0000] {processor.py:914} INFO - Processing file /home/airflow/.local/lib/python3.12/site-packages/airflow/example_dags/example_skip_dag.py for tasks to queue
[2024-10-18T23:48:07.733+0000] {logging_mixin.py:190} INFO - [2024-10-18T23:48:07.732+0000] {dagbag.py:588} INFO - Filling up the DagBag from /home/airflow/.local/lib/python3.12/site-packages/airflow/example_dags/example_skip_dag.py
[2024-10-18T23:48:07.742+0000] {processor.py:925} INFO - DAG(s) 'example_skip_dag' retrieved from /home/airflow/.local/lib/python3.12/site-packages/airflow/example_dags/example_skip_dag.py
[2024-10-18T23:48:07.767+0000] {logging_mixin.py:190} INFO - [2024-10-18T23:48:07.766+0000] {dag.py:3239} INFO - Sync 1 DAGs
[2024-10-18T23:48:07.794+0000] {logging_mixin.py:190} INFO - [2024-10-18T23:48:07.794+0000] {dag.py:4180} INFO - Setting next_dagrun for example_skip_dag to 2024-10-17 00:00:00+00:00, run_after=2024-10-18 00:00:00+00:00
[2024-10-18T23:48:07.815+0000] {processor.py:208} INFO - Processing /home/airflow/.local/lib/python3.12/site-packages/airflow/example_dags/example_skip_dag.py took 0.098 seconds
[2024-10-18T23:48:38.086+0000] {processor.py:186} INFO - Started process (PID=1963) to work on /home/airflow/.local/lib/python3.12/site-packages/airflow/example_dags/example_skip_dag.py
[2024-10-18T23:48:38.089+0000] {processor.py:914} INFO - Processing file /home/airflow/.local/lib/python3.12/site-packages/airflow/example_dags/example_skip_dag.py for tasks to queue
[2024-10-18T23:48:38.092+0000] {logging_mixin.py:190} INFO - [2024-10-18T23:48:38.092+0000] {dagbag.py:588} INFO - Filling up the DagBag from /home/airflow/.local/lib/python3.12/site-packages/airflow/example_dags/example_skip_dag.py
[2024-10-18T23:48:38.102+0000] {processor.py:925} INFO - DAG(s) 'example_skip_dag' retrieved from /home/airflow/.local/lib/python3.12/site-packages/airflow/example_dags/example_skip_dag.py
[2024-10-18T23:48:38.130+0000] {logging_mixin.py:190} INFO - [2024-10-18T23:48:38.129+0000] {dag.py:3239} INFO - Sync 1 DAGs
[2024-10-18T23:48:38.160+0000] {logging_mixin.py:190} INFO - [2024-10-18T23:48:38.160+0000] {dag.py:4180} INFO - Setting next_dagrun for example_skip_dag to 2024-10-17 00:00:00+00:00, run_after=2024-10-18 00:00:00+00:00
[2024-10-18T23:48:38.187+0000] {processor.py:208} INFO - Processing /home/airflow/.local/lib/python3.12/site-packages/airflow/example_dags/example_skip_dag.py took 0.106 seconds
[2024-10-18T23:49:08.482+0000] {processor.py:186} INFO - Started process (PID=2025) to work on /home/airflow/.local/lib/python3.12/site-packages/airflow/example_dags/example_skip_dag.py
[2024-10-18T23:49:08.485+0000] {processor.py:914} INFO - Processing file /home/airflow/.local/lib/python3.12/site-packages/airflow/example_dags/example_skip_dag.py for tasks to queue
[2024-10-18T23:49:08.491+0000] {logging_mixin.py:190} INFO - [2024-10-18T23:49:08.490+0000] {dagbag.py:588} INFO - Filling up the DagBag from /home/airflow/.local/lib/python3.12/site-packages/airflow/example_dags/example_skip_dag.py
[2024-10-18T23:49:08.515+0000] {processor.py:925} INFO - DAG(s) 'example_skip_dag' retrieved from /home/airflow/.local/lib/python3.12/site-packages/airflow/example_dags/example_skip_dag.py
[2024-10-18T23:49:08.571+0000] {logging_mixin.py:190} INFO - [2024-10-18T23:49:08.570+0000] {dag.py:3239} INFO - Sync 1 DAGs
[2024-10-18T23:49:08.644+0000] {logging_mixin.py:190} INFO - [2024-10-18T23:49:08.644+0000] {dag.py:4180} INFO - Setting next_dagrun for example_skip_dag to 2024-10-17 00:00:00+00:00, run_after=2024-10-18 00:00:00+00:00
[2024-10-18T23:49:08.696+0000] {processor.py:208} INFO - Processing /home/airflow/.local/lib/python3.12/site-packages/airflow/example_dags/example_skip_dag.py took 0.226 seconds
[2024-10-18T23:49:38.815+0000] {processor.py:186} INFO - Started process (PID=2087) to work on /home/airflow/.local/lib/python3.12/site-packages/airflow/example_dags/example_skip_dag.py
[2024-10-18T23:49:38.817+0000] {processor.py:914} INFO - Processing file /home/airflow/.local/lib/python3.12/site-packages/airflow/example_dags/example_skip_dag.py for tasks to queue
[2024-10-18T23:49:38.820+0000] {logging_mixin.py:190} INFO - [2024-10-18T23:49:38.820+0000] {dagbag.py:588} INFO - Filling up the DagBag from /home/airflow/.local/lib/python3.12/site-packages/airflow/example_dags/example_skip_dag.py
[2024-10-18T23:49:38.831+0000] {processor.py:925} INFO - DAG(s) 'example_skip_dag' retrieved from /home/airflow/.local/lib/python3.12/site-packages/airflow/example_dags/example_skip_dag.py
[2024-10-18T23:49:38.856+0000] {logging_mixin.py:190} INFO - [2024-10-18T23:49:38.855+0000] {dag.py:3239} INFO - Sync 1 DAGs
[2024-10-18T23:49:38.884+0000] {logging_mixin.py:190} INFO - [2024-10-18T23:49:38.884+0000] {dag.py:4180} INFO - Setting next_dagrun for example_skip_dag to 2024-10-17 00:00:00+00:00, run_after=2024-10-18 00:00:00+00:00
[2024-10-18T23:49:38.911+0000] {processor.py:208} INFO - Processing /home/airflow/.local/lib/python3.12/site-packages/airflow/example_dags/example_skip_dag.py took 0.103 seconds
[2024-10-18T23:50:09.280+0000] {processor.py:186} INFO - Started process (PID=2149) to work on /home/airflow/.local/lib/python3.12/site-packages/airflow/example_dags/example_skip_dag.py
[2024-10-18T23:50:09.281+0000] {processor.py:914} INFO - Processing file /home/airflow/.local/lib/python3.12/site-packages/airflow/example_dags/example_skip_dag.py for tasks to queue
[2024-10-18T23:50:09.285+0000] {logging_mixin.py:190} INFO - [2024-10-18T23:50:09.284+0000] {dagbag.py:588} INFO - Filling up the DagBag from /home/airflow/.local/lib/python3.12/site-packages/airflow/example_dags/example_skip_dag.py
[2024-10-18T23:50:09.292+0000] {processor.py:925} INFO - DAG(s) 'example_skip_dag' retrieved from /home/airflow/.local/lib/python3.12/site-packages/airflow/example_dags/example_skip_dag.py
[2024-10-18T23:50:09.319+0000] {logging_mixin.py:190} INFO - [2024-10-18T23:50:09.319+0000] {dag.py:3239} INFO - Sync 1 DAGs
[2024-10-18T23:50:09.352+0000] {logging_mixin.py:190} INFO - [2024-10-18T23:50:09.352+0000] {dag.py:4180} INFO - Setting next_dagrun for example_skip_dag to 2024-10-17 00:00:00+00:00, run_after=2024-10-18 00:00:00+00:00
[2024-10-18T23:50:09.380+0000] {processor.py:208} INFO - Processing /home/airflow/.local/lib/python3.12/site-packages/airflow/example_dags/example_skip_dag.py took 0.107 seconds
[2024-10-18T23:50:39.690+0000] {processor.py:186} INFO - Started process (PID=2211) to work on /home/airflow/.local/lib/python3.12/site-packages/airflow/example_dags/example_skip_dag.py
[2024-10-18T23:50:39.692+0000] {processor.py:914} INFO - Processing file /home/airflow/.local/lib/python3.12/site-packages/airflow/example_dags/example_skip_dag.py for tasks to queue
[2024-10-18T23:50:39.698+0000] {logging_mixin.py:190} INFO - [2024-10-18T23:50:39.697+0000] {dagbag.py:588} INFO - Filling up the DagBag from /home/airflow/.local/lib/python3.12/site-packages/airflow/example_dags/example_skip_dag.py
[2024-10-18T23:50:39.713+0000] {processor.py:925} INFO - DAG(s) 'example_skip_dag' retrieved from /home/airflow/.local/lib/python3.12/site-packages/airflow/example_dags/example_skip_dag.py
[2024-10-18T23:50:39.752+0000] {logging_mixin.py:190} INFO - [2024-10-18T23:50:39.751+0000] {dag.py:3239} INFO - Sync 1 DAGs
[2024-10-18T23:50:39.798+0000] {logging_mixin.py:190} INFO - [2024-10-18T23:50:39.798+0000] {dag.py:4180} INFO - Setting next_dagrun for example_skip_dag to 2024-10-17 00:00:00+00:00, run_after=2024-10-18 00:00:00+00:00
[2024-10-18T23:50:39.835+0000] {processor.py:208} INFO - Processing /home/airflow/.local/lib/python3.12/site-packages/airflow/example_dags/example_skip_dag.py took 0.158 seconds
[2024-10-18T23:51:10.622+0000] {processor.py:186} INFO - Started process (PID=2273) to work on /home/airflow/.local/lib/python3.12/site-packages/airflow/example_dags/example_skip_dag.py
[2024-10-18T23:51:10.625+0000] {processor.py:914} INFO - Processing file /home/airflow/.local/lib/python3.12/site-packages/airflow/example_dags/example_skip_dag.py for tasks to queue
[2024-10-18T23:51:10.630+0000] {logging_mixin.py:190} INFO - [2024-10-18T23:51:10.629+0000] {dagbag.py:588} INFO - Filling up the DagBag from /home/airflow/.local/lib/python3.12/site-packages/airflow/example_dags/example_skip_dag.py
[2024-10-18T23:51:10.647+0000] {processor.py:925} INFO - DAG(s) 'example_skip_dag' retrieved from /home/airflow/.local/lib/python3.12/site-packages/airflow/example_dags/example_skip_dag.py
[2024-10-18T23:51:10.700+0000] {logging_mixin.py:190} INFO - [2024-10-18T23:51:10.700+0000] {dag.py:3239} INFO - Sync 1 DAGs
[2024-10-18T23:51:10.775+0000] {logging_mixin.py:190} INFO - [2024-10-18T23:51:10.774+0000] {dag.py:4180} INFO - Setting next_dagrun for example_skip_dag to 2024-10-17 00:00:00+00:00, run_after=2024-10-18 00:00:00+00:00
[2024-10-18T23:51:10.827+0000] {processor.py:208} INFO - Processing /home/airflow/.local/lib/python3.12/site-packages/airflow/example_dags/example_skip_dag.py took 0.219 seconds
[2024-10-18T23:51:41.116+0000] {processor.py:186} INFO - Started process (PID=2336) to work on /home/airflow/.local/lib/python3.12/site-packages/airflow/example_dags/example_skip_dag.py
[2024-10-18T23:51:41.119+0000] {processor.py:914} INFO - Processing file /home/airflow/.local/lib/python3.12/site-packages/airflow/example_dags/example_skip_dag.py for tasks to queue
[2024-10-18T23:51:41.125+0000] {logging_mixin.py:190} INFO - [2024-10-18T23:51:41.124+0000] {dagbag.py:588} INFO - Filling up the DagBag from /home/airflow/.local/lib/python3.12/site-packages/airflow/example_dags/example_skip_dag.py
[2024-10-18T23:51:41.149+0000] {processor.py:925} INFO - DAG(s) 'example_skip_dag' retrieved from /home/airflow/.local/lib/python3.12/site-packages/airflow/example_dags/example_skip_dag.py
[2024-10-18T23:51:41.193+0000] {logging_mixin.py:190} INFO - [2024-10-18T23:51:41.193+0000] {dag.py:3239} INFO - Sync 1 DAGs
[2024-10-18T23:51:41.242+0000] {logging_mixin.py:190} INFO - [2024-10-18T23:51:41.242+0000] {dag.py:4180} INFO - Setting next_dagrun for example_skip_dag to 2024-10-17 00:00:00+00:00, run_after=2024-10-18 00:00:00+00:00
[2024-10-18T23:51:41.275+0000] {processor.py:208} INFO - Processing /home/airflow/.local/lib/python3.12/site-packages/airflow/example_dags/example_skip_dag.py took 0.174 seconds
[2024-10-18T23:52:14.294+0000] {processor.py:186} INFO - Started process (PID=2394) to work on /home/airflow/.local/lib/python3.12/site-packages/airflow/example_dags/example_skip_dag.py
[2024-10-18T23:52:14.297+0000] {processor.py:914} INFO - Processing file /home/airflow/.local/lib/python3.12/site-packages/airflow/example_dags/example_skip_dag.py for tasks to queue
[2024-10-18T23:52:14.302+0000] {logging_mixin.py:190} INFO - [2024-10-18T23:52:14.301+0000] {dagbag.py:588} INFO - Filling up the DagBag from /home/airflow/.local/lib/python3.12/site-packages/airflow/example_dags/example_skip_dag.py
[2024-10-18T23:52:14.320+0000] {processor.py:925} INFO - DAG(s) 'example_skip_dag' retrieved from /home/airflow/.local/lib/python3.12/site-packages/airflow/example_dags/example_skip_dag.py
[2024-10-18T23:52:14.385+0000] {logging_mixin.py:190} INFO - [2024-10-18T23:52:14.385+0000] {dag.py:3239} INFO - Sync 1 DAGs
[2024-10-18T23:52:14.468+0000] {logging_mixin.py:190} INFO - [2024-10-18T23:52:14.468+0000] {dag.py:4180} INFO - Setting next_dagrun for example_skip_dag to 2024-10-17 00:00:00+00:00, run_after=2024-10-18 00:00:00+00:00
[2024-10-18T23:52:14.520+0000] {processor.py:208} INFO - Processing /home/airflow/.local/lib/python3.12/site-packages/airflow/example_dags/example_skip_dag.py took 0.238 seconds
[2024-10-18T23:52:45.511+0000] {processor.py:186} INFO - Started process (PID=2456) to work on /home/airflow/.local/lib/python3.12/site-packages/airflow/example_dags/example_skip_dag.py
[2024-10-18T23:52:45.513+0000] {processor.py:914} INFO - Processing file /home/airflow/.local/lib/python3.12/site-packages/airflow/example_dags/example_skip_dag.py for tasks to queue
[2024-10-18T23:52:45.519+0000] {logging_mixin.py:190} INFO - [2024-10-18T23:52:45.518+0000] {dagbag.py:588} INFO - Filling up the DagBag from /home/airflow/.local/lib/python3.12/site-packages/airflow/example_dags/example_skip_dag.py
[2024-10-18T23:52:45.535+0000] {processor.py:925} INFO - DAG(s) 'example_skip_dag' retrieved from /home/airflow/.local/lib/python3.12/site-packages/airflow/example_dags/example_skip_dag.py
[2024-10-18T23:52:45.574+0000] {logging_mixin.py:190} INFO - [2024-10-18T23:52:45.573+0000] {dag.py:3239} INFO - Sync 1 DAGs
[2024-10-18T23:52:45.621+0000] {logging_mixin.py:190} INFO - [2024-10-18T23:52:45.620+0000] {dag.py:4180} INFO - Setting next_dagrun for example_skip_dag to 2024-10-17 00:00:00+00:00, run_after=2024-10-18 00:00:00+00:00
[2024-10-18T23:52:45.661+0000] {processor.py:208} INFO - Processing /home/airflow/.local/lib/python3.12/site-packages/airflow/example_dags/example_skip_dag.py took 0.162 seconds
[2024-10-18T23:53:19.455+0000] {processor.py:186} INFO - Started process (PID=2515) to work on /home/airflow/.local/lib/python3.12/site-packages/airflow/example_dags/example_skip_dag.py
[2024-10-18T23:53:19.462+0000] {processor.py:914} INFO - Processing file /home/airflow/.local/lib/python3.12/site-packages/airflow/example_dags/example_skip_dag.py for tasks to queue
[2024-10-18T23:53:19.471+0000] {logging_mixin.py:190} INFO - [2024-10-18T23:53:19.470+0000] {dagbag.py:588} INFO - Filling up the DagBag from /home/airflow/.local/lib/python3.12/site-packages/airflow/example_dags/example_skip_dag.py
[2024-10-18T23:53:19.493+0000] {processor.py:925} INFO - DAG(s) 'example_skip_dag' retrieved from /home/airflow/.local/lib/python3.12/site-packages/airflow/example_dags/example_skip_dag.py
[2024-10-18T23:53:19.569+0000] {logging_mixin.py:190} INFO - [2024-10-18T23:53:19.568+0000] {dag.py:3239} INFO - Sync 1 DAGs
[2024-10-18T23:53:19.680+0000] {logging_mixin.py:190} INFO - [2024-10-18T23:53:19.680+0000] {dag.py:4180} INFO - Setting next_dagrun for example_skip_dag to 2024-10-17 00:00:00+00:00, run_after=2024-10-18 00:00:00+00:00
[2024-10-18T23:53:19.777+0000] {processor.py:208} INFO - Processing /home/airflow/.local/lib/python3.12/site-packages/airflow/example_dags/example_skip_dag.py took 0.349 seconds
[2024-10-18T23:53:49.903+0000] {processor.py:186} INFO - Started process (PID=2577) to work on /home/airflow/.local/lib/python3.12/site-packages/airflow/example_dags/example_skip_dag.py
[2024-10-18T23:53:49.904+0000] {processor.py:914} INFO - Processing file /home/airflow/.local/lib/python3.12/site-packages/airflow/example_dags/example_skip_dag.py for tasks to queue
[2024-10-18T23:53:49.907+0000] {logging_mixin.py:190} INFO - [2024-10-18T23:53:49.907+0000] {dagbag.py:588} INFO - Filling up the DagBag from /home/airflow/.local/lib/python3.12/site-packages/airflow/example_dags/example_skip_dag.py
[2024-10-18T23:53:49.917+0000] {processor.py:925} INFO - DAG(s) 'example_skip_dag' retrieved from /home/airflow/.local/lib/python3.12/site-packages/airflow/example_dags/example_skip_dag.py
[2024-10-18T23:53:49.944+0000] {logging_mixin.py:190} INFO - [2024-10-18T23:53:49.944+0000] {dag.py:3239} INFO - Sync 1 DAGs
[2024-10-18T23:53:49.974+0000] {logging_mixin.py:190} INFO - [2024-10-18T23:53:49.974+0000] {dag.py:4180} INFO - Setting next_dagrun for example_skip_dag to 2024-10-17 00:00:00+00:00, run_after=2024-10-18 00:00:00+00:00
[2024-10-18T23:53:50.000+0000] {processor.py:208} INFO - Processing /home/airflow/.local/lib/python3.12/site-packages/airflow/example_dags/example_skip_dag.py took 0.104 seconds
[2024-10-18T23:54:20.901+0000] {processor.py:186} INFO - Started process (PID=2637) to work on /home/airflow/.local/lib/python3.12/site-packages/airflow/example_dags/example_skip_dag.py
[2024-10-18T23:54:20.904+0000] {processor.py:914} INFO - Processing file /home/airflow/.local/lib/python3.12/site-packages/airflow/example_dags/example_skip_dag.py for tasks to queue
[2024-10-18T23:54:20.909+0000] {logging_mixin.py:190} INFO - [2024-10-18T23:54:20.908+0000] {dagbag.py:588} INFO - Filling up the DagBag from /home/airflow/.local/lib/python3.12/site-packages/airflow/example_dags/example_skip_dag.py
[2024-10-18T23:54:20.932+0000] {processor.py:925} INFO - DAG(s) 'example_skip_dag' retrieved from /home/airflow/.local/lib/python3.12/site-packages/airflow/example_dags/example_skip_dag.py
[2024-10-18T23:54:20.984+0000] {logging_mixin.py:190} INFO - [2024-10-18T23:54:20.983+0000] {dag.py:3239} INFO - Sync 1 DAGs
[2024-10-18T23:54:21.068+0000] {logging_mixin.py:190} INFO - [2024-10-18T23:54:21.066+0000] {dag.py:4180} INFO - Setting next_dagrun for example_skip_dag to 2024-10-17 00:00:00+00:00, run_after=2024-10-18 00:00:00+00:00
[2024-10-18T23:54:21.151+0000] {processor.py:208} INFO - Processing /home/airflow/.local/lib/python3.12/site-packages/airflow/example_dags/example_skip_dag.py took 0.273 seconds
[2024-10-18T23:54:51.652+0000] {processor.py:186} INFO - Started process (PID=2699) to work on /home/airflow/.local/lib/python3.12/site-packages/airflow/example_dags/example_skip_dag.py
[2024-10-18T23:54:51.655+0000] {processor.py:914} INFO - Processing file /home/airflow/.local/lib/python3.12/site-packages/airflow/example_dags/example_skip_dag.py for tasks to queue
[2024-10-18T23:54:51.661+0000] {logging_mixin.py:190} INFO - [2024-10-18T23:54:51.660+0000] {dagbag.py:588} INFO - Filling up the DagBag from /home/airflow/.local/lib/python3.12/site-packages/airflow/example_dags/example_skip_dag.py
[2024-10-18T23:54:51.678+0000] {processor.py:925} INFO - DAG(s) 'example_skip_dag' retrieved from /home/airflow/.local/lib/python3.12/site-packages/airflow/example_dags/example_skip_dag.py
[2024-10-18T23:54:51.729+0000] {logging_mixin.py:190} INFO - [2024-10-18T23:54:51.728+0000] {dag.py:3239} INFO - Sync 1 DAGs
[2024-10-18T23:54:51.803+0000] {logging_mixin.py:190} INFO - [2024-10-18T23:54:51.801+0000] {dag.py:4180} INFO - Setting next_dagrun for example_skip_dag to 2024-10-17 00:00:00+00:00, run_after=2024-10-18 00:00:00+00:00
[2024-10-18T23:54:51.856+0000] {processor.py:208} INFO - Processing /home/airflow/.local/lib/python3.12/site-packages/airflow/example_dags/example_skip_dag.py took 0.218 seconds
[2024-10-18T23:56:50.333+0000] {processor.py:186} INFO - Started process (PID=2781) to work on /home/airflow/.local/lib/python3.12/site-packages/airflow/example_dags/example_skip_dag.py
[2024-10-18T23:56:50.335+0000] {processor.py:914} INFO - Processing file /home/airflow/.local/lib/python3.12/site-packages/airflow/example_dags/example_skip_dag.py for tasks to queue
[2024-10-18T23:56:50.340+0000] {logging_mixin.py:190} INFO - [2024-10-18T23:56:50.340+0000] {dagbag.py:588} INFO - Filling up the DagBag from /home/airflow/.local/lib/python3.12/site-packages/airflow/example_dags/example_skip_dag.py
[2024-10-18T23:56:50.357+0000] {processor.py:925} INFO - DAG(s) 'example_skip_dag' retrieved from /home/airflow/.local/lib/python3.12/site-packages/airflow/example_dags/example_skip_dag.py
[2024-10-18T23:56:50.874+0000] {logging_mixin.py:190} INFO - [2024-10-18T23:56:50.874+0000] {dag.py:3239} INFO - Sync 1 DAGs
[2024-10-18T23:56:51.542+0000] {logging_mixin.py:190} INFO - [2024-10-18T23:56:51.541+0000] {dag.py:4180} INFO - Setting next_dagrun for example_skip_dag to 2024-10-17 00:00:00+00:00, run_after=2024-10-18 00:00:00+00:00
[2024-10-18T23:56:51.588+0000] {processor.py:208} INFO - Processing /home/airflow/.local/lib/python3.12/site-packages/airflow/example_dags/example_skip_dag.py took 1.268 seconds
[2024-10-18T23:57:22.088+0000] {processor.py:186} INFO - Started process (PID=2844) to work on /home/airflow/.local/lib/python3.12/site-packages/airflow/example_dags/example_skip_dag.py
[2024-10-18T23:57:22.090+0000] {processor.py:914} INFO - Processing file /home/airflow/.local/lib/python3.12/site-packages/airflow/example_dags/example_skip_dag.py for tasks to queue
[2024-10-18T23:57:22.092+0000] {logging_mixin.py:190} INFO - [2024-10-18T23:57:22.092+0000] {dagbag.py:588} INFO - Filling up the DagBag from /home/airflow/.local/lib/python3.12/site-packages/airflow/example_dags/example_skip_dag.py
[2024-10-18T23:57:22.099+0000] {processor.py:925} INFO - DAG(s) 'example_skip_dag' retrieved from /home/airflow/.local/lib/python3.12/site-packages/airflow/example_dags/example_skip_dag.py
[2024-10-18T23:57:22.122+0000] {logging_mixin.py:190} INFO - [2024-10-18T23:57:22.122+0000] {dag.py:3239} INFO - Sync 1 DAGs
[2024-10-18T23:57:22.146+0000] {logging_mixin.py:190} INFO - [2024-10-18T23:57:22.146+0000] {dag.py:4180} INFO - Setting next_dagrun for example_skip_dag to 2024-10-17 00:00:00+00:00, run_after=2024-10-18 00:00:00+00:00
[2024-10-18T23:57:22.337+0000] {processor.py:208} INFO - Processing /home/airflow/.local/lib/python3.12/site-packages/airflow/example_dags/example_skip_dag.py took 0.254 seconds
[2024-10-18T23:57:52.517+0000] {processor.py:186} INFO - Started process (PID=2906) to work on /home/airflow/.local/lib/python3.12/site-packages/airflow/example_dags/example_skip_dag.py
[2024-10-18T23:57:52.519+0000] {processor.py:914} INFO - Processing file /home/airflow/.local/lib/python3.12/site-packages/airflow/example_dags/example_skip_dag.py for tasks to queue
[2024-10-18T23:57:52.522+0000] {logging_mixin.py:190} INFO - [2024-10-18T23:57:52.521+0000] {dagbag.py:588} INFO - Filling up the DagBag from /home/airflow/.local/lib/python3.12/site-packages/airflow/example_dags/example_skip_dag.py
[2024-10-18T23:57:52.535+0000] {processor.py:925} INFO - DAG(s) 'example_skip_dag' retrieved from /home/airflow/.local/lib/python3.12/site-packages/airflow/example_dags/example_skip_dag.py
[2024-10-18T23:57:52.559+0000] {logging_mixin.py:190} INFO - [2024-10-18T23:57:52.559+0000] {dag.py:3239} INFO - Sync 1 DAGs
[2024-10-18T23:57:52.594+0000] {logging_mixin.py:190} INFO - [2024-10-18T23:57:52.594+0000] {dag.py:4180} INFO - Setting next_dagrun for example_skip_dag to 2024-10-17 00:00:00+00:00, run_after=2024-10-18 00:00:00+00:00
[2024-10-18T23:57:52.616+0000] {processor.py:208} INFO - Processing /home/airflow/.local/lib/python3.12/site-packages/airflow/example_dags/example_skip_dag.py took 0.105 seconds
[2024-10-18T23:58:23.102+0000] {processor.py:186} INFO - Started process (PID=2968) to work on /home/airflow/.local/lib/python3.12/site-packages/airflow/example_dags/example_skip_dag.py
[2024-10-18T23:58:23.104+0000] {processor.py:914} INFO - Processing file /home/airflow/.local/lib/python3.12/site-packages/airflow/example_dags/example_skip_dag.py for tasks to queue
[2024-10-18T23:58:23.106+0000] {logging_mixin.py:190} INFO - [2024-10-18T23:58:23.106+0000] {dagbag.py:588} INFO - Filling up the DagBag from /home/airflow/.local/lib/python3.12/site-packages/airflow/example_dags/example_skip_dag.py
[2024-10-18T23:58:23.114+0000] {processor.py:925} INFO - DAG(s) 'example_skip_dag' retrieved from /home/airflow/.local/lib/python3.12/site-packages/airflow/example_dags/example_skip_dag.py
[2024-10-18T23:58:23.138+0000] {logging_mixin.py:190} INFO - [2024-10-18T23:58:23.138+0000] {dag.py:3239} INFO - Sync 1 DAGs
[2024-10-18T23:58:23.160+0000] {logging_mixin.py:190} INFO - [2024-10-18T23:58:23.159+0000] {dag.py:4180} INFO - Setting next_dagrun for example_skip_dag to 2024-10-17 00:00:00+00:00, run_after=2024-10-18 00:00:00+00:00
[2024-10-18T23:58:23.179+0000] {processor.py:208} INFO - Processing /home/airflow/.local/lib/python3.12/site-packages/airflow/example_dags/example_skip_dag.py took 0.081 seconds
[2024-10-18T23:58:53.673+0000] {processor.py:186} INFO - Started process (PID=3030) to work on /home/airflow/.local/lib/python3.12/site-packages/airflow/example_dags/example_skip_dag.py
[2024-10-18T23:58:53.674+0000] {processor.py:914} INFO - Processing file /home/airflow/.local/lib/python3.12/site-packages/airflow/example_dags/example_skip_dag.py for tasks to queue
[2024-10-18T23:58:53.678+0000] {logging_mixin.py:190} INFO - [2024-10-18T23:58:53.677+0000] {dagbag.py:588} INFO - Filling up the DagBag from /home/airflow/.local/lib/python3.12/site-packages/airflow/example_dags/example_skip_dag.py
[2024-10-18T23:58:53.689+0000] {processor.py:925} INFO - DAG(s) 'example_skip_dag' retrieved from /home/airflow/.local/lib/python3.12/site-packages/airflow/example_dags/example_skip_dag.py
[2024-10-18T23:58:53.717+0000] {logging_mixin.py:190} INFO - [2024-10-18T23:58:53.717+0000] {dag.py:3239} INFO - Sync 1 DAGs
[2024-10-18T23:58:53.750+0000] {logging_mixin.py:190} INFO - [2024-10-18T23:58:53.750+0000] {dag.py:4180} INFO - Setting next_dagrun for example_skip_dag to 2024-10-17 00:00:00+00:00, run_after=2024-10-18 00:00:00+00:00
[2024-10-18T23:58:53.779+0000] {processor.py:208} INFO - Processing /home/airflow/.local/lib/python3.12/site-packages/airflow/example_dags/example_skip_dag.py took 0.116 seconds
[2024-10-18T23:59:24.531+0000] {processor.py:186} INFO - Started process (PID=3091) to work on /home/airflow/.local/lib/python3.12/site-packages/airflow/example_dags/example_skip_dag.py
[2024-10-18T23:59:24.533+0000] {processor.py:914} INFO - Processing file /home/airflow/.local/lib/python3.12/site-packages/airflow/example_dags/example_skip_dag.py for tasks to queue
[2024-10-18T23:59:24.535+0000] {logging_mixin.py:190} INFO - [2024-10-18T23:59:24.535+0000] {dagbag.py:588} INFO - Filling up the DagBag from /home/airflow/.local/lib/python3.12/site-packages/airflow/example_dags/example_skip_dag.py
[2024-10-18T23:59:24.543+0000] {processor.py:925} INFO - DAG(s) 'example_skip_dag' retrieved from /home/airflow/.local/lib/python3.12/site-packages/airflow/example_dags/example_skip_dag.py
[2024-10-18T23:59:24.565+0000] {logging_mixin.py:190} INFO - [2024-10-18T23:59:24.564+0000] {dag.py:3239} INFO - Sync 1 DAGs
[2024-10-18T23:59:24.749+0000] {logging_mixin.py:190} INFO - [2024-10-18T23:59:24.749+0000] {dag.py:4180} INFO - Setting next_dagrun for example_skip_dag to 2024-10-17 00:00:00+00:00, run_after=2024-10-18 00:00:00+00:00
[2024-10-18T23:59:24.768+0000] {processor.py:208} INFO - Processing /home/airflow/.local/lib/python3.12/site-packages/airflow/example_dags/example_skip_dag.py took 0.242 seconds
[2024-10-18T23:59:54.897+0000] {processor.py:186} INFO - Started process (PID=3153) to work on /home/airflow/.local/lib/python3.12/site-packages/airflow/example_dags/example_skip_dag.py
[2024-10-18T23:59:54.898+0000] {processor.py:914} INFO - Processing file /home/airflow/.local/lib/python3.12/site-packages/airflow/example_dags/example_skip_dag.py for tasks to queue
[2024-10-18T23:59:54.901+0000] {logging_mixin.py:190} INFO - [2024-10-18T23:59:54.900+0000] {dagbag.py:588} INFO - Filling up the DagBag from /home/airflow/.local/lib/python3.12/site-packages/airflow/example_dags/example_skip_dag.py
[2024-10-18T23:59:54.909+0000] {processor.py:925} INFO - DAG(s) 'example_skip_dag' retrieved from /home/airflow/.local/lib/python3.12/site-packages/airflow/example_dags/example_skip_dag.py
[2024-10-18T23:59:54.932+0000] {logging_mixin.py:190} INFO - [2024-10-18T23:59:54.932+0000] {dag.py:3239} INFO - Sync 1 DAGs
[2024-10-18T23:59:54.956+0000] {logging_mixin.py:190} INFO - [2024-10-18T23:59:54.956+0000] {dag.py:4180} INFO - Setting next_dagrun for example_skip_dag to 2024-10-17 00:00:00+00:00, run_after=2024-10-18 00:00:00+00:00
[2024-10-18T23:59:54.980+0000] {processor.py:208} INFO - Processing /home/airflow/.local/lib/python3.12/site-packages/airflow/example_dags/example_skip_dag.py took 0.089 seconds
