[2024-10-18T23:33:07.003+0000] {processor.py:186} INFO - Started process (PID=101) to work on /home/airflow/.local/lib/python3.12/site-packages/airflow/example_dags/tutorial_objectstorage.py
[2024-10-18T23:33:07.004+0000] {processor.py:914} INFO - Processing file /home/airflow/.local/lib/python3.12/site-packages/airflow/example_dags/tutorial_objectstorage.py for tasks to queue
[2024-10-18T23:33:07.008+0000] {logging_mixin.py:190} INFO - [2024-10-18T23:33:07.008+0000] {dagbag.py:588} INFO - Filling up the DagBag from /home/airflow/.local/lib/python3.12/site-packages/airflow/example_dags/tutorial_objectstorage.py
[2024-10-18T23:33:07.039+0000] {processor.py:925} INFO - DAG(s) 'tutorial_objectstorage' retrieved from /home/airflow/.local/lib/python3.12/site-packages/airflow/example_dags/tutorial_objectstorage.py
[2024-10-18T23:33:07.201+0000] {logging_mixin.py:190} INFO - [2024-10-18T23:33:07.200+0000] {override.py:1900} INFO - Created Permission View: can read on DAG:tutorial_objectstorage
[2024-10-18T23:33:07.217+0000] {logging_mixin.py:190} INFO - [2024-10-18T23:33:07.217+0000] {override.py:1900} INFO - Created Permission View: can edit on DAG:tutorial_objectstorage
[2024-10-18T23:33:07.228+0000] {logging_mixin.py:190} INFO - [2024-10-18T23:33:07.228+0000] {override.py:1900} INFO - Created Permission View: can delete on DAG:tutorial_objectstorage
[2024-10-18T23:33:07.255+0000] {logging_mixin.py:190} INFO - [2024-10-18T23:33:07.254+0000] {override.py:1900} INFO - Created Permission View: can read on DAG Run:tutorial_objectstorage
[2024-10-18T23:33:07.267+0000] {logging_mixin.py:190} INFO - [2024-10-18T23:33:07.266+0000] {override.py:1900} INFO - Created Permission View: can create on DAG Run:tutorial_objectstorage
[2024-10-18T23:33:07.279+0000] {logging_mixin.py:190} INFO - [2024-10-18T23:33:07.278+0000] {override.py:1900} INFO - Created Permission View: menu access on DAG Run:tutorial_objectstorage
[2024-10-18T23:33:07.291+0000] {logging_mixin.py:190} INFO - [2024-10-18T23:33:07.290+0000] {override.py:1900} INFO - Created Permission View: can delete on DAG Run:tutorial_objectstorage
[2024-10-18T23:33:07.292+0000] {logging_mixin.py:190} INFO - [2024-10-18T23:33:07.292+0000] {dag.py:3239} INFO - Sync 1 DAGs
[2024-10-18T23:33:07.315+0000] {logging_mixin.py:190} INFO - [2024-10-18T23:33:07.315+0000] {dag.py:3262} INFO - Creating ORM DAG for tutorial_objectstorage
[2024-10-18T23:33:07.317+0000] {logging_mixin.py:190} INFO - [2024-10-18T23:33:07.316+0000] {dag.py:4180} INFO - Setting next_dagrun for tutorial_objectstorage to None, run_after=None
[2024-10-18T23:33:07.337+0000] {processor.py:208} INFO - Processing /home/airflow/.local/lib/python3.12/site-packages/airflow/example_dags/tutorial_objectstorage.py took 0.344 seconds
[2024-10-18T23:33:37.647+0000] {processor.py:186} INFO - Started process (PID=163) to work on /home/airflow/.local/lib/python3.12/site-packages/airflow/example_dags/tutorial_objectstorage.py
[2024-10-18T23:33:37.649+0000] {processor.py:914} INFO - Processing file /home/airflow/.local/lib/python3.12/site-packages/airflow/example_dags/tutorial_objectstorage.py for tasks to queue
[2024-10-18T23:33:37.652+0000] {logging_mixin.py:190} INFO - [2024-10-18T23:33:37.652+0000] {dagbag.py:588} INFO - Filling up the DagBag from /home/airflow/.local/lib/python3.12/site-packages/airflow/example_dags/tutorial_objectstorage.py
[2024-10-18T23:33:37.673+0000] {processor.py:925} INFO - DAG(s) 'tutorial_objectstorage' retrieved from /home/airflow/.local/lib/python3.12/site-packages/airflow/example_dags/tutorial_objectstorage.py
[2024-10-18T23:33:37.705+0000] {logging_mixin.py:190} INFO - [2024-10-18T23:33:37.705+0000] {dag.py:3239} INFO - Sync 1 DAGs
[2024-10-18T23:33:37.730+0000] {logging_mixin.py:190} INFO - [2024-10-18T23:33:37.729+0000] {dag.py:4180} INFO - Setting next_dagrun for tutorial_objectstorage to None, run_after=None
[2024-10-18T23:33:37.757+0000] {processor.py:208} INFO - Processing /home/airflow/.local/lib/python3.12/site-packages/airflow/example_dags/tutorial_objectstorage.py took 0.118 seconds
[2024-10-18T23:34:08.249+0000] {processor.py:186} INFO - Started process (PID=225) to work on /home/airflow/.local/lib/python3.12/site-packages/airflow/example_dags/tutorial_objectstorage.py
[2024-10-18T23:34:08.250+0000] {processor.py:914} INFO - Processing file /home/airflow/.local/lib/python3.12/site-packages/airflow/example_dags/tutorial_objectstorage.py for tasks to queue
[2024-10-18T23:34:08.253+0000] {logging_mixin.py:190} INFO - [2024-10-18T23:34:08.253+0000] {dagbag.py:588} INFO - Filling up the DagBag from /home/airflow/.local/lib/python3.12/site-packages/airflow/example_dags/tutorial_objectstorage.py
[2024-10-18T23:34:08.263+0000] {processor.py:925} INFO - DAG(s) 'tutorial_objectstorage' retrieved from /home/airflow/.local/lib/python3.12/site-packages/airflow/example_dags/tutorial_objectstorage.py
[2024-10-18T23:34:08.286+0000] {logging_mixin.py:190} INFO - [2024-10-18T23:34:08.285+0000] {dag.py:3239} INFO - Sync 1 DAGs
[2024-10-18T23:34:08.302+0000] {logging_mixin.py:190} INFO - [2024-10-18T23:34:08.302+0000] {dag.py:4180} INFO - Setting next_dagrun for tutorial_objectstorage to None, run_after=None
[2024-10-18T23:34:08.329+0000] {processor.py:208} INFO - Processing /home/airflow/.local/lib/python3.12/site-packages/airflow/example_dags/tutorial_objectstorage.py took 0.087 seconds
[2024-10-18T23:34:39.163+0000] {processor.py:186} INFO - Started process (PID=287) to work on /home/airflow/.local/lib/python3.12/site-packages/airflow/example_dags/tutorial_objectstorage.py
[2024-10-18T23:34:39.164+0000] {processor.py:914} INFO - Processing file /home/airflow/.local/lib/python3.12/site-packages/airflow/example_dags/tutorial_objectstorage.py for tasks to queue
[2024-10-18T23:34:39.167+0000] {logging_mixin.py:190} INFO - [2024-10-18T23:34:39.167+0000] {dagbag.py:588} INFO - Filling up the DagBag from /home/airflow/.local/lib/python3.12/site-packages/airflow/example_dags/tutorial_objectstorage.py
[2024-10-18T23:34:39.175+0000] {processor.py:925} INFO - DAG(s) 'tutorial_objectstorage' retrieved from /home/airflow/.local/lib/python3.12/site-packages/airflow/example_dags/tutorial_objectstorage.py
[2024-10-18T23:34:39.194+0000] {logging_mixin.py:190} INFO - [2024-10-18T23:34:39.193+0000] {dag.py:3239} INFO - Sync 1 DAGs
[2024-10-18T23:34:39.219+0000] {logging_mixin.py:190} INFO - [2024-10-18T23:34:39.219+0000] {dag.py:4180} INFO - Setting next_dagrun for tutorial_objectstorage to None, run_after=None
[2024-10-18T23:34:39.267+0000] {processor.py:208} INFO - Processing /home/airflow/.local/lib/python3.12/site-packages/airflow/example_dags/tutorial_objectstorage.py took 0.109 seconds
[2024-10-18T23:35:09.387+0000] {processor.py:186} INFO - Started process (PID=349) to work on /home/airflow/.local/lib/python3.12/site-packages/airflow/example_dags/tutorial_objectstorage.py
[2024-10-18T23:35:09.389+0000] {processor.py:914} INFO - Processing file /home/airflow/.local/lib/python3.12/site-packages/airflow/example_dags/tutorial_objectstorage.py for tasks to queue
[2024-10-18T23:35:09.391+0000] {logging_mixin.py:190} INFO - [2024-10-18T23:35:09.391+0000] {dagbag.py:588} INFO - Filling up the DagBag from /home/airflow/.local/lib/python3.12/site-packages/airflow/example_dags/tutorial_objectstorage.py
[2024-10-18T23:35:09.399+0000] {processor.py:925} INFO - DAG(s) 'tutorial_objectstorage' retrieved from /home/airflow/.local/lib/python3.12/site-packages/airflow/example_dags/tutorial_objectstorage.py
[2024-10-18T23:35:09.418+0000] {logging_mixin.py:190} INFO - [2024-10-18T23:35:09.418+0000] {dag.py:3239} INFO - Sync 1 DAGs
[2024-10-18T23:35:09.432+0000] {logging_mixin.py:190} INFO - [2024-10-18T23:35:09.432+0000] {dag.py:4180} INFO - Setting next_dagrun for tutorial_objectstorage to None, run_after=None
[2024-10-18T23:35:09.454+0000] {processor.py:208} INFO - Processing /home/airflow/.local/lib/python3.12/site-packages/airflow/example_dags/tutorial_objectstorage.py took 0.073 seconds
[2024-10-18T23:35:40.884+0000] {processor.py:186} INFO - Started process (PID=411) to work on /home/airflow/.local/lib/python3.12/site-packages/airflow/example_dags/tutorial_objectstorage.py
[2024-10-18T23:35:40.885+0000] {processor.py:914} INFO - Processing file /home/airflow/.local/lib/python3.12/site-packages/airflow/example_dags/tutorial_objectstorage.py for tasks to queue
[2024-10-18T23:35:40.889+0000] {logging_mixin.py:190} INFO - [2024-10-18T23:35:40.888+0000] {dagbag.py:588} INFO - Filling up the DagBag from /home/airflow/.local/lib/python3.12/site-packages/airflow/example_dags/tutorial_objectstorage.py
[2024-10-18T23:35:40.899+0000] {processor.py:925} INFO - DAG(s) 'tutorial_objectstorage' retrieved from /home/airflow/.local/lib/python3.12/site-packages/airflow/example_dags/tutorial_objectstorage.py
[2024-10-18T23:35:40.916+0000] {logging_mixin.py:190} INFO - [2024-10-18T23:35:40.915+0000] {dag.py:3239} INFO - Sync 1 DAGs
[2024-10-18T23:35:40.930+0000] {logging_mixin.py:190} INFO - [2024-10-18T23:35:40.929+0000] {dag.py:4180} INFO - Setting next_dagrun for tutorial_objectstorage to None, run_after=None
[2024-10-18T23:35:40.951+0000] {processor.py:208} INFO - Processing /home/airflow/.local/lib/python3.12/site-packages/airflow/example_dags/tutorial_objectstorage.py took 0.075 seconds
[2024-10-18T23:36:15.663+0000] {processor.py:186} INFO - Started process (PID=473) to work on /home/airflow/.local/lib/python3.12/site-packages/airflow/example_dags/tutorial_objectstorage.py
[2024-10-18T23:36:15.665+0000] {processor.py:914} INFO - Processing file /home/airflow/.local/lib/python3.12/site-packages/airflow/example_dags/tutorial_objectstorage.py for tasks to queue
[2024-10-18T23:36:15.668+0000] {logging_mixin.py:190} INFO - [2024-10-18T23:36:15.668+0000] {dagbag.py:588} INFO - Filling up the DagBag from /home/airflow/.local/lib/python3.12/site-packages/airflow/example_dags/tutorial_objectstorage.py
[2024-10-18T23:36:15.681+0000] {processor.py:925} INFO - DAG(s) 'tutorial_objectstorage' retrieved from /home/airflow/.local/lib/python3.12/site-packages/airflow/example_dags/tutorial_objectstorage.py
[2024-10-18T23:36:15.703+0000] {logging_mixin.py:190} INFO - [2024-10-18T23:36:15.703+0000] {dag.py:3239} INFO - Sync 1 DAGs
[2024-10-18T23:36:15.724+0000] {logging_mixin.py:190} INFO - [2024-10-18T23:36:15.723+0000] {dag.py:4180} INFO - Setting next_dagrun for tutorial_objectstorage to None, run_after=None
[2024-10-18T23:36:15.746+0000] {processor.py:208} INFO - Processing /home/airflow/.local/lib/python3.12/site-packages/airflow/example_dags/tutorial_objectstorage.py took 0.089 seconds
[2024-10-18T23:36:46.651+0000] {processor.py:186} INFO - Started process (PID=535) to work on /home/airflow/.local/lib/python3.12/site-packages/airflow/example_dags/tutorial_objectstorage.py
[2024-10-18T23:36:46.653+0000] {processor.py:914} INFO - Processing file /home/airflow/.local/lib/python3.12/site-packages/airflow/example_dags/tutorial_objectstorage.py for tasks to queue
[2024-10-18T23:36:46.657+0000] {logging_mixin.py:190} INFO - [2024-10-18T23:36:46.656+0000] {dagbag.py:588} INFO - Filling up the DagBag from /home/airflow/.local/lib/python3.12/site-packages/airflow/example_dags/tutorial_objectstorage.py
[2024-10-18T23:36:46.672+0000] {processor.py:925} INFO - DAG(s) 'tutorial_objectstorage' retrieved from /home/airflow/.local/lib/python3.12/site-packages/airflow/example_dags/tutorial_objectstorage.py
[2024-10-18T23:36:46.700+0000] {logging_mixin.py:190} INFO - [2024-10-18T23:36:46.700+0000] {dag.py:3239} INFO - Sync 1 DAGs
[2024-10-18T23:36:46.722+0000] {logging_mixin.py:190} INFO - [2024-10-18T23:36:46.722+0000] {dag.py:4180} INFO - Setting next_dagrun for tutorial_objectstorage to None, run_after=None
[2024-10-18T23:36:46.753+0000] {processor.py:208} INFO - Processing /home/airflow/.local/lib/python3.12/site-packages/airflow/example_dags/tutorial_objectstorage.py took 0.112 seconds
[2024-10-18T23:37:17.555+0000] {processor.py:186} INFO - Started process (PID=597) to work on /home/airflow/.local/lib/python3.12/site-packages/airflow/example_dags/tutorial_objectstorage.py
[2024-10-18T23:37:17.557+0000] {processor.py:914} INFO - Processing file /home/airflow/.local/lib/python3.12/site-packages/airflow/example_dags/tutorial_objectstorage.py for tasks to queue
[2024-10-18T23:37:17.560+0000] {logging_mixin.py:190} INFO - [2024-10-18T23:37:17.559+0000] {dagbag.py:588} INFO - Filling up the DagBag from /home/airflow/.local/lib/python3.12/site-packages/airflow/example_dags/tutorial_objectstorage.py
[2024-10-18T23:37:17.569+0000] {processor.py:925} INFO - DAG(s) 'tutorial_objectstorage' retrieved from /home/airflow/.local/lib/python3.12/site-packages/airflow/example_dags/tutorial_objectstorage.py
[2024-10-18T23:37:17.593+0000] {logging_mixin.py:190} INFO - [2024-10-18T23:37:17.593+0000] {dag.py:3239} INFO - Sync 1 DAGs
[2024-10-18T23:37:17.606+0000] {logging_mixin.py:190} INFO - [2024-10-18T23:37:17.606+0000] {dag.py:4180} INFO - Setting next_dagrun for tutorial_objectstorage to None, run_after=None
[2024-10-18T23:37:17.627+0000] {processor.py:208} INFO - Processing /home/airflow/.local/lib/python3.12/site-packages/airflow/example_dags/tutorial_objectstorage.py took 0.077 seconds
[2024-10-18T23:37:48.118+0000] {processor.py:186} INFO - Started process (PID=659) to work on /home/airflow/.local/lib/python3.12/site-packages/airflow/example_dags/tutorial_objectstorage.py
[2024-10-18T23:37:48.119+0000] {processor.py:914} INFO - Processing file /home/airflow/.local/lib/python3.12/site-packages/airflow/example_dags/tutorial_objectstorage.py for tasks to queue
[2024-10-18T23:37:48.122+0000] {logging_mixin.py:190} INFO - [2024-10-18T23:37:48.122+0000] {dagbag.py:588} INFO - Filling up the DagBag from /home/airflow/.local/lib/python3.12/site-packages/airflow/example_dags/tutorial_objectstorage.py
[2024-10-18T23:37:48.131+0000] {processor.py:925} INFO - DAG(s) 'tutorial_objectstorage' retrieved from /home/airflow/.local/lib/python3.12/site-packages/airflow/example_dags/tutorial_objectstorage.py
[2024-10-18T23:37:48.151+0000] {logging_mixin.py:190} INFO - [2024-10-18T23:37:48.151+0000] {dag.py:3239} INFO - Sync 1 DAGs
[2024-10-18T23:37:48.166+0000] {logging_mixin.py:190} INFO - [2024-10-18T23:37:48.166+0000] {dag.py:4180} INFO - Setting next_dagrun for tutorial_objectstorage to None, run_after=None
[2024-10-18T23:37:48.186+0000] {processor.py:208} INFO - Processing /home/airflow/.local/lib/python3.12/site-packages/airflow/example_dags/tutorial_objectstorage.py took 0.073 seconds
[2024-10-18T23:38:18.902+0000] {processor.py:186} INFO - Started process (PID=721) to work on /home/airflow/.local/lib/python3.12/site-packages/airflow/example_dags/tutorial_objectstorage.py
[2024-10-18T23:38:18.903+0000] {processor.py:914} INFO - Processing file /home/airflow/.local/lib/python3.12/site-packages/airflow/example_dags/tutorial_objectstorage.py for tasks to queue
[2024-10-18T23:38:18.906+0000] {logging_mixin.py:190} INFO - [2024-10-18T23:38:18.905+0000] {dagbag.py:588} INFO - Filling up the DagBag from /home/airflow/.local/lib/python3.12/site-packages/airflow/example_dags/tutorial_objectstorage.py
[2024-10-18T23:38:18.915+0000] {processor.py:925} INFO - DAG(s) 'tutorial_objectstorage' retrieved from /home/airflow/.local/lib/python3.12/site-packages/airflow/example_dags/tutorial_objectstorage.py
[2024-10-18T23:38:18.933+0000] {logging_mixin.py:190} INFO - [2024-10-18T23:38:18.933+0000] {dag.py:3239} INFO - Sync 1 DAGs
[2024-10-18T23:38:18.946+0000] {logging_mixin.py:190} INFO - [2024-10-18T23:38:18.946+0000] {dag.py:4180} INFO - Setting next_dagrun for tutorial_objectstorage to None, run_after=None
[2024-10-18T23:38:18.966+0000] {processor.py:208} INFO - Processing /home/airflow/.local/lib/python3.12/site-packages/airflow/example_dags/tutorial_objectstorage.py took 0.069 seconds
[2024-10-18T23:38:49.587+0000] {processor.py:186} INFO - Started process (PID=783) to work on /home/airflow/.local/lib/python3.12/site-packages/airflow/example_dags/tutorial_objectstorage.py
[2024-10-18T23:38:49.588+0000] {processor.py:914} INFO - Processing file /home/airflow/.local/lib/python3.12/site-packages/airflow/example_dags/tutorial_objectstorage.py for tasks to queue
[2024-10-18T23:38:49.591+0000] {logging_mixin.py:190} INFO - [2024-10-18T23:38:49.590+0000] {dagbag.py:588} INFO - Filling up the DagBag from /home/airflow/.local/lib/python3.12/site-packages/airflow/example_dags/tutorial_objectstorage.py
[2024-10-18T23:38:49.600+0000] {processor.py:925} INFO - DAG(s) 'tutorial_objectstorage' retrieved from /home/airflow/.local/lib/python3.12/site-packages/airflow/example_dags/tutorial_objectstorage.py
[2024-10-18T23:38:49.624+0000] {logging_mixin.py:190} INFO - [2024-10-18T23:38:49.624+0000] {dag.py:3239} INFO - Sync 1 DAGs
[2024-10-18T23:38:49.638+0000] {logging_mixin.py:190} INFO - [2024-10-18T23:38:49.637+0000] {dag.py:4180} INFO - Setting next_dagrun for tutorial_objectstorage to None, run_after=None
[2024-10-18T23:38:49.661+0000] {processor.py:208} INFO - Processing /home/airflow/.local/lib/python3.12/site-packages/airflow/example_dags/tutorial_objectstorage.py took 0.080 seconds
[2024-10-18T23:39:20.358+0000] {processor.py:186} INFO - Started process (PID=845) to work on /home/airflow/.local/lib/python3.12/site-packages/airflow/example_dags/tutorial_objectstorage.py
[2024-10-18T23:39:20.359+0000] {processor.py:914} INFO - Processing file /home/airflow/.local/lib/python3.12/site-packages/airflow/example_dags/tutorial_objectstorage.py for tasks to queue
[2024-10-18T23:39:20.362+0000] {logging_mixin.py:190} INFO - [2024-10-18T23:39:20.362+0000] {dagbag.py:588} INFO - Filling up the DagBag from /home/airflow/.local/lib/python3.12/site-packages/airflow/example_dags/tutorial_objectstorage.py
[2024-10-18T23:39:20.371+0000] {processor.py:925} INFO - DAG(s) 'tutorial_objectstorage' retrieved from /home/airflow/.local/lib/python3.12/site-packages/airflow/example_dags/tutorial_objectstorage.py
[2024-10-18T23:39:20.395+0000] {logging_mixin.py:190} INFO - [2024-10-18T23:39:20.394+0000] {dag.py:3239} INFO - Sync 1 DAGs
[2024-10-18T23:39:20.418+0000] {logging_mixin.py:190} INFO - [2024-10-18T23:39:20.417+0000] {dag.py:4180} INFO - Setting next_dagrun for tutorial_objectstorage to None, run_after=None
[2024-10-18T23:39:20.447+0000] {processor.py:208} INFO - Processing /home/airflow/.local/lib/python3.12/site-packages/airflow/example_dags/tutorial_objectstorage.py took 0.095 seconds
[2024-10-18T23:39:51.481+0000] {processor.py:186} INFO - Started process (PID=907) to work on /home/airflow/.local/lib/python3.12/site-packages/airflow/example_dags/tutorial_objectstorage.py
[2024-10-18T23:39:51.483+0000] {processor.py:914} INFO - Processing file /home/airflow/.local/lib/python3.12/site-packages/airflow/example_dags/tutorial_objectstorage.py for tasks to queue
[2024-10-18T23:39:51.487+0000] {logging_mixin.py:190} INFO - [2024-10-18T23:39:51.487+0000] {dagbag.py:588} INFO - Filling up the DagBag from /home/airflow/.local/lib/python3.12/site-packages/airflow/example_dags/tutorial_objectstorage.py
[2024-10-18T23:39:51.509+0000] {processor.py:925} INFO - DAG(s) 'tutorial_objectstorage' retrieved from /home/airflow/.local/lib/python3.12/site-packages/airflow/example_dags/tutorial_objectstorage.py
[2024-10-18T23:39:51.552+0000] {logging_mixin.py:190} INFO - [2024-10-18T23:39:51.552+0000] {dag.py:3239} INFO - Sync 1 DAGs
[2024-10-18T23:39:51.591+0000] {logging_mixin.py:190} INFO - [2024-10-18T23:39:51.590+0000] {dag.py:4180} INFO - Setting next_dagrun for tutorial_objectstorage to None, run_after=None
[2024-10-18T23:39:51.664+0000] {processor.py:208} INFO - Processing /home/airflow/.local/lib/python3.12/site-packages/airflow/example_dags/tutorial_objectstorage.py took 0.195 seconds
[2024-10-18T23:40:22.307+0000] {processor.py:186} INFO - Started process (PID=969) to work on /home/airflow/.local/lib/python3.12/site-packages/airflow/example_dags/tutorial_objectstorage.py
[2024-10-18T23:40:22.308+0000] {processor.py:914} INFO - Processing file /home/airflow/.local/lib/python3.12/site-packages/airflow/example_dags/tutorial_objectstorage.py for tasks to queue
[2024-10-18T23:40:22.311+0000] {logging_mixin.py:190} INFO - [2024-10-18T23:40:22.311+0000] {dagbag.py:588} INFO - Filling up the DagBag from /home/airflow/.local/lib/python3.12/site-packages/airflow/example_dags/tutorial_objectstorage.py
[2024-10-18T23:40:22.320+0000] {processor.py:925} INFO - DAG(s) 'tutorial_objectstorage' retrieved from /home/airflow/.local/lib/python3.12/site-packages/airflow/example_dags/tutorial_objectstorage.py
[2024-10-18T23:40:22.342+0000] {logging_mixin.py:190} INFO - [2024-10-18T23:40:22.342+0000] {dag.py:3239} INFO - Sync 1 DAGs
[2024-10-18T23:40:22.356+0000] {logging_mixin.py:190} INFO - [2024-10-18T23:40:22.356+0000] {dag.py:4180} INFO - Setting next_dagrun for tutorial_objectstorage to None, run_after=None
[2024-10-18T23:40:22.376+0000] {processor.py:208} INFO - Processing /home/airflow/.local/lib/python3.12/site-packages/airflow/example_dags/tutorial_objectstorage.py took 0.075 seconds
[2024-10-18T23:40:52.621+0000] {processor.py:186} INFO - Started process (PID=1031) to work on /home/airflow/.local/lib/python3.12/site-packages/airflow/example_dags/tutorial_objectstorage.py
[2024-10-18T23:40:52.622+0000] {processor.py:914} INFO - Processing file /home/airflow/.local/lib/python3.12/site-packages/airflow/example_dags/tutorial_objectstorage.py for tasks to queue
[2024-10-18T23:40:52.625+0000] {logging_mixin.py:190} INFO - [2024-10-18T23:40:52.624+0000] {dagbag.py:588} INFO - Filling up the DagBag from /home/airflow/.local/lib/python3.12/site-packages/airflow/example_dags/tutorial_objectstorage.py
[2024-10-18T23:40:52.634+0000] {processor.py:925} INFO - DAG(s) 'tutorial_objectstorage' retrieved from /home/airflow/.local/lib/python3.12/site-packages/airflow/example_dags/tutorial_objectstorage.py
[2024-10-18T23:40:52.654+0000] {logging_mixin.py:190} INFO - [2024-10-18T23:40:52.653+0000] {dag.py:3239} INFO - Sync 1 DAGs
[2024-10-18T23:40:52.668+0000] {logging_mixin.py:190} INFO - [2024-10-18T23:40:52.667+0000] {dag.py:4180} INFO - Setting next_dagrun for tutorial_objectstorage to None, run_after=None
[2024-10-18T23:40:52.688+0000] {processor.py:208} INFO - Processing /home/airflow/.local/lib/python3.12/site-packages/airflow/example_dags/tutorial_objectstorage.py took 0.073 seconds
[2024-10-18T23:41:23.173+0000] {processor.py:186} INFO - Started process (PID=1093) to work on /home/airflow/.local/lib/python3.12/site-packages/airflow/example_dags/tutorial_objectstorage.py
[2024-10-18T23:41:23.175+0000] {processor.py:914} INFO - Processing file /home/airflow/.local/lib/python3.12/site-packages/airflow/example_dags/tutorial_objectstorage.py for tasks to queue
[2024-10-18T23:41:23.178+0000] {logging_mixin.py:190} INFO - [2024-10-18T23:41:23.178+0000] {dagbag.py:588} INFO - Filling up the DagBag from /home/airflow/.local/lib/python3.12/site-packages/airflow/example_dags/tutorial_objectstorage.py
[2024-10-18T23:41:23.193+0000] {processor.py:925} INFO - DAG(s) 'tutorial_objectstorage' retrieved from /home/airflow/.local/lib/python3.12/site-packages/airflow/example_dags/tutorial_objectstorage.py
[2024-10-18T23:41:23.223+0000] {logging_mixin.py:190} INFO - [2024-10-18T23:41:23.222+0000] {dag.py:3239} INFO - Sync 1 DAGs
[2024-10-18T23:41:23.242+0000] {logging_mixin.py:190} INFO - [2024-10-18T23:41:23.241+0000] {dag.py:4180} INFO - Setting next_dagrun for tutorial_objectstorage to None, run_after=None
[2024-10-18T23:41:23.270+0000] {processor.py:208} INFO - Processing /home/airflow/.local/lib/python3.12/site-packages/airflow/example_dags/tutorial_objectstorage.py took 0.104 seconds
[2024-10-18T23:41:54.209+0000] {processor.py:186} INFO - Started process (PID=1155) to work on /home/airflow/.local/lib/python3.12/site-packages/airflow/example_dags/tutorial_objectstorage.py
[2024-10-18T23:41:54.212+0000] {processor.py:914} INFO - Processing file /home/airflow/.local/lib/python3.12/site-packages/airflow/example_dags/tutorial_objectstorage.py for tasks to queue
[2024-10-18T23:41:54.219+0000] {logging_mixin.py:190} INFO - [2024-10-18T23:41:54.218+0000] {dagbag.py:588} INFO - Filling up the DagBag from /home/airflow/.local/lib/python3.12/site-packages/airflow/example_dags/tutorial_objectstorage.py
[2024-10-18T23:41:54.257+0000] {processor.py:925} INFO - DAG(s) 'tutorial_objectstorage' retrieved from /home/airflow/.local/lib/python3.12/site-packages/airflow/example_dags/tutorial_objectstorage.py
[2024-10-18T23:41:54.334+0000] {logging_mixin.py:190} INFO - [2024-10-18T23:41:54.334+0000] {dag.py:3239} INFO - Sync 1 DAGs
[2024-10-18T23:41:54.391+0000] {logging_mixin.py:190} INFO - [2024-10-18T23:41:54.391+0000] {dag.py:4180} INFO - Setting next_dagrun for tutorial_objectstorage to None, run_after=None
[2024-10-18T23:41:54.459+0000] {processor.py:208} INFO - Processing /home/airflow/.local/lib/python3.12/site-packages/airflow/example_dags/tutorial_objectstorage.py took 0.268 seconds
[2024-10-18T23:42:25.950+0000] {processor.py:186} INFO - Started process (PID=1217) to work on /home/airflow/.local/lib/python3.12/site-packages/airflow/example_dags/tutorial_objectstorage.py
[2024-10-18T23:42:25.970+0000] {processor.py:914} INFO - Processing file /home/airflow/.local/lib/python3.12/site-packages/airflow/example_dags/tutorial_objectstorage.py for tasks to queue
[2024-10-18T23:42:25.986+0000] {logging_mixin.py:190} INFO - [2024-10-18T23:42:25.986+0000] {dagbag.py:588} INFO - Filling up the DagBag from /home/airflow/.local/lib/python3.12/site-packages/airflow/example_dags/tutorial_objectstorage.py
[2024-10-18T23:42:26.010+0000] {processor.py:925} INFO - DAG(s) 'tutorial_objectstorage' retrieved from /home/airflow/.local/lib/python3.12/site-packages/airflow/example_dags/tutorial_objectstorage.py
[2024-10-18T23:42:26.073+0000] {logging_mixin.py:190} INFO - [2024-10-18T23:42:26.073+0000] {dag.py:3239} INFO - Sync 1 DAGs
[2024-10-18T23:42:26.089+0000] {logging_mixin.py:190} INFO - [2024-10-18T23:42:26.089+0000] {dag.py:4180} INFO - Setting next_dagrun for tutorial_objectstorage to None, run_after=None
[2024-10-18T23:42:26.112+0000] {processor.py:208} INFO - Processing /home/airflow/.local/lib/python3.12/site-packages/airflow/example_dags/tutorial_objectstorage.py took 0.205 seconds
[2024-10-18T23:42:59.808+0000] {processor.py:186} INFO - Started process (PID=1279) to work on /home/airflow/.local/lib/python3.12/site-packages/airflow/example_dags/tutorial_objectstorage.py
[2024-10-18T23:42:59.916+0000] {processor.py:914} INFO - Processing file /home/airflow/.local/lib/python3.12/site-packages/airflow/example_dags/tutorial_objectstorage.py for tasks to queue
[2024-10-18T23:42:59.959+0000] {logging_mixin.py:190} INFO - [2024-10-18T23:42:59.958+0000] {dagbag.py:588} INFO - Filling up the DagBag from /home/airflow/.local/lib/python3.12/site-packages/airflow/example_dags/tutorial_objectstorage.py
[2024-10-18T23:43:00.129+0000] {processor.py:925} INFO - DAG(s) 'tutorial_objectstorage' retrieved from /home/airflow/.local/lib/python3.12/site-packages/airflow/example_dags/tutorial_objectstorage.py
[2024-10-18T23:43:00.326+0000] {logging_mixin.py:190} INFO - [2024-10-18T23:43:00.326+0000] {dag.py:3239} INFO - Sync 1 DAGs
[2024-10-18T23:43:00.534+0000] {logging_mixin.py:190} INFO - [2024-10-18T23:43:00.533+0000] {dag.py:4180} INFO - Setting next_dagrun for tutorial_objectstorage to None, run_after=None
[2024-10-18T23:43:00.685+0000] {processor.py:208} INFO - Processing /home/airflow/.local/lib/python3.12/site-packages/airflow/example_dags/tutorial_objectstorage.py took 0.898 seconds
[2024-10-18T23:43:30.920+0000] {processor.py:186} INFO - Started process (PID=1340) to work on /home/airflow/.local/lib/python3.12/site-packages/airflow/example_dags/tutorial_objectstorage.py
[2024-10-18T23:43:30.921+0000] {processor.py:914} INFO - Processing file /home/airflow/.local/lib/python3.12/site-packages/airflow/example_dags/tutorial_objectstorage.py for tasks to queue
[2024-10-18T23:43:30.924+0000] {logging_mixin.py:190} INFO - [2024-10-18T23:43:30.924+0000] {dagbag.py:588} INFO - Filling up the DagBag from /home/airflow/.local/lib/python3.12/site-packages/airflow/example_dags/tutorial_objectstorage.py
[2024-10-18T23:43:30.934+0000] {processor.py:925} INFO - DAG(s) 'tutorial_objectstorage' retrieved from /home/airflow/.local/lib/python3.12/site-packages/airflow/example_dags/tutorial_objectstorage.py
[2024-10-18T23:43:30.953+0000] {logging_mixin.py:190} INFO - [2024-10-18T23:43:30.953+0000] {dag.py:3239} INFO - Sync 1 DAGs
[2024-10-18T23:43:30.966+0000] {logging_mixin.py:190} INFO - [2024-10-18T23:43:30.965+0000] {dag.py:4180} INFO - Setting next_dagrun for tutorial_objectstorage to None, run_after=None
[2024-10-18T23:43:30.983+0000] {processor.py:208} INFO - Processing /home/airflow/.local/lib/python3.12/site-packages/airflow/example_dags/tutorial_objectstorage.py took 0.070 seconds
[2024-10-18T23:44:01.430+0000] {processor.py:186} INFO - Started process (PID=1402) to work on /home/airflow/.local/lib/python3.12/site-packages/airflow/example_dags/tutorial_objectstorage.py
[2024-10-18T23:44:01.432+0000] {processor.py:914} INFO - Processing file /home/airflow/.local/lib/python3.12/site-packages/airflow/example_dags/tutorial_objectstorage.py for tasks to queue
[2024-10-18T23:44:01.434+0000] {logging_mixin.py:190} INFO - [2024-10-18T23:44:01.434+0000] {dagbag.py:588} INFO - Filling up the DagBag from /home/airflow/.local/lib/python3.12/site-packages/airflow/example_dags/tutorial_objectstorage.py
[2024-10-18T23:44:01.443+0000] {processor.py:925} INFO - DAG(s) 'tutorial_objectstorage' retrieved from /home/airflow/.local/lib/python3.12/site-packages/airflow/example_dags/tutorial_objectstorage.py
[2024-10-18T23:44:01.463+0000] {logging_mixin.py:190} INFO - [2024-10-18T23:44:01.463+0000] {dag.py:3239} INFO - Sync 1 DAGs
[2024-10-18T23:44:01.476+0000] {logging_mixin.py:190} INFO - [2024-10-18T23:44:01.476+0000] {dag.py:4180} INFO - Setting next_dagrun for tutorial_objectstorage to None, run_after=None
[2024-10-18T23:44:01.503+0000] {processor.py:208} INFO - Processing /home/airflow/.local/lib/python3.12/site-packages/airflow/example_dags/tutorial_objectstorage.py took 0.080 seconds
[2024-10-18T23:44:31.755+0000] {processor.py:186} INFO - Started process (PID=1464) to work on /home/airflow/.local/lib/python3.12/site-packages/airflow/example_dags/tutorial_objectstorage.py
[2024-10-18T23:44:31.756+0000] {processor.py:914} INFO - Processing file /home/airflow/.local/lib/python3.12/site-packages/airflow/example_dags/tutorial_objectstorage.py for tasks to queue
[2024-10-18T23:44:31.759+0000] {logging_mixin.py:190} INFO - [2024-10-18T23:44:31.759+0000] {dagbag.py:588} INFO - Filling up the DagBag from /home/airflow/.local/lib/python3.12/site-packages/airflow/example_dags/tutorial_objectstorage.py
[2024-10-18T23:44:31.770+0000] {processor.py:925} INFO - DAG(s) 'tutorial_objectstorage' retrieved from /home/airflow/.local/lib/python3.12/site-packages/airflow/example_dags/tutorial_objectstorage.py
[2024-10-18T23:44:31.790+0000] {logging_mixin.py:190} INFO - [2024-10-18T23:44:31.789+0000] {dag.py:3239} INFO - Sync 1 DAGs
[2024-10-18T23:44:31.803+0000] {logging_mixin.py:190} INFO - [2024-10-18T23:44:31.802+0000] {dag.py:4180} INFO - Setting next_dagrun for tutorial_objectstorage to None, run_after=None
[2024-10-18T23:44:31.824+0000] {processor.py:208} INFO - Processing /home/airflow/.local/lib/python3.12/site-packages/airflow/example_dags/tutorial_objectstorage.py took 0.074 seconds
[2024-10-18T23:45:02.250+0000] {processor.py:186} INFO - Started process (PID=1526) to work on /home/airflow/.local/lib/python3.12/site-packages/airflow/example_dags/tutorial_objectstorage.py
[2024-10-18T23:45:02.252+0000] {processor.py:914} INFO - Processing file /home/airflow/.local/lib/python3.12/site-packages/airflow/example_dags/tutorial_objectstorage.py for tasks to queue
[2024-10-18T23:45:02.254+0000] {logging_mixin.py:190} INFO - [2024-10-18T23:45:02.254+0000] {dagbag.py:588} INFO - Filling up the DagBag from /home/airflow/.local/lib/python3.12/site-packages/airflow/example_dags/tutorial_objectstorage.py
[2024-10-18T23:45:02.263+0000] {processor.py:925} INFO - DAG(s) 'tutorial_objectstorage' retrieved from /home/airflow/.local/lib/python3.12/site-packages/airflow/example_dags/tutorial_objectstorage.py
[2024-10-18T23:45:02.281+0000] {logging_mixin.py:190} INFO - [2024-10-18T23:45:02.280+0000] {dag.py:3239} INFO - Sync 1 DAGs
[2024-10-18T23:45:02.293+0000] {logging_mixin.py:190} INFO - [2024-10-18T23:45:02.293+0000] {dag.py:4180} INFO - Setting next_dagrun for tutorial_objectstorage to None, run_after=None
[2024-10-18T23:45:02.312+0000] {processor.py:208} INFO - Processing /home/airflow/.local/lib/python3.12/site-packages/airflow/example_dags/tutorial_objectstorage.py took 0.066 seconds
[2024-10-18T23:45:32.803+0000] {processor.py:186} INFO - Started process (PID=1588) to work on /home/airflow/.local/lib/python3.12/site-packages/airflow/example_dags/tutorial_objectstorage.py
[2024-10-18T23:45:32.805+0000] {processor.py:914} INFO - Processing file /home/airflow/.local/lib/python3.12/site-packages/airflow/example_dags/tutorial_objectstorage.py for tasks to queue
[2024-10-18T23:45:32.807+0000] {logging_mixin.py:190} INFO - [2024-10-18T23:45:32.807+0000] {dagbag.py:588} INFO - Filling up the DagBag from /home/airflow/.local/lib/python3.12/site-packages/airflow/example_dags/tutorial_objectstorage.py
[2024-10-18T23:45:32.815+0000] {processor.py:925} INFO - DAG(s) 'tutorial_objectstorage' retrieved from /home/airflow/.local/lib/python3.12/site-packages/airflow/example_dags/tutorial_objectstorage.py
[2024-10-18T23:45:32.836+0000] {logging_mixin.py:190} INFO - [2024-10-18T23:45:32.836+0000] {dag.py:3239} INFO - Sync 1 DAGs
[2024-10-18T23:45:32.848+0000] {logging_mixin.py:190} INFO - [2024-10-18T23:45:32.848+0000] {dag.py:4180} INFO - Setting next_dagrun for tutorial_objectstorage to None, run_after=None
[2024-10-18T23:45:32.867+0000] {processor.py:208} INFO - Processing /home/airflow/.local/lib/python3.12/site-packages/airflow/example_dags/tutorial_objectstorage.py took 0.069 seconds
[2024-10-18T23:46:03.602+0000] {processor.py:186} INFO - Started process (PID=1650) to work on /home/airflow/.local/lib/python3.12/site-packages/airflow/example_dags/tutorial_objectstorage.py
[2024-10-18T23:46:03.604+0000] {processor.py:914} INFO - Processing file /home/airflow/.local/lib/python3.12/site-packages/airflow/example_dags/tutorial_objectstorage.py for tasks to queue
[2024-10-18T23:46:03.606+0000] {logging_mixin.py:190} INFO - [2024-10-18T23:46:03.606+0000] {dagbag.py:588} INFO - Filling up the DagBag from /home/airflow/.local/lib/python3.12/site-packages/airflow/example_dags/tutorial_objectstorage.py
[2024-10-18T23:46:03.613+0000] {processor.py:925} INFO - DAG(s) 'tutorial_objectstorage' retrieved from /home/airflow/.local/lib/python3.12/site-packages/airflow/example_dags/tutorial_objectstorage.py
[2024-10-18T23:46:03.631+0000] {logging_mixin.py:190} INFO - [2024-10-18T23:46:03.630+0000] {dag.py:3239} INFO - Sync 1 DAGs
[2024-10-18T23:46:03.643+0000] {logging_mixin.py:190} INFO - [2024-10-18T23:46:03.643+0000] {dag.py:4180} INFO - Setting next_dagrun for tutorial_objectstorage to None, run_after=None
[2024-10-18T23:46:03.665+0000] {processor.py:208} INFO - Processing /home/airflow/.local/lib/python3.12/site-packages/airflow/example_dags/tutorial_objectstorage.py took 0.067 seconds
[2024-10-18T23:46:34.350+0000] {processor.py:186} INFO - Started process (PID=1712) to work on /home/airflow/.local/lib/python3.12/site-packages/airflow/example_dags/tutorial_objectstorage.py
[2024-10-18T23:46:34.351+0000] {processor.py:914} INFO - Processing file /home/airflow/.local/lib/python3.12/site-packages/airflow/example_dags/tutorial_objectstorage.py for tasks to queue
[2024-10-18T23:46:34.353+0000] {logging_mixin.py:190} INFO - [2024-10-18T23:46:34.353+0000] {dagbag.py:588} INFO - Filling up the DagBag from /home/airflow/.local/lib/python3.12/site-packages/airflow/example_dags/tutorial_objectstorage.py
[2024-10-18T23:46:34.361+0000] {processor.py:925} INFO - DAG(s) 'tutorial_objectstorage' retrieved from /home/airflow/.local/lib/python3.12/site-packages/airflow/example_dags/tutorial_objectstorage.py
[2024-10-18T23:46:34.379+0000] {logging_mixin.py:190} INFO - [2024-10-18T23:46:34.379+0000] {dag.py:3239} INFO - Sync 1 DAGs
[2024-10-18T23:46:34.393+0000] {logging_mixin.py:190} INFO - [2024-10-18T23:46:34.393+0000] {dag.py:4180} INFO - Setting next_dagrun for tutorial_objectstorage to None, run_after=None
[2024-10-18T23:46:34.415+0000] {processor.py:208} INFO - Processing /home/airflow/.local/lib/python3.12/site-packages/airflow/example_dags/tutorial_objectstorage.py took 0.071 seconds
[2024-10-18T23:47:04.827+0000] {processor.py:186} INFO - Started process (PID=1774) to work on /home/airflow/.local/lib/python3.12/site-packages/airflow/example_dags/tutorial_objectstorage.py
[2024-10-18T23:47:04.829+0000] {processor.py:914} INFO - Processing file /home/airflow/.local/lib/python3.12/site-packages/airflow/example_dags/tutorial_objectstorage.py for tasks to queue
[2024-10-18T23:47:04.832+0000] {logging_mixin.py:190} INFO - [2024-10-18T23:47:04.831+0000] {dagbag.py:588} INFO - Filling up the DagBag from /home/airflow/.local/lib/python3.12/site-packages/airflow/example_dags/tutorial_objectstorage.py
[2024-10-18T23:47:04.842+0000] {processor.py:925} INFO - DAG(s) 'tutorial_objectstorage' retrieved from /home/airflow/.local/lib/python3.12/site-packages/airflow/example_dags/tutorial_objectstorage.py
[2024-10-18T23:47:04.863+0000] {logging_mixin.py:190} INFO - [2024-10-18T23:47:04.863+0000] {dag.py:3239} INFO - Sync 1 DAGs
[2024-10-18T23:47:04.879+0000] {logging_mixin.py:190} INFO - [2024-10-18T23:47:04.879+0000] {dag.py:4180} INFO - Setting next_dagrun for tutorial_objectstorage to None, run_after=None
[2024-10-18T23:47:04.899+0000] {processor.py:208} INFO - Processing /home/airflow/.local/lib/python3.12/site-packages/airflow/example_dags/tutorial_objectstorage.py took 0.079 seconds
[2024-10-18T23:47:35.204+0000] {processor.py:186} INFO - Started process (PID=1836) to work on /home/airflow/.local/lib/python3.12/site-packages/airflow/example_dags/tutorial_objectstorage.py
[2024-10-18T23:47:35.205+0000] {processor.py:914} INFO - Processing file /home/airflow/.local/lib/python3.12/site-packages/airflow/example_dags/tutorial_objectstorage.py for tasks to queue
[2024-10-18T23:47:35.211+0000] {logging_mixin.py:190} INFO - [2024-10-18T23:47:35.210+0000] {dagbag.py:588} INFO - Filling up the DagBag from /home/airflow/.local/lib/python3.12/site-packages/airflow/example_dags/tutorial_objectstorage.py
[2024-10-18T23:47:35.230+0000] {processor.py:925} INFO - DAG(s) 'tutorial_objectstorage' retrieved from /home/airflow/.local/lib/python3.12/site-packages/airflow/example_dags/tutorial_objectstorage.py
[2024-10-18T23:47:35.293+0000] {logging_mixin.py:190} INFO - [2024-10-18T23:47:35.292+0000] {dag.py:3239} INFO - Sync 1 DAGs
[2024-10-18T23:47:35.348+0000] {logging_mixin.py:190} INFO - [2024-10-18T23:47:35.348+0000] {dag.py:4180} INFO - Setting next_dagrun for tutorial_objectstorage to None, run_after=None
[2024-10-18T23:47:35.402+0000] {processor.py:208} INFO - Processing /home/airflow/.local/lib/python3.12/site-packages/airflow/example_dags/tutorial_objectstorage.py took 0.209 seconds
[2024-10-18T23:48:05.486+0000] {processor.py:186} INFO - Started process (PID=1898) to work on /home/airflow/.local/lib/python3.12/site-packages/airflow/example_dags/tutorial_objectstorage.py
[2024-10-18T23:48:05.487+0000] {processor.py:914} INFO - Processing file /home/airflow/.local/lib/python3.12/site-packages/airflow/example_dags/tutorial_objectstorage.py for tasks to queue
[2024-10-18T23:48:05.489+0000] {logging_mixin.py:190} INFO - [2024-10-18T23:48:05.489+0000] {dagbag.py:588} INFO - Filling up the DagBag from /home/airflow/.local/lib/python3.12/site-packages/airflow/example_dags/tutorial_objectstorage.py
[2024-10-18T23:48:05.500+0000] {processor.py:925} INFO - DAG(s) 'tutorial_objectstorage' retrieved from /home/airflow/.local/lib/python3.12/site-packages/airflow/example_dags/tutorial_objectstorage.py
[2024-10-18T23:48:05.521+0000] {logging_mixin.py:190} INFO - [2024-10-18T23:48:05.520+0000] {dag.py:3239} INFO - Sync 1 DAGs
[2024-10-18T23:48:05.538+0000] {logging_mixin.py:190} INFO - [2024-10-18T23:48:05.538+0000] {dag.py:4180} INFO - Setting next_dagrun for tutorial_objectstorage to None, run_after=None
[2024-10-18T23:48:05.559+0000] {processor.py:208} INFO - Processing /home/airflow/.local/lib/python3.12/site-packages/airflow/example_dags/tutorial_objectstorage.py took 0.078 seconds
[2024-10-18T23:48:35.842+0000] {processor.py:186} INFO - Started process (PID=1960) to work on /home/airflow/.local/lib/python3.12/site-packages/airflow/example_dags/tutorial_objectstorage.py
[2024-10-18T23:48:35.843+0000] {processor.py:914} INFO - Processing file /home/airflow/.local/lib/python3.12/site-packages/airflow/example_dags/tutorial_objectstorage.py for tasks to queue
[2024-10-18T23:48:35.845+0000] {logging_mixin.py:190} INFO - [2024-10-18T23:48:35.845+0000] {dagbag.py:588} INFO - Filling up the DagBag from /home/airflow/.local/lib/python3.12/site-packages/airflow/example_dags/tutorial_objectstorage.py
[2024-10-18T23:48:35.853+0000] {processor.py:925} INFO - DAG(s) 'tutorial_objectstorage' retrieved from /home/airflow/.local/lib/python3.12/site-packages/airflow/example_dags/tutorial_objectstorage.py
[2024-10-18T23:48:35.874+0000] {logging_mixin.py:190} INFO - [2024-10-18T23:48:35.873+0000] {dag.py:3239} INFO - Sync 1 DAGs
[2024-10-18T23:48:35.887+0000] {logging_mixin.py:190} INFO - [2024-10-18T23:48:35.887+0000] {dag.py:4180} INFO - Setting next_dagrun for tutorial_objectstorage to None, run_after=None
[2024-10-18T23:48:35.907+0000] {processor.py:208} INFO - Processing /home/airflow/.local/lib/python3.12/site-packages/airflow/example_dags/tutorial_objectstorage.py took 0.070 seconds
[2024-10-18T23:49:06.743+0000] {processor.py:186} INFO - Started process (PID=2022) to work on /home/airflow/.local/lib/python3.12/site-packages/airflow/example_dags/tutorial_objectstorage.py
[2024-10-18T23:49:06.746+0000] {processor.py:914} INFO - Processing file /home/airflow/.local/lib/python3.12/site-packages/airflow/example_dags/tutorial_objectstorage.py for tasks to queue
[2024-10-18T23:49:06.752+0000] {logging_mixin.py:190} INFO - [2024-10-18T23:49:06.751+0000] {dagbag.py:588} INFO - Filling up the DagBag from /home/airflow/.local/lib/python3.12/site-packages/airflow/example_dags/tutorial_objectstorage.py
[2024-10-18T23:49:06.777+0000] {processor.py:925} INFO - DAG(s) 'tutorial_objectstorage' retrieved from /home/airflow/.local/lib/python3.12/site-packages/airflow/example_dags/tutorial_objectstorage.py
[2024-10-18T23:49:06.820+0000] {logging_mixin.py:190} INFO - [2024-10-18T23:49:06.820+0000] {dag.py:3239} INFO - Sync 1 DAGs
[2024-10-18T23:49:06.855+0000] {logging_mixin.py:190} INFO - [2024-10-18T23:49:06.855+0000] {dag.py:4180} INFO - Setting next_dagrun for tutorial_objectstorage to None, run_after=None
[2024-10-18T23:49:06.898+0000] {processor.py:208} INFO - Processing /home/airflow/.local/lib/python3.12/site-packages/airflow/example_dags/tutorial_objectstorage.py took 0.167 seconds
[2024-10-18T23:49:37.568+0000] {processor.py:186} INFO - Started process (PID=2084) to work on /home/airflow/.local/lib/python3.12/site-packages/airflow/example_dags/tutorial_objectstorage.py
[2024-10-18T23:49:37.569+0000] {processor.py:914} INFO - Processing file /home/airflow/.local/lib/python3.12/site-packages/airflow/example_dags/tutorial_objectstorage.py for tasks to queue
[2024-10-18T23:49:37.571+0000] {logging_mixin.py:190} INFO - [2024-10-18T23:49:37.571+0000] {dagbag.py:588} INFO - Filling up the DagBag from /home/airflow/.local/lib/python3.12/site-packages/airflow/example_dags/tutorial_objectstorage.py
[2024-10-18T23:49:37.580+0000] {processor.py:925} INFO - DAG(s) 'tutorial_objectstorage' retrieved from /home/airflow/.local/lib/python3.12/site-packages/airflow/example_dags/tutorial_objectstorage.py
[2024-10-18T23:49:37.600+0000] {logging_mixin.py:190} INFO - [2024-10-18T23:49:37.600+0000] {dag.py:3239} INFO - Sync 1 DAGs
[2024-10-18T23:49:37.614+0000] {logging_mixin.py:190} INFO - [2024-10-18T23:49:37.614+0000] {dag.py:4180} INFO - Setting next_dagrun for tutorial_objectstorage to None, run_after=None
[2024-10-18T23:49:37.637+0000] {processor.py:208} INFO - Processing /home/airflow/.local/lib/python3.12/site-packages/airflow/example_dags/tutorial_objectstorage.py took 0.075 seconds
[2024-10-18T23:50:08.006+0000] {processor.py:186} INFO - Started process (PID=2146) to work on /home/airflow/.local/lib/python3.12/site-packages/airflow/example_dags/tutorial_objectstorage.py
[2024-10-18T23:50:08.007+0000] {processor.py:914} INFO - Processing file /home/airflow/.local/lib/python3.12/site-packages/airflow/example_dags/tutorial_objectstorage.py for tasks to queue
[2024-10-18T23:50:08.011+0000] {logging_mixin.py:190} INFO - [2024-10-18T23:50:08.011+0000] {dagbag.py:588} INFO - Filling up the DagBag from /home/airflow/.local/lib/python3.12/site-packages/airflow/example_dags/tutorial_objectstorage.py
[2024-10-18T23:50:08.025+0000] {processor.py:925} INFO - DAG(s) 'tutorial_objectstorage' retrieved from /home/airflow/.local/lib/python3.12/site-packages/airflow/example_dags/tutorial_objectstorage.py
[2024-10-18T23:50:08.054+0000] {logging_mixin.py:190} INFO - [2024-10-18T23:50:08.053+0000] {dag.py:3239} INFO - Sync 1 DAGs
[2024-10-18T23:50:08.075+0000] {logging_mixin.py:190} INFO - [2024-10-18T23:50:08.075+0000] {dag.py:4180} INFO - Setting next_dagrun for tutorial_objectstorage to None, run_after=None
[2024-10-18T23:50:08.105+0000] {processor.py:208} INFO - Processing /home/airflow/.local/lib/python3.12/site-packages/airflow/example_dags/tutorial_objectstorage.py took 0.108 seconds
[2024-10-18T23:50:38.408+0000] {processor.py:186} INFO - Started process (PID=2204) to work on /home/airflow/.local/lib/python3.12/site-packages/airflow/example_dags/tutorial_objectstorage.py
[2024-10-18T23:50:38.410+0000] {processor.py:914} INFO - Processing file /home/airflow/.local/lib/python3.12/site-packages/airflow/example_dags/tutorial_objectstorage.py for tasks to queue
[2024-10-18T23:50:38.418+0000] {logging_mixin.py:190} INFO - [2024-10-18T23:50:38.416+0000] {dagbag.py:588} INFO - Filling up the DagBag from /home/airflow/.local/lib/python3.12/site-packages/airflow/example_dags/tutorial_objectstorage.py
[2024-10-18T23:50:38.436+0000] {processor.py:925} INFO - DAG(s) 'tutorial_objectstorage' retrieved from /home/airflow/.local/lib/python3.12/site-packages/airflow/example_dags/tutorial_objectstorage.py
[2024-10-18T23:50:38.472+0000] {logging_mixin.py:190} INFO - [2024-10-18T23:50:38.472+0000] {dag.py:3239} INFO - Sync 1 DAGs
[2024-10-18T23:50:38.505+0000] {logging_mixin.py:190} INFO - [2024-10-18T23:50:38.505+0000] {dag.py:4180} INFO - Setting next_dagrun for tutorial_objectstorage to None, run_after=None
[2024-10-18T23:50:38.541+0000] {processor.py:208} INFO - Processing /home/airflow/.local/lib/python3.12/site-packages/airflow/example_dags/tutorial_objectstorage.py took 0.146 seconds
[2024-10-18T23:51:09.286+0000] {processor.py:186} INFO - Started process (PID=2265) to work on /home/airflow/.local/lib/python3.12/site-packages/airflow/example_dags/tutorial_objectstorage.py
[2024-10-18T23:51:09.290+0000] {processor.py:914} INFO - Processing file /home/airflow/.local/lib/python3.12/site-packages/airflow/example_dags/tutorial_objectstorage.py for tasks to queue
[2024-10-18T23:51:09.301+0000] {logging_mixin.py:190} INFO - [2024-10-18T23:51:09.295+0000] {dagbag.py:588} INFO - Filling up the DagBag from /home/airflow/.local/lib/python3.12/site-packages/airflow/example_dags/tutorial_objectstorage.py
[2024-10-18T23:51:09.342+0000] {processor.py:925} INFO - DAG(s) 'tutorial_objectstorage' retrieved from /home/airflow/.local/lib/python3.12/site-packages/airflow/example_dags/tutorial_objectstorage.py
[2024-10-18T23:51:09.391+0000] {logging_mixin.py:190} INFO - [2024-10-18T23:51:09.390+0000] {dag.py:3239} INFO - Sync 1 DAGs
[2024-10-18T23:51:09.436+0000] {logging_mixin.py:190} INFO - [2024-10-18T23:51:09.435+0000] {dag.py:4180} INFO - Setting next_dagrun for tutorial_objectstorage to None, run_after=None
[2024-10-18T23:51:09.490+0000] {processor.py:208} INFO - Processing /home/airflow/.local/lib/python3.12/site-packages/airflow/example_dags/tutorial_objectstorage.py took 0.226 seconds
[2024-10-18T23:51:40.114+0000] {processor.py:186} INFO - Started process (PID=2327) to work on /home/airflow/.local/lib/python3.12/site-packages/airflow/example_dags/tutorial_objectstorage.py
[2024-10-18T23:51:40.115+0000] {processor.py:914} INFO - Processing file /home/airflow/.local/lib/python3.12/site-packages/airflow/example_dags/tutorial_objectstorage.py for tasks to queue
[2024-10-18T23:51:40.117+0000] {logging_mixin.py:190} INFO - [2024-10-18T23:51:40.117+0000] {dagbag.py:588} INFO - Filling up the DagBag from /home/airflow/.local/lib/python3.12/site-packages/airflow/example_dags/tutorial_objectstorage.py
[2024-10-18T23:51:40.127+0000] {processor.py:925} INFO - DAG(s) 'tutorial_objectstorage' retrieved from /home/airflow/.local/lib/python3.12/site-packages/airflow/example_dags/tutorial_objectstorage.py
[2024-10-18T23:51:40.149+0000] {logging_mixin.py:190} INFO - [2024-10-18T23:51:40.148+0000] {dag.py:3239} INFO - Sync 1 DAGs
[2024-10-18T23:51:40.166+0000] {logging_mixin.py:190} INFO - [2024-10-18T23:51:40.166+0000] {dag.py:4180} INFO - Setting next_dagrun for tutorial_objectstorage to None, run_after=None
[2024-10-18T23:51:40.192+0000] {processor.py:208} INFO - Processing /home/airflow/.local/lib/python3.12/site-packages/airflow/example_dags/tutorial_objectstorage.py took 0.084 seconds
[2024-10-18T23:52:14.097+0000] {processor.py:186} INFO - Started process (PID=2392) to work on /home/airflow/.local/lib/python3.12/site-packages/airflow/example_dags/tutorial_objectstorage.py
[2024-10-18T23:52:14.099+0000] {processor.py:914} INFO - Processing file /home/airflow/.local/lib/python3.12/site-packages/airflow/example_dags/tutorial_objectstorage.py for tasks to queue
[2024-10-18T23:52:14.104+0000] {logging_mixin.py:190} INFO - [2024-10-18T23:52:14.103+0000] {dagbag.py:588} INFO - Filling up the DagBag from /home/airflow/.local/lib/python3.12/site-packages/airflow/example_dags/tutorial_objectstorage.py
[2024-10-18T23:52:14.119+0000] {processor.py:925} INFO - DAG(s) 'tutorial_objectstorage' retrieved from /home/airflow/.local/lib/python3.12/site-packages/airflow/example_dags/tutorial_objectstorage.py
[2024-10-18T23:52:14.149+0000] {logging_mixin.py:190} INFO - [2024-10-18T23:52:14.149+0000] {dag.py:3239} INFO - Sync 1 DAGs
[2024-10-18T23:52:14.174+0000] {logging_mixin.py:190} INFO - [2024-10-18T23:52:14.174+0000] {dag.py:4180} INFO - Setting next_dagrun for tutorial_objectstorage to None, run_after=None
[2024-10-18T23:52:14.225+0000] {processor.py:208} INFO - Processing /home/airflow/.local/lib/python3.12/site-packages/airflow/example_dags/tutorial_objectstorage.py took 0.139 seconds
[2024-10-18T23:52:45.311+0000] {processor.py:186} INFO - Started process (PID=2454) to work on /home/airflow/.local/lib/python3.12/site-packages/airflow/example_dags/tutorial_objectstorage.py
[2024-10-18T23:52:45.313+0000] {processor.py:914} INFO - Processing file /home/airflow/.local/lib/python3.12/site-packages/airflow/example_dags/tutorial_objectstorage.py for tasks to queue
[2024-10-18T23:52:45.320+0000] {logging_mixin.py:190} INFO - [2024-10-18T23:52:45.319+0000] {dagbag.py:588} INFO - Filling up the DagBag from /home/airflow/.local/lib/python3.12/site-packages/airflow/example_dags/tutorial_objectstorage.py
[2024-10-18T23:52:45.337+0000] {processor.py:925} INFO - DAG(s) 'tutorial_objectstorage' retrieved from /home/airflow/.local/lib/python3.12/site-packages/airflow/example_dags/tutorial_objectstorage.py
[2024-10-18T23:52:45.377+0000] {logging_mixin.py:190} INFO - [2024-10-18T23:52:45.377+0000] {dag.py:3239} INFO - Sync 1 DAGs
[2024-10-18T23:52:45.405+0000] {logging_mixin.py:190} INFO - [2024-10-18T23:52:45.404+0000] {dag.py:4180} INFO - Setting next_dagrun for tutorial_objectstorage to None, run_after=None
[2024-10-18T23:52:45.446+0000] {processor.py:208} INFO - Processing /home/airflow/.local/lib/python3.12/site-packages/airflow/example_dags/tutorial_objectstorage.py took 0.147 seconds
[2024-10-18T23:53:18.959+0000] {processor.py:186} INFO - Started process (PID=2513) to work on /home/airflow/.local/lib/python3.12/site-packages/airflow/example_dags/tutorial_objectstorage.py
[2024-10-18T23:53:18.962+0000] {processor.py:914} INFO - Processing file /home/airflow/.local/lib/python3.12/site-packages/airflow/example_dags/tutorial_objectstorage.py for tasks to queue
[2024-10-18T23:53:18.968+0000] {logging_mixin.py:190} INFO - [2024-10-18T23:53:18.967+0000] {dagbag.py:588} INFO - Filling up the DagBag from /home/airflow/.local/lib/python3.12/site-packages/airflow/example_dags/tutorial_objectstorage.py
[2024-10-18T23:53:18.999+0000] {processor.py:925} INFO - DAG(s) 'tutorial_objectstorage' retrieved from /home/airflow/.local/lib/python3.12/site-packages/airflow/example_dags/tutorial_objectstorage.py
[2024-10-18T23:53:19.076+0000] {logging_mixin.py:190} INFO - [2024-10-18T23:53:19.075+0000] {dag.py:3239} INFO - Sync 1 DAGs
[2024-10-18T23:53:19.152+0000] {logging_mixin.py:190} INFO - [2024-10-18T23:53:19.152+0000] {dag.py:4180} INFO - Setting next_dagrun for tutorial_objectstorage to None, run_after=None
[2024-10-18T23:53:19.248+0000] {processor.py:208} INFO - Processing /home/airflow/.local/lib/python3.12/site-packages/airflow/example_dags/tutorial_objectstorage.py took 0.309 seconds
[2024-10-18T23:53:49.321+0000] {processor.py:186} INFO - Started process (PID=2572) to work on /home/airflow/.local/lib/python3.12/site-packages/airflow/example_dags/tutorial_objectstorage.py
[2024-10-18T23:53:49.323+0000] {processor.py:914} INFO - Processing file /home/airflow/.local/lib/python3.12/site-packages/airflow/example_dags/tutorial_objectstorage.py for tasks to queue
[2024-10-18T23:53:49.326+0000] {logging_mixin.py:190} INFO - [2024-10-18T23:53:49.326+0000] {dagbag.py:588} INFO - Filling up the DagBag from /home/airflow/.local/lib/python3.12/site-packages/airflow/example_dags/tutorial_objectstorage.py
[2024-10-18T23:53:49.337+0000] {processor.py:925} INFO - DAG(s) 'tutorial_objectstorage' retrieved from /home/airflow/.local/lib/python3.12/site-packages/airflow/example_dags/tutorial_objectstorage.py
[2024-10-18T23:53:49.364+0000] {logging_mixin.py:190} INFO - [2024-10-18T23:53:49.364+0000] {dag.py:3239} INFO - Sync 1 DAGs
[2024-10-18T23:53:49.382+0000] {logging_mixin.py:190} INFO - [2024-10-18T23:53:49.382+0000] {dag.py:4180} INFO - Setting next_dagrun for tutorial_objectstorage to None, run_after=None
[2024-10-18T23:53:49.407+0000] {processor.py:208} INFO - Processing /home/airflow/.local/lib/python3.12/site-packages/airflow/example_dags/tutorial_objectstorage.py took 0.092 seconds
[2024-10-18T23:54:20.639+0000] {processor.py:186} INFO - Started process (PID=2635) to work on /home/airflow/.local/lib/python3.12/site-packages/airflow/example_dags/tutorial_objectstorage.py
[2024-10-18T23:54:20.642+0000] {processor.py:914} INFO - Processing file /home/airflow/.local/lib/python3.12/site-packages/airflow/example_dags/tutorial_objectstorage.py for tasks to queue
[2024-10-18T23:54:20.652+0000] {logging_mixin.py:190} INFO - [2024-10-18T23:54:20.651+0000] {dagbag.py:588} INFO - Filling up the DagBag from /home/airflow/.local/lib/python3.12/site-packages/airflow/example_dags/tutorial_objectstorage.py
[2024-10-18T23:54:20.676+0000] {processor.py:925} INFO - DAG(s) 'tutorial_objectstorage' retrieved from /home/airflow/.local/lib/python3.12/site-packages/airflow/example_dags/tutorial_objectstorage.py
[2024-10-18T23:54:20.729+0000] {logging_mixin.py:190} INFO - [2024-10-18T23:54:20.729+0000] {dag.py:3239} INFO - Sync 1 DAGs
[2024-10-18T23:54:20.768+0000] {logging_mixin.py:190} INFO - [2024-10-18T23:54:20.767+0000] {dag.py:4180} INFO - Setting next_dagrun for tutorial_objectstorage to None, run_after=None
[2024-10-18T23:54:20.818+0000] {processor.py:208} INFO - Processing /home/airflow/.local/lib/python3.12/site-packages/airflow/example_dags/tutorial_objectstorage.py took 0.194 seconds
[2024-10-18T23:54:51.390+0000] {processor.py:186} INFO - Started process (PID=2697) to work on /home/airflow/.local/lib/python3.12/site-packages/airflow/example_dags/tutorial_objectstorage.py
[2024-10-18T23:54:51.392+0000] {processor.py:914} INFO - Processing file /home/airflow/.local/lib/python3.12/site-packages/airflow/example_dags/tutorial_objectstorage.py for tasks to queue
[2024-10-18T23:54:51.402+0000] {logging_mixin.py:190} INFO - [2024-10-18T23:54:51.401+0000] {dagbag.py:588} INFO - Filling up the DagBag from /home/airflow/.local/lib/python3.12/site-packages/airflow/example_dags/tutorial_objectstorage.py
[2024-10-18T23:54:51.427+0000] {processor.py:925} INFO - DAG(s) 'tutorial_objectstorage' retrieved from /home/airflow/.local/lib/python3.12/site-packages/airflow/example_dags/tutorial_objectstorage.py
[2024-10-18T23:54:51.484+0000] {logging_mixin.py:190} INFO - [2024-10-18T23:54:51.483+0000] {dag.py:3239} INFO - Sync 1 DAGs
[2024-10-18T23:54:51.521+0000] {logging_mixin.py:190} INFO - [2024-10-18T23:54:51.520+0000] {dag.py:4180} INFO - Setting next_dagrun for tutorial_objectstorage to None, run_after=None
[2024-10-18T23:54:51.567+0000] {processor.py:208} INFO - Processing /home/airflow/.local/lib/python3.12/site-packages/airflow/example_dags/tutorial_objectstorage.py took 0.192 seconds
[2024-10-18T23:56:46.943+0000] {processor.py:186} INFO - Started process (PID=2779) to work on /home/airflow/.local/lib/python3.12/site-packages/airflow/example_dags/tutorial_objectstorage.py
[2024-10-18T23:56:46.946+0000] {processor.py:914} INFO - Processing file /home/airflow/.local/lib/python3.12/site-packages/airflow/example_dags/tutorial_objectstorage.py for tasks to queue
[2024-10-18T23:56:46.951+0000] {logging_mixin.py:190} INFO - [2024-10-18T23:56:46.950+0000] {dagbag.py:588} INFO - Filling up the DagBag from /home/airflow/.local/lib/python3.12/site-packages/airflow/example_dags/tutorial_objectstorage.py
[2024-10-18T23:56:46.972+0000] {processor.py:925} INFO - DAG(s) 'tutorial_objectstorage' retrieved from /home/airflow/.local/lib/python3.12/site-packages/airflow/example_dags/tutorial_objectstorage.py
[2024-10-18T23:56:47.016+0000] {logging_mixin.py:190} INFO - [2024-10-18T23:56:47.016+0000] {dag.py:3239} INFO - Sync 1 DAGs
[2024-10-18T23:56:47.046+0000] {logging_mixin.py:190} INFO - [2024-10-18T23:56:47.046+0000] {dag.py:4180} INFO - Setting next_dagrun for tutorial_objectstorage to None, run_after=None
[2024-10-18T23:56:50.193+0000] {processor.py:208} INFO - Processing /home/airflow/.local/lib/python3.12/site-packages/airflow/example_dags/tutorial_objectstorage.py took 3.263 seconds
[2024-10-18T23:57:20.512+0000] {processor.py:186} INFO - Started process (PID=2842) to work on /home/airflow/.local/lib/python3.12/site-packages/airflow/example_dags/tutorial_objectstorage.py
[2024-10-18T23:57:20.570+0000] {processor.py:914} INFO - Processing file /home/airflow/.local/lib/python3.12/site-packages/airflow/example_dags/tutorial_objectstorage.py for tasks to queue
[2024-10-18T23:57:20.576+0000] {logging_mixin.py:190} INFO - [2024-10-18T23:57:20.576+0000] {dagbag.py:588} INFO - Filling up the DagBag from /home/airflow/.local/lib/python3.12/site-packages/airflow/example_dags/tutorial_objectstorage.py
[2024-10-18T23:57:20.712+0000] {processor.py:925} INFO - DAG(s) 'tutorial_objectstorage' retrieved from /home/airflow/.local/lib/python3.12/site-packages/airflow/example_dags/tutorial_objectstorage.py
[2024-10-18T23:57:20.790+0000] {logging_mixin.py:190} INFO - [2024-10-18T23:57:20.790+0000] {dag.py:3239} INFO - Sync 1 DAGs
[2024-10-18T23:57:20.803+0000] {logging_mixin.py:190} INFO - [2024-10-18T23:57:20.802+0000] {dag.py:4180} INFO - Setting next_dagrun for tutorial_objectstorage to None, run_after=None
[2024-10-18T23:57:21.002+0000] {processor.py:208} INFO - Processing /home/airflow/.local/lib/python3.12/site-packages/airflow/example_dags/tutorial_objectstorage.py took 0.495 seconds
[2024-10-18T23:57:51.404+0000] {processor.py:186} INFO - Started process (PID=2904) to work on /home/airflow/.local/lib/python3.12/site-packages/airflow/example_dags/tutorial_objectstorage.py
[2024-10-18T23:57:51.404+0000] {processor.py:914} INFO - Processing file /home/airflow/.local/lib/python3.12/site-packages/airflow/example_dags/tutorial_objectstorage.py for tasks to queue
[2024-10-18T23:57:51.407+0000] {logging_mixin.py:190} INFO - [2024-10-18T23:57:51.407+0000] {dagbag.py:588} INFO - Filling up the DagBag from /home/airflow/.local/lib/python3.12/site-packages/airflow/example_dags/tutorial_objectstorage.py
[2024-10-18T23:57:51.416+0000] {processor.py:925} INFO - DAG(s) 'tutorial_objectstorage' retrieved from /home/airflow/.local/lib/python3.12/site-packages/airflow/example_dags/tutorial_objectstorage.py
[2024-10-18T23:57:51.435+0000] {logging_mixin.py:190} INFO - [2024-10-18T23:57:51.435+0000] {dag.py:3239} INFO - Sync 1 DAGs
[2024-10-18T23:57:51.449+0000] {logging_mixin.py:190} INFO - [2024-10-18T23:57:51.449+0000] {dag.py:4180} INFO - Setting next_dagrun for tutorial_objectstorage to None, run_after=None
[2024-10-18T23:57:51.470+0000] {processor.py:208} INFO - Processing /home/airflow/.local/lib/python3.12/site-packages/airflow/example_dags/tutorial_objectstorage.py took 0.072 seconds
[2024-10-18T23:58:21.971+0000] {processor.py:186} INFO - Started process (PID=2966) to work on /home/airflow/.local/lib/python3.12/site-packages/airflow/example_dags/tutorial_objectstorage.py
[2024-10-18T23:58:21.972+0000] {processor.py:914} INFO - Processing file /home/airflow/.local/lib/python3.12/site-packages/airflow/example_dags/tutorial_objectstorage.py for tasks to queue
[2024-10-18T23:58:21.974+0000] {logging_mixin.py:190} INFO - [2024-10-18T23:58:21.974+0000] {dagbag.py:588} INFO - Filling up the DagBag from /home/airflow/.local/lib/python3.12/site-packages/airflow/example_dags/tutorial_objectstorage.py
[2024-10-18T23:58:21.983+0000] {processor.py:925} INFO - DAG(s) 'tutorial_objectstorage' retrieved from /home/airflow/.local/lib/python3.12/site-packages/airflow/example_dags/tutorial_objectstorage.py
[2024-10-18T23:58:22.004+0000] {logging_mixin.py:190} INFO - [2024-10-18T23:58:22.003+0000] {dag.py:3239} INFO - Sync 1 DAGs
[2024-10-18T23:58:22.021+0000] {logging_mixin.py:190} INFO - [2024-10-18T23:58:22.021+0000] {dag.py:4180} INFO - Setting next_dagrun for tutorial_objectstorage to None, run_after=None
[2024-10-18T23:58:22.041+0000] {processor.py:208} INFO - Processing /home/airflow/.local/lib/python3.12/site-packages/airflow/example_dags/tutorial_objectstorage.py took 0.075 seconds
[2024-10-18T23:58:52.506+0000] {processor.py:186} INFO - Started process (PID=3028) to work on /home/airflow/.local/lib/python3.12/site-packages/airflow/example_dags/tutorial_objectstorage.py
[2024-10-18T23:58:52.507+0000] {processor.py:914} INFO - Processing file /home/airflow/.local/lib/python3.12/site-packages/airflow/example_dags/tutorial_objectstorage.py for tasks to queue
[2024-10-18T23:58:52.510+0000] {logging_mixin.py:190} INFO - [2024-10-18T23:58:52.510+0000] {dagbag.py:588} INFO - Filling up the DagBag from /home/airflow/.local/lib/python3.12/site-packages/airflow/example_dags/tutorial_objectstorage.py
[2024-10-18T23:58:52.523+0000] {processor.py:925} INFO - DAG(s) 'tutorial_objectstorage' retrieved from /home/airflow/.local/lib/python3.12/site-packages/airflow/example_dags/tutorial_objectstorage.py
[2024-10-18T23:58:52.552+0000] {logging_mixin.py:190} INFO - [2024-10-18T23:58:52.552+0000] {dag.py:3239} INFO - Sync 1 DAGs
[2024-10-18T23:58:52.572+0000] {logging_mixin.py:190} INFO - [2024-10-18T23:58:52.572+0000] {dag.py:4180} INFO - Setting next_dagrun for tutorial_objectstorage to None, run_after=None
[2024-10-18T23:58:52.599+0000] {processor.py:208} INFO - Processing /home/airflow/.local/lib/python3.12/site-packages/airflow/example_dags/tutorial_objectstorage.py took 0.100 seconds
[2024-10-18T23:59:23.244+0000] {processor.py:186} INFO - Started process (PID=3089) to work on /home/airflow/.local/lib/python3.12/site-packages/airflow/example_dags/tutorial_objectstorage.py
[2024-10-18T23:59:23.245+0000] {processor.py:914} INFO - Processing file /home/airflow/.local/lib/python3.12/site-packages/airflow/example_dags/tutorial_objectstorage.py for tasks to queue
[2024-10-18T23:59:23.247+0000] {logging_mixin.py:190} INFO - [2024-10-18T23:59:23.247+0000] {dagbag.py:588} INFO - Filling up the DagBag from /home/airflow/.local/lib/python3.12/site-packages/airflow/example_dags/tutorial_objectstorage.py
[2024-10-18T23:59:23.255+0000] {processor.py:925} INFO - DAG(s) 'tutorial_objectstorage' retrieved from /home/airflow/.local/lib/python3.12/site-packages/airflow/example_dags/tutorial_objectstorage.py
[2024-10-18T23:59:23.276+0000] {logging_mixin.py:190} INFO - [2024-10-18T23:59:23.276+0000] {dag.py:3239} INFO - Sync 1 DAGs
[2024-10-18T23:59:23.442+0000] {logging_mixin.py:190} INFO - [2024-10-18T23:59:23.442+0000] {dag.py:4180} INFO - Setting next_dagrun for tutorial_objectstorage to None, run_after=None
[2024-10-18T23:59:23.461+0000] {processor.py:208} INFO - Processing /home/airflow/.local/lib/python3.12/site-packages/airflow/example_dags/tutorial_objectstorage.py took 0.223 seconds
[2024-10-18T23:59:53.710+0000] {processor.py:186} INFO - Started process (PID=3151) to work on /home/airflow/.local/lib/python3.12/site-packages/airflow/example_dags/tutorial_objectstorage.py
[2024-10-18T23:59:53.712+0000] {processor.py:914} INFO - Processing file /home/airflow/.local/lib/python3.12/site-packages/airflow/example_dags/tutorial_objectstorage.py for tasks to queue
[2024-10-18T23:59:53.715+0000] {logging_mixin.py:190} INFO - [2024-10-18T23:59:53.715+0000] {dagbag.py:588} INFO - Filling up the DagBag from /home/airflow/.local/lib/python3.12/site-packages/airflow/example_dags/tutorial_objectstorage.py
[2024-10-18T23:59:53.730+0000] {processor.py:925} INFO - DAG(s) 'tutorial_objectstorage' retrieved from /home/airflow/.local/lib/python3.12/site-packages/airflow/example_dags/tutorial_objectstorage.py
[2024-10-18T23:59:53.766+0000] {logging_mixin.py:190} INFO - [2024-10-18T23:59:53.766+0000] {dag.py:3239} INFO - Sync 1 DAGs
[2024-10-18T23:59:53.794+0000] {logging_mixin.py:190} INFO - [2024-10-18T23:59:53.793+0000] {dag.py:4180} INFO - Setting next_dagrun for tutorial_objectstorage to None, run_after=None
[2024-10-18T23:59:53.823+0000] {processor.py:208} INFO - Processing /home/airflow/.local/lib/python3.12/site-packages/airflow/example_dags/tutorial_objectstorage.py took 0.119 seconds
