[2024-10-18T23:33:23.978+0000] {processor.py:186} INFO - Started process (PID=124) to work on /home/airflow/.local/lib/python3.12/site-packages/airflow/example_dags/tutorial_dag.py
[2024-10-18T23:33:23.980+0000] {processor.py:914} INFO - Processing file /home/airflow/.local/lib/python3.12/site-packages/airflow/example_dags/tutorial_dag.py for tasks to queue
[2024-10-18T23:33:23.984+0000] {logging_mixin.py:190} INFO - [2024-10-18T23:33:23.983+0000] {dagbag.py:588} INFO - Filling up the DagBag from /home/airflow/.local/lib/python3.12/site-packages/airflow/example_dags/tutorial_dag.py
[2024-10-18T23:33:24.002+0000] {processor.py:925} INFO - DAG(s) 'tutorial_dag' retrieved from /home/airflow/.local/lib/python3.12/site-packages/airflow/example_dags/tutorial_dag.py
[2024-10-18T23:33:24.250+0000] {logging_mixin.py:190} INFO - [2024-10-18T23:33:24.249+0000] {override.py:1900} INFO - Created Permission View: can read on DAG:tutorial_dag
[2024-10-18T23:33:24.283+0000] {logging_mixin.py:190} INFO - [2024-10-18T23:33:24.282+0000] {override.py:1900} INFO - Created Permission View: can edit on DAG:tutorial_dag
[2024-10-18T23:33:24.295+0000] {logging_mixin.py:190} INFO - [2024-10-18T23:33:24.294+0000] {override.py:1900} INFO - Created Permission View: can delete on DAG:tutorial_dag
[2024-10-18T23:33:24.308+0000] {logging_mixin.py:190} INFO - [2024-10-18T23:33:24.307+0000] {override.py:1900} INFO - Created Permission View: can read on DAG Run:tutorial_dag
[2024-10-18T23:33:24.323+0000] {logging_mixin.py:190} INFO - [2024-10-18T23:33:24.323+0000] {override.py:1900} INFO - Created Permission View: can create on DAG Run:tutorial_dag
[2024-10-18T23:33:24.333+0000] {logging_mixin.py:190} INFO - [2024-10-18T23:33:24.333+0000] {override.py:1900} INFO - Created Permission View: menu access on DAG Run:tutorial_dag
[2024-10-18T23:33:24.349+0000] {logging_mixin.py:190} INFO - [2024-10-18T23:33:24.349+0000] {override.py:1900} INFO - Created Permission View: can delete on DAG Run:tutorial_dag
[2024-10-18T23:33:24.350+0000] {logging_mixin.py:190} INFO - [2024-10-18T23:33:24.350+0000] {dag.py:3239} INFO - Sync 1 DAGs
[2024-10-18T23:33:24.402+0000] {logging_mixin.py:190} INFO - [2024-10-18T23:33:24.402+0000] {dag.py:3262} INFO - Creating ORM DAG for tutorial_dag
[2024-10-18T23:33:24.404+0000] {logging_mixin.py:190} INFO - [2024-10-18T23:33:24.403+0000] {dag.py:4180} INFO - Setting next_dagrun for tutorial_dag to None, run_after=None
[2024-10-18T23:33:24.498+0000] {processor.py:208} INFO - Processing /home/airflow/.local/lib/python3.12/site-packages/airflow/example_dags/tutorial_dag.py took 0.529 seconds
[2024-10-18T23:33:54.781+0000] {processor.py:186} INFO - Started process (PID=186) to work on /home/airflow/.local/lib/python3.12/site-packages/airflow/example_dags/tutorial_dag.py
[2024-10-18T23:33:54.783+0000] {processor.py:914} INFO - Processing file /home/airflow/.local/lib/python3.12/site-packages/airflow/example_dags/tutorial_dag.py for tasks to queue
[2024-10-18T23:33:54.787+0000] {logging_mixin.py:190} INFO - [2024-10-18T23:33:54.786+0000] {dagbag.py:588} INFO - Filling up the DagBag from /home/airflow/.local/lib/python3.12/site-packages/airflow/example_dags/tutorial_dag.py
[2024-10-18T23:33:54.800+0000] {processor.py:925} INFO - DAG(s) 'tutorial_dag' retrieved from /home/airflow/.local/lib/python3.12/site-packages/airflow/example_dags/tutorial_dag.py
[2024-10-18T23:33:54.832+0000] {logging_mixin.py:190} INFO - [2024-10-18T23:33:54.831+0000] {dag.py:3239} INFO - Sync 1 DAGs
[2024-10-18T23:33:54.857+0000] {logging_mixin.py:190} INFO - [2024-10-18T23:33:54.857+0000] {dag.py:4180} INFO - Setting next_dagrun for tutorial_dag to None, run_after=None
[2024-10-18T23:33:54.888+0000] {processor.py:208} INFO - Processing /home/airflow/.local/lib/python3.12/site-packages/airflow/example_dags/tutorial_dag.py took 0.117 seconds
[2024-10-18T23:34:25.443+0000] {processor.py:186} INFO - Started process (PID=248) to work on /home/airflow/.local/lib/python3.12/site-packages/airflow/example_dags/tutorial_dag.py
[2024-10-18T23:34:25.444+0000] {processor.py:914} INFO - Processing file /home/airflow/.local/lib/python3.12/site-packages/airflow/example_dags/tutorial_dag.py for tasks to queue
[2024-10-18T23:34:25.446+0000] {logging_mixin.py:190} INFO - [2024-10-18T23:34:25.446+0000] {dagbag.py:588} INFO - Filling up the DagBag from /home/airflow/.local/lib/python3.12/site-packages/airflow/example_dags/tutorial_dag.py
[2024-10-18T23:34:25.452+0000] {processor.py:925} INFO - DAG(s) 'tutorial_dag' retrieved from /home/airflow/.local/lib/python3.12/site-packages/airflow/example_dags/tutorial_dag.py
[2024-10-18T23:34:25.471+0000] {logging_mixin.py:190} INFO - [2024-10-18T23:34:25.471+0000] {dag.py:3239} INFO - Sync 1 DAGs
[2024-10-18T23:34:25.484+0000] {logging_mixin.py:190} INFO - [2024-10-18T23:34:25.483+0000] {dag.py:4180} INFO - Setting next_dagrun for tutorial_dag to None, run_after=None
[2024-10-18T23:34:25.503+0000] {processor.py:208} INFO - Processing /home/airflow/.local/lib/python3.12/site-packages/airflow/example_dags/tutorial_dag.py took 0.066 seconds
[2024-10-18T23:34:55.885+0000] {processor.py:186} INFO - Started process (PID=310) to work on /home/airflow/.local/lib/python3.12/site-packages/airflow/example_dags/tutorial_dag.py
[2024-10-18T23:34:55.886+0000] {processor.py:914} INFO - Processing file /home/airflow/.local/lib/python3.12/site-packages/airflow/example_dags/tutorial_dag.py for tasks to queue
[2024-10-18T23:34:55.888+0000] {logging_mixin.py:190} INFO - [2024-10-18T23:34:55.888+0000] {dagbag.py:588} INFO - Filling up the DagBag from /home/airflow/.local/lib/python3.12/site-packages/airflow/example_dags/tutorial_dag.py
[2024-10-18T23:34:55.894+0000] {processor.py:925} INFO - DAG(s) 'tutorial_dag' retrieved from /home/airflow/.local/lib/python3.12/site-packages/airflow/example_dags/tutorial_dag.py
[2024-10-18T23:34:55.914+0000] {logging_mixin.py:190} INFO - [2024-10-18T23:34:55.914+0000] {dag.py:3239} INFO - Sync 1 DAGs
[2024-10-18T23:34:55.930+0000] {logging_mixin.py:190} INFO - [2024-10-18T23:34:55.930+0000] {dag.py:4180} INFO - Setting next_dagrun for tutorial_dag to None, run_after=None
[2024-10-18T23:34:55.961+0000] {processor.py:208} INFO - Processing /home/airflow/.local/lib/python3.12/site-packages/airflow/example_dags/tutorial_dag.py took 0.082 seconds
[2024-10-18T23:35:26.125+0000] {processor.py:186} INFO - Started process (PID=372) to work on /home/airflow/.local/lib/python3.12/site-packages/airflow/example_dags/tutorial_dag.py
[2024-10-18T23:35:26.126+0000] {processor.py:914} INFO - Processing file /home/airflow/.local/lib/python3.12/site-packages/airflow/example_dags/tutorial_dag.py for tasks to queue
[2024-10-18T23:35:26.129+0000] {logging_mixin.py:190} INFO - [2024-10-18T23:35:26.129+0000] {dagbag.py:588} INFO - Filling up the DagBag from /home/airflow/.local/lib/python3.12/site-packages/airflow/example_dags/tutorial_dag.py
[2024-10-18T23:35:26.135+0000] {processor.py:925} INFO - DAG(s) 'tutorial_dag' retrieved from /home/airflow/.local/lib/python3.12/site-packages/airflow/example_dags/tutorial_dag.py
[2024-10-18T23:35:26.153+0000] {logging_mixin.py:190} INFO - [2024-10-18T23:35:26.153+0000] {dag.py:3239} INFO - Sync 1 DAGs
[2024-10-18T23:35:26.166+0000] {logging_mixin.py:190} INFO - [2024-10-18T23:35:26.165+0000] {dag.py:4180} INFO - Setting next_dagrun for tutorial_dag to None, run_after=None
[2024-10-18T23:35:26.185+0000] {processor.py:208} INFO - Processing /home/airflow/.local/lib/python3.12/site-packages/airflow/example_dags/tutorial_dag.py took 0.066 seconds
[2024-10-18T23:35:57.195+0000] {processor.py:186} INFO - Started process (PID=434) to work on /home/airflow/.local/lib/python3.12/site-packages/airflow/example_dags/tutorial_dag.py
[2024-10-18T23:35:57.196+0000] {processor.py:914} INFO - Processing file /home/airflow/.local/lib/python3.12/site-packages/airflow/example_dags/tutorial_dag.py for tasks to queue
[2024-10-18T23:35:57.199+0000] {logging_mixin.py:190} INFO - [2024-10-18T23:35:57.199+0000] {dagbag.py:588} INFO - Filling up the DagBag from /home/airflow/.local/lib/python3.12/site-packages/airflow/example_dags/tutorial_dag.py
[2024-10-18T23:35:57.205+0000] {processor.py:925} INFO - DAG(s) 'tutorial_dag' retrieved from /home/airflow/.local/lib/python3.12/site-packages/airflow/example_dags/tutorial_dag.py
[2024-10-18T23:35:57.225+0000] {logging_mixin.py:190} INFO - [2024-10-18T23:35:57.225+0000] {dag.py:3239} INFO - Sync 1 DAGs
[2024-10-18T23:35:57.239+0000] {logging_mixin.py:190} INFO - [2024-10-18T23:35:57.239+0000] {dag.py:4180} INFO - Setting next_dagrun for tutorial_dag to None, run_after=None
[2024-10-18T23:35:57.259+0000] {processor.py:208} INFO - Processing /home/airflow/.local/lib/python3.12/site-packages/airflow/example_dags/tutorial_dag.py took 0.069 seconds
[2024-10-18T23:36:29.466+0000] {processor.py:186} INFO - Started process (PID=496) to work on /home/airflow/.local/lib/python3.12/site-packages/airflow/example_dags/tutorial_dag.py
[2024-10-18T23:36:29.469+0000] {processor.py:914} INFO - Processing file /home/airflow/.local/lib/python3.12/site-packages/airflow/example_dags/tutorial_dag.py for tasks to queue
[2024-10-18T23:36:29.473+0000] {logging_mixin.py:190} INFO - [2024-10-18T23:36:29.472+0000] {dagbag.py:588} INFO - Filling up the DagBag from /home/airflow/.local/lib/python3.12/site-packages/airflow/example_dags/tutorial_dag.py
[2024-10-18T23:36:29.487+0000] {processor.py:925} INFO - DAG(s) 'tutorial_dag' retrieved from /home/airflow/.local/lib/python3.12/site-packages/airflow/example_dags/tutorial_dag.py
[2024-10-18T23:36:29.520+0000] {logging_mixin.py:190} INFO - [2024-10-18T23:36:29.520+0000] {dag.py:3239} INFO - Sync 1 DAGs
[2024-10-18T23:36:29.546+0000] {logging_mixin.py:190} INFO - [2024-10-18T23:36:29.546+0000] {dag.py:4180} INFO - Setting next_dagrun for tutorial_dag to None, run_after=None
[2024-10-18T23:36:29.577+0000] {processor.py:208} INFO - Processing /home/airflow/.local/lib/python3.12/site-packages/airflow/example_dags/tutorial_dag.py took 0.124 seconds
[2024-10-18T23:36:59.621+0000] {processor.py:186} INFO - Started process (PID=558) to work on /home/airflow/.local/lib/python3.12/site-packages/airflow/example_dags/tutorial_dag.py
[2024-10-18T23:36:59.622+0000] {processor.py:914} INFO - Processing file /home/airflow/.local/lib/python3.12/site-packages/airflow/example_dags/tutorial_dag.py for tasks to queue
[2024-10-18T23:36:59.624+0000] {logging_mixin.py:190} INFO - [2024-10-18T23:36:59.624+0000] {dagbag.py:588} INFO - Filling up the DagBag from /home/airflow/.local/lib/python3.12/site-packages/airflow/example_dags/tutorial_dag.py
[2024-10-18T23:36:59.631+0000] {processor.py:925} INFO - DAG(s) 'tutorial_dag' retrieved from /home/airflow/.local/lib/python3.12/site-packages/airflow/example_dags/tutorial_dag.py
[2024-10-18T23:36:59.651+0000] {logging_mixin.py:190} INFO - [2024-10-18T23:36:59.651+0000] {dag.py:3239} INFO - Sync 1 DAGs
[2024-10-18T23:36:59.664+0000] {logging_mixin.py:190} INFO - [2024-10-18T23:36:59.664+0000] {dag.py:4180} INFO - Setting next_dagrun for tutorial_dag to None, run_after=None
[2024-10-18T23:36:59.685+0000] {processor.py:208} INFO - Processing /home/airflow/.local/lib/python3.12/site-packages/airflow/example_dags/tutorial_dag.py took 0.070 seconds
[2024-10-18T23:37:30.505+0000] {processor.py:186} INFO - Started process (PID=620) to work on /home/airflow/.local/lib/python3.12/site-packages/airflow/example_dags/tutorial_dag.py
[2024-10-18T23:37:30.506+0000] {processor.py:914} INFO - Processing file /home/airflow/.local/lib/python3.12/site-packages/airflow/example_dags/tutorial_dag.py for tasks to queue
[2024-10-18T23:37:30.508+0000] {logging_mixin.py:190} INFO - [2024-10-18T23:37:30.508+0000] {dagbag.py:588} INFO - Filling up the DagBag from /home/airflow/.local/lib/python3.12/site-packages/airflow/example_dags/tutorial_dag.py
[2024-10-18T23:37:30.514+0000] {processor.py:925} INFO - DAG(s) 'tutorial_dag' retrieved from /home/airflow/.local/lib/python3.12/site-packages/airflow/example_dags/tutorial_dag.py
[2024-10-18T23:37:30.533+0000] {logging_mixin.py:190} INFO - [2024-10-18T23:37:30.533+0000] {dag.py:3239} INFO - Sync 1 DAGs
[2024-10-18T23:37:30.548+0000] {logging_mixin.py:190} INFO - [2024-10-18T23:37:30.548+0000] {dag.py:4180} INFO - Setting next_dagrun for tutorial_dag to None, run_after=None
[2024-10-18T23:37:30.569+0000] {processor.py:208} INFO - Processing /home/airflow/.local/lib/python3.12/site-packages/airflow/example_dags/tutorial_dag.py took 0.069 seconds
[2024-10-18T23:38:01.000+0000] {processor.py:186} INFO - Started process (PID=682) to work on /home/airflow/.local/lib/python3.12/site-packages/airflow/example_dags/tutorial_dag.py
[2024-10-18T23:38:01.002+0000] {processor.py:914} INFO - Processing file /home/airflow/.local/lib/python3.12/site-packages/airflow/example_dags/tutorial_dag.py for tasks to queue
[2024-10-18T23:38:01.004+0000] {logging_mixin.py:190} INFO - [2024-10-18T23:38:01.004+0000] {dagbag.py:588} INFO - Filling up the DagBag from /home/airflow/.local/lib/python3.12/site-packages/airflow/example_dags/tutorial_dag.py
[2024-10-18T23:38:01.011+0000] {processor.py:925} INFO - DAG(s) 'tutorial_dag' retrieved from /home/airflow/.local/lib/python3.12/site-packages/airflow/example_dags/tutorial_dag.py
[2024-10-18T23:38:01.031+0000] {logging_mixin.py:190} INFO - [2024-10-18T23:38:01.031+0000] {dag.py:3239} INFO - Sync 1 DAGs
[2024-10-18T23:38:01.045+0000] {logging_mixin.py:190} INFO - [2024-10-18T23:38:01.045+0000] {dag.py:4180} INFO - Setting next_dagrun for tutorial_dag to None, run_after=None
[2024-10-18T23:38:01.065+0000] {processor.py:208} INFO - Processing /home/airflow/.local/lib/python3.12/site-packages/airflow/example_dags/tutorial_dag.py took 0.070 seconds
[2024-10-18T23:38:31.572+0000] {processor.py:186} INFO - Started process (PID=744) to work on /home/airflow/.local/lib/python3.12/site-packages/airflow/example_dags/tutorial_dag.py
[2024-10-18T23:38:31.573+0000] {processor.py:914} INFO - Processing file /home/airflow/.local/lib/python3.12/site-packages/airflow/example_dags/tutorial_dag.py for tasks to queue
[2024-10-18T23:38:31.575+0000] {logging_mixin.py:190} INFO - [2024-10-18T23:38:31.575+0000] {dagbag.py:588} INFO - Filling up the DagBag from /home/airflow/.local/lib/python3.12/site-packages/airflow/example_dags/tutorial_dag.py
[2024-10-18T23:38:31.581+0000] {processor.py:925} INFO - DAG(s) 'tutorial_dag' retrieved from /home/airflow/.local/lib/python3.12/site-packages/airflow/example_dags/tutorial_dag.py
[2024-10-18T23:38:31.600+0000] {logging_mixin.py:190} INFO - [2024-10-18T23:38:31.600+0000] {dag.py:3239} INFO - Sync 1 DAGs
[2024-10-18T23:38:31.612+0000] {logging_mixin.py:190} INFO - [2024-10-18T23:38:31.612+0000] {dag.py:4180} INFO - Setting next_dagrun for tutorial_dag to None, run_after=None
[2024-10-18T23:38:31.631+0000] {processor.py:208} INFO - Processing /home/airflow/.local/lib/python3.12/site-packages/airflow/example_dags/tutorial_dag.py took 0.064 seconds
[2024-10-18T23:39:02.610+0000] {processor.py:186} INFO - Started process (PID=806) to work on /home/airflow/.local/lib/python3.12/site-packages/airflow/example_dags/tutorial_dag.py
[2024-10-18T23:39:02.611+0000] {processor.py:914} INFO - Processing file /home/airflow/.local/lib/python3.12/site-packages/airflow/example_dags/tutorial_dag.py for tasks to queue
[2024-10-18T23:39:02.614+0000] {logging_mixin.py:190} INFO - [2024-10-18T23:39:02.613+0000] {dagbag.py:588} INFO - Filling up the DagBag from /home/airflow/.local/lib/python3.12/site-packages/airflow/example_dags/tutorial_dag.py
[2024-10-18T23:39:02.620+0000] {processor.py:925} INFO - DAG(s) 'tutorial_dag' retrieved from /home/airflow/.local/lib/python3.12/site-packages/airflow/example_dags/tutorial_dag.py
[2024-10-18T23:39:02.641+0000] {logging_mixin.py:190} INFO - [2024-10-18T23:39:02.640+0000] {dag.py:3239} INFO - Sync 1 DAGs
[2024-10-18T23:39:02.655+0000] {logging_mixin.py:190} INFO - [2024-10-18T23:39:02.655+0000] {dag.py:4180} INFO - Setting next_dagrun for tutorial_dag to None, run_after=None
[2024-10-18T23:39:02.745+0000] {processor.py:208} INFO - Processing /home/airflow/.local/lib/python3.12/site-packages/airflow/example_dags/tutorial_dag.py took 0.140 seconds
[2024-10-18T23:39:33.032+0000] {processor.py:186} INFO - Started process (PID=868) to work on /home/airflow/.local/lib/python3.12/site-packages/airflow/example_dags/tutorial_dag.py
[2024-10-18T23:39:33.034+0000] {processor.py:914} INFO - Processing file /home/airflow/.local/lib/python3.12/site-packages/airflow/example_dags/tutorial_dag.py for tasks to queue
[2024-10-18T23:39:33.036+0000] {logging_mixin.py:190} INFO - [2024-10-18T23:39:33.036+0000] {dagbag.py:588} INFO - Filling up the DagBag from /home/airflow/.local/lib/python3.12/site-packages/airflow/example_dags/tutorial_dag.py
[2024-10-18T23:39:33.044+0000] {processor.py:925} INFO - DAG(s) 'tutorial_dag' retrieved from /home/airflow/.local/lib/python3.12/site-packages/airflow/example_dags/tutorial_dag.py
[2024-10-18T23:39:33.066+0000] {logging_mixin.py:190} INFO - [2024-10-18T23:39:33.065+0000] {dag.py:3239} INFO - Sync 1 DAGs
[2024-10-18T23:39:33.088+0000] {logging_mixin.py:190} INFO - [2024-10-18T23:39:33.088+0000] {dag.py:4180} INFO - Setting next_dagrun for tutorial_dag to None, run_after=None
[2024-10-18T23:39:33.116+0000] {processor.py:208} INFO - Processing /home/airflow/.local/lib/python3.12/site-packages/airflow/example_dags/tutorial_dag.py took 0.089 seconds
[2024-10-18T23:40:03.640+0000] {processor.py:186} INFO - Started process (PID=930) to work on /home/airflow/.local/lib/python3.12/site-packages/airflow/example_dags/tutorial_dag.py
[2024-10-18T23:40:03.643+0000] {processor.py:914} INFO - Processing file /home/airflow/.local/lib/python3.12/site-packages/airflow/example_dags/tutorial_dag.py for tasks to queue
[2024-10-18T23:40:03.646+0000] {logging_mixin.py:190} INFO - [2024-10-18T23:40:03.645+0000] {dagbag.py:588} INFO - Filling up the DagBag from /home/airflow/.local/lib/python3.12/site-packages/airflow/example_dags/tutorial_dag.py
[2024-10-18T23:40:03.655+0000] {processor.py:925} INFO - DAG(s) 'tutorial_dag' retrieved from /home/airflow/.local/lib/python3.12/site-packages/airflow/example_dags/tutorial_dag.py
[2024-10-18T23:40:03.683+0000] {logging_mixin.py:190} INFO - [2024-10-18T23:40:03.683+0000] {dag.py:3239} INFO - Sync 1 DAGs
[2024-10-18T23:40:03.703+0000] {logging_mixin.py:190} INFO - [2024-10-18T23:40:03.703+0000] {dag.py:4180} INFO - Setting next_dagrun for tutorial_dag to None, run_after=None
[2024-10-18T23:40:03.729+0000] {processor.py:208} INFO - Processing /home/airflow/.local/lib/python3.12/site-packages/airflow/example_dags/tutorial_dag.py took 0.097 seconds
[2024-10-18T23:40:34.183+0000] {processor.py:186} INFO - Started process (PID=992) to work on /home/airflow/.local/lib/python3.12/site-packages/airflow/example_dags/tutorial_dag.py
[2024-10-18T23:40:34.185+0000] {processor.py:914} INFO - Processing file /home/airflow/.local/lib/python3.12/site-packages/airflow/example_dags/tutorial_dag.py for tasks to queue
[2024-10-18T23:40:34.192+0000] {logging_mixin.py:190} INFO - [2024-10-18T23:40:34.191+0000] {dagbag.py:588} INFO - Filling up the DagBag from /home/airflow/.local/lib/python3.12/site-packages/airflow/example_dags/tutorial_dag.py
[2024-10-18T23:40:34.205+0000] {processor.py:925} INFO - DAG(s) 'tutorial_dag' retrieved from /home/airflow/.local/lib/python3.12/site-packages/airflow/example_dags/tutorial_dag.py
[2024-10-18T23:40:34.241+0000] {logging_mixin.py:190} INFO - [2024-10-18T23:40:34.241+0000] {dag.py:3239} INFO - Sync 1 DAGs
[2024-10-18T23:40:34.272+0000] {logging_mixin.py:190} INFO - [2024-10-18T23:40:34.272+0000] {dag.py:4180} INFO - Setting next_dagrun for tutorial_dag to None, run_after=None
[2024-10-18T23:40:34.374+0000] {processor.py:208} INFO - Processing /home/airflow/.local/lib/python3.12/site-packages/airflow/example_dags/tutorial_dag.py took 0.202 seconds
[2024-10-18T23:41:04.764+0000] {processor.py:186} INFO - Started process (PID=1054) to work on /home/airflow/.local/lib/python3.12/site-packages/airflow/example_dags/tutorial_dag.py
[2024-10-18T23:41:04.766+0000] {processor.py:914} INFO - Processing file /home/airflow/.local/lib/python3.12/site-packages/airflow/example_dags/tutorial_dag.py for tasks to queue
[2024-10-18T23:41:04.774+0000] {logging_mixin.py:190} INFO - [2024-10-18T23:41:04.773+0000] {dagbag.py:588} INFO - Filling up the DagBag from /home/airflow/.local/lib/python3.12/site-packages/airflow/example_dags/tutorial_dag.py
[2024-10-18T23:41:04.789+0000] {processor.py:925} INFO - DAG(s) 'tutorial_dag' retrieved from /home/airflow/.local/lib/python3.12/site-packages/airflow/example_dags/tutorial_dag.py
[2024-10-18T23:41:04.821+0000] {logging_mixin.py:190} INFO - [2024-10-18T23:41:04.821+0000] {dag.py:3239} INFO - Sync 1 DAGs
[2024-10-18T23:41:04.853+0000] {logging_mixin.py:190} INFO - [2024-10-18T23:41:04.852+0000] {dag.py:4180} INFO - Setting next_dagrun for tutorial_dag to None, run_after=None
[2024-10-18T23:41:04.888+0000] {processor.py:208} INFO - Processing /home/airflow/.local/lib/python3.12/site-packages/airflow/example_dags/tutorial_dag.py took 0.136 seconds
[2024-10-18T23:41:35.151+0000] {processor.py:186} INFO - Started process (PID=1116) to work on /home/airflow/.local/lib/python3.12/site-packages/airflow/example_dags/tutorial_dag.py
[2024-10-18T23:41:35.153+0000] {processor.py:914} INFO - Processing file /home/airflow/.local/lib/python3.12/site-packages/airflow/example_dags/tutorial_dag.py for tasks to queue
[2024-10-18T23:41:35.155+0000] {logging_mixin.py:190} INFO - [2024-10-18T23:41:35.155+0000] {dagbag.py:588} INFO - Filling up the DagBag from /home/airflow/.local/lib/python3.12/site-packages/airflow/example_dags/tutorial_dag.py
[2024-10-18T23:41:35.161+0000] {processor.py:925} INFO - DAG(s) 'tutorial_dag' retrieved from /home/airflow/.local/lib/python3.12/site-packages/airflow/example_dags/tutorial_dag.py
[2024-10-18T23:41:35.179+0000] {logging_mixin.py:190} INFO - [2024-10-18T23:41:35.179+0000] {dag.py:3239} INFO - Sync 1 DAGs
[2024-10-18T23:41:35.192+0000] {logging_mixin.py:190} INFO - [2024-10-18T23:41:35.192+0000] {dag.py:4180} INFO - Setting next_dagrun for tutorial_dag to None, run_after=None
[2024-10-18T23:41:35.219+0000] {processor.py:208} INFO - Processing /home/airflow/.local/lib/python3.12/site-packages/airflow/example_dags/tutorial_dag.py took 0.073 seconds
[2024-10-18T23:42:08.297+0000] {processor.py:186} INFO - Started process (PID=1178) to work on /home/airflow/.local/lib/python3.12/site-packages/airflow/example_dags/tutorial_dag.py
[2024-10-18T23:42:08.836+0000] {processor.py:914} INFO - Processing file /home/airflow/.local/lib/python3.12/site-packages/airflow/example_dags/tutorial_dag.py for tasks to queue
[2024-10-18T23:42:08.841+0000] {logging_mixin.py:190} INFO - [2024-10-18T23:42:08.840+0000] {dagbag.py:588} INFO - Filling up the DagBag from /home/airflow/.local/lib/python3.12/site-packages/airflow/example_dags/tutorial_dag.py
[2024-10-18T23:42:08.851+0000] {processor.py:925} INFO - DAG(s) 'tutorial_dag' retrieved from /home/airflow/.local/lib/python3.12/site-packages/airflow/example_dags/tutorial_dag.py
[2024-10-18T23:42:08.933+0000] {logging_mixin.py:190} INFO - [2024-10-18T23:42:08.933+0000] {dag.py:3239} INFO - Sync 1 DAGs
[2024-10-18T23:42:08.947+0000] {logging_mixin.py:190} INFO - [2024-10-18T23:42:08.947+0000] {dag.py:4180} INFO - Setting next_dagrun for tutorial_dag to None, run_after=None
[2024-10-18T23:42:10.539+0000] {processor.py:208} INFO - Processing /home/airflow/.local/lib/python3.12/site-packages/airflow/example_dags/tutorial_dag.py took 2.247 seconds
[2024-10-18T23:42:43.748+0000] {processor.py:186} INFO - Started process (PID=1246) to work on /home/airflow/.local/lib/python3.12/site-packages/airflow/example_dags/tutorial_dag.py
[2024-10-18T23:42:43.750+0000] {processor.py:914} INFO - Processing file /home/airflow/.local/lib/python3.12/site-packages/airflow/example_dags/tutorial_dag.py for tasks to queue
[2024-10-18T23:42:43.753+0000] {logging_mixin.py:190} INFO - [2024-10-18T23:42:43.752+0000] {dagbag.py:588} INFO - Filling up the DagBag from /home/airflow/.local/lib/python3.12/site-packages/airflow/example_dags/tutorial_dag.py
[2024-10-18T23:42:43.761+0000] {processor.py:925} INFO - DAG(s) 'tutorial_dag' retrieved from /home/airflow/.local/lib/python3.12/site-packages/airflow/example_dags/tutorial_dag.py
[2024-10-18T23:42:43.829+0000] {logging_mixin.py:190} INFO - [2024-10-18T23:42:43.829+0000] {dag.py:3239} INFO - Sync 1 DAGs
[2024-10-18T23:42:43.848+0000] {logging_mixin.py:190} INFO - [2024-10-18T23:42:43.848+0000] {dag.py:4180} INFO - Setting next_dagrun for tutorial_dag to None, run_after=None
[2024-10-18T23:42:43.874+0000] {processor.py:208} INFO - Processing /home/airflow/.local/lib/python3.12/site-packages/airflow/example_dags/tutorial_dag.py took 0.133 seconds
[2024-10-18T23:43:15.464+0000] {processor.py:186} INFO - Started process (PID=1313) to work on /home/airflow/.local/lib/python3.12/site-packages/airflow/example_dags/tutorial_dag.py
[2024-10-18T23:43:15.466+0000] {processor.py:914} INFO - Processing file /home/airflow/.local/lib/python3.12/site-packages/airflow/example_dags/tutorial_dag.py for tasks to queue
[2024-10-18T23:43:15.473+0000] {logging_mixin.py:190} INFO - [2024-10-18T23:43:15.472+0000] {dagbag.py:588} INFO - Filling up the DagBag from /home/airflow/.local/lib/python3.12/site-packages/airflow/example_dags/tutorial_dag.py
[2024-10-18T23:43:15.486+0000] {processor.py:925} INFO - DAG(s) 'tutorial_dag' retrieved from /home/airflow/.local/lib/python3.12/site-packages/airflow/example_dags/tutorial_dag.py
[2024-10-18T23:43:15.520+0000] {logging_mixin.py:190} INFO - [2024-10-18T23:43:15.520+0000] {dag.py:3239} INFO - Sync 1 DAGs
[2024-10-18T23:43:15.549+0000] {logging_mixin.py:190} INFO - [2024-10-18T23:43:15.549+0000] {dag.py:4180} INFO - Setting next_dagrun for tutorial_dag to None, run_after=None
[2024-10-18T23:43:15.582+0000] {processor.py:208} INFO - Processing /home/airflow/.local/lib/python3.12/site-packages/airflow/example_dags/tutorial_dag.py took 0.132 seconds
[2024-10-18T23:43:45.666+0000] {processor.py:186} INFO - Started process (PID=1375) to work on /home/airflow/.local/lib/python3.12/site-packages/airflow/example_dags/tutorial_dag.py
[2024-10-18T23:43:45.668+0000] {processor.py:914} INFO - Processing file /home/airflow/.local/lib/python3.12/site-packages/airflow/example_dags/tutorial_dag.py for tasks to queue
[2024-10-18T23:43:45.670+0000] {logging_mixin.py:190} INFO - [2024-10-18T23:43:45.670+0000] {dagbag.py:588} INFO - Filling up the DagBag from /home/airflow/.local/lib/python3.12/site-packages/airflow/example_dags/tutorial_dag.py
[2024-10-18T23:43:45.677+0000] {processor.py:925} INFO - DAG(s) 'tutorial_dag' retrieved from /home/airflow/.local/lib/python3.12/site-packages/airflow/example_dags/tutorial_dag.py
[2024-10-18T23:43:45.697+0000] {logging_mixin.py:190} INFO - [2024-10-18T23:43:45.697+0000] {dag.py:3239} INFO - Sync 1 DAGs
[2024-10-18T23:43:45.710+0000] {logging_mixin.py:190} INFO - [2024-10-18T23:43:45.709+0000] {dag.py:4180} INFO - Setting next_dagrun for tutorial_dag to None, run_after=None
[2024-10-18T23:43:45.739+0000] {processor.py:208} INFO - Processing /home/airflow/.local/lib/python3.12/site-packages/airflow/example_dags/tutorial_dag.py took 0.078 seconds
[2024-10-18T23:44:16.068+0000] {processor.py:186} INFO - Started process (PID=1437) to work on /home/airflow/.local/lib/python3.12/site-packages/airflow/example_dags/tutorial_dag.py
[2024-10-18T23:44:16.071+0000] {processor.py:914} INFO - Processing file /home/airflow/.local/lib/python3.12/site-packages/airflow/example_dags/tutorial_dag.py for tasks to queue
[2024-10-18T23:44:16.075+0000] {logging_mixin.py:190} INFO - [2024-10-18T23:44:16.074+0000] {dagbag.py:588} INFO - Filling up the DagBag from /home/airflow/.local/lib/python3.12/site-packages/airflow/example_dags/tutorial_dag.py
[2024-10-18T23:44:16.083+0000] {processor.py:925} INFO - DAG(s) 'tutorial_dag' retrieved from /home/airflow/.local/lib/python3.12/site-packages/airflow/example_dags/tutorial_dag.py
[2024-10-18T23:44:16.108+0000] {logging_mixin.py:190} INFO - [2024-10-18T23:44:16.108+0000] {dag.py:3239} INFO - Sync 1 DAGs
[2024-10-18T23:44:16.127+0000] {logging_mixin.py:190} INFO - [2024-10-18T23:44:16.127+0000] {dag.py:4180} INFO - Setting next_dagrun for tutorial_dag to None, run_after=None
[2024-10-18T23:44:16.151+0000] {processor.py:208} INFO - Processing /home/airflow/.local/lib/python3.12/site-packages/airflow/example_dags/tutorial_dag.py took 0.092 seconds
[2024-10-18T23:44:46.680+0000] {processor.py:186} INFO - Started process (PID=1499) to work on /home/airflow/.local/lib/python3.12/site-packages/airflow/example_dags/tutorial_dag.py
[2024-10-18T23:44:46.681+0000] {processor.py:914} INFO - Processing file /home/airflow/.local/lib/python3.12/site-packages/airflow/example_dags/tutorial_dag.py for tasks to queue
[2024-10-18T23:44:46.684+0000] {logging_mixin.py:190} INFO - [2024-10-18T23:44:46.683+0000] {dagbag.py:588} INFO - Filling up the DagBag from /home/airflow/.local/lib/python3.12/site-packages/airflow/example_dags/tutorial_dag.py
[2024-10-18T23:44:46.690+0000] {processor.py:925} INFO - DAG(s) 'tutorial_dag' retrieved from /home/airflow/.local/lib/python3.12/site-packages/airflow/example_dags/tutorial_dag.py
[2024-10-18T23:44:46.708+0000] {logging_mixin.py:190} INFO - [2024-10-18T23:44:46.708+0000] {dag.py:3239} INFO - Sync 1 DAGs
[2024-10-18T23:44:46.722+0000] {logging_mixin.py:190} INFO - [2024-10-18T23:44:46.722+0000] {dag.py:4180} INFO - Setting next_dagrun for tutorial_dag to None, run_after=None
[2024-10-18T23:44:46.743+0000] {processor.py:208} INFO - Processing /home/airflow/.local/lib/python3.12/site-packages/airflow/example_dags/tutorial_dag.py took 0.068 seconds
[2024-10-18T23:45:17.339+0000] {processor.py:186} INFO - Started process (PID=1563) to work on /home/airflow/.local/lib/python3.12/site-packages/airflow/example_dags/tutorial_dag.py
[2024-10-18T23:45:17.340+0000] {processor.py:914} INFO - Processing file /home/airflow/.local/lib/python3.12/site-packages/airflow/example_dags/tutorial_dag.py for tasks to queue
[2024-10-18T23:45:17.343+0000] {logging_mixin.py:190} INFO - [2024-10-18T23:45:17.343+0000] {dagbag.py:588} INFO - Filling up the DagBag from /home/airflow/.local/lib/python3.12/site-packages/airflow/example_dags/tutorial_dag.py
[2024-10-18T23:45:17.350+0000] {processor.py:925} INFO - DAG(s) 'tutorial_dag' retrieved from /home/airflow/.local/lib/python3.12/site-packages/airflow/example_dags/tutorial_dag.py
[2024-10-18T23:45:17.371+0000] {logging_mixin.py:190} INFO - [2024-10-18T23:45:17.370+0000] {dag.py:3239} INFO - Sync 1 DAGs
[2024-10-18T23:45:17.382+0000] {logging_mixin.py:190} INFO - [2024-10-18T23:45:17.382+0000] {dag.py:4180} INFO - Setting next_dagrun for tutorial_dag to None, run_after=None
[2024-10-18T23:45:17.400+0000] {processor.py:208} INFO - Processing /home/airflow/.local/lib/python3.12/site-packages/airflow/example_dags/tutorial_dag.py took 0.067 seconds
[2024-10-18T23:45:48.013+0000] {processor.py:186} INFO - Started process (PID=1625) to work on /home/airflow/.local/lib/python3.12/site-packages/airflow/example_dags/tutorial_dag.py
[2024-10-18T23:45:48.015+0000] {processor.py:914} INFO - Processing file /home/airflow/.local/lib/python3.12/site-packages/airflow/example_dags/tutorial_dag.py for tasks to queue
[2024-10-18T23:45:48.017+0000] {logging_mixin.py:190} INFO - [2024-10-18T23:45:48.017+0000] {dagbag.py:588} INFO - Filling up the DagBag from /home/airflow/.local/lib/python3.12/site-packages/airflow/example_dags/tutorial_dag.py
[2024-10-18T23:45:48.024+0000] {processor.py:925} INFO - DAG(s) 'tutorial_dag' retrieved from /home/airflow/.local/lib/python3.12/site-packages/airflow/example_dags/tutorial_dag.py
[2024-10-18T23:45:48.044+0000] {logging_mixin.py:190} INFO - [2024-10-18T23:45:48.043+0000] {dag.py:3239} INFO - Sync 1 DAGs
[2024-10-18T23:45:48.056+0000] {logging_mixin.py:190} INFO - [2024-10-18T23:45:48.056+0000] {dag.py:4180} INFO - Setting next_dagrun for tutorial_dag to None, run_after=None
[2024-10-18T23:45:48.075+0000] {processor.py:208} INFO - Processing /home/airflow/.local/lib/python3.12/site-packages/airflow/example_dags/tutorial_dag.py took 0.067 seconds
[2024-10-18T23:46:18.760+0000] {processor.py:186} INFO - Started process (PID=1687) to work on /home/airflow/.local/lib/python3.12/site-packages/airflow/example_dags/tutorial_dag.py
[2024-10-18T23:46:18.761+0000] {processor.py:914} INFO - Processing file /home/airflow/.local/lib/python3.12/site-packages/airflow/example_dags/tutorial_dag.py for tasks to queue
[2024-10-18T23:46:18.764+0000] {logging_mixin.py:190} INFO - [2024-10-18T23:46:18.764+0000] {dagbag.py:588} INFO - Filling up the DagBag from /home/airflow/.local/lib/python3.12/site-packages/airflow/example_dags/tutorial_dag.py
[2024-10-18T23:46:18.771+0000] {processor.py:925} INFO - DAG(s) 'tutorial_dag' retrieved from /home/airflow/.local/lib/python3.12/site-packages/airflow/example_dags/tutorial_dag.py
[2024-10-18T23:46:18.789+0000] {logging_mixin.py:190} INFO - [2024-10-18T23:46:18.789+0000] {dag.py:3239} INFO - Sync 1 DAGs
[2024-10-18T23:46:18.801+0000] {logging_mixin.py:190} INFO - [2024-10-18T23:46:18.801+0000] {dag.py:4180} INFO - Setting next_dagrun for tutorial_dag to None, run_after=None
[2024-10-18T23:46:18.819+0000] {processor.py:208} INFO - Processing /home/airflow/.local/lib/python3.12/site-packages/airflow/example_dags/tutorial_dag.py took 0.065 seconds
[2024-10-18T23:46:53.490+0000] {processor.py:186} INFO - Started process (PID=1753) to work on /home/airflow/.local/lib/python3.12/site-packages/airflow/example_dags/tutorial_dag.py
[2024-10-18T23:46:53.491+0000] {processor.py:914} INFO - Processing file /home/airflow/.local/lib/python3.12/site-packages/airflow/example_dags/tutorial_dag.py for tasks to queue
[2024-10-18T23:46:53.494+0000] {logging_mixin.py:190} INFO - [2024-10-18T23:46:53.494+0000] {dagbag.py:588} INFO - Filling up the DagBag from /home/airflow/.local/lib/python3.12/site-packages/airflow/example_dags/tutorial_dag.py
[2024-10-18T23:46:53.501+0000] {processor.py:925} INFO - DAG(s) 'tutorial_dag' retrieved from /home/airflow/.local/lib/python3.12/site-packages/airflow/example_dags/tutorial_dag.py
[2024-10-18T23:46:53.522+0000] {logging_mixin.py:190} INFO - [2024-10-18T23:46:53.522+0000] {dag.py:3239} INFO - Sync 1 DAGs
[2024-10-18T23:46:53.535+0000] {logging_mixin.py:190} INFO - [2024-10-18T23:46:53.534+0000] {dag.py:4180} INFO - Setting next_dagrun for tutorial_dag to None, run_after=None
[2024-10-18T23:46:53.554+0000] {processor.py:208} INFO - Processing /home/airflow/.local/lib/python3.12/site-packages/airflow/example_dags/tutorial_dag.py took 0.070 seconds
[2024-10-18T23:47:24.344+0000] {processor.py:186} INFO - Started process (PID=1815) to work on /home/airflow/.local/lib/python3.12/site-packages/airflow/example_dags/tutorial_dag.py
[2024-10-18T23:47:24.345+0000] {processor.py:914} INFO - Processing file /home/airflow/.local/lib/python3.12/site-packages/airflow/example_dags/tutorial_dag.py for tasks to queue
[2024-10-18T23:47:24.348+0000] {logging_mixin.py:190} INFO - [2024-10-18T23:47:24.347+0000] {dagbag.py:588} INFO - Filling up the DagBag from /home/airflow/.local/lib/python3.12/site-packages/airflow/example_dags/tutorial_dag.py
[2024-10-18T23:47:24.354+0000] {processor.py:925} INFO - DAG(s) 'tutorial_dag' retrieved from /home/airflow/.local/lib/python3.12/site-packages/airflow/example_dags/tutorial_dag.py
[2024-10-18T23:47:24.372+0000] {logging_mixin.py:190} INFO - [2024-10-18T23:47:24.372+0000] {dag.py:3239} INFO - Sync 1 DAGs
[2024-10-18T23:47:24.385+0000] {logging_mixin.py:190} INFO - [2024-10-18T23:47:24.384+0000] {dag.py:4180} INFO - Setting next_dagrun for tutorial_dag to None, run_after=None
[2024-10-18T23:47:24.405+0000] {processor.py:208} INFO - Processing /home/airflow/.local/lib/python3.12/site-packages/airflow/example_dags/tutorial_dag.py took 0.067 seconds
[2024-10-18T23:47:56.850+0000] {processor.py:186} INFO - Started process (PID=1877) to work on /home/airflow/.local/lib/python3.12/site-packages/airflow/example_dags/tutorial_dag.py
[2024-10-18T23:47:56.852+0000] {processor.py:914} INFO - Processing file /home/airflow/.local/lib/python3.12/site-packages/airflow/example_dags/tutorial_dag.py for tasks to queue
[2024-10-18T23:47:56.856+0000] {logging_mixin.py:190} INFO - [2024-10-18T23:47:56.855+0000] {dagbag.py:588} INFO - Filling up the DagBag from /home/airflow/.local/lib/python3.12/site-packages/airflow/example_dags/tutorial_dag.py
[2024-10-18T23:47:56.865+0000] {processor.py:925} INFO - DAG(s) 'tutorial_dag' retrieved from /home/airflow/.local/lib/python3.12/site-packages/airflow/example_dags/tutorial_dag.py
[2024-10-18T23:47:56.896+0000] {logging_mixin.py:190} INFO - [2024-10-18T23:47:56.895+0000] {dag.py:3239} INFO - Sync 1 DAGs
[2024-10-18T23:47:56.919+0000] {logging_mixin.py:190} INFO - [2024-10-18T23:47:56.918+0000] {dag.py:4180} INFO - Setting next_dagrun for tutorial_dag to None, run_after=None
[2024-10-18T23:47:56.948+0000] {processor.py:208} INFO - Processing /home/airflow/.local/lib/python3.12/site-packages/airflow/example_dags/tutorial_dag.py took 0.106 seconds
[2024-10-18T23:48:33.490+0000] {processor.py:186} INFO - Started process (PID=1945) to work on /home/airflow/.local/lib/python3.12/site-packages/airflow/example_dags/tutorial_dag.py
[2024-10-18T23:48:33.492+0000] {processor.py:914} INFO - Processing file /home/airflow/.local/lib/python3.12/site-packages/airflow/example_dags/tutorial_dag.py for tasks to queue
[2024-10-18T23:48:33.496+0000] {logging_mixin.py:190} INFO - [2024-10-18T23:48:33.496+0000] {dagbag.py:588} INFO - Filling up the DagBag from /home/airflow/.local/lib/python3.12/site-packages/airflow/example_dags/tutorial_dag.py
[2024-10-18T23:48:33.511+0000] {processor.py:925} INFO - DAG(s) 'tutorial_dag' retrieved from /home/airflow/.local/lib/python3.12/site-packages/airflow/example_dags/tutorial_dag.py
[2024-10-18T23:48:33.542+0000] {logging_mixin.py:190} INFO - [2024-10-18T23:48:33.541+0000] {dag.py:3239} INFO - Sync 1 DAGs
[2024-10-18T23:48:33.570+0000] {logging_mixin.py:190} INFO - [2024-10-18T23:48:33.569+0000] {dag.py:4180} INFO - Setting next_dagrun for tutorial_dag to None, run_after=None
[2024-10-18T23:48:33.597+0000] {processor.py:208} INFO - Processing /home/airflow/.local/lib/python3.12/site-packages/airflow/example_dags/tutorial_dag.py took 0.115 seconds
[2024-10-18T23:49:05.214+0000] {processor.py:186} INFO - Started process (PID=2007) to work on /home/airflow/.local/lib/python3.12/site-packages/airflow/example_dags/tutorial_dag.py
[2024-10-18T23:49:05.215+0000] {processor.py:914} INFO - Processing file /home/airflow/.local/lib/python3.12/site-packages/airflow/example_dags/tutorial_dag.py for tasks to queue
[2024-10-18T23:49:05.219+0000] {logging_mixin.py:190} INFO - [2024-10-18T23:49:05.218+0000] {dagbag.py:588} INFO - Filling up the DagBag from /home/airflow/.local/lib/python3.12/site-packages/airflow/example_dags/tutorial_dag.py
[2024-10-18T23:49:05.228+0000] {processor.py:925} INFO - DAG(s) 'tutorial_dag' retrieved from /home/airflow/.local/lib/python3.12/site-packages/airflow/example_dags/tutorial_dag.py
[2024-10-18T23:49:05.254+0000] {logging_mixin.py:190} INFO - [2024-10-18T23:49:05.253+0000] {dag.py:3239} INFO - Sync 1 DAGs
[2024-10-18T23:49:05.276+0000] {logging_mixin.py:190} INFO - [2024-10-18T23:49:05.275+0000] {dag.py:4180} INFO - Setting next_dagrun for tutorial_dag to None, run_after=None
[2024-10-18T23:49:05.302+0000] {processor.py:208} INFO - Processing /home/airflow/.local/lib/python3.12/site-packages/airflow/example_dags/tutorial_dag.py took 0.096 seconds
[2024-10-18T23:49:35.590+0000] {processor.py:186} INFO - Started process (PID=2069) to work on /home/airflow/.local/lib/python3.12/site-packages/airflow/example_dags/tutorial_dag.py
[2024-10-18T23:49:35.592+0000] {processor.py:914} INFO - Processing file /home/airflow/.local/lib/python3.12/site-packages/airflow/example_dags/tutorial_dag.py for tasks to queue
[2024-10-18T23:49:35.595+0000] {logging_mixin.py:190} INFO - [2024-10-18T23:49:35.595+0000] {dagbag.py:588} INFO - Filling up the DagBag from /home/airflow/.local/lib/python3.12/site-packages/airflow/example_dags/tutorial_dag.py
[2024-10-18T23:49:35.602+0000] {processor.py:925} INFO - DAG(s) 'tutorial_dag' retrieved from /home/airflow/.local/lib/python3.12/site-packages/airflow/example_dags/tutorial_dag.py
[2024-10-18T23:49:35.630+0000] {logging_mixin.py:190} INFO - [2024-10-18T23:49:35.629+0000] {dag.py:3239} INFO - Sync 1 DAGs
[2024-10-18T23:49:35.645+0000] {logging_mixin.py:190} INFO - [2024-10-18T23:49:35.645+0000] {dag.py:4180} INFO - Setting next_dagrun for tutorial_dag to None, run_after=None
[2024-10-18T23:49:35.667+0000] {processor.py:208} INFO - Processing /home/airflow/.local/lib/python3.12/site-packages/airflow/example_dags/tutorial_dag.py took 0.082 seconds
[2024-10-18T23:50:05.821+0000] {processor.py:186} INFO - Started process (PID=2131) to work on /home/airflow/.local/lib/python3.12/site-packages/airflow/example_dags/tutorial_dag.py
[2024-10-18T23:50:05.822+0000] {processor.py:914} INFO - Processing file /home/airflow/.local/lib/python3.12/site-packages/airflow/example_dags/tutorial_dag.py for tasks to queue
[2024-10-18T23:50:05.825+0000] {logging_mixin.py:190} INFO - [2024-10-18T23:50:05.825+0000] {dagbag.py:588} INFO - Filling up the DagBag from /home/airflow/.local/lib/python3.12/site-packages/airflow/example_dags/tutorial_dag.py
[2024-10-18T23:50:05.832+0000] {processor.py:925} INFO - DAG(s) 'tutorial_dag' retrieved from /home/airflow/.local/lib/python3.12/site-packages/airflow/example_dags/tutorial_dag.py
[2024-10-18T23:50:05.852+0000] {logging_mixin.py:190} INFO - [2024-10-18T23:50:05.852+0000] {dag.py:3239} INFO - Sync 1 DAGs
[2024-10-18T23:50:05.865+0000] {logging_mixin.py:190} INFO - [2024-10-18T23:50:05.865+0000] {dag.py:4180} INFO - Setting next_dagrun for tutorial_dag to None, run_after=None
[2024-10-18T23:50:05.886+0000] {processor.py:208} INFO - Processing /home/airflow/.local/lib/python3.12/site-packages/airflow/example_dags/tutorial_dag.py took 0.070 seconds
[2024-10-18T23:50:36.951+0000] {processor.py:186} INFO - Started process (PID=2192) to work on /home/airflow/.local/lib/python3.12/site-packages/airflow/example_dags/tutorial_dag.py
[2024-10-18T23:50:36.952+0000] {processor.py:914} INFO - Processing file /home/airflow/.local/lib/python3.12/site-packages/airflow/example_dags/tutorial_dag.py for tasks to queue
[2024-10-18T23:50:36.957+0000] {logging_mixin.py:190} INFO - [2024-10-18T23:50:36.957+0000] {dagbag.py:588} INFO - Filling up the DagBag from /home/airflow/.local/lib/python3.12/site-packages/airflow/example_dags/tutorial_dag.py
[2024-10-18T23:50:36.972+0000] {processor.py:925} INFO - DAG(s) 'tutorial_dag' retrieved from /home/airflow/.local/lib/python3.12/site-packages/airflow/example_dags/tutorial_dag.py
[2024-10-18T23:50:37.001+0000] {logging_mixin.py:190} INFO - [2024-10-18T23:50:37.001+0000] {dag.py:3239} INFO - Sync 1 DAGs
[2024-10-18T23:50:37.025+0000] {logging_mixin.py:190} INFO - [2024-10-18T23:50:37.025+0000] {dag.py:4180} INFO - Setting next_dagrun for tutorial_dag to None, run_after=None
[2024-10-18T23:50:37.065+0000] {processor.py:208} INFO - Processing /home/airflow/.local/lib/python3.12/site-packages/airflow/example_dags/tutorial_dag.py took 0.124 seconds
[2024-10-18T23:51:07.569+0000] {processor.py:186} INFO - Started process (PID=2254) to work on /home/airflow/.local/lib/python3.12/site-packages/airflow/example_dags/tutorial_dag.py
[2024-10-18T23:51:07.570+0000] {processor.py:914} INFO - Processing file /home/airflow/.local/lib/python3.12/site-packages/airflow/example_dags/tutorial_dag.py for tasks to queue
[2024-10-18T23:51:07.575+0000] {logging_mixin.py:190} INFO - [2024-10-18T23:51:07.574+0000] {dagbag.py:588} INFO - Filling up the DagBag from /home/airflow/.local/lib/python3.12/site-packages/airflow/example_dags/tutorial_dag.py
[2024-10-18T23:51:07.586+0000] {processor.py:925} INFO - DAG(s) 'tutorial_dag' retrieved from /home/airflow/.local/lib/python3.12/site-packages/airflow/example_dags/tutorial_dag.py
[2024-10-18T23:51:07.614+0000] {logging_mixin.py:190} INFO - [2024-10-18T23:51:07.614+0000] {dag.py:3239} INFO - Sync 1 DAGs
[2024-10-18T23:51:07.638+0000] {logging_mixin.py:190} INFO - [2024-10-18T23:51:07.637+0000] {dag.py:4180} INFO - Setting next_dagrun for tutorial_dag to None, run_after=None
[2024-10-18T23:51:07.670+0000] {processor.py:208} INFO - Processing /home/airflow/.local/lib/python3.12/site-packages/airflow/example_dags/tutorial_dag.py took 0.110 seconds
[2024-10-18T23:51:38.133+0000] {processor.py:186} INFO - Started process (PID=2317) to work on /home/airflow/.local/lib/python3.12/site-packages/airflow/example_dags/tutorial_dag.py
[2024-10-18T23:51:38.134+0000] {processor.py:914} INFO - Processing file /home/airflow/.local/lib/python3.12/site-packages/airflow/example_dags/tutorial_dag.py for tasks to queue
[2024-10-18T23:51:38.140+0000] {logging_mixin.py:190} INFO - [2024-10-18T23:51:38.139+0000] {dagbag.py:588} INFO - Filling up the DagBag from /home/airflow/.local/lib/python3.12/site-packages/airflow/example_dags/tutorial_dag.py
[2024-10-18T23:51:38.152+0000] {processor.py:925} INFO - DAG(s) 'tutorial_dag' retrieved from /home/airflow/.local/lib/python3.12/site-packages/airflow/example_dags/tutorial_dag.py
[2024-10-18T23:51:38.184+0000] {logging_mixin.py:190} INFO - [2024-10-18T23:51:38.184+0000] {dag.py:3239} INFO - Sync 1 DAGs
[2024-10-18T23:51:38.213+0000] {logging_mixin.py:190} INFO - [2024-10-18T23:51:38.213+0000] {dag.py:4180} INFO - Setting next_dagrun for tutorial_dag to None, run_after=None
[2024-10-18T23:51:38.252+0000] {processor.py:208} INFO - Processing /home/airflow/.local/lib/python3.12/site-packages/airflow/example_dags/tutorial_dag.py took 0.130 seconds
[2024-10-18T23:52:13.316+0000] {processor.py:186} INFO - Started process (PID=2385) to work on /home/airflow/.local/lib/python3.12/site-packages/airflow/example_dags/tutorial_dag.py
[2024-10-18T23:52:13.318+0000] {processor.py:914} INFO - Processing file /home/airflow/.local/lib/python3.12/site-packages/airflow/example_dags/tutorial_dag.py for tasks to queue
[2024-10-18T23:52:13.322+0000] {logging_mixin.py:190} INFO - [2024-10-18T23:52:13.322+0000] {dagbag.py:588} INFO - Filling up the DagBag from /home/airflow/.local/lib/python3.12/site-packages/airflow/example_dags/tutorial_dag.py
[2024-10-18T23:52:13.335+0000] {processor.py:925} INFO - DAG(s) 'tutorial_dag' retrieved from /home/airflow/.local/lib/python3.12/site-packages/airflow/example_dags/tutorial_dag.py
[2024-10-18T23:52:13.368+0000] {logging_mixin.py:190} INFO - [2024-10-18T23:52:13.368+0000] {dag.py:3239} INFO - Sync 1 DAGs
[2024-10-18T23:52:13.395+0000] {logging_mixin.py:190} INFO - [2024-10-18T23:52:13.395+0000] {dag.py:4180} INFO - Setting next_dagrun for tutorial_dag to None, run_after=None
[2024-10-18T23:52:13.426+0000] {processor.py:208} INFO - Processing /home/airflow/.local/lib/python3.12/site-packages/airflow/example_dags/tutorial_dag.py took 0.120 seconds
[2024-10-18T23:52:44.897+0000] {processor.py:186} INFO - Started process (PID=2450) to work on /home/airflow/.local/lib/python3.12/site-packages/airflow/example_dags/tutorial_dag.py
[2024-10-18T23:52:44.900+0000] {processor.py:914} INFO - Processing file /home/airflow/.local/lib/python3.12/site-packages/airflow/example_dags/tutorial_dag.py for tasks to queue
[2024-10-18T23:52:44.907+0000] {logging_mixin.py:190} INFO - [2024-10-18T23:52:44.906+0000] {dagbag.py:588} INFO - Filling up the DagBag from /home/airflow/.local/lib/python3.12/site-packages/airflow/example_dags/tutorial_dag.py
[2024-10-18T23:52:44.924+0000] {processor.py:925} INFO - DAG(s) 'tutorial_dag' retrieved from /home/airflow/.local/lib/python3.12/site-packages/airflow/example_dags/tutorial_dag.py
[2024-10-18T23:52:44.960+0000] {logging_mixin.py:190} INFO - [2024-10-18T23:52:44.960+0000] {dag.py:3239} INFO - Sync 1 DAGs
[2024-10-18T23:52:44.989+0000] {logging_mixin.py:190} INFO - [2024-10-18T23:52:44.988+0000] {dag.py:4180} INFO - Setting next_dagrun for tutorial_dag to None, run_after=None
[2024-10-18T23:52:45.026+0000] {processor.py:208} INFO - Processing /home/airflow/.local/lib/python3.12/site-packages/airflow/example_dags/tutorial_dag.py took 0.143 seconds
[2024-10-18T23:53:22.755+0000] {processor.py:186} INFO - Started process (PID=2524) to work on /home/airflow/.local/lib/python3.12/site-packages/airflow/example_dags/tutorial_dag.py
[2024-10-18T23:53:22.770+0000] {processor.py:914} INFO - Processing file /home/airflow/.local/lib/python3.12/site-packages/airflow/example_dags/tutorial_dag.py for tasks to queue
[2024-10-18T23:53:22.783+0000] {logging_mixin.py:190} INFO - [2024-10-18T23:53:22.782+0000] {dagbag.py:588} INFO - Filling up the DagBag from /home/airflow/.local/lib/python3.12/site-packages/airflow/example_dags/tutorial_dag.py
[2024-10-18T23:53:22.815+0000] {processor.py:925} INFO - DAG(s) 'tutorial_dag' retrieved from /home/airflow/.local/lib/python3.12/site-packages/airflow/example_dags/tutorial_dag.py
[2024-10-18T23:53:22.879+0000] {logging_mixin.py:190} INFO - [2024-10-18T23:53:22.878+0000] {dag.py:3239} INFO - Sync 1 DAGs
[2024-10-18T23:53:22.930+0000] {logging_mixin.py:190} INFO - [2024-10-18T23:53:22.930+0000] {dag.py:4180} INFO - Setting next_dagrun for tutorial_dag to None, run_after=None
[2024-10-18T23:53:22.988+0000] {processor.py:208} INFO - Processing /home/airflow/.local/lib/python3.12/site-packages/airflow/example_dags/tutorial_dag.py took 0.303 seconds
[2024-10-18T23:53:53.380+0000] {processor.py:186} INFO - Started process (PID=2585) to work on /home/airflow/.local/lib/python3.12/site-packages/airflow/example_dags/tutorial_dag.py
[2024-10-18T23:53:53.391+0000] {processor.py:914} INFO - Processing file /home/airflow/.local/lib/python3.12/site-packages/airflow/example_dags/tutorial_dag.py for tasks to queue
[2024-10-18T23:53:53.395+0000] {logging_mixin.py:190} INFO - [2024-10-18T23:53:53.395+0000] {dagbag.py:588} INFO - Filling up the DagBag from /home/airflow/.local/lib/python3.12/site-packages/airflow/example_dags/tutorial_dag.py
[2024-10-18T23:53:53.407+0000] {processor.py:925} INFO - DAG(s) 'tutorial_dag' retrieved from /home/airflow/.local/lib/python3.12/site-packages/airflow/example_dags/tutorial_dag.py
[2024-10-18T23:53:53.434+0000] {logging_mixin.py:190} INFO - [2024-10-18T23:53:53.434+0000] {dag.py:3239} INFO - Sync 1 DAGs
[2024-10-18T23:53:53.453+0000] {logging_mixin.py:190} INFO - [2024-10-18T23:53:53.452+0000] {dag.py:4180} INFO - Setting next_dagrun for tutorial_dag to None, run_after=None
[2024-10-18T23:53:53.478+0000] {processor.py:208} INFO - Processing /home/airflow/.local/lib/python3.12/site-packages/airflow/example_dags/tutorial_dag.py took 0.117 seconds
[2024-10-18T23:54:23.731+0000] {processor.py:186} INFO - Started process (PID=2647) to work on /home/airflow/.local/lib/python3.12/site-packages/airflow/example_dags/tutorial_dag.py
[2024-10-18T23:54:23.736+0000] {processor.py:914} INFO - Processing file /home/airflow/.local/lib/python3.12/site-packages/airflow/example_dags/tutorial_dag.py for tasks to queue
[2024-10-18T23:54:23.742+0000] {logging_mixin.py:190} INFO - [2024-10-18T23:54:23.741+0000] {dagbag.py:588} INFO - Filling up the DagBag from /home/airflow/.local/lib/python3.12/site-packages/airflow/example_dags/tutorial_dag.py
[2024-10-18T23:54:23.761+0000] {processor.py:925} INFO - DAG(s) 'tutorial_dag' retrieved from /home/airflow/.local/lib/python3.12/site-packages/airflow/example_dags/tutorial_dag.py
[2024-10-18T23:54:23.821+0000] {logging_mixin.py:190} INFO - [2024-10-18T23:54:23.821+0000] {dag.py:3239} INFO - Sync 1 DAGs
[2024-10-18T23:54:23.865+0000] {logging_mixin.py:190} INFO - [2024-10-18T23:54:23.864+0000] {dag.py:4180} INFO - Setting next_dagrun for tutorial_dag to None, run_after=None
[2024-10-18T23:54:23.922+0000] {processor.py:208} INFO - Processing /home/airflow/.local/lib/python3.12/site-packages/airflow/example_dags/tutorial_dag.py took 0.209 seconds
[2024-10-18T23:54:54.273+0000] {processor.py:186} INFO - Started process (PID=2710) to work on /home/airflow/.local/lib/python3.12/site-packages/airflow/example_dags/tutorial_dag.py
[2024-10-18T23:54:54.277+0000] {processor.py:914} INFO - Processing file /home/airflow/.local/lib/python3.12/site-packages/airflow/example_dags/tutorial_dag.py for tasks to queue
[2024-10-18T23:54:54.285+0000] {logging_mixin.py:190} INFO - [2024-10-18T23:54:54.283+0000] {dagbag.py:588} INFO - Filling up the DagBag from /home/airflow/.local/lib/python3.12/site-packages/airflow/example_dags/tutorial_dag.py
[2024-10-18T23:54:54.304+0000] {processor.py:925} INFO - DAG(s) 'tutorial_dag' retrieved from /home/airflow/.local/lib/python3.12/site-packages/airflow/example_dags/tutorial_dag.py
[2024-10-18T23:54:54.477+0000] {logging_mixin.py:190} INFO - [2024-10-18T23:54:54.477+0000] {dag.py:3239} INFO - Sync 1 DAGs
[2024-10-18T23:54:54.722+0000] {logging_mixin.py:190} INFO - [2024-10-18T23:54:54.721+0000] {dag.py:4180} INFO - Setting next_dagrun for tutorial_dag to None, run_after=None
[2024-10-18T23:54:54.828+0000] {processor.py:208} INFO - Processing /home/airflow/.local/lib/python3.12/site-packages/airflow/example_dags/tutorial_dag.py took 0.571 seconds
[2024-10-18T23:56:58.079+0000] {processor.py:186} INFO - Started process (PID=2801) to work on /home/airflow/.local/lib/python3.12/site-packages/airflow/example_dags/tutorial_dag.py
[2024-10-18T23:56:58.082+0000] {processor.py:914} INFO - Processing file /home/airflow/.local/lib/python3.12/site-packages/airflow/example_dags/tutorial_dag.py for tasks to queue
[2024-10-18T23:56:58.088+0000] {logging_mixin.py:190} INFO - [2024-10-18T23:56:58.087+0000] {dagbag.py:588} INFO - Filling up the DagBag from /home/airflow/.local/lib/python3.12/site-packages/airflow/example_dags/tutorial_dag.py
[2024-10-18T23:56:58.108+0000] {processor.py:925} INFO - DAG(s) 'tutorial_dag' retrieved from /home/airflow/.local/lib/python3.12/site-packages/airflow/example_dags/tutorial_dag.py
[2024-10-18T23:56:58.154+0000] {logging_mixin.py:190} INFO - [2024-10-18T23:56:58.153+0000] {dag.py:3239} INFO - Sync 1 DAGs
[2024-10-18T23:56:58.187+0000] {logging_mixin.py:190} INFO - [2024-10-18T23:56:58.187+0000] {dag.py:4180} INFO - Setting next_dagrun for tutorial_dag to None, run_after=None
[2024-10-18T23:56:58.226+0000] {processor.py:208} INFO - Processing /home/airflow/.local/lib/python3.12/site-packages/airflow/example_dags/tutorial_dag.py took 0.164 seconds
[2024-10-18T23:57:29.220+0000] {processor.py:186} INFO - Started process (PID=2864) to work on /home/airflow/.local/lib/python3.12/site-packages/airflow/example_dags/tutorial_dag.py
[2024-10-18T23:57:29.222+0000] {processor.py:914} INFO - Processing file /home/airflow/.local/lib/python3.12/site-packages/airflow/example_dags/tutorial_dag.py for tasks to queue
[2024-10-18T23:57:29.226+0000] {logging_mixin.py:190} INFO - [2024-10-18T23:57:29.226+0000] {dagbag.py:588} INFO - Filling up the DagBag from /home/airflow/.local/lib/python3.12/site-packages/airflow/example_dags/tutorial_dag.py
[2024-10-18T23:57:29.240+0000] {processor.py:925} INFO - DAG(s) 'tutorial_dag' retrieved from /home/airflow/.local/lib/python3.12/site-packages/airflow/example_dags/tutorial_dag.py
[2024-10-18T23:57:29.269+0000] {logging_mixin.py:190} INFO - [2024-10-18T23:57:29.268+0000] {dag.py:3239} INFO - Sync 1 DAGs
[2024-10-18T23:57:29.517+0000] {logging_mixin.py:190} INFO - [2024-10-18T23:57:29.516+0000] {dag.py:4180} INFO - Setting next_dagrun for tutorial_dag to None, run_after=None
[2024-10-18T23:57:29.549+0000] {processor.py:208} INFO - Processing /home/airflow/.local/lib/python3.12/site-packages/airflow/example_dags/tutorial_dag.py took 0.338 seconds
[2024-10-18T23:58:00.456+0000] {processor.py:186} INFO - Started process (PID=2926) to work on /home/airflow/.local/lib/python3.12/site-packages/airflow/example_dags/tutorial_dag.py
[2024-10-18T23:58:00.458+0000] {processor.py:914} INFO - Processing file /home/airflow/.local/lib/python3.12/site-packages/airflow/example_dags/tutorial_dag.py for tasks to queue
[2024-10-18T23:58:00.462+0000] {logging_mixin.py:190} INFO - [2024-10-18T23:58:00.462+0000] {dagbag.py:588} INFO - Filling up the DagBag from /home/airflow/.local/lib/python3.12/site-packages/airflow/example_dags/tutorial_dag.py
[2024-10-18T23:58:00.474+0000] {processor.py:925} INFO - DAG(s) 'tutorial_dag' retrieved from /home/airflow/.local/lib/python3.12/site-packages/airflow/example_dags/tutorial_dag.py
[2024-10-18T23:58:00.508+0000] {logging_mixin.py:190} INFO - [2024-10-18T23:58:00.508+0000] {dag.py:3239} INFO - Sync 1 DAGs
[2024-10-18T23:58:00.534+0000] {logging_mixin.py:190} INFO - [2024-10-18T23:58:00.534+0000] {dag.py:4180} INFO - Setting next_dagrun for tutorial_dag to None, run_after=None
[2024-10-18T23:58:00.823+0000] {processor.py:208} INFO - Processing /home/airflow/.local/lib/python3.12/site-packages/airflow/example_dags/tutorial_dag.py took 0.377 seconds
[2024-10-18T23:58:31.503+0000] {processor.py:186} INFO - Started process (PID=2988) to work on /home/airflow/.local/lib/python3.12/site-packages/airflow/example_dags/tutorial_dag.py
[2024-10-18T23:58:31.504+0000] {processor.py:914} INFO - Processing file /home/airflow/.local/lib/python3.12/site-packages/airflow/example_dags/tutorial_dag.py for tasks to queue
[2024-10-18T23:58:31.507+0000] {logging_mixin.py:190} INFO - [2024-10-18T23:58:31.507+0000] {dagbag.py:588} INFO - Filling up the DagBag from /home/airflow/.local/lib/python3.12/site-packages/airflow/example_dags/tutorial_dag.py
[2024-10-18T23:58:31.516+0000] {processor.py:925} INFO - DAG(s) 'tutorial_dag' retrieved from /home/airflow/.local/lib/python3.12/site-packages/airflow/example_dags/tutorial_dag.py
[2024-10-18T23:58:31.540+0000] {logging_mixin.py:190} INFO - [2024-10-18T23:58:31.540+0000] {dag.py:3239} INFO - Sync 1 DAGs
[2024-10-18T23:58:31.557+0000] {logging_mixin.py:190} INFO - [2024-10-18T23:58:31.556+0000] {dag.py:4180} INFO - Setting next_dagrun for tutorial_dag to None, run_after=None
[2024-10-18T23:58:31.582+0000] {processor.py:208} INFO - Processing /home/airflow/.local/lib/python3.12/site-packages/airflow/example_dags/tutorial_dag.py took 0.086 seconds
[2024-10-18T23:59:01.993+0000] {processor.py:186} INFO - Started process (PID=3050) to work on /home/airflow/.local/lib/python3.12/site-packages/airflow/example_dags/tutorial_dag.py
[2024-10-18T23:59:01.995+0000] {processor.py:914} INFO - Processing file /home/airflow/.local/lib/python3.12/site-packages/airflow/example_dags/tutorial_dag.py for tasks to queue
[2024-10-18T23:59:01.998+0000] {logging_mixin.py:190} INFO - [2024-10-18T23:59:01.997+0000] {dagbag.py:588} INFO - Filling up the DagBag from /home/airflow/.local/lib/python3.12/site-packages/airflow/example_dags/tutorial_dag.py
[2024-10-18T23:59:02.009+0000] {processor.py:925} INFO - DAG(s) 'tutorial_dag' retrieved from /home/airflow/.local/lib/python3.12/site-packages/airflow/example_dags/tutorial_dag.py
[2024-10-18T23:59:02.036+0000] {logging_mixin.py:190} INFO - [2024-10-18T23:59:02.036+0000] {dag.py:3239} INFO - Sync 1 DAGs
[2024-10-18T23:59:02.057+0000] {logging_mixin.py:190} INFO - [2024-10-18T23:59:02.056+0000] {dag.py:4180} INFO - Setting next_dagrun for tutorial_dag to None, run_after=None
[2024-10-18T23:59:02.083+0000] {processor.py:208} INFO - Processing /home/airflow/.local/lib/python3.12/site-packages/airflow/example_dags/tutorial_dag.py took 0.099 seconds
[2024-10-18T23:59:32.908+0000] {processor.py:186} INFO - Started process (PID=3111) to work on /home/airflow/.local/lib/python3.12/site-packages/airflow/example_dags/tutorial_dag.py
[2024-10-18T23:59:32.910+0000] {processor.py:914} INFO - Processing file /home/airflow/.local/lib/python3.12/site-packages/airflow/example_dags/tutorial_dag.py for tasks to queue
[2024-10-18T23:59:32.912+0000] {logging_mixin.py:190} INFO - [2024-10-18T23:59:32.912+0000] {dagbag.py:588} INFO - Filling up the DagBag from /home/airflow/.local/lib/python3.12/site-packages/airflow/example_dags/tutorial_dag.py
[2024-10-18T23:59:33.076+0000] {processor.py:925} INFO - DAG(s) 'tutorial_dag' retrieved from /home/airflow/.local/lib/python3.12/site-packages/airflow/example_dags/tutorial_dag.py
[2024-10-18T23:59:33.094+0000] {logging_mixin.py:190} INFO - [2024-10-18T23:59:33.093+0000] {dag.py:3239} INFO - Sync 1 DAGs
[2024-10-18T23:59:33.105+0000] {logging_mixin.py:190} INFO - [2024-10-18T23:59:33.105+0000] {dag.py:4180} INFO - Setting next_dagrun for tutorial_dag to None, run_after=None
[2024-10-18T23:59:33.125+0000] {processor.py:208} INFO - Processing /home/airflow/.local/lib/python3.12/site-packages/airflow/example_dags/tutorial_dag.py took 0.222 seconds
