[2024-10-18T23:33:12.977+0000] {processor.py:186} INFO - Started process (PID=120) to work on /home/airflow/.local/lib/python3.12/site-packages/airflow/example_dags/tutorial.py
[2024-10-18T23:33:12.980+0000] {processor.py:914} INFO - Processing file /home/airflow/.local/lib/python3.12/site-packages/airflow/example_dags/tutorial.py for tasks to queue
[2024-10-18T23:33:12.985+0000] {logging_mixin.py:190} INFO - [2024-10-18T23:33:12.984+0000] {dagbag.py:588} INFO - Filling up the DagBag from /home/airflow/.local/lib/python3.12/site-packages/airflow/example_dags/tutorial.py
[2024-10-18T23:33:13.023+0000] {processor.py:925} INFO - DAG(s) 'tutorial' retrieved from /home/airflow/.local/lib/python3.12/site-packages/airflow/example_dags/tutorial.py
[2024-10-18T23:33:13.498+0000] {logging_mixin.py:190} INFO - [2024-10-18T23:33:13.497+0000] {override.py:1900} INFO - Created Permission View: can read on DAG:tutorial
[2024-10-18T23:33:13.534+0000] {logging_mixin.py:190} INFO - [2024-10-18T23:33:13.534+0000] {override.py:1900} INFO - Created Permission View: can edit on DAG:tutorial
[2024-10-18T23:33:13.736+0000] {logging_mixin.py:190} INFO - [2024-10-18T23:33:13.735+0000] {override.py:1900} INFO - Created Permission View: can delete on DAG:tutorial
[2024-10-18T23:33:13.750+0000] {logging_mixin.py:190} INFO - [2024-10-18T23:33:13.749+0000] {override.py:1900} INFO - Created Permission View: can read on DAG Run:tutorial
[2024-10-18T23:33:13.761+0000] {logging_mixin.py:190} INFO - [2024-10-18T23:33:13.761+0000] {override.py:1900} INFO - Created Permission View: can create on DAG Run:tutorial
[2024-10-18T23:33:13.775+0000] {logging_mixin.py:190} INFO - [2024-10-18T23:33:13.774+0000] {override.py:1900} INFO - Created Permission View: menu access on DAG Run:tutorial
[2024-10-18T23:33:13.788+0000] {logging_mixin.py:190} INFO - [2024-10-18T23:33:13.787+0000] {override.py:1900} INFO - Created Permission View: can delete on DAG Run:tutorial
[2024-10-18T23:33:13.789+0000] {logging_mixin.py:190} INFO - [2024-10-18T23:33:13.789+0000] {dag.py:3239} INFO - Sync 1 DAGs
[2024-10-18T23:33:13.811+0000] {logging_mixin.py:190} INFO - [2024-10-18T23:33:13.810+0000] {dag.py:3262} INFO - Creating ORM DAG for tutorial
[2024-10-18T23:33:13.823+0000] {logging_mixin.py:190} INFO - [2024-10-18T23:33:13.823+0000] {dag.py:4180} INFO - Setting next_dagrun for tutorial to 2024-10-17 00:00:00+00:00, run_after=2024-10-18 00:00:00+00:00
[2024-10-18T23:33:13.849+0000] {processor.py:208} INFO - Processing /home/airflow/.local/lib/python3.12/site-packages/airflow/example_dags/tutorial.py took 0.981 seconds
[2024-10-18T23:33:44.141+0000] {processor.py:186} INFO - Started process (PID=182) to work on /home/airflow/.local/lib/python3.12/site-packages/airflow/example_dags/tutorial.py
[2024-10-18T23:33:44.143+0000] {processor.py:914} INFO - Processing file /home/airflow/.local/lib/python3.12/site-packages/airflow/example_dags/tutorial.py for tasks to queue
[2024-10-18T23:33:44.147+0000] {logging_mixin.py:190} INFO - [2024-10-18T23:33:44.147+0000] {dagbag.py:588} INFO - Filling up the DagBag from /home/airflow/.local/lib/python3.12/site-packages/airflow/example_dags/tutorial.py
[2024-10-18T23:33:44.164+0000] {processor.py:925} INFO - DAG(s) 'tutorial' retrieved from /home/airflow/.local/lib/python3.12/site-packages/airflow/example_dags/tutorial.py
[2024-10-18T23:33:44.227+0000] {logging_mixin.py:190} INFO - [2024-10-18T23:33:44.226+0000] {dag.py:3239} INFO - Sync 1 DAGs
[2024-10-18T23:33:44.266+0000] {logging_mixin.py:190} INFO - [2024-10-18T23:33:44.266+0000] {dag.py:4180} INFO - Setting next_dagrun for tutorial to 2024-10-17 00:00:00+00:00, run_after=2024-10-18 00:00:00+00:00
[2024-10-18T23:33:44.299+0000] {processor.py:208} INFO - Processing /home/airflow/.local/lib/python3.12/site-packages/airflow/example_dags/tutorial.py took 0.165 seconds
[2024-10-18T23:34:14.894+0000] {processor.py:186} INFO - Started process (PID=244) to work on /home/airflow/.local/lib/python3.12/site-packages/airflow/example_dags/tutorial.py
[2024-10-18T23:34:14.913+0000] {processor.py:914} INFO - Processing file /home/airflow/.local/lib/python3.12/site-packages/airflow/example_dags/tutorial.py for tasks to queue
[2024-10-18T23:34:14.946+0000] {logging_mixin.py:190} INFO - [2024-10-18T23:34:14.945+0000] {dagbag.py:588} INFO - Filling up the DagBag from /home/airflow/.local/lib/python3.12/site-packages/airflow/example_dags/tutorial.py
[2024-10-18T23:34:14.953+0000] {processor.py:925} INFO - DAG(s) 'tutorial' retrieved from /home/airflow/.local/lib/python3.12/site-packages/airflow/example_dags/tutorial.py
[2024-10-18T23:34:14.971+0000] {logging_mixin.py:190} INFO - [2024-10-18T23:34:14.971+0000] {dag.py:3239} INFO - Sync 1 DAGs
[2024-10-18T23:34:14.992+0000] {logging_mixin.py:190} INFO - [2024-10-18T23:34:14.992+0000] {dag.py:4180} INFO - Setting next_dagrun for tutorial to 2024-10-17 00:00:00+00:00, run_after=2024-10-18 00:00:00+00:00
[2024-10-18T23:34:15.120+0000] {processor.py:208} INFO - Processing /home/airflow/.local/lib/python3.12/site-packages/airflow/example_dags/tutorial.py took 0.232 seconds
[2024-10-18T23:34:45.446+0000] {processor.py:186} INFO - Started process (PID=306) to work on /home/airflow/.local/lib/python3.12/site-packages/airflow/example_dags/tutorial.py
[2024-10-18T23:34:45.447+0000] {processor.py:914} INFO - Processing file /home/airflow/.local/lib/python3.12/site-packages/airflow/example_dags/tutorial.py for tasks to queue
[2024-10-18T23:34:45.449+0000] {logging_mixin.py:190} INFO - [2024-10-18T23:34:45.449+0000] {dagbag.py:588} INFO - Filling up the DagBag from /home/airflow/.local/lib/python3.12/site-packages/airflow/example_dags/tutorial.py
[2024-10-18T23:34:45.456+0000] {processor.py:925} INFO - DAG(s) 'tutorial' retrieved from /home/airflow/.local/lib/python3.12/site-packages/airflow/example_dags/tutorial.py
[2024-10-18T23:34:45.475+0000] {logging_mixin.py:190} INFO - [2024-10-18T23:34:45.475+0000] {dag.py:3239} INFO - Sync 1 DAGs
[2024-10-18T23:34:45.496+0000] {logging_mixin.py:190} INFO - [2024-10-18T23:34:45.495+0000] {dag.py:4180} INFO - Setting next_dagrun for tutorial to 2024-10-17 00:00:00+00:00, run_after=2024-10-18 00:00:00+00:00
[2024-10-18T23:34:45.517+0000] {processor.py:208} INFO - Processing /home/airflow/.local/lib/python3.12/site-packages/airflow/example_dags/tutorial.py took 0.076 seconds
[2024-10-18T23:35:15.718+0000] {processor.py:186} INFO - Started process (PID=368) to work on /home/airflow/.local/lib/python3.12/site-packages/airflow/example_dags/tutorial.py
[2024-10-18T23:35:15.719+0000] {processor.py:914} INFO - Processing file /home/airflow/.local/lib/python3.12/site-packages/airflow/example_dags/tutorial.py for tasks to queue
[2024-10-18T23:35:15.721+0000] {logging_mixin.py:190} INFO - [2024-10-18T23:35:15.721+0000] {dagbag.py:588} INFO - Filling up the DagBag from /home/airflow/.local/lib/python3.12/site-packages/airflow/example_dags/tutorial.py
[2024-10-18T23:35:15.728+0000] {processor.py:925} INFO - DAG(s) 'tutorial' retrieved from /home/airflow/.local/lib/python3.12/site-packages/airflow/example_dags/tutorial.py
[2024-10-18T23:35:15.746+0000] {logging_mixin.py:190} INFO - [2024-10-18T23:35:15.746+0000] {dag.py:3239} INFO - Sync 1 DAGs
[2024-10-18T23:35:15.770+0000] {logging_mixin.py:190} INFO - [2024-10-18T23:35:15.770+0000] {dag.py:4180} INFO - Setting next_dagrun for tutorial to 2024-10-17 00:00:00+00:00, run_after=2024-10-18 00:00:00+00:00
[2024-10-18T23:35:15.795+0000] {processor.py:208} INFO - Processing /home/airflow/.local/lib/python3.12/site-packages/airflow/example_dags/tutorial.py took 0.082 seconds
[2024-10-18T23:35:49.804+0000] {processor.py:186} INFO - Started process (PID=430) to work on /home/airflow/.local/lib/python3.12/site-packages/airflow/example_dags/tutorial.py
[2024-10-18T23:35:49.805+0000] {processor.py:914} INFO - Processing file /home/airflow/.local/lib/python3.12/site-packages/airflow/example_dags/tutorial.py for tasks to queue
[2024-10-18T23:35:49.808+0000] {logging_mixin.py:190} INFO - [2024-10-18T23:35:49.807+0000] {dagbag.py:588} INFO - Filling up the DagBag from /home/airflow/.local/lib/python3.12/site-packages/airflow/example_dags/tutorial.py
[2024-10-18T23:35:49.817+0000] {processor.py:925} INFO - DAG(s) 'tutorial' retrieved from /home/airflow/.local/lib/python3.12/site-packages/airflow/example_dags/tutorial.py
[2024-10-18T23:35:49.836+0000] {logging_mixin.py:190} INFO - [2024-10-18T23:35:49.836+0000] {dag.py:3239} INFO - Sync 1 DAGs
[2024-10-18T23:35:49.857+0000] {logging_mixin.py:190} INFO - [2024-10-18T23:35:49.857+0000] {dag.py:4180} INFO - Setting next_dagrun for tutorial to 2024-10-17 00:00:00+00:00, run_after=2024-10-18 00:00:00+00:00
[2024-10-18T23:35:49.875+0000] {processor.py:208} INFO - Processing /home/airflow/.local/lib/python3.12/site-packages/airflow/example_dags/tutorial.py took 0.077 seconds
[2024-10-18T23:36:21.335+0000] {processor.py:186} INFO - Started process (PID=492) to work on /home/airflow/.local/lib/python3.12/site-packages/airflow/example_dags/tutorial.py
[2024-10-18T23:36:21.337+0000] {processor.py:914} INFO - Processing file /home/airflow/.local/lib/python3.12/site-packages/airflow/example_dags/tutorial.py for tasks to queue
[2024-10-18T23:36:21.341+0000] {logging_mixin.py:190} INFO - [2024-10-18T23:36:21.340+0000] {dagbag.py:588} INFO - Filling up the DagBag from /home/airflow/.local/lib/python3.12/site-packages/airflow/example_dags/tutorial.py
[2024-10-18T23:36:21.352+0000] {processor.py:925} INFO - DAG(s) 'tutorial' retrieved from /home/airflow/.local/lib/python3.12/site-packages/airflow/example_dags/tutorial.py
[2024-10-18T23:36:21.378+0000] {logging_mixin.py:190} INFO - [2024-10-18T23:36:21.377+0000] {dag.py:3239} INFO - Sync 1 DAGs
[2024-10-18T23:36:21.407+0000] {logging_mixin.py:190} INFO - [2024-10-18T23:36:21.407+0000] {dag.py:4180} INFO - Setting next_dagrun for tutorial to 2024-10-17 00:00:00+00:00, run_after=2024-10-18 00:00:00+00:00
[2024-10-18T23:36:21.433+0000] {processor.py:208} INFO - Processing /home/airflow/.local/lib/python3.12/site-packages/airflow/example_dags/tutorial.py took 0.106 seconds
[2024-10-18T23:36:54.079+0000] {processor.py:186} INFO - Started process (PID=554) to work on /home/airflow/.local/lib/python3.12/site-packages/airflow/example_dags/tutorial.py
[2024-10-18T23:36:54.082+0000] {processor.py:914} INFO - Processing file /home/airflow/.local/lib/python3.12/site-packages/airflow/example_dags/tutorial.py for tasks to queue
[2024-10-18T23:36:54.087+0000] {logging_mixin.py:190} INFO - [2024-10-18T23:36:54.086+0000] {dagbag.py:588} INFO - Filling up the DagBag from /home/airflow/.local/lib/python3.12/site-packages/airflow/example_dags/tutorial.py
[2024-10-18T23:36:54.134+0000] {processor.py:925} INFO - DAG(s) 'tutorial' retrieved from /home/airflow/.local/lib/python3.12/site-packages/airflow/example_dags/tutorial.py
[2024-10-18T23:36:54.184+0000] {logging_mixin.py:190} INFO - [2024-10-18T23:36:54.184+0000] {dag.py:3239} INFO - Sync 1 DAGs
[2024-10-18T23:36:54.279+0000] {logging_mixin.py:190} INFO - [2024-10-18T23:36:54.278+0000] {dag.py:4180} INFO - Setting next_dagrun for tutorial to 2024-10-17 00:00:00+00:00, run_after=2024-10-18 00:00:00+00:00
[2024-10-18T23:36:54.388+0000] {processor.py:208} INFO - Processing /home/airflow/.local/lib/python3.12/site-packages/airflow/example_dags/tutorial.py took 0.319 seconds
[2024-10-18T23:37:24.947+0000] {processor.py:186} INFO - Started process (PID=616) to work on /home/airflow/.local/lib/python3.12/site-packages/airflow/example_dags/tutorial.py
[2024-10-18T23:37:24.949+0000] {processor.py:914} INFO - Processing file /home/airflow/.local/lib/python3.12/site-packages/airflow/example_dags/tutorial.py for tasks to queue
[2024-10-18T23:37:24.951+0000] {logging_mixin.py:190} INFO - [2024-10-18T23:37:24.951+0000] {dagbag.py:588} INFO - Filling up the DagBag from /home/airflow/.local/lib/python3.12/site-packages/airflow/example_dags/tutorial.py
[2024-10-18T23:37:24.959+0000] {processor.py:925} INFO - DAG(s) 'tutorial' retrieved from /home/airflow/.local/lib/python3.12/site-packages/airflow/example_dags/tutorial.py
[2024-10-18T23:37:24.980+0000] {logging_mixin.py:190} INFO - [2024-10-18T23:37:24.979+0000] {dag.py:3239} INFO - Sync 1 DAGs
[2024-10-18T23:37:25.003+0000] {logging_mixin.py:190} INFO - [2024-10-18T23:37:25.003+0000] {dag.py:4180} INFO - Setting next_dagrun for tutorial to 2024-10-17 00:00:00+00:00, run_after=2024-10-18 00:00:00+00:00
[2024-10-18T23:37:25.023+0000] {processor.py:208} INFO - Processing /home/airflow/.local/lib/python3.12/site-packages/airflow/example_dags/tutorial.py took 0.082 seconds
[2024-10-18T23:37:55.462+0000] {processor.py:186} INFO - Started process (PID=678) to work on /home/airflow/.local/lib/python3.12/site-packages/airflow/example_dags/tutorial.py
[2024-10-18T23:37:55.463+0000] {processor.py:914} INFO - Processing file /home/airflow/.local/lib/python3.12/site-packages/airflow/example_dags/tutorial.py for tasks to queue
[2024-10-18T23:37:55.466+0000] {logging_mixin.py:190} INFO - [2024-10-18T23:37:55.465+0000] {dagbag.py:588} INFO - Filling up the DagBag from /home/airflow/.local/lib/python3.12/site-packages/airflow/example_dags/tutorial.py
[2024-10-18T23:37:55.473+0000] {processor.py:925} INFO - DAG(s) 'tutorial' retrieved from /home/airflow/.local/lib/python3.12/site-packages/airflow/example_dags/tutorial.py
[2024-10-18T23:37:55.507+0000] {logging_mixin.py:190} INFO - [2024-10-18T23:37:55.507+0000] {dag.py:3239} INFO - Sync 1 DAGs
[2024-10-18T23:37:55.527+0000] {logging_mixin.py:190} INFO - [2024-10-18T23:37:55.527+0000] {dag.py:4180} INFO - Setting next_dagrun for tutorial to 2024-10-17 00:00:00+00:00, run_after=2024-10-18 00:00:00+00:00
[2024-10-18T23:37:55.544+0000] {processor.py:208} INFO - Processing /home/airflow/.local/lib/python3.12/site-packages/airflow/example_dags/tutorial.py took 0.088 seconds
[2024-10-18T23:38:26.209+0000] {processor.py:186} INFO - Started process (PID=740) to work on /home/airflow/.local/lib/python3.12/site-packages/airflow/example_dags/tutorial.py
[2024-10-18T23:38:26.211+0000] {processor.py:914} INFO - Processing file /home/airflow/.local/lib/python3.12/site-packages/airflow/example_dags/tutorial.py for tasks to queue
[2024-10-18T23:38:26.213+0000] {logging_mixin.py:190} INFO - [2024-10-18T23:38:26.213+0000] {dagbag.py:588} INFO - Filling up the DagBag from /home/airflow/.local/lib/python3.12/site-packages/airflow/example_dags/tutorial.py
[2024-10-18T23:38:26.221+0000] {processor.py:925} INFO - DAG(s) 'tutorial' retrieved from /home/airflow/.local/lib/python3.12/site-packages/airflow/example_dags/tutorial.py
[2024-10-18T23:38:26.241+0000] {logging_mixin.py:190} INFO - [2024-10-18T23:38:26.241+0000] {dag.py:3239} INFO - Sync 1 DAGs
[2024-10-18T23:38:26.262+0000] {logging_mixin.py:190} INFO - [2024-10-18T23:38:26.261+0000] {dag.py:4180} INFO - Setting next_dagrun for tutorial to 2024-10-17 00:00:00+00:00, run_after=2024-10-18 00:00:00+00:00
[2024-10-18T23:38:26.279+0000] {processor.py:208} INFO - Processing /home/airflow/.local/lib/python3.12/site-packages/airflow/example_dags/tutorial.py took 0.075 seconds
[2024-10-18T23:38:56.960+0000] {processor.py:186} INFO - Started process (PID=802) to work on /home/airflow/.local/lib/python3.12/site-packages/airflow/example_dags/tutorial.py
[2024-10-18T23:38:56.961+0000] {processor.py:914} INFO - Processing file /home/airflow/.local/lib/python3.12/site-packages/airflow/example_dags/tutorial.py for tasks to queue
[2024-10-18T23:38:56.964+0000] {logging_mixin.py:190} INFO - [2024-10-18T23:38:56.963+0000] {dagbag.py:588} INFO - Filling up the DagBag from /home/airflow/.local/lib/python3.12/site-packages/airflow/example_dags/tutorial.py
[2024-10-18T23:38:56.972+0000] {processor.py:925} INFO - DAG(s) 'tutorial' retrieved from /home/airflow/.local/lib/python3.12/site-packages/airflow/example_dags/tutorial.py
[2024-10-18T23:38:56.991+0000] {logging_mixin.py:190} INFO - [2024-10-18T23:38:56.991+0000] {dag.py:3239} INFO - Sync 1 DAGs
[2024-10-18T23:38:57.013+0000] {logging_mixin.py:190} INFO - [2024-10-18T23:38:57.013+0000] {dag.py:4180} INFO - Setting next_dagrun for tutorial to 2024-10-17 00:00:00+00:00, run_after=2024-10-18 00:00:00+00:00
[2024-10-18T23:38:57.030+0000] {processor.py:208} INFO - Processing /home/airflow/.local/lib/python3.12/site-packages/airflow/example_dags/tutorial.py took 0.075 seconds
[2024-10-18T23:39:27.656+0000] {processor.py:186} INFO - Started process (PID=864) to work on /home/airflow/.local/lib/python3.12/site-packages/airflow/example_dags/tutorial.py
[2024-10-18T23:39:27.658+0000] {processor.py:914} INFO - Processing file /home/airflow/.local/lib/python3.12/site-packages/airflow/example_dags/tutorial.py for tasks to queue
[2024-10-18T23:39:27.660+0000] {logging_mixin.py:190} INFO - [2024-10-18T23:39:27.660+0000] {dagbag.py:588} INFO - Filling up the DagBag from /home/airflow/.local/lib/python3.12/site-packages/airflow/example_dags/tutorial.py
[2024-10-18T23:39:27.668+0000] {processor.py:925} INFO - DAG(s) 'tutorial' retrieved from /home/airflow/.local/lib/python3.12/site-packages/airflow/example_dags/tutorial.py
[2024-10-18T23:39:27.687+0000] {logging_mixin.py:190} INFO - [2024-10-18T23:39:27.687+0000] {dag.py:3239} INFO - Sync 1 DAGs
[2024-10-18T23:39:27.709+0000] {logging_mixin.py:190} INFO - [2024-10-18T23:39:27.709+0000] {dag.py:4180} INFO - Setting next_dagrun for tutorial to 2024-10-17 00:00:00+00:00, run_after=2024-10-18 00:00:00+00:00
[2024-10-18T23:39:27.727+0000] {processor.py:208} INFO - Processing /home/airflow/.local/lib/python3.12/site-packages/airflow/example_dags/tutorial.py took 0.076 seconds
[2024-10-18T23:40:00.112+0000] {processor.py:186} INFO - Started process (PID=926) to work on /home/airflow/.local/lib/python3.12/site-packages/airflow/example_dags/tutorial.py
[2024-10-18T23:40:00.115+0000] {processor.py:914} INFO - Processing file /home/airflow/.local/lib/python3.12/site-packages/airflow/example_dags/tutorial.py for tasks to queue
[2024-10-18T23:40:00.122+0000] {logging_mixin.py:190} INFO - [2024-10-18T23:40:00.121+0000] {dagbag.py:588} INFO - Filling up the DagBag from /home/airflow/.local/lib/python3.12/site-packages/airflow/example_dags/tutorial.py
[2024-10-18T23:40:00.142+0000] {processor.py:925} INFO - DAG(s) 'tutorial' retrieved from /home/airflow/.local/lib/python3.12/site-packages/airflow/example_dags/tutorial.py
[2024-10-18T23:40:00.186+0000] {logging_mixin.py:190} INFO - [2024-10-18T23:40:00.185+0000] {dag.py:3239} INFO - Sync 1 DAGs
[2024-10-18T23:40:00.254+0000] {logging_mixin.py:190} INFO - [2024-10-18T23:40:00.254+0000] {dag.py:4180} INFO - Setting next_dagrun for tutorial to 2024-10-17 00:00:00+00:00, run_after=2024-10-18 00:00:00+00:00
[2024-10-18T23:40:00.289+0000] {processor.py:208} INFO - Processing /home/airflow/.local/lib/python3.12/site-packages/airflow/example_dags/tutorial.py took 0.192 seconds
[2024-10-18T23:40:30.663+0000] {processor.py:186} INFO - Started process (PID=988) to work on /home/airflow/.local/lib/python3.12/site-packages/airflow/example_dags/tutorial.py
[2024-10-18T23:40:30.665+0000] {processor.py:914} INFO - Processing file /home/airflow/.local/lib/python3.12/site-packages/airflow/example_dags/tutorial.py for tasks to queue
[2024-10-18T23:40:30.668+0000] {logging_mixin.py:190} INFO - [2024-10-18T23:40:30.668+0000] {dagbag.py:588} INFO - Filling up the DagBag from /home/airflow/.local/lib/python3.12/site-packages/airflow/example_dags/tutorial.py
[2024-10-18T23:40:30.677+0000] {processor.py:925} INFO - DAG(s) 'tutorial' retrieved from /home/airflow/.local/lib/python3.12/site-packages/airflow/example_dags/tutorial.py
[2024-10-18T23:40:30.704+0000] {logging_mixin.py:190} INFO - [2024-10-18T23:40:30.704+0000] {dag.py:3239} INFO - Sync 1 DAGs
[2024-10-18T23:40:30.733+0000] {logging_mixin.py:190} INFO - [2024-10-18T23:40:30.732+0000] {dag.py:4180} INFO - Setting next_dagrun for tutorial to 2024-10-17 00:00:00+00:00, run_after=2024-10-18 00:00:00+00:00
[2024-10-18T23:40:30.756+0000] {processor.py:208} INFO - Processing /home/airflow/.local/lib/python3.12/site-packages/airflow/example_dags/tutorial.py took 0.099 seconds
[2024-10-18T23:41:01.190+0000] {processor.py:186} INFO - Started process (PID=1050) to work on /home/airflow/.local/lib/python3.12/site-packages/airflow/example_dags/tutorial.py
[2024-10-18T23:41:01.192+0000] {processor.py:914} INFO - Processing file /home/airflow/.local/lib/python3.12/site-packages/airflow/example_dags/tutorial.py for tasks to queue
[2024-10-18T23:41:01.195+0000] {logging_mixin.py:190} INFO - [2024-10-18T23:41:01.194+0000] {dagbag.py:588} INFO - Filling up the DagBag from /home/airflow/.local/lib/python3.12/site-packages/airflow/example_dags/tutorial.py
[2024-10-18T23:41:01.204+0000] {processor.py:925} INFO - DAG(s) 'tutorial' retrieved from /home/airflow/.local/lib/python3.12/site-packages/airflow/example_dags/tutorial.py
[2024-10-18T23:41:01.229+0000] {logging_mixin.py:190} INFO - [2024-10-18T23:41:01.229+0000] {dag.py:3239} INFO - Sync 1 DAGs
[2024-10-18T23:41:01.256+0000] {logging_mixin.py:190} INFO - [2024-10-18T23:41:01.256+0000] {dag.py:4180} INFO - Setting next_dagrun for tutorial to 2024-10-17 00:00:00+00:00, run_after=2024-10-18 00:00:00+00:00
[2024-10-18T23:41:01.278+0000] {processor.py:208} INFO - Processing /home/airflow/.local/lib/python3.12/site-packages/airflow/example_dags/tutorial.py took 0.095 seconds
[2024-10-18T23:41:31.779+0000] {processor.py:186} INFO - Started process (PID=1112) to work on /home/airflow/.local/lib/python3.12/site-packages/airflow/example_dags/tutorial.py
[2024-10-18T23:41:31.781+0000] {processor.py:914} INFO - Processing file /home/airflow/.local/lib/python3.12/site-packages/airflow/example_dags/tutorial.py for tasks to queue
[2024-10-18T23:41:31.783+0000] {logging_mixin.py:190} INFO - [2024-10-18T23:41:31.783+0000] {dagbag.py:588} INFO - Filling up the DagBag from /home/airflow/.local/lib/python3.12/site-packages/airflow/example_dags/tutorial.py
[2024-10-18T23:41:31.791+0000] {processor.py:925} INFO - DAG(s) 'tutorial' retrieved from /home/airflow/.local/lib/python3.12/site-packages/airflow/example_dags/tutorial.py
[2024-10-18T23:41:31.812+0000] {logging_mixin.py:190} INFO - [2024-10-18T23:41:31.812+0000] {dag.py:3239} INFO - Sync 1 DAGs
[2024-10-18T23:41:31.832+0000] {logging_mixin.py:190} INFO - [2024-10-18T23:41:31.832+0000] {dag.py:4180} INFO - Setting next_dagrun for tutorial to 2024-10-17 00:00:00+00:00, run_after=2024-10-18 00:00:00+00:00
[2024-10-18T23:41:31.850+0000] {processor.py:208} INFO - Processing /home/airflow/.local/lib/python3.12/site-packages/airflow/example_dags/tutorial.py took 0.076 seconds
[2024-10-18T23:42:03.491+0000] {processor.py:186} INFO - Started process (PID=1174) to work on /home/airflow/.local/lib/python3.12/site-packages/airflow/example_dags/tutorial.py
[2024-10-18T23:42:03.492+0000] {processor.py:914} INFO - Processing file /home/airflow/.local/lib/python3.12/site-packages/airflow/example_dags/tutorial.py for tasks to queue
[2024-10-18T23:42:03.496+0000] {logging_mixin.py:190} INFO - [2024-10-18T23:42:03.496+0000] {dagbag.py:588} INFO - Filling up the DagBag from /home/airflow/.local/lib/python3.12/site-packages/airflow/example_dags/tutorial.py
[2024-10-18T23:42:03.507+0000] {processor.py:925} INFO - DAG(s) 'tutorial' retrieved from /home/airflow/.local/lib/python3.12/site-packages/airflow/example_dags/tutorial.py
[2024-10-18T23:42:03.529+0000] {logging_mixin.py:190} INFO - [2024-10-18T23:42:03.529+0000] {dag.py:3239} INFO - Sync 1 DAGs
[2024-10-18T23:42:03.561+0000] {logging_mixin.py:190} INFO - [2024-10-18T23:42:03.561+0000] {dag.py:4180} INFO - Setting next_dagrun for tutorial to 2024-10-17 00:00:00+00:00, run_after=2024-10-18 00:00:00+00:00
[2024-10-18T23:42:03.585+0000] {processor.py:208} INFO - Processing /home/airflow/.local/lib/python3.12/site-packages/airflow/example_dags/tutorial.py took 0.102 seconds
[2024-10-18T23:42:42.422+0000] {processor.py:186} INFO - Started process (PID=1242) to work on /home/airflow/.local/lib/python3.12/site-packages/airflow/example_dags/tutorial.py
[2024-10-18T23:42:42.427+0000] {processor.py:914} INFO - Processing file /home/airflow/.local/lib/python3.12/site-packages/airflow/example_dags/tutorial.py for tasks to queue
[2024-10-18T23:42:42.504+0000] {logging_mixin.py:190} INFO - [2024-10-18T23:42:42.497+0000] {dagbag.py:588} INFO - Filling up the DagBag from /home/airflow/.local/lib/python3.12/site-packages/airflow/example_dags/tutorial.py
[2024-10-18T23:42:42.570+0000] {processor.py:925} INFO - DAG(s) 'tutorial' retrieved from /home/airflow/.local/lib/python3.12/site-packages/airflow/example_dags/tutorial.py
[2024-10-18T23:42:42.630+0000] {logging_mixin.py:190} INFO - [2024-10-18T23:42:42.629+0000] {dag.py:3239} INFO - Sync 1 DAGs
[2024-10-18T23:42:42.719+0000] {logging_mixin.py:190} INFO - [2024-10-18T23:42:42.719+0000] {dag.py:4180} INFO - Setting next_dagrun for tutorial to 2024-10-17 00:00:00+00:00, run_after=2024-10-18 00:00:00+00:00
[2024-10-18T23:42:42.768+0000] {processor.py:208} INFO - Processing /home/airflow/.local/lib/python3.12/site-packages/airflow/example_dags/tutorial.py took 0.358 seconds
[2024-10-18T23:43:13.397+0000] {processor.py:186} INFO - Started process (PID=1304) to work on /home/airflow/.local/lib/python3.12/site-packages/airflow/example_dags/tutorial.py
[2024-10-18T23:43:13.399+0000] {processor.py:914} INFO - Processing file /home/airflow/.local/lib/python3.12/site-packages/airflow/example_dags/tutorial.py for tasks to queue
[2024-10-18T23:43:13.405+0000] {logging_mixin.py:190} INFO - [2024-10-18T23:43:13.404+0000] {dagbag.py:588} INFO - Filling up the DagBag from /home/airflow/.local/lib/python3.12/site-packages/airflow/example_dags/tutorial.py
[2024-10-18T23:43:13.425+0000] {processor.py:925} INFO - DAG(s) 'tutorial' retrieved from /home/airflow/.local/lib/python3.12/site-packages/airflow/example_dags/tutorial.py
[2024-10-18T23:43:13.474+0000] {logging_mixin.py:190} INFO - [2024-10-18T23:43:13.473+0000] {dag.py:3239} INFO - Sync 1 DAGs
[2024-10-18T23:43:13.533+0000] {logging_mixin.py:190} INFO - [2024-10-18T23:43:13.532+0000] {dag.py:4180} INFO - Setting next_dagrun for tutorial to 2024-10-17 00:00:00+00:00, run_after=2024-10-18 00:00:00+00:00
[2024-10-18T23:43:13.569+0000] {processor.py:208} INFO - Processing /home/airflow/.local/lib/python3.12/site-packages/airflow/example_dags/tutorial.py took 0.187 seconds
[2024-10-18T23:43:44.167+0000] {processor.py:186} INFO - Started process (PID=1366) to work on /home/airflow/.local/lib/python3.12/site-packages/airflow/example_dags/tutorial.py
[2024-10-18T23:43:44.168+0000] {processor.py:914} INFO - Processing file /home/airflow/.local/lib/python3.12/site-packages/airflow/example_dags/tutorial.py for tasks to queue
[2024-10-18T23:43:44.170+0000] {logging_mixin.py:190} INFO - [2024-10-18T23:43:44.170+0000] {dagbag.py:588} INFO - Filling up the DagBag from /home/airflow/.local/lib/python3.12/site-packages/airflow/example_dags/tutorial.py
[2024-10-18T23:43:44.177+0000] {processor.py:925} INFO - DAG(s) 'tutorial' retrieved from /home/airflow/.local/lib/python3.12/site-packages/airflow/example_dags/tutorial.py
[2024-10-18T23:43:44.195+0000] {logging_mixin.py:190} INFO - [2024-10-18T23:43:44.195+0000] {dag.py:3239} INFO - Sync 1 DAGs
[2024-10-18T23:43:44.217+0000] {logging_mixin.py:190} INFO - [2024-10-18T23:43:44.217+0000] {dag.py:4180} INFO - Setting next_dagrun for tutorial to 2024-10-17 00:00:00+00:00, run_after=2024-10-18 00:00:00+00:00
[2024-10-18T23:43:44.251+0000] {processor.py:208} INFO - Processing /home/airflow/.local/lib/python3.12/site-packages/airflow/example_dags/tutorial.py took 0.089 seconds
[2024-10-18T23:44:15.193+0000] {processor.py:186} INFO - Started process (PID=1428) to work on /home/airflow/.local/lib/python3.12/site-packages/airflow/example_dags/tutorial.py
[2024-10-18T23:44:15.194+0000] {processor.py:914} INFO - Processing file /home/airflow/.local/lib/python3.12/site-packages/airflow/example_dags/tutorial.py for tasks to queue
[2024-10-18T23:44:15.197+0000] {logging_mixin.py:190} INFO - [2024-10-18T23:44:15.196+0000] {dagbag.py:588} INFO - Filling up the DagBag from /home/airflow/.local/lib/python3.12/site-packages/airflow/example_dags/tutorial.py
[2024-10-18T23:44:15.206+0000] {processor.py:925} INFO - DAG(s) 'tutorial' retrieved from /home/airflow/.local/lib/python3.12/site-packages/airflow/example_dags/tutorial.py
[2024-10-18T23:44:15.225+0000] {logging_mixin.py:190} INFO - [2024-10-18T23:44:15.225+0000] {dag.py:3239} INFO - Sync 1 DAGs
[2024-10-18T23:44:15.252+0000] {logging_mixin.py:190} INFO - [2024-10-18T23:44:15.252+0000] {dag.py:4180} INFO - Setting next_dagrun for tutorial to 2024-10-17 00:00:00+00:00, run_after=2024-10-18 00:00:00+00:00
[2024-10-18T23:44:15.269+0000] {processor.py:208} INFO - Processing /home/airflow/.local/lib/python3.12/site-packages/airflow/example_dags/tutorial.py took 0.084 seconds
[2024-10-18T23:44:46.184+0000] {processor.py:186} INFO - Started process (PID=1491) to work on /home/airflow/.local/lib/python3.12/site-packages/airflow/example_dags/tutorial.py
[2024-10-18T23:44:46.185+0000] {processor.py:914} INFO - Processing file /home/airflow/.local/lib/python3.12/site-packages/airflow/example_dags/tutorial.py for tasks to queue
[2024-10-18T23:44:46.187+0000] {logging_mixin.py:190} INFO - [2024-10-18T23:44:46.187+0000] {dagbag.py:588} INFO - Filling up the DagBag from /home/airflow/.local/lib/python3.12/site-packages/airflow/example_dags/tutorial.py
[2024-10-18T23:44:46.194+0000] {processor.py:925} INFO - DAG(s) 'tutorial' retrieved from /home/airflow/.local/lib/python3.12/site-packages/airflow/example_dags/tutorial.py
[2024-10-18T23:44:46.212+0000] {logging_mixin.py:190} INFO - [2024-10-18T23:44:46.212+0000] {dag.py:3239} INFO - Sync 1 DAGs
[2024-10-18T23:44:46.232+0000] {logging_mixin.py:190} INFO - [2024-10-18T23:44:46.232+0000] {dag.py:4180} INFO - Setting next_dagrun for tutorial to 2024-10-17 00:00:00+00:00, run_after=2024-10-18 00:00:00+00:00
[2024-10-18T23:44:46.251+0000] {processor.py:208} INFO - Processing /home/airflow/.local/lib/python3.12/site-packages/airflow/example_dags/tutorial.py took 0.072 seconds
[2024-10-18T23:45:16.869+0000] {processor.py:186} INFO - Started process (PID=1556) to work on /home/airflow/.local/lib/python3.12/site-packages/airflow/example_dags/tutorial.py
[2024-10-18T23:45:16.871+0000] {processor.py:914} INFO - Processing file /home/airflow/.local/lib/python3.12/site-packages/airflow/example_dags/tutorial.py for tasks to queue
[2024-10-18T23:45:16.873+0000] {logging_mixin.py:190} INFO - [2024-10-18T23:45:16.873+0000] {dagbag.py:588} INFO - Filling up the DagBag from /home/airflow/.local/lib/python3.12/site-packages/airflow/example_dags/tutorial.py
[2024-10-18T23:45:16.881+0000] {processor.py:925} INFO - DAG(s) 'tutorial' retrieved from /home/airflow/.local/lib/python3.12/site-packages/airflow/example_dags/tutorial.py
[2024-10-18T23:45:16.900+0000] {logging_mixin.py:190} INFO - [2024-10-18T23:45:16.900+0000] {dag.py:3239} INFO - Sync 1 DAGs
[2024-10-18T23:45:16.924+0000] {logging_mixin.py:190} INFO - [2024-10-18T23:45:16.924+0000] {dag.py:4180} INFO - Setting next_dagrun for tutorial to 2024-10-17 00:00:00+00:00, run_after=2024-10-18 00:00:00+00:00
[2024-10-18T23:45:16.944+0000] {processor.py:208} INFO - Processing /home/airflow/.local/lib/python3.12/site-packages/airflow/example_dags/tutorial.py took 0.080 seconds
[2024-10-18T23:45:47.708+0000] {processor.py:186} INFO - Started process (PID=1621) to work on /home/airflow/.local/lib/python3.12/site-packages/airflow/example_dags/tutorial.py
[2024-10-18T23:45:47.709+0000] {processor.py:914} INFO - Processing file /home/airflow/.local/lib/python3.12/site-packages/airflow/example_dags/tutorial.py for tasks to queue
[2024-10-18T23:45:47.712+0000] {logging_mixin.py:190} INFO - [2024-10-18T23:45:47.711+0000] {dagbag.py:588} INFO - Filling up the DagBag from /home/airflow/.local/lib/python3.12/site-packages/airflow/example_dags/tutorial.py
[2024-10-18T23:45:47.720+0000] {processor.py:925} INFO - DAG(s) 'tutorial' retrieved from /home/airflow/.local/lib/python3.12/site-packages/airflow/example_dags/tutorial.py
[2024-10-18T23:45:47.741+0000] {logging_mixin.py:190} INFO - [2024-10-18T23:45:47.741+0000] {dag.py:3239} INFO - Sync 1 DAGs
[2024-10-18T23:45:47.765+0000] {logging_mixin.py:190} INFO - [2024-10-18T23:45:47.765+0000] {dag.py:4180} INFO - Setting next_dagrun for tutorial to 2024-10-17 00:00:00+00:00, run_after=2024-10-18 00:00:00+00:00
[2024-10-18T23:45:47.786+0000] {processor.py:208} INFO - Processing /home/airflow/.local/lib/python3.12/site-packages/airflow/example_dags/tutorial.py took 0.084 seconds
[2024-10-18T23:46:18.445+0000] {processor.py:186} INFO - Started process (PID=1683) to work on /home/airflow/.local/lib/python3.12/site-packages/airflow/example_dags/tutorial.py
[2024-10-18T23:46:18.446+0000] {processor.py:914} INFO - Processing file /home/airflow/.local/lib/python3.12/site-packages/airflow/example_dags/tutorial.py for tasks to queue
[2024-10-18T23:46:18.449+0000] {logging_mixin.py:190} INFO - [2024-10-18T23:46:18.448+0000] {dagbag.py:588} INFO - Filling up the DagBag from /home/airflow/.local/lib/python3.12/site-packages/airflow/example_dags/tutorial.py
[2024-10-18T23:46:18.457+0000] {processor.py:925} INFO - DAG(s) 'tutorial' retrieved from /home/airflow/.local/lib/python3.12/site-packages/airflow/example_dags/tutorial.py
[2024-10-18T23:46:18.477+0000] {logging_mixin.py:190} INFO - [2024-10-18T23:46:18.477+0000] {dag.py:3239} INFO - Sync 1 DAGs
[2024-10-18T23:46:18.502+0000] {logging_mixin.py:190} INFO - [2024-10-18T23:46:18.502+0000] {dag.py:4180} INFO - Setting next_dagrun for tutorial to 2024-10-17 00:00:00+00:00, run_after=2024-10-18 00:00:00+00:00
[2024-10-18T23:46:18.522+0000] {processor.py:208} INFO - Processing /home/airflow/.local/lib/python3.12/site-packages/airflow/example_dags/tutorial.py took 0.083 seconds
[2024-10-18T23:46:53.120+0000] {processor.py:186} INFO - Started process (PID=1749) to work on /home/airflow/.local/lib/python3.12/site-packages/airflow/example_dags/tutorial.py
[2024-10-18T23:46:53.121+0000] {processor.py:914} INFO - Processing file /home/airflow/.local/lib/python3.12/site-packages/airflow/example_dags/tutorial.py for tasks to queue
[2024-10-18T23:46:53.124+0000] {logging_mixin.py:190} INFO - [2024-10-18T23:46:53.124+0000] {dagbag.py:588} INFO - Filling up the DagBag from /home/airflow/.local/lib/python3.12/site-packages/airflow/example_dags/tutorial.py
[2024-10-18T23:46:53.132+0000] {processor.py:925} INFO - DAG(s) 'tutorial' retrieved from /home/airflow/.local/lib/python3.12/site-packages/airflow/example_dags/tutorial.py
[2024-10-18T23:46:53.152+0000] {logging_mixin.py:190} INFO - [2024-10-18T23:46:53.152+0000] {dag.py:3239} INFO - Sync 1 DAGs
[2024-10-18T23:46:53.175+0000] {logging_mixin.py:190} INFO - [2024-10-18T23:46:53.175+0000] {dag.py:4180} INFO - Setting next_dagrun for tutorial to 2024-10-17 00:00:00+00:00, run_after=2024-10-18 00:00:00+00:00
[2024-10-18T23:46:53.194+0000] {processor.py:208} INFO - Processing /home/airflow/.local/lib/python3.12/site-packages/airflow/example_dags/tutorial.py took 0.080 seconds
[2024-10-18T23:47:24.007+0000] {processor.py:186} INFO - Started process (PID=1811) to work on /home/airflow/.local/lib/python3.12/site-packages/airflow/example_dags/tutorial.py
[2024-10-18T23:47:24.009+0000] {processor.py:914} INFO - Processing file /home/airflow/.local/lib/python3.12/site-packages/airflow/example_dags/tutorial.py for tasks to queue
[2024-10-18T23:47:24.011+0000] {logging_mixin.py:190} INFO - [2024-10-18T23:47:24.011+0000] {dagbag.py:588} INFO - Filling up the DagBag from /home/airflow/.local/lib/python3.12/site-packages/airflow/example_dags/tutorial.py
[2024-10-18T23:47:24.021+0000] {processor.py:925} INFO - DAG(s) 'tutorial' retrieved from /home/airflow/.local/lib/python3.12/site-packages/airflow/example_dags/tutorial.py
[2024-10-18T23:47:24.041+0000] {logging_mixin.py:190} INFO - [2024-10-18T23:47:24.041+0000] {dag.py:3239} INFO - Sync 1 DAGs
[2024-10-18T23:47:24.065+0000] {logging_mixin.py:190} INFO - [2024-10-18T23:47:24.065+0000] {dag.py:4180} INFO - Setting next_dagrun for tutorial to 2024-10-17 00:00:00+00:00, run_after=2024-10-18 00:00:00+00:00
[2024-10-18T23:47:24.085+0000] {processor.py:208} INFO - Processing /home/airflow/.local/lib/python3.12/site-packages/airflow/example_dags/tutorial.py took 0.085 seconds
[2024-10-18T23:47:56.255+0000] {processor.py:186} INFO - Started process (PID=1873) to work on /home/airflow/.local/lib/python3.12/site-packages/airflow/example_dags/tutorial.py
[2024-10-18T23:47:56.257+0000] {processor.py:914} INFO - Processing file /home/airflow/.local/lib/python3.12/site-packages/airflow/example_dags/tutorial.py for tasks to queue
[2024-10-18T23:47:56.260+0000] {logging_mixin.py:190} INFO - [2024-10-18T23:47:56.259+0000] {dagbag.py:588} INFO - Filling up the DagBag from /home/airflow/.local/lib/python3.12/site-packages/airflow/example_dags/tutorial.py
[2024-10-18T23:47:56.272+0000] {processor.py:925} INFO - DAG(s) 'tutorial' retrieved from /home/airflow/.local/lib/python3.12/site-packages/airflow/example_dags/tutorial.py
[2024-10-18T23:47:56.299+0000] {logging_mixin.py:190} INFO - [2024-10-18T23:47:56.299+0000] {dag.py:3239} INFO - Sync 1 DAGs
[2024-10-18T23:47:56.330+0000] {logging_mixin.py:190} INFO - [2024-10-18T23:47:56.330+0000] {dag.py:4180} INFO - Setting next_dagrun for tutorial to 2024-10-17 00:00:00+00:00, run_after=2024-10-18 00:00:00+00:00
[2024-10-18T23:47:56.355+0000] {processor.py:208} INFO - Processing /home/airflow/.local/lib/python3.12/site-packages/airflow/example_dags/tutorial.py took 0.108 seconds
[2024-10-18T23:48:31.789+0000] {processor.py:186} INFO - Started process (PID=1935) to work on /home/airflow/.local/lib/python3.12/site-packages/airflow/example_dags/tutorial.py
[2024-10-18T23:48:31.792+0000] {processor.py:914} INFO - Processing file /home/airflow/.local/lib/python3.12/site-packages/airflow/example_dags/tutorial.py for tasks to queue
[2024-10-18T23:48:31.797+0000] {logging_mixin.py:190} INFO - [2024-10-18T23:48:31.796+0000] {dagbag.py:588} INFO - Filling up the DagBag from /home/airflow/.local/lib/python3.12/site-packages/airflow/example_dags/tutorial.py
[2024-10-18T23:48:31.812+0000] {processor.py:925} INFO - DAG(s) 'tutorial' retrieved from /home/airflow/.local/lib/python3.12/site-packages/airflow/example_dags/tutorial.py
[2024-10-18T23:48:31.846+0000] {logging_mixin.py:190} INFO - [2024-10-18T23:48:31.845+0000] {dag.py:3239} INFO - Sync 1 DAGs
[2024-10-18T23:48:31.890+0000] {logging_mixin.py:190} INFO - [2024-10-18T23:48:31.889+0000] {dag.py:4180} INFO - Setting next_dagrun for tutorial to 2024-10-17 00:00:00+00:00, run_after=2024-10-18 00:00:00+00:00
[2024-10-18T23:48:31.926+0000] {processor.py:208} INFO - Processing /home/airflow/.local/lib/python3.12/site-packages/airflow/example_dags/tutorial.py took 0.148 seconds
[2024-10-18T23:49:04.061+0000] {processor.py:186} INFO - Started process (PID=2002) to work on /home/airflow/.local/lib/python3.12/site-packages/airflow/example_dags/tutorial.py
[2024-10-18T23:49:04.106+0000] {processor.py:914} INFO - Processing file /home/airflow/.local/lib/python3.12/site-packages/airflow/example_dags/tutorial.py for tasks to queue
[2024-10-18T23:49:04.171+0000] {logging_mixin.py:190} INFO - [2024-10-18T23:49:04.170+0000] {dagbag.py:588} INFO - Filling up the DagBag from /home/airflow/.local/lib/python3.12/site-packages/airflow/example_dags/tutorial.py
[2024-10-18T23:49:04.251+0000] {processor.py:925} INFO - DAG(s) 'tutorial' retrieved from /home/airflow/.local/lib/python3.12/site-packages/airflow/example_dags/tutorial.py
[2024-10-18T23:49:04.278+0000] {logging_mixin.py:190} INFO - [2024-10-18T23:49:04.278+0000] {dag.py:3239} INFO - Sync 1 DAGs
[2024-10-18T23:49:04.307+0000] {logging_mixin.py:190} INFO - [2024-10-18T23:49:04.307+0000] {dag.py:4180} INFO - Setting next_dagrun for tutorial to 2024-10-17 00:00:00+00:00, run_after=2024-10-18 00:00:00+00:00
[2024-10-18T23:49:04.402+0000] {processor.py:208} INFO - Processing /home/airflow/.local/lib/python3.12/site-packages/airflow/example_dags/tutorial.py took 0.349 seconds
[2024-10-18T23:49:35.178+0000] {processor.py:186} INFO - Started process (PID=2065) to work on /home/airflow/.local/lib/python3.12/site-packages/airflow/example_dags/tutorial.py
[2024-10-18T23:49:35.179+0000] {processor.py:914} INFO - Processing file /home/airflow/.local/lib/python3.12/site-packages/airflow/example_dags/tutorial.py for tasks to queue
[2024-10-18T23:49:35.182+0000] {logging_mixin.py:190} INFO - [2024-10-18T23:49:35.182+0000] {dagbag.py:588} INFO - Filling up the DagBag from /home/airflow/.local/lib/python3.12/site-packages/airflow/example_dags/tutorial.py
[2024-10-18T23:49:35.190+0000] {processor.py:925} INFO - DAG(s) 'tutorial' retrieved from /home/airflow/.local/lib/python3.12/site-packages/airflow/example_dags/tutorial.py
[2024-10-18T23:49:35.214+0000] {logging_mixin.py:190} INFO - [2024-10-18T23:49:35.214+0000] {dag.py:3239} INFO - Sync 1 DAGs
[2024-10-18T23:49:35.238+0000] {logging_mixin.py:190} INFO - [2024-10-18T23:49:35.238+0000] {dag.py:4180} INFO - Setting next_dagrun for tutorial to 2024-10-17 00:00:00+00:00, run_after=2024-10-18 00:00:00+00:00
[2024-10-18T23:49:35.258+0000] {processor.py:208} INFO - Processing /home/airflow/.local/lib/python3.12/site-packages/airflow/example_dags/tutorial.py took 0.085 seconds
[2024-10-18T23:50:05.560+0000] {processor.py:186} INFO - Started process (PID=2127) to work on /home/airflow/.local/lib/python3.12/site-packages/airflow/example_dags/tutorial.py
[2024-10-18T23:50:05.561+0000] {processor.py:914} INFO - Processing file /home/airflow/.local/lib/python3.12/site-packages/airflow/example_dags/tutorial.py for tasks to queue
[2024-10-18T23:50:05.564+0000] {logging_mixin.py:190} INFO - [2024-10-18T23:50:05.564+0000] {dagbag.py:588} INFO - Filling up the DagBag from /home/airflow/.local/lib/python3.12/site-packages/airflow/example_dags/tutorial.py
[2024-10-18T23:50:05.571+0000] {processor.py:925} INFO - DAG(s) 'tutorial' retrieved from /home/airflow/.local/lib/python3.12/site-packages/airflow/example_dags/tutorial.py
[2024-10-18T23:50:05.591+0000] {logging_mixin.py:190} INFO - [2024-10-18T23:50:05.591+0000] {dag.py:3239} INFO - Sync 1 DAGs
[2024-10-18T23:50:05.614+0000] {logging_mixin.py:190} INFO - [2024-10-18T23:50:05.614+0000] {dag.py:4180} INFO - Setting next_dagrun for tutorial to 2024-10-17 00:00:00+00:00, run_after=2024-10-18 00:00:00+00:00
[2024-10-18T23:50:05.635+0000] {processor.py:208} INFO - Processing /home/airflow/.local/lib/python3.12/site-packages/airflow/example_dags/tutorial.py took 0.080 seconds
[2024-10-18T23:50:36.592+0000] {processor.py:186} INFO - Started process (PID=2189) to work on /home/airflow/.local/lib/python3.12/site-packages/airflow/example_dags/tutorial.py
[2024-10-18T23:50:36.594+0000] {processor.py:914} INFO - Processing file /home/airflow/.local/lib/python3.12/site-packages/airflow/example_dags/tutorial.py for tasks to queue
[2024-10-18T23:50:36.598+0000] {logging_mixin.py:190} INFO - [2024-10-18T23:50:36.598+0000] {dagbag.py:588} INFO - Filling up the DagBag from /home/airflow/.local/lib/python3.12/site-packages/airflow/example_dags/tutorial.py
[2024-10-18T23:50:36.614+0000] {processor.py:925} INFO - DAG(s) 'tutorial' retrieved from /home/airflow/.local/lib/python3.12/site-packages/airflow/example_dags/tutorial.py
[2024-10-18T23:50:36.652+0000] {logging_mixin.py:190} INFO - [2024-10-18T23:50:36.652+0000] {dag.py:3239} INFO - Sync 1 DAGs
[2024-10-18T23:50:36.690+0000] {logging_mixin.py:190} INFO - [2024-10-18T23:50:36.690+0000] {dag.py:4180} INFO - Setting next_dagrun for tutorial to 2024-10-17 00:00:00+00:00, run_after=2024-10-18 00:00:00+00:00
[2024-10-18T23:50:36.718+0000] {processor.py:208} INFO - Processing /home/airflow/.local/lib/python3.12/site-packages/airflow/example_dags/tutorial.py took 0.134 seconds
[2024-10-18T23:51:07.366+0000] {processor.py:186} INFO - Started process (PID=2251) to work on /home/airflow/.local/lib/python3.12/site-packages/airflow/example_dags/tutorial.py
[2024-10-18T23:51:07.367+0000] {processor.py:914} INFO - Processing file /home/airflow/.local/lib/python3.12/site-packages/airflow/example_dags/tutorial.py for tasks to queue
[2024-10-18T23:51:07.370+0000] {logging_mixin.py:190} INFO - [2024-10-18T23:51:07.370+0000] {dagbag.py:588} INFO - Filling up the DagBag from /home/airflow/.local/lib/python3.12/site-packages/airflow/example_dags/tutorial.py
[2024-10-18T23:51:07.381+0000] {processor.py:925} INFO - DAG(s) 'tutorial' retrieved from /home/airflow/.local/lib/python3.12/site-packages/airflow/example_dags/tutorial.py
[2024-10-18T23:51:07.406+0000] {logging_mixin.py:190} INFO - [2024-10-18T23:51:07.406+0000] {dag.py:3239} INFO - Sync 1 DAGs
[2024-10-18T23:51:07.436+0000] {logging_mixin.py:190} INFO - [2024-10-18T23:51:07.436+0000] {dag.py:4180} INFO - Setting next_dagrun for tutorial to 2024-10-17 00:00:00+00:00, run_after=2024-10-18 00:00:00+00:00
[2024-10-18T23:51:07.464+0000] {processor.py:208} INFO - Processing /home/airflow/.local/lib/python3.12/site-packages/airflow/example_dags/tutorial.py took 0.105 seconds
[2024-10-18T23:51:37.594+0000] {processor.py:186} INFO - Started process (PID=2314) to work on /home/airflow/.local/lib/python3.12/site-packages/airflow/example_dags/tutorial.py
[2024-10-18T23:51:37.596+0000] {processor.py:914} INFO - Processing file /home/airflow/.local/lib/python3.12/site-packages/airflow/example_dags/tutorial.py for tasks to queue
[2024-10-18T23:51:37.600+0000] {logging_mixin.py:190} INFO - [2024-10-18T23:51:37.599+0000] {dagbag.py:588} INFO - Filling up the DagBag from /home/airflow/.local/lib/python3.12/site-packages/airflow/example_dags/tutorial.py
[2024-10-18T23:51:37.611+0000] {processor.py:925} INFO - DAG(s) 'tutorial' retrieved from /home/airflow/.local/lib/python3.12/site-packages/airflow/example_dags/tutorial.py
[2024-10-18T23:51:37.655+0000] {logging_mixin.py:190} INFO - [2024-10-18T23:51:37.654+0000] {dag.py:3239} INFO - Sync 1 DAGs
[2024-10-18T23:51:37.689+0000] {logging_mixin.py:190} INFO - [2024-10-18T23:51:37.689+0000] {dag.py:4180} INFO - Setting next_dagrun for tutorial to 2024-10-17 00:00:00+00:00, run_after=2024-10-18 00:00:00+00:00
[2024-10-18T23:51:37.717+0000] {processor.py:208} INFO - Processing /home/airflow/.local/lib/python3.12/site-packages/airflow/example_dags/tutorial.py took 0.131 seconds
[2024-10-18T23:52:12.933+0000] {processor.py:186} INFO - Started process (PID=2382) to work on /home/airflow/.local/lib/python3.12/site-packages/airflow/example_dags/tutorial.py
[2024-10-18T23:52:12.936+0000] {processor.py:914} INFO - Processing file /home/airflow/.local/lib/python3.12/site-packages/airflow/example_dags/tutorial.py for tasks to queue
[2024-10-18T23:52:12.941+0000] {logging_mixin.py:190} INFO - [2024-10-18T23:52:12.940+0000] {dagbag.py:588} INFO - Filling up the DagBag from /home/airflow/.local/lib/python3.12/site-packages/airflow/example_dags/tutorial.py
[2024-10-18T23:52:12.957+0000] {processor.py:925} INFO - DAG(s) 'tutorial' retrieved from /home/airflow/.local/lib/python3.12/site-packages/airflow/example_dags/tutorial.py
[2024-10-18T23:52:12.994+0000] {logging_mixin.py:190} INFO - [2024-10-18T23:52:12.993+0000] {dag.py:3239} INFO - Sync 1 DAGs
[2024-10-18T23:52:13.041+0000] {logging_mixin.py:190} INFO - [2024-10-18T23:52:13.040+0000] {dag.py:4180} INFO - Setting next_dagrun for tutorial to 2024-10-17 00:00:00+00:00, run_after=2024-10-18 00:00:00+00:00
[2024-10-18T23:52:13.075+0000] {processor.py:208} INFO - Processing /home/airflow/.local/lib/python3.12/site-packages/airflow/example_dags/tutorial.py took 0.155 seconds
[2024-10-18T23:52:44.000+0000] {processor.py:186} INFO - Started process (PID=2444) to work on /home/airflow/.local/lib/python3.12/site-packages/airflow/example_dags/tutorial.py
[2024-10-18T23:52:44.002+0000] {processor.py:914} INFO - Processing file /home/airflow/.local/lib/python3.12/site-packages/airflow/example_dags/tutorial.py for tasks to queue
[2024-10-18T23:52:44.005+0000] {logging_mixin.py:190} INFO - [2024-10-18T23:52:44.005+0000] {dagbag.py:588} INFO - Filling up the DagBag from /home/airflow/.local/lib/python3.12/site-packages/airflow/example_dags/tutorial.py
[2024-10-18T23:52:44.018+0000] {processor.py:925} INFO - DAG(s) 'tutorial' retrieved from /home/airflow/.local/lib/python3.12/site-packages/airflow/example_dags/tutorial.py
[2024-10-18T23:52:44.052+0000] {logging_mixin.py:190} INFO - [2024-10-18T23:52:44.052+0000] {dag.py:3239} INFO - Sync 1 DAGs
[2024-10-18T23:52:44.097+0000] {logging_mixin.py:190} INFO - [2024-10-18T23:52:44.097+0000] {dag.py:4180} INFO - Setting next_dagrun for tutorial to 2024-10-17 00:00:00+00:00, run_after=2024-10-18 00:00:00+00:00
[2024-10-18T23:52:44.139+0000] {processor.py:208} INFO - Processing /home/airflow/.local/lib/python3.12/site-packages/airflow/example_dags/tutorial.py took 0.148 seconds
[2024-10-18T23:53:18.194+0000] {processor.py:186} INFO - Started process (PID=2509) to work on /home/airflow/.local/lib/python3.12/site-packages/airflow/example_dags/tutorial.py
[2024-10-18T23:53:18.201+0000] {processor.py:914} INFO - Processing file /home/airflow/.local/lib/python3.12/site-packages/airflow/example_dags/tutorial.py for tasks to queue
[2024-10-18T23:53:18.208+0000] {logging_mixin.py:190} INFO - [2024-10-18T23:53:18.207+0000] {dagbag.py:588} INFO - Filling up the DagBag from /home/airflow/.local/lib/python3.12/site-packages/airflow/example_dags/tutorial.py
[2024-10-18T23:53:18.246+0000] {processor.py:925} INFO - DAG(s) 'tutorial' retrieved from /home/airflow/.local/lib/python3.12/site-packages/airflow/example_dags/tutorial.py
[2024-10-18T23:53:18.354+0000] {logging_mixin.py:190} INFO - [2024-10-18T23:53:18.354+0000] {dag.py:3239} INFO - Sync 1 DAGs
[2024-10-18T23:53:18.450+0000] {logging_mixin.py:190} INFO - [2024-10-18T23:53:18.449+0000] {dag.py:4180} INFO - Setting next_dagrun for tutorial to 2024-10-17 00:00:00+00:00, run_after=2024-10-18 00:00:00+00:00
[2024-10-18T23:53:18.537+0000] {processor.py:208} INFO - Processing /home/airflow/.local/lib/python3.12/site-packages/airflow/example_dags/tutorial.py took 0.371 seconds
[2024-10-18T23:53:49.247+0000] {processor.py:186} INFO - Started process (PID=2571) to work on /home/airflow/.local/lib/python3.12/site-packages/airflow/example_dags/tutorial.py
[2024-10-18T23:53:49.248+0000] {processor.py:914} INFO - Processing file /home/airflow/.local/lib/python3.12/site-packages/airflow/example_dags/tutorial.py for tasks to queue
[2024-10-18T23:53:49.251+0000] {logging_mixin.py:190} INFO - [2024-10-18T23:53:49.251+0000] {dagbag.py:588} INFO - Filling up the DagBag from /home/airflow/.local/lib/python3.12/site-packages/airflow/example_dags/tutorial.py
[2024-10-18T23:53:49.261+0000] {processor.py:925} INFO - DAG(s) 'tutorial' retrieved from /home/airflow/.local/lib/python3.12/site-packages/airflow/example_dags/tutorial.py
[2024-10-18T23:53:49.288+0000] {logging_mixin.py:190} INFO - [2024-10-18T23:53:49.288+0000] {dag.py:3239} INFO - Sync 1 DAGs
[2024-10-18T23:53:49.317+0000] {logging_mixin.py:190} INFO - [2024-10-18T23:53:49.317+0000] {dag.py:4180} INFO - Setting next_dagrun for tutorial to 2024-10-17 00:00:00+00:00, run_after=2024-10-18 00:00:00+00:00
[2024-10-18T23:53:49.341+0000] {processor.py:208} INFO - Processing /home/airflow/.local/lib/python3.12/site-packages/airflow/example_dags/tutorial.py took 0.102 seconds
[2024-10-18T23:54:20.361+0000] {processor.py:186} INFO - Started process (PID=2633) to work on /home/airflow/.local/lib/python3.12/site-packages/airflow/example_dags/tutorial.py
[2024-10-18T23:54:20.364+0000] {processor.py:914} INFO - Processing file /home/airflow/.local/lib/python3.12/site-packages/airflow/example_dags/tutorial.py for tasks to queue
[2024-10-18T23:54:20.370+0000] {logging_mixin.py:190} INFO - [2024-10-18T23:54:20.369+0000] {dagbag.py:588} INFO - Filling up the DagBag from /home/airflow/.local/lib/python3.12/site-packages/airflow/example_dags/tutorial.py
[2024-10-18T23:54:20.389+0000] {processor.py:925} INFO - DAG(s) 'tutorial' retrieved from /home/airflow/.local/lib/python3.12/site-packages/airflow/example_dags/tutorial.py
[2024-10-18T23:54:20.439+0000] {logging_mixin.py:190} INFO - [2024-10-18T23:54:20.439+0000] {dag.py:3239} INFO - Sync 1 DAGs
[2024-10-18T23:54:20.512+0000] {logging_mixin.py:190} INFO - [2024-10-18T23:54:20.511+0000] {dag.py:4180} INFO - Setting next_dagrun for tutorial to 2024-10-17 00:00:00+00:00, run_after=2024-10-18 00:00:00+00:00
[2024-10-18T23:54:20.558+0000] {processor.py:208} INFO - Processing /home/airflow/.local/lib/python3.12/site-packages/airflow/example_dags/tutorial.py took 0.211 seconds
[2024-10-18T23:54:51.885+0000] {processor.py:186} INFO - Started process (PID=2700) to work on /home/airflow/.local/lib/python3.12/site-packages/airflow/example_dags/tutorial.py
[2024-10-18T23:54:51.888+0000] {processor.py:914} INFO - Processing file /home/airflow/.local/lib/python3.12/site-packages/airflow/example_dags/tutorial.py for tasks to queue
[2024-10-18T23:54:51.898+0000] {logging_mixin.py:190} INFO - [2024-10-18T23:54:51.897+0000] {dagbag.py:588} INFO - Filling up the DagBag from /home/airflow/.local/lib/python3.12/site-packages/airflow/example_dags/tutorial.py
[2024-10-18T23:54:51.927+0000] {processor.py:925} INFO - DAG(s) 'tutorial' retrieved from /home/airflow/.local/lib/python3.12/site-packages/airflow/example_dags/tutorial.py
[2024-10-18T23:54:51.983+0000] {logging_mixin.py:190} INFO - [2024-10-18T23:54:51.982+0000] {dag.py:3239} INFO - Sync 1 DAGs
[2024-10-18T23:54:52.064+0000] {logging_mixin.py:190} INFO - [2024-10-18T23:54:52.062+0000] {dag.py:4180} INFO - Setting next_dagrun for tutorial to 2024-10-17 00:00:00+00:00, run_after=2024-10-18 00:00:00+00:00
[2024-10-18T23:54:52.120+0000] {processor.py:208} INFO - Processing /home/airflow/.local/lib/python3.12/site-packages/airflow/example_dags/tutorial.py took 0.254 seconds
[2024-10-18T23:56:57.043+0000] {processor.py:186} INFO - Started process (PID=2797) to work on /home/airflow/.local/lib/python3.12/site-packages/airflow/example_dags/tutorial.py
[2024-10-18T23:56:57.045+0000] {processor.py:914} INFO - Processing file /home/airflow/.local/lib/python3.12/site-packages/airflow/example_dags/tutorial.py for tasks to queue
[2024-10-18T23:56:57.052+0000] {logging_mixin.py:190} INFO - [2024-10-18T23:56:57.051+0000] {dagbag.py:588} INFO - Filling up the DagBag from /home/airflow/.local/lib/python3.12/site-packages/airflow/example_dags/tutorial.py
[2024-10-18T23:56:57.071+0000] {processor.py:925} INFO - DAG(s) 'tutorial' retrieved from /home/airflow/.local/lib/python3.12/site-packages/airflow/example_dags/tutorial.py
[2024-10-18T23:56:57.118+0000] {logging_mixin.py:190} INFO - [2024-10-18T23:56:57.117+0000] {dag.py:3239} INFO - Sync 1 DAGs
[2024-10-18T23:56:57.187+0000] {logging_mixin.py:190} INFO - [2024-10-18T23:56:57.186+0000] {dag.py:4180} INFO - Setting next_dagrun for tutorial to 2024-10-17 00:00:00+00:00, run_after=2024-10-18 00:00:00+00:00
[2024-10-18T23:56:57.234+0000] {processor.py:208} INFO - Processing /home/airflow/.local/lib/python3.12/site-packages/airflow/example_dags/tutorial.py took 0.204 seconds
[2024-10-18T23:57:28.220+0000] {processor.py:186} INFO - Started process (PID=2860) to work on /home/airflow/.local/lib/python3.12/site-packages/airflow/example_dags/tutorial.py
[2024-10-18T23:57:28.223+0000] {processor.py:914} INFO - Processing file /home/airflow/.local/lib/python3.12/site-packages/airflow/example_dags/tutorial.py for tasks to queue
[2024-10-18T23:57:28.227+0000] {logging_mixin.py:190} INFO - [2024-10-18T23:57:28.226+0000] {dagbag.py:588} INFO - Filling up the DagBag from /home/airflow/.local/lib/python3.12/site-packages/airflow/example_dags/tutorial.py
[2024-10-18T23:57:28.241+0000] {processor.py:925} INFO - DAG(s) 'tutorial' retrieved from /home/airflow/.local/lib/python3.12/site-packages/airflow/example_dags/tutorial.py
[2024-10-18T23:57:28.272+0000] {logging_mixin.py:190} INFO - [2024-10-18T23:57:28.272+0000] {dag.py:3239} INFO - Sync 1 DAGs
[2024-10-18T23:57:28.504+0000] {logging_mixin.py:190} INFO - [2024-10-18T23:57:28.504+0000] {dag.py:4180} INFO - Setting next_dagrun for tutorial to 2024-10-17 00:00:00+00:00, run_after=2024-10-18 00:00:00+00:00
[2024-10-18T23:57:28.528+0000] {processor.py:208} INFO - Processing /home/airflow/.local/lib/python3.12/site-packages/airflow/example_dags/tutorial.py took 0.318 seconds
[2024-10-18T23:57:58.823+0000] {processor.py:186} INFO - Started process (PID=2922) to work on /home/airflow/.local/lib/python3.12/site-packages/airflow/example_dags/tutorial.py
[2024-10-18T23:57:58.824+0000] {processor.py:914} INFO - Processing file /home/airflow/.local/lib/python3.12/site-packages/airflow/example_dags/tutorial.py for tasks to queue
[2024-10-18T23:57:58.826+0000] {logging_mixin.py:190} INFO - [2024-10-18T23:57:58.826+0000] {dagbag.py:588} INFO - Filling up the DagBag from /home/airflow/.local/lib/python3.12/site-packages/airflow/example_dags/tutorial.py
[2024-10-18T23:57:58.834+0000] {processor.py:925} INFO - DAG(s) 'tutorial' retrieved from /home/airflow/.local/lib/python3.12/site-packages/airflow/example_dags/tutorial.py
[2024-10-18T23:57:58.854+0000] {logging_mixin.py:190} INFO - [2024-10-18T23:57:58.854+0000] {dag.py:3239} INFO - Sync 1 DAGs
[2024-10-18T23:57:59.034+0000] {logging_mixin.py:190} INFO - [2024-10-18T23:57:59.034+0000] {dag.py:4180} INFO - Setting next_dagrun for tutorial to 2024-10-17 00:00:00+00:00, run_after=2024-10-18 00:00:00+00:00
[2024-10-18T23:57:59.052+0000] {processor.py:208} INFO - Processing /home/airflow/.local/lib/python3.12/site-packages/airflow/example_dags/tutorial.py took 0.235 seconds
[2024-10-18T23:58:29.644+0000] {processor.py:186} INFO - Started process (PID=2984) to work on /home/airflow/.local/lib/python3.12/site-packages/airflow/example_dags/tutorial.py
[2024-10-18T23:58:29.646+0000] {processor.py:914} INFO - Processing file /home/airflow/.local/lib/python3.12/site-packages/airflow/example_dags/tutorial.py for tasks to queue
[2024-10-18T23:58:29.649+0000] {logging_mixin.py:190} INFO - [2024-10-18T23:58:29.649+0000] {dagbag.py:588} INFO - Filling up the DagBag from /home/airflow/.local/lib/python3.12/site-packages/airflow/example_dags/tutorial.py
[2024-10-18T23:58:29.662+0000] {processor.py:925} INFO - DAG(s) 'tutorial' retrieved from /home/airflow/.local/lib/python3.12/site-packages/airflow/example_dags/tutorial.py
[2024-10-18T23:58:29.690+0000] {logging_mixin.py:190} INFO - [2024-10-18T23:58:29.689+0000] {dag.py:3239} INFO - Sync 1 DAGs
[2024-10-18T23:58:29.725+0000] {logging_mixin.py:190} INFO - [2024-10-18T23:58:29.725+0000] {dag.py:4180} INFO - Setting next_dagrun for tutorial to 2024-10-17 00:00:00+00:00, run_after=2024-10-18 00:00:00+00:00
[2024-10-18T23:58:29.981+0000] {processor.py:208} INFO - Processing /home/airflow/.local/lib/python3.12/site-packages/airflow/example_dags/tutorial.py took 0.346 seconds
[2024-10-18T23:59:00.430+0000] {processor.py:186} INFO - Started process (PID=3046) to work on /home/airflow/.local/lib/python3.12/site-packages/airflow/example_dags/tutorial.py
[2024-10-18T23:59:00.433+0000] {processor.py:914} INFO - Processing file /home/airflow/.local/lib/python3.12/site-packages/airflow/example_dags/tutorial.py for tasks to queue
[2024-10-18T23:59:00.437+0000] {logging_mixin.py:190} INFO - [2024-10-18T23:59:00.436+0000] {dagbag.py:588} INFO - Filling up the DagBag from /home/airflow/.local/lib/python3.12/site-packages/airflow/example_dags/tutorial.py
[2024-10-18T23:59:00.454+0000] {processor.py:925} INFO - DAG(s) 'tutorial' retrieved from /home/airflow/.local/lib/python3.12/site-packages/airflow/example_dags/tutorial.py
[2024-10-18T23:59:00.490+0000] {logging_mixin.py:190} INFO - [2024-10-18T23:59:00.489+0000] {dag.py:3239} INFO - Sync 1 DAGs
[2024-10-18T23:59:00.539+0000] {logging_mixin.py:190} INFO - [2024-10-18T23:59:00.537+0000] {dag.py:4180} INFO - Setting next_dagrun for tutorial to 2024-10-17 00:00:00+00:00, run_after=2024-10-18 00:00:00+00:00
[2024-10-18T23:59:00.581+0000] {processor.py:208} INFO - Processing /home/airflow/.local/lib/python3.12/site-packages/airflow/example_dags/tutorial.py took 0.161 seconds
[2024-10-18T23:59:31.478+0000] {processor.py:186} INFO - Started process (PID=3107) to work on /home/airflow/.local/lib/python3.12/site-packages/airflow/example_dags/tutorial.py
[2024-10-18T23:59:31.480+0000] {processor.py:914} INFO - Processing file /home/airflow/.local/lib/python3.12/site-packages/airflow/example_dags/tutorial.py for tasks to queue
[2024-10-18T23:59:31.482+0000] {logging_mixin.py:190} INFO - [2024-10-18T23:59:31.482+0000] {dagbag.py:588} INFO - Filling up the DagBag from /home/airflow/.local/lib/python3.12/site-packages/airflow/example_dags/tutorial.py
[2024-10-18T23:59:31.651+0000] {processor.py:925} INFO - DAG(s) 'tutorial' retrieved from /home/airflow/.local/lib/python3.12/site-packages/airflow/example_dags/tutorial.py
[2024-10-18T23:59:31.669+0000] {logging_mixin.py:190} INFO - [2024-10-18T23:59:31.669+0000] {dag.py:3239} INFO - Sync 1 DAGs
[2024-10-18T23:59:31.690+0000] {logging_mixin.py:190} INFO - [2024-10-18T23:59:31.690+0000] {dag.py:4180} INFO - Setting next_dagrun for tutorial to 2024-10-17 00:00:00+00:00, run_after=2024-10-18 00:00:00+00:00
[2024-10-18T23:59:31.711+0000] {processor.py:208} INFO - Processing /home/airflow/.local/lib/python3.12/site-packages/airflow/example_dags/tutorial.py took 0.238 seconds
