[2024-10-19T00:05:41.142+0000] {local_task_job_runner.py:123} INFO - ::group::Pre task execution logs
[2024-10-19T00:05:41.352+0000] {taskinstance.py:2612} INFO - Dependencies all met for dep_context=non-requeueable deps ti=<TaskInstance: example_python_operator.sleep_for_1 manual__2024-10-18T23:59:57.208019+00:00 [queued]>
[2024-10-19T00:05:41.399+0000] {taskinstance.py:2612} INFO - Dependencies all met for dep_context=requeueable deps ti=<TaskInstance: example_python_operator.sleep_for_1 manual__2024-10-18T23:59:57.208019+00:00 [queued]>
[2024-10-19T00:05:41.402+0000] {taskinstance.py:2865} INFO - Starting attempt 1 of 1
[2024-10-19T00:05:41.811+0000] {taskinstance.py:2888} INFO - Executing <Task(PythonOperator): sleep_for_1> on 2024-10-18 23:59:57.208019+00:00
[2024-10-19T00:05:43.908+0000] {warnings.py:112} WARNING - /home/***/.local/lib/python3.12/site-packages/***/task/task_runner/standard_task_runner.py:70: DeprecationWarning: This process (pid=408) is multi-threaded, use of fork() may lead to deadlocks in the child.
  pid = os.fork()

[2024-10-19T00:05:44.284+0000] {standard_task_runner.py:72} INFO - Started process 437 to run task
[2024-10-19T00:05:44.300+0000] {standard_task_runner.py:104} INFO - Running: ['***', 'tasks', 'run', 'example_python_operator', 'sleep_for_1', 'manual__2024-10-18T23:59:57.208019+00:00', '--job-id', '40', '--raw', '--subdir', '/home/***/.local/lib/python3.12/site-packages/***/example_dags/example_python_operator.py', '--cfg-path', '/tmp/tmpz0mrw7nh']
[2024-10-19T00:05:44.333+0000] {standard_task_runner.py:105} INFO - Job 40: Subtask sleep_for_1
[2024-10-19T00:05:45.302+0000] {task_command.py:467} INFO - Running <TaskInstance: example_python_operator.sleep_for_1 manual__2024-10-18T23:59:57.208019+00:00 [running]> on host bba1a6f01f4d
[2024-10-19T00:05:46.115+0000] {taskinstance.py:3131} INFO - Exporting env vars: AIRFLOW_CTX_DAG_OWNER='***' AIRFLOW_CTX_DAG_ID='example_python_operator' AIRFLOW_CTX_TASK_ID='sleep_for_1' AIRFLOW_CTX_EXECUTION_DATE='2024-10-18T23:59:57.208019+00:00' AIRFLOW_CTX_TRY_NUMBER='1' AIRFLOW_CTX_DAG_RUN_ID='manual__2024-10-18T23:59:57.208019+00:00'
[2024-10-19T00:05:46.162+0000] {logging_mixin.py:190} INFO - Task instance is in running state
[2024-10-19T00:05:46.164+0000] {logging_mixin.py:190} INFO -  Previous state of the Task instance: queued
[2024-10-19T00:05:46.169+0000] {logging_mixin.py:190} INFO - Current task name:sleep_for_1 state:running start_date:2024-10-19 00:05:41.353595+00:00
[2024-10-19T00:05:46.173+0000] {logging_mixin.py:190} INFO - Dag name:example_python_operator and current dag run status:running
[2024-10-19T00:05:46.175+0000] {taskinstance.py:731} INFO - ::endgroup::
[2024-10-19T00:05:46.379+0000] {python.py:240} INFO - Done. Returned value was: None
[2024-10-19T00:05:46.619+0000] {taskinstance.py:340} INFO - ::group::Post task execution logs
[2024-10-19T00:05:46.623+0000] {taskinstance.py:352} INFO - Marking task as SUCCESS. dag_id=example_python_operator, task_id=sleep_for_1, run_id=manual__2024-10-18T23:59:57.208019+00:00, execution_date=20241018T235957, start_date=20241019T000541, end_date=20241019T000546
[2024-10-19T00:05:46.754+0000] {logging_mixin.py:190} INFO - Task instance in success state
[2024-10-19T00:05:46.757+0000] {logging_mixin.py:190} INFO -  Previous state of the Task instance: running
[2024-10-19T00:05:46.758+0000] {logging_mixin.py:190} INFO - Dag name:example_python_operator queued_at:2024-10-18 23:59:57.327093+00:00
[2024-10-19T00:05:46.761+0000] {logging_mixin.py:190} INFO - Task hostname:bba1a6f01f4d operator:PythonOperator
[2024-10-19T00:05:46.926+0000] {local_task_job_runner.py:266} INFO - Task exited with return code 0
[2024-10-19T00:05:47.020+0000] {taskinstance.py:3900} INFO - 0 downstream tasks scheduled from follow-on schedule check
[2024-10-19T00:05:47.042+0000] {local_task_job_runner.py:245} INFO - ::endgroup::
