[2024-10-19T14:40:23.142+0000] {local_task_job_runner.py:123} INFO - ::group::Pre task execution logs
[2024-10-19T14:40:23.234+0000] {taskinstance.py:2612} INFO - Dependencies all met for dep_context=non-requeueable deps ti=<TaskInstance: tecnica_postgres.Insertar_Data manual__2024-10-19T14:37:05.589850+00:00 [queued]>
[2024-10-19T14:40:23.303+0000] {taskinstance.py:2612} INFO - Dependencies all met for dep_context=requeueable deps ti=<TaskInstance: tecnica_postgres.Insertar_Data manual__2024-10-19T14:37:05.589850+00:00 [queued]>
[2024-10-19T14:40:23.329+0000] {taskinstance.py:2865} INFO - Starting attempt 1 of 1
[2024-10-19T14:40:23.420+0000] {taskinstance.py:2888} INFO - Executing <Task(PostgresFileOperator): Insertar_Data> on 2024-10-19 14:37:05.589850+00:00
[2024-10-19T14:40:23.498+0000] {warnings.py:112} WARNING - /home/***/.local/lib/python3.12/site-packages/***/task/task_runner/standard_task_runner.py:70: DeprecationWarning: This process (pid=246) is multi-threaded, use of fork() may lead to deadlocks in the child.
  pid = os.fork()

[2024-10-19T14:40:23.502+0000] {standard_task_runner.py:72} INFO - Started process 255 to run task
[2024-10-19T14:40:23.503+0000] {standard_task_runner.py:104} INFO - Running: ['***', 'tasks', 'run', 'tecnica_postgres', 'Insertar_Data', 'manual__2024-10-19T14:37:05.589850+00:00', '--job-id', '153', '--raw', '--subdir', 'DAGS_FOLDER/tecnica_postgres.py', '--cfg-path', '/tmp/tmplzedfz6a']
[2024-10-19T14:40:23.507+0000] {standard_task_runner.py:105} INFO - Job 153: Subtask Insertar_Data
[2024-10-19T14:40:23.686+0000] {task_command.py:467} INFO - Running <TaskInstance: tecnica_postgres.Insertar_Data manual__2024-10-19T14:37:05.589850+00:00 [running]> on host 953088fb6bc9
[2024-10-19T14:40:23.940+0000] {taskinstance.py:3131} INFO - Exporting env vars: AIRFLOW_CTX_DAG_OWNER='***' AIRFLOW_CTX_DAG_ID='tecnica_postgres' AIRFLOW_CTX_TASK_ID='Insertar_Data' AIRFLOW_CTX_EXECUTION_DATE='2024-10-19T14:37:05.589850+00:00' AIRFLOW_CTX_TRY_NUMBER='1' AIRFLOW_CTX_DAG_RUN_ID='manual__2024-10-19T14:37:05.589850+00:00'
[2024-10-19T14:40:23.944+0000] {logging_mixin.py:190} INFO - Task instance is in running state
[2024-10-19T14:40:23.949+0000] {logging_mixin.py:190} INFO -  Previous state of the Task instance: queued
[2024-10-19T14:40:23.950+0000] {logging_mixin.py:190} INFO - Current task name:Insertar_Data state:running start_date:2024-10-19 14:40:23.257022+00:00
[2024-10-19T14:40:23.951+0000] {logging_mixin.py:190} INFO - Dag name:tecnica_postgres and current dag run status:running
[2024-10-19T14:40:23.953+0000] {taskinstance.py:731} INFO - ::endgroup::
[2024-10-19T14:40:23.955+0000] {postgres.py:191} INFO - Running copy expert: COPY productos_mercadolibre FROM STDIN, filename: /opt/***/dags/tmp/file.tsv
[2024-10-19T14:40:24.679+0000] {base.py:84} INFO - Retrieving connection 'postgres_localhost'
[2024-10-19T14:40:25.057+0000] {taskinstance.py:340} INFO - ::group::Post task execution logs
[2024-10-19T14:40:25.060+0000] {taskinstance.py:352} INFO - Marking task as SUCCESS. dag_id=tecnica_postgres, task_id=Insertar_Data, run_id=manual__2024-10-19T14:37:05.589850+00:00, execution_date=20241019T143705, start_date=20241019T144023, end_date=20241019T144025
[2024-10-19T14:40:25.103+0000] {logging_mixin.py:190} INFO - Task instance in success state
[2024-10-19T14:40:25.105+0000] {logging_mixin.py:190} INFO -  Previous state of the Task instance: running
[2024-10-19T14:40:25.106+0000] {logging_mixin.py:190} INFO - Dag name:tecnica_postgres queued_at:2024-10-19 14:37:05.940990+00:00
[2024-10-19T14:40:25.108+0000] {logging_mixin.py:190} INFO - Task hostname:953088fb6bc9 operator:PostgresFileOperator
[2024-10-19T14:40:25.177+0000] {local_task_job_runner.py:266} INFO - Task exited with return code 0
[2024-10-19T14:40:25.223+0000] {taskinstance.py:3900} INFO - 1 downstream tasks scheduled from follow-on schedule check
[2024-10-19T14:40:25.227+0000] {local_task_job_runner.py:245} INFO - ::endgroup::
