[2024-10-19T18:32:29.238+0000] {local_task_job_runner.py:123} INFO - ::group::Pre task execution logs
[2024-10-19T18:32:29.262+0000] {taskinstance.py:2612} INFO - Dependencies all met for dep_context=non-requeueable deps ti=<TaskInstance: tecnica_postgres.Insertar_Data manual__2024-10-19T18:32:01.950162+00:00 [queued]>
[2024-10-19T18:32:29.275+0000] {taskinstance.py:2612} INFO - Dependencies all met for dep_context=requeueable deps ti=<TaskInstance: tecnica_postgres.Insertar_Data manual__2024-10-19T18:32:01.950162+00:00 [queued]>
[2024-10-19T18:32:29.276+0000] {taskinstance.py:2865} INFO - Starting attempt 1 of 1
[2024-10-19T18:32:29.294+0000] {taskinstance.py:2888} INFO - Executing <Task(PostgresFileOperator): Insertar_Data> on 2024-10-19 18:32:01.950162+00:00
[2024-10-19T18:32:29.306+0000] {warnings.py:112} WARNING - /home/***/.local/lib/python3.12/site-packages/***/task/task_runner/standard_task_runner.py:70: DeprecationWarning: This process (pid=121) is multi-threaded, use of fork() may lead to deadlocks in the child.
  pid = os.fork()

[2024-10-19T18:32:29.309+0000] {standard_task_runner.py:72} INFO - Started process 123 to run task
[2024-10-19T18:32:29.311+0000] {standard_task_runner.py:104} INFO - Running: ['***', 'tasks', 'run', 'tecnica_postgres', 'Insertar_Data', 'manual__2024-10-19T18:32:01.950162+00:00', '--job-id', '201', '--raw', '--subdir', 'DAGS_FOLDER/tecnica_postgres.py', '--cfg-path', '/tmp/tmpki8mufx9']
[2024-10-19T18:32:29.312+0000] {standard_task_runner.py:105} INFO - Job 201: Subtask Insertar_Data
[2024-10-19T18:32:29.384+0000] {task_command.py:467} INFO - Running <TaskInstance: tecnica_postgres.Insertar_Data manual__2024-10-19T18:32:01.950162+00:00 [running]> on host a25823b34f70
[2024-10-19T18:32:29.505+0000] {taskinstance.py:3131} INFO - Exporting env vars: AIRFLOW_CTX_DAG_OWNER='***' AIRFLOW_CTX_DAG_ID='tecnica_postgres' AIRFLOW_CTX_TASK_ID='Insertar_Data' AIRFLOW_CTX_EXECUTION_DATE='2024-10-19T18:32:01.950162+00:00' AIRFLOW_CTX_TRY_NUMBER='1' AIRFLOW_CTX_DAG_RUN_ID='manual__2024-10-19T18:32:01.950162+00:00'
[2024-10-19T18:32:29.508+0000] {logging_mixin.py:190} INFO - Task instance is in running state
[2024-10-19T18:32:29.513+0000] {logging_mixin.py:190} INFO -  Previous state of the Task instance: queued
[2024-10-19T18:32:29.513+0000] {logging_mixin.py:190} INFO - Current task name:Insertar_Data state:running start_date:2024-10-19 18:32:29.263272+00:00
[2024-10-19T18:32:29.514+0000] {logging_mixin.py:190} INFO - Dag name:tecnica_postgres and current dag run status:running
[2024-10-19T18:32:29.515+0000] {taskinstance.py:731} INFO - ::endgroup::
[2024-10-19T18:32:29.516+0000] {postgres.py:191} INFO - Running copy expert: COPY productos_mercadolibre FROM STDIN, filename: /opt/***/dags/tmp/file.tsv
[2024-10-19T18:32:29.532+0000] {base.py:84} INFO - Retrieving connection 'postgres_localhost'
[2024-10-19T18:32:29.595+0000] {taskinstance.py:340} INFO - ::group::Post task execution logs
[2024-10-19T18:32:29.596+0000] {taskinstance.py:352} INFO - Marking task as SUCCESS. dag_id=tecnica_postgres, task_id=Insertar_Data, run_id=manual__2024-10-19T18:32:01.950162+00:00, execution_date=20241019T183201, start_date=20241019T183229, end_date=20241019T183229
[2024-10-19T18:32:29.609+0000] {logging_mixin.py:190} INFO - Task instance in success state
[2024-10-19T18:32:29.610+0000] {logging_mixin.py:190} INFO -  Previous state of the Task instance: running
[2024-10-19T18:32:29.611+0000] {logging_mixin.py:190} INFO - Dag name:tecnica_postgres queued_at:2024-10-19 18:32:02.409417+00:00
[2024-10-19T18:32:29.611+0000] {logging_mixin.py:190} INFO - Task hostname:a25823b34f70 operator:PostgresFileOperator
[2024-10-19T18:32:29.646+0000] {local_task_job_runner.py:266} INFO - Task exited with return code 0
[2024-10-19T18:32:29.675+0000] {taskinstance.py:3900} INFO - 1 downstream tasks scheduled from follow-on schedule check
[2024-10-19T18:32:29.677+0000] {local_task_job_runner.py:245} INFO - ::endgroup::
