[2024-10-19T12:56:46.103+0000] {local_task_job_runner.py:123} INFO - ::group::Pre task execution logs
[2024-10-19T12:56:46.120+0000] {taskinstance.py:2612} INFO - Dependencies all met for dep_context=non-requeueable deps ti=<TaskInstance: tecnica_postgres.Crear_tabla manual__2024-10-19T12:56:40.064359+00:00 [queued]>
[2024-10-19T12:56:46.127+0000] {taskinstance.py:2612} INFO - Dependencies all met for dep_context=requeueable deps ti=<TaskInstance: tecnica_postgres.Crear_tabla manual__2024-10-19T12:56:40.064359+00:00 [queued]>
[2024-10-19T12:56:46.128+0000] {taskinstance.py:2865} INFO - Starting attempt 1 of 1
[2024-10-19T12:56:46.141+0000] {taskinstance.py:2888} INFO - Executing <Task(PostgresOperator): Crear_tabla> on 2024-10-19 12:56:40.064359+00:00
[2024-10-19T12:56:46.151+0000] {warnings.py:112} WARNING - /home/***/.local/lib/python3.12/site-packages/***/task/task_runner/standard_task_runner.py:70: DeprecationWarning: This process (pid=310) is multi-threaded, use of fork() may lead to deadlocks in the child.
  pid = os.fork()

[2024-10-19T12:56:46.152+0000] {standard_task_runner.py:72} INFO - Started process 312 to run task
[2024-10-19T12:56:46.152+0000] {standard_task_runner.py:104} INFO - Running: ['***', 'tasks', 'run', 'tecnica_postgres', 'Crear_tabla', 'manual__2024-10-19T12:56:40.064359+00:00', '--job-id', '117', '--raw', '--subdir', 'DAGS_FOLDER/tecnica_postgres.py', '--cfg-path', '/tmp/tmpzx3rr4f2']
[2024-10-19T12:56:46.154+0000] {standard_task_runner.py:105} INFO - Job 117: Subtask Crear_tabla
[2024-10-19T12:56:46.197+0000] {task_command.py:467} INFO - Running <TaskInstance: tecnica_postgres.Crear_tabla manual__2024-10-19T12:56:40.064359+00:00 [running]> on host 6aed6f1a07ad
[2024-10-19T12:56:46.287+0000] {taskinstance.py:3131} INFO - Exporting env vars: AIRFLOW_CTX_DAG_OWNER='***' AIRFLOW_CTX_DAG_ID='tecnica_postgres' AIRFLOW_CTX_TASK_ID='Crear_tabla' AIRFLOW_CTX_EXECUTION_DATE='2024-10-19T12:56:40.064359+00:00' AIRFLOW_CTX_TRY_NUMBER='1' AIRFLOW_CTX_DAG_RUN_ID='manual__2024-10-19T12:56:40.064359+00:00'
[2024-10-19T12:56:46.289+0000] {logging_mixin.py:190} INFO - Task instance is in running state
[2024-10-19T12:56:46.289+0000] {logging_mixin.py:190} INFO -  Previous state of the Task instance: queued
[2024-10-19T12:56:46.290+0000] {logging_mixin.py:190} INFO - Current task name:Crear_tabla state:running start_date:2024-10-19 12:56:46.121105+00:00
[2024-10-19T12:56:46.291+0000] {logging_mixin.py:190} INFO - Dag name:tecnica_postgres and current dag run status:running
[2024-10-19T12:56:46.291+0000] {taskinstance.py:731} INFO - ::endgroup::
[2024-10-19T12:56:46.292+0000] {sql.py:266} INFO - Executing: CREATE TABLE IF NOT EXISTS productos_mercadolibre (
            
            id varchar(500),
            site_id varchar(500),
            title varchar (500),
            price varchar(500),
            sold_quantity varchar(200),
            thumbnail varchar(500)
            
            )
[2024-10-19T12:56:46.302+0000] {base.py:84} INFO - Retrieving connection 'postgres_localhost'
[2024-10-19T12:56:46.310+0000] {base.py:84} INFO - Retrieving connection 'postgres_localhost'
[2024-10-19T12:56:46.355+0000] {sql.py:509} INFO - Running statement: CREATE TABLE IF NOT EXISTS productos_mercadolibre (
            
            id varchar(500),
            site_id varchar(500),
            title varchar (500),
            price varchar(500),
            sold_quantity varchar(200),
            thumbnail varchar(500)
            
            ), parameters: None
[2024-10-19T12:56:46.385+0000] {taskinstance.py:340} INFO - ::group::Post task execution logs
[2024-10-19T12:56:46.386+0000] {taskinstance.py:352} INFO - Marking task as SUCCESS. dag_id=tecnica_postgres, task_id=Crear_tabla, run_id=manual__2024-10-19T12:56:40.064359+00:00, execution_date=20241019T125640, start_date=20241019T125646, end_date=20241019T125646
[2024-10-19T12:56:46.396+0000] {logging_mixin.py:190} INFO - Task instance in success state
[2024-10-19T12:56:46.397+0000] {logging_mixin.py:190} INFO -  Previous state of the Task instance: running
[2024-10-19T12:56:46.397+0000] {logging_mixin.py:190} INFO - Dag name:tecnica_postgres queued_at:2024-10-19 12:56:40.237750+00:00
[2024-10-19T12:56:46.398+0000] {logging_mixin.py:190} INFO - Task hostname:6aed6f1a07ad operator:PostgresOperator
[2024-10-19T12:56:46.408+0000] {local_task_job_runner.py:266} INFO - Task exited with return code 0
[2024-10-19T12:56:46.420+0000] {warnings.py:112} WARNING - /home/***/.local/lib/python3.12/site-packages/***/models/baseoperator.py:1378: AirflowProviderDeprecationWarning: Call to deprecated class PostgresOperator. (Please use `***.providers.common.sql.operators.sql.SQLExecuteQueryOperator`.Also, you can provide `hook_params={'schema': <database>}`.)
  result = cls.__new__(cls)

[2024-10-19T12:56:46.433+0000] {taskinstance.py:3900} INFO - 0 downstream tasks scheduled from follow-on schedule check
[2024-10-19T12:56:46.436+0000] {local_task_job_runner.py:245} INFO - ::endgroup::
