[2024-10-19T13:12:54.668+0000] {local_task_job_runner.py:123} INFO - ::group::Pre task execution logs
[2024-10-19T13:12:54.797+0000] {taskinstance.py:2612} INFO - Dependencies all met for dep_context=non-requeueable deps ti=<TaskInstance: tecnica_postgres.Crear_tabla manual__2024-10-19T13:12:06.499940+00:00 [queued]>
[2024-10-19T13:12:54.828+0000] {taskinstance.py:2612} INFO - Dependencies all met for dep_context=requeueable deps ti=<TaskInstance: tecnica_postgres.Crear_tabla manual__2024-10-19T13:12:06.499940+00:00 [queued]>
[2024-10-19T13:12:54.830+0000] {taskinstance.py:2865} INFO - Starting attempt 1 of 1
[2024-10-19T13:12:54.897+0000] {taskinstance.py:2888} INFO - Executing <Task(PostgresOperator): Crear_tabla> on 2024-10-19 13:12:06.499940+00:00
[2024-10-19T13:12:54.961+0000] {warnings.py:112} WARNING - /home/***/.local/lib/python3.12/site-packages/***/task/task_runner/standard_task_runner.py:70: DeprecationWarning: This process (pid=547) is multi-threaded, use of fork() may lead to deadlocks in the child.
  pid = os.fork()

[2024-10-19T13:12:54.967+0000] {standard_task_runner.py:72} INFO - Started process 556 to run task
[2024-10-19T13:12:54.974+0000] {standard_task_runner.py:104} INFO - Running: ['***', 'tasks', 'run', 'tecnica_postgres', 'Crear_tabla', 'manual__2024-10-19T13:12:06.499940+00:00', '--job-id', '129', '--raw', '--subdir', 'DAGS_FOLDER/tecnica_postgres.py', '--cfg-path', '/tmp/tmpfc069xj4']
[2024-10-19T13:12:54.987+0000] {standard_task_runner.py:105} INFO - Job 129: Subtask Crear_tabla
[2024-10-19T13:12:55.535+0000] {task_command.py:467} INFO - Running <TaskInstance: tecnica_postgres.Crear_tabla manual__2024-10-19T13:12:06.499940+00:00 [running]> on host 6aed6f1a07ad
[2024-10-19T13:12:55.879+0000] {taskinstance.py:3131} INFO - Exporting env vars: AIRFLOW_CTX_DAG_OWNER='***' AIRFLOW_CTX_DAG_ID='tecnica_postgres' AIRFLOW_CTX_TASK_ID='Crear_tabla' AIRFLOW_CTX_EXECUTION_DATE='2024-10-19T13:12:06.499940+00:00' AIRFLOW_CTX_TRY_NUMBER='1' AIRFLOW_CTX_DAG_RUN_ID='manual__2024-10-19T13:12:06.499940+00:00'
[2024-10-19T13:12:55.885+0000] {logging_mixin.py:190} INFO - Task instance is in running state
[2024-10-19T13:12:55.887+0000] {logging_mixin.py:190} INFO -  Previous state of the Task instance: queued
[2024-10-19T13:12:55.888+0000] {logging_mixin.py:190} INFO - Current task name:Crear_tabla state:running start_date:2024-10-19 13:12:54.798961+00:00
[2024-10-19T13:12:55.889+0000] {logging_mixin.py:190} INFO - Dag name:tecnica_postgres and current dag run status:running
[2024-10-19T13:12:55.892+0000] {taskinstance.py:731} INFO - ::endgroup::
[2024-10-19T13:12:55.893+0000] {sql.py:266} INFO - Executing: CREATE TABLE IF NOT EXISTS productos_mercadolibre (
            
            id varchar(500),
            site_id varchar(500),
            title varchar (500),
            price varchar(500),
            sold_quantity varchar(200),
            thumbnail varchar(500),
            DATE varchar(100)
            
            )
[2024-10-19T13:12:55.974+0000] {base.py:84} INFO - Retrieving connection 'postgres_localhost'
[2024-10-19T13:12:56.002+0000] {base.py:84} INFO - Retrieving connection 'postgres_localhost'
[2024-10-19T13:12:57.536+0000] {sql.py:509} INFO - Running statement: CREATE TABLE IF NOT EXISTS productos_mercadolibre (
            
            id varchar(500),
            site_id varchar(500),
            title varchar (500),
            price varchar(500),
            sold_quantity varchar(200),
            thumbnail varchar(500),
            DATE varchar(100)
            
            ), parameters: None
[2024-10-19T13:13:02.554+0000] {taskinstance.py:340} INFO - ::group::Post task execution logs
[2024-10-19T13:13:02.567+0000] {taskinstance.py:352} INFO - Marking task as SUCCESS. dag_id=tecnica_postgres, task_id=Crear_tabla, run_id=manual__2024-10-19T13:12:06.499940+00:00, execution_date=20241019T131206, start_date=20241019T131254, end_date=20241019T131302
[2024-10-19T13:13:02.593+0000] {logging_mixin.py:190} INFO - Task instance in success state
[2024-10-19T13:13:02.594+0000] {logging_mixin.py:190} INFO -  Previous state of the Task instance: running
[2024-10-19T13:13:02.596+0000] {logging_mixin.py:190} INFO - Dag name:tecnica_postgres queued_at:2024-10-19 13:12:06.525614+00:00
[2024-10-19T13:13:02.596+0000] {logging_mixin.py:190} INFO - Task hostname:6aed6f1a07ad operator:PostgresOperator
[2024-10-19T13:13:03.892+0000] {local_task_job_runner.py:266} INFO - Task exited with return code 0
[2024-10-19T13:13:03.920+0000] {warnings.py:112} WARNING - /home/***/.local/lib/python3.12/site-packages/***/models/baseoperator.py:1378: AirflowProviderDeprecationWarning: Call to deprecated class PostgresOperator. (Please use `***.providers.common.sql.operators.sql.SQLExecuteQueryOperator`.Also, you can provide `hook_params={'schema': <database>}`.)
  result = cls.__new__(cls)

[2024-10-19T13:13:03.958+0000] {taskinstance.py:3900} INFO - 1 downstream tasks scheduled from follow-on schedule check
[2024-10-19T13:13:03.963+0000] {local_task_job_runner.py:245} INFO - ::endgroup::
