[2024-10-19T02:12:40.772+0000] {local_task_job_runner.py:123} INFO - ::group::Pre task execution logs
[2024-10-19T02:12:40.878+0000] {taskinstance.py:2612} INFO - Dependencies all met for dep_context=non-requeueable deps ti=<TaskInstance: tecnica_postgres.Crear_tabla manual__2024-10-19T02:10:15.425368+00:00 [queued]>
[2024-10-19T02:12:40.913+0000] {taskinstance.py:2612} INFO - Dependencies all met for dep_context=requeueable deps ti=<TaskInstance: tecnica_postgres.Crear_tabla manual__2024-10-19T02:10:15.425368+00:00 [queued]>
[2024-10-19T02:12:40.915+0000] {taskinstance.py:2865} INFO - Starting attempt 1 of 1
[2024-10-19T02:12:40.974+0000] {taskinstance.py:2888} INFO - Executing <Task(PostgresOperator): Crear_tabla> on 2024-10-19 02:10:15.425368+00:00
[2024-10-19T02:12:41.092+0000] {standard_task_runner.py:104} INFO - Running: ['***', 'tasks', 'run', 'tecnica_postgres', 'Crear_tabla', 'manual__2024-10-19T02:10:15.425368+00:00', '--job-id', '84', '--raw', '--subdir', 'DAGS_FOLDER/tecnica_postgres.py', '--cfg-path', '/tmp/tmpjmrb1d9e']
[2024-10-19T02:12:41.085+0000] {warnings.py:112} WARNING - /home/***/.local/lib/python3.12/site-packages/***/task/task_runner/standard_task_runner.py:70: DeprecationWarning: This process (pid=595) is multi-threaded, use of fork() may lead to deadlocks in the child.
  pid = os.fork()

[2024-10-19T02:12:41.113+0000] {standard_task_runner.py:105} INFO - Job 84: Subtask Crear_tabla
[2024-10-19T02:12:41.114+0000] {standard_task_runner.py:72} INFO - Started process 597 to run task
[2024-10-19T02:12:41.734+0000] {task_command.py:467} INFO - Running <TaskInstance: tecnica_postgres.Crear_tabla manual__2024-10-19T02:10:15.425368+00:00 [running]> on host 18a8f5deaf88
[2024-10-19T02:12:42.500+0000] {taskinstance.py:3131} INFO - Exporting env vars: AIRFLOW_CTX_DAG_OWNER='***' AIRFLOW_CTX_DAG_ID='tecnica_postgres' AIRFLOW_CTX_TASK_ID='Crear_tabla' AIRFLOW_CTX_EXECUTION_DATE='2024-10-19T02:10:15.425368+00:00' AIRFLOW_CTX_TRY_NUMBER='1' AIRFLOW_CTX_DAG_RUN_ID='manual__2024-10-19T02:10:15.425368+00:00'
[2024-10-19T02:12:42.509+0000] {logging_mixin.py:190} INFO - Task instance is in running state
[2024-10-19T02:12:42.512+0000] {logging_mixin.py:190} INFO -  Previous state of the Task instance: queued
[2024-10-19T02:12:42.517+0000] {logging_mixin.py:190} INFO - Current task name:Crear_tabla state:running start_date:2024-10-19 02:12:40.879516+00:00
[2024-10-19T02:12:42.518+0000] {logging_mixin.py:190} INFO - Dag name:tecnica_postgres and current dag run status:running
[2024-10-19T02:12:42.524+0000] {taskinstance.py:731} INFO - ::endgroup::
[2024-10-19T02:12:42.529+0000] {sql.py:266} INFO - Executing: CREATE TABLE IF NOT EXISTS productos_mercadolibre (
            
            id varchar(30),
            site_id varchar(30),
            title varchar (50),
            price varchar(10)
            
            
            )
[2024-10-19T02:12:42.852+0000] {base.py:84} INFO - Retrieving connection 'postgres_localhost'
[2024-10-19T02:12:43.104+0000] {base.py:84} INFO - Retrieving connection 'postgres_localhost'
[2024-10-19T02:12:45.828+0000] {sql.py:509} INFO - Running statement: CREATE TABLE IF NOT EXISTS productos_mercadolibre (
            
            id varchar(30),
            site_id varchar(30),
            title varchar (50),
            price varchar(10)
            
            
            ), parameters: None
[2024-10-19T02:12:46.754+0000] {taskinstance.py:340} INFO - ::group::Post task execution logs
[2024-10-19T02:12:46.757+0000] {taskinstance.py:352} INFO - Marking task as SUCCESS. dag_id=tecnica_postgres, task_id=Crear_tabla, run_id=manual__2024-10-19T02:10:15.425368+00:00, execution_date=20241019T021015, start_date=20241019T021240, end_date=20241019T021246
[2024-10-19T02:12:46.822+0000] {logging_mixin.py:190} INFO - Task instance in success state
[2024-10-19T02:12:46.824+0000] {logging_mixin.py:190} INFO -  Previous state of the Task instance: running
[2024-10-19T02:12:46.830+0000] {logging_mixin.py:190} INFO - Dag name:tecnica_postgres queued_at:2024-10-19 02:10:16.473198+00:00
[2024-10-19T02:12:46.832+0000] {logging_mixin.py:190} INFO - Task hostname:18a8f5deaf88 operator:PostgresOperator
[2024-10-19T02:12:47.151+0000] {local_task_job_runner.py:266} INFO - Task exited with return code 0
[2024-10-19T02:12:47.322+0000] {taskinstance.py:3900} INFO - 0 downstream tasks scheduled from follow-on schedule check
[2024-10-19T02:12:47.335+0000] {local_task_job_runner.py:245} INFO - ::endgroup::
