[2024-10-19T13:03:18.016+0000] {local_task_job_runner.py:123} INFO - ::group::Pre task execution logs
[2024-10-19T13:03:18.039+0000] {taskinstance.py:2612} INFO - Dependencies all met for dep_context=non-requeueable deps ti=<TaskInstance: tecnica_postgres.Crear_tabla manual__2024-10-19T13:03:14.420755+00:00 [queued]>
[2024-10-19T13:03:18.049+0000] {taskinstance.py:2612} INFO - Dependencies all met for dep_context=requeueable deps ti=<TaskInstance: tecnica_postgres.Crear_tabla manual__2024-10-19T13:03:14.420755+00:00 [queued]>
[2024-10-19T13:03:18.049+0000] {taskinstance.py:2865} INFO - Starting attempt 1 of 1
[2024-10-19T13:03:18.066+0000] {taskinstance.py:2888} INFO - Executing <Task(PostgresOperator): Crear_tabla> on 2024-10-19 13:03:14.420755+00:00
[2024-10-19T13:03:18.076+0000] {warnings.py:112} WARNING - /home/***/.local/lib/python3.12/site-packages/***/task/task_runner/standard_task_runner.py:70: DeprecationWarning: This process (pid=429) is multi-threaded, use of fork() may lead to deadlocks in the child.
  pid = os.fork()

[2024-10-19T13:03:18.078+0000] {standard_task_runner.py:72} INFO - Started process 431 to run task
[2024-10-19T13:03:18.078+0000] {standard_task_runner.py:104} INFO - Running: ['***', 'tasks', 'run', 'tecnica_postgres', 'Crear_tabla', 'manual__2024-10-19T13:03:14.420755+00:00', '--job-id', '126', '--raw', '--subdir', 'DAGS_FOLDER/tecnica_postgres.py', '--cfg-path', '/tmp/tmpnapp01e_']
[2024-10-19T13:03:18.080+0000] {standard_task_runner.py:105} INFO - Job 126: Subtask Crear_tabla
[2024-10-19T13:03:18.133+0000] {task_command.py:467} INFO - Running <TaskInstance: tecnica_postgres.Crear_tabla manual__2024-10-19T13:03:14.420755+00:00 [running]> on host 6aed6f1a07ad
[2024-10-19T13:03:18.269+0000] {taskinstance.py:3131} INFO - Exporting env vars: AIRFLOW_CTX_DAG_OWNER='***' AIRFLOW_CTX_DAG_ID='tecnica_postgres' AIRFLOW_CTX_TASK_ID='Crear_tabla' AIRFLOW_CTX_EXECUTION_DATE='2024-10-19T13:03:14.420755+00:00' AIRFLOW_CTX_TRY_NUMBER='1' AIRFLOW_CTX_DAG_RUN_ID='manual__2024-10-19T13:03:14.420755+00:00'
[2024-10-19T13:03:18.270+0000] {logging_mixin.py:190} INFO - Task instance is in running state
[2024-10-19T13:03:18.271+0000] {logging_mixin.py:190} INFO -  Previous state of the Task instance: queued
[2024-10-19T13:03:18.271+0000] {logging_mixin.py:190} INFO - Current task name:Crear_tabla state:running start_date:2024-10-19 13:03:18.040183+00:00
[2024-10-19T13:03:18.272+0000] {logging_mixin.py:190} INFO - Dag name:tecnica_postgres and current dag run status:running
[2024-10-19T13:03:18.272+0000] {taskinstance.py:731} INFO - ::endgroup::
[2024-10-19T13:03:18.273+0000] {sql.py:266} INFO - Executing: CREATE TABLE IF NOT EXISTS productos_mercadolibre (
            
            id varchar(500),
            site_id varchar(500),
            title varchar (500),
            price varchar(500),
            sold_quantity varchar(200),
            thumbnail varchar(500),
            DATE varchar(100)
            
            )
[2024-10-19T13:03:18.283+0000] {base.py:84} INFO - Retrieving connection 'postgres_localhost'
[2024-10-19T13:03:18.293+0000] {base.py:84} INFO - Retrieving connection 'postgres_localhost'
[2024-10-19T13:03:18.413+0000] {sql.py:509} INFO - Running statement: CREATE TABLE IF NOT EXISTS productos_mercadolibre (
            
            id varchar(500),
            site_id varchar(500),
            title varchar (500),
            price varchar(500),
            sold_quantity varchar(200),
            thumbnail varchar(500),
            DATE varchar(100)
            
            ), parameters: None
[2024-10-19T13:03:18.452+0000] {taskinstance.py:340} INFO - ::group::Post task execution logs
[2024-10-19T13:03:18.453+0000] {taskinstance.py:352} INFO - Marking task as SUCCESS. dag_id=tecnica_postgres, task_id=Crear_tabla, run_id=manual__2024-10-19T13:03:14.420755+00:00, execution_date=20241019T130314, start_date=20241019T130318, end_date=20241019T130318
[2024-10-19T13:03:18.461+0000] {logging_mixin.py:190} INFO - Task instance in success state
[2024-10-19T13:03:18.461+0000] {logging_mixin.py:190} INFO -  Previous state of the Task instance: running
[2024-10-19T13:03:18.462+0000] {logging_mixin.py:190} INFO - Dag name:tecnica_postgres queued_at:2024-10-19 13:03:14.459679+00:00
[2024-10-19T13:03:18.462+0000] {logging_mixin.py:190} INFO - Task hostname:6aed6f1a07ad operator:PostgresOperator
[2024-10-19T13:03:18.495+0000] {local_task_job_runner.py:266} INFO - Task exited with return code 0
[2024-10-19T13:03:18.514+0000] {warnings.py:112} WARNING - /home/***/.local/lib/python3.12/site-packages/***/models/baseoperator.py:1378: AirflowProviderDeprecationWarning: Call to deprecated class PostgresOperator. (Please use `***.providers.common.sql.operators.sql.SQLExecuteQueryOperator`.Also, you can provide `hook_params={'schema': <database>}`.)
  result = cls.__new__(cls)

[2024-10-19T13:03:18.536+0000] {taskinstance.py:3900} INFO - 1 downstream tasks scheduled from follow-on schedule check
[2024-10-19T13:03:18.539+0000] {local_task_job_runner.py:245} INFO - ::endgroup::
