[2024-10-19T00:14:50.310+0000] {local_task_job_runner.py:123} INFO - ::group::Pre task execution logs
[2024-10-19T00:14:50.360+0000] {taskinstance.py:2612} INFO - Dependencies all met for dep_context=non-requeueable deps ti=<TaskInstance: my_first_dag.saludando manual__2024-10-19T00:14:14.171074+00:00 [queued]>
[2024-10-19T00:14:50.382+0000] {taskinstance.py:2612} INFO - Dependencies all met for dep_context=requeueable deps ti=<TaskInstance: my_first_dag.saludando manual__2024-10-19T00:14:14.171074+00:00 [queued]>
[2024-10-19T00:14:50.384+0000] {taskinstance.py:2865} INFO - Starting attempt 1 of 1
[2024-10-19T00:14:50.430+0000] {taskinstance.py:2888} INFO - Executing <Task(BashOperator): saludando> on 2024-10-19 00:14:14.171074+00:00
[2024-10-19T00:14:50.478+0000] {warnings.py:112} WARNING - /home/***/.local/lib/python3.12/site-packages/***/task/task_runner/standard_task_runner.py:70: DeprecationWarning: This process (pid=536) is multi-threaded, use of fork() may lead to deadlocks in the child.
  pid = os.fork()

[2024-10-19T00:14:50.483+0000] {standard_task_runner.py:72} INFO - Started process 546 to run task
[2024-10-19T00:14:50.482+0000] {standard_task_runner.py:104} INFO - Running: ['***', 'tasks', 'run', 'my_first_dag', 'saludando', 'manual__2024-10-19T00:14:14.171074+00:00', '--job-id', '44', '--raw', '--subdir', 'DAGS_FOLDER/my_first_dag.py', '--cfg-path', '/tmp/tmpr2akdpf6']
[2024-10-19T00:14:50.486+0000] {standard_task_runner.py:105} INFO - Job 44: Subtask saludando
[2024-10-19T00:14:50.654+0000] {task_command.py:467} INFO - Running <TaskInstance: my_first_dag.saludando manual__2024-10-19T00:14:14.171074+00:00 [running]> on host bba1a6f01f4d
[2024-10-19T00:14:50.945+0000] {taskinstance.py:3131} INFO - Exporting env vars: AIRFLOW_CTX_DAG_OWNER='***' AIRFLOW_CTX_DAG_ID='my_first_dag' AIRFLOW_CTX_TASK_ID='saludando' AIRFLOW_CTX_EXECUTION_DATE='2024-10-19T00:14:14.171074+00:00' AIRFLOW_CTX_TRY_NUMBER='1' AIRFLOW_CTX_DAG_RUN_ID='manual__2024-10-19T00:14:14.171074+00:00'
[2024-10-19T00:14:50.948+0000] {logging_mixin.py:190} INFO - Task instance is in running state
[2024-10-19T00:14:50.950+0000] {logging_mixin.py:190} INFO -  Previous state of the Task instance: queued
[2024-10-19T00:14:50.951+0000] {logging_mixin.py:190} INFO - Current task name:saludando state:running start_date:2024-10-19 00:14:50.361284+00:00
[2024-10-19T00:14:50.952+0000] {logging_mixin.py:190} INFO - Dag name:my_first_dag and current dag run status:running
[2024-10-19T00:14:50.953+0000] {taskinstance.py:731} INFO - ::endgroup::
[2024-10-19T00:14:50.969+0000] {subprocess.py:63} INFO - Tmp dir root location: /tmp
[2024-10-19T00:14:50.977+0000] {subprocess.py:75} INFO - Running command: ['/usr/bin/bash', '-c', "echo 'hola mundo'"]
[2024-10-19T00:14:51.071+0000] {subprocess.py:86} INFO - Output:
[2024-10-19T00:14:51.126+0000] {subprocess.py:93} INFO - hola mundo
[2024-10-19T00:14:51.134+0000] {subprocess.py:97} INFO - Command exited with return code 0
[2024-10-19T00:14:51.234+0000] {taskinstance.py:340} INFO - ::group::Post task execution logs
[2024-10-19T00:14:51.238+0000] {taskinstance.py:352} INFO - Marking task as SUCCESS. dag_id=my_first_dag, task_id=saludando, run_id=manual__2024-10-19T00:14:14.171074+00:00, execution_date=20241019T001414, start_date=20241019T001450, end_date=20241019T001451
[2024-10-19T00:14:51.309+0000] {logging_mixin.py:190} INFO - Task instance in success state
[2024-10-19T00:14:51.311+0000] {logging_mixin.py:190} INFO -  Previous state of the Task instance: running
[2024-10-19T00:14:51.317+0000] {logging_mixin.py:190} INFO - Dag name:my_first_dag queued_at:2024-10-19 00:14:14.511340+00:00
[2024-10-19T00:14:51.328+0000] {logging_mixin.py:190} INFO - Task hostname:bba1a6f01f4d operator:BashOperator
[2024-10-19T00:14:51.416+0000] {local_task_job_runner.py:266} INFO - Task exited with return code 0
[2024-10-19T00:14:51.475+0000] {taskinstance.py:3900} INFO - 0 downstream tasks scheduled from follow-on schedule check
[2024-10-19T00:14:51.479+0000] {local_task_job_runner.py:245} INFO - ::endgroup::
