[2024-10-19T00:01:41.810+0000] {local_task_job_runner.py:123} INFO - ::group::Pre task execution logs
[2024-10-19T00:01:41.939+0000] {taskinstance.py:2612} INFO - Dependencies all met for dep_context=non-requeueable deps ti=<TaskInstance: example_python_operator.print_the_context manual__2024-10-18T23:59:57.208019+00:00 [queued]>
[2024-10-19T00:01:41.985+0000] {taskinstance.py:2612} INFO - Dependencies all met for dep_context=requeueable deps ti=<TaskInstance: example_python_operator.print_the_context manual__2024-10-18T23:59:57.208019+00:00 [queued]>
[2024-10-19T00:01:41.988+0000] {taskinstance.py:2865} INFO - Starting attempt 1 of 1
[2024-10-19T00:01:42.105+0000] {taskinstance.py:2888} INFO - Executing <Task(PythonOperator): print_the_context> on 2024-10-18 23:59:57.208019+00:00
[2024-10-19T00:01:42.168+0000] {standard_task_runner.py:104} INFO - Running: ['***', 'tasks', 'run', 'example_python_operator', 'print_the_context', 'manual__2024-10-18T23:59:57.208019+00:00', '--job-id', '37', '--raw', '--subdir', '/home/***/.local/lib/python3.12/site-packages/***/example_dags/example_python_operator.py', '--cfg-path', '/tmp/tmps4on13ox']
[2024-10-19T00:01:42.180+0000] {standard_task_runner.py:105} INFO - Job 37: Subtask print_the_context
[2024-10-19T00:01:42.187+0000] {warnings.py:112} WARNING - /home/***/.local/lib/python3.12/site-packages/***/task/task_runner/standard_task_runner.py:70: DeprecationWarning: This process (pid=391) is multi-threaded, use of fork() may lead to deadlocks in the child.
  pid = os.fork()

[2024-10-19T00:01:42.198+0000] {standard_task_runner.py:72} INFO - Started process 400 to run task
[2024-10-19T00:01:42.476+0000] {task_command.py:467} INFO - Running <TaskInstance: example_python_operator.print_the_context manual__2024-10-18T23:59:57.208019+00:00 [running]> on host bba1a6f01f4d
[2024-10-19T00:01:42.828+0000] {taskinstance.py:3131} INFO - Exporting env vars: AIRFLOW_CTX_DAG_OWNER='***' AIRFLOW_CTX_DAG_ID='example_python_operator' AIRFLOW_CTX_TASK_ID='print_the_context' AIRFLOW_CTX_EXECUTION_DATE='2024-10-18T23:59:57.208019+00:00' AIRFLOW_CTX_TRY_NUMBER='1' AIRFLOW_CTX_DAG_RUN_ID='manual__2024-10-18T23:59:57.208019+00:00'
[2024-10-19T00:01:42.836+0000] {logging_mixin.py:190} INFO - Task instance is in running state
[2024-10-19T00:01:42.840+0000] {logging_mixin.py:190} INFO -  Previous state of the Task instance: queued
[2024-10-19T00:01:42.842+0000] {logging_mixin.py:190} INFO - Current task name:print_the_context state:running start_date:2024-10-19 00:01:41.942794+00:00
[2024-10-19T00:01:42.846+0000] {logging_mixin.py:190} INFO - Dag name:example_python_operator and current dag run status:running
[2024-10-19T00:01:42.848+0000] {taskinstance.py:731} INFO - ::endgroup::
[2024-10-19T00:01:42.851+0000] {logging_mixin.py:190} INFO - ::group::All kwargs
[2024-10-19T00:01:42.913+0000] {logging_mixin.py:190} INFO - {'conf': <***.configuration.AirflowConfigParser object at 0x7f52da065220>,
 'conn': None,
 'dag': <DAG: example_python_operator>,
 'dag_run': <DagRun example_python_operator @ 2024-10-18 23:59:57.208019+00:00: manual__2024-10-18T23:59:57.208019+00:00, state:running, queued_at: 2024-10-18 23:59:57.327093+00:00. externally triggered: True>,
 'data_interval_end': DateTime(2024, 10, 18, 23, 59, 57, 208019, tzinfo=Timezone('UTC')),
 'data_interval_start': DateTime(2024, 10, 18, 23, 59, 57, 208019, tzinfo=Timezone('UTC')),
 'ds_nodash': '20241018',
 'execution_date': <Proxy at 0x7f52b3d5f880 with factory functools.partial(<function lazy_mapping_from_context.<locals>._deprecated_proxy_factory at 0x7f52b3d840e0>, 'execution_date', DateTime(2024, 10, 18, 23, 59, 57, 208019, tzinfo=Timezone('UTC')))>,
 'expanded_ti_count': None,
 'inlet_events': InletEventsAccessors(_inlets=[], _datasets={}, _dataset_aliases={}, _session=<sqlalchemy.orm.session.Session object at 0x7f52da0ac950>),
 'inlets': [],
 'logical_date': DateTime(2024, 10, 18, 23, 59, 57, 208019, tzinfo=Timezone('UTC')),
 'macros': <module '***.macros' from '/home/***/.local/lib/python3.12/site-packages/***/macros/__init__.py'>,
 'map_index_template': None,
 'next_ds': <Proxy at 0x7f52b3ee3440 with factory functools.partial(<function lazy_mapping_from_context.<locals>._deprecated_proxy_factory at 0x7f52b3d840e0>, 'next_ds', '2024-10-18')>,
 'next_ds_nodash': <Proxy at 0x7f52b3d435c0 with factory functools.partial(<function lazy_mapping_from_context.<locals>._deprecated_proxy_factory at 0x7f52b3d840e0>, 'next_ds_nodash', '20241018')>,
 'next_execution_date': <Proxy at 0x7f52b3de6a40 with factory functools.partial(<function lazy_mapping_from_context.<locals>._deprecated_proxy_factory at 0x7f52b3d840e0>, 'next_execution_date', DateTime(2024, 10, 18, 23, 59, 57, 208019, tzinfo=Timezone('UTC')))>,
 'outlet_events': <***.utils.context.OutletEventAccessors object at 0x7f52b3d3f6b0>,
 'outlets': [],
 'params': {},
 'prev_data_interval_end_success': None,
 'prev_data_interval_start_success': None,
 'prev_ds': <Proxy at 0x7f52b3d23f80 with factory functools.partial(<function lazy_mapping_from_context.<locals>._deprecated_proxy_factory at 0x7f52b3d840e0>, 'prev_ds', '2024-10-18')>,
 'prev_ds_nodash': <Proxy at 0x7f52b3d5a1c0 with factory functools.partial(<function lazy_mapping_from_context.<locals>._deprecated_proxy_factory at 0x7f52b3d840e0>, 'prev_ds_nodash', '20241018')>,
 'prev_end_date_success': None,
 'prev_execution_date': <Proxy at 0x7f52b3d5a8c0 with factory functools.partial(<function lazy_mapping_from_context.<locals>._deprecated_proxy_factory at 0x7f52b3d840e0>, 'prev_execution_date', DateTime(2024, 10, 18, 23, 59, 57, 208019, tzinfo=Timezone('UTC')))>,
 'prev_execution_date_success': <Proxy at 0x7f52b3d5a0c0 with factory functools.partial(<function lazy_mapping_from_context.<locals>._deprecated_proxy_factory at 0x7f52b3d840e0>, 'prev_execution_date_success', None)>,
 'prev_start_date_success': None,
 'run_id': 'manual__2024-10-18T23:59:57.208019+00:00',
 'task': <Task(PythonOperator): print_the_context>,
 'task_instance': <TaskInstance: example_python_operator.print_the_context manual__2024-10-18T23:59:57.208019+00:00 [running]>,
 'task_instance_key_str': 'example_python_operator__print_the_context__20241018',
 'templates_dict': None,
 'test_mode': False,
 'ti': <TaskInstance: example_python_operator.print_the_context manual__2024-10-18T23:59:57.208019+00:00 [running]>,
 'tomorrow_ds': <Proxy at 0x7f52b3deecc0 with factory functools.partial(<function lazy_mapping_from_context.<locals>._deprecated_proxy_factory at 0x7f52b3d840e0>, 'tomorrow_ds', '2024-10-19')>,
 'tomorrow_ds_nodash': <Proxy at 0x7f52b3deed00 with factory functools.partial(<function lazy_mapping_from_context.<locals>._deprecated_proxy_factory at 0x7f52b3d840e0>, 'tomorrow_ds_nodash', '20241019')>,
 'triggering_dataset_events': <Proxy at 0x7f52b3d8de80 with factory <function _get_template_context.<locals>.get_triggering_events at 0x7f52b3d27ba0>>,
 'ts': '2024-10-18T23:59:57.208019+00:00',
 'ts_nodash': '20241018T235957',
 'ts_nodash_with_tz': '20241018T235957.208019+0000',
 'var': {'json': None, 'value': None},
 'yesterday_ds': <Proxy at 0x7f52b3deed40 with factory functools.partial(<function lazy_mapping_from_context.<locals>._deprecated_proxy_factory at 0x7f52b3d840e0>, 'yesterday_ds', '2024-10-17')>,
 'yesterday_ds_nodash': <Proxy at 0x7f52b3deed80 with factory functools.partial(<function lazy_mapping_from_context.<locals>._deprecated_proxy_factory at 0x7f52b3d840e0>, 'yesterday_ds_nodash', '20241017')>}
[2024-10-19T00:01:42.916+0000] {logging_mixin.py:190} INFO - ::endgroup::
[2024-10-19T00:01:42.918+0000] {logging_mixin.py:190} INFO - ::group::Context variable ds
[2024-10-19T00:01:42.919+0000] {logging_mixin.py:190} INFO - 2024-10-18
[2024-10-19T00:01:42.921+0000] {logging_mixin.py:190} INFO - ::endgroup::
[2024-10-19T00:01:42.925+0000] {python.py:240} INFO - Done. Returned value was: Whatever you return gets printed in the logs
[2024-10-19T00:01:43.017+0000] {taskinstance.py:340} INFO - ::group::Post task execution logs
[2024-10-19T00:01:43.023+0000] {taskinstance.py:352} INFO - Marking task as SUCCESS. dag_id=example_python_operator, task_id=print_the_context, run_id=manual__2024-10-18T23:59:57.208019+00:00, execution_date=20241018T235957, start_date=20241019T000141, end_date=20241019T000143
[2024-10-19T00:01:43.070+0000] {logging_mixin.py:190} INFO - Task instance in success state
[2024-10-19T00:01:43.073+0000] {logging_mixin.py:190} INFO -  Previous state of the Task instance: running
[2024-10-19T00:01:43.075+0000] {logging_mixin.py:190} INFO - Dag name:example_python_operator queued_at:2024-10-18 23:59:57.327093+00:00
[2024-10-19T00:01:43.076+0000] {logging_mixin.py:190} INFO - Task hostname:bba1a6f01f4d operator:PythonOperator
[2024-10-19T00:01:43.134+0000] {local_task_job_runner.py:266} INFO - Task exited with return code 0
[2024-10-19T00:01:43.266+0000] {taskinstance.py:3900} INFO - 2 downstream tasks scheduled from follow-on schedule check
[2024-10-19T00:01:43.285+0000] {local_task_job_runner.py:245} INFO - ::endgroup::
